<?xml version="1.0"?>
<!-- DOCTYPE chemistrydata SYSTEM "chemistrydata.dtd" -->
<chemistryset date="2010/04/12" time="08:40:52" release="4.1">
<gasphase>
<elements>
<element name="O"/>
<element name="H"/>
<element name="C"/>
<element name="N"/>
<element name="AR"/>
</elements>
<speciesset>
<species name="H2">
<thermodata species="H2" date="TPIS78" phase="G">
<atom name="H" number="     2"/>
<temperature> 2.0000000000000000E+002</temperature>
</thermodata>
</species>
<species name="CO2">
<thermodata species="CO2" date="L-7-88" phase="G">
<atom name="O" number="     2"/>
<atom name="C" number="     1"/>
<temperature> 2.0000000000000000E+002</temperature>
</thermodata>
</species>
<species name="CO">
<thermodata species="CO" date="TPIS79" phase="G">
<atom name="O" number="     1"/>
<atom name="C" number="     1"/>
<temperature> 2.0000000000000000E+002</temperature>
</thermodata>
</species>
<species name="CH4">
<thermodata species="CH4" date="L-8-88" phase="G">
<atom name="H" number="     4"/>
<atom name="C" number="     1"/>
<temperature> 2.0000000000000000E+002</temperature>
</thermodata>
</species>
<species name="C2H4">
<thermodata species="C2H4" date="L-1-91" phase="G">
<atom name="H" number="     4"/>
<atom name="C" number="     2"/>
<temperature> 2.0000000000000000E+002</temperature>
</thermodata>
</species>
<species name="C2H2">
<thermodata species="C2H2" date="L-1-91" phase="G">
<atom name="H" number="     2"/>
<atom name="C" number="     2"/>
<temperature> 2.0000000000000000E+002</temperature>
</thermodata>
</species>
<species name="C2H6">
<thermodata species="C2H6" date="L-8-88" phase="G">
<atom name="H" number="     6"/>
<atom name="C" number="     2"/>
<temperature> 2.0000000000000000E+002</temperature>
</thermodata>
</species>
<species name="C3H6">
<thermodata species="C3H6" date="" phase="G">
<atom name="H" number="     6"/>
<atom name="C" number="     3"/>
<temperature> 3.0000000000000000E+002</temperature>
</thermodata>
</species>
<species name="C3H8">
<thermodata species="C3H8" date="L-4-85" phase="G">
<atom name="H" number="     8"/>
<atom name="C" number="     3"/>
<temperature> 3.0000000000000000E+002</temperature>
</thermodata>
</species>
<species name="aC3H4">
<thermodata species="aC3H4" date="" phase="G">
<atom name="H" number="     4"/>
<atom name="C" number="     3"/>
<temperature> 3.0000000000000000E+002</temperature>
</thermodata>
</species>
<species name="pC3H4">
<thermodata species="pC3H4" date="" phase="G">
<atom name="H" number="     4"/>
<atom name="C" number="     3"/>
<temperature> 2.0000000000000000E+002</temperature>
</thermodata>
</species>
<species name="CH3OH">
<thermodata species="CH3OH" date="L-8-88" phase="G">
<atom name="O" number="     1"/>
<atom name="H" number="     4"/>
<atom name="C" number="     1"/>
<temperature> 2.0000000000000000E+002</temperature>
</thermodata>
</species>
<species name="C4H8-1">
<thermodata species="C4H8-1" date="" phase="G">
<atom name="H" number="     8"/>
<atom name="C" number="     4"/>
<temperature> 3.0000000000000000E+002</temperature>
</thermodata>
</species>
<species name="C4H6-13">
<thermodata species="C4H6-13" date="120189" phase="G">
<atom name="H" number="     6"/>
<atom name="C" number="     4"/>
<temperature> 3.0000000000000000E+002</temperature>
</thermodata>
</species>
<species name="nC4H10">
<thermodata species="nC4H10" date="" phase="G">
<atom name="H" number="    10"/>
<atom name="C" number="     4"/>
<temperature> 3.0000000000000000E+002</temperature>
</thermodata>
</species>
<species name="N2">
<thermodata species="N2" date="121286" phase="G">
<atom name="N" number="     2"/>
<temperature> 3.0000000000000000E+002</temperature>
</thermodata>
</species>
<species name="C2H5OH">
<thermodata species="C2H5OH" date="" phase="G">
<atom name="O" number="     1"/>
<atom name="H" number="     6"/>
<atom name="C" number="     2"/>
<temperature> 3.0000000000000000E+002</temperature>
</thermodata>
</species>
<species name="benzene">
<thermodata species="benzene" date="" phase="G">
<atom name="H" number="     6"/>
<atom name="C" number="     6"/>
<temperature> 3.0000000000000000E+002</temperature>
</thermodata>
</species>
<species name="nC4H10O">
<thermodata species="nC4H10O" date="" phase="G">
<atom name="O" number="     1"/>
<atom name="H" number="    10"/>
<atom name="C" number="     4"/>
<temperature> 3.0000000000000000E+002</temperature>
</thermodata>
</species>
<species name="C2H3">
<thermodata species="C2H3" date="L-2-92" phase="G">
<atom name="H" number="     3"/>
<atom name="C" number="     2"/>
<temperature> 2.0000000000000000E+002</temperature>
</thermodata>
</species>
<species name="CH2CO">
<thermodata species="CH2CO" date="L-5-90" phase="G">
<atom name="O" number="     1"/>
<atom name="H" number="     2"/>
<atom name="C" number="     2"/>
<temperature> 2.0000000000000000E+002</temperature>
</thermodata>
</species>
<species name="C2H4O">
<thermodata species="C2H4O" date="" phase="G">
<atom name="O" number="     1"/>
<atom name="H" number="     4"/>
<atom name="C" number="     2"/>
<temperature> 3.0000000000000000E+002</temperature>
</thermodata>
</species>
<species name="CH3CHO">
<thermodata species="CH3CHO" date="L-8-88" phase="G">
<atom name="O" number="     1"/>
<atom name="H" number="     4"/>
<atom name="C" number="     2"/>
<temperature> 2.0000000000000000E+002</temperature>
</thermodata>
</species>
<species name="H2O">
<thermodata species="H2O" date="L-8-89" phase="G">
<atom name="O" number="     1"/>
<atom name="H" number="     2"/>
<temperature> 2.0000000000000000E+002</temperature>
</thermodata>
</species>
<species name="nC4H8O">
<thermodata species="nC4H8O" date="" phase="G">
<atom name="O" number="     1"/>
<atom name="H" number="     8"/>
<atom name="C" number="     4"/>
<temperature> 3.0000000000000000E+002</temperature>
</thermodata>
</species>
<species name="C4H7OJ(8)">
<thermodata species="C4H7OJ(8)" date="" phase="G">
<atom name="O" number="     1"/>
<atom name="H" number="     7"/>
<atom name="C" number="     4"/>
<temperature> 3.0000000000000000E+002</temperature>
</thermodata>
</species>
<species name="C4H7OJ(12)">
<thermodata species="C4H7OJ(12)" date="" phase="G">
<atom name="O" number="     1"/>
<atom name="H" number="     7"/>
<atom name="C" number="     4"/>
<temperature> 3.0000000000000000E+002</temperature>
</thermodata>
</species>
<species name="C4H7OJ(13)">
<thermodata species="C4H7OJ(13)" date="" phase="G">
<atom name="O" number="     1"/>
<atom name="H" number="     7"/>
<atom name="C" number="     4"/>
<temperature> 3.0000000000000000E+002</temperature>
</thermodata>
</species>
<species name="C4H7OJ(16)">
<thermodata species="C4H7OJ(16)" date="" phase="G">
<atom name="O" number="     1"/>
<atom name="H" number="     7"/>
<atom name="C" number="     4"/>
<temperature> 3.0000000000000000E+002</temperature>
</thermodata>
</species>
<species name="CH2CHO">
<thermodata species="CH2CHO" date="SAND86" phase="G">
<atom name="O" number="     1"/>
<atom name="H" number="     3"/>
<atom name="C" number="     2"/>
<temperature> 3.0000000000000000E+002</temperature>
</thermodata>
</species>
<species name="C3H6O-enol2">
<thermodata species="C3H6O-enol2" date="" phase="G">
<atom name="O" number="     1"/>
<atom name="H" number="     6"/>
<atom name="C" number="     3"/>
<temperature> 3.0000000000000000E+002</temperature>
</thermodata>
</species>
<species name="C3H5O-enol2">
<thermodata species="C3H5O-enol2" date="" phase="G">
<atom name="O" number="     1"/>
<atom name="H" number="     5"/>
<atom name="C" number="     3"/>
<temperature> 3.0000000000000000E+002</temperature>
</thermodata>
</species>
<species name="CH2O">
<thermodata species="CH2O" date="L-8-88" phase="G">
<atom name="O" number="     1"/>
<atom name="H" number="     2"/>
<atom name="C" number="     1"/>
<temperature> 2.0000000000000000E+002</temperature>
</thermodata>
</species>
<species name="C4H8O-enol">
<thermodata species="C4H8O-enol" date="" phase="G">
<atom name="O" number="     1"/>
<atom name="H" number="     8"/>
<atom name="C" number="     4"/>
<temperature> 3.0000000000000000E+002</temperature>
</thermodata>
</species>
<species name="C4H8O-enol2">
<thermodata species="C4H8O-enol2" date="" phase="G">
<atom name="O" number="     1"/>
<atom name="H" number="     8"/>
<atom name="C" number="     4"/>
<temperature> 3.0000000000000000E+002</temperature>
</thermodata>
</species>
<species name="C4H8O-enol3">
<thermodata species="C4H8O-enol3" date="" phase="G">
<atom name="O" number="     1"/>
<atom name="H" number="     8"/>
<atom name="C" number="     4"/>
<temperature> 3.0000000000000000E+002</temperature>
</thermodata>
</species>
<species name="C4H9O-1">
<thermodata species="C4H9O-1" date="" phase="G">
<atom name="O" number="     1"/>
<atom name="H" number="     9"/>
<atom name="C" number="     4"/>
<temperature> 3.0000000000000000E+002</temperature>
</thermodata>
</species>
<species name="C4H9O-2">
<thermodata species="C4H9O-2" date="" phase="G">
<atom name="O" number="     1"/>
<atom name="H" number="     9"/>
<atom name="C" number="     4"/>
<temperature> 3.0000000000000000E+002</temperature>
</thermodata>
</species>
<species name="C4H9O-3">
<thermodata species="C4H9O-3" date="" phase="G">
<atom name="O" number="     1"/>
<atom name="H" number="     9"/>
<atom name="C" number="     4"/>
<temperature> 3.0000000000000000E+002</temperature>
</thermodata>
</species>
<species name="C4H9O-4">
<thermodata species="C4H9O-4" date="" phase="G">
<atom name="O" number="     1"/>
<atom name="H" number="     9"/>
<atom name="C" number="     4"/>
<temperature> 3.0000000000000000E+002</temperature>
</thermodata>
</species>
<species name="C4H9O-5">
<thermodata species="C4H9O-5" date="" phase="G">
<atom name="O" number="     1"/>
<atom name="H" number="     9"/>
<atom name="C" number="     4"/>
<temperature> 3.0000000000000000E+002</temperature>
</thermodata>
</species>
<species name="C3H7O-N1">
<thermodata species="C3H7O-N1" date="" phase="G">
<atom name="O" number="     1"/>
<atom name="H" number="     7"/>
<atom name="C" number="     3"/>
<temperature> 3.0000000000000000E+002</temperature>
</thermodata>
</species>
<species name="C3H5OJ(8)">
<thermodata species="C3H5OJ(8)" date="" phase="G">
<atom name="O" number="     1"/>
<atom name="H" number="     5"/>
<atom name="C" number="     3"/>
<temperature> 3.0000000000000000E+002</temperature>
</thermodata>
</species>
<species name="C3H5OJ(12)">
<thermodata species="C3H5OJ(12)" date="" phase="G">
<atom name="O" number="     1"/>
<atom name="H" number="     5"/>
<atom name="C" number="     3"/>
<temperature> 3.0000000000000000E+002</temperature>
</thermodata>
</species>
<species name="C3H5OJ(13)">
<thermodata species="C3H5OJ(13)" date="" phase="G">
<atom name="O" number="     1"/>
<atom name="H" number="     5"/>
<atom name="C" number="     3"/>
<temperature> 3.0000000000000000E+002</temperature>
</thermodata>
</species>
<species name="C3H6O">
<thermodata species="C3H6O" date="" phase="G">
<atom name="O" number="     1"/>
<atom name="H" number="     6"/>
<atom name="C" number="     3"/>
<temperature> 3.0000000000000000E+002</temperature>
</thermodata>
</species>
<species name="C2H5">
<thermodata species="C2H5" date="IU1-07" phase="G">
<atom name="H" number="     5"/>
<atom name="C" number="     2"/>
<temperature> 2.0000000000000000E+002</temperature>
</thermodata>
</species>
<species name="H">
<thermodata species="H" date="L-7-88" phase="G">
<atom name="H" number="     1"/>
<temperature> 2.0000000000000000E+002</temperature>
</thermodata>
</species>
<species name="O">
<thermodata species="O" date="L-1-90" phase="G">
<atom name="O" number="     1"/>
<temperature> 2.0000000000000000E+002</temperature>
</thermodata>
</species>
<species name="O2">
<thermodata species="O2" date="TPIS89" phase="G">
<atom name="O" number="     2"/>
<temperature> 2.0000000000000000E+002</temperature>
</thermodata>
</species>
<species name="OH">
<thermodata species="OH" date="RUS-78" phase="G">
<atom name="O" number="     1"/>
<atom name="H" number="     1"/>
<temperature> 2.0000000000000000E+002</temperature>
</thermodata>
</species>
<species name="HO2">
<thermodata species="HO2" date="L-5-89" phase="G">
<atom name="O" number="     2"/>
<atom name="H" number="     1"/>
<temperature> 2.0000000000000000E+002</temperature>
</thermodata>
</species>
<species name="H2O2">
<thermodata species="H2O2" date="L-7-88" phase="G">
<atom name="O" number="     2"/>
<atom name="H" number="     2"/>
<temperature> 2.0000000000000000E+002</temperature>
</thermodata>
</species>
<species name="C">
<thermodata species="C" date="L11-88" phase="G">
<atom name="C" number="     1"/>
<temperature> 2.0000000000000000E+002</temperature>
</thermodata>
</species>
<species name="CH">
<thermodata species="CH" date="TPIS79" phase="G">
<atom name="H" number="     1"/>
<atom name="C" number="     1"/>
<temperature> 2.0000000000000000E+002</temperature>
</thermodata>
</species>
<species name="CH2">
<thermodata species="CH2" date="L-S-93" phase="G">
<atom name="H" number="     2"/>
<atom name="C" number="     1"/>
<temperature> 2.0000000000000000E+002</temperature>
</thermodata>
</species>
<species name="CH2(S)">
<thermodata species="CH2(S)" date="L-S-93" phase="G">
<atom name="H" number="     2"/>
<atom name="C" number="     1"/>
<temperature> 2.0000000000000000E+002</temperature>
</thermodata>
</species>
<species name="CH3">
<thermodata species="CH3" date="" phase="G">
<atom name="H" number="     3"/>
<atom name="C" number="     1"/>
<temperature> 3.0000000000000000E+002</temperature>
</thermodata>
</species>
<species name="HCO">
<thermodata species="HCO" date="L12-89" phase="G">
<atom name="O" number="     1"/>
<atom name="H" number="     1"/>
<atom name="C" number="     1"/>
<temperature> 2.0000000000000000E+002</temperature>
</thermodata>
</species>
<species name="CH2OH">
<thermodata species="CH2OH" date="IU2-03" phase="G">
<atom name="O" number="     1"/>
<atom name="H" number="     3"/>
<atom name="C" number="     1"/>
<temperature> 2.0000000000000000E+002</temperature>
</thermodata>
</species>
<species name="CH3O">
<thermodata species="CH3O" date="IU1-03" phase="G">
<atom name="O" number="     1"/>
<atom name="H" number="     3"/>
<atom name="C" number="     1"/>
<temperature> 2.0000000000000000E+002</temperature>
</thermodata>
</species>
<species name="C2H">
<thermodata species="C2H" date="L-1-91" phase="G">
<atom name="H" number="     1"/>
<atom name="C" number="     2"/>
<temperature> 2.0000000000000000E+002</temperature>
</thermodata>
</species>
<species name="HCCO">
<thermodata species="HCCO" date="SRIC91" phase="G">
<atom name="O" number="     1"/>
<atom name="H" number="     1"/>
<atom name="C" number="     2"/>
<temperature> 3.0000000000000000E+002</temperature>
</thermodata>
</species>
<species name="HCCOH">
<thermodata species="HCCOH" date="-SRI91" phase="G">
<atom name="O" number="     1"/>
<atom name="H" number="     2"/>
<atom name="C" number="     2"/>
<temperature> 3.0000000000000000E+002</temperature>
</thermodata>
</species>
<species name="AR">
<thermodata species="AR" date="120186" phase="G">
<atom name="AR" number="     1"/>
<temperature> 3.0000000000000000E+002</temperature>
</thermodata>
</species>
<species name="C2O">
<thermodata species="C2O" date="121286" phase="G">
<atom name="O" number="     1"/>
<atom name="C" number="     2"/>
<temperature> 3.0000000000000000E+002</temperature>
</thermodata>
</species>
<species name="HOC2H4O2">
<thermodata species="HOC2H4O2" date="" phase="G">
<atom name="O" number="     3"/>
<atom name="H" number="     5"/>
<atom name="C" number="     2"/>
<temperature> 3.0000000000000000E+002</temperature>
</thermodata>
</species>
<species name="C3H2">
<thermodata species="C3H2" date="" phase="G">
<atom name="H" number="     2"/>
<atom name="C" number="     3"/>
<temperature> 3.0000000000000000E+002</temperature>
</thermodata>
</species>
<species name="pC3H3">
<thermodata species="pC3H3" date="" phase="G">
<atom name="H" number="     3"/>
<atom name="C" number="     3"/>
<temperature> 2.0000000000000000E+002</temperature>
</thermodata>
</species>
<species name="aC3H5">
<thermodata species="aC3H5" date="" phase="G">
<atom name="H" number="     5"/>
<atom name="C" number="     3"/>
<temperature> 3.0000000000000000E+002</temperature>
</thermodata>
</species>
<species name="pC3H5">
<thermodata species="pC3H5" date="" phase="G">
<atom name="H" number="     5"/>
<atom name="C" number="     3"/>
<temperature> 3.0000000000000000E+002</temperature>
</thermodata>
</species>
<species name="sC3H5">
<thermodata species="sC3H5" date="-82489" phase="G">
<atom name="H" number="     5"/>
<atom name="C" number="     3"/>
<temperature> 3.0000000000000000E+002</temperature>
</thermodata>
</species>
<species name="C3H7-1">
<thermodata species="C3H7-1" date="" phase="G">
<atom name="H" number="     7"/>
<atom name="C" number="     3"/>
<temperature> 2.0000000000000000E+002</temperature>
</thermodata>
</species>
<species name="C3H7-2">
<thermodata species="C3H7-2" date="" phase="G">
<atom name="H" number="     7"/>
<atom name="C" number="     3"/>
<temperature> 3.0000000000000000E+002</temperature>
</thermodata>
</species>
<species name="C2H5O-1">
<thermodata species="C2H5O-1" date="" phase="G">
<atom name="O" number="     1"/>
<atom name="H" number="     5"/>
<atom name="C" number="     2"/>
<temperature> 2.0000000000000000E+002</temperature>
</thermodata>
</species>
<species name="C2H5O-2">
<thermodata species="C2H5O-2" date="" phase="G">
<atom name="O" number="     1"/>
<atom name="H" number="     5"/>
<atom name="C" number="     2"/>
<temperature> 3.0000000000000000E+002</temperature>
</thermodata>
</species>
<species name="C2H5O-3">
<thermodata species="C2H5O-3" date="" phase="G">
<atom name="O" number="     1"/>
<atom name="H" number="     5"/>
<atom name="C" number="     2"/>
<temperature> 3.0000000000000000E+002</temperature>
</thermodata>
</species>
<species name="C3H4O-enone">
<thermodata species="C3H4O-enone" date="" phase="G">
<atom name="O" number="     1"/>
<atom name="H" number="     4"/>
<atom name="C" number="     3"/>
<temperature> 3.0000000000000000E+002</temperature>
</thermodata>
</species>
<species name="C3H4O">
<thermodata species="C3H4O" date="" phase="G">
<atom name="O" number="     1"/>
<atom name="H" number="     4"/>
<atom name="C" number="     3"/>
<temperature> 3.0000000000000000E+002</temperature>
</thermodata>
</species>
<species name="C4H7O-13">
<thermodata species="C4H7O-13" date="" phase="G">
<atom name="O" number="     1"/>
<atom name="H" number="     7"/>
<atom name="C" number="     4"/>
<temperature> 3.0000000000000000E+002</temperature>
</thermodata>
</species>
<species name="C4H2">
<thermodata species="C4H2" date="" phase="G">
<atom name="H" number="     2"/>
<atom name="C" number="     4"/>
<temperature> 3.0000000000000000E+002</temperature>
</thermodata>
</species>
<species name="iC4H3">
<thermodata species="iC4H3" date="" phase="G">
<atom name="H" number="     3"/>
<atom name="C" number="     4"/>
<temperature> 3.0000000000000000E+002</temperature>
</thermodata>
</species>
<species name="nC4H3">
<thermodata species="nC4H3" date="" phase="G">
<atom name="H" number="     3"/>
<atom name="C" number="     4"/>
<temperature> 3.0000000000000000E+002</temperature>
</thermodata>
</species>
<species name="C4H4">
<thermodata species="C4H4" date="" phase="G">
<atom name="H" number="     4"/>
<atom name="C" number="     4"/>
<temperature> 2.0000000000000000E+002</temperature>
</thermodata>
</species>
<species name="C4H5-113">
<thermodata species="C4H5-113" date="" phase="G">
<atom name="H" number="     5"/>
<atom name="C" number="     4"/>
<temperature> 2.0000000000000000E+002</temperature>
</thermodata>
</species>
<species name="nC4H5">
<thermodata species="nC4H5" date="" phase="G">
<atom name="H" number="     5"/>
<atom name="C" number="     4"/>
<temperature> 2.0000000000000000E+002</temperature>
</thermodata>
</species>
<species name="iC4H5">
<thermodata species="iC4H5" date="" phase="G">
<atom name="H" number="     5"/>
<atom name="C" number="     4"/>
<temperature> 2.0000000000000000E+002</temperature>
</thermodata>
</species>
<species name="C4H6-1">
<thermodata species="C4H6-1" date="" phase="G">
<atom name="H" number="     6"/>
<atom name="C" number="     4"/>
<temperature> 2.0000000000000000E+002</temperature>
</thermodata>
</species>
<species name="C4H6-12">
<thermodata species="C4H6-12" date="" phase="G">
<atom name="H" number="     6"/>
<atom name="C" number="     4"/>
<temperature> 3.0000000000000000E+002</temperature>
</thermodata>
</species>
<species name="C4H7-14">
<thermodata species="C4H7-14" date="" phase="G">
<atom name="H" number="     7"/>
<atom name="C" number="     4"/>
<temperature> 3.0000000000000000E+002</temperature>
</thermodata>
</species>
<species name="C4H7-11">
<thermodata species="C4H7-11" date="" phase="G">
<atom name="H" number="     7"/>
<atom name="C" number="     4"/>
<temperature> 2.0000000000000000E+002</temperature>
</thermodata>
</species>
<species name="C4H7-12">
<thermodata species="C4H7-12" date="" phase="G">
<atom name="H" number="     7"/>
<atom name="C" number="     4"/>
<temperature> 3.0000000000000000E+002</temperature>
</thermodata>
</species>
<species name="C4H7-24">
<thermodata species="C4H7-24" date="" phase="G">
<atom name="H" number="     7"/>
<atom name="C" number="     4"/>
<temperature> 3.0000000000000000E+002</temperature>
</thermodata>
</species>
<species name="C4H9-1">
<thermodata species="C4H9-1" date="" phase="G">
<atom name="H" number="     9"/>
<atom name="C" number="     4"/>
<temperature> 3.0000000000000000E+002</temperature>
</thermodata>
</species>
<species name="C4H9-2">
<thermodata species="C4H9-2" date="" phase="G">
<atom name="H" number="     9"/>
<atom name="C" number="     4"/>
<temperature> 3.0000000000000000E+002</temperature>
</thermodata>
</species>
<species name="C2H3O-1">
<thermodata species="C2H3O-1" date="" phase="G">
<atom name="O" number="     1"/>
<atom name="H" number="     3"/>
<atom name="C" number="     2"/>
<temperature> 3.0000000000000000E+002</temperature>
</thermodata>
</species>
<species name="C2H3O-2">
<thermodata species="C2H3O-2" date="" phase="G">
<atom name="O" number="     1"/>
<atom name="H" number="     3"/>
<atom name="C" number="     2"/>
<temperature> 3.0000000000000000E+002</temperature>
</thermodata>
</species>
<species name="C6H4">
<thermodata species="C6H4" date="" phase="G">
<atom name="H" number="     4"/>
<atom name="C" number="     6"/>
<temperature> 3.0000000000000000E+002</temperature>
</thermodata>
</species>
<species name="C6H5">
<thermodata species="C6H5" date="" phase="G">
<atom name="H" number="     5"/>
<atom name="C" number="     6"/>
<temperature> 3.0000000000000000E+002</temperature>
</thermodata>
</species>
<species name="C4H6-2">
<thermodata species="C4H6-2" date="" phase="G">
<atom name="H" number="     6"/>
<atom name="C" number="     4"/>
<temperature> 3.0000000000000000E+002</temperature>
</thermodata>
</species>
<species name="C4H7-22">
<thermodata species="C4H7-22" date="" phase="G">
<atom name="H" number="     7"/>
<atom name="C" number="     4"/>
<temperature> 3.0000000000000000E+002</temperature>
</thermodata>
</species>
<species name="CH3CO">
<thermodata species="CH3CO" date="" phase="G">
<atom name="O" number="     1"/>
<atom name="H" number="     3"/>
<atom name="C" number="     2"/>
<temperature> 3.0000000000000000E+002</temperature>
</thermodata>
</species>
<species name="C6H10">
<thermodata species="C6H10" date="" phase="G">
<atom name="H" number="    10"/>
<atom name="C" number="     6"/>
<temperature> 3.0000000000000000E+002</temperature>
</thermodata>
</species>
<species name="C6H9_1_2_5">
<thermodata species="C6H9_1_2_5" date="" phase="G">
<atom name="H" number="     9"/>
<atom name="C" number="     6"/>
<temperature> 3.0000000000000000E+002</temperature>
</thermodata>
</species>
<species name="C6H9_CYC_1_3">
<thermodata species="C6H9_CYC_1_3" date="" phase="G">
<atom name="H" number="     9"/>
<atom name="C" number="     6"/>
<temperature> 3.0000000000000000E+002</temperature>
</thermodata>
</species>
<species name="C6H8_CYC_1_4">
<thermodata species="C6H8_CYC_1_4" date="" phase="G">
<atom name="H" number="     8"/>
<atom name="C" number="     6"/>
<temperature> 3.0000000000000000E+002</temperature>
</thermodata>
</species>
<species name="C6H7_CYC_1_2">
<thermodata species="C6H7_CYC_1_2" date="" phase="G">
<atom name="H" number="     7"/>
<atom name="C" number="     6"/>
<temperature> 3.0000000000000000E+002</temperature>
</thermodata>
</species>
<species name="C6H10_CYC">
<thermodata species="C6H10_CYC" date="" phase="G">
<atom name="H" number="    10"/>
<atom name="C" number="     6"/>
<temperature> 3.0000000000000000E+002</temperature>
</thermodata>
</species>
<species name="C7H9">
<thermodata species="C7H9" date="" phase="G">
<atom name="H" number="     9"/>
<atom name="C" number="     7"/>
<temperature> 3.0000000000000000E+002</temperature>
</thermodata>
</species>
<species name="C8H8">
<thermodata species="C8H8" date="P-4-89" phase="G">
<atom name="H" number="     8"/>
<atom name="C" number="     8"/>
<temperature> 2.0000000000000000E+002</temperature>
</thermodata>
</species>
<species name="C8H9">
<thermodata species="C8H9" date="A11-04" phase="G">
<atom name="H" number="     9"/>
<atom name="C" number="     8"/>
<temperature> 2.0000000000000000E+002</temperature>
</thermodata>
</species>
<species name="C7H8">
<thermodata species="C7H8" date="g-1-93" phase="G">
<atom name="H" number="     8"/>
<atom name="C" number="     7"/>
<temperature> 2.0000000000000000E+002</temperature>
</thermodata>
</species>
<species name="C3H7O2">
<thermodata species="C3H7O2" date="" phase="G">
<atom name="O" number="     2"/>
<atom name="H" number="     7"/>
<atom name="C" number="     3"/>
<temperature> 3.0000000000000000E+002</temperature>
</thermodata>
</species>
<species name="CH2CH2CH2OOH">
<thermodata species="CH2CH2CH2OOH" date="" phase="G">
<atom name="O" number="     2"/>
<atom name="H" number="     7"/>
<atom name="C" number="     3"/>
<temperature> 3.0000000000000000E+002</temperature>
</thermodata>
</species>
<species name="aC3H5O2">
<thermodata species="aC3H5O2" date="" phase="G">
<atom name="O" number="     2"/>
<atom name="H" number="     5"/>
<atom name="C" number="     3"/>
<temperature> 3.0000000000000000E+002</temperature>
</thermodata>
</species>
<species name="nSPC(301)">
<thermodata species="nSPC(301)" date="" phase="G">
<atom name="O" number="     3"/>
<atom name="H" number="     9"/>
<atom name="C" number="     4"/>
<temperature> 3.0000000000000000E+002</temperature>
</thermodata>
</species>
<species name="nSPC(351)">
<thermodata species="nSPC(351)" date="" phase="G">
<atom name="O" number="     3"/>
<atom name="H" number="     9"/>
<atom name="C" number="     4"/>
<temperature> 3.0000000000000000E+002</temperature>
</thermodata>
</species>
<species name="nSPC(385)">
<thermodata species="nSPC(385)" date="" phase="G">
<atom name="O" number="     3"/>
<atom name="H" number="     8"/>
<atom name="C" number="     4"/>
<temperature> 3.0000000000000000E+002</temperature>
</thermodata>
</species>
<species name="nSPC(447)">
<thermodata species="nSPC(447)" date="" phase="G">
<atom name="O" number="     2"/>
<atom name="H" number="     7"/>
<atom name="C" number="     4"/>
<temperature> 3.0000000000000000E+002</temperature>
</thermodata>
</species>
<species name="nSPC(543)">
<thermodata species="nSPC(543)" date="" phase="G">
<atom name="O" number="     3"/>
<atom name="H" number="     3"/>
<atom name="C" number="     2"/>
<temperature> 3.0000000000000000E+002</temperature>
</thermodata>
</species>
<species name="nSPC(801)">
<thermodata species="nSPC(801)" date="" phase="G">
<atom name="O" number="     3"/>
<atom name="H" number="     3"/>
<atom name="C" number="     2"/>
<temperature> 3.0000000000000000E+002</temperature>
</thermodata>
</species>
<species name="nSPC(879)">
<thermodata species="nSPC(879)" date="" phase="G">
<atom name="O" number="     5"/>
<atom name="H" number="     3"/>
<atom name="C" number="     2"/>
<temperature> 3.0000000000000000E+002</temperature>
</thermodata>
</species>
<species name="nSPC(1064)">
<thermodata species="nSPC(1064)" date="" phase="G">
<atom name="O" number="     4"/>
<atom name="H" number="     2"/>
<atom name="C" number="     2"/>
<temperature> 3.0000000000000000E+002</temperature>
</thermodata>
</species>
<species name="nSPC(102)">
<thermodata species="nSPC(102)" date="" phase="G">
<atom name="O" number="     2"/>
<atom name="H" number="     2"/>
<atom name="C" number="     1"/>
<temperature> 3.0000000000000000E+002</temperature>
</thermodata>
</species>
<species name="C4H8-2">
<thermodata species="C4H8-2" date="" phase="G">
<atom name="H" number="     8"/>
<atom name="C" number="     4"/>
<temperature> 3.0000000000000000E+002</temperature>
</thermodata>
</species>
<species name="C3H3O-enone">
<thermodata species="C3H3O-enone" date="" phase="G">
<atom name="O" number="     1"/>
<atom name="H" number="     3"/>
<atom name="C" number="     3"/>
<temperature> 3.0000000000000000E+002</temperature>
</thermodata>
</species>
<species name="FULVENE">
<thermodata species="FULVENE" date="NOVC-F" phase="G">
<atom name="H" number="     6"/>
<atom name="C" number="     6"/>
<temperature> 3.0000000000000000E+002</temperature>
</thermodata>
</species>
<species name="C6H5O">
<thermodata species="C6H5O" date="" phase="G">
<atom name="O" number="     1"/>
<atom name="H" number="     5"/>
<atom name="C" number="     6"/>
<temperature> 3.0000000000000000E+002</temperature>
</thermodata>
</species>
<species name="C5H5">
<thermodata species="C5H5" date="" phase="G">
<atom name="H" number="     5"/>
<atom name="C" number="     5"/>
<temperature> 3.0000000000000000E+002</temperature>
</thermodata>
</species>
<species name="C6H5OH">
<thermodata species="C6H5OH" date="-82489" phase="G">
<atom name="O" number="     1"/>
<atom name="H" number="     6"/>
<atom name="C" number="     6"/>
<temperature> 3.0000000000000000E+002</temperature>
</thermodata>
</species>
<species name="cyC5H6">
<thermodata species="cyC5H6" date="" phase="G">
<atom name="H" number="     6"/>
<atom name="C" number="     5"/>
<temperature> 3.0000000000000000E+002</temperature>
</thermodata>
</species>
<species name="C5H5CH3_1">
<thermodata species="C5H5CH3_1" date="" phase="G">
<atom name="H" number="     8"/>
<atom name="C" number="     6"/>
<temperature> 3.0000000000000000E+002</temperature>
</thermodata>
</species>
<species name="C5H5CH3_2">
<thermodata species="C5H5CH3_2" date="" phase="G">
<atom name="H" number="     8"/>
<atom name="C" number="     6"/>
<temperature> 3.0000000000000000E+002</temperature>
</thermodata>
</species>
<species name="C5H5CH3_3">
<thermodata species="C5H5CH3_3" date="" phase="G">
<atom name="H" number="     8"/>
<atom name="C" number="     6"/>
<temperature> 3.0000000000000000E+002</temperature>
</thermodata>
</species>
<species name="C8H6">
<thermodata species="C8H6" date="" phase="G">
<atom name="H" number="     6"/>
<atom name="C" number="     8"/>
<temperature> 3.0000000000000000E+002</temperature>
</thermodata>
</species>
<species name="C6H5CH2">
<thermodata species="C6H5CH2" date="-1990" phase="G">
<atom name="H" number="     7"/>
<atom name="C" number="     7"/>
<temperature> 3.0000000000000000E+002</temperature>
</thermodata>
</species>
<species name="C6H5CCH2">
<thermodata species="C6H5CCH2" date="" phase="G">
<atom name="H" number="     7"/>
<atom name="C" number="     8"/>
<temperature> 3.0000000000000000E+002</temperature>
</thermodata>
</species>
<species name="C5H4CH3">
<thermodata species="C5H4CH3" date="" phase="G">
<atom name="H" number="     7"/>
<atom name="C" number="     6"/>
<temperature> 3.0000000000000000E+002</temperature>
</thermodata>
</species>
<species name="C5H5CH2-1">
<thermodata species="C5H5CH2-1" date="" phase="G">
<atom name="H" number="     7"/>
<atom name="C" number="     6"/>
<temperature> 3.0000000000000000E+002</temperature>
</thermodata>
</species>
<species name="C5H5CH2-2">
<thermodata species="C5H5CH2-2" date="" phase="G">
<atom name="H" number="     7"/>
<atom name="C" number="     6"/>
<temperature> 3.0000000000000000E+002</temperature>
</thermodata>
</species>
<species name="C5H5CH2-3">
<thermodata species="C5H5CH2-3" date="" phase="G">
<atom name="H" number="     7"/>
<atom name="C" number="     6"/>
<temperature> 3.0000000000000000E+002</temperature>
</thermodata>
</species>
<species name="ME2CYBE">
<thermodata species="ME2CYBE" date="" phase="G">
<atom name="H" number="     6"/>
<atom name="C" number="     6"/>
<temperature> 3.0000000000000000E+002</temperature>
</thermodata>
</species>
<species name="c5h4chchch2">
<thermodata species="c5h4chchch2" date="" phase="G">
<atom name="H" number="     8"/>
<atom name="C" number="     8"/>
<temperature> 3.0000000000000000E+002</temperature>
</thermodata>
</species>
<species name="C#CCCC#C">
<thermodata species="C#CCCC#C" date="" phase="G">
<atom name="H" number="     6"/>
<atom name="C" number="     6"/>
<temperature> 3.0000000000000000E+002</temperature>
</thermodata>
</species>
<species name="C*C*CC*C*C">
<thermodata species="C*C*CC*C*C" date="" phase="G">
<atom name="H" number="     6"/>
<atom name="C" number="     6"/>
<temperature> 3.0000000000000000E+002</temperature>
</thermodata>
</species>
<species name="CH3CCCH2">
<thermodata species="CH3CCCH2" date="" phase="G">
<atom name="H" number="     5"/>
<atom name="C" number="     4"/>
<temperature> 3.0000000000000000E+002</temperature>
</thermodata>
</species>
<species name="C4H4-123">
<thermodata species="C4H4-123" date="-82489" phase="G">
<atom name="H" number="     4"/>
<atom name="C" number="     4"/>
<temperature> 3.0000000000000000E+002</temperature>
</thermodata>
</species>
<species name="C5H10_1">
<thermodata species="C5H10_1" date="" phase="G">
<atom name="H" number="    10"/>
<atom name="C" number="     5"/>
<temperature> 3.0000000000000000E+002</temperature>
</thermodata>
</species>
<species name="C5H9_1_4">
<thermodata species="C5H9_1_4" date="" phase="G">
<atom name="H" number="     9"/>
<atom name="C" number="     5"/>
<temperature> 3.0000000000000000E+002</temperature>
</thermodata>
</species>
<species name="C5H8_CYC_1">
<thermodata species="C5H8_CYC_1" date="" phase="G">
<atom name="H" number="     8"/>
<atom name="C" number="     5"/>
<temperature> 3.0000000000000000E+002</temperature>
</thermodata>
</species>
<species name="C5H9_CYC">
<thermodata species="C5H9_CYC" date="" phase="G">
<atom name="H" number="     9"/>
<atom name="C" number="     5"/>
<temperature> 3.0000000000000000E+002</temperature>
</thermodata>
</species>
<species name="C5H7_CYC_1_2">
<thermodata species="C5H7_CYC_1_2" date="" phase="G">
<atom name="H" number="     7"/>
<atom name="C" number="     5"/>
<temperature> 3.0000000000000000E+002</temperature>
</thermodata>
</species>
<species name="C4H7O_1_2">
<thermodata species="C4H7O_1_2" date="" phase="G">
<atom name="O" number="     1"/>
<atom name="H" number="     7"/>
<atom name="C" number="     4"/>
<temperature> 3.0000000000000000E+002</temperature>
</thermodata>
</species>
<species name="sBuOH">
<thermodata species="sBuOH" date="" phase="G">
<atom name="O" number="     1"/>
<atom name="H" number="    10"/>
<atom name="C" number="     4"/>
<temperature> 3.0000000000000000E+002</temperature>
</thermodata>
</species>
<species name="CH3C[OH]C2H5">
<thermodata species="CH3C[OH]C2H5" date="" phase="G">
<atom name="O" number="     1"/>
<atom name="H" number="     9"/>
<atom name="C" number="     4"/>
<temperature> 3.0000000000000000E+002</temperature>
</thermodata>
</species>
<species name="CH3CH[OH]CHCH3">
<thermodata species="CH3CH[OH]CHCH3" date="" phase="G">
<atom name="O" number="     1"/>
<atom name="H" number="     9"/>
<atom name="C" number="     4"/>
<temperature> 3.0000000000000000E+002</temperature>
</thermodata>
</species>
<species name="CH3CH[O]C2H5">
<thermodata species="CH3CH[O]C2H5" date="" phase="G">
<atom name="O" number="     1"/>
<atom name="H" number="     9"/>
<atom name="C" number="     4"/>
<temperature> 3.0000000000000000E+002</temperature>
</thermodata>
</species>
<species name="CH2CH[OH]C2H5">
<thermodata species="CH2CH[OH]C2H5" date="" phase="G">
<atom name="O" number="     1"/>
<atom name="H" number="     9"/>
<atom name="C" number="     4"/>
<temperature> 3.0000000000000000E+002</temperature>
</thermodata>
</species>
<species name="CH3CH[OH]CH2CH2">
<thermodata species="CH3CH[OH]CH2CH2" date="" phase="G">
<atom name="O" number="     1"/>
<atom name="H" number="     9"/>
<atom name="C" number="     4"/>
<temperature> 3.0000000000000000E+002</temperature>
</thermodata>
</species>
<species name="CH3CH[OH]CH2">
<thermodata species="CH3CH[OH]CH2" date="" phase="G">
<atom name="O" number="     1"/>
<atom name="H" number="     7"/>
<atom name="C" number="     3"/>
<temperature> 3.0000000000000000E+002</temperature>
</thermodata>
</species>
<species name="HOCHC2H5">
<thermodata species="HOCHC2H5" date="" phase="G">
<atom name="O" number="     1"/>
<atom name="H" number="     7"/>
<atom name="C" number="     3"/>
<temperature> 3.0000000000000000E+002</temperature>
</thermodata>
</species>
<species name="H2CCCH3[OH]">
<thermodata species="H2CCCH3[OH]" date="" phase="G">
<atom name="O" number="     1"/>
<atom name="H" number="     6"/>
<atom name="C" number="     3"/>
<temperature> 3.0000000000000000E+002</temperature>
</thermodata>
</species>
<species name="CH3CH-O-CH3">
<thermodata species="CH3CH-O-CH3" date="" phase="G">
<atom name="O" number="     1"/>
<atom name="H" number="     7"/>
<atom name="C" number="     3"/>
<temperature> 3.0000000000000000E+002</temperature>
</thermodata>
</species>
<species name="CH3C[OH]CH3">
<thermodata species="CH3C[OH]CH3" date="" phase="G">
<atom name="O" number="     1"/>
<atom name="H" number="     7"/>
<atom name="C" number="     3"/>
<temperature> 3.0000000000000000E+002</temperature>
</thermodata>
</species>
<species name="acetone">
<thermodata species="acetone" date="" phase="G">
<atom name="O" number="     1"/>
<atom name="H" number="     6"/>
<atom name="C" number="     3"/>
<temperature> 3.0000000000000000E+002</temperature>
</thermodata>
</species>
<species name="C2H5CHCHCH2">
<thermodata species="C2H5CHCHCH2" date="" phase="G">
<atom name="H" number="     9"/>
<atom name="C" number="     5"/>
<temperature> 3.0000000000000000E+002</temperature>
</thermodata>
</species>
<species name="CH2C[OH]CH2">
<thermodata species="CH2C[OH]CH2" date="" phase="G">
<atom name="O" number="     1"/>
<atom name="H" number="     5"/>
<atom name="C" number="     3"/>
<temperature> 3.0000000000000000E+002</temperature>
</thermodata>
</species>
<species name="CH2C[O]CH3">
<thermodata species="CH2C[O]CH3" date="" phase="G">
<atom name="O" number="     1"/>
<atom name="H" number="     5"/>
<atom name="C" number="     3"/>
<temperature> 3.0000000000000000E+002</temperature>
</thermodata>
</species>
<species name="CH3-O-C(CH3)2">
<thermodata species="CH3-O-C(CH3)2" date="" phase="G">
<atom name="O" number="     1"/>
<atom name="H" number="     9"/>
<atom name="C" number="     4"/>
<temperature> 3.0000000000000000E+002</temperature>
</thermodata>
</species>
<species name="C3H6O-enol">
<thermodata species="C3H6O-enol" date="" phase="G">
<atom name="O" number="     1"/>
<atom name="H" number="     6"/>
<atom name="C" number="     3"/>
<temperature> 3.0000000000000000E+002</temperature>
</thermodata>
</species>
<species name="MEK">
<thermodata species="MEK" date="" phase="G">
<atom name="O" number="     1"/>
<atom name="H" number="     8"/>
<atom name="C" number="     4"/>
<temperature> 3.0000000000000000E+002</temperature>
</thermodata>
</species>
<species name="sC4H8O">
<thermodata species="sC4H8O" date="" phase="G">
<atom name="O" number="     1"/>
<atom name="H" number="     8"/>
<atom name="C" number="     4"/>
<temperature> 3.0000000000000000E+002</temperature>
</thermodata>
</species>
<species name="C4H6O(717)">
<thermodata species="C4H6O(717)" date="" phase="G">
<atom name="O" number="     1"/>
<atom name="H" number="     6"/>
<atom name="C" number="     4"/>
<temperature> 3.0000000000000000E+002</temperature>
</thermodata>
</species>
<species name="cH2C[O]C2H5">
<thermodata species="cH2C[O]C2H5" date="" phase="G">
<atom name="O" number="     1"/>
<atom name="H" number="     7"/>
<atom name="C" number="     4"/>
<temperature> 3.0000000000000000E+002</temperature>
</thermodata>
</species>
<species name="CH3C[O]cHCH3">
<thermodata species="CH3C[O]cHCH3" date="" phase="G">
<atom name="O" number="     1"/>
<atom name="H" number="     7"/>
<atom name="C" number="     4"/>
<temperature> 3.0000000000000000E+002</temperature>
</thermodata>
</species>
<species name="CH3C[O]CH2cH2">
<thermodata species="CH3C[O]CH2cH2" date="" phase="G">
<atom name="O" number="     1"/>
<atom name="H" number="     7"/>
<atom name="C" number="     4"/>
<temperature> 3.0000000000000000E+002</temperature>
</thermodata>
</species>
<species name="MEKenol2">
<thermodata species="MEKenol2" date="" phase="G">
<atom name="O" number="     1"/>
<atom name="H" number="     8"/>
<atom name="C" number="     4"/>
<temperature> 3.0000000000000000E+002</temperature>
</thermodata>
</species>
<species name="CH2C[OH]cHCH3">
<thermodata species="CH2C[OH]cHCH3" date="" phase="G">
<atom name="O" number="     1"/>
<atom name="H" number="     7"/>
<atom name="C" number="     4"/>
<temperature> 3.0000000000000000E+002</temperature>
</thermodata>
</species>
<species name="CH2C[OH]CH2cH2">
<thermodata species="CH2C[OH]CH2cH2" date="" phase="G">
<atom name="O" number="     1"/>
<atom name="H" number="     7"/>
<atom name="C" number="     4"/>
<temperature> 3.0000000000000000E+002</temperature>
</thermodata>
</species>
<species name="cHC[OH]C2H5">
<thermodata species="cHC[OH]C2H5" date="" phase="G">
<atom name="O" number="     1"/>
<atom name="H" number="     7"/>
<atom name="C" number="     4"/>
<temperature> 3.0000000000000000E+002</temperature>
</thermodata>
</species>
<species name="MEKenol">
<thermodata species="MEKenol" date="" phase="G">
<atom name="O" number="     1"/>
<atom name="H" number="     8"/>
<atom name="C" number="     4"/>
<temperature> 3.0000000000000000E+002</temperature>
</thermodata>
</species>
<species name="CH3CHcOH">
<thermodata species="CH3CHcOH" date="" phase="G">
<atom name="O" number="     1"/>
<atom name="H" number="     5"/>
<atom name="C" number="     3"/>
<temperature> 3.0000000000000000E+002</temperature>
</thermodata>
</species>
<species name="CH3C[OH]cH">
<thermodata species="CH3C[OH]cH" date="" phase="G">
<atom name="O" number="     1"/>
<atom name="H" number="     5"/>
<atom name="C" number="     3"/>
<temperature> 3.0000000000000000E+002</temperature>
</thermodata>
</species>
<species name="CH3C[OH]cCH3">
<thermodata species="CH3C[OH]cCH3" date="" phase="G">
<atom name="O" number="     1"/>
<atom name="H" number="     7"/>
<atom name="C" number="     4"/>
<temperature> 3.0000000000000000E+002</temperature>
</thermodata>
</species>
<species name="CH3C[OH]CHcH2">
<thermodata species="CH3C[OH]CHcH2" date="" phase="G">
<atom name="O" number="     1"/>
<atom name="H" number="     7"/>
<atom name="C" number="     4"/>
<temperature> 3.0000000000000000E+002</temperature>
</thermodata>
</species>
<species name="cH2CH[OH]C2H3">
<thermodata species="cH2CH[OH]C2H3" date="" phase="G">
<atom name="O" number="     1"/>
<atom name="H" number="     7"/>
<atom name="C" number="     4"/>
<temperature> 3.0000000000000000E+002</temperature>
</thermodata>
</species>
<species name="CH3CH[OH]cCH2">
<thermodata species="CH3CH[OH]cCH2" date="" phase="G">
<atom name="O" number="     1"/>
<atom name="H" number="     7"/>
<atom name="C" number="     4"/>
<temperature> 3.0000000000000000E+002</temperature>
</thermodata>
</species>
<species name="CH3CH[OH]CHcH">
<thermodata species="CH3CH[OH]CHcH" date="" phase="G">
<atom name="O" number="     1"/>
<atom name="H" number="     7"/>
<atom name="C" number="     4"/>
<temperature> 3.0000000000000000E+002</temperature>
</thermodata>
</species>
<species name="CH3CH[o]C2H3">
<thermodata species="CH3CH[o]C2H3" date="" phase="G">
<atom name="O" number="     1"/>
<atom name="H" number="     7"/>
<atom name="C" number="     4"/>
<temperature> 3.0000000000000000E+002</temperature>
</thermodata>
</species>
<species name="tBuOH">
<thermodata species="tBuOH" date="" phase="G">
<atom name="O" number="     1"/>
<atom name="H" number="    10"/>
<atom name="C" number="     4"/>
<temperature> 3.0000000000000000E+002</temperature>
</thermodata>
</species>
<species name="iC4H8">
<thermodata species="iC4H8" date="" phase="G">
<atom name="H" number="     8"/>
<atom name="C" number="     4"/>
<temperature> 3.0000000000000000E+002</temperature>
</thermodata>
</species>
<species name="HOC[CH2][CH3]2">
<thermodata species="HOC[CH2][CH3]2" date="" phase="G">
<atom name="O" number="     1"/>
<atom name="H" number="     9"/>
<atom name="C" number="     4"/>
<temperature> 3.0000000000000000E+002</temperature>
</thermodata>
</species>
<species name="OC[CH3]3">
<thermodata species="OC[CH3]3" date="" phase="G">
<atom name="O" number="     1"/>
<atom name="H" number="     9"/>
<atom name="C" number="     4"/>
<temperature> 3.0000000000000000E+002</temperature>
</thermodata>
</species>
<species name="iC4H7">
<thermodata species="iC4H7" date="" phase="G">
<atom name="H" number="     7"/>
<atom name="C" number="     4"/>
<temperature> 3.0000000000000000E+002</temperature>
</thermodata>
</species>
<species name="HCC[CH3]2">
<thermodata species="HCC[CH3]2" date="" phase="G">
<atom name="H" number="     7"/>
<atom name="C" number="     4"/>
<temperature> 3.0000000000000000E+002</temperature>
</thermodata>
</species>
<species name="tC4H9">
<thermodata species="tC4H9" date="" phase="G">
<atom name="H" number="     9"/>
<atom name="C" number="     4"/>
<temperature> 3.0000000000000000E+002</temperature>
</thermodata>
</species>
<species name="iC4H9">
<thermodata species="iC4H9" date="" phase="G">
<atom name="H" number="     9"/>
<atom name="C" number="     4"/>
<temperature> 3.0000000000000000E+002</temperature>
</thermodata>
</species>
<species name="iC4H10">
<thermodata species="iC4H10" date="" phase="G">
<atom name="H" number="    10"/>
<atom name="C" number="     4"/>
<temperature> 3.0000000000000000E+002</temperature>
</thermodata>
</species>
<species name="sSPC(116)">
<thermodata species="sSPC(116)" date="" phase="G">
<atom name="O" number="     3"/>
<atom name="H" number="     9"/>
<atom name="C" number="     4"/>
<temperature> 3.0000000000000000E+002</temperature>
</thermodata>
</species>
<species name="sSPC(46)">
<thermodata species="sSPC(46)" date="" phase="G">
<atom name="O" number="     2"/>
<atom name="H" number="     7"/>
<atom name="C" number="     4"/>
<temperature> 3.0000000000000000E+002</temperature>
</thermodata>
</species>
<species name="sSPC(56)">
<thermodata species="sSPC(56)" date="" phase="G">
<atom name="O" number="     2"/>
<atom name="H" number="     7"/>
<atom name="C" number="     4"/>
<temperature> 3.0000000000000000E+002</temperature>
</thermodata>
</species>
<species name="sSPC(752)">
<thermodata species="sSPC(752)" date="" phase="G">
<atom name="O" number="     3"/>
<atom name="H" number="     7"/>
<atom name="C" number="     4"/>
<temperature> 3.0000000000000000E+002</temperature>
</thermodata>
</species>
<species name="sSPC(332)">
<thermodata species="sSPC(332)" date="" phase="G">
<atom name="O" number="     3"/>
<atom name="H" number="     9"/>
<atom name="C" number="     4"/>
<temperature> 3.0000000000000000E+002</temperature>
</thermodata>
</species>
<species name="sSPC(1013)">
<thermodata species="sSPC(1013)" date="" phase="G">
<atom name="O" number="     3"/>
<atom name="H" number="     9"/>
<atom name="C" number="     4"/>
<temperature> 3.0000000000000000E+002</temperature>
</thermodata>
</species>
<species name="sSPC(1072)">
<thermodata species="sSPC(1072)" date="" phase="G">
<atom name="O" number="     3"/>
<atom name="H" number="     8"/>
<atom name="C" number="     4"/>
<temperature> 3.0000000000000000E+002</temperature>
</thermodata>
</species>
<species name="sSPC(1151)">
<thermodata species="sSPC(1151)" date="" phase="G">
<atom name="O" number="     2"/>
<atom name="H" number="     7"/>
<atom name="C" number="     4"/>
<temperature> 3.0000000000000000E+002</temperature>
</thermodata>
</species>
<species name="sSPC(1356)">
<thermodata species="sSPC(1356)" date="" phase="G">
<atom name="O" number="     3"/>
<atom name="H" number="     5"/>
<atom name="C" number="     3"/>
<temperature> 3.0000000000000000E+002</temperature>
</thermodata>
</species>
<species name="sSPC(1697)">
<thermodata species="sSPC(1697)" date="" phase="G">
<atom name="O" number="     2"/>
<atom name="H" number="     3"/>
<atom name="C" number="     1"/>
<temperature> 3.0000000000000000E+002</temperature>
</thermodata>
</species>
<species name="sSPC(1735)">
<thermodata species="sSPC(1735)" date="" phase="G">
<atom name="O" number="     2"/>
<atom name="H" number="     4"/>
<atom name="C" number="     1"/>
<temperature> 3.0000000000000000E+002</temperature>
</thermodata>
</species>
<species name="sSPC(1909)">
<thermodata species="sSPC(1909)" date="" phase="G">
<atom name="O" number="     2"/>
<atom name="H" number="     2"/>
<atom name="C" number="     2"/>
<temperature> 3.0000000000000000E+002</temperature>
</thermodata>
</species>
<species name="sSPC(3071)">
<thermodata species="sSPC(3071)" date="" phase="G">
<atom name="O" number="     3"/>
<atom name="H" number="     1"/>
<atom name="C" number="     1"/>
<temperature> 3.0000000000000000E+002</temperature>
</thermodata>
</species>
<species name="sSPC(3121)">
<thermodata species="sSPC(3121)" date="" phase="G">
<atom name="O" number="     3"/>
<atom name="H" number="     2"/>
<atom name="C" number="     1"/>
<temperature> 3.0000000000000000E+002</temperature>
</thermodata>
</species>
<species name="sSPC(2810)">
<thermodata species="sSPC(2810)" date="" phase="G">
<atom name="O" number="     2"/>
<atom name="H" number="     1"/>
<atom name="C" number="     1"/>
<temperature> 3.0000000000000000E+002</temperature>
</thermodata>
</species>
<species name="sSPC(1474)">
<thermodata species="sSPC(1474)" date="" phase="G">
<atom name="O" number="     3"/>
<atom name="H" number="     6"/>
<atom name="C" number="     3"/>
<temperature> 3.0000000000000000E+002</temperature>
</thermodata>
</species>
<species name="sSPC(1590)">
<thermodata species="sSPC(1590)" date="" phase="G">
<atom name="O" number="     2"/>
<atom name="H" number="     5"/>
<atom name="C" number="     3"/>
<temperature> 3.0000000000000000E+002</temperature>
</thermodata>
</species>
<species name="tSPC(54)">
<thermodata species="tSPC(54)" date="" phase="G">
<atom name="O" number="     2"/>
<atom name="H" number="     7"/>
<atom name="C" number="     4"/>
<temperature> 3.0000000000000000E+002</temperature>
</thermodata>
</species>
<species name="tSPC(77)">
<thermodata species="tSPC(77)" date="" phase="G">
<atom name="O" number="     2"/>
<atom name="H" number="     7"/>
<atom name="C" number="     4"/>
<temperature> 3.0000000000000000E+002</temperature>
</thermodata>
</species>
<species name="tSPC(122)">
<thermodata species="tSPC(122)" date="" phase="G">
<atom name="O" number="     4"/>
<atom name="H" number="     7"/>
<atom name="C" number="     4"/>
<temperature> 3.0000000000000000E+002</temperature>
</thermodata>
</species>
<species name="tSPC(157)">
<thermodata species="tSPC(157)" date="" phase="G">
<atom name="O" number="     4"/>
<atom name="H" number="     7"/>
<atom name="C" number="     4"/>
<temperature> 3.0000000000000000E+002</temperature>
</thermodata>
</species>
<species name="tSPC(213)">
<thermodata species="tSPC(213)" date="" phase="G">
<atom name="O" number="     3"/>
<atom name="H" number="     6"/>
<atom name="C" number="     4"/>
<temperature> 3.0000000000000000E+002</temperature>
</thermodata>
</species>
<species name="tSPC(97)">
<thermodata species="tSPC(97)" date="" phase="G">
<atom name="O" number="     3"/>
<atom name="H" number="     9"/>
<atom name="C" number="     4"/>
<temperature> 3.0000000000000000E+002</temperature>
</thermodata>
</species>
<species name="tSPC(439)">
<thermodata species="tSPC(439)" date="" phase="G">
<atom name="O" number="     3"/>
<atom name="H" number="     9"/>
<atom name="C" number="     4"/>
<temperature> 3.0000000000000000E+002</temperature>
</thermodata>
</species>
<species name="tSPC(343)">
<thermodata species="tSPC(343)" date="" phase="G">
<atom name="O" number="     2"/>
<atom name="H" number="     5"/>
<atom name="C" number="     4"/>
<temperature> 3.0000000000000000E+002</temperature>
</thermodata>
</species>
<species name="tSPC(346)">
<thermodata species="tSPC(346)" date="" phase="G">
<atom name="O" number="     1"/>
<atom name="H" number="     3"/>
<atom name="C" number="     3"/>
<temperature> 3.0000000000000000E+002</temperature>
</thermodata>
</species>
<species name="tSPC(878)">
<thermodata species="tSPC(878)" date="" phase="G">
<atom name="O" number="     3"/>
<atom name="H" number="     3"/>
<atom name="C" number="     3"/>
<temperature> 3.0000000000000000E+002</temperature>
</thermodata>
</species>
<species name="H2CCCO">
<thermodata species="H2CCCO" date="" phase="G">
<atom name="O" number="     1"/>
<atom name="H" number="     2"/>
<atom name="C" number="     3"/>
<temperature> 3.0000000000000000E+002</temperature>
</thermodata>
</species>
<species name="tSPC(1286)">
<thermodata species="tSPC(1286)" date="" phase="G">
<atom name="O" number="     3"/>
<atom name="H" number="     3"/>
<atom name="C" number="     3"/>
<temperature> 3.0000000000000000E+002</temperature>
</thermodata>
</species>
<species name="tSPC(1416)">
<thermodata species="tSPC(1416)" date="" phase="G">
<atom name="O" number="     3"/>
<atom name="H" number="     4"/>
<atom name="C" number="     3"/>
<temperature> 3.0000000000000000E+002</temperature>
</thermodata>
</species>
<species name="tSPC(1553)">
<thermodata species="tSPC(1553)" date="" phase="G">
<atom name="O" number="     2"/>
<atom name="H" number="     3"/>
<atom name="C" number="     3"/>
<temperature> 3.0000000000000000E+002</temperature>
</thermodata>
</species>
<species name="C8H14">
<thermodata species="C8H14" date="" phase="G">
<atom name="H" number="    14"/>
<atom name="C" number="     8"/>
<temperature> 3.0000000000000000E+002</temperature>
</thermodata>
</species>
<species name="tSPC(3683)">
<thermodata species="tSPC(3683)" date="" phase="G">
<atom name="O" number="     3"/>
<atom name="H" number="     5"/>
<atom name="C" number="     3"/>
<temperature> 3.0000000000000000E+002</temperature>
</thermodata>
</species>
<species name="C4H8O2(62)">
<thermodata species="C4H8O2(62)" date="" phase="G">
<atom name="O" number="     2"/>
<atom name="H" number="     8"/>
<atom name="C" number="     4"/>
<temperature> 3.0000000000000000E+002</temperature>
</thermodata>
</species>
<species name="C4H7OJ(79)">
<thermodata species="C4H7OJ(79)" date="" phase="G">
<atom name="O" number="     1"/>
<atom name="H" number="     7"/>
<atom name="C" number="     4"/>
<temperature> 3.0000000000000000E+002</temperature>
</thermodata>
</species>
<species name="tSPC(110)">
<thermodata species="tSPC(110)" date="" phase="G">
<atom name="O" number="     1"/>
<atom name="H" number="     6"/>
<atom name="C" number="     4"/>
<temperature> 3.0000000000000000E+002</temperature>
</thermodata>
</species>
<species name="C4H6O(105)">
<thermodata species="C4H6O(105)" date="" phase="G">
<atom name="O" number="     1"/>
<atom name="H" number="     6"/>
<atom name="C" number="     4"/>
<temperature> 3.0000000000000000E+002</temperature>
</thermodata>
</species>
<species name="C5H10_iso">
<thermodata species="C5H10_iso" date="T11-95" phase="G">
<atom name="H" number="    10"/>
<atom name="C" number="     5"/>
<temperature> 2.9814999999999998E+002</temperature>
</thermodata>
</species>
<species name="C5H9J(5)">
<thermodata species="C5H9J(5)" date="" phase="G">
<atom name="H" number="     9"/>
<atom name="C" number="     5"/>
<temperature> 3.0000000000000000E+002</temperature>
</thermodata>
</species>
<species name="C5H9J(7)">
<thermodata species="C5H9J(7)" date="" phase="G">
<atom name="H" number="     9"/>
<atom name="C" number="     5"/>
<temperature> 3.0000000000000000E+002</temperature>
</thermodata>
</species>
<species name="C5H9J(8)">
<thermodata species="C5H9J(8)" date="" phase="G">
<atom name="H" number="     9"/>
<atom name="C" number="     5"/>
<temperature> 3.0000000000000000E+002</temperature>
</thermodata>
</species>
<species name="C5H9J(9)">
<thermodata species="C5H9J(9)" date="" phase="G">
<atom name="H" number="     9"/>
<atom name="C" number="     5"/>
<temperature> 3.0000000000000000E+002</temperature>
</thermodata>
</species>
<species name="C5H11J(10)">
<thermodata species="C5H11J(10)" date="" phase="G">
<atom name="H" number="    11"/>
<atom name="C" number="     5"/>
<temperature> 3.0000000000000000E+002</temperature>
</thermodata>
</species>
<species name="C5H11J(11)">
<thermodata species="C5H11J(11)" date="" phase="G">
<atom name="H" number="    11"/>
<atom name="C" number="     5"/>
<temperature> 3.0000000000000000E+002</temperature>
</thermodata>
</species>
<species name="C5H8(95)">
<thermodata species="C5H8(95)" date="" phase="G">
<atom name="H" number="     8"/>
<atom name="C" number="     5"/>
<temperature> 3.0000000000000000E+002</temperature>
</thermodata>
</species>
<species name="SPC(482)">
<thermodata species="SPC(482)" date="" phase="G">
<atom name="H" number="    13"/>
<atom name="C" number="     8"/>
<temperature> 3.0000000000000000E+002</temperature>
</thermodata>
</species>
<species name="SPC(483)">
<thermodata species="SPC(483)" date="" phase="G">
<atom name="H" number="    13"/>
<atom name="C" number="     8"/>
<temperature> 3.0000000000000000E+002</temperature>
</thermodata>
</species>
<species name="C5H7J(504)">
<thermodata species="C5H7J(504)" date="" phase="G">
<atom name="H" number="     7"/>
<atom name="C" number="     5"/>
<temperature> 3.0000000000000000E+002</temperature>
</thermodata>
</species>
<species name="SPC(493)">
<thermodata species="SPC(493)" date="" phase="G">
<atom name="H" number="    11"/>
<atom name="C" number="     8"/>
<temperature> 3.0000000000000000E+002</temperature>
</thermodata>
</species>
<species name="SPC(494)">
<thermodata species="SPC(494)" date="" phase="G">
<atom name="H" number="    11"/>
<atom name="C" number="     8"/>
<temperature> 3.0000000000000000E+002</temperature>
</thermodata>
</species>
<species name="SPC(495)">
<thermodata species="SPC(495)" date="" phase="G">
<atom name="H" number="    11"/>
<atom name="C" number="     8"/>
<temperature> 3.0000000000000000E+002</temperature>
</thermodata>
</species>
<species name="SPC(496)">
<thermodata species="SPC(496)" date="" phase="G">
<atom name="H" number="    11"/>
<atom name="C" number="     8"/>
<temperature> 3.0000000000000000E+002</temperature>
</thermodata>
</species>
<species name="SPC(498)">
<thermodata species="SPC(498)" date="" phase="G">
<atom name="H" number="    11"/>
<atom name="C" number="     7"/>
<temperature> 3.0000000000000000E+002</temperature>
</thermodata>
</species>
<species name="SPC(499)">
<thermodata species="SPC(499)" date="" phase="G">
<atom name="H" number="    11"/>
<atom name="C" number="     7"/>
<temperature> 3.0000000000000000E+002</temperature>
</thermodata>
</species>
<species name="C6H7J(511)">
<thermodata species="C6H7J(511)" date="" phase="G">
<atom name="H" number="     7"/>
<atom name="C" number="     6"/>
<temperature> 3.0000000000000000E+002</temperature>
</thermodata>
</species>
<species name="C6H7J(512)">
<thermodata species="C6H7J(512)" date="" phase="G">
<atom name="H" number="     7"/>
<atom name="C" number="     6"/>
<temperature> 3.0000000000000000E+002</temperature>
</thermodata>
</species>
<species name="C6H7J(505)">
<thermodata species="C6H7J(505)" date="" phase="G">
<atom name="H" number="     7"/>
<atom name="C" number="     6"/>
<temperature> 3.0000000000000000E+002</temperature>
</thermodata>
</species>
<species name="C6H7J(506)">
<thermodata species="C6H7J(506)" date="" phase="G">
<atom name="H" number="     7"/>
<atom name="C" number="     6"/>
<temperature> 3.0000000000000000E+002</temperature>
</thermodata>
</species>
<species name="C8H13J(41)">
<thermodata species="C8H13J(41)" date="" phase="G">
<atom name="H" number="    13"/>
<atom name="C" number="     8"/>
<temperature> 3.0000000000000000E+002</temperature>
</thermodata>
</species>
<species name="C8H15J(44)">
<thermodata species="C8H15J(44)" date="" phase="G">
<atom name="H" number="    15"/>
<atom name="C" number="     8"/>
<temperature> 3.0000000000000000E+002</temperature>
</thermodata>
</species>
<species name="SPC(425)">
<thermodata species="SPC(425)" date="" phase="G">
<atom name="H" number="    17"/>
<atom name="C" number="    11"/>
<temperature> 3.0000000000000000E+002</temperature>
</thermodata>
</species>
<species name="SPC(426)">
<thermodata species="SPC(426)" date="" phase="G">
<atom name="H" number="    17"/>
<atom name="C" number="    11"/>
<temperature> 3.0000000000000000E+002</temperature>
</thermodata>
</species>
<species name="C7H10(454)">
<thermodata species="C7H10(454)" date="" phase="G">
<atom name="H" number="    10"/>
<atom name="C" number="     7"/>
<temperature> 3.0000000000000000E+002</temperature>
</thermodata>
</species>
</speciesset>
<reactions unit="MOLES CAL/MOLE">
<reaction formula="2O+M=O2+M">
<rate A=" 1.20000000E+017" B="-1.00000000E+000" E=" 0.00000000E+000"/>
<thirdbody species="H2" factor=" 2.40000000E+000"/>
<thirdbody species="H2O" factor=" 1.54000000E+001"/>
<thirdbody species="CH4" factor=" 2.00000000E+000"/>
<thirdbody species="CO" factor=" 1.75000000E+000"/>
<thirdbody species="CO2" factor=" 3.60000000E+000"/>
<thirdbody species="C2H6" factor=" 3.00000000E+000"/>
<thirdbody species="AR" factor=" 8.30000000E-001"/>
</reaction>
<reaction formula="O+H+M=OH+M">
<rate A=" 5.00000000E+017" B="-1.00000000E+000" E=" 0.00000000E+000"/>
<thirdbody species="H2" factor=" 2.00000000E+000"/>
<thirdbody species="H2O" factor=" 6.00000000E+000"/>
<thirdbody species="CH4" factor=" 2.00000000E+000"/>
<thirdbody species="CO" factor=" 1.50000000E+000"/>
<thirdbody species="CO2" factor=" 2.00000000E+000"/>
<thirdbody species="C2H6" factor=" 3.00000000E+000"/>
<thirdbody species="AR" factor=" 7.00000000E-001"/>
</reaction>
<reaction formula="O+H2=H+OH">
<rate A=" 3.87000000E+004" B=" 2.70000000E+000" E=" 6.26000000E+003"/>
</reaction>
<reaction formula="O+HO2=OH+O2">
<rate A=" 2.00000000E+013" B=" 0.00000000E+000" E=" 0.00000000E+000"/>
</reaction>
<reaction formula="O+H2O2=OH+HO2">
<rate A=" 9.63000000E+006" B=" 2.00000000E+000" E=" 4.00000000E+003"/>
</reaction>
<reaction formula="O+CH=H+CO">
<rate A=" 5.70000000E+013" B=" 0.00000000E+000" E=" 0.00000000E+000"/>
</reaction>
<reaction formula="O+CH2=H+HCO">
<rate A=" 8.00000000E+013" B=" 0.00000000E+000" E=" 0.00000000E+000"/>
</reaction>
<reaction formula="O+CH2(S)=H2+CO">
<rate A=" 1.50000000E+013" B=" 0.00000000E+000" E=" 0.00000000E+000"/>
</reaction>
<reaction formula="O+CH2(S)=H+HCO">
<rate A=" 1.50000000E+013" B=" 0.00000000E+000" E=" 0.00000000E+000"/>
</reaction>
<reaction formula="O+CH3=H+CH2O">
<rate A=" 5.06000000E+013" B=" 0.00000000E+000" E=" 0.00000000E+000"/>
</reaction>
<reaction formula="O+CH4=OH+CH3">
<rate A=" 1.02000000E+009" B=" 1.50000000E+000" E=" 8.60000000E+003"/>
</reaction>
<reaction formula="O+CO(+M)=CO2(+M)">
<rate A=" 1.80000000E+010" B=" 0.00000000E+000" E=" 2.38500000E+003"/>
<thirdbody species="H2" factor=" 2.00000000E+000"/>
<thirdbody species="O2" factor=" 6.00000000E+000"/>
<thirdbody species="H2O" factor=" 6.00000000E+000"/>
<thirdbody species="CH4" factor=" 2.00000000E+000"/>
<thirdbody species="CO" factor=" 1.50000000E+000"/>
<thirdbody species="CO2" factor=" 3.50000000E+000"/>
<thirdbody species="C2H6" factor=" 3.00000000E+000"/>
<thirdbody species="AR" factor=" 5.00000000E-001"/>
<auxiliary keyword="LOW">
<data> 6.02000000E+014</data>
<data> 0.00000000E+000</data>
<data> 3.00000000E+003</data>
</auxiliary>
</reaction>
<reaction formula="O+HCO=OH+CO">
<rate A=" 3.00000000E+013" B=" 0.00000000E+000" E=" 0.00000000E+000"/>
</reaction>
<reaction formula="O+HCO=H+CO2">
<rate A=" 3.00000000E+013" B=" 0.00000000E+000" E=" 0.00000000E+000"/>
</reaction>
<reaction formula="O+CH2O=OH+HCO">
<rate A=" 3.90000000E+013" B=" 0.00000000E+000" E=" 3.54000000E+003"/>
</reaction>
<reaction formula="O+CH2OH=OH+CH2O">
<rate A=" 1.00000000E+013" B=" 0.00000000E+000" E=" 0.00000000E+000"/>
</reaction>
<reaction formula="O+CH3O=OH+CH2O">
<rate A=" 1.00000000E+013" B=" 0.00000000E+000" E=" 0.00000000E+000"/>
</reaction>
<reaction formula="O+CH3OH=OH+CH2OH">
<rate A=" 3.88000000E+005" B=" 2.50000000E+000" E=" 3.10000000E+003"/>
</reaction>
<reaction formula="O+CH3OH=OH+CH3O">
<rate A=" 1.30000000E+005" B=" 2.50000000E+000" E=" 5.00000000E+003"/>
</reaction>
<reaction formula="O+C2H=CH+CO">
<rate A=" 5.00000000E+013" B=" 0.00000000E+000" E=" 0.00000000E+000"/>
</reaction>
<reaction formula="O+C2H2=H+HCCO">
<rate A=" 1.35000000E+007" B=" 2.00000000E+000" E=" 1.90000000E+003"/>
</reaction>
<reaction formula="O+C2H2=OH+C2H">
<rate A=" 4.60000000E+019" B="-1.41000000E+000" E=" 2.89500000E+004"/>
</reaction>
<reaction formula="O+C2H2=CO+CH2">
<rate A=" 6.94000000E+006" B=" 2.00000000E+000" E=" 1.90000000E+003"/>
</reaction>
<reaction formula="O+C2H3=H+CH2CO">
<rate A=" 3.00000000E+013" B=" 0.00000000E+000" E=" 0.00000000E+000"/>
</reaction>
<reaction formula="O+C2H4=CH3+HCO">
<rate A=" 1.25000000E+007" B=" 1.83000000E+000" E=" 2.20000000E+002"/>
</reaction>
<reaction formula="O+C2H5=CH3+CH2O">
<rate A=" 2.24000000E+013" B=" 0.00000000E+000" E=" 0.00000000E+000"/>
</reaction>
<reaction formula="O+C2H6=OH+C2H5">
<rate A=" 8.98000000E+007" B=" 1.92000000E+000" E=" 5.69000000E+003"/>
</reaction>
<reaction formula="O+HCCO=H+2CO">
<rate A=" 1.00000000E+014" B=" 0.00000000E+000" E=" 0.00000000E+000"/>
</reaction>
<reaction formula="O+CH2CO=OH+HCCO">
<rate A=" 1.00000000E+013" B=" 0.00000000E+000" E=" 8.00000000E+003"/>
</reaction>
<reaction formula="O+CH2CO=CH2+CO2">
<rate A=" 1.75000000E+012" B=" 0.00000000E+000" E=" 1.35000000E+003"/>
</reaction>
<reaction formula="O2+CO=O+CO2">
<rate A=" 2.50000000E+012" B=" 0.00000000E+000" E=" 4.78000000E+004"/>
</reaction>
<reaction formula="O2+CH2O=HO2+HCO">
<rate A=" 1.00000000E+014" B=" 0.00000000E+000" E=" 4.00000000E+004"/>
</reaction>
<reaction formula="H+O2+M=HO2+M">
<rate A=" 2.80000000E+018" B="-8.60000000E-001" E=" 0.00000000E+000"/>
<thirdbody species="O2" factor=" 0.00000000E+000"/>
<thirdbody species="H2O" factor=" 0.00000000E+000"/>
<thirdbody species="CO" factor=" 7.50000000E-001"/>
<thirdbody species="CO2" factor=" 1.50000000E+000"/>
<thirdbody species="C2H6" factor=" 1.50000000E+000"/>
<thirdbody species="N2" factor=" 0.00000000E+000"/>
<thirdbody species="AR" factor=" 0.00000000E+000"/>
</reaction>
<reaction formula="H+2O2=HO2+O2">
<rate A=" 2.08000000E+019" B="-1.24000000E+000" E=" 0.00000000E+000"/>
</reaction>
<reaction formula="H+O2+H2O=HO2+H2O">
<rate A=" 1.12600000E+019" B="-7.60000000E-001" E=" 0.00000000E+000"/>
</reaction>
<reaction formula="H+O2+N2=HO2+N2">
<rate A=" 2.60000000E+019" B="-1.24000000E+000" E=" 0.00000000E+000"/>
</reaction>
<reaction formula="H+O2+AR=HO2+AR">
<rate A=" 7.00000000E+017" B="-8.00000000E-001" E=" 0.00000000E+000"/>
</reaction>
<reaction formula="H+O2=O+OH">
<rate A=" 1.17500000E+016" B="-5.91000000E-001" E=" 1.61980000E+004"/>
</reaction>
<reaction formula="2H+M=H2+M">
<rate A=" 1.00000000E+018" B="-1.00000000E+000" E=" 0.00000000E+000"/>
<thirdbody species="H2" factor=" 0.00000000E+000"/>
<thirdbody species="H2O" factor=" 0.00000000E+000"/>
<thirdbody species="CH4" factor=" 2.00000000E+000"/>
<thirdbody species="CO2" factor=" 0.00000000E+000"/>
<thirdbody species="C2H6" factor=" 3.00000000E+000"/>
<thirdbody species="AR" factor=" 6.30000000E-001"/>
</reaction>
<reaction formula="2H+H2=2H2">
<rate A=" 9.00000000E+016" B="-6.00000000E-001" E=" 0.00000000E+000"/>
</reaction>
<reaction formula="2H+H2O=H2+H2O">
<rate A=" 6.00000000E+019" B="-1.25000000E+000" E=" 0.00000000E+000"/>
</reaction>
<reaction formula="2H+CO2=H2+CO2">
<rate A=" 5.50000000E+020" B="-2.00000000E+000" E=" 0.00000000E+000"/>
</reaction>
<reaction formula="H+OH+M=H2O+M">
<rate A=" 2.20000000E+022" B="-2.00000000E+000" E=" 0.00000000E+000"/>
<thirdbody species="H2" factor=" 7.30000000E-001"/>
<thirdbody species="H2O" factor=" 3.65000000E+000"/>
<thirdbody species="CH4" factor=" 2.00000000E+000"/>
<thirdbody species="C2H6" factor=" 3.00000000E+000"/>
<thirdbody species="AR" factor=" 3.80000000E-001"/>
</reaction>
<reaction formula="H+HO2=O+H2O">
<rate A=" 3.97000000E+012" B=" 0.00000000E+000" E=" 6.71000000E+002"/>
</reaction>
<reaction formula="H+HO2=O2+H2">
<rate A=" 4.48000000E+013" B=" 0.00000000E+000" E=" 1.06800000E+003"/>
</reaction>
<reaction formula="H+HO2=2OH">
<rate A=" 8.40000000E+013" B=" 0.00000000E+000" E=" 6.35000000E+002"/>
</reaction>
<reaction formula="H+H2O2=HO2+H2">
<rate A=" 1.21000000E+007" B=" 2.00000000E+000" E=" 5.20000000E+003"/>
</reaction>
<reaction formula="H+H2O2=OH+H2O">
<rate A=" 1.00000000E+013" B=" 0.00000000E+000" E=" 3.60000000E+003"/>
</reaction>
<reaction formula="H+CH=C+H2">
<rate A=" 1.65000000E+014" B=" 0.00000000E+000" E=" 0.00000000E+000"/>
</reaction>
<reaction formula="H+CH2(+M)=CH3(+M)">
<rate A=" 6.00000000E+014" B=" 0.00000000E+000" E=" 0.00000000E+000"/>
<thirdbody species="H2" factor=" 2.00000000E+000"/>
<thirdbody species="H2O" factor=" 6.00000000E+000"/>
<thirdbody species="CH4" factor=" 2.00000000E+000"/>
<thirdbody species="CO" factor=" 1.50000000E+000"/>
<thirdbody species="CO2" factor=" 2.00000000E+000"/>
<thirdbody species="C2H6" factor=" 3.00000000E+000"/>
<thirdbody species="AR" factor=" 7.00000000E-001"/>
<auxiliary keyword="LOW">
<data> 1.04000000E+026</data>
<data>-2.76000000E+000</data>
<data> 1.60000000E+003</data>
</auxiliary>
<auxiliary keyword="TROE">
<data> 5.62000000E-001</data>
<data> 9.10000000E+001</data>
<data> 5.83600000E+003</data>
<data> 8.55200000E+003</data>
</auxiliary>
</reaction>
<reaction formula="H+CH2(S)=CH+H2">
<rate A=" 3.00000000E+013" B=" 0.00000000E+000" E=" 0.00000000E+000"/>
</reaction>
<reaction formula="H+CH3(+M)=CH4(+M)">
<rate A=" 1.39000000E+016" B="-5.34000000E-001" E=" 5.36000000E+002"/>
<thirdbody species="H2" factor=" 2.00000000E+000"/>
<thirdbody species="H2O" factor=" 6.00000000E+000"/>
<thirdbody species="CH4" factor=" 3.00000000E+000"/>
<thirdbody species="CO" factor=" 1.50000000E+000"/>
<thirdbody species="CO2" factor=" 2.00000000E+000"/>
<thirdbody species="C2H6" factor=" 3.00000000E+000"/>
<thirdbody species="AR" factor=" 7.00000000E-001"/>
<auxiliary keyword="LOW">
<data> 2.62000000E+033</data>
<data>-4.76000000E+000</data>
<data> 2.44000000E+003</data>
</auxiliary>
<auxiliary keyword="TROE">
<data> 7.83000000E-001</data>
<data> 7.40000000E+001</data>
<data> 2.94100000E+003</data>
<data> 6.96400000E+003</data>
</auxiliary>
</reaction>
<reaction formula="H+CH4=CH3+H2">
<rate A=" 6.60000000E+008" B=" 1.62000000E+000" E=" 1.08400000E+004"/>
</reaction>
<reaction formula="H+HCO(+M)=CH2O(+M)">
<rate A=" 1.09000000E+012" B=" 4.80000000E-001" E="-2.60000000E+002"/>
<thirdbody species="H2" factor=" 2.00000000E+000"/>
<thirdbody species="H2O" factor=" 6.00000000E+000"/>
<thirdbody species="CH4" factor=" 2.00000000E+000"/>
<thirdbody species="CO" factor=" 1.50000000E+000"/>
<thirdbody species="CO2" factor=" 2.00000000E+000"/>
<thirdbody species="C2H6" factor=" 3.00000000E+000"/>
<thirdbody species="AR" factor=" 7.00000000E-001"/>
<auxiliary keyword="LOW">
<data> 2.47000000E+024</data>
<data>-2.57000000E+000</data>
<data> 4.25000000E+002</data>
</auxiliary>
<auxiliary keyword="TROE">
<data> 7.82400000E-001</data>
<data> 2.71000000E+002</data>
<data> 2.75500000E+003</data>
<data> 6.57000000E+003</data>
</auxiliary>
</reaction>
<reaction formula="H+HCO=H2+CO">
<rate A=" 7.34000000E+013" B=" 0.00000000E+000" E=" 0.00000000E+000"/>
</reaction>
<reaction formula="H+CH2O(+M)=CH2OH(+M)">
<rate A=" 5.40000000E+011" B=" 4.54000000E-001" E=" 3.60000000E+003"/>
<thirdbody species="H2" factor=" 2.00000000E+000"/>
<thirdbody species="H2O" factor=" 6.00000000E+000"/>
<thirdbody species="CH4" factor=" 2.00000000E+000"/>
<thirdbody species="CO" factor=" 1.50000000E+000"/>
<thirdbody species="CO2" factor=" 2.00000000E+000"/>
<thirdbody species="C2H6" factor=" 3.00000000E+000"/>
<auxiliary keyword="LOW">
<data> 1.27000000E+032</data>
<data>-4.82000000E+000</data>
<data> 6.53000000E+003</data>
</auxiliary>
<auxiliary keyword="TROE">
<data> 7.18700000E-001</data>
<data> 1.03000000E+002</data>
<data> 1.29100000E+003</data>
<data> 4.16000000E+003</data>
</auxiliary>
</reaction>
<reaction formula="H+CH2O(+M)=CH3O(+M)">
<rate A=" 5.40000000E+011" B=" 4.54000000E-001" E=" 2.60000000E+003"/>
<thirdbody species="H2" factor=" 2.00000000E+000"/>
<thirdbody species="H2O" factor=" 6.00000000E+000"/>
<thirdbody species="CH4" factor=" 2.00000000E+000"/>
<thirdbody species="CO" factor=" 1.50000000E+000"/>
<thirdbody species="CO2" factor=" 2.00000000E+000"/>
<thirdbody species="C2H6" factor=" 3.00000000E+000"/>
<auxiliary keyword="LOW">
<data> 2.20000000E+030</data>
<data>-4.80000000E+000</data>
<data> 5.56000000E+003</data>
</auxiliary>
<auxiliary keyword="TROE">
<data> 7.58000000E-001</data>
<data> 9.40000000E+001</data>
<data> 1.55500000E+003</data>
<data> 4.20000000E+003</data>
</auxiliary>
</reaction>
<reaction formula="H+CH2O=HCO+H2">
<rate A=" 1.10000000E+008" B=" 1.77000000E+000" E=" 2.99950000E+003"/>
</reaction>
<reaction formula="H+CH2OH(+M)=CH3OH(+M)">
<rate A=" 1.05500000E+012" B=" 5.00000000E-001" E=" 8.60000000E+001"/>
<thirdbody species="H2" factor=" 2.00000000E+000"/>
<thirdbody species="H2O" factor=" 6.00000000E+000"/>
<thirdbody species="CH4" factor=" 2.00000000E+000"/>
<thirdbody species="CO" factor=" 1.50000000E+000"/>
<thirdbody species="CO2" factor=" 2.00000000E+000"/>
<thirdbody species="C2H6" factor=" 3.00000000E+000"/>
<auxiliary keyword="LOW">
<data> 4.36000000E+031</data>
<data>-4.65000000E+000</data>
<data> 5.08000000E+003</data>
</auxiliary>
<auxiliary keyword="TROE">
<data> 6.00000000E-001</data>
<data> 1.00000000E+002</data>
<data> 9.00000000E+004</data>
<data> 1.00000000E+004</data>
</auxiliary>
</reaction>
<reaction formula="H+CH2OH=H2+CH2O">
<rate A=" 2.00000000E+013" B=" 0.00000000E+000" E=" 0.00000000E+000"/>
</reaction>
<reaction formula="H+CH2OH=OH+CH3">
<rate A=" 1.65000000E+011" B=" 6.50000000E-001" E="-2.84000000E+002"/>
</reaction>
<reaction formula="H+CH2OH=CH2(S)+H2O">
<rate A=" 3.28000000E+013" B="-9.00000000E-002" E=" 6.10000000E+002"/>
</reaction>
<reaction formula="H+CH3O(+M)=CH3OH(+M)">
<rate A=" 2.43000000E+012" B=" 5.15000000E-001" E=" 5.00000000E+001"/>
<thirdbody species="H2" factor=" 2.00000000E+000"/>
<thirdbody species="H2O" factor=" 6.00000000E+000"/>
<thirdbody species="CH4" factor=" 2.00000000E+000"/>
<thirdbody species="CO" factor=" 1.50000000E+000"/>
<thirdbody species="CO2" factor=" 2.00000000E+000"/>
<thirdbody species="C2H6" factor=" 3.00000000E+000"/>
<auxiliary keyword="LOW">
<data> 4.66000000E+041</data>
<data>-7.44000000E+000</data>
<data> 1.40800000E+004</data>
</auxiliary>
<auxiliary keyword="TROE">
<data> 7.00000000E-001</data>
<data> 1.00000000E+002</data>
<data> 9.00000000E+004</data>
<data> 1.00000000E+004</data>
</auxiliary>
</reaction>
<reaction formula="H+CH3O=H+CH2OH">
<rate A=" 4.15000000E+007" B=" 1.63000000E+000" E=" 1.92400000E+003"/>
</reaction>
<reaction formula="H+CH3O=H2+CH2O">
<rate A=" 2.00000000E+013" B=" 0.00000000E+000" E=" 0.00000000E+000"/>
</reaction>
<reaction formula="H+CH3O=OH+CH3">
<rate A=" 1.50000000E+012" B=" 5.00000000E-001" E="-1.10000000E+002"/>
</reaction>
<reaction formula="H+CH3O=CH2(S)+H2O">
<rate A=" 2.62000000E+014" B="-2.30000000E-001" E=" 1.07000000E+003"/>
</reaction>
<reaction formula="H+CH3OH=CH2OH+H2">
<rate A=" 1.70000000E+007" B=" 2.10000000E+000" E=" 4.87000000E+003"/>
</reaction>
<reaction formula="H+CH3OH=CH3O+H2">
<rate A=" 4.20000000E+006" B=" 2.10000000E+000" E=" 4.87000000E+003"/>
</reaction>
<reaction formula="H+C2H(+M)=C2H2(+M)">
<rate A=" 1.00000000E+017" B="-1.00000000E+000" E=" 0.00000000E+000"/>
<thirdbody species="H2" factor=" 2.00000000E+000"/>
<thirdbody species="H2O" factor=" 6.00000000E+000"/>
<thirdbody species="CH4" factor=" 2.00000000E+000"/>
<thirdbody species="CO" factor=" 1.50000000E+000"/>
<thirdbody species="CO2" factor=" 2.00000000E+000"/>
<thirdbody species="C2H6" factor=" 3.00000000E+000"/>
<thirdbody species="AR" factor=" 7.00000000E-001"/>
<auxiliary keyword="LOW">
<data> 3.75000000E+033</data>
<data>-4.80000000E+000</data>
<data> 1.90000000E+003</data>
</auxiliary>
<auxiliary keyword="TROE">
<data> 6.46400000E-001</data>
<data> 1.32000000E+002</data>
<data> 1.31500000E+003</data>
<data> 5.56600000E+003</data>
</auxiliary>
</reaction>
<reaction formula="H+C2H3(+M)=C2H4(+M)">
<rate A=" 6.08000000E+012" B=" 2.70000000E-001" E=" 2.80000000E+002"/>
<thirdbody species="H2" factor=" 2.00000000E+000"/>
<thirdbody species="H2O" factor=" 6.00000000E+000"/>
<thirdbody species="CH4" factor=" 2.00000000E+000"/>
<thirdbody species="CO" factor=" 1.50000000E+000"/>
<thirdbody species="CO2" factor=" 2.00000000E+000"/>
<thirdbody species="C2H6" factor=" 3.00000000E+000"/>
<thirdbody species="AR" factor=" 7.00000000E-001"/>
<auxiliary keyword="LOW">
<data> 1.40000000E+030</data>
<data>-3.86000000E+000</data>
<data> 3.32000000E+003</data>
</auxiliary>
<auxiliary keyword="TROE">
<data> 7.82000000E-001</data>
<data> 2.07500000E+002</data>
<data> 2.66300000E+003</data>
<data> 6.09500000E+003</data>
</auxiliary>
</reaction>
<reaction formula="H+C2H3=H2+C2H2">
<rate A=" 3.00000000E+013" B=" 0.00000000E+000" E=" 0.00000000E+000"/>
</reaction>
<reaction formula="H+C2H4(+M)=C2H5(+M)">
<rate A=" 5.40000000E+011" B=" 4.54000000E-001" E=" 1.82000000E+003"/>
<thirdbody species="H2" factor=" 2.00000000E+000"/>
<thirdbody species="H2O" factor=" 6.00000000E+000"/>
<thirdbody species="CH4" factor=" 2.00000000E+000"/>
<thirdbody species="CO" factor=" 1.50000000E+000"/>
<thirdbody species="CO2" factor=" 2.00000000E+000"/>
<thirdbody species="C2H6" factor=" 3.00000000E+000"/>
<thirdbody species="AR" factor=" 7.00000000E-001"/>
<auxiliary keyword="LOW">
<data> 6.00000000E+041</data>
<data>-7.62000000E+000</data>
<data> 6.97000000E+003</data>
</auxiliary>
<auxiliary keyword="TROE">
<data> 9.75300000E-001</data>
<data> 2.10000000E+002</data>
<data> 9.84000000E+002</data>
<data> 4.37400000E+003</data>
</auxiliary>
</reaction>
<reaction formula="H+C2H4=C2H3+H2">
<rate A=" 2.32500000E+006" B=" 2.53000000E+000" E=" 1.22400000E+004"/>
</reaction>
<reaction formula="H+C2H5(+M)=C2H6(+M)">
<rate A=" 5.21000000E+017" B="-9.90000000E-001" E=" 1.58000000E+003"/>
<thirdbody species="H2" factor=" 2.00000000E+000"/>
<thirdbody species="H2O" factor=" 6.00000000E+000"/>
<thirdbody species="CH4" factor=" 2.00000000E+000"/>
<thirdbody species="CO" factor=" 1.50000000E+000"/>
<thirdbody species="CO2" factor=" 2.00000000E+000"/>
<thirdbody species="C2H6" factor=" 3.00000000E+000"/>
<thirdbody species="AR" factor=" 7.00000000E-001"/>
<auxiliary keyword="LOW">
<data> 1.99000000E+041</data>
<data>-7.08000000E+000</data>
<data> 6.68500000E+003</data>
</auxiliary>
<auxiliary keyword="TROE">
<data> 8.42200000E-001</data>
<data> 1.25000000E+002</data>
<data> 2.21900000E+003</data>
<data> 6.88200000E+003</data>
</auxiliary>
</reaction>
<reaction formula="H+C2H5=H2+C2H4">
<rate A=" 2.00000000E+012" B=" 0.00000000E+000" E=" 0.00000000E+000"/>
</reaction>
<reaction formula="H+C2H6=C2H5+H2">
<rate A=" 1.15000000E+008" B=" 1.90000000E+000" E=" 7.53000000E+003"/>
</reaction>
<reaction formula="H+HCCO=CH2(S)+CO">
<rate A=" 1.00000000E+014" B=" 0.00000000E+000" E=" 0.00000000E+000"/>
</reaction>
<reaction formula="H+CH2CO=HCCO+H2">
<rate A=" 5.00000000E+013" B=" 0.00000000E+000" E=" 8.00000000E+003"/>
</reaction>
<reaction formula="H+CH2CO=CH3+CO">
<rate A=" 1.13000000E+014" B=" 0.00000000E+000" E=" 3.42800000E+003"/>
</reaction>
<reaction formula="H+HCCOH=H+CH2CO">
<rate A=" 1.00000000E+013" B=" 0.00000000E+000" E=" 0.00000000E+000"/>
</reaction>
<reaction formula="H2+CO(+M)=CH2O(+M)">
<rate A=" 4.30000000E+007" B=" 1.50000000E+000" E=" 7.96000000E+004"/>
<thirdbody species="H2" factor=" 2.00000000E+000"/>
<thirdbody species="H2O" factor=" 6.00000000E+000"/>
<thirdbody species="CH4" factor=" 2.00000000E+000"/>
<thirdbody species="CO" factor=" 1.50000000E+000"/>
<thirdbody species="CO2" factor=" 2.00000000E+000"/>
<thirdbody species="C2H6" factor=" 3.00000000E+000"/>
<thirdbody species="AR" factor=" 7.00000000E-001"/>
<auxiliary keyword="LOW">
<data> 5.07000000E+027</data>
<data>-3.42000000E+000</data>
<data> 8.43500000E+004</data>
</auxiliary>
<auxiliary keyword="TROE">
<data> 9.32000000E-001</data>
<data> 1.97000000E+002</data>
<data> 1.54000000E+003</data>
<data> 1.03000000E+004</data>
</auxiliary>
</reaction>
<reaction formula="OH+H2=H+H2O">
<rate A=" 2.16000000E+008" B=" 1.51000000E+000" E=" 3.43000000E+003"/>
</reaction>
<reaction formula="2OH(+M)=H2O2(+M)">
<rate A=" 7.40000000E+013" B="-3.70000000E-001" E=" 0.00000000E+000"/>
<thirdbody species="H2" factor=" 2.00000000E+000"/>
<thirdbody species="H2O" factor=" 6.00000000E+000"/>
<thirdbody species="CH4" factor=" 2.00000000E+000"/>
<thirdbody species="CO" factor=" 1.50000000E+000"/>
<thirdbody species="CO2" factor=" 2.00000000E+000"/>
<thirdbody species="C2H6" factor=" 3.00000000E+000"/>
<thirdbody species="AR" factor=" 7.00000000E-001"/>
<auxiliary keyword="LOW">
<data> 2.30000000E+018</data>
<data>-9.00000000E-001</data>
<data>-1.70000000E+003</data>
</auxiliary>
<auxiliary keyword="TROE">
<data> 7.34600000E-001</data>
<data> 9.40000000E+001</data>
<data> 1.75600000E+003</data>
<data> 5.18200000E+003</data>
</auxiliary>
</reaction>
<reaction formula="2OH=O+H2O">
<rate A=" 3.57000000E+004" B=" 2.40000000E+000" E="-2.11000000E+003"/>
</reaction>
<reaction formula="OH+HO2=O2+H2O">
<rate A=" 1.45000000E+013" B=" 0.00000000E+000" E="-5.00000000E+002"/>
<auxiliary keyword="DUP">
</auxiliary>
</reaction>
<reaction formula="OH+H2O2=HO2+H2O">
<rate A=" 2.00000000E+012" B=" 0.00000000E+000" E=" 4.27000000E+002"/>
<auxiliary keyword="DUP">
</auxiliary>
</reaction>
<reaction formula="OH+H2O2=HO2+H2O">
<rate A=" 1.70000000E+018" B=" 0.00000000E+000" E=" 2.94100000E+004"/>
<auxiliary keyword="DUP">
</auxiliary>
</reaction>
<reaction formula="OH+C=H+CO">
<rate A=" 5.00000000E+013" B=" 0.00000000E+000" E=" 0.00000000E+000"/>
</reaction>
<reaction formula="OH+CH=H+HCO">
<rate A=" 3.00000000E+013" B=" 0.00000000E+000" E=" 0.00000000E+000"/>
</reaction>
<reaction formula="OH+CH2=H+CH2O">
<rate A=" 2.00000000E+013" B=" 0.00000000E+000" E=" 0.00000000E+000"/>
</reaction>
<reaction formula="OH+CH2=CH+H2O">
<rate A=" 1.13000000E+007" B=" 2.00000000E+000" E=" 3.00000000E+003"/>
</reaction>
<reaction formula="OH+CH2(S)=H+CH2O">
<rate A=" 3.00000000E+013" B=" 0.00000000E+000" E=" 0.00000000E+000"/>
</reaction>
<reaction formula="OH+CH3(+M)=CH3OH(+M)">
<rate A=" 2.79000000E+018" B="-1.43000000E+000" E=" 1.33000000E+003"/>
<thirdbody species="H2" factor=" 2.00000000E+000"/>
<thirdbody species="H2O" factor=" 6.00000000E+000"/>
<thirdbody species="CH4" factor=" 2.00000000E+000"/>
<thirdbody species="CO" factor=" 1.50000000E+000"/>
<thirdbody species="CO2" factor=" 2.00000000E+000"/>
<thirdbody species="C2H6" factor=" 3.00000000E+000"/>
<auxiliary keyword="LOW">
<data> 4.00000000E+036</data>
<data>-5.92000000E+000</data>
<data> 3.14000000E+003</data>
</auxiliary>
<auxiliary keyword="TROE">
<data> 4.12000000E-001</data>
<data> 1.95000000E+002</data>
<data> 5.90000000E+003</data>
<data> 6.39400000E+003</data>
</auxiliary>
</reaction>
<reaction formula="OH+CH3=CH2+H2O">
<rate A=" 5.60000000E+007" B=" 1.60000000E+000" E=" 5.42000000E+003"/>
</reaction>
<reaction formula="OH+CH3=CH2(S)+H2O">
<rate A=" 6.44000000E+017" B="-1.34000000E+000" E=" 1.41700000E+003"/>
</reaction>
<reaction formula="OH+CH4=CH3+H2O">
<rate A=" 1.00000000E+008" B=" 1.60000000E+000" E=" 3.12000000E+003"/>
</reaction>
<reaction formula="OH+CO=H+CO2">
<rate A=" 4.76000000E+007" B=" 1.22800000E+000" E=" 7.00000000E+001"/>
</reaction>
<reaction formula="OH+HCO=H2O+CO">
<rate A=" 5.00000000E+013" B=" 0.00000000E+000" E=" 0.00000000E+000"/>
</reaction>
<reaction formula="OH+CH2O=HCO+H2O">
<rate A=" 1.43000000E+009" B=" 1.18000000E+000" E="-4.47000000E+002"/>
</reaction>
<reaction formula="OH+CH2OH=H2O+CH2O">
<rate A=" 5.00000000E+012" B=" 0.00000000E+000" E=" 0.00000000E+000"/>
</reaction>
<reaction formula="OH+CH3O=H2O+CH2O">
<rate A=" 5.00000000E+012" B=" 0.00000000E+000" E=" 0.00000000E+000"/>
</reaction>
<reaction formula="OH+CH3OH=CH2OH+H2O">
<rate A=" 1.44000000E+006" B=" 2.00000000E+000" E="-8.40000000E+002"/>
</reaction>
<reaction formula="OH+CH3OH=CH3O+H2O">
<rate A=" 6.30000000E+006" B=" 2.00000000E+000" E=" 1.50000000E+003"/>
</reaction>
<reaction formula="OH+C2H=H+HCCO">
<rate A=" 2.00000000E+013" B=" 0.00000000E+000" E=" 0.00000000E+000"/>
</reaction>
<reaction formula="OH+C2H2=H+CH2CO">
<rate A=" 2.18000000E-004" B=" 4.50000000E+000" E="-1.00000000E+003"/>
</reaction>
<reaction formula="OH+C2H2=H+HCCOH">
<rate A=" 5.04000000E+005" B=" 2.30000000E+000" E=" 1.35000000E+004"/>
</reaction>
<reaction formula="OH+C2H2=C2H+H2O">
<rate A=" 3.37000000E+007" B=" 2.00000000E+000" E=" 1.40000000E+004"/>
</reaction>
<reaction formula="OH+C2H2=CH3+CO">
<rate A=" 4.83000000E-004" B=" 4.00000000E+000" E="-2.00000000E+003"/>
</reaction>
<reaction formula="OH+C2H3=H2O+C2H2">
<rate A=" 5.00000000E+012" B=" 0.00000000E+000" E=" 0.00000000E+000"/>
</reaction>
<reaction formula="OH+C2H4=C2H3+H2O">
<rate A=" 3.60000000E+006" B=" 2.00000000E+000" E=" 2.50000000E+003"/>
</reaction>
<reaction formula="OH+C2H6=C2H5+H2O">
<rate A=" 3.54000000E+006" B=" 2.12000000E+000" E=" 8.70000000E+002"/>
</reaction>
<reaction formula="OH+CH2CO=HCCO+H2O">
<rate A=" 7.50000000E+012" B=" 0.00000000E+000" E=" 2.00000000E+003"/>
</reaction>
<reaction formula="2HO2=O2+H2O2">
<rate A=" 1.30000000E+011" B=" 0.00000000E+000" E="-1.63000000E+003"/>
<auxiliary keyword="DUP">
</auxiliary>
</reaction>
<reaction formula="2HO2=O2+H2O2">
<rate A=" 4.20000000E+014" B=" 0.00000000E+000" E=" 1.20000000E+004"/>
<auxiliary keyword="DUP">
</auxiliary>
</reaction>
<reaction formula="HO2+CH2=OH+CH2O">
<rate A=" 2.00000000E+013" B=" 0.00000000E+000" E=" 0.00000000E+000"/>
</reaction>
<reaction formula="HO2+CH3=O2+CH4">
<rate A=" 1.00000000E+012" B=" 0.00000000E+000" E=" 0.00000000E+000"/>
</reaction>
<reaction formula="HO2+CH3=OH+CH3O">
<rate A=" 1.00000000E+012" B=" 2.68800000E-001" E="-6.88000000E+002"/>
</reaction>
<reaction formula="HO2+CO=OH+CO2">
<rate A=" 1.50000000E+014" B=" 0.00000000E+000" E=" 2.36000000E+004"/>
</reaction>
<reaction formula="HO2+CH2O=HCO+H2O2">
<rate A=" 5.60000000E+006" B=" 2.00000000E+000" E=" 1.20000000E+004"/>
</reaction>
<reaction formula="C+O2=O+CO">
<rate A=" 5.80000000E+013" B=" 0.00000000E+000" E=" 5.76000000E+002"/>
</reaction>
<reaction formula="C+CH2=H+C2H">
<rate A=" 5.00000000E+013" B=" 0.00000000E+000" E=" 0.00000000E+000"/>
</reaction>
<reaction formula="C+CH3=H+C2H2">
<rate A=" 5.00000000E+013" B=" 0.00000000E+000" E=" 0.00000000E+000"/>
</reaction>
<reaction formula="CH+O2=O+HCO">
<rate A=" 6.71000000E+013" B=" 0.00000000E+000" E=" 0.00000000E+000"/>
</reaction>
<reaction formula="CH+H2=H+CH2">
<rate A=" 1.08000000E+014" B=" 0.00000000E+000" E=" 3.11000000E+003"/>
</reaction>
<reaction formula="CH+H2O=H+CH2O">
<rate A=" 5.71000000E+012" B=" 0.00000000E+000" E="-7.55000000E+002"/>
</reaction>
<reaction formula="CH+CH2=H+C2H2">
<rate A=" 4.00000000E+013" B=" 0.00000000E+000" E=" 0.00000000E+000"/>
</reaction>
<reaction formula="CH+CH3=H+C2H3">
<rate A=" 3.00000000E+013" B=" 0.00000000E+000" E=" 0.00000000E+000"/>
</reaction>
<reaction formula="CH+CH4=H+C2H4">
<rate A=" 6.00000000E+013" B=" 0.00000000E+000" E=" 0.00000000E+000"/>
</reaction>
<reaction formula="CH+CO(+M)=HCCO(+M)">
<rate A=" 5.00000000E+013" B=" 0.00000000E+000" E=" 0.00000000E+000"/>
<thirdbody species="H2" factor=" 2.00000000E+000"/>
<thirdbody species="H2O" factor=" 6.00000000E+000"/>
<thirdbody species="CH4" factor=" 2.00000000E+000"/>
<thirdbody species="CO" factor=" 1.50000000E+000"/>
<thirdbody species="CO2" factor=" 2.00000000E+000"/>
<thirdbody species="C2H6" factor=" 3.00000000E+000"/>
<thirdbody species="AR" factor=" 7.00000000E-001"/>
<auxiliary keyword="LOW">
<data> 2.69000000E+028</data>
<data>-3.74000000E+000</data>
<data> 1.93600000E+003</data>
</auxiliary>
<auxiliary keyword="TROE">
<data> 5.75700000E-001</data>
<data> 2.37000000E+002</data>
<data> 1.65200000E+003</data>
<data> 5.06900000E+003</data>
</auxiliary>
</reaction>
<reaction formula="CH+CO2=HCO+CO">
<rate A=" 1.90000000E+014" B=" 0.00000000E+000" E=" 1.57920000E+004"/>
</reaction>
<reaction formula="CH+CH2O=H+CH2CO">
<rate A=" 9.46000000E+013" B=" 0.00000000E+000" E="-5.15000000E+002"/>
</reaction>
<reaction formula="CH+HCCO=CO+C2H2">
<rate A=" 5.00000000E+013" B=" 0.00000000E+000" E=" 0.00000000E+000"/>
</reaction>
<reaction formula="CH2+O2=>OH+H+CO">
<rate A=" 5.00000000E+012" B=" 0.00000000E+000" E=" 1.50000000E+003"/>
</reaction>
<reaction formula="CH2+H2=H+CH3">
<rate A=" 5.00000000E+005" B=" 2.00000000E+000" E=" 7.23000000E+003"/>
</reaction>
<reaction formula="2CH2=H2+C2H2">
<rate A=" 1.60000000E+015" B=" 0.00000000E+000" E=" 1.19440000E+004"/>
</reaction>
<reaction formula="CH2+CH3=H+C2H4">
<rate A=" 4.00000000E+013" B=" 0.00000000E+000" E=" 0.00000000E+000"/>
</reaction>
<reaction formula="CH2+CH4=2CH3">
<rate A=" 2.46000000E+006" B=" 2.00000000E+000" E=" 8.27000000E+003"/>
</reaction>
<reaction formula="CH2+CO(+M)=CH2CO(+M)">
<rate A=" 8.10000000E+012" B=" 5.00000000E-001" E=" 4.51000000E+003"/>
<thirdbody species="H2" factor=" 2.00000000E+000"/>
<thirdbody species="H2O" factor=" 6.00000000E+000"/>
<thirdbody species="CH4" factor=" 2.00000000E+000"/>
<thirdbody species="CO" factor=" 1.50000000E+000"/>
<thirdbody species="CO2" factor=" 2.00000000E+000"/>
<thirdbody species="C2H6" factor=" 3.00000000E+000"/>
<thirdbody species="AR" factor=" 7.00000000E-001"/>
<auxiliary keyword="LOW">
<data> 2.69000000E+033</data>
<data>-5.11000000E+000</data>
<data> 7.09500000E+003</data>
</auxiliary>
<auxiliary keyword="TROE">
<data> 5.90700000E-001</data>
<data> 2.75000000E+002</data>
<data> 1.22600000E+003</data>
<data> 5.18500000E+003</data>
</auxiliary>
</reaction>
<reaction formula="CH2+HCCO=C2H3+CO">
<rate A=" 3.00000000E+013" B=" 0.00000000E+000" E=" 0.00000000E+000"/>
</reaction>
<reaction formula="CH2(S)+N2=CH2+N2">
<rate A=" 1.50000000E+013" B=" 0.00000000E+000" E=" 6.00000000E+002"/>
</reaction>
<reaction formula="CH2(S)+AR=CH2+AR">
<rate A=" 9.00000000E+012" B=" 0.00000000E+000" E=" 6.00000000E+002"/>
</reaction>
<reaction formula="CH2(S)+O2=H+OH+CO">
<rate A=" 2.80000000E+013" B=" 0.00000000E+000" E=" 0.00000000E+000"/>
</reaction>
<reaction formula="CH2(S)+O2=CO+H2O">
<rate A=" 1.20000000E+013" B=" 0.00000000E+000" E=" 0.00000000E+000"/>
</reaction>
<reaction formula="CH2(S)+H2=CH3+H">
<rate A=" 7.00000000E+013" B=" 0.00000000E+000" E=" 0.00000000E+000"/>
</reaction>
<reaction formula="CH2(S)+H2O(+M)=CH3OH(+M)">
<rate A=" 4.82000000E+017" B="-1.16000000E+000" E=" 1.14500000E+003"/>
<thirdbody species="H2" factor=" 2.00000000E+000"/>
<thirdbody species="H2O" factor=" 6.00000000E+000"/>
<thirdbody species="CH4" factor=" 2.00000000E+000"/>
<thirdbody species="CO" factor=" 1.50000000E+000"/>
<thirdbody species="CO2" factor=" 2.00000000E+000"/>
<thirdbody species="C2H6" factor=" 3.00000000E+000"/>
<auxiliary keyword="LOW">
<data> 1.88000000E+038</data>
<data>-6.36000000E+000</data>
<data> 5.04000000E+003</data>
</auxiliary>
<auxiliary keyword="TROE">
<data> 6.02700000E-001</data>
<data> 2.08000000E+002</data>
<data> 3.92200000E+003</data>
<data> 1.01800000E+004</data>
</auxiliary>
</reaction>
<reaction formula="CH2(S)+H2O=CH2+H2O">
<rate A=" 3.00000000E+013" B=" 0.00000000E+000" E=" 0.00000000E+000"/>
</reaction>
<reaction formula="CH2(S)+CH3=H+C2H4">
<rate A=" 1.20000000E+013" B=" 0.00000000E+000" E="-5.70000000E+002"/>
</reaction>
<reaction formula="CH2(S)+CH4=2CH3">
<rate A=" 1.60000000E+013" B=" 0.00000000E+000" E="-5.70000000E+002"/>
</reaction>
<reaction formula="CH2(S)+CO=CH2+CO">
<rate A=" 9.00000000E+012" B=" 0.00000000E+000" E=" 0.00000000E+000"/>
</reaction>
<reaction formula="CH2(S)+CO2=CH2+CO2">
<rate A=" 7.00000000E+012" B=" 0.00000000E+000" E=" 0.00000000E+000"/>
</reaction>
<reaction formula="CH2(S)+CO2=CO+CH2O">
<rate A=" 1.40000000E+013" B=" 0.00000000E+000" E=" 0.00000000E+000"/>
</reaction>
<reaction formula="CH2(S)+C2H6=CH3+C2H5">
<rate A=" 4.00000000E+013" B=" 0.00000000E+000" E="-5.50000000E+002"/>
</reaction>
<reaction formula="CH3+O2=O+CH3O">
<rate A=" 3.56000000E+013" B=" 0.00000000E+000" E=" 3.04800000E+004"/>
</reaction>
<reaction formula="CH3+O2=OH+CH2O">
<rate A=" 2.31000000E+012" B=" 0.00000000E+000" E=" 2.03150000E+004"/>
</reaction>
<reaction formula="CH3+H2O2=HO2+CH4">
<rate A=" 2.45000000E+004" B=" 2.47000000E+000" E=" 5.18000000E+003"/>
</reaction>
<reaction formula="2CH3=C2H6">
<rate A=" 9.45000000E+014" B="-5.38000000E-001" E=" 1.35120000E+002"/>
</reaction>
<reaction formula="2CH3=H+C2H5">
<rate A=" 6.84000000E+012" B=" 1.00000000E-001" E=" 1.06000000E+004"/>
</reaction>
<reaction formula="CH3+HCO=CH4+CO">
<rate A=" 2.64800000E+013" B=" 0.00000000E+000" E=" 0.00000000E+000"/>
</reaction>
<reaction formula="CH3+CH2O=HCO+CH4">
<rate A=" 7.78000000E-008" B=" 6.10000000E+000" E=" 1.96914000E+003"/>
</reaction>
<reaction formula="CH3+CH3OH=CH2OH+CH4">
<rate A=" 3.00000000E+007" B=" 1.50000000E+000" E=" 9.94000000E+003"/>
</reaction>
<reaction formula="CH3+CH3OH=CH3O+CH4">
<rate A=" 1.00000000E+007" B=" 1.50000000E+000" E=" 9.94000000E+003"/>
</reaction>
<reaction formula="CH3+C2H4=C2H3+CH4">
<rate A=" 2.27000000E+005" B=" 2.00000000E+000" E=" 9.20000000E+003"/>
</reaction>
<reaction formula="CH3+C2H6=C2H5+CH4">
<rate A=" 6.14000000E+006" B=" 1.74000000E+000" E=" 1.04500000E+004"/>
</reaction>
<reaction formula="HCO+H2O=H+CO+H2O">
<rate A=" 1.50000000E+018" B="-1.00000000E+000" E=" 1.70000000E+004"/>
</reaction>
<reaction formula="HCO+M=H+CO+M">
<rate A=" 1.87000000E+017" B="-1.00000000E+000" E=" 1.70000000E+004"/>
<thirdbody species="H2" factor=" 2.00000000E+000"/>
<thirdbody species="H2O" factor=" 0.00000000E+000"/>
<thirdbody species="CH4" factor=" 2.00000000E+000"/>
<thirdbody species="CO" factor=" 1.50000000E+000"/>
<thirdbody species="CO2" factor=" 2.00000000E+000"/>
<thirdbody species="C2H6" factor=" 3.00000000E+000"/>
</reaction>
<reaction formula="HCO+O2=HO2+CO">
<rate A=" 1.34500000E+013" B=" 0.00000000E+000" E=" 4.00000000E+002"/>
</reaction>
<reaction formula="CH2OH+O2=HO2+CH2O">
<rate A=" 1.21000000E+012" B=" 0.00000000E+000" E=" 0.00000000E+000"/>
</reaction>
<reaction formula="CH3O+O2=HO2+CH2O">
<rate A=" 4.28000000E-013" B=" 7.60000000E+000" E="-3.53000000E+003"/>
</reaction>
<reaction formula="C2H+O2=HCO+CO">
<rate A=" 1.00000000E+013" B=" 0.00000000E+000" E="-7.55000000E+002"/>
</reaction>
<reaction formula="C2H+H2=H+C2H2">
<rate A=" 5.68000000E+010" B=" 9.00000000E-001" E=" 1.99300000E+003"/>
</reaction>
<reaction formula="C2H3+O2=HCO+CH2O">
<rate A=" 4.58000000E+016" B="-1.39000000E+000" E=" 1.01500000E+003"/>
</reaction>
<reaction formula="C2H4(+M)=H2+C2H2(+M)">
<rate A=" 8.00000000E+012" B=" 4.40000000E-001" E=" 8.67700000E+004"/>
<thirdbody species="H2" factor=" 2.00000000E+000"/>
<thirdbody species="H2O" factor=" 6.00000000E+000"/>
<thirdbody species="CH4" factor=" 2.00000000E+000"/>
<thirdbody species="CO" factor=" 1.50000000E+000"/>
<thirdbody species="CO2" factor=" 2.00000000E+000"/>
<thirdbody species="C2H6" factor=" 3.00000000E+000"/>
<thirdbody species="AR" factor=" 7.00000000E-001"/>
<auxiliary keyword="LOW">
<data> 1.58000000E+051</data>
<data>-9.30000000E+000</data>
<data> 9.78000000E+004</data>
</auxiliary>
<auxiliary keyword="TROE">
<data> 7.34500000E-001</data>
<data> 1.80000000E+002</data>
<data> 1.03500000E+003</data>
<data> 5.41700000E+003</data>
</auxiliary>
</reaction>
<reaction formula="C2H5+O2=HO2+C2H4">
<rate A=" 8.40000000E+011" B=" 0.00000000E+000" E=" 3.87500000E+003"/>
</reaction>
<reaction formula="HCCO+O2=OH+2CO">
<rate A=" 3.20000000E+012" B=" 0.00000000E+000" E=" 8.54000000E+002"/>
</reaction>
<reaction formula="2HCCO=2CO+C2H2">
<rate A=" 1.00000000E+013" B=" 0.00000000E+000" E=" 0.00000000E+000"/>
</reaction>
<reaction formula="O+CH3=>H+H2+CO">
<rate A=" 3.37000000E+013" B=" 0.00000000E+000" E=" 0.00000000E+000"/>
</reaction>
<reaction formula="O+C2H4=H+CH2CHO">
<rate A=" 6.70000000E+006" B=" 1.83000000E+000" E=" 2.20000000E+002"/>
</reaction>
<reaction formula="O+C2H5=H+CH3CHO">
<rate A=" 1.09600000E+014" B=" 0.00000000E+000" E=" 0.00000000E+000"/>
</reaction>
<reaction formula="OH+HO2=O2+H2O">
<rate A=" 5.00000000E+015" B=" 0.00000000E+000" E=" 1.73300000E+004"/>
<auxiliary keyword="DUP">
</auxiliary>
</reaction>
<reaction formula="OH+CH3=>H2+CH2O">
<rate A=" 8.00000000E+009" B=" 5.00000000E-001" E="-1.75500000E+003"/>
</reaction>
<reaction formula="CH+H2(+M)=CH3(+M)">
<rate A=" 1.97000000E+012" B=" 4.30000000E-001" E="-3.70000000E+002"/>
<thirdbody species="H2" factor=" 2.00000000E+000"/>
<thirdbody species="H2O" factor=" 6.00000000E+000"/>
<thirdbody species="CH4" factor=" 2.00000000E+000"/>
<thirdbody species="CO" factor=" 1.50000000E+000"/>
<thirdbody species="CO2" factor=" 2.00000000E+000"/>
<thirdbody species="C2H6" factor=" 3.00000000E+000"/>
<thirdbody species="AR" factor=" 7.00000000E-001"/>
<auxiliary keyword="LOW">
<data> 4.82000000E+025</data>
<data>-2.80000000E+000</data>
<data> 5.90000000E+002</data>
</auxiliary>
<auxiliary keyword="TROE">
<data> 5.78000000E-001</data>
<data> 1.22000000E+002</data>
<data> 2.53500000E+003</data>
<data> 9.36500000E+003</data>
</auxiliary>
</reaction>
<reaction formula="CH2+O2=>2H+CO2">
<rate A=" 5.80000000E+012" B=" 0.00000000E+000" E=" 1.50000000E+003"/>
</reaction>
<reaction formula="CH2+O2=O+CH2O">
<rate A=" 2.40000000E+012" B=" 0.00000000E+000" E=" 1.50000000E+003"/>
</reaction>
<reaction formula="2CH2=>2H+C2H2">
<rate A=" 2.00000000E+014" B=" 0.00000000E+000" E=" 1.09890000E+004"/>
</reaction>
<reaction formula="CH2(S)+H2O=>H2+CH2O">
<rate A=" 6.82000000E+010" B=" 2.50000000E-001" E="-9.35000000E+002"/>
</reaction>
<reaction formula="C2H3+O2=CH2CHO+O">
<rate A=" 5.50000000E+014" B="-6.11000000E-001" E=" 5.26000000E+003"/>
</reaction>
<reaction formula="C2H3+O2=HO2+C2H2">
<rate A=" 1.33700000E+006" B=" 1.61000000E+000" E="-3.84000000E+002"/>
</reaction>
<reaction formula="O+CH3CHO=OH+CH2CHO">
<rate A=" 2.92000000E+012" B=" 0.00000000E+000" E=" 1.80800000E+003"/>
</reaction>
<reaction formula="O+CH3CHO=>OH+CH3+CO">
<rate A=" 2.92000000E+012" B=" 0.00000000E+000" E=" 1.80800000E+003"/>
</reaction>
<reaction formula="O2+CH3CHO=>HO2+CH3+CO">
<rate A=" 3.01000000E+013" B=" 0.00000000E+000" E=" 3.91500000E+004"/>
</reaction>
<reaction formula="H+CH3CHO=CH2CHO+H2">
<rate A=" 2.05000000E+008" B=" 1.16000000E+000" E=" 2.40500000E+003"/>
</reaction>
<reaction formula="H+CH2CO(+M)=CH2CHO(+M)">
<rate A=" 4.86500000E+011" B=" 4.22000000E-001" E="-1.75500000E+003"/>
<thirdbody species="H2" factor=" 2.00000000E+000"/>
<thirdbody species="H2O" factor=" 6.00000000E+000"/>
<thirdbody species="CH4" factor=" 2.00000000E+000"/>
<thirdbody species="CO" factor=" 1.50000000E+000"/>
<thirdbody species="CO2" factor=" 2.00000000E+000"/>
<thirdbody species="C2H6" factor=" 3.00000000E+000"/>
<thirdbody species="AR" factor=" 7.00000000E-001"/>
<auxiliary keyword="LOW">
<data> 1.01200000E+042</data>
<data>-7.63000000E+000</data>
<data> 3.85400000E+003</data>
</auxiliary>
<auxiliary keyword="TROE">
<data> 4.65000000E-001</data>
<data> 2.01000000E+002</data>
<data> 1.77300000E+003</data>
<data> 5.33300000E+003</data>
</auxiliary>
</reaction>
<reaction formula="O+CH2CHO=>H+CH2+CO2">
<rate A=" 1.50000000E+014" B=" 0.00000000E+000" E=" 0.00000000E+000"/>
</reaction>
<reaction formula="O2+CH2CHO=>OH+CO+CH2O">
<rate A=" 1.81000000E+010" B=" 0.00000000E+000" E=" 0.00000000E+000"/>
</reaction>
<reaction formula="O2+CH2CHO=>OH+2HCO">
<rate A=" 2.35000000E+010" B=" 0.00000000E+000" E=" 0.00000000E+000"/>
</reaction>
<reaction formula="H+CH2CHO=CH3+HCO">
<rate A=" 2.20000000E+013" B=" 0.00000000E+000" E=" 0.00000000E+000"/>
</reaction>
<reaction formula="H+CH2CHO=CH2CO+H2">
<rate A=" 1.10000000E+013" B=" 0.00000000E+000" E=" 0.00000000E+000"/>
</reaction>
<reaction formula="OH+CH2CHO=H2O+CH2CO">
<rate A=" 1.20000000E+013" B=" 0.00000000E+000" E=" 0.00000000E+000"/>
</reaction>
<reaction formula="CH3+C2H5(+M)=C3H8(+M)">
<rate A=" 9.43000000E+012" B=" 0.00000000E+000" E=" 0.00000000E+000"/>
<thirdbody species="H2" factor=" 2.00000000E+000"/>
<thirdbody species="H2O" factor=" 6.00000000E+000"/>
<thirdbody species="CH4" factor=" 2.00000000E+000"/>
<thirdbody species="CO" factor=" 1.50000000E+000"/>
<thirdbody species="CO2" factor=" 2.00000000E+000"/>
<thirdbody species="C2H6" factor=" 3.00000000E+000"/>
<thirdbody species="AR" factor=" 7.00000000E-001"/>
<auxiliary keyword="LOW">
<data> 2.71000000E+074</data>
<data>-1.68200000E+001</data>
<data> 1.30650000E+004</data>
</auxiliary>
<auxiliary keyword="TROE">
<data> 1.52700000E-001</data>
<data> 2.91000000E+002</data>
<data> 2.74200000E+003</data>
<data> 7.74800000E+003</data>
</auxiliary>
</reaction>
<reaction formula="CH3O+CO=CH3+CO2">
<rate A=" 4.68000000E+002" B=" 3.16000000E+000" E=" 5.38000000E+003"/>
</reaction>
<reaction formula="CH2+CO2=CH2O+CO">
<rate A=" 1.10000000E+011" B=" 0.00000000E+000" E=" 1.00000000E+003"/>
</reaction>
<reaction formula="CH2+O2=CO2+H2">
<rate A=" 1.01000000E+021" B="-3.30000000E+000" E=" 1.50800000E+003"/>
</reaction>
<reaction formula="CH2+O2=CO+H2O">
<rate A=" 7.28000000E+019" B="-2.54000000E+000" E=" 1.80900000E+003"/>
</reaction>
<reaction formula="CH2+O2=HCO+OH">
<rate A=" 1.29000000E+020" B="-3.30000000E+000" E=" 2.84000000E+002"/>
</reaction>
<reaction formula="CH2+C2H2=pC3H3+H">
<rate A=" 1.20000000E+013" B=" 0.00000000E+000" E=" 6.60000000E+003"/>
</reaction>
<reaction formula="CH2(S)+M=CH2+M">
<rate A=" 1.00000000E+013" B=" 0.00000000E+000" E=" 0.00000000E+000"/>
<thirdbody species="H" factor=" 1.20000000E+001"/>
<thirdbody species="C2H2" factor=" 4.00000000E+000"/>
<thirdbody species="H2O" factor=" 3.00000000E+000"/>
</reaction>
<reaction formula="CH2(S)+C2H2=pC3H3+H">
<rate A=" 1.50000000E+014" B=" 0.00000000E+000" E=" 0.00000000E+000"/>
</reaction>
<reaction formula="CH2(S)+C2H4=aC3H5+H">
<rate A=" 1.30000000E+014" B=" 0.00000000E+000" E=" 0.00000000E+000"/>
</reaction>
<reaction formula="CH+C2H2=C3H2+H">
<rate A=" 1.00000000E+014" B=" 0.00000000E+000" E=" 0.00000000E+000"/>
</reaction>
<reaction formula="C2H5OH(+M)=CH3+CH2OH(+M)">
<rate A=" 5.94000000E+023" B="-1.68000000E+000" E=" 9.11630000E+004"/>
<thirdbody species="H2O" factor=" 5.00000000E+000"/>
<thirdbody species="H2" factor=" 2.00000000E+000"/>
<thirdbody species="CO2" factor=" 3.00000000E+000"/>
<thirdbody species="CO" factor=" 2.00000000E+000"/>
<auxiliary keyword="LOW">
<data> 2.88000000E+085</data>
<data>-1.89000000E+001</data>
<data> 1.09914000E+005</data>
</auxiliary>
<auxiliary keyword="TROE">
<data> 5.00000000E-001</data>
<data> 2.00000000E+002</data>
<data> 8.90000000E+002</data>
<data> 4.60000000E+003</data>
</auxiliary>
</reaction>
<reaction formula="C2H5OH(+M)=C2H5+OH(+M)">
<rate A=" 1.25000000E+023" B="-1.54000000E+000" E=" 9.60050000E+004"/>
<thirdbody species="H2O" factor=" 5.00000000E+000"/>
<thirdbody species="H2" factor=" 2.00000000E+000"/>
<thirdbody species="CO2" factor=" 3.00000000E+000"/>
<thirdbody species="CO" factor=" 2.00000000E+000"/>
<auxiliary keyword="LOW">
<data> 3.25200000E+085</data>
<data>-1.88100000E+001</data>
<data> 1.14930000E+005</data>
</auxiliary>
<auxiliary keyword="TROE">
<data> 5.00000000E-001</data>
<data> 3.00000000E+002</data>
<data> 9.00000000E+002</data>
<data> 5.00000000E+003</data>
</auxiliary>
</reaction>
<reaction formula="C2H5OH(+M)=C2H4+H2O(+M)">
<rate A=" 2.79000000E+013" B=" 9.00000000E-002" E=" 6.61360000E+004"/>
<thirdbody species="H2O" factor=" 5.00000000E+000"/>
<auxiliary keyword="LOW">
<data> 2.57000000E+083</data>
<data>-1.88500000E+001</data>
<data> 8.64520000E+004</data>
</auxiliary>
<auxiliary keyword="TROE">
<data> 7.00000000E-001</data>
<data> 3.50000000E+002</data>
<data> 8.00000000E+002</data>
<data> 3.80000000E+003</data>
</auxiliary>
</reaction>
<reaction formula="C2H5OH+OH=C2H5O-2+H2O">
<rate A=" 4.64000000E+011" B=" 1.50000000E-001" E=" 0.00000000E+000"/>
</reaction>
<reaction formula="C2H5OH+H=C2H5O-1+H2">
<rate A=" 1.23000000E+007" B=" 1.80000000E+000" E=" 5.09800000E+003"/>
</reaction>
<reaction formula="C2H5OH+H=C2H5O-2+H2">
<rate A=" 2.58000000E+007" B=" 1.65000000E+000" E=" 2.82700000E+003"/>
</reaction>
<reaction formula="C2H5OH+H=C2H5O-3+H2">
<rate A=" 1.50000000E+007" B=" 1.60000000E+000" E=" 3.03800000E+003"/>
</reaction>
<reaction formula="C2H5OH+CH3=C2H5O-1+CH4">
<rate A=" 2.19000000E+002" B=" 3.18000000E+000" E=" 9.62200000E+003"/>
</reaction>
<reaction formula="C2H5OH+CH3=C2H5O-2+CH4">
<rate A=" 7.28000000E+002" B=" 2.99000000E+000" E=" 7.94800000E+003"/>
</reaction>
<reaction formula="C2H5OH+CH3=C2H5O-3+CH4">
<rate A=" 1.45000000E+002" B=" 2.99000000E+000" E=" 7.64900000E+003"/>
</reaction>
<reaction formula="C2H5OH+HO2=C2H5O-2+H2O2">
<rate A=" 8.20000000E+003" B=" 2.55000000E+000" E=" 1.07500000E+004"/>
</reaction>
<reaction formula="C2H5O-3+M=CH3CHO+H+M">
<rate A=" 1.16000000E+035" B="-5.89000000E+000" E=" 2.52740000E+004"/>
</reaction>
<reaction formula="C2H5O-3+M=CH3+CH2O+M">
<rate A=" 1.35000000E+038" B="-6.96000000E+000" E=" 2.38000000E+004"/>
</reaction>
<reaction formula="C2H5O-3+O2=CH3CHO+HO2">
<rate A=" 4.00000000E+010" B=" 0.00000000E+000" E=" 1.10000000E+003"/>
</reaction>
<reaction formula="C2H5O-2+CH3=C3H6+H2O">
<rate A=" 1.00000000E+013" B=" 0.00000000E+000" E=" 0.00000000E+000"/>
</reaction>
<reaction formula="C2H5O-2+O=CH3CHO+OH">
<rate A=" 1.00000000E+014" B=" 0.00000000E+000" E=" 0.00000000E+000"/>
</reaction>
<reaction formula="C2H5O-2+H=C2H4+H2O">
<rate A=" 3.00000000E+013" B=" 0.00000000E+000" E=" 0.00000000E+000"/>
</reaction>
<reaction formula="C2H5O-2+H=CH3+CH2OH">
<rate A=" 3.00000000E+013" B=" 0.00000000E+000" E=" 0.00000000E+000"/>
</reaction>
<reaction formula="C2H5O-2+HO2=CH3CHO+2OH">
<rate A=" 4.00000000E+013" B=" 0.00000000E+000" E=" 0.00000000E+000"/>
</reaction>
<reaction formula="C2H5O-2+OH=CH3CHO+H2O">
<rate A=" 5.00000000E+012" B=" 0.00000000E+000" E=" 0.00000000E+000"/>
</reaction>
<reaction formula="C2H5O-2+M=CH3CHO+H+M">
<rate A=" 1.00000000E+014" B=" 0.00000000E+000" E=" 2.50000000E+004"/>
</reaction>
<reaction formula="CH3CHO+OH=CH3CO+H2O">
<rate A=" 9.24000000E+006" B=" 1.50000000E+000" E="-9.62000000E+002"/>
</reaction>
<reaction formula="CH3CHO+OH=CH2CHO+H2O">
<rate A=" 1.72000000E+005" B=" 2.40000000E+000" E=" 2.81500000E+003"/>
</reaction>
<reaction formula="CH3CHO+O=CH3CO+OH">
<rate A=" 1.77000000E+018" B="-1.90000000E+000" E=" 2.97500000E+003"/>
</reaction>
<reaction formula="CH3CHO+H=CH3CO+H2">
<rate A=" 4.10000000E+009" B=" 1.16000000E+000" E=" 2.40500000E+003"/>
</reaction>
<reaction formula="CH3CHO+CH3=CH3CO+CH4">
<rate A=" 9.00000000E-008" B=" 5.80000000E+000" E=" 2.20000000E+003"/>
</reaction>
<reaction formula="CH3CHO+CH3=CH2CHO+CH4">
<rate A=" 2.45000000E+001" B=" 3.15000000E+000" E=" 5.72700000E+003"/>
</reaction>
<reaction formula="CH3CHO+HO2=CH3CO+H2O2">
<rate A=" 2.40000000E+019" B="-2.20000000E+000" E=" 1.40300000E+004"/>
</reaction>
<reaction formula="CH3CHO+HO2=CH2CHO+H2O2">
<rate A=" 2.32000000E+011" B=" 4.00000000E-001" E=" 1.48640000E+004"/>
</reaction>
<reaction formula="CH3CHO+O2=CH3CO+HO2">
<rate A=" 1.00000000E+014" B=" 0.00000000E+000" E=" 4.22000000E+004"/>
</reaction>
<reaction formula="C2H5+HO2=C2H6+O2">
<rate A=" 3.00000000E+012" B=" 0.00000000E+000" E=" 0.00000000E+000"/>
</reaction>
<reaction formula="C2H5+HO2=C2H5O-3+OH">
<rate A=" 3.00000000E+013" B=" 0.00000000E+000" E=" 0.00000000E+000"/>
</reaction>
<reaction formula="C2H5+O2=CH3CHO+OH">
<rate A=" 4.90000000E+011" B="-4.80000000E-001" E=" 8.35700000E+003"/>
</reaction>
<reaction formula="C2H4+OH=C2H5O-1">
<rate A=" 1.29000000E+012" B=" 0.00000000E+000" E="-8.17000000E+002"/>
</reaction>
<reaction formula="C2H5O-1+O2=HOC2H4O2">
<rate A=" 1.00000000E+012" B=" 0.00000000E+000" E="-1.10000000E+003"/>
</reaction>
<reaction formula="HOC2H4O2=2CH2O+OH">
<rate A=" 6.00000000E+010" B=" 0.00000000E+000" E=" 2.45000000E+004"/>
</reaction>
<reaction formula="C2H3+CH3=aC3H5+H">
<rate A=" 4.73000000E+002" B=" 3.70000000E+000" E=" 5.67700000E+003"/>
</reaction>
<reaction formula="C2H3+CH3=C2H2+CH4">
<rate A=" 2.00000000E+013" B=" 0.00000000E+000" E=" 0.00000000E+000"/>
</reaction>
<reaction formula="C2H2+CH3=C2H+CH4">
<rate A=" 1.81000000E+011" B=" 0.00000000E+000" E=" 1.72890000E+004"/>
</reaction>
<reaction formula="C2H2+O2=HCCO+OH">
<rate A=" 4.00000000E+007" B=" 1.50000000E+000" E=" 3.01000000E+004"/>
</reaction>
<reaction formula="C2H2+H(+M)=C2H3(+M)">
<rate A=" 3.11000000E+012" B=" 5.80000000E-001" E=" 2.58900000E+003"/>
<thirdbody species="H2O" factor=" 5.00000000E+000"/>
<thirdbody species="H2" factor=" 2.00000000E+000"/>
<thirdbody species="CO2" factor=" 3.00000000E+000"/>
<thirdbody species="CO" factor=" 2.00000000E+000"/>
<auxiliary keyword="LOW">
<data> 2.25000000E+040</data>
<data>-7.26900000E+000</data>
<data> 6.57700000E+003</data>
</auxiliary>
<auxiliary keyword="TROE">
<data> 1.00000000E+000</data>
<data> 1.00000000E-015</data>
<data> 6.75000000E+002</data>
<data> 1.00000000E+015</data>
</auxiliary>
</reaction>
<reaction formula="CH2CHO+CH3=C2H5+CO+H">
<rate A=" 4.90000000E+014" B="-5.00000000E-001" E=" 0.00000000E+000"/>
</reaction>
<reaction formula="CH2CHO+HO2=CH3CHO+O2">
<rate A=" 3.00000000E+012" B=" 0.00000000E+000" E=" 0.00000000E+000"/>
</reaction>
<reaction formula="CH3CO(+M)=CH3+CO(+M)">
<rate A=" 3.00000000E+012" B=" 0.00000000E+000" E=" 1.67220000E+004"/>
<auxiliary keyword="LOW">
<data> 1.20000000E+015</data>
<data> 0.00000000E+000</data>
<data> 1.25180000E+004</data>
</auxiliary>
</reaction>
<reaction formula="CH2CO+OH=CH2OH+CO">
<rate A=" 3.73000000E+012" B=" 0.00000000E+000" E="-1.01300000E+003"/>
</reaction>
<reaction formula="C2H+O2=2CO+H">
<rate A=" 9.04000000E+012" B=" 0.00000000E+000" E="-4.57000000E+002"/>
</reaction>
<reaction formula="HCCO+O=CH+CO2">
<rate A=" 2.95000000E+013" B=" 0.00000000E+000" E=" 1.11300000E+003"/>
</reaction>
<reaction formula="HCCO+O2=HCO+CO+O">
<rate A=" 2.50000000E+008" B=" 1.00000000E+000" E=" 0.00000000E+000"/>
</reaction>
<reaction formula="HCCO+O2=CO2+HCO">
<rate A=" 2.40000000E+011" B=" 0.00000000E+000" E="-8.54000000E+002"/>
</reaction>
<reaction formula="HCCO+OH=C2O+H2O">
<rate A=" 3.00000000E+013" B=" 0.00000000E+000" E=" 0.00000000E+000"/>
</reaction>
<reaction formula="C2O+H=CH+CO">
<rate A=" 1.00000000E+013" B=" 0.00000000E+000" E=" 0.00000000E+000"/>
</reaction>
<reaction formula="C2O+O=2CO">
<rate A=" 5.00000000E+013" B=" 0.00000000E+000" E=" 0.00000000E+000"/>
</reaction>
<reaction formula="C2O+OH=2CO+H">
<rate A=" 2.00000000E+013" B=" 0.00000000E+000" E=" 0.00000000E+000"/>
</reaction>
<reaction formula="C2O+O2=2CO+O">
<rate A=" 2.00000000E+013" B=" 0.00000000E+000" E=" 0.00000000E+000"/>
</reaction>
<reaction formula="C3H7-2+HO2=C3H8+O2">
<rate A=" 3.00000000E+012" B=" 0.00000000E+000" E=" 0.00000000E+000"/>
</reaction>
<reaction formula="C3H7-1+HO2=C3H8+O2">
<rate A=" 3.00000000E+012" B=" 0.00000000E+000" E=" 0.00000000E+000"/>
</reaction>
<reaction formula="C3H8+OH=C3H7-1+H2O">
<rate A=" 3.16000000E+007" B=" 1.80000000E+000" E=" 9.34000000E+002"/>
</reaction>
<reaction formula="C3H8+OH=C3H7-2+H2O">
<rate A=" 7.08000000E+006" B=" 1.90000000E+000" E="-1.59000000E+002"/>
</reaction>
<reaction formula="C3H8+H=C3H7-2+H2">
<rate A=" 1.30000000E+006" B=" 2.40000000E+000" E=" 4.47100000E+003"/>
</reaction>
<reaction formula="C3H8+H=C3H7-1+H2">
<rate A=" 1.33000000E+006" B=" 2.54000000E+000" E=" 6.75600000E+003"/>
</reaction>
<reaction formula="C3H8+CH3=C3H7-1+CH4">
<rate A=" 9.04000000E-001" B=" 3.65000000E+000" E=" 7.15300000E+003"/>
</reaction>
<reaction formula="C3H8+CH3=C3H7-2+CH4">
<rate A=" 1.51000000E+000" B=" 3.46000000E+000" E=" 5.48000000E+003"/>
</reaction>
<reaction formula="C3H7-1(+M)=C2H4+CH3(+M)">
<rate A=" 1.23000000E+013" B="-1.00000000E-001" E=" 3.02020000E+004"/>
<thirdbody species="H2O" factor=" 5.00000000E+000"/>
<thirdbody species="H2" factor=" 2.00000000E+000"/>
<thirdbody species="CO2" factor=" 3.00000000E+000"/>
<thirdbody species="CO" factor=" 2.00000000E+000"/>
<auxiliary keyword="LOW">
<data> 5.48500000E+049</data>
<data>-1.00000000E+001</data>
<data> 3.57660000E+004</data>
</auxiliary>
<auxiliary keyword="TROE">
<data> 2.17000000E+000</data>
<data> 1.00000000E-015</data>
<data> 2.51000000E+002</data>
<data> 1.18500000E+003</data>
</auxiliary>
</reaction>
<reaction formula="C3H6+H(+M)=C3H7-2(+M)">
<rate A=" 5.70000000E+009" B=" 1.16000000E+000" E=" 8.74000000E+002"/>
<thirdbody species="H2O" factor=" 5.00000000E+000"/>
<thirdbody species="H2" factor=" 2.00000000E+000"/>
<thirdbody species="CO2" factor=" 3.00000000E+000"/>
<thirdbody species="CO" factor=" 2.00000000E+000"/>
<auxiliary keyword="LOW">
<data> 1.64000000E+054</data>
<data>-1.11000000E+001</data>
<data> 9.36400000E+003</data>
</auxiliary>
<auxiliary keyword="TROE">
<data> 1.00000000E+000</data>
<data> 1.00000000E-015</data>
<data> 2.60000000E+002</data>
<data> 3.00000000E+003</data>
</auxiliary>
</reaction>
<reaction formula="C3H7-2+O2=C3H6+HO2">
<rate A=" 1.88000000E+020" B="-2.69000000E+000" E=" 7.10900000E+003"/>
</reaction>
<reaction formula="C3H7-2+H=C2H5+CH3">
<rate A=" 5.00000000E+013" B=" 0.00000000E+000" E=" 0.00000000E+000"/>
</reaction>
<reaction formula="C3H6=C2H2+CH4">
<rate A=" 2.50000000E+012" B=" 0.00000000E+000" E=" 7.00000000E+004"/>
</reaction>
<reaction formula="C3H6=aC3H4+H2">
<rate A=" 3.00000000E+013" B=" 0.00000000E+000" E=" 8.00000000E+004"/>
</reaction>
<reaction formula="pC3H5+H=C3H6">
<rate A=" 1.00000000E+014" B=" 0.00000000E+000" E=" 0.00000000E+000"/>
</reaction>
<reaction formula="sC3H5+H=C3H6">
<rate A=" 1.00000000E+014" B=" 0.00000000E+000" E=" 0.00000000E+000"/>
</reaction>
<reaction formula="C3H6+OH=aC3H5+H2O">
<rate A=" 3.12000000E+006" B=" 2.00000000E+000" E="-2.98000000E+002"/>
</reaction>
<reaction formula="C3H6+OH=sC3H5+H2O">
<rate A=" 1.11000000E+006" B=" 2.00000000E+000" E=" 1.45100000E+003"/>
</reaction>
<reaction formula="C3H6+OH=pC3H5+H2O">
<rate A=" 2.11000000E+006" B=" 2.00000000E+000" E=" 2.77800000E+003"/>
</reaction>
<reaction formula="C3H6+O=C3H4O-enone+2H">
<rate A=" 5.01000000E+007" B=" 1.76000000E+000" E=" 7.60000000E+001"/>
</reaction>
<reaction formula="C3H6+H=aC3H5+H2">
<rate A=" 1.73000000E+005" B=" 2.50000000E+000" E=" 2.49200000E+003"/>
</reaction>
<reaction formula="C3H6+H=sC3H5+H2">
<rate A=" 4.09000000E+005" B=" 2.50000000E+000" E=" 9.79400000E+003"/>
</reaction>
<reaction formula="C3H6+H=pC3H5+H2">
<rate A=" 8.04000000E+005" B=" 2.50000000E+000" E=" 1.22840000E+004"/>
</reaction>
<reaction formula="aC3H5+HO2=C3H6+O2">
<rate A=" 3.00000000E+012" B=" 0.00000000E+000" E=" 0.00000000E+000"/>
</reaction>
<reaction formula="C3H6+CH3=aC3H5+CH4">
<rate A=" 2.22000000E+000" B=" 3.50000000E+000" E=" 5.67500000E+003"/>
</reaction>
<reaction formula="C3H6+CH3=sC3H5+CH4">
<rate A=" 8.43000000E-001" B=" 3.50000000E+000" E=" 1.16560000E+004"/>
</reaction>
<reaction formula="C3H6+CH3=pC3H5+CH4">
<rate A=" 1.35000000E+000" B=" 3.50000000E+000" E=" 1.28480000E+004"/>
</reaction>
<reaction formula="C3H4O-enone+OH=C3H3O-enone+H2O">
<rate A=" 4.00000000E+006" B=" 2.00000000E+000" E=" 0.00000000E+000"/>
</reaction>
<reaction formula="C3H4O-enone+O=C3H3O-enone+OH">
<rate A=" 7.60000000E+008" B=" 1.50000000E+000" E=" 8.50000000E+003"/>
</reaction>
<reaction formula="C3H4O-enone+H=C3H3O-enone+H2">
<rate A=" 2.00000000E+005" B=" 2.50000000E+000" E=" 2.50000000E+003"/>
</reaction>
<reaction formula="C3H4O-enone+O=CH3+HCO+CO">
<rate A=" 3.00000000E+007" B=" 2.00000000E+000" E=" 0.00000000E+000"/>
</reaction>
<reaction formula="C3H4O+OH=C3H3O-enone+H2O">
<rate A=" 1.00000000E+013" B=" 0.00000000E+000" E=" 0.00000000E+000"/>
</reaction>
<reaction formula="C3H4O+O=C3H3O-enone+OH">
<rate A=" 7.24000000E+012" B=" 0.00000000E+000" E=" 1.97000000E+003"/>
</reaction>
<reaction formula="C3H4O+O=CH2CO+HCO+H">
<rate A=" 5.01000000E+007" B=" 1.76000000E+000" E=" 7.60000000E+001"/>
</reaction>
<reaction formula="C3H4O+H=C3H3O-enone+H2">
<rate A=" 3.98000000E+013" B=" 0.00000000E+000" E=" 4.20000000E+003"/>
</reaction>
<reaction formula="C3H4O+H=C2H4+HCO">
<rate A=" 2.00000000E+013" B=" 0.00000000E+000" E=" 3.50000000E+003"/>
</reaction>
<reaction formula="aC3H5+O2=C3H4O+OH">
<rate A=" 1.82000000E+013" B="-4.10000000E-001" E=" 2.28590000E+004"/>
</reaction>
<reaction formula="aC3H5+O2=CH2CHO+CH2O">
<rate A=" 1.06000000E+010" B=" 3.40000000E-001" E=" 1.28380000E+004"/>
</reaction>
<reaction formula="aC3H5+O2=C2H2+CH2O+OH">
<rate A=" 2.78000000E+025" B="-4.80000000E+000" E=" 1.54680000E+004"/>
</reaction>
<reaction formula="aC3H5+H=aC3H4+H2">
<rate A=" 5.00000000E+013" B=" 0.00000000E+000" E=" 0.00000000E+000"/>
</reaction>
<reaction formula="aC3H5+H=C3H6">
<rate A=" 1.88000000E+026" B="-3.60000000E+000" E=" 5.46800000E+003"/>
</reaction>
<reaction formula="aC3H5+O=C3H4O+H">
<rate A=" 1.81000000E+014" B=" 0.00000000E+000" E=" 0.00000000E+000"/>
</reaction>
<reaction formula="aC3H5+CH3=aC3H4+CH4">
<rate A=" 3.02000000E+012" B="-3.20000000E-001" E="-1.31000000E+002"/>
</reaction>
<reaction formula="pC3H5+O2=CH3CHO+HCO">
<rate A=" 1.09000000E+023" B="-3.29000000E+000" E=" 3.89200000E+003"/>
</reaction>
<reaction formula="pC3H5+O2=C3H4O-enone+H+O">
<rate A=" 1.60000000E+015" B="-7.80000000E-001" E=" 3.13500000E+003"/>
</reaction>
<reaction formula="pC3H5+H=aC3H5+H">
<rate A=" 1.00000000E+014" B=" 0.00000000E+000" E=" 0.00000000E+000"/>
</reaction>
<reaction formula="sC3H5+H=aC3H5+H">
<rate A=" 1.00000000E+014" B=" 0.00000000E+000" E=" 0.00000000E+000"/>
</reaction>
<reaction formula="sC3H5+O2=CH3CO+CH2O">
<rate A=" 1.09000000E+022" B="-3.29000000E+000" E=" 3.89200000E+003"/>
</reaction>
<reaction formula="sC3H5+H=pC3H4+H2">
<rate A=" 4.00000000E+013" B=" 0.00000000E+000" E=" 0.00000000E+000"/>
</reaction>
<reaction formula="sC3H5+OH=pC3H4+H2O">
<rate A=" 2.00000000E+013" B=" 0.00000000E+000" E=" 0.00000000E+000"/>
</reaction>
<reaction formula="aC3H4+CH3=pC3H3+CH4">
<rate A=" 3.00000000E+001" B=" 3.50000000E+000" E=" 5.60000000E+003"/>
</reaction>
<reaction formula="aC3H4=pC3H4">
<rate A=" 1.48000000E+013" B=" 0.00000000E+000" E=" 6.04010000E+004"/>
</reaction>
<reaction formula="pC3H4+H=pC3H3+H2">
<rate A=" 2.00000000E+007" B=" 2.00000000E+000" E=" 5.00000000E+003"/>
</reaction>
<reaction formula="CH3+pC3H4=CH4+pC3H3">
<rate A=" 1.98000000E+014" B=" 0.00000000E+000" E=" 1.31000000E+004"/>
</reaction>
<reaction formula="pC3H4+H(+M)=sC3H5(+M)">
<rate A=" 6.50000000E+012" B=" 0.00000000E+000" E=" 2.00000000E+003"/>
<auxiliary keyword="LOW">
<data> 8.45000000E+039</data>
<data>-7.27000000E+000</data>
<data> 6.57700000E+003</data>
</auxiliary>
</reaction>
<reaction formula="aC3H4+H(+M)=aC3H5(+M)">
<rate A=" 1.20000000E+011" B=" 6.90000000E-001" E=" 3.00700000E+003"/>
<auxiliary keyword="LOW">
<data> 5.56000000E+033</data>
<data>-5.00000000E+000</data>
<data> 4.44800000E+003</data>
</auxiliary>
</reaction>
<reaction formula="aC3H4+H(+M)=sC3H5(+M)">
<rate A=" 8.49000000E+011" B=" 0.00000000E+000" E=" 2.00000000E+003"/>
<auxiliary keyword="LOW">
<data> 1.11000000E+034</data>
<data>-5.00000000E+000</data>
<data> 4.44800000E+003</data>
</auxiliary>
</reaction>
<reaction formula="pC3H3+O2=CH2CO+HCO">
<rate A=" 3.00000000E+010" B=" 0.00000000E+000" E=" 2.86800000E+003"/>
</reaction>
<reaction formula="pC3H3+O=CH2O+C2H">
<rate A=" 1.40000000E+014" B=" 0.00000000E+000" E=" 0.00000000E+000"/>
</reaction>
<reaction formula="pC3H3+H(+M)=aC3H4(+M)">
<rate A=" 1.66000000E+015" B="-3.70000000E-001" E=" 0.00000000E+000"/>
<thirdbody species="H2O" factor=" 5.00000000E+000"/>
<thirdbody species="H2" factor=" 2.00000000E+000"/>
<thirdbody species="CO2" factor=" 3.00000000E+000"/>
<thirdbody species="CO" factor=" 2.00000000E+000"/>
<thirdbody species="O2" factor=" 2.00000000E+000"/>
<thirdbody species="C2H2" factor=" 2.00000000E+000"/>
<auxiliary keyword="LOW">
<data> 3.36000000E+045</data>
<data>-8.52000000E+000</data>
<data> 6.29300000E+003</data>
</auxiliary>
</reaction>
<reaction formula="C3H2+O2=HCCO+CO+H">
<rate A=" 2.00000000E+012" B=" 0.00000000E+000" E=" 1.00000000E+003"/>
</reaction>
<reaction formula="C3H2+OH=C2H2+HCO">
<rate A=" 5.00000000E+013" B=" 0.00000000E+000" E=" 0.00000000E+000"/>
</reaction>
<reaction formula="nC4H10O+O=C4H9O-1+OH">
<rate A=" 9.54000000E+004" B=" 2.71000000E+000" E=" 2.10600000E+003"/>
</reaction>
<reaction formula="nC4H10O+O=C4H9O-2+OH">
<rate A=" 4.28900000E+005" B=" 2.65000000E+000" E=" 2.58365000E+003"/>
</reaction>
<reaction formula="nC4H10O+O=C4H9O-3+OH">
<rate A=" 4.28900000E+005" B=" 2.65000000E+000" E=" 2.58365000E+003"/>
</reaction>
<reaction formula="nC4H10O+O=C4H9O-4+OH">
<rate A=" 4.28900000E+005" B=" 2.79000000E+000" E=" 2.18365000E+003"/>
</reaction>
<reaction formula="nC4H10O+O=C4H9O-5+OH">
<rate A=" 1.00000000E+013" B=" 0.00000000E+000" E=" 4.69000000E+003"/>
</reaction>
<reaction formula="nC4H10O+H=C4H9O-1+H2">
<rate A=" 2.00000000E+007" B=" 1.70000000E+000" E=" 7.68000000E+003"/>
</reaction>
<reaction formula="nC4H10O+H=C4H9O-2+H2">
<rate A=" 8.00000000E+007" B=" 1.60000000E+000" E=" 5.98000000E+003"/>
</reaction>
<reaction formula="nC4H10O+H=C4H9O-3+H2">
<rate A=" 1.00000000E+008" B=" 1.60000000E+000" E=" 5.98000000E+003"/>
</reaction>
<reaction formula="nC4H10O+H=C4H9O-4+H2">
<rate A=" 5.00000000E+005" B=" 2.20000000E+000" E=" 1.53000000E+003"/>
</reaction>
<reaction formula="nC4H10O+H=C4H9O-5+H2">
<rate A=" 8.70000000E+008" B=" 1.39000000E+000" E=" 1.00700000E+004"/>
</reaction>
<reaction formula="nC4H10O+OH=H2O+C4H9O-1">
<rate A=" 9.00000000E+005" B=" 1.90000000E+000" E=" 8.60000000E+002"/>
</reaction>
<reaction formula="nC4H10O+OH=H2O+C4H9O-2">
<rate A=" 9.00000000E+005" B=" 1.90000000E+000" E=" 1.60000000E+002"/>
</reaction>
<reaction formula="nC4H10O+OH=H2O+C4H9O-3">
<rate A=" 9.00000000E+005" B=" 1.90000000E+000" E=" 1.60000000E+002"/>
</reaction>
<reaction formula="nC4H10O+OH=H2O+C4H9O-4">
<rate A=" 3.90000000E+006" B=" 1.90000000E+000" E=" 1.60000000E+002"/>
</reaction>
<reaction formula="nC4H10O+OH=H2O+C4H9O-5">
<rate A=" 2.46000000E+011" B=" 3.00000000E-001" E=" 1.83400000E+003"/>
</reaction>
<reaction formula="nC4H10O+CH3=C4H9O-1+CH4">
<rate A=" 4.00000000E+005" B=" 1.97000000E+000" E=" 1.12300000E+004"/>
</reaction>
<reaction formula="nC4H10O+CH3=C4H9O-2+CH4">
<rate A=" 9.90000000E+005" B=" 1.77000000E+000" E=" 8.23000000E+003"/>
</reaction>
<reaction formula="nC4H10O+CH3=C4H9O-3+CH4">
<rate A=" 9.90000000E+005" B=" 1.77000000E+000" E=" 8.23000000E+003"/>
</reaction>
<reaction formula="nC4H10O+CH3=C4H9O-4+CH4">
<rate A=" 1.40000000E+006" B=" 1.82000000E+000" E=" 6.53000000E+003"/>
</reaction>
<reaction formula="C4H9O-5+CH4=nC4H10O+CH3">
<rate A=" 1.20000000E-004" B=" 5.00000000E+000" E=" 5.58000000E+003"/>
</reaction>
<reaction formula="nC4H10O+CH2OH=C4H9O-1+CH3OH">
<rate A=" 5.40000000E+005" B=" 1.80000000E+000" E=" 1.50500000E+004"/>
</reaction>
<reaction formula="nC4H10O+CH2OH=C4H9O-2+CH3OH">
<rate A=" 9.91400000E+005" B=" 1.75300000E+000" E=" 1.25321200E+004"/>
</reaction>
<reaction formula="nC4H10O+CH2OH=C4H9O-3+CH3OH">
<rate A=" 9.91400000E+005" B=" 1.75300000E+000" E=" 1.25321200E+004"/>
</reaction>
<reaction formula="nC4H10O+CH2OH=C4H9O-4+CH3OH">
<rate A=" 9.90400000E+005" B=" 1.78600000E+000" E=" 1.34483300E+004"/>
</reaction>
<reaction formula="nC4H10O+CH2OH=C4H9O-5+CH3OH">
<rate A=" 2.50000000E-005" B=" 5.00000000E+000" E=" 1.25800000E+004"/>
</reaction>
<reaction formula="nC4H10O+CH3O=C4H9O-1+CH3OH">
<rate A=" 1.42000000E+011" B=" 0.00000000E+000" E=" 7.00000000E+003"/>
</reaction>
<reaction formula="nC4H10O+CH3O=C4H9O-2+CH3OH">
<rate A=" 2.20000000E+011" B=" 0.00000000E+000" E=" 4.57000000E+003"/>
</reaction>
<reaction formula="nC4H10O+CH3O=C4H9O-3+CH3OH">
<rate A=" 2.20000000E+011" B=" 0.00000000E+000" E=" 4.57000000E+003"/>
</reaction>
<reaction formula="nC4H10O+CH3O=C4H9O-4+CH3OH">
<rate A=" 3.17300000E+009" B=" 9.50000000E-001" E=" 5.64400000E+003"/>
</reaction>
<reaction formula="C4H9O-5+CH3OH=nC4H10O+CH3O">
<rate A=" 1.73000000E+001" B=" 3.40000000E+000" E="-1.14000000E+003"/>
</reaction>
<reaction formula="nC4H10O+C2H5=C4H9O-1+C2H6">
<rate A=" 1.04000000E+005" B=" 1.90000000E+000" E=" 1.10500000E+004"/>
</reaction>
<reaction formula="nC4H10O+C2H5=C4H9O-2+C2H6">
<rate A=" 5.10000000E+005" B=" 1.67000000E+000" E=" 8.53000000E+003"/>
</reaction>
<reaction formula="nC4H10O+C2H5=C4H9O-3+C2H6">
<rate A=" 5.10000000E+005" B=" 1.67000000E+000" E=" 8.53000000E+003"/>
</reaction>
<reaction formula="nC4H10O+C2H5=C4H9O-4+C2H6">
<rate A=" 2.04000000E+005" B=" 1.88600000E+000" E=" 9.44833000E+003"/>
</reaction>
<reaction formula="C4H9O-5+C2H6=nC4H10O+C2H5">
<rate A=" 2.84400000E+012" B=" 0.00000000E+000" E=" 9.00000000E+003"/>
</reaction>
<reaction formula="nC4H10O+C3H7-1=C4H9O-1+C3H8">
<rate A=" 1.34000000E+005" B=" 1.90000000E+000" E=" 1.20500000E+004"/>
</reaction>
<reaction formula="nC4H10O+C3H7-1=C4H9O-2+C3H8">
<rate A=" 5.04000000E+005" B=" 1.77000000E+000" E=" 1.05300000E+004"/>
</reaction>
<reaction formula="nC4H10O+C3H7-1=C4H9O-3+C3H8">
<rate A=" 5.04000000E+005" B=" 1.77000000E+000" E=" 1.05300000E+004"/>
</reaction>
<reaction formula="nC4H10O+C3H7-1=C4H9O-4+C3H8">
<rate A=" 5.04000000E+005" B=" 1.77000000E+000" E=" 9.44833000E+003"/>
</reaction>
<reaction formula="nC4H10O+C3H7-1=C4H9O-5+C3H8">
<rate A=" 7.55000000E-005" B=" 4.00000000E+000" E=" 5.58000000E+003"/>
</reaction>
<reaction formula="C4H9O-1+nC4H10=nC4H10O+C4H9-1">
<rate A=" 6.59000000E+002" B=" 2.61000000E+000" E=" 1.29200000E+004"/>
</reaction>
<reaction formula="nC4H10O+C4H9-1=C4H9O-2+nC4H10">
<rate A=" 3.08000000E+003" B=" 2.66000000E+000" E=" 1.01000000E+004"/>
</reaction>
<reaction formula="nC4H10O+C4H9-1=C4H9O-3+nC4H10">
<rate A=" 3.08000000E+003" B=" 2.66000000E+000" E=" 1.01000000E+004"/>
</reaction>
<reaction formula="nC4H10O+C4H9-1=C4H9O-4+nC4H10">
<rate A=" 3.04000000E+006" B=" 1.88600000E+000" E=" 9.44833000E+003"/>
</reaction>
<reaction formula="C4H9O-5+nC4H10=nC4H10O+C4H9-1">
<rate A=" 4.74000000E+011" B=" 0.00000000E+000" E=" 7.00000000E+003"/>
</reaction>
<reaction formula="C4H9O-1+nC4H10=nC4H10O+C4H9-2">
<rate A=" 1.54000000E+003" B=" 2.66000000E+000" E=" 1.21000000E+004"/>
</reaction>
<reaction formula="C4H9O-2+nC4H10=nC4H10O+C4H9-2">
<rate A=" 1.52000000E+001" B=" 3.19000000E+000" E=" 1.03100000E+004"/>
</reaction>
<reaction formula="C4H9O-3+nC4H10=nC4H10O+C4H9-2">
<rate A=" 1.52000000E+001" B=" 3.19000000E+000" E=" 1.03100000E+004"/>
</reaction>
<reaction formula="nC4H10O+C4H9-2=C4H9O-4+nC4H10">
<rate A=" 3.04000000E+006" B=" 1.88600000E+000" E=" 9.44833000E+003"/>
</reaction>
<reaction formula="C4H9O-5+nC4H10=nC4H10O+C4H9-2">
<rate A=" 7.25000000E+010" B=" 0.00000000E+000" E=" 4.57000000E+003"/>
</reaction>
<reaction formula="HO2+C4H9O-1=O2+nC4H10O">
<rate A=" 3.00000000E+011" B=" 0.00000000E+000" E=" 0.00000000E+000"/>
</reaction>
<reaction formula="HO2+C4H9O-2=O2+nC4H10O">
<rate A=" 3.00000000E+011" B=" 0.00000000E+000" E=" 0.00000000E+000"/>
</reaction>
<reaction formula="HO2+C4H9O-3=O2+nC4H10O">
<rate A=" 3.00000000E+011" B=" 0.00000000E+000" E=" 0.00000000E+000"/>
</reaction>
<reaction formula="HO2+C4H9O-4=O2+nC4H10O">
<rate A=" 3.00000000E+011" B=" 0.00000000E+000" E=" 0.00000000E+000"/>
</reaction>
<reaction formula="HO2+C4H9O-5=O2+nC4H10O">
<rate A=" 1.75000000E+010" B=" 0.00000000E+000" E="-3.27500000E+003"/>
</reaction>
<reaction formula="C4H9O-1+H2O2=nC4H10O+HO2">
<rate A=" 1.48670000E+003" B=" 2.38600000E+000" E=" 9.69000000E+003"/>
</reaction>
<reaction formula="C4H9O-2+H2O2=nC4H10O+HO2">
<rate A=" 1.48670000E+003" B=" 2.38600000E+000" E=" 9.69000000E+003"/>
</reaction>
<reaction formula="C4H9O-3+H2O2=nC4H10O+HO2">
<rate A=" 1.48670000E+003" B=" 2.38600000E+000" E=" 9.69000000E+003"/>
</reaction>
<reaction formula="C4H9O-4+H2O2=nC4H10O+HO2">
<rate A=" 1.48670000E+003" B=" 2.38600000E+000" E=" 9.69000000E+003"/>
</reaction>
<reaction formula="C4H9O-5+H2O2=nC4H10O+HO2">
<rate A=" 1.73000000E+001" B=" 3.40000000E+000" E="-1.14000000E+003"/>
</reaction>
<reaction formula="nC4H10O+C2H5O-1=C4H9O-1+C2H5OH">
<rate A=" 1.07700000E+003" B=" 2.71000000E+000" E=" 1.39200000E+004"/>
</reaction>
<reaction formula="nC4H10O+C2H5O-1=C4H9O-2+C2H5OH">
<rate A=" 3.08000000E+003" B=" 2.66000000E+000" E=" 1.01000000E+004"/>
</reaction>
<reaction formula="nC4H10O+C2H5O-1=C4H9O-3+C2H5OH">
<rate A=" 3.08000000E+003" B=" 2.66000000E+000" E=" 1.01000000E+004"/>
</reaction>
<reaction formula="nC4H10O+C2H5O-1=C4H9O-4+C2H5OH">
<rate A=" 3.04000000E+006" B=" 1.88600000E+000" E=" 9.44833000E+003"/>
</reaction>
<reaction formula="C4H9O-5+C2H5OH=nC4H10O+C2H5O-1">
<rate A=" 4.74000000E+011" B=" 0.00000000E+000" E=" 7.00000000E+003"/>
</reaction>
<reaction formula="C4H7-14+nC4H10O=C4H8-1+C4H9O-2">
<rate A=" 3.08000000E+003" B=" 2.66000000E+000" E=" 1.01000000E+004"/>
</reaction>
<reaction formula="C4H7-14+nC4H10O=C4H8-1+C4H9O-3">
<rate A=" 3.08000000E+003" B=" 2.66000000E+000" E=" 1.01000000E+004"/>
</reaction>
<reaction formula="C4H7-14+nC4H10O=C4H8-1+C4H9O-4">
<rate A=" 3.04000000E+006" B=" 1.88600000E+000" E=" 9.44833000E+003"/>
</reaction>
<reaction formula="C4H8-1+C4H9O-5=C4H7-14+nC4H10O">
<rate A=" 1.42000000E+012" B=" 0.00000000E+000" E=" 7.00000000E+003"/>
</reaction>
<reaction formula="C4H8-1+C4H9O-2=C4H7-24+nC4H10O">
<rate A=" 1.04000000E+006" B=" 1.88600000E+000" E=" 9.44833000E+003"/>
</reaction>
<reaction formula="C4H8-1+C4H9O-3=C4H7-24+nC4H10O">
<rate A=" 1.04000000E+006" B=" 1.88600000E+000" E=" 9.44833000E+003"/>
</reaction>
<reaction formula="C4H8-1+C4H9O-4=C4H7-24+nC4H10O">
<rate A=" 1.04000000E+006" B=" 1.88600000E+000" E=" 9.44833000E+003"/>
</reaction>
<reaction formula="C4H8-1+C4H9O-5=C4H7-24+nC4H10O">
<rate A=" 1.68000000E+009" B=" 1.00000000E+000" E=" 5.10500000E+003"/>
</reaction>
<reaction formula="C4H6-1+C4H9O-1=C4H5-113+nC4H10O">
<rate A=" 3.04000000E+006" B=" 1.88600000E+000" E=" 9.44833000E+003"/>
</reaction>
<reaction formula="C4H6-1+C4H9O-2=C4H5-113+nC4H10O">
<rate A=" 3.04000000E+006" B=" 1.88600000E+000" E=" 9.44833000E+003"/>
</reaction>
<reaction formula="C4H6-1+C4H9O-3=C4H5-113+nC4H10O">
<rate A=" 3.04000000E+006" B=" 1.88600000E+000" E=" 9.44833000E+003"/>
</reaction>
<reaction formula="C4H6-1+C4H9O-4=C4H5-113+nC4H10O">
<rate A=" 3.04000000E+006" B=" 1.88600000E+000" E=" 9.44833000E+003"/>
</reaction>
<reaction formula="C4H6-1+C4H9O-5=C4H5-113+nC4H10O">
<rate A=" 1.68000000E+009" B=" 1.00000000E+000" E=" 5.10500000E+003"/>
</reaction>
<reaction formula="C4H6-12+C4H9O-5=C4H5-113+nC4H10O">
<rate A=" 1.03000000E+013" B=" 0.00000000E+000" E=" 5.94000000E+003"/>
</reaction>
<reaction formula="C4H9O-5+C4H6-12=nC4H10O+iC4H5">
<rate A=" 7.46000000E+007" B=" 1.70000000E+000" E=" 3.64388000E+003"/>
</reaction>
<reaction formula="C2H3O-1+nC4H10O=C2H4O+C4H9O-1">
<rate A=" 1.51000000E+013" B=" 0.00000000E+000" E=" 9.17500000E+003"/>
</reaction>
<reaction formula="C2H3O-2+nC4H10O=C2H4O+C4H9O-1">
<rate A=" 1.51000000E+013" B=" 0.00000000E+000" E=" 9.17500000E+003"/>
</reaction>
<reaction formula="nC4H10O+C4H9O-1=C4H9O-2+nC4H10O">
<rate A=" 3.08000000E+003" B=" 2.66000000E+000" E=" 1.01000000E+004"/>
</reaction>
<reaction formula="nC4H10O+C4H9O-1=C4H9O-3+nC4H10O">
<rate A=" 3.08000000E+003" B=" 2.66000000E+000" E=" 1.01000000E+004"/>
</reaction>
<reaction formula="nC4H10O+C4H9O-1=C4H9O-4+nC4H10O">
<rate A=" 3.03978820E+006" B=" 1.88580000E+000" E=" 9.44834000E+003"/>
</reaction>
<reaction formula="C4H9O-5+nC4H10O=nC4H10O+C4H9O-1">
<rate A=" 1.42200000E+012" B=" 0.00000000E+000" E=" 7.00000000E+003"/>
</reaction>
<reaction formula="C4H9O-3+nC4H10O=nC4H10O+C4H9O-2">
<rate A=" 3.04000000E+001" B=" 3.19000000E+000" E=" 1.03100000E+004"/>
</reaction>
<reaction formula="nC4H10O+C4H9O-2=C4H9O-4+nC4H10O">
<rate A=" 3.03978820E+006" B=" 1.88580000E+000" E=" 9.44834000E+003"/>
</reaction>
<reaction formula="C4H9O-5+nC4H10O=nC4H10O+C4H9O-2">
<rate A=" 1.45000000E+011" B=" 0.00000000E+000" E=" 4.57000000E+003"/>
</reaction>
<reaction formula="nC4H10O+C4H9O-3=C4H9O-4+nC4H10O">
<rate A=" 3.03978820E+006" B=" 1.88580000E+000" E=" 9.44834000E+003"/>
</reaction>
<reaction formula="C4H9O-5+nC4H10O=nC4H10O+C4H9O-3">
<rate A=" 1.45000000E+011" B=" 0.00000000E+000" E=" 4.57000000E+003"/>
</reaction>
<reaction formula="C4H9O-5+nC4H10O=nC4H10O+C4H9O-4">
<rate A=" 3.17290000E+009" B=" 9.50000000E-001" E=" 5.64400000E+003"/>
</reaction>
<reaction formula="C4H8O-enol2+CH3=C4H7O-13+CH4">
<rate A=" 2.41000000E+002" B=" 2.92000000E+000" E=" 7.16000000E+003"/>
</reaction>
<reaction formula="C4H8O-enol2+H=C4H7O-13+H2">
<rate A=" 1.30000000E+006" B=" 2.38000000E+000" E=" 2.80000000E+003"/>
</reaction>
<reaction formula="C4H8O-enol2+OH=C4H7O-13+H2O">
<rate A=" 7.46000000E+007" B=" 1.70000000E+000" E=" 3.64388000E+003"/>
</reaction>
<reaction formula="C4H8O-enol2+CH3O=C4H7O-13+CH3OH">
<rate A=" 7.46000000E+007" B=" 1.70000000E+000" E=" 3.64388000E+003"/>
</reaction>
<reaction formula="C4H8O-enol3+CH3=C4H7O-13+CH4">
<rate A=" 5.46000000E+013" B=" 0.00000000E+000" E=" 1.04000000E+004"/>
</reaction>
<reaction formula="C4H8O-enol3+H=C4H7O-13+H2">
<rate A=" 1.40000000E+006" B=" 2.36000000E+000" E=" 1.11000000E+003"/>
</reaction>
<reaction formula="C4H8O-enol3+CH2OH=C4H7O-13+CH3OH">
<rate A=" 3.04000000E+006" B=" 1.88600000E+000" E=" 9.44833000E+003"/>
</reaction>
<reaction formula="C4H8O-enol3+OH=C4H7O-13+H2O">
<rate A=" 1.68000000E+009" B=" 1.00000000E+000" E=" 5.10500000E+003"/>
</reaction>
<reaction formula="C4H8O-enol3+CH3O=C4H7O-13+CH3OH">
<rate A=" 1.68000000E+009" B=" 1.00000000E+000" E=" 5.10500000E+003"/>
</reaction>
<reaction formula="C4H7O-13+H=C4H8O-enol3">
<rate A=" 5.00000000E+013" B=" 0.00000000E+000" E=" 0.00000000E+000"/>
</reaction>
<reaction formula="CH2OH+aC3H5=C4H8O-enol3">
<rate A=" 1.15000000E+013" B=" 0.00000000E+000" E=" 0.00000000E+000"/>
</reaction>
<reaction formula="C4H7-14+OH=C4H8O-enol3">
<rate A=" 7.69000000E+013" B=" 0.00000000E+000" E=" 0.00000000E+000"/>
</reaction>
<reaction formula="C4H7-24+OH=C4H8O-enol2">
<rate A=" 1.50000000E+013" B="-1.50000000E-001" E=" 2.91670000E+002"/>
</reaction>
<reaction formula="C4H7O-13+H=C4H8O-enol2">
<rate A=" 5.00000000E+013" B=" 0.00000000E+000" E=" 0.00000000E+000"/>
</reaction>
<reaction formula="C4H8-1+CH3O=C4H7-24+CH3OH">
<rate A=" 1.68000000E+009" B=" 1.00000000E+000" E=" 5.10500000E+003"/>
</reaction>
<reaction formula="C4H8-1+CH3=C4H7-14+CH4">
<rate A=" 8.34000000E+005" B=" 1.90000000E+000" E=" 1.10500000E+004"/>
</reaction>
<reaction formula="C4H8-1+H=C4H7-14+H2">
<rate A=" 1.88000000E+008" B=" 1.75000000E+000" E=" 7.51000000E+003"/>
</reaction>
<reaction formula="C4H8-1+OH=C4H7-14+H2O">
<rate A=" 3.89000000E+007" B=" 1.50000000E+000" E=" 2.78000000E+002"/>
</reaction>
<reaction formula="C4H8-1+CH3O=C4H7-14+CH3OH">
<rate A=" 1.42000000E+014" B=" 0.00000000E+000" E=" 7.00000000E+003"/>
</reaction>
<reaction formula="nC4H10+OH=C4H9-1+H2O">
<rate A=" 3.31000000E+007" B=" 1.80000000E+000" E=" 9.50000000E+002"/>
</reaction>
<reaction formula="nC4H10+OH=C4H9-2+H2O">
<rate A=" 5.36000000E+006" B=" 2.00000000E+000" E="-5.90000000E+002"/>
</reaction>
<reaction formula="nC4H10+CH3=C4H9-1+CH4">
<rate A=" 1.67000000E+006" B=" 1.90000000E+000" E=" 1.10500000E+004"/>
</reaction>
<reaction formula="nC4H10+CH3=C4H9-2+CH4">
<rate A=" 5.80000000E+006" B=" 1.77000000E+000" E=" 8.53000000E+003"/>
</reaction>
<reaction formula="nC4H10+H=C4H9-1+H2">
<rate A=" 3.77000000E+008" B=" 1.75000000E+000" E=" 7.51000000E+003"/>
</reaction>
<reaction formula="nC4H10+H=C4H9-2+H2">
<rate A=" 5.20000000E+008" B=" 1.69000000E+000" E=" 4.78000000E+003"/>
</reaction>
<reaction formula="C4H6-12+H=C4H5-113+H2">
<rate A=" 5.06000000E+007" B=" 1.98000000E+000" E=" 1.17800000E+004"/>
</reaction>
<reaction formula="C4H6-12+CH3O=C4H5-113+CH3OH">
<rate A=" 1.03000000E+013" B=" 0.00000000E+000" E=" 5.94000000E+003"/>
</reaction>
<reaction formula="CH3+C4H6-12=CH4+iC4H5">
<rate A=" 2.41000000E+002" B=" 2.92000000E+000" E=" 7.16000000E+003"/>
</reaction>
<reaction formula="CH3O+C4H6-12=CH3OH+iC4H5">
<rate A=" 7.46000000E+007" B=" 1.70000000E+000" E=" 3.64388000E+003"/>
</reaction>
<reaction formula="C4H6-1+CH3O=C4H5-113+CH3OH">
<rate A=" 1.68000000E+009" B=" 1.00000000E+000" E=" 5.10500000E+003"/>
</reaction>
<reaction formula="C2H3O-1+CH4=C2H4O+CH3">
<rate A=" 6.36000000E+014" B=" 0.00000000E+000" E=" 1.37000000E+004"/>
</reaction>
<reaction formula="C2H3O-1+H2=C2H4O+H">
<rate A=" 8.98000000E+012" B=" 0.00000000E+000" E=" 1.03000000E+004"/>
</reaction>
<reaction formula="C2H4O+OH=C2H3O-2+H2O">
<rate A=" 1.11000000E+006" B=" 2.00000000E+000" E=" 1.45000000E+003"/>
</reaction>
<reaction formula="C2H3O-2+CH4=C2H4O+CH3">
<rate A=" 6.36000000E+014" B=" 0.00000000E+000" E=" 1.37000000E+004"/>
</reaction>
<reaction formula="CH3CHO+C2H5=CH3CO+C2H6">
<rate A=" 1.80000000E+011" B=" 0.00000000E+000" E=" 1.02100000E+004"/>
</reaction>
<reaction formula="2C2H5=nC4H10">
<rate A=" 3.15000000E+013" B=" 0.00000000E+000" E=" 0.00000000E+000"/>
</reaction>
<reaction formula="CH3+C3H7-1=nC4H10">
<rate A=" 3.37000000E+013" B=" 0.00000000E+000" E=" 0.00000000E+000"/>
</reaction>
<reaction formula="CO+C2H4=C3H4O">
<rate A=" 1.62000000E+008" B=" 1.70100000E+000" E=" 8.27750000E+004"/>
</reaction>
<reaction formula="HCO+C2H3=C3H4O">
<rate A=" 1.81000000E+013" B=" 0.00000000E+000" E=" 0.00000000E+000"/>
</reaction>
<reaction formula="CH3+pC3H3=C4H6-1">
<rate A=" 2.49000000E+016" B="-9.00000000E-001" E=" 2.50000000E+002"/>
</reaction>
<reaction formula="C4H5-113+H=C4H6-1">
<rate A=" 5.00000000E+013" B=" 0.00000000E+000" E=" 0.00000000E+000"/>
</reaction>
<reaction formula="CH3+C3H2=C4H5-113">
<rate A=" 1.44600000E+012" B=" 0.00000000E+000" E=" 0.00000000E+000"/>
</reaction>
<reaction formula="CH3+C3H5O-enol2=C4H8O-enol">
<rate A=" 2.49000000E+015" B="-9.00000000E-001" E=" 2.50000000E+002"/>
</reaction>
<reaction formula="C2H5+C2H3O-1=C4H8O-enol">
<rate A=" 2.49000000E+015" B="-9.00000000E-001" E=" 2.50000000E+002"/>
</reaction>
<reaction formula="H+iC4H5=C4H6-12">
<rate A=" 5.00000000E+013" B=" 0.00000000E+000" E=" 0.00000000E+000"/>
</reaction>
<reaction formula="CH3+HCO=CH3CHO">
<rate A=" 1.80000000E+013" B=" 0.00000000E+000" E=" 0.00000000E+000"/>
</reaction>
<reaction formula="C2H4+C2H5O-1=C4H9O-1">
<rate A=" 3.98000000E+003" B=" 2.44000000E+000" E=" 5.37000000E+003"/>
</reaction>
<reaction formula="C4H8O-enol3+H=C4H9O-1">
<rate A=" 1.30000000E+013" B=" 0.00000000E+000" E=" 3.26000000E+003"/>
</reaction>
<reaction formula="C4H8O-enol3+H=C4H9O-2">
<rate A=" 1.30000000E+013" B=" 0.00000000E+000" E=" 3.56000000E+003"/>
</reaction>
<reaction formula="C4H8O-enol2+H=C4H9O-2">
<rate A=" 1.00000000E+013" B=" 0.00000000E+000" E=" 3.90000000E+003"/>
</reaction>
<reaction formula="nC4H8O+H=C4H9O-5">
<rate A=" 1.00000000E+011" B=" 0.00000000E+000" E=" 1.19000000E+004"/>
</reaction>
<reaction formula="C3H7-1+CH2O=C4H9O-5">
<rate A=" 7.94000000E+010" B=" 0.00000000E+000" E=" 6.70000000E+003"/>
</reaction>
<reaction formula="C3H4O+H=C3H5O-enol2">
<rate A=" 2.26000000E+012" B=" 1.47000000E-001" E=" 2.53284000E+003"/>
</reaction>
<reaction formula="C2H2+C2H3=nC4H5">
<rate A=" 2.51000000E+005" B=" 1.90000000E+000" E=" 2.11000000E+003"/>
</reaction>
<reaction formula="C4H4+H=C4H5-113">
<rate A=" 3.71000000E+012" B=" 0.00000000E+000" E=" 1.00000000E+003"/>
</reaction>
<reaction formula="HCCOH+H=C2H3O-2">
<rate A=" 1.12000000E+014" B=" 0.00000000E+000" E=" 3.70000000E+003"/>
</reaction>
<reaction formula="HCCOH+H=C2H3O-1">
<rate A=" 5.77000000E+013" B=" 0.00000000E+000" E=" 5.30000000E+003"/>
</reaction>
<reaction formula="C2H2+OH=C2H3O-1">
<rate A=" 1.21000000E+012" B=" 0.00000000E+000" E=" 4.60000000E+002"/>
</reaction>
<reaction formula="C4H6-12+H=C4H7-24">
<rate A=" 2.56000000E+013" B=" 0.00000000E+000" E=" 3.70000000E+003"/>
</reaction>
<reaction formula="C4H7-14=C4H7-24">
<rate A=" 2.82000000E+008" B=" 1.28000000E+000" E=" 2.79000000E+004"/>
</reaction>
<reaction formula="C2H4+CH2(S)=C3H6">
<rate A=" 9.64000000E+013" B=" 0.00000000E+000" E=" 0.00000000E+000"/>
</reaction>
<reaction formula="C4H2+OH=C3H2+HCO">
<rate A=" 1.00000000E+013" B=" 0.00000000E+000" E="-4.10000000E+002"/>
</reaction>
<reaction formula="C4H2+O=C3H2+CO">
<rate A=" 7.89000000E+012" B=" 0.00000000E+000" E=" 1.35000000E+003"/>
</reaction>
<reaction formula="nC4H3=iC4H3">
<rate A=" 4.10000000E+043" B="-9.49000000E+000" E=" 5.30000000E+004"/>
</reaction>
<reaction formula="iC4H3+H=2C2H2">
<rate A=" 2.80000000E+023" B="-2.55000000E+000" E=" 1.07800000E+004"/>
</reaction>
<reaction formula="iC4H3+H=C4H2+H2">
<rate A=" 3.00000000E+013" B=" 0.00000000E+000" E=" 0.00000000E+000"/>
</reaction>
<reaction formula="iC4H3+O2=HCCO+CH2CO">
<rate A=" 7.86000000E+016" B="-1.80000000E+000" E=" 0.00000000E+000"/>
</reaction>
<reaction formula="nC4H3+C2H2=C6H5">
<rate A=" 9.60000000E+070" B="-1.77700000E+001" E=" 3.13000000E+004"/>
</reaction>
<reaction formula="nC4H3+C2H2=C6H4+H">
<rate A=" 6.90000000E+046" B="-1.00100000E+001" E=" 3.01000000E+004"/>
</reaction>
<reaction formula="C4H4+O=pC3H4+CO">
<rate A=" 2.70000000E+013" B=" 0.00000000E+000" E=" 1.72000000E+003"/>
</reaction>
<reaction formula="C4H6-12+H=C4H6-13+H">
<rate A=" 2.00000000E+013" B=" 0.00000000E+000" E=" 4.00000000E+003"/>
</reaction>
<reaction formula="C4H6-12+H=iC4H5+H2">
<rate A=" 1.70000000E+005" B=" 2.50000000E+000" E=" 2.49000000E+003"/>
</reaction>
<reaction formula="C4H6-12+OH=iC4H5+H2O">
<rate A=" 3.10000000E+006" B=" 2.00000000E+000" E="-2.98000000E+002"/>
</reaction>
<reaction formula="C4H6-13+OH=nC4H5+H2O">
<rate A=" 2.00000000E+007" B=" 2.00000000E+000" E=" 5.00000000E+003"/>
</reaction>
<reaction formula="C4H6-13+OH=iC4H5+H2O">
<rate A=" 1.00000000E+007" B=" 2.00000000E+000" E=" 2.00000000E+003"/>
</reaction>
<reaction formula="H+C4H6-13=aC3H4+CH3">
<rate A=" 3.00000000E+013" B=" 0.00000000E+000" E=" 8.10000000E+003"/>
</reaction>
<reaction formula="H+C4H6-12=aC3H4+CH3">
<rate A=" 6.00000000E+013" B=" 0.00000000E+000" E=" 2.10000000E+003"/>
</reaction>
<reaction formula="C2H2+C2H=C4H2+H">
<rate A=" 1.03000000E+013" B=" 0.00000000E+000" E=" 0.00000000E+000"/>
</reaction>
<reaction formula="nC4H3(+M)=C4H2+H(+M)">
<rate A=" 7.50000000E+013" B=" 0.00000000E+000" E=" 3.90000000E+004"/>
<auxiliary keyword="LOW">
<data> 1.00000000E+014</data>
<data> 0.00000000E+000</data>
<data> 3.00000000E+004</data>
</auxiliary>
</reaction>
<reaction formula="iC4H3(+M)=C4H2+H(+M)">
<rate A=" 7.50000000E+013" B=" 0.00000000E+000" E=" 5.00000000E+004"/>
<auxiliary keyword="LOW">
<data> 2.00000000E+015</data>
<data> 0.00000000E+000</data>
<data> 4.00000000E+004</data>
</auxiliary>
</reaction>
<reaction formula="nC4H5(+M)=C4H4+H(+M)">
<rate A=" 1.00000000E+014" B=" 0.00000000E+000" E=" 3.70000000E+004"/>
<auxiliary keyword="LOW">
<data> 1.00000000E+014</data>
<data> 0.00000000E+000</data>
<data> 3.00000000E+004</data>
</auxiliary>
</reaction>
<reaction formula="C2H4O=CH3CHO">
<rate A=" 8.59000000E+011" B=" 3.18000000E-001" E=" 5.59000000E+004"/>
</reaction>
<reaction formula="C4H8O-enol=nC4H8O">
<rate A=" 8.59000000E+011" B=" 3.18000000E-001" E=" 5.59000000E+004"/>
</reaction>
<reaction formula="C2H3O-1=CH2CHO">
<rate A=" 8.59000000E+011" B=" 3.18000000E-001" E=" 5.59000000E+004"/>
</reaction>
<reaction formula="C3H6O-enol=C3H6O">
<rate A=" 8.59000000E+011" B=" 3.18000000E-001" E=" 5.59000000E+004"/>
</reaction>
<reaction formula="H2CCCH3[OH]=acetone">
<rate A=" 8.59000000E+011" B=" 3.18000000E-001" E=" 5.59000000E+004"/>
</reaction>
<reaction formula="C4H4+H=nC4H3+H2">
<rate A=" 2.25000000E+014" B=" 0.00000000E+000" E=" 1.83900000E+004"/>
</reaction>
<reaction formula="C2H5+C2H4=C2H3+C2H6">
<rate A=" 7.27000000E+005" B=" 2.00000000E+000" E=" 9.20000000E+003"/>
</reaction>
<reaction formula="CH3+C4H4=CH4+iC4H3">
<rate A=" 5.50000000E+011" B=" 0.00000000E+000" E=" 1.43900000E+004"/>
</reaction>
<reaction formula="CH3+C4H4=CH4+nC4H3">
<rate A=" 1.44000000E+013" B=" 0.00000000E+000" E=" 1.91400000E+004"/>
</reaction>
<reaction formula="C4H4+C2H3=benzene+H">
<rate A=" 1.90000000E+012" B=" 0.00000000E+000" E=" 2.50900000E+003"/>
</reaction>
<reaction formula="CO+C2H6=C3H6O">
<rate A=" 5.48400000E+005" B=" 2.53000000E+000" E=" 8.55000000E+004"/>
</reaction>
<reaction formula="CO+C2H5=C3H5OJ(13)">
<rate A=" 1.21250980E+008" B=" 1.70125000E+000" E=" 8.27750000E+004"/>
</reaction>
<reaction formula="C3H6O+C2H5=C3H5OJ(8)+C2H6">
<rate A=" 3.80000000E+011" B=" 0.00000000E+000" E=" 7.21000000E+003"/>
</reaction>
<reaction formula="C3H6O+C2H5=C3H5OJ(12)+C2H6">
<rate A=" 5.56373570E+002" B=" 2.82875000E+000" E=" 9.54750000E+003"/>
</reaction>
<reaction formula="C3H5OJ(13)+C2H6=C3H6O+C2H5">
<rate A=" 3.95400000E+003" B=" 2.71000000E+000" E=" 1.29200000E+004"/>
</reaction>
<reaction formula="C3H5OJ(12)+C3H6O=C3H6O+C3H5OJ(8)">
<rate A=" 1.05337550E+008" B=" 1.14500000E+000" E=" 6.32500000E+003"/>
</reaction>
<reaction formula="C3H5OJ(13)+C3H6O=C3H6O+C3H5OJ(8)">
<rate A=" 3.80000000E+011" B=" 0.00000000E+000" E=" 7.21000000E+003"/>
</reaction>
<reaction formula="C3H5OJ(13)+C3H6O=C3H6O+C3H5OJ(12)">
<rate A=" 5.56373570E+002" B=" 2.82875000E+000" E=" 9.54750000E+003"/>
</reaction>
<reaction formula="CO+C2H5=C3H5OJ(8)">
<rate A=" 1.51000000E+011" B=" 0.00000000E+000" E=" 4.81000000E+003"/>
</reaction>
<reaction formula="HCO+C2H4=C3H5OJ(13)">
<rate A=" 1.04000000E+012" B=" 0.00000000E+000" E=" 6.56000000E+003"/>
</reaction>
<reaction formula="C3H4O-enone+H=C3H5OJ(13)">
<rate A=" 8.85000000E+013" B=" 0.00000000E+000" E=" 4.30000000E+003"/>
</reaction>
<reaction formula="HCO+C2H5=C3H6O">
<rate A=" 1.81000000E+013" B=" 0.00000000E+000" E=" 0.00000000E+000"/>
</reaction>
<reaction formula="C3H5OJ(8)+H=C3H6O">
<rate A=" 5.00000000E+013" B=" 0.00000000E+000" E=" 0.00000000E+000"/>
</reaction>
<reaction formula="C3H5OJ(12)+H=C3H6O">
<rate A=" 5.00000000E+013" B=" 0.00000000E+000" E=" 0.00000000E+000"/>
</reaction>
<reaction formula="C3H5OJ(13)=C3H5OJ(8)">
<rate A=" 2.04769800E+008" B=" 1.13807000E+000" E=" 3.48303000E+004"/>
</reaction>
<reaction formula="C3H5OJ(12)=C3H5OJ(8)">
<rate A=" 2.04769800E+008" B=" 1.13807000E+000" E=" 3.48303000E+004"/>
</reaction>
<reaction formula="C3H5OJ(13)=C3H5OJ(12)">
<rate A=" 2.82000000E+008" B=" 1.28000000E+000" E=" 2.79000000E+004"/>
</reaction>
<reaction formula="C3H6O+H=C3H5OJ(8)+H2">
<rate A=" 8.07000000E+007" B=" 1.76000000E+000" E=" 6.70000000E+002"/>
</reaction>
<reaction formula="C3H6O+H=C3H5OJ(12)+H2">
<rate A=" 1.39800000E+006" B=" 2.36000000E+000" E=" 1.11000000E+003"/>
</reaction>
<reaction formula="C3H6O+H=C3H5OJ(13)+H2">
<rate A=" 1.88400000E+008" B=" 1.75000000E+000" E=" 7.51000000E+003"/>
</reaction>
<reaction formula="nC4H8O+H=C4H7OJ(8)+H2">
<rate A=" 2.07000000E+007" B=" 1.76000000E+000" E=" 6.70000000E+002"/>
</reaction>
<reaction formula="nC4H8O+H=C4H7OJ(12)+H2">
<rate A=" 1.39800000E+006" B=" 2.06000000E+000" E=" 1.11000000E+003"/>
</reaction>
<reaction formula="nC4H8O+H=C4H7OJ(13)+H2">
<rate A=" 2.60000000E+008" B=" 1.69000000E+000" E=" 4.78000000E+003"/>
</reaction>
<reaction formula="nC4H8O+H=C4H7OJ(16)+H2">
<rate A=" 1.88400000E+008" B=" 1.75000000E+000" E=" 7.51000000E+003"/>
</reaction>
<reaction formula="nC4H8O+CH3=C4H7OJ(8)+CH4">
<rate A=" 2.92000000E+004" B=" 2.29000000E+000" E=" 5.44000000E+003"/>
</reaction>
<reaction formula="nC4H8O+CH3=C4H7OJ(12)+CH4">
<rate A=" 4.00000000E+011" B=" 0.00000000E+000" E=" 9.50000000E+003"/>
</reaction>
<reaction formula="nC4H8O+CH3=C4H7OJ(13)+CH4">
<rate A=" 2.90000000E+006" B=" 1.77000000E+000" E=" 8.53000000E+003"/>
</reaction>
<reaction formula="nC4H8O+CH3=C4H7OJ(16)+CH4">
<rate A=" 8.34000000E+005" B=" 1.90000000E+000" E=" 1.10500000E+004"/>
</reaction>
<reaction formula="C3H5OJ(13)+CH3=nC4H8O">
<rate A=" 3.37000000E+013" B=" 0.00000000E+000" E=" 0.00000000E+000"/>
</reaction>
<reaction formula="C4H7OJ(16)+H=nC4H8O">
<rate A=" 1.00000000E+014" B=" 0.00000000E+000" E=" 0.00000000E+000"/>
</reaction>
<reaction formula="C4H7OJ(16)+nC4H8O=nC4H8O+C4H7OJ(8)">
<rate A=" 3.80000000E+011" B=" 0.00000000E+000" E=" 7.21000000E+003"/>
</reaction>
<reaction formula="C4H7OJ(16)+nC4H8O=nC4H8O+C4H7OJ(12)">
<rate A=" 5.56373570E+002" B=" 2.82875000E+000" E=" 9.54750000E+003"/>
</reaction>
<reaction formula="C4H7OJ(16)+nC4H8O=nC4H8O+C4H7OJ(13)">
<rate A=" 3.08000000E+003" B=" 2.66000000E+000" E=" 1.01000000E+004"/>
</reaction>
<reaction formula="C4H7OJ(12)+nC4H8O=nC4H8O+C4H7OJ(8)">
<rate A=" 1.05337550E+008" B=" 1.14500000E+000" E=" 6.32500000E+003"/>
</reaction>
<reaction formula="C4H7OJ(13)+nC4H8O=nC4H8O+C4H7OJ(8)">
<rate A=" 1.05337550E+008" B=" 1.14500000E+000" E=" 6.32500000E+003"/>
</reaction>
<reaction formula="nC4H8O+C4H7OJ(12)=C4H7OJ(13)+nC4H8O">
<rate A=" 3.04000000E+001" B=" 3.19000000E+000" E=" 1.03100000E+004"/>
</reaction>
<reaction formula="C4H7OJ(12)=C4H7OJ(8)">
<rate A=" 2.04769800E+008" B=" 1.13807000E+000" E=" 3.48303000E+004"/>
</reaction>
<reaction formula="C4H7OJ(16)=C4H7OJ(12)">
<rate A=" 3.32000000E+008" B=" 1.10000000E+000" E=" 2.94000000E+004"/>
</reaction>
<reaction formula="C4H7OJ(16)=C4H7OJ(13)">
<rate A=" 1.93800000E+010" B=" 8.90000000E-001" E=" 3.58000000E+004"/>
</reaction>
<reaction formula="HCO+C3H6=C4H7OJ(13)">
<rate A=" 5.20000000E+011" B=" 0.00000000E+000" E=" 6.56000000E+003"/>
</reaction>
<reaction formula="CH2CHO+C2H4=C4H7OJ(16)">
<rate A=" 4.96547730E+010" B=" 2.44000000E-001" E=" 9.08750000E+003"/>
</reaction>
<reaction formula="O2+C4H7-14=HO2+C4H6-13">
<rate A=" 3.61600000E+011" B=" 0.00000000E+000" E=" 0.00000000E+000"/>
</reaction>
<reaction formula="O2+C4H7-24=HO2+C4H6-13">
<rate A=" 7.56000000E+011" B=" 0.00000000E+000" E=" 0.00000000E+000"/>
</reaction>
<reaction formula="O2+C4H7-24=HO2+C4H6-12">
<rate A=" 2.42000000E+012" B=" 0.00000000E+000" E=" 1.35500000E+004"/>
</reaction>
<reaction formula="C4H7-14+HO2=C4H8-1+O2">
<rate A=" 3.00000000E+011" B=" 0.00000000E+000" E=" 0.00000000E+000"/>
</reaction>
<reaction formula="C4H7-24+HO2=C4H8-1+O2">
<rate A=" 3.00000000E+011" B=" 0.00000000E+000" E=" 0.00000000E+000"/>
</reaction>
<reaction formula="HO2+C4H7-14=H2O2+C4H6-13">
<rate A=" 1.14000000E+013" B="-7.10000000E-002" E="-2.17000000E+000"/>
</reaction>
<reaction formula="HO2+C4H7-24=H2O2+C4H6-13">
<rate A=" 7.23000000E+013" B=" 0.00000000E+000" E=" 0.00000000E+000"/>
</reaction>
<reaction formula="HO2+C4H7-24=H2O2+C4H6-12">
<rate A=" 6.03000000E+012" B=" 0.00000000E+000" E=" 0.00000000E+000"/>
</reaction>
<reaction formula="OH+C4H7-14=H2O+C4H6-13">
<rate A=" 1.14000000E+013" B="-7.10000000E-002" E="-2.17000000E+000"/>
</reaction>
<reaction formula="OH+C4H7-24=H2O+C4H6-12">
<rate A=" 6.03000000E+012" B=" 0.00000000E+000" E=" 0.00000000E+000"/>
</reaction>
<reaction formula="O+C4H7-14=OH+C4H6-13">
<rate A=" 3.62000000E+012" B=" 0.00000000E+000" E=" 0.00000000E+000"/>
</reaction>
<reaction formula="O+C4H7-24=OH+C4H6-13">
<rate A=" 9.03000000E+013" B=" 0.00000000E+000" E=" 0.00000000E+000"/>
</reaction>
<reaction formula="O+C4H7-24=OH+C4H6-12">
<rate A=" 7.22600000E+012" B="-4.98000000E-002" E="-5.67890000E+001"/>
</reaction>
<reaction formula="O2+C4H7-22=HO2+C4H6-12">
<rate A=" 7.56000000E+011" B=" 0.00000000E+000" E=" 0.00000000E+000"/>
</reaction>
<reaction formula="HO2+C4H7-22=H2O2+C4H6-12">
<rate A=" 5.11500000E+013" B="-1.73000000E-001" E="-1.80600000E+000"/>
</reaction>
<reaction formula="OH+C4H7-22=H2O+C4H6-12">
<rate A=" 5.11500000E+013" B="-1.73000000E-001" E="-1.80600000E+000"/>
</reaction>
<reaction formula="O+C4H7-22=OH+C4H6-12">
<rate A=" 9.03000000E+013" B=" 0.00000000E+000" E=" 0.00000000E+000"/>
</reaction>
<reaction formula="O2+C4H7-12=HO2+C4H6-12">
<rate A=" 3.61600000E+011" B=" 0.00000000E+000" E=" 0.00000000E+000"/>
</reaction>
<reaction formula="HO2+C4H7-12=H2O2+C4H6-12">
<rate A=" 4.82000000E+013" B=" 0.00000000E+000" E=" 0.00000000E+000"/>
</reaction>
<reaction formula="OH+C4H7-12=H2O+C4H6-12">
<rate A=" 4.82000000E+013" B=" 0.00000000E+000" E=" 0.00000000E+000"/>
</reaction>
<reaction formula="O+C4H7-12=OH+C4H6-12">
<rate A=" 3.62000000E+012" B=" 0.00000000E+000" E=" 0.00000000E+000"/>
</reaction>
<reaction formula="C4H6-2+H=C4H7-22">
<rate A=" 5.00400000E+013" B=" 0.00000000E+000" E=" 4.10000000E+003"/>
</reaction>
<reaction formula="pC3H4+CH3=C4H7-22">
<rate A=" 1.32000000E+014" B=" 0.00000000E+000" E=" 1.03000000E+004"/>
</reaction>
<reaction formula="C4H6-12+H=C4H7-22">
<rate A=" 6.68000000E+013" B=" 0.00000000E+000" E=" 2.90000000E+003"/>
</reaction>
<reaction formula="C4H7-22=C4H7-24">
<rate A=" 7.74000000E+009" B=" 1.08000000E+000" E=" 3.87000000E+004"/>
<auxiliary keyword="DUP">
</auxiliary>
</reaction>
<reaction formula="C4H7-22=C4H7-24">
<rate A=" 7.32000000E+009" B=" 1.12000000E+000" E=" 4.13000000E+004"/>
<auxiliary keyword="DUP">
</auxiliary>
</reaction>
<reaction formula="C4H6-1+H=C4H7-12">
<rate A=" 1.12000000E+014" B=" 0.00000000E+000" E=" 3.70000000E+003"/>
</reaction>
<reaction formula="aC3H4+CH3=C4H7-12">
<rate A=" 9.23000000E+012" B=" 0.00000000E+000" E=" 9.40000000E+003"/>
</reaction>
<reaction formula="C4H6-12+H=C4H7-12">
<rate A=" 1.00000000E+013" B=" 0.00000000E+000" E=" 2.90000000E+003"/>
</reaction>
<reaction formula="C2H2+C2H5=C4H7-11">
<rate A=" 2.50500000E+010" B=" 0.00000000E+000" E=" 6.99000000E+003"/>
</reaction>
<reaction formula="C4H6-1+H=C4H7-11">
<rate A=" 5.77000000E+013" B=" 0.00000000E+000" E=" 5.30000000E+003"/>
</reaction>
<reaction formula="C4H7-12=C4H7-24">
<rate A=" 1.44800000E+010" B=" 8.20000000E-001" E=" 3.75000000E+004"/>
</reaction>
<reaction formula="C4H7-11=C4H7-24">
<rate A=" 1.84600000E+010" B=" 7.40000000E-001" E=" 3.47000000E+004"/>
</reaction>
<reaction formula="C4H7-11=C4H7-14">
<rate A=" 6.14300000E+008" B=" 1.13800000E+000" E=" 3.48303200E+004"/>
</reaction>
<reaction formula="C4H7-12=C4H7-14">
<rate A=" 2.30400000E+009" B=" 1.24000000E+000" E=" 3.63000000E+004"/>
</reaction>
<reaction formula="C4H7-11=C4H7-12">
<rate A=" 3.24000000E+011" B=" 7.30000000E-001" E=" 4.24000000E+004"/>
</reaction>
<reaction formula="O2+C2H5O-1=HO2+C2H4O">
<rate A=" 3.61600000E+011" B=" 0.00000000E+000" E=" 0.00000000E+000"/>
</reaction>
<reaction formula="HO2+C2H5O-1=H2O2+C2H4O">
<rate A=" 4.82000000E+013" B=" 0.00000000E+000" E=" 0.00000000E+000"/>
</reaction>
<reaction formula="O+C2H5O-1=OH+C2H4O">
<rate A=" 3.62000000E+012" B=" 0.00000000E+000" E=" 0.00000000E+000"/>
</reaction>
<reaction formula="O2+C4H9-1=HO2+C4H8-1">
<rate A=" 3.61600000E+011" B=" 0.00000000E+000" E=" 0.00000000E+000"/>
</reaction>
<reaction formula="OH+C4H9-1=H2O+C4H8-1">
<rate A=" 4.82000000E+013" B=" 0.00000000E+000" E=" 0.00000000E+000"/>
</reaction>
<reaction formula="HO2+C4H9-1=H2O2+C4H8-1">
<rate A=" 4.82000000E+013" B=" 0.00000000E+000" E=" 0.00000000E+000"/>
</reaction>
<reaction formula="O+C4H9-1=OH+C4H8-1">
<rate A=" 3.62000000E+012" B=" 0.00000000E+000" E=" 0.00000000E+000"/>
</reaction>
<reaction formula="HO2+C2H5=H2O2+C2H4">
<rate A=" 7.23000000E+013" B=" 0.00000000E+000" E=" 0.00000000E+000"/>
</reaction>
<reaction formula="O+C2H5=OH+C2H4">
<rate A=" 9.03000000E+013" B=" 0.00000000E+000" E=" 0.00000000E+000"/>
</reaction>
<reaction formula="HO2+C3H7-1=H2O2+C3H6">
<rate A=" 4.82000000E+013" B=" 0.00000000E+000" E=" 0.00000000E+000"/>
</reaction>
<reaction formula="O+C3H7-1=OH+C3H6">
<rate A=" 3.62000000E+012" B=" 0.00000000E+000" E=" 0.00000000E+000"/>
</reaction>
<reaction formula="HO2+CH2OH=H2O2+CH2O">
<rate A=" 1.21000000E+013" B=" 0.00000000E+000" E=" 0.00000000E+000"/>
</reaction>
<reaction formula="O2+C4H9O-4=HO2+C4H8O-enol">
<rate A=" 3.61600000E+011" B=" 0.00000000E+000" E=" 0.00000000E+000"/>
</reaction>
<reaction formula="O2+C4H9O-4=HO2+nC4H8O">
<rate A=" 2.28000000E+012" B=" 0.00000000E+000" E=" 0.00000000E+000"/>
</reaction>
<reaction formula="O2+C4H9O-5=HO2+nC4H8O">
<rate A=" 3.61600000E+011" B=" 0.00000000E+000" E=" 0.00000000E+000"/>
</reaction>
<reaction formula="HO2+C4H9O-4=H2O2+C4H8O-enol">
<rate A=" 4.82000000E+013" B=" 0.00000000E+000" E=" 0.00000000E+000"/>
</reaction>
<reaction formula="HO2+C4H9O-4=H2O2+nC4H8O">
<rate A=" 1.21000000E+013" B=" 0.00000000E+000" E=" 0.00000000E+000"/>
</reaction>
<reaction formula="HO2+C4H9O-5=H2O2+nC4H8O">
<rate A=" 4.82000000E+013" B=" 0.00000000E+000" E=" 0.00000000E+000"/>
</reaction>
<reaction formula="OH+C4H9O-4=H2O+C4H8O-enol">
<rate A=" 4.82000000E+013" B=" 0.00000000E+000" E=" 0.00000000E+000"/>
</reaction>
<reaction formula="OH+C4H9O-4=H2O+nC4H8O">
<rate A=" 2.41000000E+013" B=" 0.00000000E+000" E=" 0.00000000E+000"/>
</reaction>
<reaction formula="O+C4H9O-5=OH+nC4H8O">
<rate A=" 3.62000000E+012" B=" 0.00000000E+000" E=" 0.00000000E+000"/>
</reaction>
<reaction formula="CH3+C4H9O-4=CH4+C4H8O-enol">
<rate A=" 2.30000000E+013" B="-3.20000000E-001" E=" 0.00000000E+000"/>
</reaction>
<reaction formula="CH3+C4H9O-4=CH4+nC4H8O">
<rate A=" 2.41000000E+012" B=" 0.00000000E+000" E=" 0.00000000E+000"/>
</reaction>
<reaction formula="CH3+C4H9O-5=CH4+nC4H8O">
<rate A=" 3.78300000E+013" B="-3.55000000E-001" E="-1.08340000E+001"/>
</reaction>
<reaction formula="C2H5+C4H9O-4=C2H6+C4H8O-enol">
<rate A=" 2.90000000E+012" B=" 0.00000000E+000" E=" 0.00000000E+000"/>
</reaction>
<reaction formula="C2H5+C4H9O-4=C2H6+nC4H8O">
<rate A=" 2.41000000E+012" B=" 0.00000000E+000" E=" 0.00000000E+000"/>
</reaction>
<reaction formula="C2H5+C4H9O-5=C2H6+nC4H8O">
<rate A=" 3.78300000E+013" B="-3.55000000E-001" E="-1.08340000E+001"/>
</reaction>
<reaction formula="C2H5+CH2OH=C2H6+CH2O">
<rate A=" 2.41000000E+012" B=" 0.00000000E+000" E=" 0.00000000E+000"/>
</reaction>
<reaction formula="CH3+CH2OH=CH4+CH2O">
<rate A=" 2.41000000E+012" B=" 0.00000000E+000" E=" 0.00000000E+000"/>
</reaction>
<reaction formula="C2H5+C3H7-1=C2H6+C3H6">
<rate A=" 2.90000000E+012" B=" 0.00000000E+000" E=" 0.00000000E+000"/>
</reaction>
<reaction formula="CH3+C3H7-1=CH4+C3H6">
<rate A=" 2.30000000E+013" B="-3.20000000E-001" E=" 0.00000000E+000"/>
</reaction>
<reaction formula="2C2H5=C2H6+C2H4">
<rate A=" 6.90000000E+013" B="-3.50000000E-001" E=" 0.00000000E+000"/>
</reaction>
<reaction formula="CH3+C2H5=CH4+C2H4">
<rate A=" 2.82300000E+011" B=" 6.80000000E-001" E=" 0.00000000E+000"/>
</reaction>
<reaction formula="C2H5+C2H5O-1=C2H6+C2H4O">
<rate A=" 2.90000000E+012" B=" 0.00000000E+000" E=" 0.00000000E+000"/>
</reaction>
<reaction formula="CH3+C2H5O-1=CH4+C2H4O">
<rate A=" 2.30000000E+013" B="-3.20000000E-001" E=" 0.00000000E+000"/>
</reaction>
<reaction formula="C2H5+C4H9-1=C2H6+C4H8-1">
<rate A=" 2.90000000E+012" B=" 0.00000000E+000" E=" 0.00000000E+000"/>
</reaction>
<reaction formula="CH3+C4H9-1=CH4+C4H8-1">
<rate A=" 2.30000000E+013" B="-3.20000000E-001" E=" 0.00000000E+000"/>
</reaction>
<reaction formula="2CH2OH=CH3OH+CH2O">
<rate A=" 4.82000000E+012" B=" 0.00000000E+000" E=" 0.00000000E+000"/>
</reaction>
<reaction formula="CH3O+CH2OH=CH3OH+CH2O">
<rate A=" 2.41000000E+013" B=" 0.00000000E+000" E=" 0.00000000E+000"/>
</reaction>
<reaction formula="C2H5O-1+CH2OH=C2H5OH+CH2O">
<rate A=" 2.41000000E+012" B=" 0.00000000E+000" E=" 0.00000000E+000"/>
</reaction>
<reaction formula="C4H9-1+CH2OH=nC4H10+CH2O">
<rate A=" 2.41000000E+012" B=" 0.00000000E+000" E=" 0.00000000E+000"/>
</reaction>
<reaction formula="CH2OH+C2H5O-1=CH3OH+C2H4O">
<rate A=" 9.64000000E+011" B=" 0.00000000E+000" E=" 0.00000000E+000"/>
</reaction>
<reaction formula="CH3O+C2H5O-1=CH3OH+C2H4O">
<rate A=" 4.82000000E+013" B=" 0.00000000E+000" E=" 0.00000000E+000"/>
</reaction>
<reaction formula="2C2H5O-1=C2H5OH+C2H4O">
<rate A=" 2.90000000E+012" B=" 0.00000000E+000" E=" 0.00000000E+000"/>
</reaction>
<reaction formula="C4H9-1+C2H5O-1=nC4H10+C2H4O">
<rate A=" 2.90000000E+012" B=" 0.00000000E+000" E=" 0.00000000E+000"/>
</reaction>
<reaction formula="CH2OH+C4H9-1=CH3OH+C4H8-1">
<rate A=" 9.64000000E+011" B=" 0.00000000E+000" E=" 0.00000000E+000"/>
</reaction>
<reaction formula="CH3O+C4H9-1=CH3OH+C4H8-1">
<rate A=" 4.82000000E+013" B=" 0.00000000E+000" E=" 0.00000000E+000"/>
</reaction>
<reaction formula="C2H5O-1+C4H9-1=C2H5OH+C4H8-1">
<rate A=" 2.90000000E+012" B=" 0.00000000E+000" E=" 0.00000000E+000"/>
</reaction>
<reaction formula="2C4H9-1=nC4H10+C4H8-1">
<rate A=" 2.90000000E+012" B=" 0.00000000E+000" E=" 0.00000000E+000"/>
</reaction>
<reaction formula="CH3O+C2H5=CH3OH+C2H4">
<rate A=" 7.23000000E+013" B=" 0.00000000E+000" E=" 0.00000000E+000"/>
</reaction>
<reaction formula="C4H9-1+C2H5=nC4H10+C2H4">
<rate A=" 6.90000000E+013" B="-3.50000000E-001" E=" 0.00000000E+000"/>
</reaction>
<reaction formula="CH2OH+C3H7-1=CH3OH+C3H6">
<rate A=" 9.64000000E+011" B=" 0.00000000E+000" E=" 0.00000000E+000"/>
</reaction>
<reaction formula="CH3O+C3H7-1=CH3OH+C3H6">
<rate A=" 4.82000000E+013" B=" 0.00000000E+000" E=" 0.00000000E+000"/>
</reaction>
<reaction formula="C2H5O-1+C3H7-1=C2H5OH+C3H6">
<rate A=" 2.90000000E+012" B=" 0.00000000E+000" E=" 0.00000000E+000"/>
</reaction>
<reaction formula="C4H9-1+C3H7-1=nC4H10+C3H6">
<rate A=" 2.90000000E+012" B=" 0.00000000E+000" E=" 0.00000000E+000"/>
</reaction>
<reaction formula="CH2OH+C4H9O-4=CH3OH+C4H8O-enol">
<rate A=" 9.64000000E+011" B=" 0.00000000E+000" E=" 0.00000000E+000"/>
</reaction>
<reaction formula="CH2OH+C4H9O-4=CH3OH+nC4H8O">
<rate A=" 4.82000000E+012" B=" 0.00000000E+000" E=" 0.00000000E+000"/>
</reaction>
<reaction formula="CH3O+C4H9O-4=CH3OH+C4H8O-enol">
<rate A=" 4.82000000E+013" B=" 0.00000000E+000" E=" 0.00000000E+000"/>
</reaction>
<reaction formula="CH3O+C4H9O-4=CH3OH+nC4H8O">
<rate A=" 2.41000000E+013" B=" 0.00000000E+000" E=" 0.00000000E+000"/>
</reaction>
<reaction formula="C2H5O-1+C4H9O-4=C2H5OH+C4H8O-enol">
<rate A=" 2.90000000E+012" B=" 0.00000000E+000" E=" 0.00000000E+000"/>
</reaction>
<reaction formula="C2H5O-1+C4H9O-4=C2H5OH+nC4H8O">
<rate A=" 2.41000000E+012" B=" 0.00000000E+000" E=" 0.00000000E+000"/>
</reaction>
<reaction formula="C4H9-1+C4H9O-4=nC4H10+C4H8O-enol">
<rate A=" 2.90000000E+012" B=" 0.00000000E+000" E=" 0.00000000E+000"/>
</reaction>
<reaction formula="C4H9-1+C4H9O-4=nC4H10+nC4H8O">
<rate A=" 2.41000000E+012" B=" 0.00000000E+000" E=" 0.00000000E+000"/>
</reaction>
<reaction formula="CH2OH+C4H9O-5=CH3OH+nC4H8O">
<rate A=" 3.78300000E+013" B="-3.55000000E-001" E="-1.08340000E+001"/>
</reaction>
<reaction formula="CH3O+C4H9O-5=CH3OH+nC4H8O">
<rate A=" 4.82000000E+013" B=" 0.00000000E+000" E=" 0.00000000E+000"/>
</reaction>
<reaction formula="C2H5O-1+C4H9O-5=C2H5OH+nC4H8O">
<rate A=" 3.78300000E+013" B="-3.55000000E-001" E="-1.08340000E+001"/>
</reaction>
<reaction formula="C4H9-1+C4H9O-5=nC4H10+nC4H8O">
<rate A=" 3.78300000E+013" B="-3.55000000E-001" E="-1.08340000E+001"/>
</reaction>
<reaction formula="C2H5+C4H7-12=C2H6+C4H6-12">
<rate A=" 3.78300000E+013" B="-3.55000000E-001" E="-1.08340000E+001"/>
</reaction>
<reaction formula="C2H5+C4H7-22=C2H6+C4H6-12">
<rate A=" 5.11500000E+013" B="-1.73000000E-001" E="-1.80600000E+000"/>
</reaction>
<reaction formula="CH3+C4H7-22=CH4+C4H6-12">
<rate A=" 5.11500000E+013" B="-1.73000000E-001" E="-1.80600000E+000"/>
</reaction>
<reaction formula="C2H5+C4H7-24=C2H6+C4H6-12">
<rate A=" 9.64000000E+011" B=" 0.00000000E+000" E="-1.30000000E+002"/>
</reaction>
<reaction formula="C2H5+C4H7-24=C2H6+C4H6-13">
<rate A=" 6.90000000E+013" B="-3.50000000E-001" E=" 0.00000000E+000"/>
</reaction>
<reaction formula="C2H5+C4H7-14=C2H6+C4H6-13">
<rate A=" 1.14000000E+013" B="-7.10000000E-002" E="-2.16700000E+000"/>
</reaction>
<reaction formula="CH3+C4H7-14=CH4+C4H6-13">
<rate A=" 1.14000000E+013" B="-7.10000000E-002" E="-2.16700000E+000"/>
</reaction>
<reaction formula="H+C2H5O-1=H2+C2H4O">
<rate A=" 3.62000000E+012" B=" 0.00000000E+000" E=" 0.00000000E+000"/>
</reaction>
<reaction formula="H+C4H9-1=H2+C4H8-1">
<rate A=" 3.62000000E+012" B=" 0.00000000E+000" E=" 0.00000000E+000"/>
</reaction>
<reaction formula="H+C3H7-1=H2+C3H6">
<rate A=" 3.62000000E+012" B=" 0.00000000E+000" E=" 0.00000000E+000"/>
</reaction>
<reaction formula="H+C4H9O-4=H2+C4H8O-enol">
<rate A=" 3.62000000E+012" B=" 0.00000000E+000" E=" 0.00000000E+000"/>
</reaction>
<reaction formula="H+C4H9O-4=H2+nC4H8O">
<rate A=" 6.03000000E+012" B=" 0.00000000E+000" E=" 0.00000000E+000"/>
</reaction>
<reaction formula="H+C4H9O-5=H2+nC4H8O">
<rate A=" 3.62000000E+012" B=" 0.00000000E+000" E=" 0.00000000E+000"/>
</reaction>
<reaction formula="O2+C4H9O-1=HO2+C4H8O-enol3">
<rate A=" 3.61600000E+011" B=" 0.00000000E+000" E=" 0.00000000E+000"/>
</reaction>
<reaction formula="O2+C4H9O-2=HO2+C4H8O-enol3">
<rate A=" 7.56000000E+011" B=" 0.00000000E+000" E=" 0.00000000E+000"/>
</reaction>
<reaction formula="O2+C4H9O-2=HO2+C4H8O-enol2">
<rate A=" 3.61600000E+011" B=" 0.00000000E+000" E=" 0.00000000E+000"/>
</reaction>
<reaction formula="O2+C4H9O-3=HO2+C4H8O-enol2">
<rate A=" 3.61600000E+011" B=" 0.00000000E+000" E=" 0.00000000E+000"/>
</reaction>
<reaction formula="O2+C4H9O-3=HO2+C4H8O-enol">
<rate A=" 3.61600000E+011" B=" 0.00000000E+000" E=" 0.00000000E+000"/>
</reaction>
<reaction formula="OH+C4H9O-1=H2O+C4H8O-enol3">
<rate A=" 4.82000000E+013" B=" 0.00000000E+000" E=" 0.00000000E+000"/>
</reaction>
<reaction formula="OH+C4H9O-2=H2O+C4H8O-enol3">
<rate A=" 7.23000000E+013" B=" 0.00000000E+000" E=" 0.00000000E+000"/>
</reaction>
<reaction formula="OH+C4H9O-2=H2O+C4H8O-enol2">
<rate A=" 4.82000000E+013" B=" 0.00000000E+000" E=" 0.00000000E+000"/>
</reaction>
<reaction formula="OH+C4H9O-3=H2O+C4H8O-enol2">
<rate A=" 4.82000000E+013" B=" 0.00000000E+000" E=" 0.00000000E+000"/>
</reaction>
<reaction formula="OH+C4H9O-3=H2O+C4H8O-enol">
<rate A=" 4.82000000E+013" B=" 0.00000000E+000" E=" 0.00000000E+000"/>
</reaction>
<reaction formula="H+C4H9O-1=H2+C4H8O-enol3">
<rate A=" 3.62000000E+012" B=" 0.00000000E+000" E=" 0.00000000E+000"/>
</reaction>
<reaction formula="CH3+C4H9O-1=CH4+C4H8O-enol3">
<rate A=" 2.30000000E+013" B="-3.20000000E-001" E=" 0.00000000E+000"/>
</reaction>
<reaction formula="C2H5+C4H9O-1=C2H6+C4H8O-enol3">
<rate A=" 2.90000000E+012" B=" 0.00000000E+000" E=" 0.00000000E+000"/>
</reaction>
<reaction formula="H+C4H9O-2=H2+C4H8O-enol3">
<rate A=" 1.08300000E+013" B=" 0.00000000E+000" E=" 0.00000000E+000"/>
</reaction>
<reaction formula="H+C4H9O-2=H2+C4H8O-enol2">
<rate A=" 3.62000000E+012" B=" 0.00000000E+000" E=" 0.00000000E+000"/>
</reaction>
<reaction formula="CH3+C4H9O-2=CH4+C4H8O-enol3">
<rate A=" 2.82300000E+011" B=" 6.80000000E-001" E=" 0.00000000E+000"/>
</reaction>
<reaction formula="CH3+C4H9O-2=CH4+C4H8O-enol2">
<rate A=" 2.30000000E+013" B="-3.20000000E-001" E=" 0.00000000E+000"/>
</reaction>
<reaction formula="C2H5+C4H9O-2=C2H6+C4H8O-enol3">
<rate A=" 6.90000000E+013" B="-3.50000000E-001" E=" 0.00000000E+000"/>
</reaction>
<reaction formula="C2H5+C4H9O-2=C2H6+C4H8O-enol2">
<rate A=" 2.90000000E+012" B=" 0.00000000E+000" E=" 0.00000000E+000"/>
</reaction>
<reaction formula="H+C4H9O-3=H2+C4H8O-enol2">
<rate A=" 3.62000000E+012" B=" 0.00000000E+000" E=" 0.00000000E+000"/>
</reaction>
<reaction formula="H+C4H9O-3=H2+C4H8O-enol">
<rate A=" 3.62000000E+012" B=" 0.00000000E+000" E=" 0.00000000E+000"/>
</reaction>
<reaction formula="CH3+C4H9O-3=CH4+C4H8O-enol2">
<rate A=" 2.30000000E+013" B="-3.20000000E-001" E=" 0.00000000E+000"/>
</reaction>
<reaction formula="CH3+C4H9O-3=CH4+C4H8O-enol">
<rate A=" 2.30000000E+013" B="-3.20000000E-001" E=" 0.00000000E+000"/>
</reaction>
<reaction formula="C2H5+C4H9O-3=C2H6+C4H8O-enol2">
<rate A=" 2.90000000E+012" B=" 0.00000000E+000" E=" 0.00000000E+000"/>
</reaction>
<reaction formula="C2H5+C4H9O-3=C2H6+C4H8O-enol">
<rate A=" 2.90000000E+012" B=" 0.00000000E+000" E=" 0.00000000E+000"/>
</reaction>
<reaction formula="C4H7-11+H2=C4H8-1+H">
<rate A=" 4.49000000E+012" B=" 0.00000000E+000" E=" 1.03000000E+004"/>
</reaction>
<reaction formula="C4H7-12+H2=C4H8-1+H">
<rate A=" 3.01000000E+012" B=" 0.00000000E+000" E=" 1.06000000E+004"/>
</reaction>
<reaction formula="C4H7-11+CH4=C4H8-1+CH3">
<rate A=" 1.59000000E+013" B=" 0.00000000E+000" E=" 1.37000000E+004"/>
</reaction>
<reaction formula="C4H7-12+CH4=C4H8-1+CH3">
<rate A=" 1.59000000E+013" B=" 0.00000000E+000" E=" 1.37000000E+004"/>
</reaction>
<reaction formula="CH2O+C3H7-1=HCO+C3H8">
<rate A=" 5.50000000E+003" B=" 2.81000000E+000" E=" 5.86000000E+003"/>
</reaction>
<reaction formula="CH2O+CH2OH=HCO+CH3OH">
<rate A=" 3.14000000E+006" B=" 1.75300000E+000" E=" 1.25321200E+004"/>
</reaction>
<reaction formula="CH2O+CH3O=HCO+CH3OH">
<rate A=" 1.02000000E+011" B=" 0.00000000E+000" E=" 2.98000000E+003"/>
</reaction>
<reaction formula="CH2O+C4H9-1=HCO+nC4H10">
<rate A=" 5.50000000E+003" B=" 2.81000000E+000" E=" 5.86000000E+003"/>
</reaction>
<reaction formula="CH2O+C2H5=HCO+C2H6">
<rate A=" 5.50000000E+003" B=" 2.81000000E+000" E=" 1.08600000E+004"/>
</reaction>
<reaction formula="C3H6+HCO=aC3H5+CH2O">
<rate A=" 1.08000000E+007" B=" 1.90000000E+000" E=" 1.90100000E+004"/>
</reaction>
<reaction formula="nC4H5+H2=C4H6-13+H">
<rate A=" 4.49000000E+012" B=" 0.00000000E+000" E=" 1.03000000E+004"/>
</reaction>
<reaction formula="iC4H5+H2=C4H6-13+H">
<rate A=" 2.37000000E+012" B=" 0.00000000E+000" E=" 1.82000000E+004"/>
</reaction>
<reaction formula="nC4H5+CH4=C4H6-13+CH3">
<rate A=" 1.59000000E+014" B=" 0.00000000E+000" E=" 1.37000000E+004"/>
</reaction>
<reaction formula="C4H6-13+CH3=iC4H5+CH4">
<rate A=" 5.15600000E+013" B=" 0.00000000E+000" E=" 1.62000000E+004"/>
</reaction>
<reaction formula="nC4H10O+C2H3=C4H9O-1+C2H4">
<rate A=" 2.10000000E+012" B=" 0.00000000E+000" E=" 1.01750000E+004"/>
</reaction>
<reaction formula="nC4H10O+C2H3=C4H9O-2+C2H4">
<rate A=" 1.02000000E+003" B=" 3.10000000E+000" E=" 8.82000000E+003"/>
</reaction>
<reaction formula="nC4H10O+C2H3=C4H9O-3+C2H4">
<rate A=" 1.02000000E+003" B=" 3.10000000E+000" E=" 8.82000000E+003"/>
</reaction>
<reaction formula="nC4H10O+C2H3=C4H9O-4+C2H4">
<rate A=" 3.02000000E+003" B=" 3.10000000E+000" E=" 8.82000000E+003"/>
</reaction>
<reaction formula="nC4H10O+C2H3=C4H9O-5+C2H4">
<rate A=" 1.44000000E+001" B=" 3.10000000E+000" E=" 6.94000000E+003"/>
</reaction>
<reaction formula="nC4H10O+C2H=C4H9O-1+C2H2">
<rate A=" 1.80600000E+012" B=" 0.00000000E+000" E=" 0.00000000E+000"/>
</reaction>
<reaction formula="nC4H10O+C2H=C4H9O-2+C2H2">
<rate A=" 1.21000000E+012" B=" 0.00000000E+000" E=" 0.00000000E+000"/>
</reaction>
<reaction formula="nC4H10O+C2H=C4H9O-3+C2H2">
<rate A=" 1.21000000E+012" B=" 0.00000000E+000" E=" 0.00000000E+000"/>
</reaction>
<reaction formula="nC4H10O+C2H=C4H9O-4+C2H2">
<rate A=" 1.21000000E+012" B=" 0.00000000E+000" E=" 0.00000000E+000"/>
</reaction>
<reaction formula="nC4H10O+C2H=C4H9O-5+C2H2">
<rate A=" 1.21000000E+012" B=" 0.00000000E+000" E=" 0.00000000E+000"/>
</reaction>
<reaction formula="nC4H8O+C2H5=C4H7OJ(8)+C2H6">
<rate A=" 3.80000000E+011" B=" 0.00000000E+000" E=" 7.21000000E+003"/>
</reaction>
<reaction formula="C2H4+C4H6-13=C6H10_CYC">
<rate A=" 6.82500000E+010" B=" 0.00000000E+000" E=" 2.33618000E+004"/>
</reaction>
<reaction formula="2aC3H5=C6H10">
<rate A=" 3.15000000E+012" B=" 0.00000000E+000" E=" 0.00000000E+000"/>
</reaction>
<reaction formula="C4H6-13+C2H3=C6H9_1_2_5">
<rate A=" 1.80590000E+013" B=" 0.00000000E+000" E=" 1.02000000E+004"/>
</reaction>
<reaction formula="C6H10+CH3=C6H9_1_2_5+CH4">
<rate A=" 2.12000000E+013" B=" 0.00000000E+000" E=" 1.16000000E+004"/>
</reaction>
<reaction formula="C6H10+C2H5=C6H9_1_2_5+C2H6">
<rate A=" 1.29600000E+012" B=" 0.00000000E+000" E=" 1.20000000E+004"/>
</reaction>
<reaction formula="C6H10+H=C6H9_1_2_5+H2">
<rate A=" 6.31200000E+014" B=" 0.00000000E+000" E=" 7.84000000E+003"/>
</reaction>
<reaction formula="C6H10+C2H3=C6H9_1_2_5+C2H4">
<rate A=" 1.75600000E+013" B=" 0.00000000E+000" E=" 6.72000000E+003"/>
</reaction>
<reaction formula="C6H10+aC3H5=C6H9_1_2_5+C3H6">
<rate A=" 9.92000000E+012" B=" 0.00000000E+000" E=" 2.00000000E+004"/>
</reaction>
<reaction formula="C6H9_1_2_5=C6H9_CYC_1_3">
<rate A=" 1.14000000E+011" B=" 0.00000000E+000" E=" 2.22000000E+004"/>
</reaction>
<reaction formula="C6H10_CYC+CH3=C6H9_CYC_1_3+CH4">
<rate A=" 7.00000000E+013" B=" 0.00000000E+000" E=" 1.45000000E+004"/>
</reaction>
<reaction formula="C6H10_CYC+C2H5=C6H9_CYC_1_3+C2H6">
<rate A=" 4.40000000E+012" B=" 0.00000000E+000" E=" 1.56000000E+004"/>
</reaction>
<reaction formula="C6H10_CYC+H=C6H9_CYC_1_3+H2">
<rate A=" 1.09600000E+015" B=" 0.00000000E+000" E=" 1.08000000E+004"/>
</reaction>
<reaction formula="C6H10_CYC+C2H3=C6H9_CYC_1_3+C2H4">
<rate A=" 5.80000000E+013" B=" 0.00000000E+000" E=" 9.63000000E+003"/>
</reaction>
<reaction formula="C6H10_CYC+aC3H5=C6H9_CYC_1_3+C3H6">
<rate A=" 1.08000000E+013" B=" 0.00000000E+000" E=" 2.04000000E+003"/>
</reaction>
<reaction formula="C6H8_CYC_1_4+CH3=C6H7_CYC_1_2+CH4">
<rate A=" 9.08000000E+013" B=" 0.00000000E+000" E=" 9.79000000E+003"/>
</reaction>
<reaction formula="C6H8_CYC_1_4+C2H5=C6H7_CYC_1_2+C2H6">
<rate A=" 1.22800000E+012" B=" 0.00000000E+000" E=" 9.25000000E+003"/>
</reaction>
<reaction formula="C6H8_CYC_1_4+H=C6H7_CYC_1_2+H2">
<rate A=" 3.22800000E+014" B=" 0.00000000E+000" E=" 5.81000000E+003"/>
</reaction>
<reaction formula="C6H8_CYC_1_4+C2H3=C6H7_CYC_1_2+C2H4">
<rate A=" 1.71200000E+013" B=" 0.00000000E+000" E=" 4.68000000E+003"/>
</reaction>
<reaction formula="C6H8_CYC_1_4+aC3H5=C6H7_CYC_1_2+C3H6">
<rate A=" 8.48000000E+012" B=" 0.00000000E+000" E=" 1.56000000E+004"/>
</reaction>
<reaction formula="C6H7_CYC_1_2+H=C6H8_CYC_1_4">
<rate A=" 5.00000000E+013" B=" 0.00000000E+000" E=" 0.00000000E+000"/>
</reaction>
<reaction formula="benzene+H=C6H7_CYC_1_2">
<rate A=" 2.35554600E+014" B=" 0.00000000E+000" E=" 5.95000000E+003"/>
</reaction>
<reaction formula="C6H8_CYC_1_4+H=C6H9_CYC_1_3">
<rate A=" 1.57036400E+014" B=" 0.00000000E+000" E=" 5.95000000E+003"/>
</reaction>
<reaction formula="benzene+CH3=C7H9">
<rate A=" 1.45800000E+013" B=" 0.00000000E+000" E=" 1.02000000E+004"/>
</reaction>
<reaction formula="benzene+C2H3=C8H9">
<rate A=" 1.45800000E+013" B=" 0.00000000E+000" E=" 1.02000000E+004"/>
</reaction>
<reaction formula="C8H8+H=C8H9">
<rate A=" 2.35554600E+014" B=" 0.00000000E+000" E=" 5.95000000E+003"/>
</reaction>
<reaction formula="C4H9O-4(+M)=C4H9O-2(+M)">
<rate A=" 1.00000000E+000" B=" 0.00000000E+000" E=" 0.00000000E+000"/>
<auxiliary keyword="TCHEB">
<data> 3.00000000E+002</data>
<data> 2.10000000E+003</data>
</auxiliary>
<auxiliary keyword="PCHEB">
<data> 9.86923267E-003</data>
<data> 9.86923267E+001</data>
</auxiliary>
<auxiliary keyword="CHEB">
<data>     4</data>
<data>     4</data>
</auxiliary>
<auxiliary keyword="CHEB">
<data>-3.34030000E+000</data>
<data> 1.37860000E+000</data>
<data>-2.96380000E-001</data>
<data> 4.24200000E-002</data>
</auxiliary>
<auxiliary keyword="CHEB">
<data> 9.18010000E+000</data>
<data> 1.34800000E+000</data>
<data>-9.27950000E-003</data>
<data>-6.70000000E-002</data>
</auxiliary>
<auxiliary keyword="CHEB">
<data>-8.86440000E-001</data>
<data> 5.10330000E-001</data>
<data> 7.52820000E-002</data>
<data>-1.84340000E-002</data>
</auxiliary>
<auxiliary keyword="CHEB">
<data>-3.29050000E-001</data>
<data> 7.71170000E-002</data>
<data> 4.56210000E-002</data>
<data> 6.52360000E-003</data>
</auxiliary>
</reaction>
<reaction formula="C4H9O-4(+M)=CH2O+C3H7-1(+M)">
<rate A=" 1.00000000E+000" B=" 0.00000000E+000" E=" 0.00000000E+000"/>
<auxiliary keyword="TCHEB">
<data> 3.00000000E+002</data>
<data> 2.10000000E+003</data>
</auxiliary>
<auxiliary keyword="PCHEB">
<data> 9.86923267E-003</data>
<data> 9.86923267E+001</data>
</auxiliary>
<auxiliary keyword="CHEB">
<data>     4</data>
<data>     4</data>
</auxiliary>
<auxiliary keyword="CHEB">
<data>-8.02650000E+000</data>
<data> 6.40370000E-001</data>
<data>-5.00730000E-002</data>
<data> 1.36590000E-002</data>
</auxiliary>
<auxiliary keyword="CHEB">
<data> 1.18210000E+001</data>
<data> 1.46700000E+000</data>
<data>-5.76950000E-002</data>
<data>-6.10990000E-002</data>
</auxiliary>
<auxiliary keyword="CHEB">
<data>-3.26260000E-001</data>
<data>-7.49100000E-002</data>
<data> 5.70380000E-002</data>
<data> 4.38870000E-002</data>
</auxiliary>
<auxiliary keyword="CHEB">
<data>-1.26410000E-001</data>
<data>-5.25870000E-002</data>
<data> 4.16840000E-002</data>
<data>-8.51570000E-003</data>
</auxiliary>
</reaction>
<reaction formula="C4H9O-2(+M)=CH2O+C3H7-1(+M)">
<rate A=" 1.00000000E+000" B=" 0.00000000E+000" E=" 0.00000000E+000"/>
<auxiliary keyword="TCHEB">
<data> 3.00000000E+002</data>
<data> 2.10000000E+003</data>
</auxiliary>
<auxiliary keyword="PCHEB">
<data> 9.86923267E-003</data>
<data> 9.86923267E+001</data>
</auxiliary>
<auxiliary keyword="CHEB">
<data>     4</data>
<data>     4</data>
</auxiliary>
<auxiliary keyword="CHEB">
<data>-4.03240000E+000</data>
<data> 5.66390000E-001</data>
<data>-1.42590000E-001</data>
<data>-9.90110000E-003</data>
</auxiliary>
<auxiliary keyword="CHEB">
<data> 9.02150000E+000</data>
<data> 9.79170000E-001</data>
<data>-3.33870000E-002</data>
<data>-3.37030000E-003</data>
</auxiliary>
<auxiliary keyword="CHEB">
<data>-5.49040000E-001</data>
<data> 3.40170000E-001</data>
<data> 3.36980000E-002</data>
<data>-2.59480000E-002</data>
</auxiliary>
<auxiliary keyword="CHEB">
<data>-2.03010000E-001</data>
<data> 2.01760000E-002</data>
<data> 5.43590000E-002</data>
<data> 1.72620000E-005</data>
</auxiliary>
</reaction>
<reaction formula="C4H7OJ(8)(+M)=C3H7-1+CO(+M)">
<rate A=" 1.00000000E+000" B=" 0.00000000E+000" E=" 0.00000000E+000"/>
<auxiliary keyword="TCHEB">
<data> 3.00000000E+002</data>
<data> 2.10000000E+003</data>
</auxiliary>
<auxiliary keyword="PCHEB">
<data> 9.86923267E-003</data>
<data> 9.86923267E+001</data>
</auxiliary>
<auxiliary keyword="CHEB">
<data>     4</data>
<data>     4</data>
</auxiliary>
<auxiliary keyword="CHEB">
<data> 5.61490000E+000</data>
<data> 1.84320000E+000</data>
<data>-9.74490000E-002</data>
<data>-3.87860000E-002</data>
</auxiliary>
<auxiliary keyword="CHEB">
<data> 3.20960000E+000</data>
<data> 1.58050000E-001</data>
<data> 9.53590000E-002</data>
<data> 3.61130000E-002</data>
</auxiliary>
<auxiliary keyword="CHEB">
<data>-4.87400000E-001</data>
<data> 9.57330000E-003</data>
<data> 8.92080000E-003</data>
<data> 5.44250000E-003</data>
</auxiliary>
<auxiliary keyword="CHEB">
<data>-8.94090000E-002</data>
<data>-1.09210000E-002</data>
<data>-6.50230000E-003</data>
<data>-2.40550000E-003</data>
</auxiliary>
</reaction>
<reaction formula="C3H7O2(+M)=CH2CH2CH2OOH(+M)">
<rate A=" 1.00000000E+000" B=" 0.00000000E+000" E=" 0.00000000E+000"/>
<auxiliary keyword="TCHEB">
<data> 3.00000000E+002</data>
<data> 2.10000000E+003</data>
</auxiliary>
<auxiliary keyword="PCHEB">
<data> 9.86923267E-003</data>
<data> 9.86923267E+001</data>
</auxiliary>
<auxiliary keyword="CHEB">
<data>     4</data>
<data>     4</data>
</auxiliary>
<auxiliary keyword="CHEB">
<data> 9.57640000E-001</data>
<data> 1.63410000E+000</data>
<data>-1.94450000E-001</data>
<data>-3.00300000E-002</data>
</auxiliary>
<auxiliary keyword="CHEB">
<data> 5.73660000E+000</data>
<data> 7.10170000E-001</data>
<data> 1.86350000E-001</data>
<data> 1.20530000E-003</data>
</auxiliary>
<auxiliary keyword="CHEB">
<data>-8.10380000E-001</data>
<data> 1.67290000E-001</data>
<data> 6.35150000E-002</data>
<data> 3.12830000E-002</data>
</auxiliary>
<auxiliary keyword="CHEB">
<data>-4.84630000E-001</data>
<data> 8.63650000E-002</data>
<data> 1.48160000E-002</data>
<data> 1.25500000E-003</data>
</auxiliary>
</reaction>
<reaction formula="C3H7O2(+M)=O2+C3H7-1(+M)">
<rate A=" 1.00000000E+000" B=" 0.00000000E+000" E=" 0.00000000E+000"/>
<auxiliary keyword="TCHEB">
<data> 3.00000000E+002</data>
<data> 2.10000000E+003</data>
</auxiliary>
<auxiliary keyword="PCHEB">
<data> 9.86923267E-003</data>
<data> 9.86923267E+001</data>
</auxiliary>
<auxiliary keyword="CHEB">
<data>     4</data>
<data>     4</data>
</auxiliary>
<auxiliary keyword="CHEB">
<data> 6.29530000E-001</data>
<data> 1.42000000E+000</data>
<data>-2.25850000E-001</data>
<data>-2.29940000E-002</data>
</auxiliary>
<auxiliary keyword="CHEB">
<data> 8.44070000E+000</data>
<data> 4.96360000E-001</data>
<data> 1.61790000E-001</data>
<data>-4.76150000E-003</data>
</auxiliary>
<auxiliary keyword="CHEB">
<data>-8.26710000E-001</data>
<data> 9.56280000E-002</data>
<data> 5.98010000E-002</data>
<data> 1.99460000E-002</data>
</auxiliary>
<auxiliary keyword="CHEB">
<data>-2.91900000E-001</data>
<data>-2.32420000E-002</data>
<data> 1.08690000E-003</data>
<data> 8.04430000E-003</data>
</auxiliary>
</reaction>
<reaction formula="C3H7O2(+M)=HO2+C3H6(+M)">
<rate A=" 1.00000000E+000" B=" 0.00000000E+000" E=" 0.00000000E+000"/>
<auxiliary keyword="TCHEB">
<data> 3.00000000E+002</data>
<data> 2.10000000E+003</data>
</auxiliary>
<auxiliary keyword="PCHEB">
<data> 9.86923267E-003</data>
<data> 9.86923267E+001</data>
</auxiliary>
<auxiliary keyword="CHEB">
<data>     4</data>
<data>     4</data>
</auxiliary>
<auxiliary keyword="CHEB">
<data>-7.39080000E-001</data>
<data> 4.95660000E-001</data>
<data> 8.39040000E-003</data>
<data> 1.08980000E-002</data>
</auxiliary>
<auxiliary keyword="CHEB">
<data> 8.05330000E+000</data>
<data> 7.17340000E-001</data>
<data> 3.54620000E-002</data>
<data> 1.81500000E-002</data>
</auxiliary>
<auxiliary keyword="CHEB">
<data>-8.82980000E-001</data>
<data> 3.77390000E-001</data>
<data> 2.19660000E-002</data>
<data>-6.93890000E-003</data>
</auxiliary>
<auxiliary keyword="CHEB">
<data>-4.13110000E-001</data>
<data> 1.41220000E-001</data>
<data> 7.37700000E-004</data>
<data>-1.94120000E-002</data>
</auxiliary>
</reaction>
<reaction formula="CH2CH2CH2OOH(+M)=O2+C3H7-1(+M)">
<rate A=" 1.00000000E+000" B=" 0.00000000E+000" E=" 0.00000000E+000"/>
<auxiliary keyword="TCHEB">
<data> 3.00000000E+002</data>
<data> 2.10000000E+003</data>
</auxiliary>
<auxiliary keyword="PCHEB">
<data> 9.86923267E-003</data>
<data> 9.86923267E+001</data>
</auxiliary>
<auxiliary keyword="CHEB">
<data>     4</data>
<data>     4</data>
</auxiliary>
<auxiliary keyword="CHEB">
<data> 4.44610000E+000</data>
<data> 1.14520000E+000</data>
<data>-3.74880000E-001</data>
<data>-6.95910000E-002</data>
</auxiliary>
<auxiliary keyword="CHEB">
<data> 4.90690000E+000</data>
<data> 8.26990000E-001</data>
<data> 3.17750000E-001</data>
<data> 2.80880000E-002</data>
</auxiliary>
<auxiliary keyword="CHEB">
<data>-5.44840000E-001</data>
<data> 5.24250000E-002</data>
<data> 5.56980000E-002</data>
<data> 3.12660000E-002</data>
</auxiliary>
<auxiliary keyword="CHEB">
<data>-2.46030000E-001</data>
<data>-5.14400000E-002</data>
<data>-1.70520000E-002</data>
<data> 1.05550000E-003</data>
</auxiliary>
</reaction>
<reaction formula="CH2CH2CH2OOH(+M)=HO2+C3H6(+M)">
<rate A=" 1.00000000E+000" B=" 0.00000000E+000" E=" 0.00000000E+000"/>
<auxiliary keyword="TCHEB">
<data> 3.00000000E+002</data>
<data> 2.10000000E+003</data>
</auxiliary>
<auxiliary keyword="PCHEB">
<data> 9.86923267E-003</data>
<data> 9.86923267E+001</data>
</auxiliary>
<auxiliary keyword="CHEB">
<data>     4</data>
<data>     4</data>
</auxiliary>
<auxiliary keyword="CHEB">
<data> 2.85940000E+000</data>
<data> 2.74360000E-001</data>
<data>-1.58180000E-001</data>
<data>-4.55360000E-002</data>
</auxiliary>
<auxiliary keyword="CHEB">
<data> 4.50440000E+000</data>
<data> 1.21470000E+000</data>
<data> 1.88460000E-001</data>
<data> 3.01000000E-002</data>
</auxiliary>
<auxiliary keyword="CHEB">
<data>-6.11460000E-001</data>
<data> 3.67690000E-001</data>
<data> 2.09470000E-003</data>
<data> 9.47580000E-003</data>
</auxiliary>
<auxiliary keyword="CHEB">
<data>-3.50860000E-001</data>
<data> 9.04130000E-002</data>
<data>-3.54500000E-002</data>
<data>-1.63530000E-002</data>
</auxiliary>
</reaction>
<reaction formula="O2+C3H7-1(+M)=HO2+C3H6(+M)">
<rate A=" 1.00000000E+000" B=" 0.00000000E+000" E=" 0.00000000E+000"/>
<auxiliary keyword="TCHEB">
<data> 3.00000000E+002</data>
<data> 2.10000000E+003</data>
</auxiliary>
<auxiliary keyword="PCHEB">
<data> 9.86923267E-003</data>
<data> 9.86923267E+001</data>
</auxiliary>
<auxiliary keyword="CHEB">
<data>     4</data>
<data>     4</data>
</auxiliary>
<auxiliary keyword="CHEB">
<data> 1.01480000E+001</data>
<data>-4.97240000E-001</data>
<data>-1.89410000E-001</data>
<data>-1.70560000E-002</data>
</auxiliary>
<auxiliary keyword="CHEB">
<data> 1.09890000E+000</data>
<data> 5.58470000E-001</data>
<data> 1.96000000E-001</data>
<data> 6.01460000E-003</data>
</auxiliary>
<auxiliary keyword="CHEB">
<data> 1.09490000E-001</data>
<data> 2.18310000E-002</data>
<data> 2.80810000E-002</data>
<data> 1.53780000E-002</data>
</auxiliary>
<auxiliary keyword="CHEB">
<data>-2.73080000E-002</data>
<data>-8.24560000E-002</data>
<data>-3.03920000E-002</data>
<data>-1.02280000E-003</data>
</auxiliary>
</reaction>
<reaction formula="aC3H5O2(+M)=O2+aC3H5(+M)">
<rate A=" 1.00000000E+000" B=" 0.00000000E+000" E=" 0.00000000E+000"/>
<auxiliary keyword="TCHEB">
<data> 3.00000000E+002</data>
<data> 2.10000000E+003</data>
</auxiliary>
<auxiliary keyword="PCHEB">
<data> 9.86923267E-003</data>
<data> 9.86923267E+001</data>
</auxiliary>
<auxiliary keyword="CHEB">
<data>     4</data>
<data>     4</data>
</auxiliary>
<auxiliary keyword="CHEB">
<data> 4.57910000E+000</data>
<data> 1.85220000E+000</data>
<data>-9.39550000E-002</data>
<data>-3.86600000E-002</data>
</auxiliary>
<auxiliary keyword="CHEB">
<data> 4.12970000E+000</data>
<data> 1.55180000E-001</data>
<data> 9.53720000E-002</data>
<data> 3.71560000E-002</data>
</auxiliary>
<auxiliary keyword="CHEB">
<data>-6.15580000E-001</data>
<data> 4.94750000E-003</data>
<data> 6.61940000E-003</data>
<data> 4.92740000E-003</data>
</auxiliary>
<auxiliary keyword="CHEB">
<data>-1.41070000E-001</data>
<data>-1.40250000E-002</data>
<data>-8.75560000E-003</data>
<data>-3.48120000E-003</data>
</auxiliary>
</reaction>
<reaction formula="aC3H5O2(+M)=HO2+aC3H4(+M)">
<rate A=" 1.00000000E+000" B=" 0.00000000E+000" E=" 0.00000000E+000"/>
<auxiliary keyword="TCHEB">
<data> 3.00000000E+002</data>
<data> 2.10000000E+003</data>
</auxiliary>
<auxiliary keyword="PCHEB">
<data> 9.86923267E-003</data>
<data> 9.86923267E+001</data>
</auxiliary>
<auxiliary keyword="CHEB">
<data>     4</data>
<data>     4</data>
</auxiliary>
<auxiliary keyword="CHEB">
<data>-3.25450000E+000</data>
<data> 1.98270000E+000</data>
<data>-1.24910000E-002</data>
<data>-6.11300000E-003</data>
</auxiliary>
<auxiliary keyword="CHEB">
<data> 8.19670000E+000</data>
<data> 2.13390000E-002</data>
<data> 1.53740000E-002</data>
<data> 7.49970000E-003</data>
</auxiliary>
<auxiliary keyword="CHEB">
<data>-3.00150000E-001</data>
<data>-2.89950000E-003</data>
<data>-2.03190000E-003</data>
<data>-9.57620000E-004</data>
</auxiliary>
<auxiliary keyword="CHEB">
<data> 1.06890000E-002</data>
<data>-1.71970000E-003</data>
<data>-1.26250000E-003</data>
<data>-6.29600000E-004</data>
</auxiliary>
</reaction>
<reaction formula="O2+aC3H5(+M)=HO2+aC3H4(+M)">
<rate A=" 1.00000000E+000" B=" 0.00000000E+000" E=" 0.00000000E+000"/>
<auxiliary keyword="TCHEB">
<data> 3.00000000E+002</data>
<data> 2.10000000E+003</data>
</auxiliary>
<auxiliary keyword="PCHEB">
<data> 9.86923267E-003</data>
<data> 9.86923267E+001</data>
</auxiliary>
<auxiliary keyword="CHEB">
<data>     4</data>
<data>     4</data>
</auxiliary>
<auxiliary keyword="CHEB">
<data> 6.17220000E+000</data>
<data>-1.64370000E-002</data>
<data>-1.18710000E-002</data>
<data>-5.80790000E-003</data>
</auxiliary>
<auxiliary keyword="CHEB">
<data> 4.11710000E+000</data>
<data> 2.11920000E-002</data>
<data> 1.52720000E-002</data>
<data> 7.45240000E-003</data>
</auxiliary>
<auxiliary keyword="CHEB">
<data> 1.41260000E-001</data>
<data>-3.58640000E-003</data>
<data>-2.53320000E-003</data>
<data>-1.20590000E-003</data>
</auxiliary>
<auxiliary keyword="CHEB">
<data> 5.32120000E-002</data>
<data>-1.83690000E-003</data>
<data>-1.35030000E-003</data>
<data>-6.74350000E-004</data>
</auxiliary>
</reaction>
<reaction formula="aC3H5+C3H7O2(+M)=aC3H5O2+C3H7-1(+M)">
<rate A=" 1.00000000E+000" B=" 0.00000000E+000" E=" 0.00000000E+000"/>
<auxiliary keyword="TCHEB">
<data> 3.00000000E+002</data>
<data> 2.10000000E+003</data>
</auxiliary>
<auxiliary keyword="PCHEB">
<data> 9.86923267E-003</data>
<data> 9.86923267E+001</data>
</auxiliary>
<auxiliary keyword="CHEB">
<data>     4</data>
<data>     4</data>
</auxiliary>
<auxiliary keyword="CHEB">
<data> 6.38580000E+000</data>
<data>-1.29900000E+000</data>
<data>-6.12980000E-002</data>
<data> 4.90580000E-003</data>
</auxiliary>
<auxiliary keyword="CHEB">
<data> 7.19340000E+000</data>
<data> 1.12420000E+000</data>
<data>-4.90910000E-002</data>
<data>-1.33030000E-002</data>
</auxiliary>
<auxiliary keyword="CHEB">
<data> 2.44770000E-001</data>
<data> 3.75750000E-001</data>
<data> 7.35880000E-002</data>
<data>-1.05200000E-002</data>
</auxiliary>
<auxiliary keyword="CHEB">
<data>-2.10670000E-001</data>
<data>-8.24520000E-002</data>
<data> 6.34730000E-002</data>
<data> 9.56340000E-003</data>
</auxiliary>
</reaction>
<reaction formula="nC4H8O+OH(+M)=C4H9O-4+O(+M)">
<rate A=" 1.00000000E+000" B=" 0.00000000E+000" E=" 0.00000000E+000"/>
<auxiliary keyword="TCHEB">
<data> 3.00000000E+002</data>
<data> 2.10000000E+003</data>
</auxiliary>
<auxiliary keyword="PCHEB">
<data> 9.86923267E-003</data>
<data> 9.86923267E+001</data>
</auxiliary>
<auxiliary keyword="CHEB">
<data>     4</data>
<data>     4</data>
</auxiliary>
<auxiliary keyword="CHEB">
<data>-1.83840000E+001</data>
<data>-7.42740000E-004</data>
<data>-5.44030000E-004</data>
<data>-2.70660000E-004</data>
</auxiliary>
<auxiliary keyword="CHEB">
<data> 2.41030000E+001</data>
<data> 9.00230000E-004</data>
<data> 6.59300000E-004</data>
<data> 3.27950000E-004</data>
</auxiliary>
<auxiliary keyword="CHEB">
<data> 1.49860000E-001</data>
<data>-1.68600000E-004</data>
<data>-1.23380000E-004</data>
<data>-6.13180000E-005</data>
</auxiliary>
<auxiliary keyword="CHEB">
<data> 6.85480000E-002</data>
<data>-6.77590000E-005</data>
<data>-4.96740000E-005</data>
<data>-2.47380000E-005</data>
</auxiliary>
</reaction>
<reaction formula="OH+C3H7-1(+M)=C3H6+H2O(+M)">
<rate A=" 1.00000000E+000" B=" 0.00000000E+000" E=" 0.00000000E+000"/>
<auxiliary keyword="TCHEB">
<data> 3.00000000E+002</data>
<data> 2.10000000E+003</data>
</auxiliary>
<auxiliary keyword="PCHEB">
<data> 9.86923267E-003</data>
<data> 9.86923267E+001</data>
</auxiliary>
<auxiliary keyword="CHEB">
<data>     4</data>
<data>     4</data>
</auxiliary>
<auxiliary keyword="CHEB">
<data> 1.18050000E+001</data>
<data>-1.47730000E+000</data>
<data>-6.68520000E-002</data>
<data> 8.75330000E-003</data>
</auxiliary>
<auxiliary keyword="CHEB">
<data> 1.15460000E+000</data>
<data> 8.28480000E-001</data>
<data>-8.41440000E-002</data>
<data>-3.79770000E-003</data>
</auxiliary>
<auxiliary keyword="CHEB">
<data> 5.58430000E-002</data>
<data> 4.75310000E-001</data>
<data> 2.41520000E-002</data>
<data>-1.55290000E-002</data>
</auxiliary>
<auxiliary keyword="CHEB">
<data>-2.40700000E-001</data>
<data> 1.47850000E-001</data>
<data> 6.05800000E-002</data>
<data>-8.12460000E-003</data>
</auxiliary>
</reaction>
<reaction formula="nSPC(301)(+M)=nSPC(351)(+M)">
<rate A=" 1.00000000E+000" B=" 0.00000000E+000" E=" 0.00000000E+000"/>
<auxiliary keyword="TCHEB">
<data> 3.00000000E+002</data>
<data> 2.10000000E+003</data>
</auxiliary>
<auxiliary keyword="PCHEB">
<data> 9.86923267E-003</data>
<data> 9.86923267E+001</data>
</auxiliary>
<auxiliary keyword="CHEB">
<data>     4</data>
<data>     4</data>
</auxiliary>
<auxiliary keyword="CHEB">
<data> 4.54020000E+000</data>
<data> 1.26180000E+000</data>
<data>-2.25480000E-001</data>
<data> 2.10590000E-003</data>
</auxiliary>
<auxiliary keyword="CHEB">
<data> 3.48520000E+000</data>
<data> 9.19980000E-001</data>
<data> 9.92440000E-002</data>
<data>-6.92070000E-002</data>
</auxiliary>
<auxiliary keyword="CHEB">
<data>-8.47640000E-001</data>
<data> 3.07680000E-001</data>
<data> 7.01860000E-002</data>
<data> 2.67450000E-003</data>
</auxiliary>
<auxiliary keyword="CHEB">
<data>-5.10080000E-001</data>
<data> 1.05690000E-001</data>
<data> 1.61230000E-002</data>
<data> 9.20960000E-003</data>
</auxiliary>
</reaction>
<reaction formula="nSPC(301)(+M)=O2+C4H9O-2(+M)">
<rate A=" 1.00000000E+000" B=" 0.00000000E+000" E=" 0.00000000E+000"/>
<auxiliary keyword="TCHEB">
<data> 3.00000000E+002</data>
<data> 2.10000000E+003</data>
</auxiliary>
<auxiliary keyword="PCHEB">
<data> 9.86923267E-003</data>
<data> 9.86923267E+001</data>
</auxiliary>
<auxiliary keyword="CHEB">
<data>     4</data>
<data>     4</data>
</auxiliary>
<auxiliary keyword="CHEB">
<data> 1.27380000E+000</data>
<data> 1.13010000E+000</data>
<data>-1.43730000E-001</data>
<data> 3.30260000E-002</data>
</auxiliary>
<auxiliary keyword="CHEB">
<data> 8.39040000E+000</data>
<data> 7.46390000E-001</data>
<data> 1.18310000E-001</data>
<data>-3.03340000E-002</data>
</auxiliary>
<auxiliary keyword="CHEB">
<data>-8.95620000E-001</data>
<data> 1.65150000E-001</data>
<data> 3.33650000E-002</data>
<data>-8.35940000E-003</data>
</auxiliary>
<auxiliary keyword="CHEB">
<data>-2.88510000E-001</data>
<data>-2.50070000E-002</data>
<data>-1.20400000E-002</data>
<data> 2.04270000E-003</data>
</auxiliary>
</reaction>
<reaction formula="nSPC(351)(+M)=O2+C4H9O-2(+M)">
<rate A=" 1.00000000E+000" B=" 0.00000000E+000" E=" 0.00000000E+000"/>
<auxiliary keyword="TCHEB">
<data> 3.00000000E+002</data>
<data> 2.10000000E+003</data>
</auxiliary>
<auxiliary keyword="PCHEB">
<data> 9.86923267E-003</data>
<data> 9.86923267E+001</data>
</auxiliary>
<auxiliary keyword="CHEB">
<data>     4</data>
<data>     4</data>
</auxiliary>
<auxiliary keyword="CHEB">
<data> 2.96010000E+000</data>
<data> 6.64850000E-001</data>
<data>-3.79860000E-001</data>
<data>-2.62330000E-002</data>
</auxiliary>
<auxiliary keyword="CHEB">
<data> 6.79190000E+000</data>
<data> 1.03530000E+000</data>
<data> 2.02910000E-001</data>
<data>-4.04110000E-002</data>
</auxiliary>
<auxiliary keyword="CHEB">
<data>-1.04010000E+000</data>
<data> 1.36650000E-001</data>
<data> 4.84160000E-002</data>
<data> 9.00110000E-003</data>
</auxiliary>
<auxiliary keyword="CHEB">
<data>-4.24110000E-001</data>
<data>-1.34630000E-002</data>
<data> 5.14100000E-003</data>
<data> 7.90580000E-003</data>
</auxiliary>
</reaction>
<reaction formula="C4H9O-2+C3H7O2(+M)=nSPC(301)+C3H7-1(+M)">
<rate A=" 1.00000000E+000" B=" 0.00000000E+000" E=" 0.00000000E+000"/>
<auxiliary keyword="TCHEB">
<data> 3.00000000E+002</data>
<data> 2.10000000E+003</data>
</auxiliary>
<auxiliary keyword="PCHEB">
<data> 9.86923267E-003</data>
<data> 9.86923267E+001</data>
</auxiliary>
<auxiliary keyword="CHEB">
<data>     4</data>
<data>     4</data>
</auxiliary>
<auxiliary keyword="CHEB">
<data> 8.73170000E+000</data>
<data>-1.40550000E+000</data>
<data>-3.41760000E-002</data>
<data>-1.77670000E-004</data>
</auxiliary>
<auxiliary keyword="CHEB">
<data> 5.29180000E+000</data>
<data> 1.03110000E+000</data>
<data>-5.74550000E-002</data>
<data>-5.67620000E-003</data>
</auxiliary>
<auxiliary keyword="CHEB">
<data> 4.58780000E-001</data>
<data> 5.13810000E-001</data>
<data> 3.25580000E-002</data>
<data>-5.49710000E-003</data>
</auxiliary>
<auxiliary keyword="CHEB">
<data>-3.36670000E-001</data>
<data> 4.62340000E-002</data>
<data> 6.20450000E-002</data>
<data> 1.74920000E-003</data>
</auxiliary>
</reaction>
<reaction formula="C4H9O-2+aC3H5O2(+M)=nSPC(301)+aC3H5(+M)">
<rate A=" 1.00000000E+000" B=" 0.00000000E+000" E=" 0.00000000E+000"/>
<auxiliary keyword="TCHEB">
<data> 3.00000000E+002</data>
<data> 2.10000000E+003</data>
</auxiliary>
<auxiliary keyword="PCHEB">
<data> 9.86923267E-003</data>
<data> 9.86923267E+001</data>
</auxiliary>
<auxiliary keyword="CHEB">
<data>     4</data>
<data>     4</data>
</auxiliary>
<auxiliary keyword="CHEB">
<data> 1.16160000E+001</data>
<data>-1.32640000E+000</data>
<data>-5.41190000E-002</data>
<data> 3.08140000E-003</data>
</auxiliary>
<auxiliary keyword="CHEB">
<data> 2.80800000E+000</data>
<data> 1.11470000E+000</data>
<data>-5.63210000E-002</data>
<data>-1.14750000E-002</data>
</auxiliary>
<auxiliary keyword="CHEB">
<data> 3.14680000E-001</data>
<data> 4.08610000E-001</data>
<data> 6.36950000E-002</data>
<data>-1.00460000E-002</data>
</auxiliary>
<auxiliary keyword="CHEB">
<data>-2.62610000E-001</data>
<data>-6.74910000E-002</data>
<data> 6.80850000E-002</data>
<data> 7.42350000E-003</data>
</auxiliary>
</reaction>
<reaction formula="nSPC(385)+OH(+M)=nSPC(351)+O(+M)">
<rate A=" 1.00000000E+000" B=" 0.00000000E+000" E=" 0.00000000E+000"/>
<auxiliary keyword="TCHEB">
<data> 3.00000000E+002</data>
<data> 2.10000000E+003</data>
</auxiliary>
<auxiliary keyword="PCHEB">
<data> 9.86923267E-003</data>
<data> 9.86923267E+001</data>
</auxiliary>
<auxiliary keyword="CHEB">
<data>     4</data>
<data>     4</data>
</auxiliary>
<auxiliary keyword="CHEB">
<data>-1.83800000E+001</data>
<data>-1.31970000E-003</data>
<data>-9.66140000E-004</data>
<data>-4.80400000E-004</data>
</auxiliary>
<auxiliary keyword="CHEB">
<data> 2.41000000E+001</data>
<data> 1.60340000E-003</data>
<data> 1.17360000E-003</data>
<data> 5.83350000E-004</data>
</auxiliary>
<auxiliary keyword="CHEB">
<data> 1.49750000E-001</data>
<data>-3.67150000E-004</data>
<data>-2.68430000E-004</data>
<data>-1.33250000E-004</data>
</auxiliary>
<auxiliary keyword="CHEB">
<data> 6.85390000E-002</data>
<data>-9.08390000E-005</data>
<data>-6.66620000E-005</data>
<data>-3.32380000E-005</data>
</auxiliary>
</reaction>
<reaction formula="nSPC(385)(+M)=nSPC(447)+OH(+M)">
<rate A=" 1.00000000E+000" B=" 0.00000000E+000" E=" 0.00000000E+000"/>
<auxiliary keyword="TCHEB">
<data> 3.00000000E+002</data>
<data> 2.10000000E+003</data>
</auxiliary>
<auxiliary keyword="PCHEB">
<data> 9.86923267E-003</data>
<data> 9.86923267E+001</data>
</auxiliary>
<auxiliary keyword="CHEB">
<data>     4</data>
<data>     4</data>
</auxiliary>
<auxiliary keyword="CHEB">
<data>-3.13230000E+000</data>
<data> 6.74590000E-001</data>
<data>-6.47600000E-002</data>
<data> 7.18880000E-003</data>
</auxiliary>
<auxiliary keyword="CHEB">
<data> 1.23550000E+001</data>
<data> 9.87500000E-001</data>
<data>-2.84810000E-002</data>
<data>-1.34440000E-002</data>
</auxiliary>
<auxiliary keyword="CHEB">
<data>-1.21420000E+000</data>
<data> 3.66200000E-001</data>
<data> 5.09130000E-002</data>
<data>-6.05340000E-003</data>
</auxiliary>
<auxiliary keyword="CHEB">
<data>-4.98640000E-001</data>
<data> 8.07850000E-003</data>
<data> 3.55960000E-002</data>
<data> 5.92590000E-003</data>
</auxiliary>
</reaction>
<reaction formula="nSPC(447)(+M)=CH3CHO+CH2CHO(+M)">
<rate A=" 1.00000000E+000" B=" 0.00000000E+000" E=" 0.00000000E+000"/>
<auxiliary keyword="TCHEB">
<data> 3.00000000E+002</data>
<data> 2.10000000E+003</data>
</auxiliary>
<auxiliary keyword="PCHEB">
<data> 9.86923267E-003</data>
<data> 9.86923267E+001</data>
</auxiliary>
<auxiliary keyword="CHEB">
<data>     4</data>
<data>     4</data>
</auxiliary>
<auxiliary keyword="CHEB">
<data> 6.72720000E+000</data>
<data> 1.95160000E+000</data>
<data>-3.38350000E-002</data>
<data>-1.58960000E-002</data>
</auxiliary>
<auxiliary keyword="CHEB">
<data> 2.22980000E+000</data>
<data> 5.79590000E-002</data>
<data> 4.01560000E-002</data>
<data> 1.86530000E-002</data>
</auxiliary>
<auxiliary keyword="CHEB">
<data>-3.84850000E-001</data>
<data>-7.97020000E-003</data>
<data>-5.05820000E-003</data>
<data>-2.06840000E-003</data>
</auxiliary>
<auxiliary keyword="CHEB">
<data>-3.05040000E-002</data>
<data>-2.24780000E-003</data>
<data>-1.73310000E-003</data>
<data>-9.11370000E-004</data>
</auxiliary>
</reaction>
<reaction formula="nSPC(543)(+M)=O2+CH2CHO(+M)">
<rate A=" 1.00000000E+000" B=" 0.00000000E+000" E=" 0.00000000E+000"/>
<auxiliary keyword="TCHEB">
<data> 3.00000000E+002</data>
<data> 2.10000000E+003</data>
</auxiliary>
<auxiliary keyword="PCHEB">
<data> 9.86923267E-003</data>
<data> 9.86923267E+001</data>
</auxiliary>
<auxiliary keyword="CHEB">
<data>     4</data>
<data>     4</data>
</auxiliary>
<auxiliary keyword="CHEB">
<data> 1.39100000E+000</data>
<data> 1.78440000E+000</data>
<data>-1.28710000E-001</data>
<data>-4.78070000E-002</data>
</auxiliary>
<auxiliary keyword="CHEB">
<data> 6.95520000E+000</data>
<data> 2.13350000E-001</data>
<data> 1.20080000E-001</data>
<data> 3.97380000E-002</data>
</auxiliary>
<auxiliary keyword="CHEB">
<data>-7.13590000E-001</data>
<data> 1.74280000E-002</data>
<data> 1.71390000E-002</data>
<data> 1.07600000E-002</data>
</auxiliary>
<auxiliary keyword="CHEB">
<data>-2.82650000E-001</data>
<data>-1.61640000E-002</data>
<data>-8.77270000E-003</data>
<data>-2.60010000E-003</data>
</auxiliary>
</reaction>
<reaction formula="nSPC(543)(+M)=HO2+CH2CO(+M)">
<rate A=" 1.00000000E+000" B=" 0.00000000E+000" E=" 0.00000000E+000"/>
<auxiliary keyword="TCHEB">
<data> 3.00000000E+002</data>
<data> 2.10000000E+003</data>
</auxiliary>
<auxiliary keyword="PCHEB">
<data> 9.86923267E-003</data>
<data> 9.86923267E+001</data>
</auxiliary>
<auxiliary keyword="CHEB">
<data>     4</data>
<data>     4</data>
</auxiliary>
<auxiliary keyword="CHEB">
<data>-2.51780000E+000</data>
<data> 1.84050000E+000</data>
<data>-9.96630000E-002</data>
<data>-3.99340000E-002</data>
</auxiliary>
<auxiliary keyword="CHEB">
<data> 8.12210000E+000</data>
<data> 1.69400000E-001</data>
<data> 1.01840000E-001</data>
<data> 3.81940000E-002</data>
</auxiliary>
<auxiliary keyword="CHEB">
<data>-6.25310000E-001</data>
<data> 4.87130000E-003</data>
<data> 7.47810000E-003</data>
<data> 5.83710000E-003</data>
</auxiliary>
<auxiliary keyword="CHEB">
<data>-2.07900000E-001</data>
<data>-1.35280000E-002</data>
<data>-8.38500000E-003</data>
<data>-3.28250000E-003</data>
</auxiliary>
</reaction>
<reaction formula="O2+CH2CHO(+M)=HO2+CH2CO(+M)">
<rate A=" 1.00000000E+000" B=" 0.00000000E+000" E=" 0.00000000E+000"/>
<auxiliary keyword="TCHEB">
<data> 3.00000000E+002</data>
<data> 2.10000000E+003</data>
</auxiliary>
<auxiliary keyword="PCHEB">
<data> 9.86923267E-003</data>
<data> 9.86923267E+001</data>
</auxiliary>
<auxiliary keyword="CHEB">
<data>     4</data>
<data>     4</data>
</auxiliary>
<auxiliary keyword="CHEB">
<data> 9.18430000E+000</data>
<data>-1.38240000E-001</data>
<data>-8.62800000E-002</data>
<data>-3.45030000E-002</data>
</auxiliary>
<auxiliary keyword="CHEB">
<data> 1.83970000E+000</data>
<data> 1.64920000E-001</data>
<data> 1.00470000E-001</data>
<data> 3.85870000E-002</data>
</auxiliary>
<auxiliary keyword="CHEB">
<data> 1.42880000E-001</data>
<data>-8.53950000E-003</data>
<data>-1.70540000E-003</data>
<data> 1.64270000E-003</data>
</auxiliary>
<auxiliary keyword="CHEB">
<data> 4.42360000E-002</data>
<data>-1.84560000E-002</data>
<data>-1.22590000E-002</data>
<data>-5.35710000E-003</data>
</auxiliary>
</reaction>
<reaction formula="CH2CHO+C3H7O2(+M)=nSPC(543)+C3H7-1(+M)">
<rate A=" 1.00000000E+000" B=" 0.00000000E+000" E=" 0.00000000E+000"/>
<auxiliary keyword="TCHEB">
<data> 3.00000000E+002</data>
<data> 2.10000000E+003</data>
</auxiliary>
<auxiliary keyword="PCHEB">
<data> 9.86923267E-003</data>
<data> 9.86923267E+001</data>
</auxiliary>
<auxiliary keyword="CHEB">
<data>     4</data>
<data>     4</data>
</auxiliary>
<auxiliary keyword="CHEB">
<data> 8.73980000E+000</data>
<data>-1.37990000E+000</data>
<data>-4.29710000E-002</data>
<data> 1.31690000E-003</data>
</auxiliary>
<auxiliary keyword="CHEB">
<data> 5.32970000E+000</data>
<data> 1.04920000E+000</data>
<data>-5.90640000E-002</data>
<data>-6.83230000E-003</data>
</auxiliary>
<auxiliary keyword="CHEB">
<data> 2.95410000E-001</data>
<data> 4.72380000E-001</data>
<data> 4.47180000E-002</data>
<data>-7.84100000E-003</data>
</auxiliary>
<auxiliary keyword="CHEB">
<data>-3.09470000E-001</data>
<data> 1.46620000E-002</data>
<data> 6.49290000E-002</data>
<data> 2.55500000E-003</data>
</auxiliary>
</reaction>
<reaction formula="CH2CHO+aC3H5O2(+M)=nSPC(543)+aC3H5(+M)">
<rate A=" 1.00000000E+000" B=" 0.00000000E+000" E=" 0.00000000E+000"/>
<auxiliary keyword="TCHEB">
<data> 3.00000000E+002</data>
<data> 2.10000000E+003</data>
</auxiliary>
<auxiliary keyword="PCHEB">
<data> 9.86923267E-003</data>
<data> 9.86923267E+001</data>
</auxiliary>
<auxiliary keyword="CHEB">
<data>     4</data>
<data>     4</data>
</auxiliary>
<auxiliary keyword="CHEB">
<data> 1.17460000E+001</data>
<data>-1.22040000E+000</data>
<data>-7.71480000E-002</data>
<data> 8.14470000E-003</data>
</auxiliary>
<auxiliary keyword="CHEB">
<data> 2.26100000E+000</data>
<data> 1.13940000E+000</data>
<data>-2.45210000E-002</data>
<data>-1.73760000E-002</data>
</auxiliary>
<auxiliary keyword="CHEB">
<data> 2.15430000E-001</data>
<data> 2.84960000E-001</data>
<data> 9.10490000E-002</data>
<data>-7.99820000E-003</data>
</auxiliary>
<auxiliary keyword="CHEB">
<data>-1.58640000E-001</data>
<data>-1.14720000E-001</data>
<data> 4.50530000E-002</data>
<data> 1.45900000E-002</data>
</auxiliary>
</reaction>
<reaction formula="CH2CHO+nSPC(301)(+M)=nSPC(543)+C4H9O-2(+M)">
<rate A=" 1.00000000E+000" B=" 0.00000000E+000" E=" 0.00000000E+000"/>
<auxiliary keyword="TCHEB">
<data> 3.00000000E+002</data>
<data> 2.10000000E+003</data>
</auxiliary>
<auxiliary keyword="PCHEB">
<data> 9.86923267E-003</data>
<data> 9.86923267E+001</data>
</auxiliary>
<auxiliary keyword="CHEB">
<data>     4</data>
<data>     4</data>
</auxiliary>
<auxiliary keyword="CHEB">
<data> 8.07700000E+000</data>
<data>-1.40060000E+000</data>
<data>-3.54510000E-002</data>
<data>-5.69550000E-005</data>
</auxiliary>
<auxiliary keyword="CHEB">
<data> 6.28400000E+000</data>
<data> 1.03460000E+000</data>
<data>-5.72310000E-002</data>
<data>-5.82140000E-003</data>
</auxiliary>
<auxiliary keyword="CHEB">
<data> 2.12140000E-001</data>
<data> 5.00460000E-001</data>
<data> 3.29410000E-002</data>
<data>-5.86270000E-003</data>
</auxiliary>
<auxiliary keyword="CHEB">
<data>-4.09370000E-001</data>
<data> 3.46540000E-002</data>
<data> 6.02510000E-002</data>
<data> 1.68980000E-003</data>
</auxiliary>
</reaction>
<reaction formula="C3H6+CH2CHO(+M)=aC3H5+CH3CHO(+M)">
<rate A=" 1.00000000E+000" B=" 0.00000000E+000" E=" 0.00000000E+000"/>
<auxiliary keyword="TCHEB">
<data> 3.00000000E+002</data>
<data> 2.10000000E+003</data>
</auxiliary>
<auxiliary keyword="PCHEB">
<data> 9.86923267E-003</data>
<data> 9.86923267E+001</data>
</auxiliary>
<auxiliary keyword="CHEB">
<data>     4</data>
<data>     4</data>
</auxiliary>
<auxiliary keyword="CHEB">
<data>-7.27940000E+000</data>
<data>-7.41300000E-001</data>
<data>-1.64950000E-001</data>
<data> 1.64630000E-002</data>
</auxiliary>
<auxiliary keyword="CHEB">
<data> 1.49160000E+001</data>
<data> 8.94720000E-001</data>
<data> 1.60670000E-001</data>
<data>-4.11690000E-002</data>
</auxiliary>
<auxiliary keyword="CHEB">
<data> 1.20780000E-001</data>
<data>-2.57530000E-002</data>
<data> 4.32910000E-002</data>
<data> 2.48230000E-002</data>
</auxiliary>
<auxiliary keyword="CHEB">
<data>-2.14160000E-002</data>
<data>-1.56330000E-001</data>
<data>-3.14330000E-002</data>
<data> 9.55520000E-003</data>
</auxiliary>
</reaction>
<reaction formula="aC3H5O2+CH3CHO(+M)=C3H6+nSPC(543)(+M)">
<rate A=" 1.00000000E+000" B=" 0.00000000E+000" E=" 0.00000000E+000"/>
<auxiliary keyword="TCHEB">
<data> 3.00000000E+002</data>
<data> 2.10000000E+003</data>
</auxiliary>
<auxiliary keyword="PCHEB">
<data> 9.86923267E-003</data>
<data> 9.86923267E+001</data>
</auxiliary>
<auxiliary keyword="CHEB">
<data>     4</data>
<data>     4</data>
</auxiliary>
<auxiliary keyword="CHEB">
<data>-8.99660000E+000</data>
<data>-1.12320000E+000</data>
<data>-9.36950000E-002</data>
<data> 1.88250000E-002</data>
</auxiliary>
<auxiliary keyword="CHEB">
<data> 1.70230000E+001</data>
<data> 1.14590000E+000</data>
<data> 2.69250000E-002</data>
<data>-2.64340000E-002</data>
</auxiliary>
<auxiliary keyword="CHEB">
<data>-2.21510000E-001</data>
<data> 1.98020000E-001</data>
<data> 8.98100000E-002</data>
<data>-9.67160000E-003</data>
</auxiliary>
<auxiliary keyword="CHEB">
<data>-5.27570000E-002</data>
<data>-1.58360000E-001</data>
<data> 1.69240000E-003</data>
<data> 2.14520000E-002</data>
</auxiliary>
</reaction>
<reaction formula="nSPC(543)+C3H7-1(+M)=nC4H8O+nSPC(102)(+M)">
<rate A=" 1.00000000E+000" B=" 0.00000000E+000" E=" 0.00000000E+000"/>
<auxiliary keyword="TCHEB">
<data> 3.00000000E+002</data>
<data> 2.10000000E+003</data>
</auxiliary>
<auxiliary keyword="PCHEB">
<data> 9.86923267E-003</data>
<data> 9.86923267E+001</data>
</auxiliary>
<auxiliary keyword="CHEB">
<data>     4</data>
<data>     4</data>
</auxiliary>
<auxiliary keyword="CHEB">
<data> 8.06030000E+000</data>
<data>-2.32600000E-001</data>
<data>-1.10960000E-001</data>
<data>-2.55270000E-002</data>
</auxiliary>
<auxiliary keyword="CHEB">
<data> 2.67090000E+000</data>
<data> 3.24680000E-001</data>
<data> 1.49070000E-001</data>
<data> 3.02720000E-002</data>
</auxiliary>
<auxiliary keyword="CHEB">
<data> 7.20190000E-002</data>
<data>-8.40900000E-002</data>
<data>-2.95840000E-002</data>
<data> 3.06560000E-004</data>
</auxiliary>
<auxiliary keyword="CHEB">
<data> 5.73330000E-002</data>
<data>-1.97170000E-002</data>
<data>-1.44710000E-002</data>
<data>-6.54230000E-003</data>
</auxiliary>
</reaction>
<reaction formula="nSPC(801)(+M)=CH2CO+HO2(+M)">
<rate A=" 1.00000000E+000" B=" 0.00000000E+000" E=" 0.00000000E+000"/>
<auxiliary keyword="TCHEB">
<data> 3.00000000E+002</data>
<data> 2.10000000E+003</data>
</auxiliary>
<auxiliary keyword="PCHEB">
<data> 9.86923267E-003</data>
<data> 9.86923267E+001</data>
</auxiliary>
<auxiliary keyword="CHEB">
<data>     4</data>
<data>     4</data>
</auxiliary>
<auxiliary keyword="CHEB">
<data> 7.67590000E-001</data>
<data> 1.80340000E+000</data>
<data>-1.20730000E-001</data>
<data>-4.70380000E-002</data>
</auxiliary>
<auxiliary keyword="CHEB">
<data> 7.46300000E+000</data>
<data> 1.88710000E-001</data>
<data> 1.09540000E-001</data>
<data> 3.84720000E-002</data>
</auxiliary>
<auxiliary keyword="CHEB">
<data>-6.88240000E-001</data>
<data> 1.78800000E-002</data>
<data> 1.65160000E-002</data>
<data> 1.00050000E-002</data>
</auxiliary>
<auxiliary keyword="CHEB">
<data>-2.81370000E-001</data>
<data>-1.30350000E-002</data>
<data>-7.13420000E-003</data>
<data>-2.14830000E-003</data>
</auxiliary>
</reaction>
<reaction formula="nSPC(879)(+M)=O2+nSPC(801)(+M)">
<rate A=" 1.00000000E+000" B=" 0.00000000E+000" E=" 0.00000000E+000"/>
<auxiliary keyword="TCHEB">
<data> 3.00000000E+002</data>
<data> 2.10000000E+003</data>
</auxiliary>
<auxiliary keyword="PCHEB">
<data> 9.86923267E-003</data>
<data> 9.86923267E+001</data>
</auxiliary>
<auxiliary keyword="CHEB">
<data>     4</data>
<data>     4</data>
</auxiliary>
<auxiliary keyword="CHEB">
<data> 1.45680000E+000</data>
<data> 1.51010000E+000</data>
<data>-2.12570000E-001</data>
<data>-3.50130000E-002</data>
</auxiliary>
<auxiliary keyword="CHEB">
<data> 7.30680000E+000</data>
<data> 4.37300000E-001</data>
<data> 1.65430000E-001</data>
<data> 1.03300000E-002</data>
</auxiliary>
<auxiliary keyword="CHEB">
<data>-9.59840000E-001</data>
<data> 8.19530000E-002</data>
<data> 5.33420000E-002</data>
<data> 2.01720000E-002</data>
</auxiliary>
<auxiliary keyword="CHEB">
<data>-3.10090000E-001</data>
<data>-2.56690000E-002</data>
<data>-3.71380000E-003</data>
<data> 5.30730000E-003</data>
</auxiliary>
</reaction>
<reaction formula="nSPC(879)(+M)=nSPC(1064)+OH(+M)">
<rate A=" 1.00000000E+000" B=" 0.00000000E+000" E=" 0.00000000E+000"/>
<auxiliary keyword="TCHEB">
<data> 3.00000000E+002</data>
<data> 2.10000000E+003</data>
</auxiliary>
<auxiliary keyword="PCHEB">
<data> 9.86923267E-003</data>
<data> 9.86923267E+001</data>
</auxiliary>
<auxiliary keyword="CHEB">
<data>     4</data>
<data>     4</data>
</auxiliary>
<auxiliary keyword="CHEB">
<data>-4.59950000E+000</data>
<data> 1.95160000E+000</data>
<data>-3.40140000E-002</data>
<data>-1.60840000E-002</data>
</auxiliary>
<auxiliary keyword="CHEB">
<data> 1.12270000E+001</data>
<data> 5.83150000E-002</data>
<data> 4.06670000E-002</data>
<data> 1.90500000E-002</data>
</auxiliary>
<auxiliary keyword="CHEB">
<data>-6.62800000E-001</data>
<data>-4.24070000E-003</data>
<data>-2.52080000E-003</data>
<data>-9.17020000E-004</data>
</auxiliary>
<auxiliary keyword="CHEB">
<data>-9.86110000E-002</data>
<data>-5.89020000E-003</data>
<data>-4.25820000E-003</data>
<data>-2.08500000E-003</data>
</auxiliary>
</reaction>
<reaction formula="O2+nSPC(801)(+M)=nSPC(1064)+OH(+M)">
<rate A=" 1.00000000E+000" B=" 0.00000000E+000" E=" 0.00000000E+000"/>
<auxiliary keyword="TCHEB">
<data> 3.00000000E+002</data>
<data> 2.10000000E+003</data>
</auxiliary>
<auxiliary keyword="PCHEB">
<data> 9.86923267E-003</data>
<data> 9.86923267E+001</data>
</auxiliary>
<auxiliary keyword="CHEB">
<data>     4</data>
<data>     4</data>
</auxiliary>
<auxiliary keyword="CHEB">
<data> 8.39840000E+000</data>
<data>-4.47560000E-002</data>
<data>-3.14000000E-002</data>
<data>-1.48230000E-002</data>
</auxiliary>
<auxiliary keyword="CHEB">
<data> 4.10840000E+000</data>
<data> 5.77980000E-002</data>
<data> 4.03370000E-002</data>
<data> 1.89140000E-002</data>
</auxiliary>
<auxiliary keyword="CHEB">
<data> 1.27400000E-001</data>
<data>-8.02300000E-003</data>
<data>-5.25330000E-003</data>
<data>-2.25430000E-003</data>
</auxiliary>
<auxiliary keyword="CHEB">
<data> 4.55690000E-002</data>
<data>-6.65170000E-003</data>
<data>-4.82520000E-003</data>
<data>-2.37250000E-003</data>
</auxiliary>
</reaction>
<reaction formula="nSPC(801)+C3H7O2(+M)=nSPC(879)+C3H7-1(+M)">
<rate A=" 1.00000000E+000" B=" 0.00000000E+000" E=" 0.00000000E+000"/>
<auxiliary keyword="TCHEB">
<data> 3.00000000E+002</data>
<data> 2.10000000E+003</data>
</auxiliary>
<auxiliary keyword="PCHEB">
<data> 9.86923267E-003</data>
<data> 9.86923267E+001</data>
</auxiliary>
<auxiliary keyword="CHEB">
<data>     4</data>
<data>     4</data>
</auxiliary>
<auxiliary keyword="CHEB">
<data> 8.70870000E+000</data>
<data>-1.37260000E+000</data>
<data>-3.98360000E-002</data>
<data> 1.09630000E-003</data>
</auxiliary>
<auxiliary keyword="CHEB">
<data> 5.25700000E+000</data>
<data> 1.06820000E+000</data>
<data>-5.46520000E-002</data>
<data>-6.47670000E-003</data>
</auxiliary>
<auxiliary keyword="CHEB">
<data> 3.13200000E-001</data>
<data> 4.71870000E-001</data>
<data> 4.45450000E-002</data>
<data>-6.62930000E-003</data>
</auxiliary>
<auxiliary keyword="CHEB">
<data>-2.89030000E-001</data>
<data>-6.29240000E-004</data>
<data> 6.30200000E-002</data>
<data> 3.19620000E-003</data>
</auxiliary>
</reaction>
<reaction formula="nSPC(801)+aC3H5O2(+M)=nSPC(879)+aC3H5(+M)">
<rate A=" 1.00000000E+000" B=" 0.00000000E+000" E=" 0.00000000E+000"/>
<auxiliary keyword="TCHEB">
<data> 3.00000000E+002</data>
<data> 2.10000000E+003</data>
</auxiliary>
<auxiliary keyword="PCHEB">
<data> 9.86923267E-003</data>
<data> 9.86923267E+001</data>
</auxiliary>
<auxiliary keyword="CHEB">
<data>     4</data>
<data>     4</data>
</auxiliary>
<auxiliary keyword="CHEB">
<data> 1.13860000E+001</data>
<data>-1.26560000E+000</data>
<data>-6.22750000E-002</data>
<data> 4.88250000E-003</data>
</auxiliary>
<auxiliary keyword="CHEB">
<data> 2.64960000E+000</data>
<data> 1.14940000E+000</data>
<data>-3.80880000E-002</data>
<data>-1.34080000E-002</data>
</auxiliary>
<auxiliary keyword="CHEB">
<data> 3.00870000E-001</data>
<data> 3.35430000E-001</data>
<data> 7.77570000E-002</data>
<data>-7.60490000E-003</data>
</auxiliary>
<auxiliary keyword="CHEB">
<data>-2.15480000E-001</data>
<data>-1.15420000E-001</data>
<data> 5.53750000E-002</data>
<data> 1.09950000E-002</data>
</auxiliary>
</reaction>
<reaction formula="nSPC(801)+nSPC(301)(+M)=nSPC(879)+C4H9O-2(+M)">
<rate A=" 1.00000000E+000" B=" 0.00000000E+000" E=" 0.00000000E+000"/>
<auxiliary keyword="TCHEB">
<data> 3.00000000E+002</data>
<data> 2.10000000E+003</data>
</auxiliary>
<auxiliary keyword="PCHEB">
<data> 9.86923267E-003</data>
<data> 9.86923267E+001</data>
</auxiliary>
<auxiliary keyword="CHEB">
<data>     4</data>
<data>     4</data>
</auxiliary>
<auxiliary keyword="CHEB">
<data> 8.90070000E+000</data>
<data>-1.37760000E+000</data>
<data>-3.64760000E-002</data>
<data> 6.26320000E-004</data>
</auxiliary>
<auxiliary keyword="CHEB">
<data> 5.55240000E+000</data>
<data> 1.07030000E+000</data>
<data>-5.32500000E-002</data>
<data>-6.01130000E-003</data>
</auxiliary>
<auxiliary keyword="CHEB">
<data> 2.63370000E-001</data>
<data> 4.81240000E-001</data>
<data> 4.03540000E-002</data>
<data>-5.83260000E-003</data>
</auxiliary>
<auxiliary keyword="CHEB">
<data>-3.41040000E-001</data>
<data>-3.90840000E-004</data>
<data> 6.12190000E-002</data>
<data> 2.93170000E-003</data>
</auxiliary>
</reaction>
<reaction formula="nSPC(801)+nSPC(543)(+M)=nSPC(879)+CH2CHO(+M)">
<rate A=" 1.00000000E+000" B=" 0.00000000E+000" E=" 0.00000000E+000"/>
<auxiliary keyword="TCHEB">
<data> 3.00000000E+002</data>
<data> 2.10000000E+003</data>
</auxiliary>
<auxiliary keyword="PCHEB">
<data> 9.86923267E-003</data>
<data> 9.86923267E+001</data>
</auxiliary>
<auxiliary keyword="CHEB">
<data>     4</data>
<data>     4</data>
</auxiliary>
<auxiliary keyword="CHEB">
<data> 1.02310000E+001</data>
<data>-1.32660000E+000</data>
<data>-4.66640000E-002</data>
<data> 2.28030000E-003</data>
</auxiliary>
<auxiliary keyword="CHEB">
<data> 3.41220000E+000</data>
<data> 1.10400000E+000</data>
<data>-4.59970000E-002</data>
<data>-7.76170000E-003</data>
</auxiliary>
<auxiliary keyword="CHEB">
<data> 2.60070000E-001</data>
<data> 4.09650000E-001</data>
<data> 5.68290000E-002</data>
<data>-6.44590000E-003</data>
</auxiliary>
<auxiliary keyword="CHEB">
<data>-2.86780000E-001</data>
<data>-5.05160000E-002</data>
<data> 5.68270000E-002</data>
<data> 5.56790000E-003</data>
</auxiliary>
</reaction>
<reaction formula="nSPC(1064)+HO2(+M)=nSPC(879)+O(+M)">
<rate A=" 1.00000000E+000" B=" 0.00000000E+000" E=" 0.00000000E+000"/>
<auxiliary keyword="TCHEB">
<data> 3.00000000E+002</data>
<data> 2.10000000E+003</data>
</auxiliary>
<auxiliary keyword="PCHEB">
<data> 9.86923267E-003</data>
<data> 9.86923267E+001</data>
</auxiliary>
<auxiliary keyword="CHEB">
<data>     4</data>
<data>     4</data>
</auxiliary>
<auxiliary keyword="CHEB">
<data> 9.47100000E-002</data>
<data>-9.35660000E-005</data>
<data>-6.85700000E-005</data>
<data>-3.41350000E-005</data>
</auxiliary>
<auxiliary keyword="CHEB">
<data> 9.63990000E+000</data>
<data> 5.12240000E-005</data>
<data> 3.75380000E-005</data>
<data> 1.86870000E-005</data>
</auxiliary>
<auxiliary keyword="CHEB">
<data> 2.52470000E-001</data>
<data> 5.12880000E-006</data>
<data> 3.75900000E-006</data>
<data> 1.87150000E-006</data>
</auxiliary>
<auxiliary keyword="CHEB">
<data> 7.45460000E-002</data>
<data> 7.96290000E-007</data>
<data> 5.83640000E-007</data>
<data> 2.90580000E-007</data>
</auxiliary>
</reaction>
<reaction formula="nSPC(1064)(+M)=nSPC(102)+CO2(+M)">
<rate A=" 1.00000000E+000" B=" 0.00000000E+000" E=" 0.00000000E+000"/>
<auxiliary keyword="TCHEB">
<data> 3.00000000E+002</data>
<data> 2.10000000E+003</data>
</auxiliary>
<auxiliary keyword="PCHEB">
<data> 9.86923267E-003</data>
<data> 9.86923267E+001</data>
</auxiliary>
<auxiliary keyword="CHEB">
<data>     4</data>
<data>     4</data>
</auxiliary>
<auxiliary keyword="CHEB">
<data> 9.30840000E+000</data>
<data> 1.99980000E+000</data>
<data>-1.52090000E-004</data>
<data>-7.57080000E-005</data>
</auxiliary>
<auxiliary keyword="CHEB">
<data>-2.51920000E-001</data>
<data> 1.09000000E-004</data>
<data> 7.98790000E-005</data>
<data> 3.97610000E-005</data>
</auxiliary>
<auxiliary keyword="CHEB">
<data>-6.00110000E-002</data>
<data> 8.62130000E-006</data>
<data> 6.32540000E-006</data>
<data> 3.15260000E-006</data>
</auxiliary>
<auxiliary keyword="CHEB">
<data>-2.02780000E-002</data>
<data> 1.94450000E-006</data>
<data> 1.43040000E-006</data>
<data> 7.14900000E-007</data>
</auxiliary>
</reaction>
<reaction formula="nSPC(102)(+M)=CH2O+O(+M)">
<rate A=" 1.00000000E+000" B=" 0.00000000E+000" E=" 0.00000000E+000"/>
<auxiliary keyword="TCHEB">
<data> 3.00000000E+002</data>
<data> 2.10000000E+003</data>
</auxiliary>
<auxiliary keyword="PCHEB">
<data> 9.86923267E-003</data>
<data> 9.86923267E+001</data>
</auxiliary>
<auxiliary keyword="CHEB">
<data>     4</data>
<data>     4</data>
</auxiliary>
<auxiliary keyword="CHEB">
<data> 9.28920000E+000</data>
<data> 1.99870000E+000</data>
<data>-4.65050000E-004</data>
<data>-1.57250000E-004</data>
</auxiliary>
<auxiliary keyword="CHEB">
<data>-2.51720000E-001</data>
<data>-4.55170000E-004</data>
<data> 7.03580000E-005</data>
<data> 2.01960000E-004</data>
</auxiliary>
<auxiliary keyword="CHEB">
<data>-5.90150000E-002</data>
<data>-6.70040000E-005</data>
<data>-1.83760000E-004</data>
<data>-3.73190000E-005</data>
</auxiliary>
<auxiliary keyword="CHEB">
<data>-1.91580000E-002</data>
<data> 1.42020000E-004</data>
<data>-1.17430000E-004</data>
<data>-8.81860000E-005</data>
</auxiliary>
</reaction>
<reaction formula="CO2+C3H7-1(+M)=C4H7OJ(8)+O(+M)">
<rate A=" 1.00000000E+000" B=" 0.00000000E+000" E=" 0.00000000E+000"/>
<auxiliary keyword="TCHEB">
<data> 3.00000000E+002</data>
<data> 2.10000000E+003</data>
</auxiliary>
<auxiliary keyword="PCHEB">
<data> 9.86923267E-003</data>
<data> 9.86923267E+001</data>
</auxiliary>
<auxiliary keyword="CHEB">
<data>     4</data>
<data>     4</data>
</auxiliary>
<auxiliary keyword="CHEB">
<data>-3.51210000E+001</data>
<data>-6.57180000E-006</data>
<data>-4.81640000E-006</data>
<data>-2.39780000E-006</data>
</auxiliary>
<auxiliary keyword="CHEB">
<data> 3.71400000E+001</data>
<data> 4.29940000E-007</data>
<data> 3.15100000E-007</data>
<data> 1.56870000E-007</data>
</auxiliary>
<auxiliary keyword="CHEB">
<data> 1.48010000E-001</data>
<data> 1.19850000E-006</data>
<data> 8.78330000E-007</data>
<data> 4.37270000E-007</data>
</auxiliary>
<auxiliary keyword="CHEB">
<data> 4.35710000E-002</data>
<data> 6.99520000E-007</data>
<data> 5.12670000E-007</data>
<data> 2.55230000E-007</data>
</auxiliary>
</reaction>
<reaction formula="CH2CO+O(+M)=CH2O+CO(+M)">
<rate A=" 1.00000000E+000" B=" 0.00000000E+000" E=" 0.00000000E+000"/>
<auxiliary keyword="TCHEB">
<data> 3.00000000E+002</data>
<data> 2.10000000E+003</data>
</auxiliary>
<auxiliary keyword="PCHEB">
<data> 9.86923267E-003</data>
<data> 9.86923267E+001</data>
</auxiliary>
<auxiliary keyword="CHEB">
<data>     4</data>
<data>     4</data>
</auxiliary>
<auxiliary keyword="CHEB">
<data> 1.13490000E+001</data>
<data>-1.09570000E-003</data>
<data>-8.02600000E-004</data>
<data>-3.99320000E-004</data>
</auxiliary>
<auxiliary keyword="CHEB">
<data> 1.03920000E+000</data>
<data> 5.73710000E-004</data>
<data> 4.20070000E-004</data>
<data> 2.08900000E-004</data>
</auxiliary>
<auxiliary keyword="CHEB">
<data> 3.53260000E-002</data>
<data> 4.51950000E-005</data>
<data> 3.31470000E-005</data>
<data> 1.65160000E-005</data>
</auxiliary>
<auxiliary keyword="CHEB">
<data> 2.29460000E-002</data>
<data> 9.66320000E-006</data>
<data> 7.08460000E-006</data>
<data> 3.52850000E-006</data>
</auxiliary>
</reaction>
<reaction formula="2C4H9O-4=nC4H10O+nC4H8O">
<rate A=" 2.35000000E+012" B=" 0.00000000E+000" E=" 0.00000000E+000"/>
</reaction>
<reaction formula="C4H7OJ(8)+H2O2=nC4H8O+HO2">
<rate A=" 2.09547010E+005" B=" 2.07782000E+000" E=" 1.64570000E+004"/>
</reaction>
<reaction formula="nC4H8O+C4H9O-4=C4H7OJ(8)+nC4H10O">
<rate A=" 1.05337550E+008" B=" 1.14500000E+000" E=" 6.32500000E+003"/>
</reaction>
<reaction formula="HO2+C4H7OJ(8)=O2+nC4H8O">
<rate A=" 3.00000000E+011" B=" 0.00000000E+000" E=" 0.00000000E+000"/>
</reaction>
<reaction formula="C4H9O-4+C4H7OJ(8)=2nC4H8O">
<rate A=" 1.81000000E+014" B=" 0.00000000E+000" E=" 0.00000000E+000"/>
</reaction>
<reaction formula="C4H9O-4+C3H7-1=nC4H10O+C3H6">
<rate A=" 1.02600000E+014" B="-3.50000000E-001" E=" 0.00000000E+000"/>
</reaction>
<reaction formula="C4H7OJ(8)+C3H7-1=nC4H8O+C3H6">
<rate A=" 1.14011720E+013" B="-7.10000000E-002" E="-2.16667000E+000"/>
</reaction>
<reaction formula="aC3H5+H2O2=C3H6+HO2">
<rate A=" 1.48672170E+003" B=" 2.38600000E+000" E=" 9.69000000E+003"/>
</reaction>
<reaction formula="C3H6+C4H9O-4=aC3H5+nC4H10O">
<rate A=" 1.98145400E+012" B=" 0.00000000E+000" E=" 1.68500000E+004"/>
</reaction>
<reaction formula="aC3H5+nC4H8O=C3H6+C4H7OJ(8)">
<rate A=" 3.80000000E+011" B=" 0.00000000E+000" E=" 1.22100000E+004"/>
</reaction>
<reaction formula="C4H9O-4+aC3H5=nC4H8O+C3H6">
<rate A=" 1.81000000E+013" B=" 0.00000000E+000" E=" 0.00000000E+000"/>
</reaction>
<reaction formula="C3H7-1+aC3H5=2C3H6">
<rate A=" 1.45000000E+012" B=" 0.00000000E+000" E="-1.30000000E+002"/>
</reaction>
<reaction formula="HO2+aC3H5=H2O2+aC3H4">
<rate A=" 6.03000000E+012" B=" 0.00000000E+000" E=" 0.00000000E+000"/>
</reaction>
<reaction formula="C4H9O-4+aC3H5=nC4H10O+aC3H4">
<rate A=" 4.58000000E+012" B="-3.50000000E-001" E="-1.30000000E+002"/>
</reaction>
<reaction formula="C4H7OJ(8)+aC3H5=nC4H8O+aC3H4">
<rate A=" 5.41325350E+012" B="-8.87500000E-002" E="-3.65625000E+001"/>
</reaction>
<reaction formula="2aC3H5=C3H6+aC3H4">
<rate A=" 8.43000000E+010" B=" 0.00000000E+000" E="-2.60000000E+002"/>
</reaction>
<reaction formula="nC4H8O+OH=C4H7OJ(8)+H2O">
<rate A=" 1.00000000E+013" B=" 0.00000000E+000" E=" 0.00000000E+000"/>
</reaction>
<reaction formula="OH+aC3H5=H2O+aC3H4">
<rate A=" 6.03000000E+012" B=" 0.00000000E+000" E=" 0.00000000E+000"/>
</reaction>
<reaction formula="C4H9O-4+C4H9O-2=nC4H8O+nC4H10O">
<rate A=" 2.35000000E+012" B=" 0.00000000E+000" E=" 0.00000000E+000"/>
</reaction>
<reaction formula="C4H9O-2+nC4H8O=nC4H10O+C4H7OJ(8)">
<rate A=" 1.05337550E+008" B=" 1.14500000E+000" E=" 6.32500000E+003"/>
</reaction>
<reaction formula="C3H7-1+C4H9O-2=C3H6+nC4H10O">
<rate A=" 5.13000000E+013" B="-3.50000000E-001" E=" 0.00000000E+000"/>
</reaction>
<reaction formula="C4H9O-2+C3H6=nC4H10O+aC3H5">
<rate A=" 2.87000000E+011" B=" 0.00000000E+000" E=" 1.23000000E+004"/>
</reaction>
<reaction formula="aC3H5+C4H9O-2=aC3H4+nC4H10O">
<rate A=" 4.58000000E+012" B="-3.50000000E-001" E="-1.30000000E+002"/>
</reaction>
<reaction formula="HO2+nSPC(351)=H2O2+nSPC(385)">
<rate A=" 1.21000000E+013" B=" 0.00000000E+000" E=" 0.00000000E+000"/>
</reaction>
<reaction formula="C4H9O-4+nSPC(351)=nC4H10O+nSPC(385)">
<rate A=" 2.35000000E+012" B=" 0.00000000E+000" E=" 0.00000000E+000"/>
</reaction>
<reaction formula="C4H7OJ(8)+nSPC(351)=nC4H8O+nSPC(385)">
<rate A=" 1.81000000E+014" B=" 0.00000000E+000" E=" 0.00000000E+000"/>
</reaction>
<reaction formula="aC3H5+nSPC(351)=C3H6+nSPC(385)">
<rate A=" 1.81000000E+013" B=" 0.00000000E+000" E=" 0.00000000E+000"/>
</reaction>
<reaction formula="OH+nSPC(351)=H2O+nSPC(385)">
<rate A=" 2.41000000E+013" B=" 0.00000000E+000" E=" 0.00000000E+000"/>
</reaction>
<reaction formula="C4H9O-2+nSPC(351)=nC4H10O+nSPC(385)">
<rate A=" 2.35000000E+012" B=" 0.00000000E+000" E=" 0.00000000E+000"/>
</reaction>
<reaction formula="O2+nSPC(351)=HO2+nSPC(385)">
<rate A=" 2.28000000E+013" B=" 0.00000000E+000" E=" 0.00000000E+000"/>
</reaction>
<reaction formula="nC4H10O+CH2CHO=C4H9O-2+CH3CHO">
<rate A=" 4.31314270E+002" B=" 2.80500000E+000" E=" 1.10400000E+004"/>
</reaction>
<reaction formula="nC4H10O+CH2CHO=C4H9O-4+CH3CHO">
<rate A=" 3.03978820E+006" B=" 1.88583000E+000" E=" 9.44833333E+003"/>
</reaction>
<reaction formula="nC4H8O+CH2CHO=C4H7OJ(8)+CH3CHO">
<rate A=" 3.80000000E+011" B=" 0.00000000E+000" E=" 7.21000000E+003"/>
</reaction>
<reaction formula="CH2CHO+C4H9O-4=CH3CHO+nC4H8O">
<rate A=" 5.94631010E+012" B=" 0.00000000E+000" E=" 0.00000000E+000"/>
</reaction>
<reaction formula="CH2CHO+C3H7-1=CH3CHO+C3H6">
<rate A=" 2.00889700E+012" B=" 0.00000000E+000" E="-4.33333300E+001"/>
</reaction>
<reaction formula="CH2CHO+aC3H5=CH3CHO+aC3H4">
<rate A=" 2.85070520E+011" B=" 0.00000000E+000" E="-1.95000000E+002"/>
</reaction>
<reaction formula="CH2CHO+nSPC(351)=CH3CHO+nSPC(385)">
<rate A=" 5.94631010E+012" B=" 0.00000000E+000" E=" 0.00000000E+000"/>
</reaction>
<reaction formula="HO2+CH2CHO=H2O2+CH2CO">
<rate A=" 7.74601970E+012" B="-6.09100000E-002" E="-6.38198200E+001"/>
</reaction>
<reaction formula="C4H9O-4+CH2CHO=nC4H10O+CH2CO">
<rate A=" 7.74601970E+012" B="-6.09100000E-002" E="-6.38198200E+001"/>
</reaction>
<reaction formula="C4H7OJ(8)+CH2CHO=nC4H8O+CH2CO">
<rate A=" 7.74601970E+012" B="-6.09100000E-002" E="-6.38198200E+001"/>
</reaction>
<reaction formula="aC3H5+CH2CHO=C3H6+CH2CO">
<rate A=" 7.74601970E+012" B="-6.09100000E-002" E="-6.38198200E+001"/>
</reaction>
<reaction formula="C4H9O-2+CH2CHO=nC4H10O+CH2CO">
<rate A=" 7.74601970E+012" B="-6.09100000E-002" E="-6.38198200E+001"/>
</reaction>
<reaction formula="2CH2CHO=CH3CHO+CH2CO">
<rate A=" 7.74601970E+012" B="-6.09100000E-002" E="-6.38198200E+001"/>
</reaction>
<reaction formula="aC3H5+O=aC3H4+OH">
<rate A=" 7.74601970E+012" B="-6.09100000E-002" E="-6.38198200E+001"/>
</reaction>
<reaction formula="CH2CHO+O=CH2CO+OH">
<rate A=" 7.74601970E+012" B="-6.09100000E-002" E="-6.38198200E+001"/>
</reaction>
<reaction formula="nC4H8O+O=C4H7OJ(8)+OH">
<rate A=" 5.00000000E+012" B=" 0.00000000E+000" E=" 1.79000000E+003"/>
</reaction>
<reaction formula="C3H6+O=aC3H5+OH">
<rate A=" 2.56500000E+004" B=" 3.05000000E+000" E=" 3.12300000E+003"/>
</reaction>
<reaction formula="CH3+C3H7O-N1(+M)=C2H5+C2H5O-1(+M)">
<rate A=" 1.00000000E+000" B=" 0.00000000E+000" E=" 0.00000000E+000"/>
<auxiliary keyword="TCHEB">
<data> 3.00000000E+002</data>
<data> 2.10000000E+003</data>
</auxiliary>
<auxiliary keyword="PCHEB">
<data> 9.86923267E-003</data>
<data> 9.86923267E+001</data>
</auxiliary>
<auxiliary keyword="CHEB">
<data>     4</data>
<data>     4</data>
</auxiliary>
<auxiliary keyword="CHEB">
<data> 1.18780000E+001</data>
<data>-1.28410000E+000</data>
<data>-5.75790000E-002</data>
<data> 4.17480000E-003</data>
</auxiliary>
<auxiliary keyword="CHEB">
<data> 2.48280000E+000</data>
<data> 1.11420000E+000</data>
<data>-3.82810000E-002</data>
<data>-1.01720000E-002</data>
</auxiliary>
<auxiliary keyword="CHEB">
<data> 2.72490000E-001</data>
<data> 3.54230000E-001</data>
<data> 6.94140000E-002</data>
<data>-6.74270000E-003</data>
</auxiliary>
<auxiliary keyword="CHEB">
<data>-2.25800000E-001</data>
<data>-7.25290000E-002</data>
<data> 5.15040000E-002</data>
<data> 8.03830000E-003</data>
</auxiliary>
</reaction>
<reaction formula="CH3+C3H7O-N1(+M)=C4H9O-2+H(+M)">
<rate A=" 1.00000000E+000" B=" 0.00000000E+000" E=" 0.00000000E+000"/>
<auxiliary keyword="TCHEB">
<data> 3.00000000E+002</data>
<data> 2.10000000E+003</data>
</auxiliary>
<auxiliary keyword="PCHEB">
<data> 9.86923267E-003</data>
<data> 9.86923267E+001</data>
</auxiliary>
<auxiliary keyword="CHEB">
<data>     4</data>
<data>     4</data>
</auxiliary>
<auxiliary keyword="CHEB">
<data> 5.99110000E+000</data>
<data>-1.09850000E+000</data>
<data>-1.09430000E-001</data>
<data> 1.66680000E-002</data>
</auxiliary>
<auxiliary keyword="CHEB">
<data> 4.61340000E+000</data>
<data> 1.10080000E+000</data>
<data> 3.09390000E-002</data>
<data>-3.24030000E-002</data>
</auxiliary>
<auxiliary keyword="CHEB">
<data> 2.54970000E-001</data>
<data> 1.93680000E-001</data>
<data> 8.99860000E-002</data>
<data> 2.11130000E-003</data>
</auxiliary>
<auxiliary keyword="CHEB">
<data>-8.22880000E-002</data>
<data>-1.40910000E-001</data>
<data> 2.20110000E-002</data>
<data> 1.73740000E-002</data>
</auxiliary>
</reaction>
<reaction formula="CH3+C3H7O-N1(+M)=C3H7-1+CH2OH(+M)">
<rate A=" 1.00000000E+000" B=" 0.00000000E+000" E=" 0.00000000E+000"/>
<auxiliary keyword="TCHEB">
<data> 3.00000000E+002</data>
<data> 2.10000000E+003</data>
</auxiliary>
<auxiliary keyword="PCHEB">
<data> 9.86923267E-003</data>
<data> 9.86923267E+001</data>
</auxiliary>
<auxiliary keyword="CHEB">
<data>     4</data>
<data>     4</data>
</auxiliary>
<auxiliary keyword="CHEB">
<data> 1.12440000E+001</data>
<data>-1.28410000E+000</data>
<data>-5.75790000E-002</data>
<data> 4.17480000E-003</data>
</auxiliary>
<auxiliary keyword="CHEB">
<data> 2.48280000E+000</data>
<data> 1.11420000E+000</data>
<data>-3.82810000E-002</data>
<data>-1.01720000E-002</data>
</auxiliary>
<auxiliary keyword="CHEB">
<data> 2.72490000E-001</data>
<data> 3.54230000E-001</data>
<data> 6.94140000E-002</data>
<data>-6.74270000E-003</data>
</auxiliary>
<auxiliary keyword="CHEB">
<data>-2.25800000E-001</data>
<data>-7.25290000E-002</data>
<data> 5.15040000E-002</data>
<data> 8.03830000E-003</data>
</auxiliary>
</reaction>
<reaction formula="CH3+C3H7O-N1(+M)=C4H9O-3+H(+M)">
<rate A=" 1.00000000E+000" B=" 0.00000000E+000" E=" 0.00000000E+000"/>
<auxiliary keyword="TCHEB">
<data> 3.00000000E+002</data>
<data> 2.10000000E+003</data>
</auxiliary>
<auxiliary keyword="PCHEB">
<data> 9.86923267E-003</data>
<data> 9.86923267E+001</data>
</auxiliary>
<auxiliary keyword="CHEB">
<data>     4</data>
<data>     4</data>
</auxiliary>
<auxiliary keyword="CHEB">
<data> 5.84030000E+000</data>
<data>-1.09850000E+000</data>
<data>-1.09430000E-001</data>
<data> 1.66680000E-002</data>
</auxiliary>
<auxiliary keyword="CHEB">
<data> 4.61340000E+000</data>
<data> 1.10080000E+000</data>
<data> 3.09390000E-002</data>
<data>-3.24030000E-002</data>
</auxiliary>
<auxiliary keyword="CHEB">
<data> 2.54970000E-001</data>
<data> 1.93680000E-001</data>
<data> 8.99860000E-002</data>
<data> 2.11130000E-003</data>
</auxiliary>
<auxiliary keyword="CHEB">
<data>-8.22880000E-002</data>
<data>-1.40910000E-001</data>
<data> 2.20110000E-002</data>
<data> 1.73740000E-002</data>
</auxiliary>
</reaction>
<reaction formula="CH3+C3H7O-N1(+M)=C4H9O-4+H(+M)">
<rate A=" 1.00000000E+000" B=" 0.00000000E+000" E=" 0.00000000E+000"/>
<auxiliary keyword="TCHEB">
<data> 3.00000000E+002</data>
<data> 2.10000000E+003</data>
</auxiliary>
<auxiliary keyword="PCHEB">
<data> 9.86923267E-003</data>
<data> 9.86923267E+001</data>
</auxiliary>
<auxiliary keyword="CHEB">
<data>     4</data>
<data>     4</data>
</auxiliary>
<auxiliary keyword="CHEB">
<data> 6.43220000E+000</data>
<data>-1.16650000E+000</data>
<data>-8.63840000E-002</data>
<data> 1.01710000E-002</data>
</auxiliary>
<auxiliary keyword="CHEB">
<data> 3.98720000E+000</data>
<data> 1.13200000E+000</data>
<data>-2.05650000E-003</data>
<data>-2.14210000E-002</data>
</auxiliary>
<auxiliary keyword="CHEB">
<data> 2.69580000E-001</data>
<data> 2.36650000E-001</data>
<data> 8.89480000E-002</data>
<data>-2.43860000E-003</data>
</auxiliary>
<auxiliary keyword="CHEB">
<data>-1.18520000E-001</data>
<data>-1.31760000E-001</data>
<data> 3.37500000E-002</data>
<data> 1.46280000E-002</data>
</auxiliary>
</reaction>
<reaction formula="CH3+C3H7O-N1(+M)=C2H5OH+C2H4(+M)">
<rate A=" 1.00000000E+000" B=" 0.00000000E+000" E=" 0.00000000E+000"/>
<auxiliary keyword="TCHEB">
<data> 3.00000000E+002</data>
<data> 2.10000000E+003</data>
</auxiliary>
<auxiliary keyword="PCHEB">
<data> 9.86923267E-003</data>
<data> 9.86923267E+001</data>
</auxiliary>
<auxiliary keyword="CHEB">
<data>     4</data>
<data>     4</data>
</auxiliary>
<auxiliary keyword="CHEB">
<data> 9.93200000E+000</data>
<data>-1.40540000E+000</data>
<data>-4.15620000E-002</data>
<data> 1.16800000E-003</data>
</auxiliary>
<auxiliary keyword="CHEB">
<data> 9.31170000E-001</data>
<data> 9.84720000E-001</data>
<data>-5.46780000E-002</data>
<data>-5.73260000E-003</data>
</auxiliary>
<auxiliary keyword="CHEB">
<data>-2.22350000E-002</data>
<data> 4.70500000E-001</data>
<data> 3.55920000E-002</data>
<data>-6.31320000E-003</data>
</auxiliary>
<auxiliary keyword="CHEB">
<data>-3.05760000E-001</data>
<data> 6.09880000E-002</data>
<data> 5.29150000E-002</data>
<data> 1.67770000E-003</data>
</auxiliary>
</reaction>
<reaction formula="CH3+C3H7O-N1(+M)=C4H8-1+H2O(+M)">
<rate A=" 1.00000000E+000" B=" 0.00000000E+000" E=" 0.00000000E+000"/>
<auxiliary keyword="TCHEB">
<data> 3.00000000E+002</data>
<data> 2.10000000E+003</data>
</auxiliary>
<auxiliary keyword="PCHEB">
<data> 9.86923267E-003</data>
<data> 9.86923267E+001</data>
</auxiliary>
<auxiliary keyword="CHEB">
<data>     4</data>
<data>     4</data>
</auxiliary>
<auxiliary keyword="CHEB">
<data> 9.70230000E+000</data>
<data>-1.41180000E+000</data>
<data>-4.11880000E-002</data>
<data> 1.09690000E-003</data>
</auxiliary>
<auxiliary keyword="CHEB">
<data> 8.66120000E-001</data>
<data> 9.75060000E-001</data>
<data>-5.52370000E-002</data>
<data>-5.59580000E-003</data>
</auxiliary>
<auxiliary keyword="CHEB">
<data>-4.32810000E-002</data>
<data> 4.74130000E-001</data>
<data> 3.39530000E-002</data>
<data>-6.31530000E-003</data>
</auxiliary>
<auxiliary keyword="CHEB">
<data>-3.11610000E-001</data>
<data> 6.87160000E-002</data>
<data> 5.23690000E-002</data>
<data> 1.43580000E-003</data>
</auxiliary>
</reaction>
<reaction formula="C2H5+C2H5O-1(+M)=C4H9O-2+H(+M)">
<rate A=" 1.00000000E+000" B=" 0.00000000E+000" E=" 0.00000000E+000"/>
<auxiliary keyword="TCHEB">
<data> 3.00000000E+002</data>
<data> 2.10000000E+003</data>
</auxiliary>
<auxiliary keyword="PCHEB">
<data> 9.86923267E-003</data>
<data> 9.86923267E+001</data>
</auxiliary>
<auxiliary keyword="CHEB">
<data>     4</data>
<data>     4</data>
</auxiliary>
<auxiliary keyword="CHEB">
<data> 5.41660000E+000</data>
<data>-1.10980000E+000</data>
<data>-1.07970000E-001</data>
<data> 1.68830000E-002</data>
</auxiliary>
<auxiliary keyword="CHEB">
<data> 5.05560000E+000</data>
<data> 1.10000000E+000</data>
<data> 2.79810000E-002</data>
<data>-3.22880000E-002</data>
</auxiliary>
<auxiliary keyword="CHEB">
<data> 2.54630000E-001</data>
<data> 2.06450000E-001</data>
<data> 8.89130000E-002</data>
<data> 1.38520000E-003</data>
</auxiliary>
<auxiliary keyword="CHEB">
<data>-1.04820000E-001</data>
<data>-1.36940000E-001</data>
<data> 2.44020000E-002</data>
<data> 1.72100000E-002</data>
</auxiliary>
</reaction>
<reaction formula="C2H5+C2H5O-1(+M)=C3H7-1+CH2OH(+M)">
<rate A=" 1.00000000E+000" B=" 0.00000000E+000" E=" 0.00000000E+000"/>
<auxiliary keyword="TCHEB">
<data> 3.00000000E+002</data>
<data> 2.10000000E+003</data>
</auxiliary>
<auxiliary keyword="PCHEB">
<data> 9.86923267E-003</data>
<data> 9.86923267E+001</data>
</auxiliary>
<auxiliary keyword="CHEB">
<data>     4</data>
<data>     4</data>
</auxiliary>
<auxiliary keyword="CHEB">
<data> 1.08350000E+001</data>
<data>-1.30070000E+000</data>
<data>-5.35720000E-002</data>
<data> 3.19580000E-003</data>
</auxiliary>
<auxiliary keyword="CHEB">
<data> 2.71120000E+000</data>
<data> 1.10650000E+000</data>
<data>-4.21930000E-002</data>
<data>-8.84290000E-003</data>
</auxiliary>
<auxiliary keyword="CHEB">
<data> 3.65110000E-001</data>
<data> 3.72060000E-001</data>
<data> 6.48510000E-002</data>
<data>-6.58200000E-003</data>
</auxiliary>
<auxiliary keyword="CHEB">
<data>-2.78490000E-001</data>
<data>-6.11650000E-002</data>
<data> 5.36180000E-002</data>
<data> 6.79700000E-003</data>
</auxiliary>
</reaction>
<reaction formula="C2H5+C2H5O-1(+M)=C4H9O-3+H(+M)">
<rate A=" 1.00000000E+000" B=" 0.00000000E+000" E=" 0.00000000E+000"/>
<auxiliary keyword="TCHEB">
<data> 3.00000000E+002</data>
<data> 2.10000000E+003</data>
</auxiliary>
<auxiliary keyword="PCHEB">
<data> 9.86923267E-003</data>
<data> 9.86923267E+001</data>
</auxiliary>
<auxiliary keyword="CHEB">
<data>     4</data>
<data>     4</data>
</auxiliary>
<auxiliary keyword="CHEB">
<data> 5.26580000E+000</data>
<data>-1.10980000E+000</data>
<data>-1.07970000E-001</data>
<data> 1.68830000E-002</data>
</auxiliary>
<auxiliary keyword="CHEB">
<data> 5.05560000E+000</data>
<data> 1.10000000E+000</data>
<data> 2.79810000E-002</data>
<data>-3.22880000E-002</data>
</auxiliary>
<auxiliary keyword="CHEB">
<data> 2.54630000E-001</data>
<data> 2.06450000E-001</data>
<data> 8.89130000E-002</data>
<data> 1.38520000E-003</data>
</auxiliary>
<auxiliary keyword="CHEB">
<data>-1.04820000E-001</data>
<data>-1.36940000E-001</data>
<data> 2.44020000E-002</data>
<data> 1.72100000E-002</data>
</auxiliary>
</reaction>
<reaction formula="C2H5+C2H5O-1(+M)=C4H9O-4+H(+M)">
<rate A=" 1.00000000E+000" B=" 0.00000000E+000" E=" 0.00000000E+000"/>
<auxiliary keyword="TCHEB">
<data> 3.00000000E+002</data>
<data> 2.10000000E+003</data>
</auxiliary>
<auxiliary keyword="PCHEB">
<data> 9.86923267E-003</data>
<data> 9.86923267E+001</data>
</auxiliary>
<auxiliary keyword="CHEB">
<data>     4</data>
<data>     4</data>
</auxiliary>
<auxiliary keyword="CHEB">
<data> 5.88280000E+000</data>
<data>-1.18010000E+000</data>
<data>-8.36520000E-002</data>
<data> 9.83280000E-003</data>
</auxiliary>
<auxiliary keyword="CHEB">
<data> 4.40440000E+000</data>
<data> 1.13050000E+000</data>
<data>-5.90990000E-003</data>
<data>-2.07670000E-002</data>
</auxiliary>
<auxiliary keyword="CHEB">
<data> 2.73160000E-001</data>
<data> 2.51700000E-001</data>
<data> 8.65670000E-002</data>
<data>-2.80980000E-003</data>
</auxiliary>
<auxiliary keyword="CHEB">
<data>-1.40660000E-001</data>
<data>-1.26670000E-001</data>
<data> 3.66120000E-002</data>
<data> 1.40420000E-002</data>
</auxiliary>
</reaction>
<reaction formula="C2H5+C2H5O-1(+M)=C2H5OH+C2H4(+M)">
<rate A=" 1.00000000E+000" B=" 0.00000000E+000" E=" 0.00000000E+000"/>
<auxiliary keyword="TCHEB">
<data> 3.00000000E+002</data>
<data> 2.10000000E+003</data>
</auxiliary>
<auxiliary keyword="PCHEB">
<data> 9.86923267E-003</data>
<data> 9.86923267E+001</data>
</auxiliary>
<auxiliary keyword="CHEB">
<data>     4</data>
<data>     4</data>
</auxiliary>
<auxiliary keyword="CHEB">
<data> 9.59120000E+000</data>
<data>-1.42390000E+000</data>
<data>-3.86440000E-002</data>
<data> 6.95790000E-004</data>
</auxiliary>
<auxiliary keyword="CHEB">
<data> 1.14310000E+000</data>
<data> 9.60000000E-001</data>
<data>-5.45990000E-002</data>
<data>-5.13820000E-003</data>
</auxiliary>
<auxiliary keyword="CHEB">
<data> 3.69480000E-002</data>
<data> 4.83720000E-001</data>
<data> 3.01310000E-002</data>
<data>-5.87660000E-003</data>
</auxiliary>
<auxiliary keyword="CHEB">
<data>-3.35470000E-001</data>
<data> 8.27650000E-002</data>
<data> 5.03290000E-002</data>
<data> 1.10140000E-003</data>
</auxiliary>
</reaction>
<reaction formula="C2H5+C2H5O-1(+M)=C4H8-1+H2O(+M)">
<rate A=" 1.00000000E+000" B=" 0.00000000E+000" E=" 0.00000000E+000"/>
<auxiliary keyword="TCHEB">
<data> 3.00000000E+002</data>
<data> 2.10000000E+003</data>
</auxiliary>
<auxiliary keyword="PCHEB">
<data> 9.86923267E-003</data>
<data> 9.86923267E+001</data>
</auxiliary>
<auxiliary keyword="CHEB">
<data>     4</data>
<data>     4</data>
</auxiliary>
<auxiliary keyword="CHEB">
<data> 9.36780000E+000</data>
<data>-1.43060000E+000</data>
<data>-3.82620000E-002</data>
<data> 6.30040000E-004</data>
</auxiliary>
<auxiliary keyword="CHEB">
<data> 1.07390000E+000</data>
<data> 9.49390000E-001</data>
<data>-5.49910000E-002</data>
<data>-5.00750000E-003</data>
</auxiliary>
<auxiliary keyword="CHEB">
<data> 1.62770000E-002</data>
<data> 4.86780000E-001</data>
<data> 2.84810000E-002</data>
<data>-5.85550000E-003</data>
</auxiliary>
<auxiliary keyword="CHEB">
<data>-3.40510000E-001</data>
<data> 9.06640000E-002</data>
<data> 4.95940000E-002</data>
<data> 8.83720000E-004</data>
</auxiliary>
</reaction>
<reaction formula="C4H9O-2+H(+M)=C3H7-1+CH2OH(+M)">
<rate A=" 1.00000000E+000" B=" 0.00000000E+000" E=" 0.00000000E+000"/>
<auxiliary keyword="TCHEB">
<data> 3.00000000E+002</data>
<data> 2.10000000E+003</data>
</auxiliary>
<auxiliary keyword="PCHEB">
<data> 9.86923267E-003</data>
<data> 9.86923267E+001</data>
</auxiliary>
<auxiliary keyword="CHEB">
<data>     4</data>
<data>     4</data>
</auxiliary>
<auxiliary keyword="CHEB">
<data> 1.17520000E+001</data>
<data>-1.10980000E+000</data>
<data>-1.07970000E-001</data>
<data> 1.68830000E-002</data>
</auxiliary>
<auxiliary keyword="CHEB">
<data> 1.32660000E+000</data>
<data> 1.10000000E+000</data>
<data> 2.79810000E-002</data>
<data>-3.22880000E-002</data>
</auxiliary>
<auxiliary keyword="CHEB">
<data> 1.28610000E-001</data>
<data> 2.06450000E-001</data>
<data> 8.89130000E-002</data>
<data> 1.38520000E-003</data>
</auxiliary>
<auxiliary keyword="CHEB">
<data>-1.41200000E-001</data>
<data>-1.36940000E-001</data>
<data> 2.44020000E-002</data>
<data> 1.72100000E-002</data>
</auxiliary>
</reaction>
<reaction formula="C4H9O-2+H(+M)=C4H9O-3+H(+M)">
<rate A=" 1.00000000E+000" B=" 0.00000000E+000" E=" 0.00000000E+000"/>
<auxiliary keyword="TCHEB">
<data> 3.00000000E+002</data>
<data> 2.10000000E+003</data>
</auxiliary>
<auxiliary keyword="PCHEB">
<data> 9.86923267E-003</data>
<data> 9.86923267E+001</data>
</auxiliary>
<auxiliary keyword="CHEB">
<data>     4</data>
<data>     4</data>
</auxiliary>
<auxiliary keyword="CHEB">
<data> 7.16300000E+000</data>
<data>-9.98530000E-001</data>
<data>-1.18070000E-001</data>
<data> 1.13190000E-002</data>
</auxiliary>
<auxiliary keyword="CHEB">
<data> 2.53520000E+000</data>
<data> 1.09510000E+000</data>
<data> 5.21630000E-002</data>
<data>-2.97570000E-002</data>
</auxiliary>
<auxiliary keyword="CHEB">
<data> 4.22800000E-001</data>
<data> 7.72790000E-002</data>
<data> 9.59530000E-002</data>
<data> 9.86960000E-003</data>
</auxiliary>
<auxiliary keyword="CHEB">
<data>-1.13080000E-001</data>
<data>-1.55830000E-001</data>
<data> 8.67660000E-004</data>
<data> 1.60740000E-002</data>
</auxiliary>
</reaction>
<reaction formula="C4H9O-2+H(+M)=C4H9O-4+H(+M)">
<rate A=" 1.00000000E+000" B=" 0.00000000E+000" E=" 0.00000000E+000"/>
<auxiliary keyword="TCHEB">
<data> 3.00000000E+002</data>
<data> 2.10000000E+003</data>
</auxiliary>
<auxiliary keyword="PCHEB">
<data> 9.86923267E-003</data>
<data> 9.86923267E+001</data>
</auxiliary>
<auxiliary keyword="CHEB">
<data>     4</data>
<data>     4</data>
</auxiliary>
<auxiliary keyword="CHEB">
<data> 7.50020000E+000</data>
<data>-1.02320000E+000</data>
<data>-1.20120000E-001</data>
<data> 1.47170000E-002</data>
</auxiliary>
<auxiliary keyword="CHEB">
<data> 2.22150000E+000</data>
<data> 1.09030000E+000</data>
<data> 5.07130000E-002</data>
<data>-3.24960000E-002</data>
</auxiliary>
<auxiliary keyword="CHEB">
<data> 3.22030000E-001</data>
<data> 1.13780000E-001</data>
<data> 9.56450000E-002</data>
<data> 6.91980000E-003</data>
</auxiliary>
<auxiliary keyword="CHEB">
<data>-1.11210000E-001</data>
<data>-1.50290000E-001</data>
<data> 5.61120000E-003</data>
<data> 1.75010000E-002</data>
</auxiliary>
</reaction>
<reaction formula="C4H9O-2+H(+M)=C2H5OH+C2H4(+M)">
<rate A=" 1.00000000E+000" B=" 0.00000000E+000" E=" 0.00000000E+000"/>
<auxiliary keyword="TCHEB">
<data> 3.00000000E+002</data>
<data> 2.10000000E+003</data>
</auxiliary>
<auxiliary keyword="PCHEB">
<data> 9.86923267E-003</data>
<data> 9.86923267E+001</data>
</auxiliary>
<auxiliary keyword="CHEB">
<data>     4</data>
<data>     4</data>
</auxiliary>
<auxiliary keyword="CHEB">
<data> 9.69800000E+000</data>
<data>-1.19710000E+000</data>
<data>-1.02510000E-001</data>
<data> 1.92020000E-002</data>
</auxiliary>
<auxiliary keyword="CHEB">
<data> 3.71350000E-001</data>
<data> 1.05740000E+000</data>
<data> 5.63480000E-003</data>
<data>-3.16030000E-002</data>
</auxiliary>
<auxiliary keyword="CHEB">
<data>-2.29350000E-001</data>
<data> 3.07710000E-001</data>
<data> 8.02790000E-002</data>
<data>-5.47250000E-003</data>
</auxiliary>
<auxiliary keyword="CHEB">
<data>-2.48870000E-001</data>
<data>-7.34690000E-002</data>
<data> 4.15690000E-002</data>
<data> 1.45370000E-002</data>
</auxiliary>
</reaction>
<reaction formula="C4H9O-2+H(+M)=C4H8-1+H2O(+M)">
<rate A=" 1.00000000E+000" B=" 0.00000000E+000" E=" 0.00000000E+000"/>
<auxiliary keyword="TCHEB">
<data> 3.00000000E+002</data>
<data> 2.10000000E+003</data>
</auxiliary>
<auxiliary keyword="PCHEB">
<data> 9.86923267E-003</data>
<data> 9.86923267E+001</data>
</auxiliary>
<auxiliary keyword="CHEB">
<data>     4</data>
<data>     4</data>
</auxiliary>
<auxiliary keyword="CHEB">
<data> 9.43290000E+000</data>
<data>-1.20150000E+000</data>
<data>-1.02480000E-001</data>
<data> 1.93180000E-002</data>
</auxiliary>
<auxiliary keyword="CHEB">
<data> 3.25430000E-001</data>
<data> 1.05360000E+000</data>
<data> 4.42950000E-003</data>
<data>-3.15570000E-002</data>
</auxiliary>
<auxiliary keyword="CHEB">
<data>-2.50600000E-001</data>
<data> 3.12400000E-001</data>
<data> 7.97860000E-002</data>
<data>-5.85830000E-003</data>
</auxiliary>
<auxiliary keyword="CHEB">
<data>-2.57040000E-001</data>
<data>-6.90360000E-002</data>
<data> 4.23430000E-002</data>
<data> 1.43160000E-002</data>
</auxiliary>
</reaction>
<reaction formula="C3H7-1+CH2OH(+M)=C4H9O-3+H(+M)">
<rate A=" 1.00000000E+000" B=" 0.00000000E+000" E=" 0.00000000E+000"/>
<auxiliary keyword="TCHEB">
<data> 3.00000000E+002</data>
<data> 2.10000000E+003</data>
</auxiliary>
<auxiliary keyword="PCHEB">
<data> 9.86923267E-003</data>
<data> 9.86923267E+001</data>
</auxiliary>
<auxiliary keyword="CHEB">
<data>     4</data>
<data>     4</data>
</auxiliary>
<auxiliary keyword="CHEB">
<data> 4.62400000E+000</data>
<data>-1.10980000E+000</data>
<data>-1.07970000E-001</data>
<data> 1.68830000E-002</data>
</auxiliary>
<auxiliary keyword="CHEB">
<data> 5.33480000E+000</data>
<data> 1.10000000E+000</data>
<data> 2.79810000E-002</data>
<data>-3.22880000E-002</data>
</auxiliary>
<auxiliary keyword="CHEB">
<data> 1.99760000E-001</data>
<data> 2.06450000E-001</data>
<data> 8.89130000E-002</data>
<data> 1.38520000E-003</data>
</auxiliary>
<auxiliary keyword="CHEB">
<data>-1.20060000E-001</data>
<data>-1.36940000E-001</data>
<data> 2.44020000E-002</data>
<data> 1.72100000E-002</data>
</auxiliary>
</reaction>
<reaction formula="C3H7-1+CH2OH(+M)=C4H9O-4+H(+M)">
<rate A=" 1.00000000E+000" B=" 0.00000000E+000" E=" 0.00000000E+000"/>
<auxiliary keyword="TCHEB">
<data> 3.00000000E+002</data>
<data> 2.10000000E+003</data>
</auxiliary>
<auxiliary keyword="PCHEB">
<data> 9.86923267E-003</data>
<data> 9.86923267E+001</data>
</auxiliary>
<auxiliary keyword="CHEB">
<data>     4</data>
<data>     4</data>
</auxiliary>
<auxiliary keyword="CHEB">
<data> 5.24110000E+000</data>
<data>-1.18010000E+000</data>
<data>-8.36520000E-002</data>
<data> 9.83280000E-003</data>
</auxiliary>
<auxiliary keyword="CHEB">
<data> 4.68360000E+000</data>
<data> 1.13050000E+000</data>
<data>-5.90990000E-003</data>
<data>-2.07670000E-002</data>
</auxiliary>
<auxiliary keyword="CHEB">
<data> 2.18290000E-001</data>
<data> 2.51700000E-001</data>
<data> 8.65670000E-002</data>
<data>-2.80980000E-003</data>
</auxiliary>
<auxiliary keyword="CHEB">
<data>-1.55890000E-001</data>
<data>-1.26670000E-001</data>
<data> 3.66120000E-002</data>
<data> 1.40420000E-002</data>
</auxiliary>
</reaction>
<reaction formula="C3H7-1+CH2OH(+M)=C2H5OH+C2H4(+M)">
<rate A=" 1.00000000E+000" B=" 0.00000000E+000" E=" 0.00000000E+000"/>
<auxiliary keyword="TCHEB">
<data> 3.00000000E+002</data>
<data> 2.10000000E+003</data>
</auxiliary>
<auxiliary keyword="PCHEB">
<data> 9.86923267E-003</data>
<data> 9.86923267E+001</data>
</auxiliary>
<auxiliary keyword="CHEB">
<data>     4</data>
<data>     4</data>
</auxiliary>
<auxiliary keyword="CHEB">
<data> 8.94940000E+000</data>
<data>-1.42390000E+000</data>
<data>-3.86440000E-002</data>
<data> 6.95790000E-004</data>
</auxiliary>
<auxiliary keyword="CHEB">
<data> 1.42230000E+000</data>
<data> 9.60000000E-001</data>
<data>-5.45990000E-002</data>
<data>-5.13820000E-003</data>
</auxiliary>
<auxiliary keyword="CHEB">
<data>-1.79260000E-002</data>
<data> 4.83720000E-001</data>
<data> 3.01310000E-002</data>
<data>-5.87660000E-003</data>
</auxiliary>
<auxiliary keyword="CHEB">
<data>-3.50700000E-001</data>
<data> 8.27650000E-002</data>
<data> 5.03290000E-002</data>
<data> 1.10140000E-003</data>
</auxiliary>
</reaction>
<reaction formula="C3H7-1+CH2OH(+M)=C4H8-1+H2O(+M)">
<rate A=" 1.00000000E+000" B=" 0.00000000E+000" E=" 0.00000000E+000"/>
<auxiliary keyword="TCHEB">
<data> 3.00000000E+002</data>
<data> 2.10000000E+003</data>
</auxiliary>
<auxiliary keyword="PCHEB">
<data> 9.86923267E-003</data>
<data> 9.86923267E+001</data>
</auxiliary>
<auxiliary keyword="CHEB">
<data>     4</data>
<data>     4</data>
</auxiliary>
<auxiliary keyword="CHEB">
<data> 8.72600000E+000</data>
<data>-1.43060000E+000</data>
<data>-3.82620000E-002</data>
<data> 6.30040000E-004</data>
</auxiliary>
<auxiliary keyword="CHEB">
<data> 1.35310000E+000</data>
<data> 9.49390000E-001</data>
<data>-5.49910000E-002</data>
<data>-5.00750000E-003</data>
</auxiliary>
<auxiliary keyword="CHEB">
<data>-3.85970000E-002</data>
<data> 4.86780000E-001</data>
<data> 2.84810000E-002</data>
<data>-5.85550000E-003</data>
</auxiliary>
<auxiliary keyword="CHEB">
<data>-3.55750000E-001</data>
<data> 9.06640000E-002</data>
<data> 4.95940000E-002</data>
<data> 8.83720000E-004</data>
</auxiliary>
</reaction>
<reaction formula="C4H9O-3+H(+M)=C4H9O-4+H(+M)">
<rate A=" 1.00000000E+000" B=" 0.00000000E+000" E=" 0.00000000E+000"/>
<auxiliary keyword="TCHEB">
<data> 3.00000000E+002</data>
<data> 2.10000000E+003</data>
</auxiliary>
<auxiliary keyword="PCHEB">
<data> 9.86923267E-003</data>
<data> 9.86923267E+001</data>
</auxiliary>
<auxiliary keyword="CHEB">
<data>     4</data>
<data>     4</data>
</auxiliary>
<auxiliary keyword="CHEB">
<data> 7.47840000E+000</data>
<data>-1.02320000E+000</data>
<data>-1.20120000E-001</data>
<data> 1.47170000E-002</data>
</auxiliary>
<auxiliary keyword="CHEB">
<data> 2.18730000E+000</data>
<data> 1.09030000E+000</data>
<data> 5.07130000E-002</data>
<data>-3.24960000E-002</data>
</auxiliary>
<auxiliary keyword="CHEB">
<data> 3.09530000E-001</data>
<data> 1.13780000E-001</data>
<data> 9.56450000E-002</data>
<data> 6.91980000E-003</data>
</auxiliary>
<auxiliary keyword="CHEB">
<data>-1.10620000E-001</data>
<data>-1.50290000E-001</data>
<data> 5.61120000E-003</data>
<data> 1.75010000E-002</data>
</auxiliary>
</reaction>
<reaction formula="C4H9O-3+H(+M)=C2H5OH+C2H4(+M)">
<rate A=" 1.00000000E+000" B=" 0.00000000E+000" E=" 0.00000000E+000"/>
<auxiliary keyword="TCHEB">
<data> 3.00000000E+002</data>
<data> 2.10000000E+003</data>
</auxiliary>
<auxiliary keyword="PCHEB">
<data> 9.86923267E-003</data>
<data> 9.86923267E+001</data>
</auxiliary>
<auxiliary keyword="CHEB">
<data>     4</data>
<data>     4</data>
</auxiliary>
<auxiliary keyword="CHEB">
<data> 9.67620000E+000</data>
<data>-1.19710000E+000</data>
<data>-1.02510000E-001</data>
<data> 1.92020000E-002</data>
</auxiliary>
<auxiliary keyword="CHEB">
<data> 3.37150000E-001</data>
<data> 1.05740000E+000</data>
<data> 5.63480000E-003</data>
<data>-3.16030000E-002</data>
</auxiliary>
<auxiliary keyword="CHEB">
<data>-2.41850000E-001</data>
<data> 3.07710000E-001</data>
<data> 8.02790000E-002</data>
<data>-5.47250000E-003</data>
</auxiliary>
<auxiliary keyword="CHEB">
<data>-2.48290000E-001</data>
<data>-7.34690000E-002</data>
<data> 4.15690000E-002</data>
<data> 1.45370000E-002</data>
</auxiliary>
</reaction>
<reaction formula="C4H9O-3+H(+M)=C4H8-1+H2O(+M)">
<rate A=" 1.00000000E+000" B=" 0.00000000E+000" E=" 0.00000000E+000"/>
<auxiliary keyword="TCHEB">
<data> 3.00000000E+002</data>
<data> 2.10000000E+003</data>
</auxiliary>
<auxiliary keyword="PCHEB">
<data> 9.86923267E-003</data>
<data> 9.86923267E+001</data>
</auxiliary>
<auxiliary keyword="CHEB">
<data>     4</data>
<data>     4</data>
</auxiliary>
<auxiliary keyword="CHEB">
<data> 9.41110000E+000</data>
<data>-1.20150000E+000</data>
<data>-1.02480000E-001</data>
<data> 1.93180000E-002</data>
</auxiliary>
<auxiliary keyword="CHEB">
<data> 2.91230000E-001</data>
<data> 1.05360000E+000</data>
<data> 4.42950000E-003</data>
<data>-3.15570000E-002</data>
</auxiliary>
<auxiliary keyword="CHEB">
<data>-2.63100000E-001</data>
<data> 3.12400000E-001</data>
<data> 7.97860000E-002</data>
<data>-5.85830000E-003</data>
</auxiliary>
<auxiliary keyword="CHEB">
<data>-2.56460000E-001</data>
<data>-6.90360000E-002</data>
<data> 4.23430000E-002</data>
<data> 1.43160000E-002</data>
</auxiliary>
</reaction>
<reaction formula="C4H9O-4+H(+M)=C2H5OH+C2H4(+M)">
<rate A=" 1.00000000E+000" B=" 0.00000000E+000" E=" 0.00000000E+000"/>
<auxiliary keyword="TCHEB">
<data> 3.00000000E+002</data>
<data> 2.10000000E+003</data>
</auxiliary>
<auxiliary keyword="PCHEB">
<data> 9.86923267E-003</data>
<data> 9.86923267E+001</data>
</auxiliary>
<auxiliary keyword="CHEB">
<data>     4</data>
<data>     4</data>
</auxiliary>
<auxiliary keyword="CHEB">
<data> 9.83360000E+000</data>
<data>-1.28060000E+000</data>
<data>-7.22870000E-002</data>
<data> 9.33000000E-003</data>
</auxiliary>
<auxiliary keyword="CHEB">
<data> 3.22720000E-001</data>
<data> 1.06840000E+000</data>
<data>-2.97450000E-002</data>
<data>-1.78990000E-002</data>
</auxiliary>
<auxiliary keyword="CHEB">
<data>-2.95190000E-001</data>
<data> 3.65400000E-001</data>
<data> 6.78350000E-002</data>
<data>-6.90110000E-003</data>
</auxiliary>
<auxiliary keyword="CHEB">
<data>-2.91460000E-001</data>
<data>-4.42010000E-002</data>
<data> 5.19770000E-002</data>
<data> 9.37310000E-003</data>
</auxiliary>
</reaction>
<reaction formula="C4H9O-4+H(+M)=C4H8-1+H2O(+M)">
<rate A=" 1.00000000E+000" B=" 0.00000000E+000" E=" 0.00000000E+000"/>
<auxiliary keyword="TCHEB">
<data> 3.00000000E+002</data>
<data> 2.10000000E+003</data>
</auxiliary>
<auxiliary keyword="PCHEB">
<data> 9.86923267E-003</data>
<data> 9.86923267E+001</data>
</auxiliary>
<auxiliary keyword="CHEB">
<data>     4</data>
<data>     4</data>
</auxiliary>
<auxiliary keyword="CHEB">
<data> 9.57740000E+000</data>
<data>-1.28560000E+000</data>
<data>-7.20430000E-002</data>
<data> 9.33350000E-003</data>
</auxiliary>
<auxiliary keyword="CHEB">
<data> 2.72650000E-001</data>
<data> 1.06320000E+000</data>
<data>-3.09040000E-002</data>
<data>-1.77860000E-002</data>
</auxiliary>
<auxiliary keyword="CHEB">
<data>-3.16790000E-001</data>
<data> 3.70360000E-001</data>
<data> 6.68270000E-002</data>
<data>-7.14450000E-003</data>
</auxiliary>
<auxiliary keyword="CHEB">
<data>-2.99420000E-001</data>
<data>-3.86250000E-002</data>
<data> 5.24610000E-002</data>
<data> 9.09600000E-003</data>
</auxiliary>
</reaction>
<reaction formula="C2H5OH+C2H4(+M)=C4H8-1+H2O(+M)">
<rate A=" 1.00000000E+000" B=" 0.00000000E+000" E=" 0.00000000E+000"/>
<auxiliary keyword="TCHEB">
<data> 3.00000000E+002</data>
<data> 2.10000000E+003</data>
</auxiliary>
<auxiliary keyword="PCHEB">
<data> 9.86923267E-003</data>
<data> 9.86923267E+001</data>
</auxiliary>
<auxiliary keyword="CHEB">
<data>     4</data>
<data>     4</data>
</auxiliary>
<auxiliary keyword="CHEB">
<data>-1.49420000E+001</data>
<data>-1.61770000E+000</data>
<data>-1.65030000E-002</data>
<data>-2.08170000E-003</data>
</auxiliary>
<auxiliary keyword="CHEB">
<data> 1.73840000E+001</data>
<data> 6.28420000E-001</data>
<data>-3.21250000E-002</data>
<data>-4.30220000E-003</data>
</auxiliary>
<auxiliary keyword="CHEB">
<data> 4.77080000E-001</data>
<data> 4.74890000E-001</data>
<data> 1.54020000E-003</data>
<data>-3.43930000E-003</data>
</auxiliary>
<auxiliary keyword="CHEB">
<data>-4.08680000E-001</data>
<data> 2.37080000E-001</data>
<data> 2.08450000E-002</data>
<data>-9.23960000E-004</data>
</auxiliary>
</reaction>
<reaction formula="C2H5O-1(+M)=C2H4O+H(+M)">
<rate A=" 1.00000000E+000" B=" 0.00000000E+000" E=" 0.00000000E+000"/>
<auxiliary keyword="TCHEB">
<data> 3.00000000E+002</data>
<data> 2.10000000E+003</data>
</auxiliary>
<auxiliary keyword="PCHEB">
<data> 9.86923267E-003</data>
<data> 9.86923267E+001</data>
</auxiliary>
<auxiliary keyword="CHEB">
<data>     4</data>
<data>     4</data>
</auxiliary>
<auxiliary keyword="CHEB">
<data>-2.29780000E+000</data>
<data> 1.47730000E+000</data>
<data>-2.16540000E-001</data>
<data>-3.04720000E-002</data>
</auxiliary>
<auxiliary keyword="CHEB">
<data> 9.21350000E+000</data>
<data> 4.53790000E-001</data>
<data> 1.49080000E-001</data>
<data>-7.03860000E-003</data>
</auxiliary>
<auxiliary keyword="CHEB">
<data>-5.08730000E-001</data>
<data> 5.29310000E-002</data>
<data> 4.49530000E-002</data>
<data> 2.11890000E-002</data>
</auxiliary>
<auxiliary keyword="CHEB">
<data>-2.48150000E-001</data>
<data>-3.32330000E-004</data>
<data> 8.91520000E-003</data>
<data> 8.38310000E-003</data>
</auxiliary>
</reaction>
<reaction formula="C2H5O-1(+M)=CH3CHO+H(+M)">
<rate A=" 1.00000000E+000" B=" 0.00000000E+000" E=" 0.00000000E+000"/>
<auxiliary keyword="TCHEB">
<data> 3.00000000E+002</data>
<data> 2.10000000E+003</data>
</auxiliary>
<auxiliary keyword="PCHEB">
<data> 9.86923267E-003</data>
<data> 9.86923267E+001</data>
</auxiliary>
<auxiliary keyword="CHEB">
<data>     4</data>
<data>     4</data>
</auxiliary>
<auxiliary keyword="CHEB">
<data>-2.33660000E+000</data>
<data> 1.08700000E+000</data>
<data>-4.21180000E-001</data>
<data>-8.81690000E-002</data>
</auxiliary>
<auxiliary keyword="CHEB">
<data> 9.26670000E+000</data>
<data> 7.37600000E-001</data>
<data> 2.81490000E-001</data>
<data> 1.82500000E-002</data>
</auxiliary>
<auxiliary keyword="CHEB">
<data>-4.69010000E-001</data>
<data> 1.49950000E-001</data>
<data> 9.86570000E-002</data>
<data> 3.83730000E-002</data>
</auxiliary>
<auxiliary keyword="CHEB">
<data>-2.88640000E-001</data>
<data>-1.79810000E-002</data>
<data> 8.00030000E-003</data>
<data> 1.40840000E-002</data>
</auxiliary>
</reaction>
<reaction formula="C2H5O-1(+M)=CH2O+CH3(+M)">
<rate A=" 1.00000000E+000" B=" 0.00000000E+000" E=" 0.00000000E+000"/>
<auxiliary keyword="TCHEB">
<data> 3.00000000E+002</data>
<data> 2.10000000E+003</data>
</auxiliary>
<auxiliary keyword="PCHEB">
<data> 9.86923267E-003</data>
<data> 9.86923267E+001</data>
</auxiliary>
<auxiliary keyword="CHEB">
<data>     4</data>
<data>     4</data>
</auxiliary>
<auxiliary keyword="CHEB">
<data>-9.45380000E+000</data>
<data> 1.80590000E+000</data>
<data>-1.31120000E-001</data>
<data>-5.88800000E-002</data>
</auxiliary>
<auxiliary keyword="CHEB">
<data> 1.28530000E+001</data>
<data> 2.04310000E-001</data>
<data> 1.34930000E-001</data>
<data> 5.87000000E-002</data>
</auxiliary>
<auxiliary keyword="CHEB">
<data>-5.02130000E-001</data>
<data> 4.30890000E-003</data>
<data> 6.23580000E-003</data>
<data> 4.84410000E-003</data>
</auxiliary>
<auxiliary keyword="CHEB">
<data>-2.06090000E-001</data>
<data>-1.52270000E-002</data>
<data>-1.03570000E-002</data>
<data>-4.68610000E-003</data>
</auxiliary>
</reaction>
<reaction formula="C2H4+OH(+M)=C2H4O+H(+M)">
<rate A=" 1.00000000E+000" B=" 0.00000000E+000" E=" 0.00000000E+000"/>
<auxiliary keyword="TCHEB">
<data> 3.00000000E+002</data>
<data> 2.10000000E+003</data>
</auxiliary>
<auxiliary keyword="PCHEB">
<data> 9.86923267E-003</data>
<data> 9.86923267E+001</data>
</auxiliary>
<auxiliary keyword="CHEB">
<data>     4</data>
<data>     4</data>
</auxiliary>
<auxiliary keyword="CHEB">
<data> 1.03650000E+001</data>
<data>-4.56420000E-001</data>
<data>-1.91890000E-001</data>
<data>-2.96470000E-002</data>
</auxiliary>
<auxiliary keyword="CHEB">
<data> 1.65330000E+000</data>
<data> 4.60330000E-001</data>
<data> 1.67580000E-001</data>
<data> 7.67550000E-003</data>
</auxiliary>
<auxiliary keyword="CHEB">
<data> 1.61170000E-001</data>
<data> 3.60080000E-002</data>
<data> 4.01100000E-002</data>
<data> 2.27310000E-002</data>
</auxiliary>
<auxiliary keyword="CHEB">
<data> 3.94740000E-002</data>
<data>-2.16120000E-002</data>
<data>-5.01220000E-003</data>
<data> 2.82430000E-003</data>
</auxiliary>
</reaction>
<reaction formula="C2H4+OH(+M)=CH3CHO+H(+M)">
<rate A=" 1.00000000E+000" B=" 0.00000000E+000" E=" 0.00000000E+000"/>
<auxiliary keyword="TCHEB">
<data> 3.00000000E+002</data>
<data> 2.10000000E+003</data>
</auxiliary>
<auxiliary keyword="PCHEB">
<data> 9.86923267E-003</data>
<data> 9.86923267E+001</data>
</auxiliary>
<auxiliary keyword="CHEB">
<data>     4</data>
<data>     4</data>
</auxiliary>
<auxiliary keyword="CHEB">
<data> 1.02020000E+001</data>
<data>-8.46760000E-001</data>
<data>-3.86440000E-001</data>
<data>-7.80100000E-002</data>
</auxiliary>
<auxiliary keyword="CHEB">
<data> 1.61130000E+000</data>
<data> 7.99480000E-001</data>
<data> 3.26320000E-001</data>
<data> 3.95230000E-002</data>
</auxiliary>
<auxiliary keyword="CHEB">
<data> 1.33940000E-001</data>
<data> 1.32770000E-001</data>
<data> 9.24760000E-002</data>
<data> 3.88160000E-002</data>
</auxiliary>
<auxiliary keyword="CHEB">
<data>-4.54230000E-002</data>
<data>-5.46020000E-002</data>
<data>-1.50680000E-002</data>
<data> 4.85230000E-003</data>
</auxiliary>
</reaction>
<reaction formula="C2H4+OH(+M)=CH2O+CH3(+M)">
<rate A=" 1.00000000E+000" B=" 0.00000000E+000" E=" 0.00000000E+000"/>
<auxiliary keyword="TCHEB">
<data> 3.00000000E+002</data>
<data> 2.10000000E+003</data>
</auxiliary>
<auxiliary keyword="PCHEB">
<data> 9.86923267E-003</data>
<data> 9.86923267E+001</data>
</auxiliary>
<auxiliary keyword="CHEB">
<data>     4</data>
<data>     4</data>
</auxiliary>
<auxiliary keyword="CHEB">
<data> 4.07530000E+000</data>
<data>-1.89920000E-001</data>
<data>-1.28180000E-001</data>
<data>-5.75060000E-002</data>
</auxiliary>
<auxiliary keyword="CHEB">
<data> 5.13470000E+000</data>
<data> 2.07140000E-001</data>
<data> 1.37100000E-001</data>
<data> 5.98340000E-002</data>
</auxiliary>
<auxiliary keyword="CHEB">
<data> 2.84280000E-002</data>
<data> 2.32520000E-003</data>
<data> 4.84450000E-003</data>
<data> 4.18780000E-003</data>
</auxiliary>
<auxiliary keyword="CHEB">
<data> 3.61040000E-004</data>
<data>-1.75330000E-002</data>
<data>-1.20530000E-002</data>
<data>-5.53410000E-003</data>
</auxiliary>
</reaction>
<reaction formula="C2H4O+H(+M)=CH3CHO+H(+M)">
<rate A=" 1.00000000E+000" B=" 0.00000000E+000" E=" 0.00000000E+000"/>
<auxiliary keyword="TCHEB">
<data> 3.00000000E+002</data>
<data> 2.10000000E+003</data>
</auxiliary>
<auxiliary keyword="PCHEB">
<data> 9.86923267E-003</data>
<data> 9.86923267E+001</data>
</auxiliary>
<auxiliary keyword="CHEB">
<data>     4</data>
<data>     4</data>
</auxiliary>
<auxiliary keyword="CHEB">
<data> 1.24960000E+001</data>
<data>-4.97880000E-001</data>
<data>-2.13940000E-001</data>
<data>-3.46890000E-002</data>
</auxiliary>
<auxiliary keyword="CHEB">
<data> 6.44180000E-001</data>
<data> 4.61280000E-001</data>
<data> 1.68910000E-001</data>
<data> 6.66270000E-003</data>
</auxiliary>
<auxiliary keyword="CHEB">
<data>-6.28930000E-002</data>
<data> 8.17030000E-002</data>
<data> 5.83300000E-002</data>
<data> 2.43180000E-002</data>
</auxiliary>
<auxiliary keyword="CHEB">
<data>-7.81670000E-002</data>
<data>-2.48890000E-002</data>
<data>-1.82610000E-003</data>
<data> 7.17220000E-003</data>
</auxiliary>
</reaction>
<reaction formula="C2H4O+H(+M)=CH2O+CH3(+M)">
<rate A=" 1.00000000E+000" B=" 0.00000000E+000" E=" 0.00000000E+000"/>
<auxiliary keyword="TCHEB">
<data> 3.00000000E+002</data>
<data> 2.10000000E+003</data>
</auxiliary>
<auxiliary keyword="PCHEB">
<data> 9.86923267E-003</data>
<data> 9.86923267E+001</data>
</auxiliary>
<auxiliary keyword="CHEB">
<data>     4</data>
<data>     4</data>
</auxiliary>
<auxiliary keyword="CHEB">
<data> 4.24090000E+000</data>
<data>-1.95090000E-001</data>
<data>-1.30830000E-001</data>
<data>-5.81890000E-002</data>
</auxiliary>
<auxiliary keyword="CHEB">
<data> 4.84260000E+000</data>
<data> 2.11930000E-001</data>
<data> 1.39360000E-001</data>
<data> 6.02760000E-002</data>
</auxiliary>
<auxiliary keyword="CHEB">
<data> 1.65950000E-002</data>
<data> 3.95090000E-003</data>
<data> 5.93160000E-003</data>
<data> 4.66030000E-003</data>
</auxiliary>
<auxiliary keyword="CHEB">
<data> 1.51450000E-002</data>
<data>-1.82710000E-002</data>
<data>-1.24220000E-002</data>
<data>-5.62000000E-003</data>
</auxiliary>
</reaction>
<reaction formula="CH3CHO+H(+M)=CH2O+CH3(+M)">
<rate A=" 1.00000000E+000" B=" 0.00000000E+000" E=" 0.00000000E+000"/>
<auxiliary keyword="TCHEB">
<data> 3.00000000E+002</data>
<data> 2.10000000E+003</data>
</auxiliary>
<auxiliary keyword="PCHEB">
<data> 9.86923267E-003</data>
<data> 9.86923267E+001</data>
</auxiliary>
<auxiliary keyword="CHEB">
<data>     4</data>
<data>     4</data>
</auxiliary>
<auxiliary keyword="CHEB">
<data> 6.22420000E+000</data>
<data>-3.76330000E-001</data>
<data>-1.83720000E-001</data>
<data>-4.41570000E-002</data>
</auxiliary>
<auxiliary keyword="CHEB">
<data> 3.92880000E+000</data>
<data> 3.74390000E-001</data>
<data> 1.66620000E-001</data>
<data> 2.86930000E-002</data>
</auxiliary>
<auxiliary keyword="CHEB">
<data> 4.32630000E-002</data>
<data> 5.02120000E-002</data>
<data> 4.02480000E-002</data>
<data> 2.02200000E-002</data>
</auxiliary>
<auxiliary keyword="CHEB">
<data>-4.27100000E-003</data>
<data>-3.22240000E-002</data>
<data>-1.24000000E-002</data>
<data>-1.40000000E-004</data>
</auxiliary>
</reaction>
<reaction formula="2C2H5O-1(+M)=C3H7O-N1+CH2OH(+M)">
<rate A=" 1.00000000E+000" B=" 0.00000000E+000" E=" 0.00000000E+000"/>
<auxiliary keyword="TCHEB">
<data> 3.00000000E+002</data>
<data> 2.10000000E+003</data>
</auxiliary>
<auxiliary keyword="PCHEB">
<data> 9.86923267E-003</data>
<data> 9.86923267E+001</data>
</auxiliary>
<auxiliary keyword="CHEB">
<data>     4</data>
<data>     4</data>
</auxiliary>
<auxiliary keyword="CHEB">
<data> 1.06350000E+001</data>
<data>-1.31310000E+000</data>
<data>-5.16600000E-002</data>
<data> 3.17310000E-003</data>
</auxiliary>
<auxiliary keyword="CHEB">
<data> 3.12170000E+000</data>
<data> 1.09830000E+000</data>
<data>-4.41680000E-002</data>
<data>-8.36560000E-003</data>
</auxiliary>
<auxiliary keyword="CHEB">
<data> 2.98650000E-001</data>
<data> 3.89150000E-001</data>
<data> 6.24750000E-002</data>
<data>-6.67560000E-003</data>
</auxiliary>
<auxiliary keyword="CHEB">
<data>-2.61890000E-001</data>
<data>-4.86180000E-002</data>
<data> 5.57810000E-002</data>
<data> 6.31610000E-003</data>
</auxiliary>
</reaction>
<reaction formula="2C2H5(+M)=CH3+C3H7-1(+M)">
<rate A=" 1.00000000E+000" B=" 0.00000000E+000" E=" 0.00000000E+000"/>
<auxiliary keyword="TCHEB">
<data> 3.00000000E+002</data>
<data> 2.10000000E+003</data>
</auxiliary>
<auxiliary keyword="PCHEB">
<data> 9.86923267E-003</data>
<data> 9.86923267E+001</data>
</auxiliary>
<auxiliary keyword="CHEB">
<data>     4</data>
<data>     4</data>
</auxiliary>
<auxiliary keyword="CHEB">
<data> 1.03100000E+001</data>
<data>-1.27690000E+000</data>
<data>-5.63400000E-002</data>
<data> 3.23330000E-003</data>
</auxiliary>
<auxiliary keyword="CHEB">
<data> 3.18590000E+000</data>
<data> 1.12270000E+000</data>
<data>-3.87090000E-002</data>
<data>-9.00090000E-003</data>
</auxiliary>
<auxiliary keyword="CHEB">
<data> 3.91680000E-001</data>
<data> 3.41830000E-001</data>
<data> 7.03830000E-002</data>
<data>-5.81100000E-003</data>
</auxiliary>
<auxiliary keyword="CHEB">
<data>-2.87660000E-001</data>
<data>-8.26000000E-002</data>
<data> 5.22230000E-002</data>
<data> 7.38080000E-003</data>
</auxiliary>
</reaction>
<reaction formula="CH2OH+C2H5O-1(+M)=OH+C3H7O-N1(+M)">
<rate A=" 1.00000000E+000" B=" 0.00000000E+000" E=" 0.00000000E+000"/>
<auxiliary keyword="TCHEB">
<data> 3.00000000E+002</data>
<data> 2.10000000E+003</data>
</auxiliary>
<auxiliary keyword="PCHEB">
<data> 9.86923267E-003</data>
<data> 9.86923267E+001</data>
</auxiliary>
<auxiliary keyword="CHEB">
<data>     4</data>
<data>     4</data>
</auxiliary>
<auxiliary keyword="CHEB">
<data> 8.88600000E+000</data>
<data>-1.04300000E+000</data>
<data>-1.38930000E-001</data>
<data> 2.62250000E-002</data>
</auxiliary>
<auxiliary keyword="CHEB">
<data> 3.84880000E+000</data>
<data> 1.02540000E+000</data>
<data> 6.84510000E-002</data>
<data>-4.67550000E-002</data>
</auxiliary>
<auxiliary keyword="CHEB">
<data> 2.03130000E-001</data>
<data> 1.93980000E-001</data>
<data> 8.23600000E-002</data>
<data> 4.78060000E-003</data>
</auxiliary>
<auxiliary keyword="CHEB">
<data>-1.00230000E-001</data>
<data>-1.21550000E-001</data>
<data> 1.53090000E-002</data>
<data> 1.96110000E-002</data>
</auxiliary>
</reaction>
<reaction formula="CH2OH+C2H5O-1(+M)=C3H6O-enol2+H2O(+M)">
<rate A=" 1.00000000E+000" B=" 0.00000000E+000" E=" 0.00000000E+000"/>
<auxiliary keyword="TCHEB">
<data> 3.00000000E+002</data>
<data> 2.10000000E+003</data>
</auxiliary>
<auxiliary keyword="PCHEB">
<data> 9.86923267E-003</data>
<data> 9.86923267E+001</data>
</auxiliary>
<auxiliary keyword="CHEB">
<data>     4</data>
<data>     4</data>
</auxiliary>
<auxiliary keyword="CHEB">
<data> 1.05950000E+001</data>
<data>-1.39550000E+000</data>
<data>-5.17610000E-002</data>
<data> 4.52690000E-003</data>
</auxiliary>
<auxiliary keyword="CHEB">
<data> 8.30850000E-001</data>
<data> 9.58980000E-001</data>
<data>-4.78430000E-002</data>
<data>-1.01440000E-002</data>
</auxiliary>
<auxiliary keyword="CHEB">
<data>-4.00740000E-002</data>
<data> 4.49700000E-001</data>
<data> 3.67400000E-002</data>
<data>-6.52430000E-003</data>
</auxiliary>
<auxiliary keyword="CHEB">
<data>-2.69740000E-001</data>
<data> 6.28890000E-002</data>
<data> 4.83200000E-002</data>
<data> 3.35760000E-003</data>
</auxiliary>
</reaction>
<reaction formula="OH+C3H7O-N1(+M)=C3H6O-enol2+H2O(+M)">
<rate A=" 1.00000000E+000" B=" 0.00000000E+000" E=" 0.00000000E+000"/>
<auxiliary keyword="TCHEB">
<data> 3.00000000E+002</data>
<data> 2.10000000E+003</data>
</auxiliary>
<auxiliary keyword="PCHEB">
<data> 9.86923267E-003</data>
<data> 9.86923267E+001</data>
</auxiliary>
<auxiliary keyword="CHEB">
<data>     4</data>
<data>     4</data>
</auxiliary>
<auxiliary keyword="CHEB">
<data> 1.12980000E+001</data>
<data>-1.13300000E+000</data>
<data>-1.41970000E-001</data>
<data> 3.27580000E-002</data>
</auxiliary>
<auxiliary keyword="CHEB">
<data> 3.80620000E-001</data>
<data> 9.67810000E-001</data>
<data> 4.75270000E-002</data>
<data>-4.65770000E-002</data>
</auxiliary>
<auxiliary keyword="CHEB">
<data>-2.01110000E-001</data>
<data> 2.97070000E-001</data>
<data> 8.16810000E-002</data>
<data>-7.03880000E-003</data>
</auxiliary>
<auxiliary keyword="CHEB">
<data>-2.11000000E-001</data>
<data>-4.40760000E-002</data>
<data> 3.13510000E-002</data>
<data> 1.57800000E-002</data>
</auxiliary>
</reaction>
<reaction formula="CH2OH+C2H5(+M)=CH3+C2H5O-1(+M)">
<rate A=" 1.00000000E+000" B=" 0.00000000E+000" E=" 0.00000000E+000"/>
<auxiliary keyword="TCHEB">
<data> 3.00000000E+002</data>
<data> 2.10000000E+003</data>
</auxiliary>
<auxiliary keyword="PCHEB">
<data> 9.86923267E-003</data>
<data> 9.86923267E+001</data>
</auxiliary>
<auxiliary keyword="CHEB">
<data>     4</data>
<data>     4</data>
</auxiliary>
<auxiliary keyword="CHEB">
<data> 1.08340000E+001</data>
<data>-1.21460000E+000</data>
<data>-8.07830000E-002</data>
<data> 9.36230000E-003</data>
</auxiliary>
<auxiliary keyword="CHEB">
<data> 2.87210000E+000</data>
<data> 1.10160000E+000</data>
<data>-1.78310000E-002</data>
<data>-1.81600000E-002</data>
</auxiliary>
<auxiliary keyword="CHEB">
<data> 1.75900000E-001</data>
<data> 2.82780000E-001</data>
<data> 8.32240000E-002</data>
<data>-6.21710000E-003</data>
</auxiliary>
<auxiliary keyword="CHEB">
<data>-2.08030000E-001</data>
<data>-8.68730000E-002</data>
<data> 4.09920000E-002</data>
<data> 1.19530000E-002</data>
</auxiliary>
</reaction>
<reaction formula="CH2OH+C2H5(+M)=OH+C3H7-1(+M)">
<rate A=" 1.00000000E+000" B=" 0.00000000E+000" E=" 0.00000000E+000"/>
<auxiliary keyword="TCHEB">
<data> 3.00000000E+002</data>
<data> 2.10000000E+003</data>
</auxiliary>
<auxiliary keyword="PCHEB">
<data> 9.86923267E-003</data>
<data> 9.86923267E+001</data>
</auxiliary>
<auxiliary keyword="CHEB">
<data>     4</data>
<data>     4</data>
</auxiliary>
<auxiliary keyword="CHEB">
<data> 8.83330000E+000</data>
<data>-1.11220000E+000</data>
<data>-1.09150000E-001</data>
<data> 1.70630000E-002</data>
</auxiliary>
<auxiliary keyword="CHEB">
<data> 3.76050000E+000</data>
<data> 1.08210000E+000</data>
<data> 2.84880000E-002</data>
<data>-3.41250000E-002</data>
</auxiliary>
<auxiliary keyword="CHEB">
<data> 1.88130000E-001</data>
<data> 2.13930000E-001</data>
<data> 8.27650000E-002</data>
<data> 2.80930000E-003</data>
</auxiliary>
<auxiliary keyword="CHEB">
<data>-1.32900000E-001</data>
<data>-1.25600000E-001</data>
<data> 2.66720000E-002</data>
<data> 1.65940000E-002</data>
</auxiliary>
</reaction>
<reaction formula="CH2OH+C2H5(+M)=C3H6+H2O(+M)">
<rate A=" 1.00000000E+000" B=" 0.00000000E+000" E=" 0.00000000E+000"/>
<auxiliary keyword="TCHEB">
<data> 3.00000000E+002</data>
<data> 2.10000000E+003</data>
</auxiliary>
<auxiliary keyword="PCHEB">
<data> 9.86923267E-003</data>
<data> 9.86923267E+001</data>
</auxiliary>
<auxiliary keyword="CHEB">
<data>     4</data>
<data>     4</data>
</auxiliary>
<auxiliary keyword="CHEB">
<data> 1.07400000E+001</data>
<data>-1.42100000E+000</data>
<data>-4.89560000E-002</data>
<data> 3.75580000E-003</data>
</auxiliary>
<auxiliary keyword="CHEB">
<data> 7.75410000E-001</data>
<data> 9.33740000E-001</data>
<data>-5.63770000E-002</data>
<data>-5.95510000E-003</data>
</auxiliary>
<auxiliary keyword="CHEB">
<data>-7.85730000E-002</data>
<data> 4.56120000E-001</data>
<data> 3.27090000E-002</data>
<data>-7.51840000E-003</data>
</auxiliary>
<auxiliary keyword="CHEB">
<data>-3.10650000E-001</data>
<data> 8.01000000E-002</data>
<data> 4.97020000E-002</data>
<data> 3.15480000E-004</data>
</auxiliary>
</reaction>
<reaction formula="CH2OH+C2H5(+M)=C2H4+CH3OH(+M)">
<rate A=" 1.00000000E+000" B=" 0.00000000E+000" E=" 0.00000000E+000"/>
<auxiliary keyword="TCHEB">
<data> 3.00000000E+002</data>
<data> 2.10000000E+003</data>
</auxiliary>
<auxiliary keyword="PCHEB">
<data> 9.86923267E-003</data>
<data> 9.86923267E+001</data>
</auxiliary>
<auxiliary keyword="CHEB">
<data>     4</data>
<data>     4</data>
</auxiliary>
<auxiliary keyword="CHEB">
<data> 1.03390000E+001</data>
<data>-1.39350000E+000</data>
<data>-5.02880000E-002</data>
<data> 3.78930000E-003</data>
</auxiliary>
<auxiliary keyword="CHEB">
<data> 9.90780000E-001</data>
<data> 9.73660000E-001</data>
<data>-5.36020000E-002</data>
<data>-6.90030000E-003</data>
</auxiliary>
<auxiliary keyword="CHEB">
<data>-8.66370000E-003</data>
<data> 4.43530000E-001</data>
<data> 3.95680000E-002</data>
<data>-7.52570000E-003</data>
</auxiliary>
<auxiliary keyword="CHEB">
<data>-2.95990000E-001</data>
<data> 5.23360000E-002</data>
<data> 5.19120000E-002</data>
<data> 1.38220000E-003</data>
</auxiliary>
</reaction>
<reaction formula="CH2OH+C2H5(+M)=H+C3H7O-N1(+M)">
<rate A=" 1.00000000E+000" B=" 0.00000000E+000" E=" 0.00000000E+000"/>
<auxiliary keyword="TCHEB">
<data> 3.00000000E+002</data>
<data> 2.10000000E+003</data>
</auxiliary>
<auxiliary keyword="PCHEB">
<data> 9.86923267E-003</data>
<data> 9.86923267E+001</data>
</auxiliary>
<auxiliary keyword="CHEB">
<data>     4</data>
<data>     4</data>
</auxiliary>
<auxiliary keyword="CHEB">
<data> 5.32050000E+000</data>
<data>-8.42660000E-001</data>
<data>-1.87750000E-001</data>
<data> 2.37470000E-002</data>
</auxiliary>
<auxiliary keyword="CHEB">
<data> 5.36660000E+000</data>
<data> 8.71370000E-001</data>
<data> 1.47410000E-001</data>
<data>-4.86820000E-002</data>
</auxiliary>
<auxiliary keyword="CHEB">
<data> 1.36380000E-001</data>
<data> 1.20220000E-001</data>
<data> 7.11480000E-002</data>
<data> 1.50640000E-002</data>
</auxiliary>
<auxiliary keyword="CHEB">
<data>-6.49750000E-002</data>
<data>-1.16820000E-001</data>
<data>-8.54160000E-003</data>
<data> 1.70950000E-002</data>
</auxiliary>
</reaction>
<reaction formula="CH3+C2H5O-1(+M)=OH+C3H7-1(+M)">
<rate A=" 1.00000000E+000" B=" 0.00000000E+000" E=" 0.00000000E+000"/>
<auxiliary keyword="TCHEB">
<data> 3.00000000E+002</data>
<data> 2.10000000E+003</data>
</auxiliary>
<auxiliary keyword="PCHEB">
<data> 9.86923267E-003</data>
<data> 9.86923267E+001</data>
</auxiliary>
<auxiliary keyword="CHEB">
<data>     4</data>
<data>     4</data>
</auxiliary>
<auxiliary keyword="CHEB">
<data> 9.75650000E+000</data>
<data>-1.07850000E+000</data>
<data>-1.14620000E-001</data>
<data> 1.64550000E-002</data>
</auxiliary>
<auxiliary keyword="CHEB">
<data> 3.22170000E+000</data>
<data> 1.08030000E+000</data>
<data> 3.67600000E-002</data>
<data>-3.44260000E-002</data>
</auxiliary>
<auxiliary keyword="CHEB">
<data> 2.75560000E-001</data>
<data> 1.78760000E-001</data>
<data> 8.69150000E-002</data>
<data> 4.73770000E-003</data>
</auxiliary>
<auxiliary keyword="CHEB">
<data>-8.86720000E-002</data>
<data>-1.32780000E-001</data>
<data> 2.09570000E-002</data>
<data> 1.68330000E-002</data>
</auxiliary>
</reaction>
<reaction formula="CH3+C2H5O-1(+M)=C3H6+H2O(+M)">
<rate A=" 1.00000000E+000" B=" 0.00000000E+000" E=" 0.00000000E+000"/>
<auxiliary keyword="TCHEB">
<data> 3.00000000E+002</data>
<data> 2.10000000E+003</data>
</auxiliary>
<auxiliary keyword="PCHEB">
<data> 9.86923267E-003</data>
<data> 9.86923267E+001</data>
</auxiliary>
<auxiliary keyword="CHEB">
<data>     4</data>
<data>     4</data>
</auxiliary>
<auxiliary keyword="CHEB">
<data> 1.12680000E+001</data>
<data>-1.37470000E+000</data>
<data>-5.65530000E-002</data>
<data> 4.87520000E-003</data>
</auxiliary>
<auxiliary keyword="CHEB">
<data> 5.94660000E-001</data>
<data> 9.82090000E-001</data>
<data>-5.02610000E-002</data>
<data>-1.03010000E-002</data>
</auxiliary>
<auxiliary keyword="CHEB">
<data>-9.42960000E-002</data>
<data> 4.29090000E-001</data>
<data> 4.35350000E-002</data>
<data>-7.42360000E-003</data>
</auxiliary>
<auxiliary keyword="CHEB">
<data>-2.50140000E-001</data>
<data> 3.96950000E-002</data>
<data> 5.18010000E-002</data>
<data> 3.30130000E-003</data>
</auxiliary>
</reaction>
<reaction formula="CH3+C2H5O-1(+M)=C2H4+CH3OH(+M)">
<rate A=" 1.00000000E+000" B=" 0.00000000E+000" E=" 0.00000000E+000"/>
<auxiliary keyword="TCHEB">
<data> 3.00000000E+002</data>
<data> 2.10000000E+003</data>
</auxiliary>
<auxiliary keyword="PCHEB">
<data> 9.86923267E-003</data>
<data> 9.86923267E+001</data>
</auxiliary>
<auxiliary keyword="CHEB">
<data>     4</data>
<data>     4</data>
</auxiliary>
<auxiliary keyword="CHEB">
<data> 1.09080000E+001</data>
<data>-1.34940000E+000</data>
<data>-5.79070000E-002</data>
<data> 4.97630000E-003</data>
</auxiliary>
<auxiliary keyword="CHEB">
<data> 7.86750000E-001</data>
<data> 1.01490000E+000</data>
<data>-4.67940000E-002</data>
<data>-1.09540000E-002</data>
</auxiliary>
<auxiliary keyword="CHEB">
<data>-2.23130000E-002</data>
<data> 4.12280000E-001</data>
<data> 4.98110000E-002</data>
<data>-7.03120000E-003</data>
</auxiliary>
<auxiliary keyword="CHEB">
<data>-2.29770000E-001</data>
<data> 1.29580000E-002</data>
<data> 5.28010000E-002</data>
<data> 4.37610000E-003</data>
</auxiliary>
</reaction>
<reaction formula="CH3+C2H5O-1(+M)=H+C3H7O-N1(+M)">
<rate A=" 1.00000000E+000" B=" 0.00000000E+000" E=" 0.00000000E+000"/>
<auxiliary keyword="TCHEB">
<data> 3.00000000E+002</data>
<data> 2.10000000E+003</data>
</auxiliary>
<auxiliary keyword="PCHEB">
<data> 9.86923267E-003</data>
<data> 9.86923267E+001</data>
</auxiliary>
<auxiliary keyword="CHEB">
<data>     4</data>
<data>     4</data>
</auxiliary>
<auxiliary keyword="CHEB">
<data> 6.36330000E+000</data>
<data>-8.27730000E-001</data>
<data>-1.86090000E-001</data>
<data> 2.22800000E-002</data>
</auxiliary>
<auxiliary keyword="CHEB">
<data> 4.71440000E+000</data>
<data> 8.72350000E-001</data>
<data> 1.49930000E-001</data>
<data>-4.76160000E-002</data>
</auxiliary>
<auxiliary keyword="CHEB">
<data> 2.32410000E-001</data>
<data> 1.02680000E-001</data>
<data> 6.87730000E-002</data>
<data> 1.68530000E-002</data>
</auxiliary>
<auxiliary keyword="CHEB">
<data>-1.41880000E-002</data>
<data>-1.21960000E-001</data>
<data>-1.13250000E-002</data>
<data> 1.64700000E-002</data>
</auxiliary>
</reaction>
<reaction formula="OH+C3H7-1(+M)=C2H4+CH3OH(+M)">
<rate A=" 1.00000000E+000" B=" 0.00000000E+000" E=" 0.00000000E+000"/>
<auxiliary keyword="TCHEB">
<data> 3.00000000E+002</data>
<data> 2.10000000E+003</data>
</auxiliary>
<auxiliary keyword="PCHEB">
<data> 9.86923267E-003</data>
<data> 9.86923267E+001</data>
</auxiliary>
<auxiliary keyword="CHEB">
<data>     4</data>
<data>     4</data>
</auxiliary>
<auxiliary keyword="CHEB">
<data> 1.14090000E+001</data>
<data>-1.20470000E+000</data>
<data>-1.05940000E-001</data>
<data> 2.11810000E-002</data>
</auxiliary>
<auxiliary keyword="CHEB">
<data> 3.10770000E-001</data>
<data> 1.02620000E+000</data>
<data> 8.88030000E-003</data>
<data>-3.38670000E-002</data>
</auxiliary>
<auxiliary keyword="CHEB">
<data>-1.66160000E-001</data>
<data> 3.19760000E-001</data>
<data> 7.31800000E-002</data>
<data>-5.71320000E-003</data>
</auxiliary>
<auxiliary keyword="CHEB">
<data>-2.21240000E-001</data>
<data>-5.24850000E-002</data>
<data> 3.98830000E-002</data>
<data> 1.35790000E-002</data>
</auxiliary>
</reaction>
<reaction formula="OH+C3H7-1(+M)=H+C3H7O-N1(+M)">
<rate A=" 1.00000000E+000" B=" 0.00000000E+000" E=" 0.00000000E+000"/>
<auxiliary keyword="TCHEB">
<data> 3.00000000E+002</data>
<data> 2.10000000E+003</data>
</auxiliary>
<auxiliary keyword="PCHEB">
<data> 9.86923267E-003</data>
<data> 9.86923267E+001</data>
</auxiliary>
<auxiliary keyword="CHEB">
<data>     4</data>
<data>     4</data>
</auxiliary>
<auxiliary keyword="CHEB">
<data> 7.80890000E+000</data>
<data>-7.90780000E-001</data>
<data>-1.82190000E-001</data>
<data> 1.85880000E-002</data>
</auxiliary>
<auxiliary keyword="CHEB">
<data> 3.34780000E+000</data>
<data> 8.69440000E-001</data>
<data> 1.55260000E-001</data>
<data>-4.46350000E-002</data>
</auxiliary>
<auxiliary keyword="CHEB">
<data> 2.83940000E-001</data>
<data> 6.07710000E-002</data>
<data> 6.27150000E-002</data>
<data> 2.09140000E-002</data>
</auxiliary>
<auxiliary keyword="CHEB">
<data>-4.48900000E-002</data>
<data>-1.29190000E-001</data>
<data>-1.72880000E-002</data>
<data> 1.44120000E-002</data>
</auxiliary>
</reaction>
<reaction formula="C3H6+H2O(+M)=C2H4+CH3OH(+M)">
<rate A=" 1.00000000E+000" B=" 0.00000000E+000" E=" 0.00000000E+000"/>
<auxiliary keyword="TCHEB">
<data> 3.00000000E+002</data>
<data> 2.10000000E+003</data>
</auxiliary>
<auxiliary keyword="PCHEB">
<data> 9.86923267E-003</data>
<data> 9.86923267E+001</data>
</auxiliary>
<auxiliary keyword="CHEB">
<data>     4</data>
<data>     4</data>
</auxiliary>
<auxiliary keyword="CHEB">
<data>-1.88440000E+001</data>
<data>-1.62250000E+000</data>
<data>-2.54960000E-002</data>
<data> 2.16110000E-003</data>
</auxiliary>
<auxiliary keyword="CHEB">
<data> 2.16660000E+001</data>
<data> 6.21370000E-001</data>
<data>-4.62370000E-002</data>
<data> 2.51850000E-003</data>
</auxiliary>
<auxiliary keyword="CHEB">
<data> 3.75410000E-001</data>
<data> 4.46570000E-001</data>
<data>-2.40550000E-003</data>
<data>-9.75430000E-004</data>
</auxiliary>
<auxiliary keyword="CHEB">
<data>-3.36450000E-001</data>
<data> 2.08430000E-001</data>
<data> 2.23450000E-002</data>
<data>-1.21780000E-003</data>
</auxiliary>
</reaction>
<reaction formula="C3H6+H2O(+M)=H+C3H7O-N1(+M)">
<rate A=" 1.00000000E+000" B=" 0.00000000E+000" E=" 0.00000000E+000"/>
<auxiliary keyword="TCHEB">
<data> 3.00000000E+002</data>
<data> 2.10000000E+003</data>
</auxiliary>
<auxiliary keyword="PCHEB">
<data> 9.86923267E-003</data>
<data> 9.86923267E+001</data>
</auxiliary>
<auxiliary keyword="CHEB">
<data>     4</data>
<data>     4</data>
</auxiliary>
<auxiliary keyword="CHEB">
<data>-2.71020000E+001</data>
<data>-9.04730000E-001</data>
<data>-1.98100000E-001</data>
<data> 2.84970000E-002</data>
</auxiliary>
<auxiliary keyword="CHEB">
<data> 2.89960000E+001</data>
<data> 8.41650000E-001</data>
<data> 1.31210000E-001</data>
<data>-5.21750000E-002</data>
</auxiliary>
<auxiliary keyword="CHEB">
<data>-2.10120000E-001</data>
<data> 1.93990000E-001</data>
<data> 8.23840000E-002</data>
<data> 7.45080000E-003</data>
</auxiliary>
<auxiliary keyword="CHEB">
<data>-1.73630000E-001</data>
<data>-7.10930000E-002</data>
<data> 8.03460000E-003</data>
<data> 1.80020000E-002</data>
</auxiliary>
</reaction>
<reaction formula="C2H4+CH3OH(+M)=H+C3H7O-N1(+M)">
<rate A=" 1.00000000E+000" B=" 0.00000000E+000" E=" 0.00000000E+000"/>
<auxiliary keyword="TCHEB">
<data> 3.00000000E+002</data>
<data> 2.10000000E+003</data>
</auxiliary>
<auxiliary keyword="PCHEB">
<data> 9.86923267E-003</data>
<data> 9.86923267E+001</data>
</auxiliary>
<auxiliary keyword="CHEB">
<data>     4</data>
<data>     4</data>
</auxiliary>
<auxiliary keyword="CHEB">
<data>-2.00130000E+001</data>
<data>-8.94060000E-001</data>
<data>-1.95990000E-001</data>
<data> 2.78340000E-002</data>
</auxiliary>
<auxiliary keyword="CHEB">
<data> 2.37780000E+001</data>
<data> 8.49620000E-001</data>
<data> 1.34750000E-001</data>
<data>-5.16380000E-002</data>
</auxiliary>
<auxiliary keyword="CHEB">
<data>-9.16390000E-002</data>
<data> 1.82000000E-001</data>
<data> 8.05650000E-002</data>
<data> 8.77300000E-003</data>
</auxiliary>
<auxiliary keyword="CHEB">
<data>-1.43840000E-001</data>
<data>-8.13180000E-002</data>
<data> 4.71060000E-003</data>
<data> 1.80490000E-002</data>
</auxiliary>
</reaction>
<reaction formula="2CH2OH(+M)=OH+C2H5O-1(+M)">
<rate A=" 1.00000000E+000" B=" 0.00000000E+000" E=" 0.00000000E+000"/>
<auxiliary keyword="TCHEB">
<data> 3.00000000E+002</data>
<data> 2.10000000E+003</data>
</auxiliary>
<auxiliary keyword="PCHEB">
<data> 9.86923267E-003</data>
<data> 9.86923267E+001</data>
</auxiliary>
<auxiliary keyword="CHEB">
<data>     4</data>
<data>     4</data>
</auxiliary>
<auxiliary keyword="CHEB">
<data> 9.54010000E+000</data>
<data>-6.26420000E-001</data>
<data>-2.13820000E-001</data>
<data>-6.96480000E-003</data>
</auxiliary>
<auxiliary keyword="CHEB">
<data> 3.40300000E+000</data>
<data> 6.24600000E-001</data>
<data> 1.83480000E-001</data>
<data>-1.43090000E-002</data>
</auxiliary>
<auxiliary keyword="CHEB">
<data> 8.06100000E-002</data>
<data> 9.65650000E-002</data>
<data> 6.12160000E-002</data>
<data> 1.91820000E-002</data>
</auxiliary>
<auxiliary keyword="CHEB">
<data>-3.71910000E-002</data>
<data>-6.21090000E-002</data>
<data>-1.26210000E-002</data>
<data> 7.47160000E-003</data>
</auxiliary>
</reaction>
<reaction formula="2CH2OH(+M)=C2H4O+H2O(+M)">
<rate A=" 1.00000000E+000" B=" 0.00000000E+000" E=" 0.00000000E+000"/>
<auxiliary keyword="TCHEB">
<data> 3.00000000E+002</data>
<data> 2.10000000E+003</data>
</auxiliary>
<auxiliary keyword="PCHEB">
<data> 9.86923267E-003</data>
<data> 9.86923267E+001</data>
</auxiliary>
<auxiliary keyword="CHEB">
<data>     4</data>
<data>     4</data>
</auxiliary>
<auxiliary keyword="CHEB">
<data> 1.13780000E+001</data>
<data>-1.17500000E+000</data>
<data>-1.74460000E-001</data>
<data> 4.23610000E-002</data>
</auxiliary>
<auxiliary keyword="CHEB">
<data> 3.19060000E-001</data>
<data> 8.09380000E-001</data>
<data> 3.83630000E-002</data>
<data>-4.65680000E-002</data>
</auxiliary>
<auxiliary keyword="CHEB">
<data>-2.03820000E-001</data>
<data> 3.27900000E-001</data>
<data> 7.68680000E-002</data>
<data>-1.55740000E-002</data>
</auxiliary>
<auxiliary keyword="CHEB">
<data>-2.35290000E-001</data>
<data> 4.94200000E-002</data>
<data> 4.00440000E-002</data>
<data> 6.47100000E-003</data>
</auxiliary>
</reaction>
<reaction formula="OH+C2H5O-1(+M)=C2H4O+H2O(+M)">
<rate A=" 1.00000000E+000" B=" 0.00000000E+000" E=" 0.00000000E+000"/>
<auxiliary keyword="TCHEB">
<data> 3.00000000E+002</data>
<data> 2.10000000E+003</data>
</auxiliary>
<auxiliary keyword="PCHEB">
<data> 9.86923267E-003</data>
<data> 9.86923267E+001</data>
</auxiliary>
<auxiliary keyword="CHEB">
<data>     4</data>
<data>     4</data>
</auxiliary>
<auxiliary keyword="CHEB">
<data> 1.22560000E+001</data>
<data>-6.74670000E-001</data>
<data>-2.30930000E-001</data>
<data>-7.52230000E-003</data>
</auxiliary>
<auxiliary keyword="CHEB">
<data>-9.67470000E-002</data>
<data> 5.87260000E-001</data>
<data> 1.61820000E-001</data>
<data>-2.09870000E-002</data>
</auxiliary>
<auxiliary keyword="CHEB">
<data>-2.55660000E-001</data>
<data> 1.41560000E-001</data>
<data> 7.59180000E-002</data>
<data> 1.79660000E-002</data>
</auxiliary>
<auxiliary keyword="CHEB">
<data>-1.85040000E-001</data>
<data>-1.72070000E-002</data>
<data> 8.34740000E-003</data>
<data> 1.15080000E-002</data>
</auxiliary>
</reaction>
<reaction formula="C3H7-1(+M)=C3H6+H(+M)">
<rate A=" 1.00000000E+000" B=" 0.00000000E+000" E=" 0.00000000E+000"/>
<auxiliary keyword="TCHEB">
<data> 3.00000000E+002</data>
<data> 2.10000000E+003</data>
</auxiliary>
<auxiliary keyword="PCHEB">
<data> 9.86923267E-003</data>
<data> 9.86923267E+001</data>
</auxiliary>
<auxiliary keyword="CHEB">
<data>     4</data>
<data>     4</data>
</auxiliary>
<auxiliary keyword="CHEB">
<data>-3.67610000E+000</data>
<data> 1.57460000E+000</data>
<data>-1.98620000E-001</data>
<data>-4.23020000E-002</data>
</auxiliary>
<auxiliary keyword="CHEB">
<data> 9.89880000E+000</data>
<data> 3.89000000E-001</data>
<data> 1.59740000E-001</data>
<data> 1.84270000E-002</data>
</auxiliary>
<auxiliary keyword="CHEB">
<data>-8.18720000E-001</data>
<data> 6.67190000E-002</data>
<data> 4.82820000E-002</data>
<data> 2.16200000E-002</data>
</auxiliary>
<auxiliary keyword="CHEB">
<data>-3.21800000E-001</data>
<data>-1.81750000E-002</data>
<data>-2.08720000E-003</data>
<data> 4.79120000E-003</data>
</auxiliary>
</reaction>
<reaction formula="C3H7-1+C2H5O-1(+M)=C3H7O-N1+C2H5(+M)">
<rate A=" 1.00000000E+000" B=" 0.00000000E+000" E=" 0.00000000E+000"/>
<auxiliary keyword="TCHEB">
<data> 3.00000000E+002</data>
<data> 2.10000000E+003</data>
</auxiliary>
<auxiliary keyword="PCHEB">
<data> 9.86923267E-003</data>
<data> 9.86923267E+001</data>
</auxiliary>
<auxiliary keyword="CHEB">
<data>     4</data>
<data>     4</data>
</auxiliary>
<auxiliary keyword="CHEB">
<data> 1.03410000E+001</data>
<data>-1.36990000E+000</data>
<data>-4.31600000E-002</data>
<data> 1.89430000E-003</data>
</auxiliary>
<auxiliary keyword="CHEB">
<data> 3.74240000E+000</data>
<data> 1.05610000E+000</data>
<data>-5.45770000E-002</data>
<data>-6.41720000E-003</data>
</auxiliary>
<auxiliary keyword="CHEB">
<data> 4.27450000E-001</data>
<data> 4.60690000E-001</data>
<data> 4.73490000E-002</data>
<data>-7.39490000E-003</data>
</auxiliary>
<auxiliary keyword="CHEB">
<data>-3.07780000E-001</data>
<data> 7.01730000E-003</data>
<data> 6.19590000E-002</data>
<data> 3.00870000E-003</data>
</auxiliary>
</reaction>
<reaction formula="C3H7O-N1(+M)=C2H4+CH2OH(+M)">
<rate A=" 1.00000000E+000" B=" 0.00000000E+000" E=" 0.00000000E+000"/>
<auxiliary keyword="TCHEB">
<data> 3.00000000E+002</data>
<data> 2.10000000E+003</data>
</auxiliary>
<auxiliary keyword="PCHEB">
<data> 9.86923267E-003</data>
<data> 9.86923267E+001</data>
</auxiliary>
<auxiliary keyword="CHEB">
<data>     4</data>
<data>     4</data>
</auxiliary>
<auxiliary keyword="CHEB">
<data> 6.13930000E-001</data>
<data> 6.58940000E-001</data>
<data>-1.50700000E-001</data>
<data> 3.55160000E-002</data>
</auxiliary>
<auxiliary keyword="CHEB">
<data> 7.66590000E+000</data>
<data> 7.46360000E-001</data>
<data>-2.53070000E-002</data>
<data>-3.77330000E-002</data>
</auxiliary>
<auxiliary keyword="CHEB">
<data>-6.02790000E-001</data>
<data> 3.58320000E-001</data>
<data> 4.86640000E-002</data>
<data>-2.32050000E-002</data>
</auxiliary>
<auxiliary keyword="CHEB">
<data>-2.97110000E-001</data>
<data> 8.55070000E-002</data>
<data> 4.47770000E-002</data>
<data> 3.61830000E-006</data>
</auxiliary>
</reaction>
<reaction formula="C3H7O-N1(+M)=C3H6O-enol2+H(+M)">
<rate A=" 1.00000000E+000" B=" 0.00000000E+000" E=" 0.00000000E+000"/>
<auxiliary keyword="TCHEB">
<data> 3.00000000E+002</data>
<data> 2.10000000E+003</data>
</auxiliary>
<auxiliary keyword="PCHEB">
<data> 9.86923267E-003</data>
<data> 9.86923267E+001</data>
</auxiliary>
<auxiliary keyword="CHEB">
<data>     4</data>
<data>     4</data>
</auxiliary>
<auxiliary keyword="CHEB">
<data>-3.40830000E+000</data>
<data> 1.13130000E+000</data>
<data>-2.38150000E-001</data>
<data> 1.47100000E-002</data>
</auxiliary>
<auxiliary keyword="CHEB">
<data> 1.07330000E+001</data>
<data> 6.91600000E-001</data>
<data> 1.18240000E-001</data>
<data>-5.38580000E-002</data>
</auxiliary>
<auxiliary keyword="CHEB">
<data>-5.83080000E-001</data>
<data> 1.95770000E-001</data>
<data> 8.47020000E-002</data>
<data> 6.58690000E-003</data>
</auxiliary>
<auxiliary keyword="CHEB">
<data>-2.16770000E-001</data>
<data>-1.64240000E-002</data>
<data> 2.17120000E-002</data>
<data> 1.79100000E-002</data>
</auxiliary>
</reaction>
<reaction formula="C3H7O-N1(+M)=C3H6+OH(+M)">
<rate A=" 1.00000000E+000" B=" 0.00000000E+000" E=" 0.00000000E+000"/>
<auxiliary keyword="TCHEB">
<data> 3.00000000E+002</data>
<data> 2.10000000E+003</data>
</auxiliary>
<auxiliary keyword="PCHEB">
<data> 9.86923267E-003</data>
<data> 9.86923267E+001</data>
</auxiliary>
<auxiliary keyword="CHEB">
<data>     4</data>
<data>     4</data>
</auxiliary>
<auxiliary keyword="CHEB">
<data>-2.89160000E+000</data>
<data> 5.70730000E-001</data>
<data>-4.20320000E-001</data>
<data>-5.75800000E-003</data>
</auxiliary>
<auxiliary keyword="CHEB">
<data> 1.05740000E+001</data>
<data> 1.19820000E+000</data>
<data> 2.67700000E-001</data>
<data>-4.29440000E-002</data>
</auxiliary>
<auxiliary keyword="CHEB">
<data>-4.99270000E-001</data>
<data> 2.78920000E-001</data>
<data> 1.20700000E-001</data>
<data> 1.46800000E-002</data>
</auxiliary>
<auxiliary keyword="CHEB">
<data>-2.50950000E-001</data>
<data>-5.85510000E-002</data>
<data> 7.58710000E-003</data>
<data> 1.48940000E-002</data>
</auxiliary>
</reaction>
<reaction formula="C3H7O-N1(+M)=C2H4O+CH3(+M)">
<rate A=" 1.00000000E+000" B=" 0.00000000E+000" E=" 0.00000000E+000"/>
<auxiliary keyword="TCHEB">
<data> 3.00000000E+002</data>
<data> 2.10000000E+003</data>
</auxiliary>
<auxiliary keyword="PCHEB">
<data> 9.86923267E-003</data>
<data> 9.86923267E+001</data>
</auxiliary>
<auxiliary keyword="CHEB">
<data>     4</data>
<data>     4</data>
</auxiliary>
<auxiliary keyword="CHEB">
<data>-2.14630000E+000</data>
<data> 2.97960000E-001</data>
<data>-3.29870000E-001</data>
<data> 2.67220000E-003</data>
</auxiliary>
<auxiliary keyword="CHEB">
<data> 9.41550000E+000</data>
<data> 1.29550000E+000</data>
<data> 1.81190000E-001</data>
<data>-1.93200000E-002</data>
</auxiliary>
<auxiliary keyword="CHEB">
<data>-5.39530000E-001</data>
<data> 3.72360000E-001</data>
<data> 8.52530000E-002</data>
<data>-7.31260000E-003</data>
</auxiliary>
<auxiliary keyword="CHEB">
<data>-2.93640000E-001</data>
<data>-1.66820000E-002</data>
<data> 1.14850000E-002</data>
<data>-6.25000000E-004</data>
</auxiliary>
</reaction>
<reaction formula="C3H7O-N1(+M)=CH2O+C2H5(+M)">
<rate A=" 1.00000000E+000" B=" 0.00000000E+000" E=" 0.00000000E+000"/>
<auxiliary keyword="TCHEB">
<data> 3.00000000E+002</data>
<data> 2.10000000E+003</data>
</auxiliary>
<auxiliary keyword="PCHEB">
<data> 9.86923267E-003</data>
<data> 9.86923267E+001</data>
</auxiliary>
<auxiliary keyword="CHEB">
<data>     4</data>
<data>     4</data>
</auxiliary>
<auxiliary keyword="CHEB">
<data>-3.42320000E+000</data>
<data> 6.86730000E-001</data>
<data>-1.71480000E-001</data>
<data> 2.05630000E-002</data>
</auxiliary>
<auxiliary keyword="CHEB">
<data> 8.77700000E+000</data>
<data> 8.70870000E-001</data>
<data> 2.01090000E-002</data>
<data>-2.78610000E-002</data>
</auxiliary>
<auxiliary keyword="CHEB">
<data>-6.40910000E-001</data>
<data> 3.41730000E-001</data>
<data> 5.66010000E-002</data>
<data>-2.27690000E-002</data>
</auxiliary>
<auxiliary keyword="CHEB">
<data>-2.81250000E-001</data>
<data> 4.67370000E-002</data>
<data> 3.89190000E-002</data>
<data> 2.74740000E-003</data>
</auxiliary>
</reaction>
<reaction formula="C2H4+CH2OH(+M)=C3H6O-enol2+H(+M)">
<rate A=" 1.00000000E+000" B=" 0.00000000E+000" E=" 0.00000000E+000"/>
<auxiliary keyword="TCHEB">
<data> 3.00000000E+002</data>
<data> 2.10000000E+003</data>
</auxiliary>
<auxiliary keyword="PCHEB">
<data> 9.86923267E-003</data>
<data> 9.86923267E+001</data>
</auxiliary>
<auxiliary keyword="CHEB">
<data>     4</data>
<data>     4</data>
</auxiliary>
<auxiliary keyword="CHEB">
<data> 3.79930000E+000</data>
<data>-8.07520000E-001</data>
<data>-2.20660000E-001</data>
<data> 1.30130000E-002</data>
</auxiliary>
<auxiliary keyword="CHEB">
<data> 6.06710000E+000</data>
<data> 7.55710000E-001</data>
<data> 1.47490000E-001</data>
<data>-4.90100000E-002</data>
</auxiliary>
<auxiliary keyword="CHEB">
<data> 8.56990000E-002</data>
<data> 1.49200000E-001</data>
<data> 7.98770000E-002</data>
<data> 1.53510000E-002</data>
</auxiliary>
<auxiliary keyword="CHEB">
<data>-7.76910000E-002</data>
<data>-7.22470000E-002</data>
<data> 3.76710000E-003</data>
<data> 1.98450000E-002</data>
</auxiliary>
</reaction>
<reaction formula="C2H4+CH2OH(+M)=C3H6+OH(+M)">
<rate A=" 1.00000000E+000" B=" 0.00000000E+000" E=" 0.00000000E+000"/>
<auxiliary keyword="TCHEB">
<data> 3.00000000E+002</data>
<data> 2.10000000E+003</data>
</auxiliary>
<auxiliary keyword="PCHEB">
<data> 9.86923267E-003</data>
<data> 9.86923267E+001</data>
</auxiliary>
<auxiliary keyword="CHEB">
<data>     4</data>
<data>     4</data>
</auxiliary>
<auxiliary keyword="CHEB">
<data> 4.12440000E+000</data>
<data>-1.30520000E+000</data>
<data>-3.82650000E-001</data>
<data>-7.26800000E-003</data>
</auxiliary>
<auxiliary keyword="CHEB">
<data> 5.98510000E+000</data>
<data> 1.29090000E+000</data>
<data> 3.07350000E-001</data>
<data>-3.70260000E-002</data>
</auxiliary>
<auxiliary keyword="CHEB">
<data> 1.65180000E-001</data>
<data> 1.75020000E-001</data>
<data> 9.88200000E-002</data>
<data> 2.40410000E-002</data>
</auxiliary>
<auxiliary keyword="CHEB">
<data>-1.17610000E-001</data>
<data>-1.43150000E-001</data>
<data>-1.75120000E-002</data>
<data> 1.78880000E-002</data>
</auxiliary>
</reaction>
<reaction formula="C2H4+CH2OH(+M)=C2H4O+CH3(+M)">
<rate A=" 1.00000000E+000" B=" 0.00000000E+000" E=" 0.00000000E+000"/>
<auxiliary keyword="TCHEB">
<data> 3.00000000E+002</data>
<data> 2.10000000E+003</data>
</auxiliary>
<auxiliary keyword="PCHEB">
<data> 9.86923267E-003</data>
<data> 9.86923267E+001</data>
</auxiliary>
<auxiliary keyword="CHEB">
<data>     4</data>
<data>     4</data>
</auxiliary>
<auxiliary keyword="CHEB">
<data> 4.33980000E+000</data>
<data>-1.43710000E+000</data>
<data>-2.90050000E-001</data>
<data>-7.86030000E-003</data>
</auxiliary>
<auxiliary keyword="CHEB">
<data> 5.13940000E+000</data>
<data> 1.42960000E+000</data>
<data> 2.07150000E-001</data>
<data>-2.60770000E-002</data>
</auxiliary>
<auxiliary keyword="CHEB">
<data> 1.69730000E-001</data>
<data> 1.59200000E-001</data>
<data> 7.27410000E-002</data>
<data> 1.09870000E-002</data>
</auxiliary>
<auxiliary keyword="CHEB">
<data>-1.49130000E-001</data>
<data>-1.42960000E-001</data>
<data> 8.53800000E-003</data>
<data> 1.54350000E-002</data>
</auxiliary>
</reaction>
<reaction formula="C2H4+CH2OH(+M)=CH2O+C2H5(+M)">
<rate A=" 1.00000000E+000" B=" 0.00000000E+000" E=" 0.00000000E+000"/>
<auxiliary keyword="TCHEB">
<data> 3.00000000E+002</data>
<data> 2.10000000E+003</data>
</auxiliary>
<auxiliary keyword="PCHEB">
<data> 9.86923267E-003</data>
<data> 9.86923267E+001</data>
</auxiliary>
<auxiliary keyword="CHEB">
<data>     4</data>
<data>     4</data>
</auxiliary>
<auxiliary keyword="CHEB">
<data> 3.01060000E+000</data>
<data>-1.13000000E+000</data>
<data>-1.63460000E-001</data>
<data> 8.77560000E-003</data>
</auxiliary>
<auxiliary keyword="CHEB">
<data> 4.52170000E+000</data>
<data> 1.03730000E+000</data>
<data> 5.52650000E-002</data>
<data>-3.77810000E-002</data>
</auxiliary>
<auxiliary keyword="CHEB">
<data> 1.18780000E-001</data>
<data> 2.08070000E-001</data>
<data> 7.78680000E-002</data>
<data>-6.80400000E-004</data>
</auxiliary>
<auxiliary keyword="CHEB">
<data>-1.44860000E-001</data>
<data>-9.25910000E-002</data>
<data> 3.27360000E-002</data>
<data> 2.09700000E-002</data>
</auxiliary>
</reaction>
<reaction formula="C3H6O-enol2+H(+M)=C3H6+OH(+M)">
<rate A=" 1.00000000E+000" B=" 0.00000000E+000" E=" 0.00000000E+000"/>
<auxiliary keyword="TCHEB">
<data> 3.00000000E+002</data>
<data> 2.10000000E+003</data>
</auxiliary>
<auxiliary keyword="PCHEB">
<data> 9.86923267E-003</data>
<data> 9.86923267E+001</data>
</auxiliary>
<auxiliary keyword="CHEB">
<data>     4</data>
<data>     4</data>
</auxiliary>
<auxiliary keyword="CHEB">
<data> 1.22920000E+001</data>
<data>-3.83710000E-001</data>
<data>-1.83210000E-001</data>
<data>-4.13790000E-002</data>
</auxiliary>
<auxiliary keyword="CHEB">
<data> 9.76210000E-001</data>
<data> 4.01770000E-001</data>
<data> 1.75910000E-001</data>
<data> 2.83120000E-002</data>
</auxiliary>
<auxiliary keyword="CHEB">
<data>-8.62250000E-003</data>
<data> 3.76290000E-002</data>
<data> 3.39740000E-002</data>
<data> 1.85860000E-002</data>
</auxiliary>
<auxiliary keyword="CHEB">
<data>-2.85970000E-002</data>
<data>-4.92570000E-002</data>
<data>-2.08460000E-002</data>
<data>-2.21530000E-003</data>
</auxiliary>
</reaction>
<reaction formula="C3H6O-enol2+H(+M)=C2H4O+CH3(+M)">
<rate A=" 1.00000000E+000" B=" 0.00000000E+000" E=" 0.00000000E+000"/>
<auxiliary keyword="TCHEB">
<data> 3.00000000E+002</data>
<data> 2.10000000E+003</data>
</auxiliary>
<auxiliary keyword="PCHEB">
<data> 9.86923267E-003</data>
<data> 9.86923267E+001</data>
</auxiliary>
<auxiliary keyword="CHEB">
<data>     4</data>
<data>     4</data>
</auxiliary>
<auxiliary keyword="CHEB">
<data> 9.46970000E+000</data>
<data>-9.50710000E-001</data>
<data>-3.13050000E-001</data>
<data>-2.40400000E-002</data>
</auxiliary>
<auxiliary keyword="CHEB">
<data> 2.39230000E+000</data>
<data> 9.70720000E-001</data>
<data> 2.73570000E-001</data>
<data>-4.25040000E-003</data>
</auxiliary>
<auxiliary keyword="CHEB">
<data> 1.43960000E-001</data>
<data> 1.04400000E-001</data>
<data> 6.55610000E-002</data>
<data> 1.63700000E-002</data>
</auxiliary>
<auxiliary keyword="CHEB">
<data>-8.81600000E-002</data>
<data>-1.12250000E-001</data>
<data>-1.90250000E-002</data>
<data> 1.19640000E-002</data>
</auxiliary>
</reaction>
<reaction formula="C3H6O-enol2+H(+M)=CH2O+C2H5(+M)">
<rate A=" 1.00000000E+000" B=" 0.00000000E+000" E=" 0.00000000E+000"/>
<auxiliary keyword="TCHEB">
<data> 3.00000000E+002</data>
<data> 2.10000000E+003</data>
</auxiliary>
<auxiliary keyword="PCHEB">
<data> 9.86923267E-003</data>
<data> 9.86923267E+001</data>
</auxiliary>
<auxiliary keyword="CHEB">
<data>     4</data>
<data>     4</data>
</auxiliary>
<auxiliary keyword="CHEB">
<data> 8.03370000E+000</data>
<data>-8.00120000E-001</data>
<data>-2.24740000E-001</data>
<data> 7.80240000E-003</data>
</auxiliary>
<auxiliary keyword="CHEB">
<data> 1.91260000E+000</data>
<data> 7.78860000E-001</data>
<data> 1.63170000E-001</data>
<data>-4.25200000E-002</data>
</auxiliary>
<auxiliary keyword="CHEB">
<data> 7.28060000E-002</data>
<data> 1.26170000E-001</data>
<data> 7.46780000E-002</data>
<data> 1.70450000E-002</data>
</auxiliary>
<auxiliary keyword="CHEB">
<data>-9.94090000E-002</data>
<data>-8.53660000E-002</data>
<data>-1.72260000E-003</data>
<data> 1.92090000E-002</data>
</auxiliary>
</reaction>
<reaction formula="C3H6+OH(+M)=C2H4O+CH3(+M)">
<rate A=" 1.00000000E+000" B=" 0.00000000E+000" E=" 0.00000000E+000"/>
<auxiliary keyword="TCHEB">
<data> 3.00000000E+002</data>
<data> 2.10000000E+003</data>
</auxiliary>
<auxiliary keyword="PCHEB">
<data> 9.86923267E-003</data>
<data> 9.86923267E+001</data>
</auxiliary>
<auxiliary keyword="CHEB">
<data>     4</data>
<data>     4</data>
</auxiliary>
<auxiliary keyword="CHEB">
<data> 5.11840000E+000</data>
<data>-1.40700000E+000</data>
<data>-4.63190000E-001</data>
<data>-4.12380000E-002</data>
</auxiliary>
<auxiliary keyword="CHEB">
<data> 5.21530000E+000</data>
<data> 1.51590000E+000</data>
<data> 4.34560000E-001</data>
<data> 2.46160000E-003</data>
</auxiliary>
<auxiliary keyword="CHEB">
<data> 2.64160000E-001</data>
<data> 4.62250000E-002</data>
<data> 6.14900000E-002</data>
<data> 2.65470000E-002</data>
</auxiliary>
<auxiliary keyword="CHEB">
<data>-1.20790000E-001</data>
<data>-1.58000000E-001</data>
<data>-2.79720000E-002</data>
<data> 1.35810000E-002</data>
</auxiliary>
</reaction>
<reaction formula="C3H6+OH(+M)=CH2O+C2H5(+M)">
<rate A=" 1.00000000E+000" B=" 0.00000000E+000" E=" 0.00000000E+000"/>
<auxiliary keyword="TCHEB">
<data> 3.00000000E+002</data>
<data> 2.10000000E+003</data>
</auxiliary>
<auxiliary keyword="PCHEB">
<data> 9.86923267E-003</data>
<data> 9.86923267E+001</data>
</auxiliary>
<auxiliary keyword="CHEB">
<data>     4</data>
<data>     4</data>
</auxiliary>
<auxiliary keyword="CHEB">
<data> 3.69260000E+000</data>
<data>-1.24290000E+000</data>
<data>-3.79170000E-001</data>
<data>-1.80510000E-002</data>
</auxiliary>
<auxiliary keyword="CHEB">
<data> 4.71380000E+000</data>
<data> 1.29300000E+000</data>
<data> 3.22870000E-001</data>
<data>-2.63070000E-002</data>
</auxiliary>
<auxiliary keyword="CHEB">
<data> 2.11770000E-001</data>
<data> 9.76850000E-002</data>
<data> 8.41180000E-002</data>
<data> 2.95560000E-002</data>
</auxiliary>
<auxiliary keyword="CHEB">
<data>-1.39900000E-001</data>
<data>-1.44430000E-001</data>
<data>-2.00330000E-002</data>
<data> 1.67230000E-002</data>
</auxiliary>
</reaction>
<reaction formula="C2H4O+CH3(+M)=CH2O+C2H5(+M)">
<rate A=" 1.00000000E+000" B=" 0.00000000E+000" E=" 0.00000000E+000"/>
<auxiliary keyword="TCHEB">
<data> 3.00000000E+002</data>
<data> 2.10000000E+003</data>
</auxiliary>
<auxiliary keyword="PCHEB">
<data> 9.86923267E-003</data>
<data> 9.86923267E+001</data>
</auxiliary>
<auxiliary keyword="CHEB">
<data>     4</data>
<data>     4</data>
</auxiliary>
<auxiliary keyword="CHEB">
<data>-4.56470000E-001</data>
<data>-1.51570000E+000</data>
<data>-2.97600000E-001</data>
<data>-1.14270000E-002</data>
</auxiliary>
<auxiliary keyword="CHEB">
<data> 5.87810000E+000</data>
<data> 1.54380000E+000</data>
<data> 2.45940000E-001</data>
<data>-1.53410000E-002</data>
</auxiliary>
<auxiliary keyword="CHEB">
<data> 2.16820000E-001</data>
<data> 1.78020000E-001</data>
<data> 5.00880000E-002</data>
<data> 3.49280000E-003</data>
</auxiliary>
<auxiliary keyword="CHEB">
<data>-9.75360000E-002</data>
<data>-1.94370000E-001</data>
<data>-3.65140000E-003</data>
<data> 1.74100000E-002</data>
</auxiliary>
</reaction>
<reaction formula="C3H7O-N1+C3H7-1(+M)=C2H4+nC4H10O(+M)">
<rate A=" 1.00000000E+000" B=" 0.00000000E+000" E=" 0.00000000E+000"/>
<auxiliary keyword="TCHEB">
<data> 3.00000000E+002</data>
<data> 2.10000000E+003</data>
</auxiliary>
<auxiliary keyword="PCHEB">
<data> 9.86923267E-003</data>
<data> 9.86923267E+001</data>
</auxiliary>
<auxiliary keyword="CHEB">
<data>     4</data>
<data>     4</data>
</auxiliary>
<auxiliary keyword="CHEB">
<data> 9.21180000E+000</data>
<data>-1.51270000E+000</data>
<data>-3.40740000E-002</data>
<data>-1.25050000E-003</data>
</auxiliary>
<auxiliary keyword="CHEB">
<data> 2.47060000E+000</data>
<data> 8.25460000E-001</data>
<data>-6.71470000E-002</data>
<data>-3.44690000E-003</data>
</auxiliary>
<auxiliary keyword="CHEB">
<data> 3.52270000E-001</data>
<data> 5.55210000E-001</data>
<data> 3.70000000E-003</data>
<data>-6.37120000E-003</data>
</auxiliary>
<auxiliary keyword="CHEB">
<data>-3.51920000E-001</data>
<data> 2.11640000E-001</data>
<data> 4.48960000E-002</data>
<data>-3.94020000E-003</data>
</auxiliary>
</reaction>
<reaction formula="CH3+C2H5(+M)=H+C3H7-1(+M)">
<rate A=" 1.00000000E+000" B=" 0.00000000E+000" E=" 0.00000000E+000"/>
<auxiliary keyword="TCHEB">
<data> 3.00000000E+002</data>
<data> 2.10000000E+003</data>
</auxiliary>
<auxiliary keyword="PCHEB">
<data> 9.86923267E-003</data>
<data> 9.86923267E+001</data>
</auxiliary>
<auxiliary keyword="CHEB">
<data>     4</data>
<data>     4</data>
</auxiliary>
<auxiliary keyword="CHEB">
<data> 6.90100000E+000</data>
<data>-6.88580000E-001</data>
<data>-2.14190000E-001</data>
<data> 3.31810000E-003</data>
</auxiliary>
<auxiliary keyword="CHEB">
<data> 4.44760000E+000</data>
<data> 6.79220000E-001</data>
<data> 1.81410000E-001</data>
<data>-2.26410000E-002</data>
</auxiliary>
<auxiliary keyword="CHEB">
<data> 2.02400000E-001</data>
<data> 1.23750000E-001</data>
<data> 6.73570000E-002</data>
<data> 1.58180000E-002</data>
</auxiliary>
<auxiliary keyword="CHEB">
<data> 2.20360000E-002</data>
<data>-7.04960000E-002</data>
<data>-1.27790000E-002</data>
<data> 8.52940000E-003</data>
</auxiliary>
</reaction>
<reaction formula="C2H5OH(+M)=C2H5O-1+H(+M)">
<rate A=" 1.00000000E+000" B=" 0.00000000E+000" E=" 0.00000000E+000"/>
<auxiliary keyword="TCHEB">
<data> 3.00000000E+002</data>
<data> 2.10000000E+003</data>
</auxiliary>
<auxiliary keyword="PCHEB">
<data> 9.86923267E-003</data>
<data> 9.86923267E+001</data>
</auxiliary>
<auxiliary keyword="CHEB">
<data>     4</data>
<data>     4</data>
</auxiliary>
<auxiliary keyword="CHEB">
<data>-2.73150000E+001</data>
<data> 1.48960000E+000</data>
<data>-2.24750000E-001</data>
<data>-3.94610000E-002</data>
</auxiliary>
<auxiliary keyword="CHEB">
<data> 3.02460000E+001</data>
<data> 4.07910000E-001</data>
<data> 1.47310000E-001</data>
<data> 3.03100000E-003</data>
</auxiliary>
<auxiliary keyword="CHEB">
<data>-8.09490000E-001</data>
<data> 1.02380000E-001</data>
<data> 6.31700000E-002</data>
<data> 2.23260000E-002</data>
</auxiliary>
<auxiliary keyword="CHEB">
<data>-4.52430000E-001</data>
<data> 6.37780000E-003</data>
<data> 1.37160000E-002</data>
<data> 1.08280000E-002</data>
</auxiliary>
</reaction>
<reaction formula="CH3+CH2OH(+M)=C2H5O-1+H(+M)">
<rate A=" 1.00000000E+000" B=" 0.00000000E+000" E=" 0.00000000E+000"/>
<auxiliary keyword="TCHEB">
<data> 3.00000000E+002</data>
<data> 2.10000000E+003</data>
</auxiliary>
<auxiliary keyword="PCHEB">
<data> 9.86923267E-003</data>
<data> 9.86923267E+001</data>
</auxiliary>
<auxiliary keyword="CHEB">
<data>     4</data>
<data>     4</data>
</auxiliary>
<auxiliary keyword="CHEB">
<data> 6.74980000E+000</data>
<data>-4.67620000E-001</data>
<data>-2.02670000E-001</data>
<data>-3.32410000E-002</data>
</auxiliary>
<auxiliary keyword="CHEB">
<data> 4.62680000E+000</data>
<data> 4.57920000E-001</data>
<data> 1.79290000E-001</data>
<data> 1.59670000E-002</data>
</auxiliary>
<auxiliary keyword="CHEB">
<data> 6.57930000E-002</data>
<data> 7.61600000E-002</data>
<data> 5.17550000E-002</data>
<data> 2.08010000E-002</data>
</auxiliary>
<auxiliary keyword="CHEB">
<data> 5.23100000E-003</data>
<data>-3.80550000E-002</data>
<data>-1.16600000E-002</data>
<data> 2.27290000E-003</data>
</auxiliary>
</reaction>
<reaction formula="CH3+CH2OH(+M)=C2H5+OH(+M)">
<rate A=" 1.00000000E+000" B=" 0.00000000E+000" E=" 0.00000000E+000"/>
<auxiliary keyword="TCHEB">
<data> 3.00000000E+002</data>
<data> 2.10000000E+003</data>
</auxiliary>
<auxiliary keyword="PCHEB">
<data> 9.86923267E-003</data>
<data> 9.86923267E+001</data>
</auxiliary>
<auxiliary keyword="CHEB">
<data>     4</data>
<data>     4</data>
</auxiliary>
<auxiliary keyword="CHEB">
<data> 1.05040000E+001</data>
<data>-8.33730000E-001</data>
<data>-2.08060000E-001</data>
<data> 2.19440000E-002</data>
</auxiliary>
<auxiliary keyword="CHEB">
<data> 2.78500000E+000</data>
<data> 7.74920000E-001</data>
<data> 1.50390000E-001</data>
<data>-4.28970000E-002</data>
</auxiliary>
<auxiliary keyword="CHEB">
<data> 1.36090000E-001</data>
<data> 1.72490000E-001</data>
<data> 7.71540000E-002</data>
<data> 8.93680000E-003</data>
</auxiliary>
<auxiliary keyword="CHEB">
<data>-2.67200000E-002</data>
<data>-5.99660000E-002</data>
<data> 7.54080000E-004</data>
<data> 1.30170000E-002</data>
</auxiliary>
</reaction>
<reaction formula="CH3+CH2OH(+M)=C2H4+H2O(+M)">
<rate A=" 1.00000000E+000" B=" 0.00000000E+000" E=" 0.00000000E+000"/>
<auxiliary keyword="TCHEB">
<data> 3.00000000E+002</data>
<data> 2.10000000E+003</data>
</auxiliary>
<auxiliary keyword="PCHEB">
<data> 9.86923267E-003</data>
<data> 9.86923267E+001</data>
</auxiliary>
<auxiliary keyword="CHEB">
<data>     4</data>
<data>     4</data>
</auxiliary>
<auxiliary keyword="CHEB">
<data> 1.09550000E+001</data>
<data>-1.25210000E+000</data>
<data>-1.65470000E-001</data>
<data> 4.57470000E-002</data>
</auxiliary>
<auxiliary keyword="CHEB">
<data> 2.56560000E-001</data>
<data> 7.59400000E-001</data>
<data> 2.06040000E-002</data>
<data>-3.81490000E-002</data>
</auxiliary>
<auxiliary keyword="CHEB">
<data>-1.23940000E-001</data>
<data> 3.60990000E-001</data>
<data> 6.56700000E-002</data>
<data>-2.01840000E-002</data>
</auxiliary>
<auxiliary keyword="CHEB">
<data>-1.89170000E-001</data>
<data> 9.13180000E-002</data>
<data> 4.02730000E-002</data>
<data> 2.28080000E-004</data>
</auxiliary>
</reaction>
<reaction formula="C2H5O-1+H(+M)=C2H5+OH(+M)">
<rate A=" 1.00000000E+000" B=" 0.00000000E+000" E=" 0.00000000E+000"/>
<auxiliary keyword="TCHEB">
<data> 3.00000000E+002</data>
<data> 2.10000000E+003</data>
</auxiliary>
<auxiliary keyword="PCHEB">
<data> 9.86923267E-003</data>
<data> 9.86923267E+001</data>
</auxiliary>
<auxiliary keyword="CHEB">
<data>     4</data>
<data>     4</data>
</auxiliary>
<auxiliary keyword="CHEB">
<data> 1.31680000E+001</data>
<data>-4.46150000E-001</data>
<data>-1.93810000E-001</data>
<data>-3.22060000E-002</data>
</auxiliary>
<auxiliary keyword="CHEB">
<data> 6.17530000E-001</data>
<data> 4.64760000E-001</data>
<data> 1.85090000E-001</data>
<data> 1.89140000E-002</data>
</auxiliary>
<auxiliary keyword="CHEB">
<data> 1.62380000E-001</data>
<data> 5.34470000E-002</data>
<data> 4.14790000E-002</data>
<data> 1.90450000E-002</data>
</auxiliary>
<auxiliary keyword="CHEB">
<data> 1.73720000E-002</data>
<data>-5.28190000E-002</data>
<data>-2.00610000E-002</data>
<data>-4.93700000E-004</data>
</auxiliary>
</reaction>
<reaction formula="C2H5O-1+H(+M)=C2H4+H2O(+M)">
<rate A=" 1.00000000E+000" B=" 0.00000000E+000" E=" 0.00000000E+000"/>
<auxiliary keyword="TCHEB">
<data> 3.00000000E+002</data>
<data> 2.10000000E+003</data>
</auxiliary>
<auxiliary keyword="PCHEB">
<data> 9.86923267E-003</data>
<data> 9.86923267E+001</data>
</auxiliary>
<auxiliary keyword="CHEB">
<data>     4</data>
<data>     4</data>
</auxiliary>
<auxiliary keyword="CHEB">
<data> 1.14050000E+001</data>
<data>-4.91960000E-001</data>
<data>-2.14610000E-001</data>
<data>-3.61710000E-002</data>
</auxiliary>
<auxiliary keyword="CHEB">
<data>-1.97940000E-001</data>
<data> 4.33350000E-001</data>
<data> 1.63730000E-001</data>
<data> 9.81530000E-003</data>
</auxiliary>
<auxiliary keyword="CHEB">
<data>-3.02860000E-001</data>
<data> 9.71330000E-002</data>
<data> 6.16350000E-002</data>
<data> 2.27860000E-002</data>
</auxiliary>
<auxiliary keyword="CHEB">
<data>-1.75900000E-001</data>
<data>-1.04580000E-002</data>
<data> 3.98920000E-003</data>
<data> 7.47410000E-003</data>
</auxiliary>
</reaction>
<reaction formula="C2H5+OH(+M)=C2H4+H2O(+M)">
<rate A=" 1.00000000E+000" B=" 0.00000000E+000" E=" 0.00000000E+000"/>
<auxiliary keyword="TCHEB">
<data> 3.00000000E+002</data>
<data> 2.10000000E+003</data>
</auxiliary>
<auxiliary keyword="PCHEB">
<data> 9.86923267E-003</data>
<data> 9.86923267E+001</data>
</auxiliary>
<auxiliary keyword="CHEB">
<data>     4</data>
<data>     4</data>
</auxiliary>
<auxiliary keyword="CHEB">
<data> 1.15760000E+001</data>
<data>-9.16980000E-001</data>
<data>-2.28460000E-001</data>
<data> 2.59170000E-002</data>
</auxiliary>
<auxiliary keyword="CHEB">
<data> 5.58960000E-002</data>
<data> 6.89830000E-001</data>
<data> 1.15070000E-001</data>
<data>-4.54850000E-002</data>
</auxiliary>
<auxiliary keyword="CHEB">
<data>-2.47220000E-001</data>
<data> 2.36180000E-001</data>
<data> 8.81180000E-002</data>
<data> 1.47440000E-003</data>
</auxiliary>
<auxiliary keyword="CHEB">
<data>-2.08550000E-001</data>
<data> 2.49950000E-002</data>
<data> 2.76750000E-002</data>
<data> 1.05150000E-002</data>
</auxiliary>
</reaction>
<reaction formula="C2H4+C2H5(+M)=C4H8-1+H(+M)">
<rate A=" 1.00000000E+000" B=" 0.00000000E+000" E=" 0.00000000E+000"/>
<auxiliary keyword="TCHEB">
<data> 3.00000000E+002</data>
<data> 2.10000000E+003</data>
</auxiliary>
<auxiliary keyword="PCHEB">
<data> 9.86923267E-003</data>
<data> 9.86923267E+001</data>
</auxiliary>
<auxiliary keyword="CHEB">
<data>     4</data>
<data>     4</data>
</auxiliary>
<auxiliary keyword="CHEB">
<data> 3.88670000E+000</data>
<data>-1.13520000E+000</data>
<data>-1.49850000E-001</data>
<data> 1.90020000E-002</data>
</auxiliary>
<auxiliary keyword="CHEB">
<data> 5.99060000E+000</data>
<data> 9.97960000E-001</data>
<data> 6.05550000E-003</data>
<data>-5.47970000E-002</data>
</auxiliary>
<auxiliary keyword="CHEB">
<data> 1.87890000E-001</data>
<data> 2.23040000E-001</data>
<data> 9.11480000E-002</data>
<data>-5.59700000E-003</data>
</auxiliary>
<auxiliary keyword="CHEB">
<data>-1.09230000E-001</data>
<data>-8.92760000E-002</data>
<data> 4.14850000E-002</data>
<data> 2.29920000E-002</data>
</auxiliary>
</reaction>
<reaction formula="C2H4+nC4H10O(+M)=C4H8-1+C2H5OH(+M)">
<rate A=" 1.00000000E+000" B=" 0.00000000E+000" E=" 0.00000000E+000"/>
<auxiliary keyword="TCHEB">
<data> 3.00000000E+002</data>
<data> 2.10000000E+003</data>
</auxiliary>
<auxiliary keyword="PCHEB">
<data> 9.86923267E-003</data>
<data> 9.86923267E+001</data>
</auxiliary>
<auxiliary keyword="CHEB">
<data>     4</data>
<data>     4</data>
</auxiliary>
<auxiliary keyword="CHEB">
<data>-1.48140000E+001</data>
<data>-1.69890000E+000</data>
<data>-6.24780000E-002</data>
<data>-1.97260000E-003</data>
</auxiliary>
<auxiliary keyword="CHEB">
<data> 1.99170000E+001</data>
<data> 4.78680000E-001</data>
<data>-1.11630000E-001</data>
<data> 5.97920000E-004</data>
</auxiliary>
<auxiliary keyword="CHEB">
<data> 1.04530000E+000</data>
<data> 4.30200000E-001</data>
<data>-6.64160000E-002</data>
<data>-1.22130000E-002</data>
</auxiliary>
<auxiliary keyword="CHEB">
<data>-5.82260000E-002</data>
<data> 2.71100000E-001</data>
<data>-1.32980000E-002</data>
<data>-1.74040000E-002</data>
</auxiliary>
</reaction>
<reaction formula="C4H9O-2(+M)=C4H9O-3(+M)">
<rate A=" 1.00000000E+000" B=" 0.00000000E+000" E=" 0.00000000E+000"/>
<auxiliary keyword="TCHEB">
<data> 3.00000000E+002</data>
<data> 2.10000000E+003</data>
</auxiliary>
<auxiliary keyword="PCHEB">
<data> 9.86923267E-003</data>
<data> 9.86923267E+001</data>
</auxiliary>
<auxiliary keyword="CHEB">
<data>     4</data>
<data>     4</data>
</auxiliary>
<auxiliary keyword="CHEB">
<data>-6.13480000E+000</data>
<data> 2.09330000E+000</data>
<data>-3.78120000E-001</data>
<data> 1.64890000E-002</data>
</auxiliary>
<auxiliary keyword="CHEB">
<data> 9.34790000E+000</data>
<data> 1.30420000E+000</data>
<data> 1.26450000E-001</data>
<data>-5.04250000E-002</data>
</auxiliary>
<auxiliary keyword="CHEB">
<data>-1.07080000E+000</data>
<data> 3.20380000E-001</data>
<data> 8.82680000E-002</data>
<data>-5.28590000E-003</data>
</auxiliary>
<auxiliary keyword="CHEB">
<data>-2.97860000E-001</data>
<data>-2.38520000E-002</data>
<data> 2.42320000E-002</data>
<data> 3.86810000E-003</data>
</auxiliary>
</reaction>
<reaction formula="C4H9O-2(+M)=C3H6+CH2OH(+M)">
<rate A=" 1.00000000E+000" B=" 0.00000000E+000" E=" 0.00000000E+000"/>
<auxiliary keyword="TCHEB">
<data> 3.00000000E+002</data>
<data> 2.10000000E+003</data>
</auxiliary>
<auxiliary keyword="PCHEB">
<data> 9.86923267E-003</data>
<data> 9.86923267E+001</data>
</auxiliary>
<auxiliary keyword="CHEB">
<data>     4</data>
<data>     4</data>
</auxiliary>
<auxiliary keyword="CHEB">
<data> 8.12630000E-001</data>
<data> 5.04600000E-001</data>
<data>-7.20240000E-002</data>
<data>-9.75110000E-004</data>
</auxiliary>
<auxiliary keyword="CHEB">
<data> 7.75110000E+000</data>
<data> 8.10020000E-001</data>
<data>-1.01750000E-001</data>
<data>-1.34420000E-002</data>
</auxiliary>
<auxiliary keyword="CHEB">
<data>-5.42890000E-001</data>
<data> 4.18640000E-001</data>
<data> 9.37950000E-003</data>
<data>-1.69750000E-002</data>
</auxiliary>
<auxiliary keyword="CHEB">
<data>-2.47900000E-001</data>
<data> 1.02500000E-001</data>
<data> 4.74130000E-002</data>
<data>-4.69360000E-003</data>
</auxiliary>
</reaction>
<reaction formula="C4H9O-2(+M)=C2H4+C2H5O-1(+M)">
<rate A=" 1.00000000E+000" B=" 0.00000000E+000" E=" 0.00000000E+000"/>
<auxiliary keyword="TCHEB">
<data> 3.00000000E+002</data>
<data> 2.10000000E+003</data>
</auxiliary>
<auxiliary keyword="PCHEB">
<data> 9.86923267E-003</data>
<data> 9.86923267E+001</data>
</auxiliary>
<auxiliary keyword="CHEB">
<data>     4</data>
<data>     4</data>
</auxiliary>
<auxiliary keyword="CHEB">
<data>-5.12600000E+000</data>
<data>-5.14550000E-001</data>
<data>-2.52090000E-001</data>
<data> 2.87030000E-002</data>
</auxiliary>
<auxiliary keyword="CHEB">
<data> 1.13400000E+001</data>
<data> 2.10830000E+000</data>
<data>-1.01380000E-001</data>
<data>-1.00450000E-001</data>
</auxiliary>
<auxiliary keyword="CHEB">
<data>-4.52750000E-001</data>
<data> 3.30900000E-001</data>
<data> 1.70450000E-001</data>
<data>-8.31850000E-003</data>
</auxiliary>
<auxiliary keyword="CHEB">
<data>-2.83770000E-001</data>
<data>-9.80000000E-002</data>
<data> 6.94500000E-002</data>
<data> 2.57240000E-002</data>
</auxiliary>
</reaction>
<reaction formula="C4H9O-2(+M)=CH3+C3H6O-enol2(+M)">
<rate A=" 1.00000000E+000" B=" 0.00000000E+000" E=" 0.00000000E+000"/>
<auxiliary keyword="TCHEB">
<data> 3.00000000E+002</data>
<data> 2.10000000E+003</data>
</auxiliary>
<auxiliary keyword="PCHEB">
<data> 9.86923267E-003</data>
<data> 9.86923267E+001</data>
</auxiliary>
<auxiliary keyword="CHEB">
<data>     4</data>
<data>     4</data>
</auxiliary>
<auxiliary keyword="CHEB">
<data>-5.12920000E+000</data>
<data> 3.56400000E-001</data>
<data>-3.40850000E-001</data>
<data> 2.84530000E-003</data>
</auxiliary>
<auxiliary keyword="CHEB">
<data> 1.12190000E+001</data>
<data> 1.46340000E+000</data>
<data> 1.76560000E-001</data>
<data>-5.14800000E-002</data>
</auxiliary>
<auxiliary keyword="CHEB">
<data>-4.95520000E-001</data>
<data> 2.11050000E-001</data>
<data> 9.39870000E-002</data>
<data> 6.45410000E-003</data>
</auxiliary>
<auxiliary keyword="CHEB">
<data>-1.88880000E-001</data>
<data>-1.03580000E-001</data>
<data> 1.53150000E-002</data>
<data> 1.17830000E-002</data>
</auxiliary>
</reaction>
<reaction formula="C4H9O-2(+M)=C4H8-1+OH(+M)">
<rate A=" 1.00000000E+000" B=" 0.00000000E+000" E=" 0.00000000E+000"/>
<auxiliary keyword="TCHEB">
<data> 3.00000000E+002</data>
<data> 2.10000000E+003</data>
</auxiliary>
<auxiliary keyword="PCHEB">
<data> 9.86923267E-003</data>
<data> 9.86923267E+001</data>
</auxiliary>
<auxiliary keyword="CHEB">
<data>     4</data>
<data>     4</data>
</auxiliary>
<auxiliary keyword="CHEB">
<data>-5.23820000E+000</data>
<data> 3.04150000E-001</data>
<data>-3.44940000E-001</data>
<data> 6.08800000E-003</data>
</auxiliary>
<auxiliary keyword="CHEB">
<data> 1.09630000E+001</data>
<data> 1.46350000E+000</data>
<data> 1.70540000E-001</data>
<data>-5.32370000E-002</data>
</auxiliary>
<auxiliary keyword="CHEB">
<data>-5.66220000E-001</data>
<data> 2.44780000E-001</data>
<data> 9.35510000E-002</data>
<data> 3.70900000E-003</data>
</auxiliary>
<auxiliary keyword="CHEB">
<data>-2.10110000E-001</data>
<data>-9.61320000E-002</data>
<data> 1.74200000E-002</data>
<data> 1.10710000E-002</data>
</auxiliary>
</reaction>
<reaction formula="C4H9O-2(+M)=C2H5+C2H4O(+M)">
<rate A=" 1.00000000E+000" B=" 0.00000000E+000" E=" 0.00000000E+000"/>
<auxiliary keyword="TCHEB">
<data> 3.00000000E+002</data>
<data> 2.10000000E+003</data>
</auxiliary>
<auxiliary keyword="PCHEB">
<data> 9.86923267E-003</data>
<data> 9.86923267E+001</data>
</auxiliary>
<auxiliary keyword="CHEB">
<data>     4</data>
<data>     4</data>
</auxiliary>
<auxiliary keyword="CHEB">
<data>-2.67050000E+000</data>
<data>-2.62220000E-001</data>
<data>-2.97400000E-001</data>
<data> 2.26610000E-002</data>
</auxiliary>
<auxiliary keyword="CHEB">
<data> 9.89960000E+000</data>
<data> 1.73340000E+000</data>
<data> 2.79400000E-002</data>
<data>-7.75940000E-002</data>
</auxiliary>
<auxiliary keyword="CHEB">
<data>-5.17440000E-001</data>
<data> 4.35050000E-001</data>
<data> 1.12980000E-001</data>
<data>-2.40160000E-003</data>
</auxiliary>
<auxiliary keyword="CHEB">
<data>-3.05390000E-001</data>
<data>-6.53800000E-002</data>
<data> 4.94260000E-002</data>
<data> 1.71160000E-002</data>
</auxiliary>
</reaction>
<reaction formula="C4H9O-2(+M)=nC4H8O+H(+M)">
<rate A=" 1.00000000E+000" B=" 0.00000000E+000" E=" 0.00000000E+000"/>
<auxiliary keyword="TCHEB">
<data> 3.00000000E+002</data>
<data> 2.10000000E+003</data>
</auxiliary>
<auxiliary keyword="PCHEB">
<data> 9.86923267E-003</data>
<data> 9.86923267E+001</data>
</auxiliary>
<auxiliary keyword="CHEB">
<data>     4</data>
<data>     4</data>
</auxiliary>
<auxiliary keyword="CHEB">
<data>-2.91760000E+000</data>
<data>-2.35310000E-001</data>
<data>-2.98940000E-001</data>
<data> 2.13570000E-002</data>
</auxiliary>
<auxiliary keyword="CHEB">
<data> 1.00160000E+001</data>
<data> 1.74570000E+000</data>
<data> 3.27690000E-002</data>
<data>-7.76820000E-002</data>
</auxiliary>
<auxiliary keyword="CHEB">
<data>-4.88240000E-001</data>
<data> 4.19450000E-001</data>
<data> 1.16520000E-001</data>
<data>-1.12590000E-003</data>
</auxiliary>
<auxiliary keyword="CHEB">
<data>-2.95210000E-001</data>
<data>-7.50860000E-002</data>
<data> 4.87310000E-002</data>
<data> 1.76690000E-002</data>
</auxiliary>
</reaction>
<reaction formula="C4H9O-3(+M)=C4H9O-4(+M)">
<rate A=" 1.00000000E+000" B=" 0.00000000E+000" E=" 0.00000000E+000"/>
<auxiliary keyword="TCHEB">
<data> 3.00000000E+002</data>
<data> 2.10000000E+003</data>
</auxiliary>
<auxiliary keyword="PCHEB">
<data> 9.86923267E-003</data>
<data> 9.86923267E+001</data>
</auxiliary>
<auxiliary keyword="CHEB">
<data>     4</data>
<data>     4</data>
</auxiliary>
<auxiliary keyword="CHEB">
<data>-6.14380000E+000</data>
<data> 2.64410000E+000</data>
<data>-4.49430000E-001</data>
<data>-3.91360000E-002</data>
</auxiliary>
<auxiliary keyword="CHEB">
<data> 1.00850000E+001</data>
<data> 1.09150000E+000</data>
<data> 2.52680000E-001</data>
<data>-3.16770000E-002</data>
</auxiliary>
<auxiliary keyword="CHEB">
<data>-9.78350000E-001</data>
<data> 1.76450000E-001</data>
<data> 1.16760000E-001</data>
<data> 2.69830000E-002</data>
</auxiliary>
<auxiliary keyword="CHEB">
<data>-2.76850000E-001</data>
<data>-5.92280000E-002</data>
<data> 8.30330000E-004</data>
<data> 1.65500000E-002</data>
</auxiliary>
</reaction>
<reaction formula="C4H9O-3(+M)=C3H6+CH2OH(+M)">
<rate A=" 1.00000000E+000" B=" 0.00000000E+000" E=" 0.00000000E+000"/>
<auxiliary keyword="TCHEB">
<data> 3.00000000E+002</data>
<data> 2.10000000E+003</data>
</auxiliary>
<auxiliary keyword="PCHEB">
<data> 9.86923267E-003</data>
<data> 9.86923267E+001</data>
</auxiliary>
<auxiliary keyword="CHEB">
<data>     4</data>
<data>     4</data>
</auxiliary>
<auxiliary keyword="CHEB">
<data>-5.99890000E+000</data>
<data> 3.12620000E-001</data>
<data>-3.42570000E-001</data>
<data> 5.88980000E-003</data>
</auxiliary>
<auxiliary keyword="CHEB">
<data> 1.17390000E+001</data>
<data> 1.47340000E+000</data>
<data> 1.72820000E-001</data>
<data>-5.33800000E-002</data>
</auxiliary>
<auxiliary keyword="CHEB">
<data>-3.54380000E-001</data>
<data> 2.38770000E-001</data>
<data> 9.32600000E-002</data>
<data> 4.37630000E-003</data>
</auxiliary>
<auxiliary keyword="CHEB">
<data>-1.84730000E-001</data>
<data>-1.01900000E-001</data>
<data> 1.66730000E-002</data>
<data> 1.15300000E-002</data>
</auxiliary>
</reaction>
<reaction formula="C4H9O-3(+M)=C2H4+C2H5O-1(+M)">
<rate A=" 1.00000000E+000" B=" 0.00000000E+000" E=" 0.00000000E+000"/>
<auxiliary keyword="TCHEB">
<data> 3.00000000E+002</data>
<data> 2.10000000E+003</data>
</auxiliary>
<auxiliary keyword="PCHEB">
<data> 9.86923267E-003</data>
<data> 9.86923267E+001</data>
</auxiliary>
<auxiliary keyword="CHEB">
<data>     4</data>
<data>     4</data>
</auxiliary>
<auxiliary keyword="CHEB">
<data>-6.53720000E+000</data>
<data> 2.35850000E-001</data>
<data>-3.86850000E-001</data>
<data> 1.73490000E-002</data>
</auxiliary>
<auxiliary keyword="CHEB">
<data> 1.10470000E+001</data>
<data> 1.39060000E+000</data>
<data> 1.75410000E-001</data>
<data>-6.67470000E-002</data>
</auxiliary>
<auxiliary keyword="CHEB">
<data>-5.71380000E-001</data>
<data> 2.87970000E-001</data>
<data> 9.63430000E-002</data>
<data>-2.33620000E-003</data>
</auxiliary>
<auxiliary keyword="CHEB">
<data>-2.40270000E-001</data>
<data>-7.34220000E-002</data>
<data> 1.41190000E-002</data>
<data> 1.12060000E-002</data>
</auxiliary>
</reaction>
<reaction formula="C4H9O-3(+M)=CH3+C3H6O-enol2(+M)">
<rate A=" 1.00000000E+000" B=" 0.00000000E+000" E=" 0.00000000E+000"/>
<auxiliary keyword="TCHEB">
<data> 3.00000000E+002</data>
<data> 2.10000000E+003</data>
</auxiliary>
<auxiliary keyword="PCHEB">
<data> 9.86923267E-003</data>
<data> 9.86923267E+001</data>
</auxiliary>
<auxiliary keyword="CHEB">
<data>     4</data>
<data>     4</data>
</auxiliary>
<auxiliary keyword="CHEB">
<data> 2.83360000E-001</data>
<data> 1.00980000E+000</data>
<data>-1.97750000E-001</data>
<data> 3.39690000E-002</data>
</auxiliary>
<auxiliary keyword="CHEB">
<data> 8.41930000E+000</data>
<data> 8.21780000E-001</data>
<data> 9.79160000E-002</data>
<data>-5.28880000E-002</data>
</auxiliary>
<auxiliary keyword="CHEB">
<data>-8.11140000E-001</data>
<data> 2.23380000E-001</data>
<data> 8.27960000E-002</data>
<data>-9.70640000E-004</data>
</auxiliary>
<auxiliary keyword="CHEB">
<data>-2.85140000E-001</data>
<data>-3.07850000E-002</data>
<data> 1.92830000E-002</data>
<data> 1.34130000E-002</data>
</auxiliary>
</reaction>
<reaction formula="C4H9O-3(+M)=C4H8-1+OH(+M)">
<rate A=" 1.00000000E+000" B=" 0.00000000E+000" E=" 0.00000000E+000"/>
<auxiliary keyword="TCHEB">
<data> 3.00000000E+002</data>
<data> 2.10000000E+003</data>
</auxiliary>
<auxiliary keyword="PCHEB">
<data> 9.86923267E-003</data>
<data> 9.86923267E+001</data>
</auxiliary>
<auxiliary keyword="CHEB">
<data>     4</data>
<data>     4</data>
</auxiliary>
<auxiliary keyword="CHEB">
<data> 9.01740000E-001</data>
<data> 8.01520000E-001</data>
<data>-1.45760000E-001</data>
<data> 3.63390000E-002</data>
</auxiliary>
<auxiliary keyword="CHEB">
<data> 7.58860000E+000</data>
<data> 8.75180000E-001</data>
<data> 2.87110000E-002</data>
<data>-3.90540000E-002</data>
</auxiliary>
<auxiliary keyword="CHEB">
<data>-8.49460000E-001</data>
<data> 3.09840000E-001</data>
<data> 7.13490000E-002</data>
<data>-1.28260000E-002</data>
</auxiliary>
<auxiliary keyword="CHEB">
<data>-3.42800000E-001</data>
<data> 1.14020000E-002</data>
<data> 3.35650000E-002</data>
<data> 6.22680000E-003</data>
</auxiliary>
</reaction>
<reaction formula="C4H9O-3(+M)=C2H5+C2H4O(+M)">
<rate A=" 1.00000000E+000" B=" 0.00000000E+000" E=" 0.00000000E+000"/>
<auxiliary keyword="TCHEB">
<data> 3.00000000E+002</data>
<data> 2.10000000E+003</data>
</auxiliary>
<auxiliary keyword="PCHEB">
<data> 9.86923267E-003</data>
<data> 9.86923267E+001</data>
</auxiliary>
<auxiliary keyword="CHEB">
<data>     4</data>
<data>     4</data>
</auxiliary>
<auxiliary keyword="CHEB">
<data>-5.77340000E+000</data>
<data> 7.46790000E-001</data>
<data>-4.18410000E-001</data>
<data>-3.40150000E-002</data>
</auxiliary>
<auxiliary keyword="CHEB">
<data> 1.12540000E+001</data>
<data> 1.16920000E+000</data>
<data> 3.05010000E-001</data>
<data>-2.09590000E-002</data>
</auxiliary>
<auxiliary keyword="CHEB">
<data>-6.21280000E-001</data>
<data> 1.49510000E-001</data>
<data> 1.08290000E-001</data>
<data> 2.95960000E-002</data>
</auxiliary>
<auxiliary keyword="CHEB">
<data>-2.24840000E-001</data>
<data>-1.01390000E-001</data>
<data>-1.91470000E-002</data>
<data> 1.27290000E-002</data>
</auxiliary>
</reaction>
<reaction formula="C4H9O-3(+M)=nC4H8O+H(+M)">
<rate A=" 1.00000000E+000" B=" 0.00000000E+000" E=" 0.00000000E+000"/>
<auxiliary keyword="TCHEB">
<data> 3.00000000E+002</data>
<data> 2.10000000E+003</data>
</auxiliary>
<auxiliary keyword="PCHEB">
<data> 9.86923267E-003</data>
<data> 9.86923267E+001</data>
</auxiliary>
<auxiliary keyword="CHEB">
<data>     4</data>
<data>     4</data>
</auxiliary>
<auxiliary keyword="CHEB">
<data>-5.97550000E+000</data>
<data> 7.56760000E-001</data>
<data>-4.15980000E-001</data>
<data>-3.37000000E-002</data>
</auxiliary>
<auxiliary keyword="CHEB">
<data> 1.13200000E+001</data>
<data> 1.17300000E+000</data>
<data> 3.08980000E-001</data>
<data>-2.02290000E-002</data>
</auxiliary>
<auxiliary keyword="CHEB">
<data>-5.87040000E-001</data>
<data> 1.43650000E-001</data>
<data> 1.06160000E-001</data>
<data> 2.98300000E-002</data>
</auxiliary>
<auxiliary keyword="CHEB">
<data>-2.10310000E-001</data>
<data>-1.06100000E-001</data>
<data>-2.12880000E-002</data>
<data> 1.23870000E-002</data>
</auxiliary>
</reaction>
<reaction formula="C4H9O-3(+M)=CH2O+C3H7-1(+M)">
<rate A=" 1.00000000E+000" B=" 0.00000000E+000" E=" 0.00000000E+000"/>
<auxiliary keyword="TCHEB">
<data> 3.00000000E+002</data>
<data> 2.10000000E+003</data>
</auxiliary>
<auxiliary keyword="PCHEB">
<data> 9.86923267E-003</data>
<data> 9.86923267E+001</data>
</auxiliary>
<auxiliary keyword="CHEB">
<data>     4</data>
<data>     4</data>
</auxiliary>
<auxiliary keyword="CHEB">
<data>-9.07030000E+000</data>
<data> 1.26270000E+000</data>
<data>-6.12730000E-002</data>
<data>-1.06610000E-002</data>
</auxiliary>
<auxiliary keyword="CHEB">
<data> 1.21670000E+001</data>
<data> 9.04990000E-001</data>
<data> 1.65670000E-002</data>
<data>-1.50300000E-002</data>
</auxiliary>
<auxiliary keyword="CHEB">
<data>-4.41420000E-001</data>
<data>-1.70040000E-001</data>
<data> 4.17220000E-002</data>
<data> 3.76560000E-002</data>
</auxiliary>
<auxiliary keyword="CHEB">
<data>-1.36720000E-001</data>
<data>-1.64530000E-002</data>
<data> 1.21450000E-003</data>
<data>-1.77460000E-002</data>
</auxiliary>
</reaction>
<reaction formula="C4H9O-4(+M)=C3H6+CH2OH(+M)">
<rate A=" 1.00000000E+000" B=" 0.00000000E+000" E=" 0.00000000E+000"/>
<auxiliary keyword="TCHEB">
<data> 3.00000000E+002</data>
<data> 2.10000000E+003</data>
</auxiliary>
<auxiliary keyword="PCHEB">
<data> 9.86923267E-003</data>
<data> 9.86923267E+001</data>
</auxiliary>
<auxiliary keyword="CHEB">
<data>     4</data>
<data>     4</data>
</auxiliary>
<auxiliary keyword="CHEB">
<data>-4.39420000E+000</data>
<data>-1.70280000E-001</data>
<data>-2.99310000E-001</data>
<data> 1.72920000E-002</data>
</auxiliary>
<auxiliary keyword="CHEB">
<data> 1.18340000E+001</data>
<data> 1.78750000E+000</data>
<data> 4.22190000E-002</data>
<data>-7.81060000E-002</data>
</auxiliary>
<auxiliary keyword="CHEB">
<data>-2.40470000E-001</data>
<data> 3.70470000E-001</data>
<data> 1.24430000E-001</data>
<data> 3.27080000E-003</data>
</auxiliary>
<auxiliary keyword="CHEB">
<data>-2.61670000E-001</data>
<data>-1.07400000E-001</data>
<data> 4.69230000E-002</data>
<data> 1.93220000E-002</data>
</auxiliary>
</reaction>
<reaction formula="C4H9O-4(+M)=C2H4+C2H5O-1(+M)">
<rate A=" 1.00000000E+000" B=" 0.00000000E+000" E=" 0.00000000E+000"/>
<auxiliary keyword="TCHEB">
<data> 3.00000000E+002</data>
<data> 2.10000000E+003</data>
</auxiliary>
<auxiliary keyword="PCHEB">
<data> 9.86923267E-003</data>
<data> 9.86923267E+001</data>
</auxiliary>
<auxiliary keyword="CHEB">
<data>     4</data>
<data>     4</data>
</auxiliary>
<auxiliary keyword="CHEB">
<data>-3.76160000E+000</data>
<data>-5.44510000E-001</data>
<data>-2.53060000E-001</data>
<data> 2.54650000E-002</data>
</auxiliary>
<auxiliary keyword="CHEB">
<data> 9.87230000E+000</data>
<data> 1.70730000E+000</data>
<data>-5.34130000E-002</data>
<data>-7.00060000E-002</data>
</auxiliary>
<auxiliary keyword="CHEB">
<data>-5.40460000E-001</data>
<data> 5.31800000E-001</data>
<data> 9.03140000E-002</data>
<data>-1.42040000E-002</data>
</auxiliary>
<auxiliary keyword="CHEB">
<data>-3.58720000E-001</data>
<data>-2.16430000E-003</data>
<data> 6.05480000E-002</data>
<data> 1.37880000E-002</data>
</auxiliary>
</reaction>
<reaction formula="C4H9O-4(+M)=CH3+C3H6O-enol2(+M)">
<rate A=" 1.00000000E+000" B=" 0.00000000E+000" E=" 0.00000000E+000"/>
<auxiliary keyword="TCHEB">
<data> 3.00000000E+002</data>
<data> 2.10000000E+003</data>
</auxiliary>
<auxiliary keyword="PCHEB">
<data> 9.86923267E-003</data>
<data> 9.86923267E+001</data>
</auxiliary>
<auxiliary keyword="CHEB">
<data>     4</data>
<data>     4</data>
</auxiliary>
<auxiliary keyword="CHEB">
<data>-6.48320000E+000</data>
<data> 8.15250000E-001</data>
<data>-4.03680000E-001</data>
<data>-3.36940000E-002</data>
</auxiliary>
<auxiliary keyword="CHEB">
<data> 1.24850000E+001</data>
<data> 1.17700000E+000</data>
<data> 3.24940000E-001</data>
<data>-1.67950000E-002</data>
</auxiliary>
<auxiliary keyword="CHEB">
<data>-4.62060000E-001</data>
<data> 1.02330000E-001</data>
<data> 9.18210000E-002</data>
<data> 3.17360000E-002</data>
</auxiliary>
<auxiliary keyword="CHEB">
<data>-1.65080000E-001</data>
<data>-1.25510000E-001</data>
<data>-3.07880000E-002</data>
<data> 1.05700000E-002</data>
</auxiliary>
</reaction>
<reaction formula="C4H9O-4(+M)=C4H8-1+OH(+M)">
<rate A=" 1.00000000E+000" B=" 0.00000000E+000" E=" 0.00000000E+000"/>
<auxiliary keyword="TCHEB">
<data> 3.00000000E+002</data>
<data> 2.10000000E+003</data>
</auxiliary>
<auxiliary keyword="PCHEB">
<data> 9.86923267E-003</data>
<data> 9.86923267E+001</data>
</auxiliary>
<auxiliary keyword="CHEB">
<data>     4</data>
<data>     4</data>
</auxiliary>
<auxiliary keyword="CHEB">
<data>-6.58640000E+000</data>
<data> 7.79660000E-001</data>
<data>-4.11050000E-001</data>
<data>-3.32800000E-002</data>
</auxiliary>
<auxiliary keyword="CHEB">
<data> 1.22610000E+001</data>
<data> 1.17770000E+000</data>
<data> 3.16660000E-001</data>
<data>-1.90430000E-002</data>
</auxiliary>
<auxiliary keyword="CHEB">
<data>-5.48660000E-001</data>
<data> 1.27740000E-001</data>
<data> 1.00220000E-001</data>
<data> 3.03650000E-002</data>
</auxiliary>
<auxiliary keyword="CHEB">
<data>-1.90060000E-001</data>
<data>-1.16220000E-001</data>
<data>-2.58870000E-002</data>
<data> 1.16640000E-002</data>
</auxiliary>
</reaction>
<reaction formula="C4H9O-4(+M)=C2H5+C2H4O(+M)">
<rate A=" 1.00000000E+000" B=" 0.00000000E+000" E=" 0.00000000E+000"/>
<auxiliary keyword="TCHEB">
<data> 3.00000000E+002</data>
<data> 2.10000000E+003</data>
</auxiliary>
<auxiliary keyword="PCHEB">
<data> 9.86923267E-003</data>
<data> 9.86923267E+001</data>
</auxiliary>
<auxiliary keyword="CHEB">
<data>     4</data>
<data>     4</data>
</auxiliary>
<auxiliary keyword="CHEB">
<data> 1.30930000E+000</data>
<data> 5.98120000E-001</data>
<data>-8.94130000E-002</data>
<data> 1.00310000E-002</data>
</auxiliary>
<auxiliary keyword="CHEB">
<data> 7.11050000E+000</data>
<data> 8.72380000E-001</data>
<data>-6.47070000E-002</data>
<data>-2.23370000E-002</data>
</auxiliary>
<auxiliary keyword="CHEB">
<data>-6.32690000E-001</data>
<data> 3.91970000E-001</data>
<data> 3.55750000E-002</data>
<data>-1.71200000E-002</data>
</auxiliary>
<auxiliary keyword="CHEB">
<data>-2.71200000E-001</data>
<data> 6.06640000E-002</data>
<data> 4.71230000E-002</data>
<data> 1.03390000E-003</data>
</auxiliary>
</reaction>
<reaction formula="C4H9O-4(+M)=nC4H8O+H(+M)">
<rate A=" 1.00000000E+000" B=" 0.00000000E+000" E=" 0.00000000E+000"/>
<auxiliary keyword="TCHEB">
<data> 3.00000000E+002</data>
<data> 2.10000000E+003</data>
</auxiliary>
<auxiliary keyword="PCHEB">
<data> 9.86923267E-003</data>
<data> 9.86923267E+001</data>
</auxiliary>
<auxiliary keyword="CHEB">
<data>     4</data>
<data>     4</data>
</auxiliary>
<auxiliary keyword="CHEB">
<data>-2.49760000E-001</data>
<data> 6.40130000E-001</data>
<data>-1.00330000E-001</data>
<data> 1.27190000E-002</data>
</auxiliary>
<auxiliary keyword="CHEB">
<data> 7.51810000E+000</data>
<data> 8.97460000E-001</data>
<data>-5.48110000E-002</data>
<data>-2.82050000E-002</data>
</auxiliary>
<auxiliary keyword="CHEB">
<data>-6.30990000E-001</data>
<data> 3.72550000E-001</data>
<data> 4.42270000E-002</data>
<data>-1.70640000E-002</data>
</auxiliary>
<auxiliary keyword="CHEB">
<data>-2.54000000E-001</data>
<data> 3.72000000E-002</data>
<data> 4.73680000E-002</data>
<data> 3.98210000E-003</data>
</auxiliary>
</reaction>
<reaction formula="C3H6+CH2OH(+M)=C2H4+C2H5O-1(+M)">
<rate A=" 1.00000000E+000" B=" 0.00000000E+000" E=" 0.00000000E+000"/>
<auxiliary keyword="TCHEB">
<data> 3.00000000E+002</data>
<data> 2.10000000E+003</data>
</auxiliary>
<auxiliary keyword="PCHEB">
<data> 9.86923267E-003</data>
<data> 9.86923267E+001</data>
</auxiliary>
<auxiliary keyword="CHEB">
<data>     4</data>
<data>     4</data>
</auxiliary>
<auxiliary keyword="CHEB">
<data> 1.17800000E+000</data>
<data>-2.12820000E+000</data>
<data>-3.03980000E-001</data>
<data> 2.20540000E-002</data>
</auxiliary>
<auxiliary keyword="CHEB">
<data> 7.13300000E+000</data>
<data> 2.02450000E+000</data>
<data> 3.52030000E-002</data>
<data>-9.82200000E-002</data>
</auxiliary>
<auxiliary keyword="CHEB">
<data>-2.90930000E-003</data>
<data> 2.04140000E-001</data>
<data> 1.99320000E-001</data>
<data> 6.33320000E-003</data>
</auxiliary>
<auxiliary keyword="CHEB">
<data>-2.44100000E-001</data>
<data>-1.69190000E-001</data>
<data> 3.01840000E-002</data>
<data> 4.02530000E-002</data>
</auxiliary>
</reaction>
<reaction formula="C3H6+CH2OH(+M)=CH3+C3H6O-enol2(+M)">
<rate A=" 1.00000000E+000" B=" 0.00000000E+000" E=" 0.00000000E+000"/>
<auxiliary keyword="TCHEB">
<data> 3.00000000E+002</data>
<data> 2.10000000E+003</data>
</auxiliary>
<auxiliary keyword="PCHEB">
<data> 9.86923267E-003</data>
<data> 9.86923267E+001</data>
</auxiliary>
<auxiliary keyword="CHEB">
<data>     4</data>
<data>     4</data>
</auxiliary>
<auxiliary keyword="CHEB">
<data> 1.26890000E+000</data>
<data>-1.44040000E+000</data>
<data>-3.16400000E-001</data>
<data>-5.27810000E-003</data>
</auxiliary>
<auxiliary keyword="CHEB">
<data> 6.92330000E+000</data>
<data> 1.46400000E+000</data>
<data> 2.11040000E-001</data>
<data>-4.08590000E-002</data>
</auxiliary>
<auxiliary keyword="CHEB">
<data> 3.14070000E-002</data>
<data> 8.56360000E-002</data>
<data> 9.07020000E-002</data>
<data> 1.66440000E-002</data>
</auxiliary>
<auxiliary keyword="CHEB">
<data>-1.24850000E-001</data>
<data>-1.36000000E-001</data>
<data>-1.00360000E-003</data>
<data> 1.43080000E-002</data>
</auxiliary>
</reaction>
<reaction formula="C3H6+CH2OH(+M)=C4H8-1+OH(+M)">
<rate A=" 1.00000000E+000" B=" 0.00000000E+000" E=" 0.00000000E+000"/>
<auxiliary keyword="TCHEB">
<data> 3.00000000E+002</data>
<data> 2.10000000E+003</data>
</auxiliary>
<auxiliary keyword="PCHEB">
<data> 9.86923267E-003</data>
<data> 9.86923267E+001</data>
</auxiliary>
<auxiliary keyword="CHEB">
<data>     4</data>
<data>     4</data>
</auxiliary>
<auxiliary keyword="CHEB">
<data> 1.09610000E+000</data>
<data>-1.49000000E+000</data>
<data>-3.18140000E-001</data>
<data>-2.59570000E-003</data>
</auxiliary>
<auxiliary keyword="CHEB">
<data> 6.65420000E+000</data>
<data> 1.49060000E+000</data>
<data> 2.05600000E-001</data>
<data>-4.42590000E-002</data>
</auxiliary>
<auxiliary keyword="CHEB">
<data>-2.07600000E-002</data>
<data> 1.10490000E-001</data>
<data> 9.11280000E-002</data>
<data> 1.53900000E-002</data>
</auxiliary>
<auxiliary keyword="CHEB">
<data>-1.39090000E-001</data>
<data>-1.39650000E-001</data>
<data> 2.78640000E-003</data>
<data> 1.43900000E-002</data>
</auxiliary>
</reaction>
<reaction formula="C3H6+CH2OH(+M)=C2H5+C2H4O(+M)">
<rate A=" 1.00000000E+000" B=" 0.00000000E+000" E=" 0.00000000E+000"/>
<auxiliary keyword="TCHEB">
<data> 3.00000000E+002</data>
<data> 2.10000000E+003</data>
</auxiliary>
<auxiliary keyword="PCHEB">
<data> 9.86923267E-003</data>
<data> 9.86923267E+001</data>
</auxiliary>
<auxiliary keyword="CHEB">
<data>     4</data>
<data>     4</data>
</auxiliary>
<auxiliary keyword="CHEB">
<data> 3.16230000E+000</data>
<data>-1.94760000E+000</data>
<data>-3.04040000E-001</data>
<data> 9.15610000E-003</data>
</auxiliary>
<auxiliary keyword="CHEB">
<data> 5.88500000E+000</data>
<data> 1.83840000E+000</data>
<data> 1.01710000E-001</data>
<data>-7.20590000E-002</data>
</auxiliary>
<auxiliary keyword="CHEB">
<data> 3.46770000E-003</data>
<data> 2.33380000E-001</data>
<data> 1.46600000E-001</data>
<data> 1.56160000E-002</data>
</auxiliary>
<auxiliary keyword="CHEB">
<data>-2.43680000E-001</data>
<data>-1.63930000E-001</data>
<data> 2.57840000E-002</data>
<data> 2.32980000E-002</data>
</auxiliary>
</reaction>
<reaction formula="C3H6+CH2OH(+M)=nC4H8O+H(+M)">
<rate A=" 1.00000000E+000" B=" 0.00000000E+000" E=" 0.00000000E+000"/>
<auxiliary keyword="TCHEB">
<data> 3.00000000E+002</data>
<data> 2.10000000E+003</data>
</auxiliary>
<auxiliary keyword="PCHEB">
<data> 9.86923267E-003</data>
<data> 9.86923267E+001</data>
</auxiliary>
<auxiliary keyword="CHEB">
<data>     4</data>
<data>     4</data>
</auxiliary>
<auxiliary keyword="CHEB">
<data> 2.95350000E+000</data>
<data>-1.92390000E+000</data>
<data>-3.06430000E-001</data>
<data> 8.38640000E-003</data>
</auxiliary>
<auxiliary keyword="CHEB">
<data> 6.00560000E+000</data>
<data> 1.83190000E+000</data>
<data> 1.08420000E-001</data>
<data>-7.13120000E-002</data>
</auxiliary>
<auxiliary keyword="CHEB">
<data> 2.37390000E-002</data>
<data> 2.19860000E-001</data>
<data> 1.47790000E-001</data>
<data> 1.65520000E-002</data>
</auxiliary>
<auxiliary keyword="CHEB">
<data>-2.35150000E-001</data>
<data>-1.65630000E-001</data>
<data> 2.29380000E-002</data>
<data> 2.35580000E-002</data>
</auxiliary>
</reaction>
<reaction formula="C3H6+CH2OH(+M)=CH2O+C3H7-1(+M)">
<rate A=" 1.00000000E+000" B=" 0.00000000E+000" E=" 0.00000000E+000"/>
<auxiliary keyword="TCHEB">
<data> 3.00000000E+002</data>
<data> 2.10000000E+003</data>
</auxiliary>
<auxiliary keyword="PCHEB">
<data> 9.86923267E-003</data>
<data> 9.86923267E+001</data>
</auxiliary>
<auxiliary keyword="CHEB">
<data>     4</data>
<data>     4</data>
</auxiliary>
<auxiliary keyword="CHEB">
<data> 1.73900000E+000</data>
<data>-1.26540000E+000</data>
<data>-1.45750000E-001</data>
<data>-6.17590000E-003</data>
</auxiliary>
<auxiliary keyword="CHEB">
<data> 5.14160000E+000</data>
<data> 1.10730000E+000</data>
<data>-4.57390000E-004</data>
<data>-1.66350000E-002</data>
</auxiliary>
<auxiliary keyword="CHEB">
<data> 7.74330000E-002</data>
<data> 2.28250000E-001</data>
<data> 7.29590000E-002</data>
<data>-1.95710000E-002</data>
</auxiliary>
<auxiliary keyword="CHEB">
<data>-1.45320000E-001</data>
<data>-7.89150000E-002</data>
<data> 5.16950000E-002</data>
<data> 1.72000000E-002</data>
</auxiliary>
</reaction>
<reaction formula="C2H4+C2H5O-1(+M)=CH3+C3H6O-enol2(+M)">
<rate A=" 1.00000000E+000" B=" 0.00000000E+000" E=" 0.00000000E+000"/>
<auxiliary keyword="TCHEB">
<data> 3.00000000E+002</data>
<data> 2.10000000E+003</data>
</auxiliary>
<auxiliary keyword="PCHEB">
<data> 9.86923267E-003</data>
<data> 9.86923267E+001</data>
</auxiliary>
<auxiliary keyword="CHEB">
<data>     4</data>
<data>     4</data>
</auxiliary>
<auxiliary keyword="CHEB">
<data> 1.96240000E+000</data>
<data>-1.51740000E+000</data>
<data>-3.48520000E-001</data>
<data> 3.06450000E-003</data>
</auxiliary>
<auxiliary keyword="CHEB">
<data> 6.12060000E+000</data>
<data> 1.46520000E+000</data>
<data> 2.15900000E-001</data>
<data>-5.98490000E-002</data>
</auxiliary>
<auxiliary keyword="CHEB">
<data> 1.52510000E-001</data>
<data> 1.23770000E-001</data>
<data> 8.97780000E-002</data>
<data> 1.62610000E-002</data>
</auxiliary>
<auxiliary keyword="CHEB">
<data>-1.12260000E-001</data>
<data>-1.37510000E-001</data>
<data> 2.74750000E-003</data>
<data> 1.71750000E-002</data>
</auxiliary>
</reaction>
<reaction formula="C2H4+C2H5O-1(+M)=C4H8-1+OH(+M)">
<rate A=" 1.00000000E+000" B=" 0.00000000E+000" E=" 0.00000000E+000"/>
<auxiliary keyword="TCHEB">
<data> 3.00000000E+002</data>
<data> 2.10000000E+003</data>
</auxiliary>
<auxiliary keyword="PCHEB">
<data> 9.86923267E-003</data>
<data> 9.86923267E+001</data>
</auxiliary>
<auxiliary keyword="CHEB">
<data>     4</data>
<data>     4</data>
</auxiliary>
<auxiliary keyword="CHEB">
<data> 1.82980000E+000</data>
<data>-1.56880000E+000</data>
<data>-3.53020000E-001</data>
<data> 6.92040000E-003</data>
</auxiliary>
<auxiliary keyword="CHEB">
<data> 5.83770000E+000</data>
<data> 1.47960000E+000</data>
<data> 2.11820000E-001</data>
<data>-6.31340000E-002</data>
</auxiliary>
<auxiliary keyword="CHEB">
<data> 8.64250000E-002</data>
<data> 1.59920000E-001</data>
<data> 9.10370000E-002</data>
<data> 1.28360000E-002</data>
</auxiliary>
<auxiliary keyword="CHEB">
<data>-1.24110000E-001</data>
<data>-1.39680000E-001</data>
<data> 4.56900000E-003</data>
<data> 1.77040000E-002</data>
</auxiliary>
</reaction>
<reaction formula="C2H4+C2H5O-1(+M)=C2H5+C2H4O(+M)">
<rate A=" 1.00000000E+000" B=" 0.00000000E+000" E=" 0.00000000E+000"/>
<auxiliary keyword="TCHEB">
<data> 3.00000000E+002</data>
<data> 2.10000000E+003</data>
</auxiliary>
<auxiliary keyword="PCHEB">
<data> 9.86923267E-003</data>
<data> 9.86923267E+001</data>
</auxiliary>
<auxiliary keyword="CHEB">
<data>     4</data>
<data>     4</data>
</auxiliary>
<auxiliary keyword="CHEB">
<data> 4.67110000E+000</data>
<data>-2.18100000E+000</data>
<data>-3.01450000E-001</data>
<data> 2.17850000E-002</data>
</auxiliary>
<auxiliary keyword="CHEB">
<data> 4.14480000E+000</data>
<data> 1.81510000E+000</data>
<data> 4.02630000E-002</data>
<data>-8.21080000E-002</data>
</auxiliary>
<auxiliary keyword="CHEB">
<data>-1.86410000E-002</data>
<data> 3.81210000E-001</data>
<data> 1.37530000E-001</data>
<data>-2.08470000E-003</data>
</auxiliary>
<auxiliary keyword="CHEB">
<data>-2.23510000E-001</data>
<data>-1.02390000E-001</data>
<data> 4.82500000E-002</data>
<data> 2.24480000E-002</data>
</auxiliary>
</reaction>
<reaction formula="C2H4+C2H5O-1(+M)=nC4H8O+H(+M)">
<rate A=" 1.00000000E+000" B=" 0.00000000E+000" E=" 0.00000000E+000"/>
<auxiliary keyword="TCHEB">
<data> 3.00000000E+002</data>
<data> 2.10000000E+003</data>
</auxiliary>
<auxiliary keyword="PCHEB">
<data> 9.86923267E-003</data>
<data> 9.86923267E+001</data>
</auxiliary>
<auxiliary keyword="CHEB">
<data>     4</data>
<data>     4</data>
</auxiliary>
<auxiliary keyword="CHEB">
<data> 4.42360000E+000</data>
<data>-2.14890000E+000</data>
<data>-3.06290000E-001</data>
<data> 2.13010000E-002</data>
</auxiliary>
<auxiliary keyword="CHEB">
<data> 4.28400000E+000</data>
<data> 1.81370000E+000</data>
<data> 4.96290000E-002</data>
<data>-8.28790000E-002</data>
</auxiliary>
<auxiliary keyword="CHEB">
<data> 9.83460000E-003</data>
<data> 3.63560000E-001</data>
<data> 1.40340000E-001</data>
<data>-6.48320000E-004</data>
</auxiliary>
<auxiliary keyword="CHEB">
<data>-2.10520000E-001</data>
<data>-1.09840000E-001</data>
<data> 4.57210000E-002</data>
<data> 2.33780000E-002</data>
</auxiliary>
</reaction>
<reaction formula="C2H4+C2H5O-1(+M)=CH2O+C3H7-1(+M)">
<rate A=" 1.00000000E+000" B=" 0.00000000E+000" E=" 0.00000000E+000"/>
<auxiliary keyword="TCHEB">
<data> 3.00000000E+002</data>
<data> 2.10000000E+003</data>
</auxiliary>
<auxiliary keyword="PCHEB">
<data> 9.86923267E-003</data>
<data> 9.86923267E+001</data>
</auxiliary>
<auxiliary keyword="CHEB">
<data>     4</data>
<data>     4</data>
</auxiliary>
<auxiliary keyword="CHEB">
<data>-1.15440000E+000</data>
<data>-1.92400000E+000</data>
<data>-3.36020000E-001</data>
<data> 1.84450000E-003</data>
</auxiliary>
<auxiliary keyword="CHEB">
<data> 7.39480000E+000</data>
<data> 1.84470000E+000</data>
<data> 1.02830000E-001</data>
<data>-7.14810000E-002</data>
</auxiliary>
<auxiliary keyword="CHEB">
<data> 3.47180000E-001</data>
<data> 1.79530000E-001</data>
<data> 1.81720000E-001</data>
<data> 5.83040000E-003</data>
</auxiliary>
<auxiliary keyword="CHEB">
<data>-1.49160000E-001</data>
<data>-1.57680000E-001</data>
<data> 1.89350000E-002</data>
<data> 3.82950000E-002</data>
</auxiliary>
</reaction>
<reaction formula="CH3+C3H6O-enol2(+M)=C4H8-1+OH(+M)">
<rate A=" 1.00000000E+000" B=" 0.00000000E+000" E=" 0.00000000E+000"/>
<auxiliary keyword="TCHEB">
<data> 3.00000000E+002</data>
<data> 2.10000000E+003</data>
</auxiliary>
<auxiliary keyword="PCHEB">
<data> 9.86923267E-003</data>
<data> 9.86923267E+001</data>
</auxiliary>
<auxiliary keyword="CHEB">
<data>     4</data>
<data>     4</data>
</auxiliary>
<auxiliary keyword="CHEB">
<data> 8.61030000E+000</data>
<data>-7.52320000E-001</data>
<data>-1.88230000E-001</data>
<data> 1.39260000E-002</data>
</auxiliary>
<auxiliary keyword="CHEB">
<data> 3.37660000E+000</data>
<data> 8.16260000E-001</data>
<data> 1.61150000E-001</data>
<data>-3.90030000E-002</data>
</auxiliary>
<auxiliary keyword="CHEB">
<data>-6.46240000E-002</data>
<data> 5.62130000E-002</data>
<data> 5.95800000E-002</data>
<data> 2.01330000E-002</data>
</auxiliary>
<auxiliary keyword="CHEB">
<data>-8.37920000E-002</data>
<data>-1.08360000E-001</data>
<data>-1.87970000E-002</data>
<data> 1.08480000E-002</data>
</auxiliary>
</reaction>
<reaction formula="CH3+C3H6O-enol2(+M)=C2H5+C2H4O(+M)">
<rate A=" 1.00000000E+000" B=" 0.00000000E+000" E=" 0.00000000E+000"/>
<auxiliary keyword="TCHEB">
<data> 3.00000000E+002</data>
<data> 2.10000000E+003</data>
</auxiliary>
<auxiliary keyword="PCHEB">
<data> 9.86923267E-003</data>
<data> 9.86923267E+001</data>
</auxiliary>
<auxiliary keyword="CHEB">
<data>     4</data>
<data>     4</data>
</auxiliary>
<auxiliary keyword="CHEB">
<data> 3.72860000E+000</data>
<data>-1.08600000E+000</data>
<data>-3.76210000E-001</data>
<data>-3.33020000E-002</data>
</auxiliary>
<auxiliary keyword="CHEB">
<data> 5.79750000E+000</data>
<data> 1.17930000E+000</data>
<data> 3.45530000E-001</data>
<data>-7.68840000E-003</data>
</auxiliary>
<auxiliary keyword="CHEB">
<data> 1.18830000E-001</data>
<data> 2.61550000E-002</data>
<data> 6.66460000E-002</data>
<data> 3.45540000E-002</data>
</auxiliary>
<auxiliary keyword="CHEB">
<data>-7.36590000E-002</data>
<data>-1.45860000E-001</data>
<data>-4.38860000E-002</data>
<data> 5.77990000E-003</data>
</auxiliary>
</reaction>
<reaction formula="CH3+C3H6O-enol2(+M)=nC4H8O+H(+M)">
<rate A=" 1.00000000E+000" B=" 0.00000000E+000" E=" 0.00000000E+000"/>
<auxiliary keyword="TCHEB">
<data> 3.00000000E+002</data>
<data> 2.10000000E+003</data>
</auxiliary>
<auxiliary keyword="PCHEB">
<data> 9.86923267E-003</data>
<data> 9.86923267E+001</data>
</auxiliary>
<auxiliary keyword="CHEB">
<data>     4</data>
<data>     4</data>
</auxiliary>
<auxiliary keyword="CHEB">
<data> 3.54790000E+000</data>
<data>-1.07600000E+000</data>
<data>-3.73850000E-001</data>
<data>-3.34800000E-002</data>
</auxiliary>
<auxiliary keyword="CHEB">
<data> 5.88340000E+000</data>
<data> 1.17630000E+000</data>
<data> 3.46570000E-001</data>
<data>-6.92480000E-003</data>
</auxiliary>
<auxiliary keyword="CHEB">
<data> 1.50170000E-001</data>
<data> 1.84170000E-002</data>
<data> 6.40020000E-002</data>
<data> 3.48370000E-002</data>
</auxiliary>
<auxiliary keyword="CHEB">
<data>-6.56190000E-002</data>
<data>-1.45970000E-001</data>
<data>-4.45620000E-002</data>
<data> 5.26480000E-003</data>
</auxiliary>
</reaction>
<reaction formula="CH3+C3H6O-enol2(+M)=CH2O+C3H7-1(+M)">
<rate A=" 1.00000000E+000" B=" 0.00000000E+000" E=" 0.00000000E+000"/>
<auxiliary keyword="TCHEB">
<data> 3.00000000E+002</data>
<data> 2.10000000E+003</data>
</auxiliary>
<auxiliary keyword="PCHEB">
<data> 9.86923267E-003</data>
<data> 9.86923267E+001</data>
</auxiliary>
<auxiliary keyword="CHEB">
<data>     4</data>
<data>     4</data>
</auxiliary>
<auxiliary keyword="CHEB">
<data> 8.23720000E-001</data>
<data>-4.84800000E-001</data>
<data>-8.62060000E-002</data>
<data>-3.64550000E-002</data>
</auxiliary>
<auxiliary keyword="CHEB">
<data> 6.68200000E+000</data>
<data> 6.09440000E-001</data>
<data> 5.96100000E-002</data>
<data> 3.23260000E-002</data>
</auxiliary>
<auxiliary keyword="CHEB">
<data> 2.03940000E-001</data>
<data>-1.23830000E-001</data>
<data> 4.74050000E-002</data>
<data> 1.04540000E-002</data>
</auxiliary>
<auxiliary keyword="CHEB">
<data> 8.96520000E-003</data>
<data>-8.25410000E-003</data>
<data>-2.75760000E-002</data>
<data>-1.11950000E-002</data>
</auxiliary>
</reaction>
<reaction formula="C4H8-1+OH(+M)=C2H5+C2H4O(+M)">
<rate A=" 1.00000000E+000" B=" 0.00000000E+000" E=" 0.00000000E+000"/>
<auxiliary keyword="TCHEB">
<data> 3.00000000E+002</data>
<data> 2.10000000E+003</data>
</auxiliary>
<auxiliary keyword="PCHEB">
<data> 9.86923267E-003</data>
<data> 9.86923267E+001</data>
</auxiliary>
<auxiliary keyword="CHEB">
<data>     4</data>
<data>     4</data>
</auxiliary>
<auxiliary keyword="CHEB">
<data> 5.99820000E+000</data>
<data>-1.12220000E+000</data>
<data>-3.83310000E-001</data>
<data>-3.19090000E-002</data>
</auxiliary>
<auxiliary keyword="CHEB">
<data> 4.13370000E+000</data>
<data> 1.19400000E+000</data>
<data> 3.42540000E-001</data>
<data>-1.03110000E-002</data>
</auxiliary>
<auxiliary keyword="CHEB">
<data>-2.51420000E-002</data>
<data> 5.25580000E-002</data>
<data> 7.51870000E-002</data>
<data> 3.31610000E-002</data>
</auxiliary>
<auxiliary keyword="CHEB">
<data>-1.22930000E-001</data>
<data>-1.46960000E-001</data>
<data>-4.20820000E-002</data>
<data> 7.39270000E-003</data>
</auxiliary>
</reaction>
<reaction formula="C4H8-1+OH(+M)=nC4H8O+H(+M)">
<rate A=" 1.00000000E+000" B=" 0.00000000E+000" E=" 0.00000000E+000"/>
<auxiliary keyword="TCHEB">
<data> 3.00000000E+002</data>
<data> 2.10000000E+003</data>
</auxiliary>
<auxiliary keyword="PCHEB">
<data> 9.86923267E-003</data>
<data> 9.86923267E+001</data>
</auxiliary>
<auxiliary keyword="CHEB">
<data>     4</data>
<data>     4</data>
</auxiliary>
<auxiliary keyword="CHEB">
<data> 5.81380000E+000</data>
<data>-1.11220000E+000</data>
<data>-3.80960000E-001</data>
<data>-3.19990000E-002</data>
</auxiliary>
<auxiliary keyword="CHEB">
<data> 4.21810000E+000</data>
<data> 1.19220000E+000</data>
<data> 3.44040000E-001</data>
<data>-9.62230000E-003</data>
</auxiliary>
<auxiliary keyword="CHEB">
<data> 7.95330000E-003</data>
<data> 4.44990000E-002</data>
<data> 7.24260000E-002</data>
<data> 3.34660000E-002</data>
</auxiliary>
<auxiliary keyword="CHEB">
<data>-1.14000000E-001</data>
<data>-1.48090000E-001</data>
<data>-4.30540000E-002</data>
<data> 6.93420000E-003</data>
</auxiliary>
</reaction>
<reaction formula="C4H8-1+OH(+M)=CH2O+C3H7-1(+M)">
<rate A=" 1.00000000E+000" B=" 0.00000000E+000" E=" 0.00000000E+000"/>
<auxiliary keyword="TCHEB">
<data> 3.00000000E+002</data>
<data> 2.10000000E+003</data>
</auxiliary>
<auxiliary keyword="PCHEB">
<data> 9.86923267E-003</data>
<data> 9.86923267E+001</data>
</auxiliary>
<auxiliary keyword="CHEB">
<data>     4</data>
<data>     4</data>
</auxiliary>
<auxiliary keyword="CHEB">
<data> 3.01900000E+000</data>
<data>-5.29530000E-001</data>
<data>-7.87250000E-002</data>
<data>-3.31500000E-002</data>
</auxiliary>
<auxiliary keyword="CHEB">
<data> 5.05660000E+000</data>
<data> 6.68980000E-001</data>
<data> 4.67120000E-002</data>
<data> 2.52050000E-002</data>
</auxiliary>
<auxiliary keyword="CHEB">
<data> 7.80210000E-002</data>
<data>-1.41500000E-001</data>
<data> 5.11130000E-002</data>
<data> 1.63280000E-002</data>
</auxiliary>
<auxiliary keyword="CHEB">
<data>-4.68100000E-002</data>
<data>-5.53650000E-003</data>
<data>-2.44450000E-002</data>
<data>-1.37590000E-002</data>
</auxiliary>
</reaction>
<reaction formula="C2H5+C2H4O(+M)=nC4H8O+H(+M)">
<rate A=" 1.00000000E+000" B=" 0.00000000E+000" E=" 0.00000000E+000"/>
<auxiliary keyword="TCHEB">
<data> 3.00000000E+002</data>
<data> 2.10000000E+003</data>
</auxiliary>
<auxiliary keyword="PCHEB">
<data> 9.86923267E-003</data>
<data> 9.86923267E+001</data>
</auxiliary>
<auxiliary keyword="CHEB">
<data>     4</data>
<data>     4</data>
</auxiliary>
<auxiliary keyword="CHEB">
<data> 5.97530000E+000</data>
<data>-1.15450000E+000</data>
<data>-1.15040000E-001</data>
<data> 8.44810000E-003</data>
</auxiliary>
<auxiliary keyword="CHEB">
<data> 3.52520000E+000</data>
<data> 1.06440000E+000</data>
<data>-1.15120000E-002</data>
<data>-3.62930000E-002</data>
</auxiliary>
<auxiliary keyword="CHEB">
<data> 1.13040000E-001</data>
<data> 2.09250000E-001</data>
<data> 8.89980000E-002</data>
<data>-2.61510000E-003</data>
</auxiliary>
<auxiliary keyword="CHEB">
<data>-1.88060000E-001</data>
<data>-1.08260000E-001</data>
<data> 3.85140000E-002</data>
<data> 1.86670000E-002</data>
</auxiliary>
</reaction>
<reaction formula="C2H5+C2H4O(+M)=CH2O+C3H7-1(+M)">
<rate A=" 1.00000000E+000" B=" 0.00000000E+000" E=" 0.00000000E+000"/>
<auxiliary keyword="TCHEB">
<data> 3.00000000E+002</data>
<data> 2.10000000E+003</data>
</auxiliary>
<auxiliary keyword="PCHEB">
<data> 9.86923267E-003</data>
<data> 9.86923267E+001</data>
</auxiliary>
<auxiliary keyword="CHEB">
<data>     4</data>
<data>     4</data>
</auxiliary>
<auxiliary keyword="CHEB">
<data>-1.41420000E+000</data>
<data>-1.06610000E+000</data>
<data>-1.07830000E-001</data>
<data>-1.42760000E-002</data>
</auxiliary>
<auxiliary keyword="CHEB">
<data> 7.46610000E+000</data>
<data> 1.07710000E+000</data>
<data>-2.14680000E-002</data>
<data>-1.57140000E-002</data>
</auxiliary>
<auxiliary keyword="CHEB">
<data> 1.84790000E-001</data>
<data> 2.29920000E-003</data>
<data> 9.56380000E-002</data>
<data> 8.91390000E-003</data>
</auxiliary>
<auxiliary keyword="CHEB">
<data>-9.50910000E-002</data>
<data>-3.79170000E-002</data>
<data> 1.10630000E-002</data>
<data> 1.23910000E-003</data>
</auxiliary>
</reaction>
<reaction formula="nC4H8O+H(+M)=CH2O+C3H7-1(+M)">
<rate A=" 1.00000000E+000" B=" 0.00000000E+000" E=" 0.00000000E+000"/>
<auxiliary keyword="TCHEB">
<data> 3.00000000E+002</data>
<data> 2.10000000E+003</data>
</auxiliary>
<auxiliary keyword="PCHEB">
<data> 9.86923267E-003</data>
<data> 9.86923267E+001</data>
</auxiliary>
<auxiliary keyword="CHEB">
<data>     4</data>
<data>     4</data>
</auxiliary>
<auxiliary keyword="CHEB">
<data> 6.67140000E+000</data>
<data>-5.08680000E-002</data>
<data>-3.51990000E-002</data>
<data>-1.63640000E-002</data>
</auxiliary>
<auxiliary keyword="CHEB">
<data> 3.50300000E+000</data>
<data> 6.58280000E-002</data>
<data> 4.55860000E-002</data>
<data> 2.11430000E-002</data>
</auxiliary>
<auxiliary keyword="CHEB">
<data> 4.11550000E-003</data>
<data>-1.34230000E-002</data>
<data>-8.83790000E-003</data>
<data>-3.78120000E-003</data>
</auxiliary>
<auxiliary keyword="CHEB">
<data> 1.87980000E-002</data>
<data>-5.76740000E-003</data>
<data>-4.41450000E-003</data>
<data>-2.27300000E-003</data>
</auxiliary>
</reaction>
<reaction formula="C2H4+C4H9O-2(+M)=C3H6+C3H7O-N1(+M)">
<rate A=" 1.00000000E+000" B=" 0.00000000E+000" E=" 0.00000000E+000"/>
<auxiliary keyword="TCHEB">
<data> 3.00000000E+002</data>
<data> 2.10000000E+003</data>
</auxiliary>
<auxiliary keyword="PCHEB">
<data> 9.86923267E-003</data>
<data> 9.86923267E+001</data>
</auxiliary>
<auxiliary keyword="CHEB">
<data>     4</data>
<data>     4</data>
</auxiliary>
<auxiliary keyword="CHEB">
<data>-8.42460000E+000</data>
<data>-8.80540000E-001</data>
<data>-2.46410000E-001</data>
<data> 4.56180000E-003</data>
</auxiliary>
<auxiliary keyword="CHEB">
<data> 1.50320000E+001</data>
<data> 7.14330000E-001</data>
<data> 8.68450000E-002</data>
<data>-7.38680000E-002</data>
</auxiliary>
<auxiliary keyword="CHEB">
<data> 2.15750000E-001</data>
<data> 1.01210000E-001</data>
<data> 6.82900000E-002</data>
<data> 9.57330000E-003</data>
</auxiliary>
<auxiliary keyword="CHEB">
<data> 8.63810000E-003</data>
<data>-6.35890000E-002</data>
<data> 1.03130000E-002</data>
<data> 2.16590000E-002</data>
</auxiliary>
</reaction>
<reaction formula="C2H4+C4H9O-3(+M)=C4H8-1+C2H5O-1(+M)">
<rate A=" 1.00000000E+000" B=" 0.00000000E+000" E=" 0.00000000E+000"/>
<auxiliary keyword="TCHEB">
<data> 3.00000000E+002</data>
<data> 2.10000000E+003</data>
</auxiliary>
<auxiliary keyword="PCHEB">
<data> 9.86923267E-003</data>
<data> 9.86923267E+001</data>
</auxiliary>
<auxiliary keyword="CHEB">
<data>     4</data>
<data>     4</data>
</auxiliary>
<auxiliary keyword="CHEB">
<data>-7.40600000E+000</data>
<data>-3.42890000E-002</data>
<data>-2.42840000E-002</data>
<data>-1.16010000E-002</data>
</auxiliary>
<auxiliary keyword="CHEB">
<data> 1.43150000E+001</data>
<data> 4.63030000E-002</data>
<data> 3.26330000E-002</data>
<data> 1.54930000E-002</data>
</auxiliary>
<auxiliary keyword="CHEB">
<data> 2.10540000E-001</data>
<data>-1.03420000E-002</data>
<data>-7.04600000E-003</data>
<data>-3.19980000E-003</data>
</auxiliary>
<auxiliary keyword="CHEB">
<data> 7.30150000E-002</data>
<data>-3.68650000E-003</data>
<data>-2.74830000E-003</data>
<data>-1.39470000E-003</data>
</auxiliary>
</reaction>
<reaction formula="C4H9O-3+C2H5(+M)=C4H8-1+C2H5OH(+M)">
<rate A=" 1.00000000E+000" B=" 0.00000000E+000" E=" 0.00000000E+000"/>
<auxiliary keyword="TCHEB">
<data> 3.00000000E+002</data>
<data> 2.10000000E+003</data>
</auxiliary>
<auxiliary keyword="PCHEB">
<data> 9.86923267E-003</data>
<data> 9.86923267E+001</data>
</auxiliary>
<auxiliary keyword="CHEB">
<data>     4</data>
<data>     4</data>
</auxiliary>
<auxiliary keyword="CHEB">
<data> 9.98060000E+000</data>
<data>-1.44380000E+000</data>
<data>-3.27180000E-002</data>
<data> 1.39440000E-004</data>
</auxiliary>
<auxiliary keyword="CHEB">
<data> 2.16170000E+000</data>
<data> 9.51820000E-001</data>
<data>-5.63090000E-002</data>
<data>-3.78990000E-003</data>
</auxiliary>
<auxiliary keyword="CHEB">
<data> 1.00520000E-001</data>
<data> 5.27310000E-001</data>
<data> 2.22800000E-002</data>
<data>-5.52570000E-003</data>
</auxiliary>
<auxiliary keyword="CHEB">
<data>-4.43940000E-001</data>
<data> 1.11970000E-001</data>
<data> 5.19590000E-002</data>
<data>-5.28810000E-004</data>
</auxiliary>
</reaction>
<reaction formula="C4H9O-3+CH2OH(+M)=C3H6O-enol2+C2H5OH(+M)">
<rate A=" 1.00000000E+000" B=" 0.00000000E+000" E=" 0.00000000E+000"/>
<auxiliary keyword="TCHEB">
<data> 3.00000000E+002</data>
<data> 2.10000000E+003</data>
</auxiliary>
<auxiliary keyword="PCHEB">
<data> 9.86923267E-003</data>
<data> 9.86923267E+001</data>
</auxiliary>
<auxiliary keyword="CHEB">
<data>     4</data>
<data>     4</data>
</auxiliary>
<auxiliary keyword="CHEB">
<data> 9.78370000E+000</data>
<data>-1.46820000E+000</data>
<data>-3.63390000E-002</data>
<data> 2.61090000E-005</data>
</auxiliary>
<auxiliary keyword="CHEB">
<data> 2.11890000E+000</data>
<data> 9.03810000E-001</data>
<data>-6.47720000E-002</data>
<data>-3.80160000E-003</data>
</auxiliary>
<auxiliary keyword="CHEB">
<data> 2.13210000E-001</data>
<data> 5.34640000E-001</data>
<data> 1.82790000E-002</data>
<data>-6.87970000E-003</data>
</auxiliary>
<auxiliary keyword="CHEB">
<data>-3.57950000E-001</data>
<data> 1.49010000E-001</data>
<data> 5.39380000E-002</data>
<data>-2.14930000E-003</data>
</auxiliary>
</reaction>
<reaction formula="C4H9O-3+CH3(+M)=C3H6+C2H5OH(+M)">
<rate A=" 1.00000000E+000" B=" 0.00000000E+000" E=" 0.00000000E+000"/>
<auxiliary keyword="TCHEB">
<data> 3.00000000E+002</data>
<data> 2.10000000E+003</data>
</auxiliary>
<auxiliary keyword="PCHEB">
<data> 9.86923267E-003</data>
<data> 9.86923267E+001</data>
</auxiliary>
<auxiliary keyword="CHEB">
<data>     4</data>
<data>     4</data>
</auxiliary>
<auxiliary keyword="CHEB">
<data> 1.06020000E+001</data>
<data>-1.46630000E+000</data>
<data>-3.85600000E-002</data>
<data> 9.54720000E-004</data>
</auxiliary>
<auxiliary keyword="CHEB">
<data> 1.92690000E+000</data>
<data> 9.04210000E-001</data>
<data>-6.65500000E-002</data>
<data>-2.90600000E-003</data>
</auxiliary>
<auxiliary keyword="CHEB">
<data> 1.78990000E-001</data>
<data> 5.26780000E-001</data>
<data> 1.98020000E-002</data>
<data>-7.77730000E-003</data>
</auxiliary>
<auxiliary keyword="CHEB">
<data>-3.44450000E-001</data>
<data> 1.42370000E-001</data>
<data> 5.50590000E-002</data>
<data>-3.16190000E-003</data>
</auxiliary>
</reaction>
<reaction formula="C4H9O-3+CH3(+M)=C4H8-1+CH3OH(+M)">
<rate A=" 1.00000000E+000" B=" 0.00000000E+000" E=" 0.00000000E+000"/>
<auxiliary keyword="TCHEB">
<data> 3.00000000E+002</data>
<data> 2.10000000E+003</data>
</auxiliary>
<auxiliary keyword="PCHEB">
<data> 9.86923267E-003</data>
<data> 9.86923267E+001</data>
</auxiliary>
<auxiliary keyword="CHEB">
<data>     4</data>
<data>     4</data>
</auxiliary>
<auxiliary keyword="CHEB">
<data> 1.00740000E+001</data>
<data>-1.45600000E+000</data>
<data>-3.88220000E-002</data>
<data> 1.03630000E-003</data>
</auxiliary>
<auxiliary keyword="CHEB">
<data> 2.10390000E+000</data>
<data> 9.22450000E-001</data>
<data>-6.57630000E-002</data>
<data>-3.27520000E-003</data>
</auxiliary>
<auxiliary keyword="CHEB">
<data> 2.16760000E-001</data>
<data> 5.23620000E-001</data>
<data> 2.26870000E-002</data>
<data>-7.87050000E-003</data>
</auxiliary>
<auxiliary keyword="CHEB">
<data>-3.37100000E-001</data>
<data> 1.29220000E-001</data>
<data> 5.67210000E-002</data>
<data>-2.65490000E-003</data>
</auxiliary>
</reaction>
<reaction formula="C3H6+C2H5OH(+M)=C4H8-1+CH3OH(+M)">
<rate A=" 1.00000000E+000" B=" 0.00000000E+000" E=" 0.00000000E+000"/>
<auxiliary keyword="TCHEB">
<data> 3.00000000E+002</data>
<data> 2.10000000E+003</data>
</auxiliary>
<auxiliary keyword="PCHEB">
<data> 9.86923267E-003</data>
<data> 9.86923267E+001</data>
</auxiliary>
<auxiliary keyword="CHEB">
<data>     4</data>
<data>     4</data>
</auxiliary>
<auxiliary keyword="CHEB">
<data>-1.44630000E+001</data>
<data>-1.58460000E+000</data>
<data>-3.00520000E-002</data>
<data> 6.45810000E-005</data>
</auxiliary>
<auxiliary keyword="CHEB">
<data> 1.90160000E+001</data>
<data> 6.86340000E-001</data>
<data>-5.85560000E-002</data>
<data> 5.06240000E-005</data>
</auxiliary>
<auxiliary keyword="CHEB">
<data> 5.11590000E-001</data>
<data> 5.22220000E-001</data>
<data>-7.82030000E-003</data>
<data>-4.12400000E-003</data>
</auxiliary>
<auxiliary keyword="CHEB">
<data>-3.90100000E-001</data>
<data> 2.58920000E-001</data>
<data> 2.66660000E-002</data>
<data>-4.40140000E-003</data>
</auxiliary>
</reaction>
<reaction formula="C4H9O-3+OH(+M)=C2H4O+C2H5OH(+M)">
<rate A=" 1.00000000E+000" B=" 0.00000000E+000" E=" 0.00000000E+000"/>
<auxiliary keyword="TCHEB">
<data> 3.00000000E+002</data>
<data> 2.10000000E+003</data>
</auxiliary>
<auxiliary keyword="PCHEB">
<data> 9.86923267E-003</data>
<data> 9.86923267E+001</data>
</auxiliary>
<auxiliary keyword="CHEB">
<data>     4</data>
<data>     4</data>
</auxiliary>
<auxiliary keyword="CHEB">
<data> 1.07230000E+001</data>
<data>-1.51180000E+000</data>
<data>-7.15440000E-002</data>
<data> 3.32580000E-003</data>
</auxiliary>
<auxiliary keyword="CHEB">
<data> 2.05350000E+000</data>
<data> 7.95640000E-001</data>
<data>-1.15270000E-001</data>
<data>-4.81410000E-003</data>
</auxiliary>
<auxiliary keyword="CHEB">
<data> 4.48990000E-001</data>
<data> 4.94970000E-001</data>
<data> 9.77090000E-003</data>
<data>-2.17050000E-002</data>
</auxiliary>
<auxiliary keyword="CHEB">
<data>-1.09400000E-001</data>
<data> 1.78710000E-001</data>
<data> 6.84350000E-002</data>
<data>-1.54290000E-002</data>
</auxiliary>
</reaction>
<reaction formula="C4H9O-3+OH(+M)=C3H6O-enol2+CH3OH(+M)">
<rate A=" 1.00000000E+000" B=" 0.00000000E+000" E=" 0.00000000E+000"/>
<auxiliary keyword="TCHEB">
<data> 3.00000000E+002</data>
<data> 2.10000000E+003</data>
</auxiliary>
<auxiliary keyword="PCHEB">
<data> 9.86923267E-003</data>
<data> 9.86923267E+001</data>
</auxiliary>
<auxiliary keyword="CHEB">
<data>     4</data>
<data>     4</data>
</auxiliary>
<auxiliary keyword="CHEB">
<data> 9.79580000E+000</data>
<data>-1.49080000E+000</data>
<data>-7.15180000E-002</data>
<data> 3.60020000E-003</data>
</auxiliary>
<auxiliary keyword="CHEB">
<data> 2.44940000E+000</data>
<data> 8.30830000E-001</data>
<data>-1.12070000E-001</data>
<data>-6.30080000E-003</data>
</auxiliary>
<auxiliary keyword="CHEB">
<data> 5.68400000E-001</data>
<data> 4.94710000E-001</data>
<data> 1.88850000E-002</data>
<data>-2.20630000E-002</data>
</auxiliary>
<auxiliary keyword="CHEB">
<data>-1.01800000E-001</data>
<data> 1.61330000E-001</data>
<data> 7.42490000E-002</data>
<data>-1.34940000E-002</data>
</auxiliary>
</reaction>
<reaction formula="C2H4O+C2H5OH(+M)=C3H6O-enol2+CH3OH(+M)">
<rate A=" 1.00000000E+000" B=" 0.00000000E+000" E=" 0.00000000E+000"/>
<auxiliary keyword="TCHEB">
<data> 3.00000000E+002</data>
<data> 2.10000000E+003</data>
</auxiliary>
<auxiliary keyword="PCHEB">
<data> 9.86923267E-003</data>
<data> 9.86923267E+001</data>
</auxiliary>
<auxiliary keyword="CHEB">
<data>     4</data>
<data>     4</data>
</auxiliary>
<auxiliary keyword="CHEB">
<data>-1.50560000E+001</data>
<data>-1.63870000E+000</data>
<data>-5.72720000E-002</data>
<data> 1.99850000E-004</data>
</auxiliary>
<auxiliary keyword="CHEB">
<data> 1.99860000E+001</data>
<data> 5.85410000E-001</data>
<data>-1.07410000E-001</data>
<data> 2.42470000E-003</data>
</auxiliary>
<auxiliary keyword="CHEB">
<data> 8.97400000E-001</data>
<data> 4.80200000E-001</data>
<data>-3.93370000E-002</data>
<data>-1.13500000E-002</data>
</auxiliary>
<auxiliary keyword="CHEB">
<data>-9.51890000E-002</data>
<data> 2.70100000E-001</data>
<data> 1.85830000E-002</data>
<data>-1.54460000E-002</data>
</auxiliary>
</reaction>
<reaction formula="C3H6+C2H5(+M)=C4H8-1+CH3(+M)">
<rate A=" 1.00000000E+000" B=" 0.00000000E+000" E=" 0.00000000E+000"/>
<auxiliary keyword="TCHEB">
<data> 3.00000000E+002</data>
<data> 2.10000000E+003</data>
</auxiliary>
<auxiliary keyword="PCHEB">
<data> 9.86923267E-003</data>
<data> 9.86923267E+001</data>
</auxiliary>
<auxiliary keyword="CHEB">
<data>     4</data>
<data>     4</data>
</auxiliary>
<auxiliary keyword="CHEB">
<data> 5.90500000E+000</data>
<data>-9.75650000E-001</data>
<data>-1.09890000E-001</data>
<data> 1.21830000E-002</data>
</auxiliary>
<auxiliary keyword="CHEB">
<data> 5.13350000E+000</data>
<data> 1.09740000E+000</data>
<data> 6.20590000E-002</data>
<data>-2.93310000E-002</data>
</auxiliary>
<auxiliary keyword="CHEB">
<data> 9.63070000E-002</data>
<data> 5.44250000E-002</data>
<data> 7.66080000E-002</data>
<data> 9.61020000E-003</data>
</auxiliary>
<auxiliary keyword="CHEB">
<data>-1.03160000E-001</data>
<data>-1.76710000E-001</data>
<data>-9.09780000E-003</data>
<data> 1.38720000E-002</data>
</auxiliary>
</reaction>
<reaction formula="C3H6+CH3(+M)=C4H8-1+H(+M)">
<rate A=" 1.00000000E+000" B=" 0.00000000E+000" E=" 0.00000000E+000"/>
<auxiliary keyword="TCHEB">
<data> 3.00000000E+002</data>
<data> 2.10000000E+003</data>
</auxiliary>
<auxiliary keyword="PCHEB">
<data> 9.86923267E-003</data>
<data> 9.86923267E+001</data>
</auxiliary>
<auxiliary keyword="CHEB">
<data>     4</data>
<data>     4</data>
</auxiliary>
<auxiliary keyword="CHEB">
<data> 5.18550000E+000</data>
<data>-7.02780000E-001</data>
<data>-1.94960000E-001</data>
<data> 1.07790000E-002</data>
</auxiliary>
<auxiliary keyword="CHEB">
<data> 5.24410000E+000</data>
<data> 7.72560000E-001</data>
<data> 1.81770000E-001</data>
<data>-3.19030000E-002</data>
</auxiliary>
<auxiliary keyword="CHEB">
<data> 1.21340000E-001</data>
<data> 5.77840000E-002</data>
<data> 5.21590000E-002</data>
<data> 1.81720000E-002</data>
</auxiliary>
<auxiliary keyword="CHEB">
<data>-1.63630000E-002</data>
<data>-1.18210000E-001</data>
<data>-2.73870000E-002</data>
<data> 8.85150000E-003</data>
</auxiliary>
</reaction>
<reaction formula="C3H6+CH3(+M)=C4H8-2+H(+M)">
<rate A=" 1.00000000E+000" B=" 0.00000000E+000" E=" 0.00000000E+000"/>
<auxiliary keyword="TCHEB">
<data> 3.00000000E+002</data>
<data> 2.10000000E+003</data>
</auxiliary>
<auxiliary keyword="PCHEB">
<data> 9.86923267E-003</data>
<data> 9.86923267E+001</data>
</auxiliary>
<auxiliary keyword="CHEB">
<data>     4</data>
<data>     4</data>
</auxiliary>
<auxiliary keyword="CHEB">
<data> 5.40470000E+000</data>
<data>-8.02980000E-001</data>
<data>-1.83280000E-001</data>
<data> 2.31590000E-002</data>
</auxiliary>
<auxiliary keyword="CHEB">
<data> 4.68570000E+000</data>
<data> 8.69130000E-001</data>
<data> 1.60630000E-001</data>
<data>-4.53790000E-002</data>
</auxiliary>
<auxiliary keyword="CHEB">
<data> 1.36760000E-001</data>
<data> 8.40720000E-002</data>
<data> 5.80810000E-002</data>
<data> 1.41940000E-002</data>
</auxiliary>
<auxiliary keyword="CHEB">
<data>-3.65510000E-002</data>
<data>-1.37390000E-001</data>
<data>-2.18820000E-002</data>
<data> 1.38780000E-002</data>
</auxiliary>
</reaction>
<reaction formula="C4H8-1+H(+M)=C4H8-2+H(+M)">
<rate A=" 1.00000000E+000" B=" 0.00000000E+000" E=" 0.00000000E+000"/>
<auxiliary keyword="TCHEB">
<data> 3.00000000E+002</data>
<data> 2.10000000E+003</data>
</auxiliary>
<auxiliary keyword="PCHEB">
<data> 9.86923267E-003</data>
<data> 9.86923267E+001</data>
</auxiliary>
<auxiliary keyword="CHEB">
<data>     4</data>
<data>     4</data>
</auxiliary>
<auxiliary keyword="CHEB">
<data> 9.54910000E+000</data>
<data>-6.97670000E-001</data>
<data>-1.88340000E-001</data>
<data> 1.30770000E-002</data>
</auxiliary>
<auxiliary keyword="CHEB">
<data> 1.37790000E+000</data>
<data> 7.90850000E-001</data>
<data> 1.84770000E-001</data>
<data>-3.28670000E-002</data>
</auxiliary>
<auxiliary keyword="CHEB">
<data> 1.53140000E-001</data>
<data> 3.82660000E-002</data>
<data> 4.34010000E-002</data>
<data> 1.70840000E-002</data>
</auxiliary>
<auxiliary keyword="CHEB">
<data>-4.47290000E-002</data>
<data>-1.35230000E-001</data>
<data>-3.26110000E-002</data>
<data> 8.83510000E-003</data>
</auxiliary>
</reaction>
<reaction formula="C3H6(+M)=CH3+C2H3(+M)">
<rate A=" 1.00000000E+000" B=" 0.00000000E+000" E=" 0.00000000E+000"/>
<auxiliary keyword="TCHEB">
<data> 3.00000000E+002</data>
<data> 2.10000000E+003</data>
</auxiliary>
<auxiliary keyword="PCHEB">
<data> 9.86923267E-003</data>
<data> 9.86923267E+001</data>
</auxiliary>
<auxiliary keyword="CHEB">
<data>     4</data>
<data>     4</data>
</auxiliary>
<auxiliary keyword="CHEB">
<data>-2.46720000E+001</data>
<data> 6.22330000E-001</data>
<data>-1.76620000E-001</data>
<data> 5.05420000E-002</data>
</auxiliary>
<auxiliary keyword="CHEB">
<data> 3.06440000E+001</data>
<data> 5.89730000E-001</data>
<data>-2.40910000E-002</data>
<data>-2.50380000E-002</data>
</auxiliary>
<auxiliary keyword="CHEB">
<data>-7.04810000E-001</data>
<data> 3.31010000E-001</data>
<data> 4.21770000E-002</data>
<data>-2.25460000E-002</data>
</auxiliary>
<auxiliary keyword="CHEB">
<data>-4.66020000E-001</data>
<data> 1.41420000E-001</data>
<data> 3.87270000E-002</data>
<data>-7.77520000E-003</data>
</auxiliary>
</reaction>
<reaction formula="C3H6+C2H5OH(+M)=C4H9O-4+CH3(+M)">
<rate A=" 1.00000000E+000" B=" 0.00000000E+000" E=" 0.00000000E+000"/>
<auxiliary keyword="TCHEB">
<data> 3.00000000E+002</data>
<data> 2.10000000E+003</data>
</auxiliary>
<auxiliary keyword="PCHEB">
<data> 9.86923267E-003</data>
<data> 9.86923267E+001</data>
</auxiliary>
<auxiliary keyword="CHEB">
<data>     4</data>
<data>     4</data>
</auxiliary>
<auxiliary keyword="CHEB">
<data>-1.59250000E+001</data>
<data>-1.54610000E+000</data>
<data>-3.99750000E-002</data>
<data>-9.24760000E-004</data>
</auxiliary>
<auxiliary keyword="CHEB">
<data> 2.28050000E+001</data>
<data> 7.59460000E-001</data>
<data>-7.86580000E-002</data>
<data>-2.06580000E-003</data>
</auxiliary>
<auxiliary keyword="CHEB">
<data> 5.86760000E-001</data>
<data> 5.46520000E-001</data>
<data>-5.67290000E-003</data>
<data>-8.41410000E-003</data>
</auxiliary>
<auxiliary keyword="CHEB">
<data>-2.56390000E-001</data>
<data> 2.42540000E-001</data>
<data> 4.17910000E-002</data>
<data>-7.59920000E-003</data>
</auxiliary>
</reaction>
<reaction formula="2C3H6(+M)=C4H8-2+C2H4(+M)">
<rate A=" 1.00000000E+000" B=" 0.00000000E+000" E=" 0.00000000E+000"/>
<auxiliary keyword="TCHEB">
<data> 3.00000000E+002</data>
<data> 2.10000000E+003</data>
</auxiliary>
<auxiliary keyword="PCHEB">
<data> 9.86923267E-003</data>
<data> 9.86923267E+001</data>
</auxiliary>
<auxiliary keyword="CHEB">
<data>     4</data>
<data>     4</data>
</auxiliary>
<auxiliary keyword="CHEB">
<data>-1.02250000E+001</data>
<data>-1.32960000E+000</data>
<data>-4.31960000E-002</data>
<data> 1.45140000E-003</data>
</auxiliary>
<auxiliary keyword="CHEB">
<data> 1.74680000E+001</data>
<data> 1.12010000E+000</data>
<data>-4.68930000E-002</data>
<data>-7.66800000E-003</data>
</auxiliary>
<auxiliary keyword="CHEB">
<data> 1.83130000E-001</data>
<data> 4.18810000E-001</data>
<data> 5.41230000E-002</data>
<data>-5.79050000E-003</data>
</auxiliary>
<auxiliary keyword="CHEB">
<data>-2.34530000E-001</data>
<data>-6.53710000E-002</data>
<data> 5.88900000E-002</data>
<data> 5.48480000E-003</data>
</auxiliary>
</reaction>
<reaction formula="C4H8-1+CH2OH(+M)=C3H6O-enol2+C2H5(+M)">
<rate A=" 1.00000000E+000" B=" 0.00000000E+000" E=" 0.00000000E+000"/>
<auxiliary keyword="TCHEB">
<data> 3.00000000E+002</data>
<data> 2.10000000E+003</data>
</auxiliary>
<auxiliary keyword="PCHEB">
<data> 9.86923267E-003</data>
<data> 9.86923267E+001</data>
</auxiliary>
<auxiliary keyword="CHEB">
<data>     4</data>
<data>     4</data>
</auxiliary>
<auxiliary keyword="CHEB">
<data> 5.61690000E+000</data>
<data>-1.01420000E+000</data>
<data>-1.14160000E-001</data>
<data> 1.50270000E-002</data>
</auxiliary>
<auxiliary keyword="CHEB">
<data> 5.23760000E+000</data>
<data> 1.09710000E+000</data>
<data> 5.52810000E-002</data>
<data>-3.46730000E-002</data>
</auxiliary>
<auxiliary keyword="CHEB">
<data> 6.06460000E-002</data>
<data> 1.00130000E-001</data>
<data> 7.98830000E-002</data>
<data> 8.14660000E-003</data>
</auxiliary>
<auxiliary keyword="CHEB">
<data>-1.32800000E-001</data>
<data>-1.72440000E-001</data>
<data> 8.68790000E-004</data>
<data> 1.69170000E-002</data>
</auxiliary>
</reaction>
<reaction formula="C4H8-1(+M)=CH3+aC3H5(+M)">
<rate A=" 1.00000000E+000" B=" 0.00000000E+000" E=" 0.00000000E+000"/>
<auxiliary keyword="TCHEB">
<data> 3.00000000E+002</data>
<data> 2.10000000E+003</data>
</auxiliary>
<auxiliary keyword="PCHEB">
<data> 9.86923267E-003</data>
<data> 9.86923267E+001</data>
</auxiliary>
<auxiliary keyword="CHEB">
<data>     4</data>
<data>     4</data>
</auxiliary>
<auxiliary keyword="CHEB">
<data>-1.51610000E+001</data>
<data> 3.48700000E-001</data>
<data>-3.82960000E-002</data>
<data>-3.22660000E-004</data>
</auxiliary>
<auxiliary keyword="CHEB">
<data> 2.26340000E+001</data>
<data> 5.63430000E-001</data>
<data>-6.81390000E-002</data>
<data>-2.15880000E-003</data>
</auxiliary>
<auxiliary keyword="CHEB">
<data>-6.62650000E-001</data>
<data> 4.31000000E-001</data>
<data>-1.45180000E-002</data>
<data>-6.54440000E-003</data>
</auxiliary>
<auxiliary keyword="CHEB">
<data>-4.73150000E-001</data>
<data> 2.26280000E-001</data>
<data> 2.10880000E-002</data>
<data>-5.15500000E-003</data>
</auxiliary>
</reaction>
<reaction formula="C4H8-1(+M)=C2H5+C2H3(+M)">
<rate A=" 1.00000000E+000" B=" 0.00000000E+000" E=" 0.00000000E+000"/>
<auxiliary keyword="TCHEB">
<data> 3.00000000E+002</data>
<data> 2.10000000E+003</data>
</auxiliary>
<auxiliary keyword="PCHEB">
<data> 9.86923267E-003</data>
<data> 9.86923267E+001</data>
</auxiliary>
<auxiliary keyword="CHEB">
<data>     4</data>
<data>     4</data>
</auxiliary>
<auxiliary keyword="CHEB">
<data>-2.49850000E+001</data>
<data> 1.13310000E+000</data>
<data>-2.32210000E-001</data>
<data> 1.76100000E-002</data>
</auxiliary>
<auxiliary keyword="CHEB">
<data> 2.97750000E+001</data>
<data> 7.05380000E-001</data>
<data> 1.25790000E-001</data>
<data>-5.09730000E-002</data>
</auxiliary>
<auxiliary keyword="CHEB">
<data>-8.69250000E-001</data>
<data> 2.20200000E-001</data>
<data> 9.22350000E-002</data>
<data> 7.98440000E-003</data>
</auxiliary>
<auxiliary keyword="CHEB">
<data>-4.54230000E-001</data>
<data>-4.58630000E-003</data>
<data> 2.79380000E-002</data>
<data> 1.97060000E-002</data>
</auxiliary>
</reaction>
<reaction formula="C4H8-1(+M)=C4H7-24+H(+M)">
<rate A=" 1.00000000E+000" B=" 0.00000000E+000" E=" 0.00000000E+000"/>
<auxiliary keyword="TCHEB">
<data> 3.00000000E+002</data>
<data> 2.10000000E+003</data>
</auxiliary>
<auxiliary keyword="PCHEB">
<data> 9.86923267E-003</data>
<data> 9.86923267E+001</data>
</auxiliary>
<auxiliary keyword="CHEB">
<data>     4</data>
<data>     4</data>
</auxiliary>
<auxiliary keyword="CHEB">
<data>-2.11580000E+001</data>
<data> 5.41970000E-001</data>
<data>-8.05920000E-002</data>
<data> 1.06520000E-002</data>
</auxiliary>
<auxiliary keyword="CHEB">
<data> 2.53240000E+001</data>
<data> 8.07090000E-001</data>
<data>-7.30650000E-002</data>
<data>-1.55340000E-002</data>
</auxiliary>
<auxiliary keyword="CHEB">
<data>-8.23650000E-001</data>
<data> 4.53410000E-001</data>
<data> 2.58070000E-002</data>
<data>-1.62170000E-002</data>
</auxiliary>
<auxiliary keyword="CHEB">
<data>-5.04250000E-001</data>
<data> 1.45150000E-001</data>
<data> 5.27800000E-002</data>
<data>-2.37720000E-003</data>
</auxiliary>
</reaction>
<reaction formula="CH3+aC3H5(+M)=C2H5+C2H3(+M)">
<rate A=" 1.00000000E+000" B=" 0.00000000E+000" E=" 0.00000000E+000"/>
<auxiliary keyword="TCHEB">
<data> 3.00000000E+002</data>
<data> 2.10000000E+003</data>
</auxiliary>
<auxiliary keyword="PCHEB">
<data> 9.86923267E-003</data>
<data> 9.86923267E+001</data>
</auxiliary>
<auxiliary keyword="CHEB">
<data>     4</data>
<data>     4</data>
</auxiliary>
<auxiliary keyword="CHEB">
<data> 4.22270000E+000</data>
<data>-8.00420000E-001</data>
<data>-2.14540000E-001</data>
<data> 1.53540000E-002</data>
</auxiliary>
<auxiliary keyword="CHEB">
<data> 8.30570000E+000</data>
<data> 7.71970000E-001</data>
<data> 1.56750000E-001</data>
<data>-4.51100000E-002</data>
</auxiliary>
<auxiliary keyword="CHEB">
<data> 1.66390000E-001</data>
<data> 1.54330000E-001</data>
<data> 8.19280000E-002</data>
<data> 1.66830000E-002</data>
</auxiliary>
<auxiliary keyword="CHEB">
<data>-1.27730000E-002</data>
<data>-7.77510000E-002</data>
<data> 1.98120000E-003</data>
<data> 1.94470000E-002</data>
</auxiliary>
</reaction>
<reaction formula="CH3+aC3H5(+M)=C4H7-24+H(+M)">
<rate A=" 1.00000000E+000" B=" 0.00000000E+000" E=" 0.00000000E+000"/>
<auxiliary keyword="TCHEB">
<data> 3.00000000E+002</data>
<data> 2.10000000E+003</data>
</auxiliary>
<auxiliary keyword="PCHEB">
<data> 9.86923267E-003</data>
<data> 9.86923267E+001</data>
</auxiliary>
<auxiliary keyword="CHEB">
<data>     4</data>
<data>     4</data>
</auxiliary>
<auxiliary keyword="CHEB">
<data> 6.55360000E+000</data>
<data>-1.26560000E+000</data>
<data>-8.49690000E-002</data>
<data> 9.88550000E-003</data>
</auxiliary>
<auxiliary keyword="CHEB">
<data> 4.43890000E+000</data>
<data> 1.06540000E+000</data>
<data>-3.62640000E-002</data>
<data>-2.30590000E-002</data>
</auxiliary>
<auxiliary keyword="CHEB">
<data> 3.22860000E-001</data>
<data> 3.47090000E-001</data>
<data> 7.95800000E-002</data>
<data>-7.76190000E-003</data>
</auxiliary>
<auxiliary keyword="CHEB">
<data>-9.73850000E-002</data>
<data>-4.89970000E-002</data>
<data> 6.26450000E-002</data>
<data> 1.25950000E-002</data>
</auxiliary>
</reaction>
<reaction formula="C2H5+C2H3(+M)=C4H7-24+H(+M)">
<rate A=" 1.00000000E+000" B=" 0.00000000E+000" E=" 0.00000000E+000"/>
<auxiliary keyword="TCHEB">
<data> 3.00000000E+002</data>
<data> 2.10000000E+003</data>
</auxiliary>
<auxiliary keyword="PCHEB">
<data> 9.86923267E-003</data>
<data> 9.86923267E+001</data>
</auxiliary>
<auxiliary keyword="CHEB">
<data>     4</data>
<data>     4</data>
</auxiliary>
<auxiliary keyword="CHEB">
<data> 9.57960000E+000</data>
<data>-7.73820000E-001</data>
<data>-2.09590000E-001</data>
<data> 1.32070000E-002</data>
</auxiliary>
<auxiliary keyword="CHEB">
<data> 1.24150000E+000</data>
<data> 7.82030000E-001</data>
<data> 1.63700000E-001</data>
<data>-4.29300000E-002</data>
</auxiliary>
<auxiliary keyword="CHEB">
<data> 4.04690000E-001</data>
<data> 1.21650000E-001</data>
<data> 7.61020000E-002</data>
<data> 2.00440000E-002</data>
</auxiliary>
<auxiliary keyword="CHEB">
<data> 2.34560000E-002</data>
<data>-9.50270000E-002</data>
<data>-5.74260000E-003</data>
<data> 1.82650000E-002</data>
</auxiliary>
</reaction>
<reaction formula="C4H8-1+nC4H10O(+M)=C4H8-2+nC4H10O(+M)">
<rate A=" 1.00000000E+000" B=" 0.00000000E+000" E=" 0.00000000E+000"/>
<auxiliary keyword="TCHEB">
<data> 3.00000000E+002</data>
<data> 2.10000000E+003</data>
</auxiliary>
<auxiliary keyword="PCHEB">
<data> 9.86923267E-003</data>
<data> 9.86923267E+001</data>
</auxiliary>
<auxiliary keyword="CHEB">
<data>     4</data>
<data>     4</data>
</auxiliary>
<auxiliary keyword="CHEB">
<data>-1.53190000E+001</data>
<data>-1.74160000E+000</data>
<data>-6.39610000E-002</data>
<data>-1.61430000E-005</data>
</auxiliary>
<auxiliary keyword="CHEB">
<data> 2.00410000E+001</data>
<data> 4.03580000E-001</data>
<data>-1.10740000E-001</data>
<data> 4.29780000E-003</data>
</auxiliary>
<auxiliary keyword="CHEB">
<data> 1.11620000E+000</data>
<data> 3.81110000E-001</data>
<data>-7.65560000E-002</data>
<data>-8.60750000E-003</data>
</auxiliary>
<auxiliary keyword="CHEB">
<data>-6.14730000E-002</data>
<data> 2.56390000E-001</data>
<data>-2.80800000E-002</data>
<data>-1.56890000E-002</data>
</auxiliary>
</reaction>
<reaction formula="C4H8-1+C2H5O-1(+M)=C4H8-2+C2H5O-1(+M)">
<rate A=" 1.00000000E+000" B=" 0.00000000E+000" E=" 0.00000000E+000"/>
<auxiliary keyword="TCHEB">
<data> 3.00000000E+002</data>
<data> 2.10000000E+003</data>
</auxiliary>
<auxiliary keyword="PCHEB">
<data> 9.86923267E-003</data>
<data> 9.86923267E+001</data>
</auxiliary>
<auxiliary keyword="CHEB">
<data>     4</data>
<data>     4</data>
</auxiliary>
<auxiliary keyword="CHEB">
<data>-1.44850000E+001</data>
<data>-1.66810000E+000</data>
<data>-6.11540000E-002</data>
<data>-2.71460000E-003</data>
</auxiliary>
<auxiliary keyword="CHEB">
<data> 1.94100000E+001</data>
<data> 5.34090000E-001</data>
<data>-1.11850000E-001</data>
<data>-1.20190000E-003</data>
</auxiliary>
<auxiliary keyword="CHEB">
<data> 1.02350000E+000</data>
<data> 4.59280000E-001</data>
<data>-5.68970000E-002</data>
<data>-1.38440000E-002</data>
</auxiliary>
<auxiliary keyword="CHEB">
<data>-6.23220000E-002</data>
<data> 2.73160000E-001</data>
<data>-4.65770000E-004</data>
<data>-1.77400000E-002</data>
</auxiliary>
</reaction>
<reaction formula="C4H8-1+C3H7O-N1(+M)=C4H8-2+C3H7O-N1(+M)">
<rate A=" 1.00000000E+000" B=" 0.00000000E+000" E=" 0.00000000E+000"/>
<auxiliary keyword="TCHEB">
<data> 3.00000000E+002</data>
<data> 2.10000000E+003</data>
</auxiliary>
<auxiliary keyword="PCHEB">
<data> 9.86923267E-003</data>
<data> 9.86923267E+001</data>
</auxiliary>
<auxiliary keyword="CHEB">
<data>     4</data>
<data>     4</data>
</auxiliary>
<auxiliary keyword="CHEB">
<data>-1.47950000E+001</data>
<data>-1.70180000E+000</data>
<data>-6.33240000E-002</data>
<data>-1.84880000E-003</data>
</auxiliary>
<auxiliary keyword="CHEB">
<data> 1.96760000E+001</data>
<data> 4.74730000E-001</data>
<data>-1.12980000E-001</data>
<data> 8.16660000E-004</data>
</auxiliary>
<auxiliary keyword="CHEB">
<data> 1.04730000E+000</data>
<data> 4.23920000E-001</data>
<data>-6.75400000E-002</data>
<data>-1.19740000E-002</data>
</auxiliary>
<auxiliary keyword="CHEB">
<data>-5.66480000E-002</data>
<data> 2.65200000E-001</data>
<data>-1.39670000E-002</data>
<data>-1.72590000E-002</data>
</auxiliary>
</reaction>
<reaction formula="C4H8-1+C2H5OH(+M)=C4H9O-4+C2H5(+M)">
<rate A=" 1.00000000E+000" B=" 0.00000000E+000" E=" 0.00000000E+000"/>
<auxiliary keyword="TCHEB">
<data> 3.00000000E+002</data>
<data> 2.10000000E+003</data>
</auxiliary>
<auxiliary keyword="PCHEB">
<data> 9.86923267E-003</data>
<data> 9.86923267E+001</data>
</auxiliary>
<auxiliary keyword="CHEB">
<data>     4</data>
<data>     4</data>
</auxiliary>
<auxiliary keyword="CHEB">
<data>-1.61790000E+001</data>
<data>-1.53930000E+000</data>
<data>-3.62900000E-002</data>
<data>-1.62790000E-003</data>
</auxiliary>
<auxiliary keyword="CHEB">
<data> 2.31480000E+001</data>
<data> 7.74550000E-001</data>
<data>-7.27330000E-002</data>
<data>-3.11570000E-003</data>
</auxiliary>
<auxiliary keyword="CHEB">
<data> 5.46390000E-001</data>
<data> 5.56200000E-001</data>
<data>-5.04540000E-003</data>
<data>-7.31560000E-003</data>
</auxiliary>
<auxiliary keyword="CHEB">
<data>-3.13310000E-001</data>
<data> 2.42420000E-001</data>
<data> 3.98880000E-002</data>
<data>-6.01260000E-003</data>
</auxiliary>
</reaction>
<reaction formula="C4H8-1+C2H5OH(+M)=C4H8-2+C2H5OH(+M)">
<rate A=" 1.00000000E+000" B=" 0.00000000E+000" E=" 0.00000000E+000"/>
<auxiliary keyword="TCHEB">
<data> 3.00000000E+002</data>
<data> 2.10000000E+003</data>
</auxiliary>
<auxiliary keyword="PCHEB">
<data> 9.86923267E-003</data>
<data> 9.86923267E+001</data>
</auxiliary>
<auxiliary keyword="CHEB">
<data>     4</data>
<data>     4</data>
</auxiliary>
<auxiliary keyword="CHEB">
<data>-1.43510000E+001</data>
<data>-1.67680000E+000</data>
<data>-6.17130000E-002</data>
<data>-2.66030000E-003</data>
</auxiliary>
<auxiliary keyword="CHEB">
<data> 1.93050000E+001</data>
<data> 5.18710000E-001</data>
<data>-1.12150000E-001</data>
<data>-9.24220000E-004</data>
</auxiliary>
<auxiliary keyword="CHEB">
<data> 1.07180000E+000</data>
<data> 4.51230000E-001</data>
<data>-6.02150000E-002</data>
<data>-1.34590000E-002</data>
</auxiliary>
<auxiliary keyword="CHEB">
<data>-8.19410000E-002</data>
<data> 2.72300000E-001</data>
<data>-4.54310000E-003</data>
<data>-1.76490000E-002</data>
</auxiliary>
</reaction>
<reaction formula="C4H8-1+H2O(+M)=C3H6+CH3OH(+M)">
<rate A=" 1.00000000E+000" B=" 0.00000000E+000" E=" 0.00000000E+000"/>
<auxiliary keyword="TCHEB">
<data> 3.00000000E+002</data>
<data> 2.10000000E+003</data>
</auxiliary>
<auxiliary keyword="PCHEB">
<data> 9.86923267E-003</data>
<data> 9.86923267E+001</data>
</auxiliary>
<auxiliary keyword="CHEB">
<data>     4</data>
<data>     4</data>
</auxiliary>
<auxiliary keyword="CHEB">
<data>-1.77320000E+001</data>
<data>-1.57300000E+000</data>
<data>-6.57200000E-002</data>
<data>-2.57520000E-003</data>
</auxiliary>
<auxiliary keyword="CHEB">
<data> 2.17170000E+001</data>
<data> 7.07910000E-001</data>
<data>-1.22000000E-001</data>
<data>-4.77350000E-003</data>
</auxiliary>
<auxiliary keyword="CHEB">
<data> 9.27310000E-001</data>
<data> 5.00860000E-001</data>
<data>-2.27010000E-002</data>
<data>-1.99530000E-002</data>
</auxiliary>
<auxiliary keyword="CHEB">
<data>-3.79510000E-002</data>
<data> 2.22900000E-001</data>
<data> 4.40980000E-002</data>
<data>-1.90920000E-002</data>
</auxiliary>
</reaction>
<reaction formula="C4H8-1+H2O(+M)=C4H8-2+H2O(+M)">
<rate A=" 1.00000000E+000" B=" 0.00000000E+000" E=" 0.00000000E+000"/>
<auxiliary keyword="TCHEB">
<data> 3.00000000E+002</data>
<data> 2.10000000E+003</data>
</auxiliary>
<auxiliary keyword="PCHEB">
<data> 9.86923267E-003</data>
<data> 9.86923267E+001</data>
</auxiliary>
<auxiliary keyword="CHEB">
<data>     4</data>
<data>     4</data>
</auxiliary>
<auxiliary keyword="CHEB">
<data>-1.48130000E+001</data>
<data>-1.62880000E+000</data>
<data>-6.10830000E-002</data>
<data>-2.37440000E-003</data>
</auxiliary>
<auxiliary keyword="CHEB">
<data> 1.93830000E+001</data>
<data> 6.04900000E-001</data>
<data>-1.14000000E-001</data>
<data>-1.79410000E-003</data>
</auxiliary>
<auxiliary keyword="CHEB">
<data> 9.82960000E-001</data>
<data> 4.83940000E-001</data>
<data>-4.15860000E-002</data>
<data>-1.55570000E-002</data>
</auxiliary>
<auxiliary keyword="CHEB">
<data>-5.99360000E-002</data>
<data> 2.62250000E-001</data>
<data> 1.93510000E-002</data>
<data>-1.81390000E-002</data>
</auxiliary>
</reaction>
<reaction formula="C3H6+CH3OH(+M)=C4H8-2+H2O(+M)">
<rate A=" 1.00000000E+000" B=" 0.00000000E+000" E=" 0.00000000E+000"/>
<auxiliary keyword="TCHEB">
<data> 3.00000000E+002</data>
<data> 2.10000000E+003</data>
</auxiliary>
<auxiliary keyword="PCHEB">
<data> 9.86923267E-003</data>
<data> 9.86923267E+001</data>
</auxiliary>
<auxiliary keyword="CHEB">
<data>     4</data>
<data>     4</data>
</auxiliary>
<auxiliary keyword="CHEB">
<data>-1.11190000E+001</data>
<data>-1.59050000E+000</data>
<data>-6.47120000E-002</data>
<data>-2.49540000E-003</data>
</auxiliary>
<auxiliary keyword="CHEB">
<data> 1.69380000E+001</data>
<data> 6.75770000E-001</data>
<data>-1.20610000E-001</data>
<data>-3.64490000E-003</data>
</auxiliary>
<auxiliary keyword="CHEB">
<data> 8.98380000E-001</data>
<data> 4.96580000E-001</data>
<data>-2.92310000E-002</data>
<data>-1.87480000E-002</data>
</auxiliary>
<auxiliary keyword="CHEB">
<data>-1.87160000E-002</data>
<data> 2.35980000E-001</data>
<data> 3.66070000E-002</data>
<data>-1.92530000E-002</data>
</auxiliary>
</reaction>
<reaction formula="C4H8-1+C4H9O-2(+M)=C4H8-2+C4H9O-2(+M)">
<rate A=" 1.00000000E+000" B=" 0.00000000E+000" E=" 0.00000000E+000"/>
<auxiliary keyword="TCHEB">
<data> 3.00000000E+002</data>
<data> 2.10000000E+003</data>
</auxiliary>
<auxiliary keyword="PCHEB">
<data> 9.86923267E-003</data>
<data> 9.86923267E+001</data>
</auxiliary>
<auxiliary keyword="CHEB">
<data>     4</data>
<data>     4</data>
</auxiliary>
<auxiliary keyword="CHEB">
<data>-1.51910000E+001</data>
<data>-1.72760000E+000</data>
<data>-6.41610000E-002</data>
<data>-6.66850000E-004</data>
</auxiliary>
<auxiliary keyword="CHEB">
<data> 1.99540000E+001</data>
<data> 4.28380000E-001</data>
<data>-1.12350000E-001</data>
<data> 3.16630000E-003</data>
</auxiliary>
<auxiliary keyword="CHEB">
<data> 1.09080000E+000</data>
<data> 3.96660000E-001</data>
<data>-7.38680000E-002</data>
<data>-9.96660000E-003</data>
</auxiliary>
<auxiliary keyword="CHEB">
<data>-4.98570000E-002</data>
<data> 2.60430000E-001</data>
<data>-2.31330000E-002</data>
<data>-1.65780000E-002</data>
</auxiliary>
</reaction>
<reaction formula="C4H8-1+C4H9O-3(+M)=C4H8-2+C4H9O-3(+M)">
<rate A=" 1.00000000E+000" B=" 0.00000000E+000" E=" 0.00000000E+000"/>
<auxiliary keyword="TCHEB">
<data> 3.00000000E+002</data>
<data> 2.10000000E+003</data>
</auxiliary>
<auxiliary keyword="PCHEB">
<data> 9.86923267E-003</data>
<data> 9.86923267E+001</data>
</auxiliary>
<auxiliary keyword="CHEB">
<data>     4</data>
<data>     4</data>
</auxiliary>
<auxiliary keyword="CHEB">
<data>-1.51990000E+001</data>
<data>-1.72690000E+000</data>
<data>-6.41170000E-002</data>
<data>-7.11570000E-004</data>
</auxiliary>
<auxiliary keyword="CHEB">
<data> 1.99670000E+001</data>
<data> 4.29580000E-001</data>
<data>-1.12330000E-001</data>
<data> 3.08650000E-003</data>
</auxiliary>
<auxiliary keyword="CHEB">
<data> 1.09120000E+000</data>
<data> 3.97680000E-001</data>
<data>-7.37460000E-002</data>
<data>-1.00240000E-002</data>
</auxiliary>
<auxiliary keyword="CHEB">
<data>-5.51730000E-002</data>
<data> 2.60960000E-001</data>
<data>-2.29550000E-002</data>
<data>-1.65990000E-002</data>
</auxiliary>
</reaction>
<reaction formula="C4H9O-4+CH2OH(+M)=C3H6O-enol2+C2H5OH(+M)">
<rate A=" 1.00000000E+000" B=" 0.00000000E+000" E=" 0.00000000E+000"/>
<auxiliary keyword="TCHEB">
<data> 3.00000000E+002</data>
<data> 2.10000000E+003</data>
</auxiliary>
<auxiliary keyword="PCHEB">
<data> 9.86923267E-003</data>
<data> 9.86923267E+001</data>
</auxiliary>
<auxiliary keyword="CHEB">
<data>     4</data>
<data>     4</data>
</auxiliary>
<auxiliary keyword="CHEB">
<data> 8.76210000E+000</data>
<data>-1.52740000E+000</data>
<data>-4.14600000E-002</data>
<data>-7.05160000E-004</data>
</auxiliary>
<auxiliary keyword="CHEB">
<data> 2.99950000E+000</data>
<data> 7.94920000E-001</data>
<data>-8.04960000E-002</data>
<data>-2.52550000E-003</data>
</auxiliary>
<auxiliary keyword="CHEB">
<data> 4.71280000E-001</data>
<data> 5.46130000E-001</data>
<data> 1.42720000E-004</data>
<data>-9.19460000E-003</data>
</auxiliary>
<auxiliary keyword="CHEB">
<data>-2.68020000E-001</data>
<data> 2.21490000E-001</data>
<data> 4.83750000E-002</data>
<data>-7.47920000E-003</data>
</auxiliary>
</reaction>
<reaction formula="C4H9O-4+OH(+M)=C2H4O+C2H5OH(+M)">
<rate A=" 1.00000000E+000" B=" 0.00000000E+000" E=" 0.00000000E+000"/>
<auxiliary keyword="TCHEB">
<data> 3.00000000E+002</data>
<data> 2.10000000E+003</data>
</auxiliary>
<auxiliary keyword="PCHEB">
<data> 9.86923267E-003</data>
<data> 9.86923267E+001</data>
</auxiliary>
<auxiliary keyword="CHEB">
<data>     4</data>
<data>     4</data>
</auxiliary>
<auxiliary keyword="CHEB">
<data> 1.03270000E+001</data>
<data>-1.55940000E+000</data>
<data>-6.61670000E-002</data>
<data> 8.22850000E-004</data>
</auxiliary>
<auxiliary keyword="CHEB">
<data> 2.27150000E+000</data>
<data> 7.21920000E-001</data>
<data>-1.18540000E-001</data>
<data>-1.75050000E-003</data>
</auxiliary>
<auxiliary keyword="CHEB">
<data> 5.90890000E-001</data>
<data> 5.05510000E-001</data>
<data>-1.13930000E-002</data>
<data>-1.97140000E-002</data>
</auxiliary>
<auxiliary keyword="CHEB">
<data>-3.70990000E-002</data>
<data> 2.26440000E-001</data>
<data> 5.32660000E-002</data>
<data>-1.89000000E-002</data>
</auxiliary>
</reaction>
<reaction formula="C2H4O+CH2OH(+M)=C3H6O-enol2+OH(+M)">
<rate A=" 1.00000000E+000" B=" 0.00000000E+000" E=" 0.00000000E+000"/>
<auxiliary keyword="TCHEB">
<data> 3.00000000E+002</data>
<data> 2.10000000E+003</data>
</auxiliary>
<auxiliary keyword="PCHEB">
<data> 9.86923267E-003</data>
<data> 9.86923267E+001</data>
</auxiliary>
<auxiliary keyword="CHEB">
<data>     4</data>
<data>     4</data>
</auxiliary>
<auxiliary keyword="CHEB">
<data> 5.81450000E+000</data>
<data>-8.52110000E-001</data>
<data>-1.74350000E-001</data>
<data> 2.57080000E-002</data>
</auxiliary>
<auxiliary keyword="CHEB">
<data> 4.85050000E+000</data>
<data> 9.11480000E-001</data>
<data> 1.40060000E-001</data>
<data>-4.97210000E-002</data>
</auxiliary>
<auxiliary keyword="CHEB">
<data> 6.38450000E-002</data>
<data> 8.79310000E-002</data>
<data> 6.36140000E-002</data>
<data> 1.39660000E-002</data>
</auxiliary>
<auxiliary keyword="CHEB">
<data>-9.98930000E-002</data>
<data>-1.33760000E-001</data>
<data>-1.43430000E-002</data>
<data> 1.56940000E-002</data>
</auxiliary>
</reaction>
<reaction formula="C2H4O(+M)=C2H3+OH(+M)">
<rate A=" 1.00000000E+000" B=" 0.00000000E+000" E=" 0.00000000E+000"/>
<auxiliary keyword="TCHEB">
<data> 3.00000000E+002</data>
<data> 2.10000000E+003</data>
</auxiliary>
<auxiliary keyword="PCHEB">
<data> 9.86923267E-003</data>
<data> 9.86923267E+001</data>
</auxiliary>
<auxiliary keyword="CHEB">
<data>     4</data>
<data>     4</data>
</auxiliary>
<auxiliary keyword="CHEB">
<data>-3.03400000E+001</data>
<data> 1.11000000E+000</data>
<data>-2.72320000E-001</data>
<data> 4.24400000E-003</data>
</auxiliary>
<auxiliary keyword="CHEB">
<data> 3.36930000E+001</data>
<data> 5.12070000E-001</data>
<data> 7.50240000E-002</data>
<data>-5.22490000E-002</data>
</auxiliary>
<auxiliary keyword="CHEB">
<data>-5.15160000E-001</data>
<data> 1.88840000E-001</data>
<data> 7.14490000E-002</data>
<data>-6.03690000E-004</data>
</auxiliary>
<auxiliary keyword="CHEB">
<data>-3.18120000E-001</data>
<data> 5.78310000E-002</data>
<data> 3.76970000E-002</data>
<data> 1.09860000E-002</data>
</auxiliary>
</reaction>
<reaction formula="C2H4O(+M)=CH2CHO+H(+M)">
<rate A=" 1.00000000E+000" B=" 0.00000000E+000" E=" 0.00000000E+000"/>
<auxiliary keyword="TCHEB">
<data> 3.00000000E+002</data>
<data> 2.10000000E+003</data>
</auxiliary>
<auxiliary keyword="PCHEB">
<data> 9.86923267E-003</data>
<data> 9.86923267E+001</data>
</auxiliary>
<auxiliary keyword="CHEB">
<data>     4</data>
<data>     4</data>
</auxiliary>
<auxiliary keyword="CHEB">
<data>-2.26580000E+001</data>
<data> 2.47290000E-001</data>
<data>-7.13620000E-002</data>
<data> 1.55520000E-002</data>
</auxiliary>
<auxiliary keyword="CHEB">
<data> 2.71250000E+001</data>
<data> 3.39160000E-001</data>
<data>-8.29990000E-002</data>
<data> 8.27570000E-003</data>
</auxiliary>
<auxiliary keyword="CHEB">
<data>-2.91130000E-001</data>
<data> 2.70920000E-001</data>
<data>-3.40420000E-002</data>
<data>-6.39580000E-003</data>
</auxiliary>
<auxiliary keyword="CHEB">
<data>-2.15960000E-001</data>
<data> 1.68350000E-001</data>
<data>-3.07260000E-003</data>
<data>-8.68160000E-003</data>
</auxiliary>
</reaction>
<reaction formula="C2H3+OH(+M)=CH2CHO+H(+M)">
<rate A=" 1.00000000E+000" B=" 0.00000000E+000" E=" 0.00000000E+000"/>
<auxiliary keyword="TCHEB">
<data> 3.00000000E+002</data>
<data> 2.10000000E+003</data>
</auxiliary>
<auxiliary keyword="PCHEB">
<data> 9.86923267E-003</data>
<data> 9.86923267E+001</data>
</auxiliary>
<auxiliary keyword="CHEB">
<data>     4</data>
<data>     4</data>
</auxiliary>
<auxiliary keyword="CHEB">
<data> 1.23310000E+001</data>
<data>-8.37170000E-001</data>
<data>-2.51650000E-001</data>
<data> 6.88520000E-003</data>
</auxiliary>
<auxiliary keyword="CHEB">
<data> 5.08630000E-001</data>
<data> 5.91540000E-001</data>
<data> 1.12600000E-001</data>
<data>-4.48980000E-002</data>
</auxiliary>
<auxiliary keyword="CHEB">
<data> 5.10120000E-002</data>
<data> 2.01820000E-001</data>
<data> 8.53690000E-002</data>
<data> 7.10970000E-003</data>
</auxiliary>
<auxiliary keyword="CHEB">
<data>-5.20970000E-002</data>
<data> 3.46000000E-002</data>
<data> 3.31920000E-002</data>
<data> 1.46800000E-002</data>
</auxiliary>
</reaction>
<reaction formula="C2H4O+C3H7O-N1(+M)=C3H6O-enol2+C2H5O-1(+M)">
<rate A=" 1.00000000E+000" B=" 0.00000000E+000" E=" 0.00000000E+000"/>
<auxiliary keyword="TCHEB">
<data> 3.00000000E+002</data>
<data> 2.10000000E+003</data>
</auxiliary>
<auxiliary keyword="PCHEB">
<data> 9.86923267E-003</data>
<data> 9.86923267E+001</data>
</auxiliary>
<auxiliary keyword="CHEB">
<data>     4</data>
<data>     4</data>
</auxiliary>
<auxiliary keyword="CHEB">
<data>-1.44880000E+001</data>
<data>-1.67080000E+000</data>
<data>-5.87010000E-002</data>
<data>-2.31930000E-003</data>
</auxiliary>
<auxiliary keyword="CHEB">
<data> 1.97630000E+001</data>
<data> 5.25870000E-001</data>
<data>-1.07400000E-001</data>
<data>-5.58510000E-004</data>
</auxiliary>
<auxiliary keyword="CHEB">
<data> 9.93990000E-001</data>
<data> 4.62990000E-001</data>
<data>-5.49610000E-002</data>
<data>-1.30920000E-002</data>
</auxiliary>
<auxiliary keyword="CHEB">
<data>-2.87380000E-002</data>
<data> 2.84820000E-001</data>
<data>-7.40070000E-004</data>
<data>-1.72120000E-002</data>
</auxiliary>
</reaction>
<reaction formula="C2H4+C2H4O(+M)=C4H6-13+H2O(+M)">
<rate A=" 1.00000000E+000" B=" 0.00000000E+000" E=" 0.00000000E+000"/>
<auxiliary keyword="TCHEB">
<data> 3.00000000E+002</data>
<data> 2.10000000E+003</data>
</auxiliary>
<auxiliary keyword="PCHEB">
<data> 9.86923267E-003</data>
<data> 9.86923267E+001</data>
</auxiliary>
<auxiliary keyword="CHEB">
<data>     4</data>
<data>     4</data>
</auxiliary>
<auxiliary keyword="CHEB">
<data>-1.31040000E+001</data>
<data>-1.51430000E+000</data>
<data>-3.48010000E-002</data>
<data>-1.25880000E-003</data>
</auxiliary>
<auxiliary keyword="CHEB">
<data> 1.66940000E+001</data>
<data> 8.12050000E-001</data>
<data>-6.13090000E-002</data>
<data>-5.18310000E-003</data>
</auxiliary>
<auxiliary keyword="CHEB">
<data> 3.21920000E-001</data>
<data> 5.14010000E-001</data>
<data> 8.43810000E-003</data>
<data>-5.97880000E-003</data>
</auxiliary>
<auxiliary keyword="CHEB">
<data>-3.41850000E-001</data>
<data> 1.83890000E-001</data>
<data> 4.06760000E-002</data>
<data>-1.19490000E-003</data>
</auxiliary>
</reaction>
<reaction formula="C2H4+C2H4O(+M)=C2H3+C2H5O-1(+M)">
<rate A=" 1.00000000E+000" B=" 0.00000000E+000" E=" 0.00000000E+000"/>
<auxiliary keyword="TCHEB">
<data> 3.00000000E+002</data>
<data> 2.10000000E+003</data>
</auxiliary>
<auxiliary keyword="PCHEB">
<data> 9.86923267E-003</data>
<data> 9.86923267E+001</data>
</auxiliary>
<auxiliary keyword="CHEB">
<data>     4</data>
<data>     4</data>
</auxiliary>
<auxiliary keyword="CHEB">
<data>-2.13360000E+001</data>
<data>-6.35430000E-001</data>
<data>-2.15990000E-001</data>
<data>-7.28520000E-003</data>
</auxiliary>
<auxiliary keyword="CHEB">
<data> 2.60570000E+001</data>
<data> 6.48990000E-001</data>
<data> 1.84910000E-001</data>
<data>-1.88950000E-002</data>
</auxiliary>
<auxiliary keyword="CHEB">
<data> 1.04950000E-003</data>
<data> 9.05440000E-002</data>
<data> 6.48110000E-002</data>
<data> 2.34870000E-002</data>
</auxiliary>
<auxiliary keyword="CHEB">
<data>-6.83650000E-002</data>
<data>-7.60080000E-002</data>
<data>-1.33610000E-002</data>
<data> 1.11330000E-002</data>
</auxiliary>
</reaction>
<reaction formula="C2H4+C2H4O(+M)=aC3H5+CH2OH(+M)">
<rate A=" 1.00000000E+000" B=" 0.00000000E+000" E=" 0.00000000E+000"/>
<auxiliary keyword="TCHEB">
<data> 3.00000000E+002</data>
<data> 2.10000000E+003</data>
</auxiliary>
<auxiliary keyword="PCHEB">
<data> 9.86923267E-003</data>
<data> 9.86923267E+001</data>
</auxiliary>
<auxiliary keyword="CHEB">
<data>     4</data>
<data>     4</data>
</auxiliary>
<auxiliary keyword="CHEB">
<data>-1.18690000E+001</data>
<data>-1.41310000E+000</data>
<data>-4.77960000E-002</data>
<data> 9.35920000E-004</data>
</auxiliary>
<auxiliary keyword="CHEB">
<data> 1.86570000E+001</data>
<data> 9.70930000E-001</data>
<data>-6.61960000E-002</data>
<data>-7.43370000E-003</data>
</auxiliary>
<auxiliary keyword="CHEB">
<data> 2.09330000E-001</data>
<data> 4.73610000E-001</data>
<data> 3.74490000E-002</data>
<data>-8.65650000E-003</data>
</auxiliary>
<auxiliary keyword="CHEB">
<data>-2.68440000E-001</data>
<data> 7.19330000E-002</data>
<data> 6.10840000E-002</data>
<data> 1.28990000E-003</data>
</auxiliary>
</reaction>
<reaction formula="C4H6-13+H2O(+M)=C2H3+C2H5O-1(+M)">
<rate A=" 1.00000000E+000" B=" 0.00000000E+000" E=" 0.00000000E+000"/>
<auxiliary keyword="TCHEB">
<data> 3.00000000E+002</data>
<data> 2.10000000E+003</data>
</auxiliary>
<auxiliary keyword="PCHEB">
<data> 9.86923267E-003</data>
<data> 9.86923267E+001</data>
</auxiliary>
<auxiliary keyword="CHEB">
<data>     4</data>
<data>     4</data>
</auxiliary>
<auxiliary keyword="CHEB">
<data>-2.72290000E+001</data>
<data>-6.38330000E-001</data>
<data>-2.16860000E-001</data>
<data>-7.20470000E-003</data>
</auxiliary>
<auxiliary keyword="CHEB">
<data> 3.03840000E+001</data>
<data> 6.47840000E-001</data>
<data> 1.84010000E-001</data>
<data>-1.92800000E-002</data>
</auxiliary>
<auxiliary keyword="CHEB">
<data>-8.25130000E-002</data>
<data> 9.39800000E-002</data>
<data> 6.58260000E-002</data>
<data> 2.33350000E-002</data>
</auxiliary>
<auxiliary keyword="CHEB">
<data>-8.15890000E-002</data>
<data>-7.40860000E-002</data>
<data>-1.23050000E-002</data>
<data> 1.14430000E-002</data>
</auxiliary>
</reaction>
<reaction formula="C4H6-13+H2O(+M)=aC3H5+CH2OH(+M)">
<rate A=" 1.00000000E+000" B=" 0.00000000E+000" E=" 0.00000000E+000"/>
<auxiliary keyword="TCHEB">
<data> 3.00000000E+002</data>
<data> 2.10000000E+003</data>
</auxiliary>
<auxiliary keyword="PCHEB">
<data> 9.86923267E-003</data>
<data> 9.86923267E+001</data>
</auxiliary>
<auxiliary keyword="CHEB">
<data>     4</data>
<data>     4</data>
</auxiliary>
<auxiliary keyword="CHEB">
<data>-1.75520000E+001</data>
<data>-1.42850000E+000</data>
<data>-4.62220000E-002</data>
<data> 6.16150000E-004</data>
</auxiliary>
<auxiliary keyword="CHEB">
<data> 2.28420000E+001</data>
<data> 9.48640000E-001</data>
<data>-6.71420000E-002</data>
<data>-6.91580000E-003</data>
</auxiliary>
<auxiliary keyword="CHEB">
<data> 1.22940000E-001</data>
<data> 4.82960000E-001</data>
<data> 3.25770000E-002</data>
<data>-8.44720000E-003</data>
</auxiliary>
<auxiliary keyword="CHEB">
<data>-2.73630000E-001</data>
<data> 9.00340000E-002</data>
<data> 5.90900000E-002</data>
<data> 5.29890000E-004</data>
</auxiliary>
</reaction>
<reaction formula="C2H3+C2H5O-1(+M)=aC3H5+CH2OH(+M)">
<rate A=" 1.00000000E+000" B=" 0.00000000E+000" E=" 0.00000000E+000"/>
<auxiliary keyword="TCHEB">
<data> 3.00000000E+002</data>
<data> 2.10000000E+003</data>
</auxiliary>
<auxiliary keyword="PCHEB">
<data> 9.86923267E-003</data>
<data> 9.86923267E+001</data>
</auxiliary>
<auxiliary keyword="CHEB">
<data>     4</data>
<data>     4</data>
</auxiliary>
<auxiliary keyword="CHEB">
<data> 1.26370000E+001</data>
<data>-6.22890000E-001</data>
<data>-2.12380000E-001</data>
<data>-7.74560000E-003</data>
</auxiliary>
<auxiliary keyword="CHEB">
<data> 9.65430000E-001</data>
<data> 6.52600000E-001</data>
<data> 1.88210000E-001</data>
<data>-1.73060000E-002</data>
</auxiliary>
<auxiliary keyword="CHEB">
<data> 1.87250000E-001</data>
<data> 7.56090000E-002</data>
<data> 6.04050000E-002</data>
<data> 2.41340000E-002</data>
</auxiliary>
<auxiliary keyword="CHEB">
<data> 4.35100000E-003</data>
<data>-8.30330000E-002</data>
<data>-1.74670000E-002</data>
<data> 9.80790000E-003</data>
</auxiliary>
</reaction>
<reaction formula="C2H4+C2H4O(+M)=CH2CHO+C2H5(+M)">
<rate A=" 1.00000000E+000" B=" 0.00000000E+000" E=" 0.00000000E+000"/>
<auxiliary keyword="TCHEB">
<data> 3.00000000E+002</data>
<data> 2.10000000E+003</data>
</auxiliary>
<auxiliary keyword="PCHEB">
<data> 9.86923267E-003</data>
<data> 9.86923267E+001</data>
</auxiliary>
<auxiliary keyword="CHEB">
<data>     4</data>
<data>     4</data>
</auxiliary>
<auxiliary keyword="CHEB">
<data>-1.25840000E+001</data>
<data>-1.30280000E+000</data>
<data>-5.68390000E-002</data>
<data> 4.04130000E-003</data>
</auxiliary>
<auxiliary keyword="CHEB">
<data> 1.91010000E+001</data>
<data> 1.09160000E+000</data>
<data>-4.15930000E-002</data>
<data>-1.03640000E-002</data>
</auxiliary>
<auxiliary keyword="CHEB">
<data> 2.12500000E-001</data>
<data> 3.74610000E-001</data>
<data> 6.52940000E-002</data>
<data>-7.29110000E-003</data>
</auxiliary>
<auxiliary keyword="CHEB">
<data>-2.47280000E-001</data>
<data>-4.74920000E-002</data>
<data> 5.24550000E-002</data>
<data> 7.64320000E-003</data>
</auxiliary>
</reaction>
<reaction formula="C3H6+C2H4O(+M)=C4H7-24+CH2OH(+M)">
<rate A=" 1.00000000E+000" B=" 0.00000000E+000" E=" 0.00000000E+000"/>
<auxiliary keyword="TCHEB">
<data> 3.00000000E+002</data>
<data> 2.10000000E+003</data>
</auxiliary>
<auxiliary keyword="PCHEB">
<data> 9.86923267E-003</data>
<data> 9.86923267E+001</data>
</auxiliary>
<auxiliary keyword="CHEB">
<data>     4</data>
<data>     4</data>
</auxiliary>
<auxiliary keyword="CHEB">
<data>-1.29030000E+001</data>
<data>-1.45250000E+000</data>
<data>-4.25550000E-002</data>
<data>-1.61950000E-004</data>
</auxiliary>
<auxiliary keyword="CHEB">
<data> 1.94290000E+001</data>
<data> 9.25870000E-001</data>
<data>-7.17150000E-002</data>
<data>-5.93400000E-003</data>
</auxiliary>
<auxiliary keyword="CHEB">
<data> 3.14520000E-001</data>
<data> 5.17100000E-001</data>
<data> 2.43970000E-002</data>
<data>-8.71490000E-003</data>
</auxiliary>
<auxiliary keyword="CHEB">
<data>-2.98230000E-001</data>
<data> 1.23360000E-001</data>
<data> 6.07490000E-002</data>
<data>-1.53410000E-003</data>
</auxiliary>
</reaction>
<reaction formula="C3H6+C2H4O(+M)=C4H6-13+CH3OH(+M)">
<rate A=" 1.00000000E+000" B=" 0.00000000E+000" E=" 0.00000000E+000"/>
<auxiliary keyword="TCHEB">
<data> 3.00000000E+002</data>
<data> 2.10000000E+003</data>
</auxiliary>
<auxiliary keyword="PCHEB">
<data> 9.86923267E-003</data>
<data> 9.86923267E+001</data>
</auxiliary>
<auxiliary keyword="CHEB">
<data>     4</data>
<data>     4</data>
</auxiliary>
<auxiliary keyword="CHEB">
<data>-1.45570000E+001</data>
<data>-1.49610000E+000</data>
<data>-3.78370000E-002</data>
<data>-1.16270000E-003</data>
</auxiliary>
<auxiliary keyword="CHEB">
<data> 1.83140000E+001</data>
<data> 8.51160000E-001</data>
<data>-6.96960000E-002</data>
<data>-4.96070000E-003</data>
</auxiliary>
<auxiliary keyword="CHEB">
<data> 3.08490000E-001</data>
<data> 5.35020000E-001</data>
<data> 1.00980000E-002</data>
<data>-7.28980000E-003</data>
</auxiliary>
<auxiliary keyword="CHEB">
<data>-3.05480000E-001</data>
<data> 1.79880000E-001</data>
<data> 4.95060000E-002</data>
<data>-2.72920000E-003</data>
</auxiliary>
</reaction>
<reaction formula="C4H7-24+CH2OH(+M)=C4H6-13+CH3OH(+M)">
<rate A=" 1.00000000E+000" B=" 0.00000000E+000" E=" 0.00000000E+000"/>
<auxiliary keyword="TCHEB">
<data> 3.00000000E+002</data>
<data> 2.10000000E+003</data>
</auxiliary>
<auxiliary keyword="PCHEB">
<data> 9.86923267E-003</data>
<data> 9.86923267E+001</data>
</auxiliary>
<auxiliary keyword="CHEB">
<data>     4</data>
<data>     4</data>
</auxiliary>
<auxiliary keyword="CHEB">
<data> 8.21980000E+000</data>
<data>-1.43950000E+000</data>
<data>-4.36920000E-002</data>
<data> 1.30780000E-004</data>
</auxiliary>
<auxiliary keyword="CHEB">
<data> 2.71620000E+000</data>
<data> 9.47170000E-001</data>
<data>-7.11800000E-002</data>
<data>-6.36240000E-003</data>
</auxiliary>
<auxiliary keyword="CHEB">
<data> 2.88580000E-001</data>
<data> 5.10000000E-001</data>
<data> 2.87960000E-002</data>
<data>-8.95600000E-003</data>
</auxiliary>
<auxiliary keyword="CHEB">
<data>-2.91150000E-001</data>
<data> 1.05880000E-001</data>
<data> 6.31930000E-002</data>
<data>-8.55880000E-004</data>
</auxiliary>
</reaction>
<reaction formula="C3H6+C2H4O(+M)=CH2CHO+C3H7-1(+M)">
<rate A=" 1.00000000E+000" B=" 0.00000000E+000" E=" 0.00000000E+000"/>
<auxiliary keyword="TCHEB">
<data> 3.00000000E+002</data>
<data> 2.10000000E+003</data>
</auxiliary>
<auxiliary keyword="PCHEB">
<data> 9.86923267E-003</data>
<data> 9.86923267E+001</data>
</auxiliary>
<auxiliary keyword="CHEB">
<data>     4</data>
<data>     4</data>
</auxiliary>
<auxiliary keyword="CHEB">
<data>-1.39310000E+001</data>
<data>-1.38110000E+000</data>
<data>-4.36200000E-002</data>
<data> 1.06310000E-003</data>
</auxiliary>
<auxiliary keyword="CHEB">
<data> 2.02370000E+001</data>
<data> 1.03730000E+000</data>
<data>-5.78550000E-002</data>
<data>-7.10890000E-003</data>
</auxiliary>
<auxiliary keyword="CHEB">
<data> 2.97500000E-001</data>
<data> 4.66000000E-001</data>
<data> 4.38180000E-002</data>
<data>-7.35590000E-003</data>
</auxiliary>
<auxiliary keyword="CHEB">
<data>-3.03250000E-001</data>
<data> 2.20960000E-002</data>
<data> 6.17070000E-002</data>
<data> 2.89240000E-003</data>
</auxiliary>
</reaction>
<reaction formula="C4H8-1+C2H4O(+M)=C4H6-13+C2H5OH(+M)">
<rate A=" 1.00000000E+000" B=" 0.00000000E+000" E=" 0.00000000E+000"/>
<auxiliary keyword="TCHEB">
<data> 3.00000000E+002</data>
<data> 2.10000000E+003</data>
</auxiliary>
<auxiliary keyword="PCHEB">
<data> 9.86923267E-003</data>
<data> 9.86923267E+001</data>
</auxiliary>
<auxiliary keyword="CHEB">
<data>     4</data>
<data>     4</data>
</auxiliary>
<auxiliary keyword="CHEB">
<data>-1.39670000E+001</data>
<data>-1.68620000E+000</data>
<data>-5.34570000E-002</data>
<data> 2.46390000E-003</data>
</auxiliary>
<auxiliary keyword="CHEB">
<data> 1.87700000E+001</data>
<data> 5.03680000E-001</data>
<data>-9.90260000E-002</data>
<data> 6.41250000E-003</data>
</auxiliary>
<auxiliary keyword="CHEB">
<data> 8.41070000E-001</data>
<data> 4.37000000E-001</data>
<data>-4.75490000E-002</data>
<data>-4.87660000E-003</data>
</auxiliary>
<auxiliary keyword="CHEB">
<data>-2.01500000E-001</data>
<data> 2.63260000E-001</data>
<data> 3.81870000E-003</data>
<data>-1.04740000E-002</data>
</auxiliary>
</reaction>
<reaction formula="C4H8-1+C2H4O(+M)=C2H3+C4H9O-3(+M)">
<rate A=" 1.00000000E+000" B=" 0.00000000E+000" E=" 0.00000000E+000"/>
<auxiliary keyword="TCHEB">
<data> 3.00000000E+002</data>
<data> 2.10000000E+003</data>
</auxiliary>
<auxiliary keyword="PCHEB">
<data> 9.86923267E-003</data>
<data> 9.86923267E+001</data>
</auxiliary>
<auxiliary keyword="CHEB">
<data>     4</data>
<data>     4</data>
</auxiliary>
<auxiliary keyword="CHEB">
<data>-2.07570000E+001</data>
<data>-1.51150000E+000</data>
<data>-6.59670000E-002</data>
<data> 3.91010000E-003</data>
</auxiliary>
<auxiliary keyword="CHEB">
<data> 2.72210000E+001</data>
<data> 8.06990000E-001</data>
<data>-1.10060000E-001</data>
<data>-1.72310000E-003</data>
</auxiliary>
<auxiliary keyword="CHEB">
<data> 2.84950000E-001</data>
<data> 4.96900000E-001</data>
<data> 1.07740000E-002</data>
<data>-1.85050000E-002</data>
</auxiliary>
<auxiliary keyword="CHEB">
<data>-2.69220000E-001</data>
<data> 1.69500000E-001</data>
<data> 6.77440000E-002</data>
<data>-1.38110000E-002</data>
</auxiliary>
</reaction>
<reaction formula="C4H6-13+C2H5OH(+M)=C2H3+C4H9O-3(+M)">
<rate A=" 1.00000000E+000" B=" 0.00000000E+000" E=" 0.00000000E+000"/>
<auxiliary keyword="TCHEB">
<data> 3.00000000E+002</data>
<data> 2.10000000E+003</data>
</auxiliary>
<auxiliary keyword="PCHEB">
<data> 9.86923267E-003</data>
<data> 9.86923267E+001</data>
</auxiliary>
<auxiliary keyword="CHEB">
<data>     4</data>
<data>     4</data>
</auxiliary>
<auxiliary keyword="CHEB">
<data>-2.06120000E+001</data>
<data>-1.51150000E+000</data>
<data>-6.59670000E-002</data>
<data> 3.91010000E-003</data>
</auxiliary>
<auxiliary keyword="CHEB">
<data> 2.73610000E+001</data>
<data> 8.06990000E-001</data>
<data>-1.10060000E-001</data>
<data>-1.72310000E-003</data>
</auxiliary>
<auxiliary keyword="CHEB">
<data> 3.03140000E-001</data>
<data> 4.96900000E-001</data>
<data> 1.07740000E-002</data>
<data>-1.85050000E-002</data>
</auxiliary>
<auxiliary keyword="CHEB">
<data>-2.53070000E-001</data>
<data> 1.69500000E-001</data>
<data> 6.77440000E-002</data>
<data>-1.38110000E-002</data>
</auxiliary>
</reaction>
<reaction formula="C4H8-1+C2H4O(+M)=C4H8-2+C2H4O(+M)">
<rate A=" 1.00000000E+000" B=" 0.00000000E+000" E=" 0.00000000E+000"/>
<auxiliary keyword="TCHEB">
<data> 3.00000000E+002</data>
<data> 2.10000000E+003</data>
</auxiliary>
<auxiliary keyword="PCHEB">
<data> 9.86923267E-003</data>
<data> 9.86923267E+001</data>
</auxiliary>
<auxiliary keyword="CHEB">
<data>     4</data>
<data>     4</data>
</auxiliary>
<auxiliary keyword="CHEB">
<data>-1.56510000E+001</data>
<data>-1.69090000E+000</data>
<data>-6.05890000E-002</data>
<data>-2.17390000E-003</data>
</auxiliary>
<auxiliary keyword="CHEB">
<data> 2.05610000E+001</data>
<data> 4.92150000E-001</data>
<data>-1.09000000E-001</data>
<data> 2.33440000E-005</data>
</auxiliary>
<auxiliary keyword="CHEB">
<data> 1.24550000E+000</data>
<data> 4.40640000E-001</data>
<data>-6.27850000E-002</data>
<data>-1.22300000E-002</data>
</auxiliary>
<auxiliary keyword="CHEB">
<data>-7.05070000E-002</data>
<data> 2.76140000E-001</data>
<data>-1.00350000E-002</data>
<data>-1.69100000E-002</data>
</auxiliary>
</reaction>
<reaction formula="2C2H4O(+M)=C3H5O-enol2+CH2OH(+M)">
<rate A=" 1.00000000E+000" B=" 0.00000000E+000" E=" 0.00000000E+000"/>
<auxiliary keyword="TCHEB">
<data> 3.00000000E+002</data>
<data> 2.10000000E+003</data>
</auxiliary>
<auxiliary keyword="PCHEB">
<data> 9.86923267E-003</data>
<data> 9.86923267E+001</data>
</auxiliary>
<auxiliary keyword="CHEB">
<data>     4</data>
<data>     4</data>
</auxiliary>
<auxiliary keyword="CHEB">
<data>-1.28690000E+001</data>
<data>-1.44430000E+000</data>
<data>-4.68340000E-002</data>
<data> 3.07780000E-004</data>
</auxiliary>
<auxiliary keyword="CHEB">
<data> 1.92330000E+001</data>
<data> 9.29140000E-001</data>
<data>-7.36400000E-002</data>
<data>-6.59140000E-003</data>
</auxiliary>
<auxiliary keyword="CHEB">
<data> 2.49910000E-001</data>
<data> 4.97720000E-001</data>
<data> 2.88650000E-002</data>
<data>-9.58980000E-003</data>
</auxiliary>
<auxiliary keyword="CHEB">
<data>-2.81630000E-001</data>
<data> 1.10050000E-001</data>
<data> 6.21810000E-002</data>
<data>-1.12510000E-003</data>
</auxiliary>
</reaction>
<reaction formula="2C2H4O(+M)=CH2CHO+C2H5O-1(+M)">
<rate A=" 1.00000000E+000" B=" 0.00000000E+000" E=" 0.00000000E+000"/>
<auxiliary keyword="TCHEB">
<data> 3.00000000E+002</data>
<data> 2.10000000E+003</data>
</auxiliary>
<auxiliary keyword="PCHEB">
<data> 9.86923267E-003</data>
<data> 9.86923267E+001</data>
</auxiliary>
<auxiliary keyword="CHEB">
<data>     4</data>
<data>     4</data>
</auxiliary>
<auxiliary keyword="CHEB">
<data>-1.41330000E+001</data>
<data>-1.35620000E+000</data>
<data>-4.71370000E-002</data>
<data> 1.55020000E-003</data>
</auxiliary>
<auxiliary keyword="CHEB">
<data> 2.03070000E+001</data>
<data> 1.04940000E+000</data>
<data>-5.12310000E-002</data>
<data>-7.75890000E-003</data>
</auxiliary>
<auxiliary keyword="CHEB">
<data> 7.94300000E-002</data>
<data> 4.28530000E-001</data>
<data> 4.94460000E-002</data>
<data>-6.47840000E-003</data>
</auxiliary>
<auxiliary keyword="CHEB">
<data>-3.07970000E-001</data>
<data>-4.45600000E-004</data>
<data> 5.58430000E-002</data>
<data> 4.32120000E-003</data>
</auxiliary>
</reaction>
<reaction formula="C4H8-1+CH3OH(+M)=C4H8-2+CH3OH(+M)">
<rate A=" 1.00000000E+000" B=" 0.00000000E+000" E=" 0.00000000E+000"/>
<auxiliary keyword="TCHEB">
<data> 3.00000000E+002</data>
<data> 2.10000000E+003</data>
</auxiliary>
<auxiliary keyword="PCHEB">
<data> 9.86923267E-003</data>
<data> 9.86923267E+001</data>
</auxiliary>
<auxiliary keyword="CHEB">
<data>     4</data>
<data>     4</data>
</auxiliary>
<auxiliary keyword="CHEB">
<data>-1.40950000E+001</data>
<data>-1.65010000E+000</data>
<data>-5.94690000E-002</data>
<data>-3.01480000E-003</data>
</auxiliary>
<auxiliary keyword="CHEB">
<data> 1.90680000E+001</data>
<data> 5.66490000E-001</data>
<data>-1.10170000E-001</data>
<data>-2.16370000E-003</data>
</auxiliary>
<auxiliary keyword="CHEB">
<data> 1.07060000E+000</data>
<data> 4.76150000E-001</data>
<data>-5.03610000E-002</data>
<data>-1.43310000E-002</data>
</auxiliary>
<auxiliary keyword="CHEB">
<data>-9.87200000E-002</data>
<data> 2.74320000E-001</data>
<data> 6.96490000E-003</data>
<data>-1.73430000E-002</data>
</auxiliary>
</reaction>
<reaction formula="C2H4O+CH3OH(+M)=C3H6O-enol2+H2O(+M)">
<rate A=" 1.00000000E+000" B=" 0.00000000E+000" E=" 0.00000000E+000"/>
<auxiliary keyword="TCHEB">
<data> 3.00000000E+002</data>
<data> 2.10000000E+003</data>
</auxiliary>
<auxiliary keyword="PCHEB">
<data> 9.86923267E-003</data>
<data> 9.86923267E+001</data>
</auxiliary>
<auxiliary keyword="CHEB">
<data>     4</data>
<data>     4</data>
</auxiliary>
<auxiliary keyword="CHEB">
<data>-1.17840000E+001</data>
<data>-1.62980000E+000</data>
<data>-6.14450000E-002</data>
<data>-1.62350000E-003</data>
</auxiliary>
<auxiliary keyword="CHEB">
<data> 1.71310000E+001</data>
<data> 5.97410000E-001</data>
<data>-1.13650000E-001</data>
<data>-9.62000000E-004</data>
</auxiliary>
<auxiliary keyword="CHEB">
<data> 9.16450000E-001</data>
<data> 4.81000000E-001</data>
<data>-3.83070000E-002</data>
<data>-1.59690000E-002</data>
</auxiliary>
<auxiliary keyword="CHEB">
<data> 4.27910000E-003</data>
<data> 2.68320000E-001</data>
<data> 2.19480000E-002</data>
<data>-1.86290000E-002</data>
</auxiliary>
</reaction>
<reaction formula="C3H6O-enol2(+M)=C2H3+CH2OH(+M)">
<rate A=" 1.00000000E+000" B=" 0.00000000E+000" E=" 0.00000000E+000"/>
<auxiliary keyword="TCHEB">
<data> 3.00000000E+002</data>
<data> 2.10000000E+003</data>
</auxiliary>
<auxiliary keyword="PCHEB">
<data> 9.86923267E-003</data>
<data> 9.86923267E+001</data>
</auxiliary>
<auxiliary keyword="CHEB">
<data>     4</data>
<data>     4</data>
</auxiliary>
<auxiliary keyword="CHEB">
<data>-2.43560000E+001</data>
<data> 7.82720000E-001</data>
<data>-1.98700000E-001</data>
<data> 3.97420000E-002</data>
</auxiliary>
<auxiliary keyword="CHEB">
<data> 2.96500000E+001</data>
<data> 7.16610000E-001</data>
<data> 3.44930000E-003</data>
<data>-5.52340000E-002</data>
</auxiliary>
<auxiliary keyword="CHEB">
<data>-6.87790000E-001</data>
<data> 3.36770000E-001</data>
<data> 7.13570000E-002</data>
<data>-2.28850000E-002</data>
</auxiliary>
<auxiliary keyword="CHEB">
<data>-4.20960000E-001</data>
<data> 1.01570000E-001</data>
<data> 5.53710000E-002</data>
<data> 4.59260000E-003</data>
</auxiliary>
</reaction>
<reaction formula="C3H6O-enol2(+M)=aC3H5+OH(+M)">
<rate A=" 1.00000000E+000" B=" 0.00000000E+000" E=" 0.00000000E+000"/>
<auxiliary keyword="TCHEB">
<data> 3.00000000E+002</data>
<data> 2.10000000E+003</data>
</auxiliary>
<auxiliary keyword="PCHEB">
<data> 9.86923267E-003</data>
<data> 9.86923267E+001</data>
</auxiliary>
<auxiliary keyword="CHEB">
<data>     4</data>
<data>     4</data>
</auxiliary>
<auxiliary keyword="CHEB">
<data>-1.79420000E+001</data>
<data> 2.66580000E-001</data>
<data>-4.04290000E-002</data>
<data> 8.12590000E-004</data>
</auxiliary>
<auxiliary keyword="CHEB">
<data> 2.42530000E+001</data>
<data> 4.17270000E-001</data>
<data>-6.85930000E-002</data>
<data> 1.48880000E-004</data>
</auxiliary>
<auxiliary keyword="CHEB">
<data>-4.48170000E-001</data>
<data> 3.56590000E-001</data>
<data>-2.89700000E-002</data>
<data>-6.25250000E-003</data>
</auxiliary>
<auxiliary keyword="CHEB">
<data>-3.39510000E-001</data>
<data> 2.20140000E-001</data>
<data> 3.73040000E-003</data>
<data>-6.88170000E-003</data>
</auxiliary>
</reaction>
<reaction formula="C3H6O-enol2(+M)=C3H5O-enol2+H(+M)">
<rate A=" 1.00000000E+000" B=" 0.00000000E+000" E=" 0.00000000E+000"/>
<auxiliary keyword="TCHEB">
<data> 3.00000000E+002</data>
<data> 2.10000000E+003</data>
</auxiliary>
<auxiliary keyword="PCHEB">
<data> 9.86923267E-003</data>
<data> 9.86923267E+001</data>
</auxiliary>
<auxiliary keyword="CHEB">
<data>     4</data>
<data>     4</data>
</auxiliary>
<auxiliary keyword="CHEB">
<data>-1.94880000E+001</data>
<data> 2.82780000E-001</data>
<data>-4.23730000E-002</data>
<data> 4.97840000E-004</data>
</auxiliary>
<auxiliary keyword="CHEB">
<data> 2.46140000E+001</data>
<data> 4.44940000E-001</data>
<data>-7.19920000E-002</data>
<data>-5.98570000E-004</data>
</auxiliary>
<auxiliary keyword="CHEB">
<data>-4.70330000E-001</data>
<data> 3.69800000E-001</data>
<data>-2.75410000E-002</data>
<data>-7.40580000E-003</data>
</auxiliary>
<auxiliary keyword="CHEB">
<data>-3.50660000E-001</data>
<data> 2.21240000E-001</data>
<data> 6.91810000E-003</data>
<data>-7.53140000E-003</data>
</auxiliary>
</reaction>
<reaction formula="C2H3+CH2OH(+M)=aC3H5+OH(+M)">
<rate A=" 1.00000000E+000" B=" 0.00000000E+000" E=" 0.00000000E+000"/>
<auxiliary keyword="TCHEB">
<data> 3.00000000E+002</data>
<data> 2.10000000E+003</data>
</auxiliary>
<auxiliary keyword="PCHEB">
<data> 9.86923267E-003</data>
<data> 9.86923267E+001</data>
</auxiliary>
<auxiliary keyword="CHEB">
<data>     4</data>
<data>     4</data>
</auxiliary>
<auxiliary keyword="CHEB">
<data> 1.19860000E+001</data>
<data>-1.11220000E+000</data>
<data>-1.79630000E-001</data>
<data> 3.54170000E-002</data>
</auxiliary>
<auxiliary keyword="CHEB">
<data> 1.05690000E+000</data>
<data> 8.74740000E-001</data>
<data> 4.80460000E-002</data>
<data>-5.93500000E-002</data>
</auxiliary>
<auxiliary keyword="CHEB">
<data> 2.04270000E-001</data>
<data> 3.05060000E-001</data>
<data> 9.04930000E-002</data>
<data>-8.73650000E-003</data>
</auxiliary>
<auxiliary keyword="CHEB">
<data>-4.61700000E-002</data>
<data>-1.04480000E-004</data>
<data> 4.66870000E-002</data>
<data> 1.92260000E-002</data>
</auxiliary>
</reaction>
<reaction formula="C2H3+CH2OH(+M)=C3H5O-enol2+H(+M)">
<rate A=" 1.00000000E+000" B=" 0.00000000E+000" E=" 0.00000000E+000"/>
<auxiliary keyword="TCHEB">
<data> 3.00000000E+002</data>
<data> 2.10000000E+003</data>
</auxiliary>
<auxiliary keyword="PCHEB">
<data> 9.86923267E-003</data>
<data> 9.86923267E+001</data>
</auxiliary>
<auxiliary keyword="CHEB">
<data>     4</data>
<data>     4</data>
</auxiliary>
<auxiliary keyword="CHEB">
<data> 1.07970000E+001</data>
<data>-1.10800000E+000</data>
<data>-1.79200000E-001</data>
<data> 3.51560000E-002</data>
</auxiliary>
<auxiliary keyword="CHEB">
<data> 1.10310000E+000</data>
<data> 8.79470000E-001</data>
<data> 4.94730000E-002</data>
<data>-5.94450000E-002</data>
</auxiliary>
<auxiliary keyword="CHEB">
<data> 2.24750000E-001</data>
<data> 3.01520000E-001</data>
<data> 9.08530000E-002</data>
<data>-8.08740000E-003</data>
</auxiliary>
<auxiliary keyword="CHEB">
<data>-4.13240000E-002</data>
<data>-4.73390000E-003</data>
<data> 4.59670000E-002</data>
<data> 1.96810000E-002</data>
</auxiliary>
</reaction>
<reaction formula="aC3H5+OH(+M)=C3H5O-enol2+H(+M)">
<rate A=" 1.00000000E+000" B=" 0.00000000E+000" E=" 0.00000000E+000"/>
<auxiliary keyword="TCHEB">
<data> 3.00000000E+002</data>
<data> 2.10000000E+003</data>
</auxiliary>
<auxiliary keyword="PCHEB">
<data> 9.86923267E-003</data>
<data> 9.86923267E+001</data>
</auxiliary>
<auxiliary keyword="CHEB">
<data>     4</data>
<data>     4</data>
</auxiliary>
<auxiliary keyword="CHEB">
<data> 9.22210000E+000</data>
<data>-1.46090000E+000</data>
<data>-6.05050000E-002</data>
<data> 7.39930000E-004</data>
</auxiliary>
<auxiliary keyword="CHEB">
<data> 2.40030000E+000</data>
<data> 8.82460000E-001</data>
<data>-9.18620000E-002</data>
<data>-8.25340000E-003</data>
</auxiliary>
<auxiliary keyword="CHEB">
<data> 5.15950000E-001</data>
<data> 4.71020000E-001</data>
<data> 2.55940000E-002</data>
<data>-1.34850000E-002</data>
</auxiliary>
<auxiliary keyword="CHEB">
<data>-1.28560000E-001</data>
<data> 1.16790000E-001</data>
<data> 6.58240000E-002</data>
<data>-3.78220000E-003</data>
</auxiliary>
</reaction>
<reaction formula="C2H4+C3H6O-enol2(+M)=C2H3+C3H7O-N1(+M)">
<rate A=" 1.00000000E+000" B=" 0.00000000E+000" E=" 0.00000000E+000"/>
<auxiliary keyword="TCHEB">
<data> 3.00000000E+002</data>
<data> 2.10000000E+003</data>
</auxiliary>
<auxiliary keyword="PCHEB">
<data> 9.86923267E-003</data>
<data> 9.86923267E+001</data>
</auxiliary>
<auxiliary keyword="CHEB">
<data>     4</data>
<data>     4</data>
</auxiliary>
<auxiliary keyword="CHEB">
<data>-2.00310000E+001</data>
<data>-9.55150000E-001</data>
<data>-1.75690000E-001</data>
<data> 2.75170000E-002</data>
</auxiliary>
<auxiliary keyword="CHEB">
<data> 2.47350000E+001</data>
<data> 9.53700000E-001</data>
<data> 1.04900000E-001</data>
<data>-5.55630000E-002</data>
</auxiliary>
<auxiliary keyword="CHEB">
<data> 1.19720000E-001</data>
<data> 1.63320000E-001</data>
<data> 9.28950000E-002</data>
<data> 1.20770000E-002</data>
</auxiliary>
<auxiliary keyword="CHEB">
<data>-8.75630000E-002</data>
<data>-1.13060000E-001</data>
<data> 1.07450000E-002</data>
<data> 2.33070000E-002</data>
</auxiliary>
</reaction>
<reaction formula="C2H4+C3H6O-enol2(+M)=aC3H5+C2H5O-1(+M)">
<rate A=" 1.00000000E+000" B=" 0.00000000E+000" E=" 0.00000000E+000"/>
<auxiliary keyword="TCHEB">
<data> 3.00000000E+002</data>
<data> 2.10000000E+003</data>
</auxiliary>
<auxiliary keyword="PCHEB">
<data> 9.86923267E-003</data>
<data> 9.86923267E+001</data>
</auxiliary>
<auxiliary keyword="CHEB">
<data>     4</data>
<data>     4</data>
</auxiliary>
<auxiliary keyword="CHEB">
<data>-1.14750000E+001</data>
<data>-1.40950000E+000</data>
<data>-4.33400000E-002</data>
<data> 8.20860000E-004</data>
</auxiliary>
<auxiliary keyword="CHEB">
<data> 1.85350000E+001</data>
<data> 9.92960000E-001</data>
<data>-6.37360000E-002</data>
<data>-6.56570000E-003</data>
</auxiliary>
<auxiliary keyword="CHEB">
<data> 3.10420000E-001</data>
<data> 4.90250000E-001</data>
<data> 3.76240000E-002</data>
<data>-7.98270000E-003</data>
</auxiliary>
<auxiliary keyword="CHEB">
<data>-3.01410000E-001</data>
<data> 6.67000000E-002</data>
<data> 6.32890000E-002</data>
<data> 1.31470000E-003</data>
</auxiliary>
</reaction>
<reaction formula="C2H3+C3H7O-N1(+M)=aC3H5+C2H5O-1(+M)">
<rate A=" 1.00000000E+000" B=" 0.00000000E+000" E=" 0.00000000E+000"/>
<auxiliary keyword="TCHEB">
<data> 3.00000000E+002</data>
<data> 2.10000000E+003</data>
</auxiliary>
<auxiliary keyword="PCHEB">
<data> 9.86923267E-003</data>
<data> 9.86923267E+001</data>
</auxiliary>
<auxiliary keyword="CHEB">
<data>     4</data>
<data>     4</data>
</auxiliary>
<auxiliary keyword="CHEB">
<data> 1.28180000E+001</data>
<data>-9.39210000E-001</data>
<data>-1.74960000E-001</data>
<data> 2.62680000E-002</data>
</auxiliary>
<auxiliary keyword="CHEB">
<data> 9.53580000E-001</data>
<data> 9.56830000E-001</data>
<data> 1.09310000E-001</data>
<data>-5.44520000E-002</data>
</auxiliary>
<auxiliary keyword="CHEB">
<data> 2.13230000E-001</data>
<data> 1.45020000E-001</data>
<data> 9.17370000E-002</data>
<data> 1.39820000E-002</data>
</auxiliary>
<auxiliary keyword="CHEB">
<data>-4.24140000E-002</data>
<data>-1.20300000E-001</data>
<data> 6.32130000E-003</data>
<data> 2.26330000E-002</data>
</auxiliary>
</reaction>
<reaction formula="C4H8-1+C3H6O-enol2(+M)=aC3H5+C4H9O-3(+M)">
<rate A=" 1.00000000E+000" B=" 0.00000000E+000" E=" 0.00000000E+000"/>
<auxiliary keyword="TCHEB">
<data> 3.00000000E+002</data>
<data> 2.10000000E+003</data>
</auxiliary>
<auxiliary keyword="PCHEB">
<data> 9.86923267E-003</data>
<data> 9.86923267E+001</data>
</auxiliary>
<auxiliary keyword="CHEB">
<data>     4</data>
<data>     4</data>
</auxiliary>
<auxiliary keyword="CHEB">
<data>-1.26690000E+001</data>
<data>-1.43330000E+000</data>
<data>-3.60000000E-002</data>
<data>-6.06190000E-004</data>
</auxiliary>
<auxiliary keyword="CHEB">
<data> 1.96360000E+001</data>
<data> 9.76150000E-001</data>
<data>-6.35040000E-002</data>
<data>-5.66440000E-003</data>
</auxiliary>
<auxiliary keyword="CHEB">
<data> 3.28700000E-001</data>
<data> 5.27600000E-001</data>
<data> 2.59500000E-002</data>
<data>-6.44230000E-003</data>
</auxiliary>
<auxiliary keyword="CHEB">
<data>-3.76010000E-001</data>
<data> 9.45950000E-002</data>
<data> 6.06740000E-002</data>
<data> 5.47280000E-005</data>
</auxiliary>
</reaction>
<reaction formula="C4H8-1+C3H6O-enol2(+M)=C4H8-2+C3H6O-enol2(+M)">
<rate A=" 1.00000000E+000" B=" 0.00000000E+000" E=" 0.00000000E+000"/>
<auxiliary keyword="TCHEB">
<data> 3.00000000E+002</data>
<data> 2.10000000E+003</data>
</auxiliary>
<auxiliary keyword="PCHEB">
<data> 9.86923267E-003</data>
<data> 9.86923267E+001</data>
</auxiliary>
<auxiliary keyword="CHEB">
<data>     4</data>
<data>     4</data>
</auxiliary>
<auxiliary keyword="CHEB">
<data>-1.50710000E+001</data>
<data>-1.71070000E+000</data>
<data>-6.38030000E-002</data>
<data>-1.40110000E-003</data>
</auxiliary>
<auxiliary keyword="CHEB">
<data> 1.99770000E+001</data>
<data> 4.59800000E-001</data>
<data>-1.13150000E-001</data>
<data> 1.60300000E-003</data>
</auxiliary>
<auxiliary keyword="CHEB">
<data> 1.02720000E+000</data>
<data> 4.11810000E-001</data>
<data>-6.92880000E-002</data>
<data>-1.12260000E-002</data>
</auxiliary>
<auxiliary keyword="CHEB">
<data>-9.58970000E-002</data>
<data> 2.59110000E-001</data>
<data>-1.64280000E-002</data>
<data>-1.68550000E-002</data>
</auxiliary>
</reaction>
<reaction formula="C3H6O-enol2+C2H4O(+M)=CH2CHO+C3H7O-N1(+M)">
<rate A=" 1.00000000E+000" B=" 0.00000000E+000" E=" 0.00000000E+000"/>
<auxiliary keyword="TCHEB">
<data> 3.00000000E+002</data>
<data> 2.10000000E+003</data>
</auxiliary>
<auxiliary keyword="PCHEB">
<data> 9.86923267E-003</data>
<data> 9.86923267E+001</data>
</auxiliary>
<auxiliary keyword="CHEB">
<data>     4</data>
<data>     4</data>
</auxiliary>
<auxiliary keyword="CHEB">
<data>-1.37250000E+001</data>
<data>-1.39150000E+000</data>
<data>-4.26480000E-002</data>
<data> 8.95490000E-004</data>
</auxiliary>
<auxiliary keyword="CHEB">
<data> 2.00860000E+001</data>
<data> 1.02490000E+000</data>
<data>-5.96330000E-002</data>
<data>-6.84310000E-003</data>
</auxiliary>
<auxiliary keyword="CHEB">
<data> 2.78010000E-001</data>
<data> 4.78090000E-001</data>
<data> 4.12220000E-002</data>
<data>-7.43510000E-003</data>
</auxiliary>
<auxiliary keyword="CHEB">
<data>-3.06050000E-001</data>
<data> 3.67700000E-002</data>
<data> 6.25310000E-002</data>
<data> 2.35790000E-003</data>
</auxiliary>
</reaction>
<reaction formula="nC4H8O+CH3(+M)=CH3CHO+C3H7-1(+M)">
<rate A=" 1.00000000E+000" B=" 0.00000000E+000" E=" 0.00000000E+000"/>
<auxiliary keyword="TCHEB">
<data> 3.00000000E+002</data>
<data> 2.10000000E+003</data>
</auxiliary>
<auxiliary keyword="PCHEB">
<data> 9.86923267E-003</data>
<data> 9.86923267E+001</data>
</auxiliary>
<auxiliary keyword="CHEB">
<data>     4</data>
<data>     4</data>
</auxiliary>
<auxiliary keyword="CHEB">
<data> 6.33730000E+000</data>
<data>-2.37580000E-002</data>
<data>-1.69120000E-002</data>
<data>-8.13010000E-003</data>
</auxiliary>
<auxiliary keyword="CHEB">
<data> 3.86630000E+000</data>
<data> 3.39080000E-002</data>
<data> 2.40600000E-002</data>
<data> 1.15210000E-002</data>
</auxiliary>
<auxiliary keyword="CHEB">
<data> 1.88670000E-001</data>
<data>-1.02550000E-002</data>
<data>-7.15100000E-003</data>
<data>-3.34920000E-003</data>
</auxiliary>
<auxiliary keyword="CHEB">
<data> 1.01000000E-001</data>
<data>-1.07360000E-003</data>
<data>-8.54730000E-004</data>
<data>-4.64620000E-004</data>
</auxiliary>
</reaction>
<reaction formula="nC4H8O(+M)=C2H5+CH2CHO(+M)">
<rate A=" 1.00000000E+000" B=" 0.00000000E+000" E=" 0.00000000E+000"/>
<auxiliary keyword="TCHEB">
<data> 3.00000000E+002</data>
<data> 2.10000000E+003</data>
</auxiliary>
<auxiliary keyword="PCHEB">
<data> 9.86923267E-003</data>
<data> 9.86923267E+001</data>
</auxiliary>
<auxiliary keyword="CHEB">
<data>     4</data>
<data>     4</data>
</auxiliary>
<auxiliary keyword="CHEB">
<data>-1.84060000E+001</data>
<data> 4.19010000E-001</data>
<data>-4.10190000E-002</data>
<data> 1.27250000E-003</data>
</auxiliary>
<auxiliary keyword="CHEB">
<data> 2.53220000E+001</data>
<data> 6.81950000E-001</data>
<data>-6.58200000E-002</data>
<data>-2.29080000E-003</data>
</auxiliary>
<auxiliary keyword="CHEB">
<data>-8.79520000E-001</data>
<data> 4.43430000E-001</data>
<data> 2.01300000E-003</data>
<data>-6.67830000E-003</data>
</auxiliary>
<auxiliary keyword="CHEB">
<data>-5.88340000E-001</data>
<data> 1.82500000E-001</data>
<data> 3.22990000E-002</data>
<data>-3.04260000E-003</data>
</auxiliary>
</reaction>
<reaction formula="nC4H8O(+M)=C3H7-1+HCO(+M)">
<rate A=" 1.00000000E+000" B=" 0.00000000E+000" E=" 0.00000000E+000"/>
<auxiliary keyword="TCHEB">
<data> 3.00000000E+002</data>
<data> 2.10000000E+003</data>
</auxiliary>
<auxiliary keyword="PCHEB">
<data> 9.86923267E-003</data>
<data> 9.86923267E+001</data>
</auxiliary>
<auxiliary keyword="CHEB">
<data>     4</data>
<data>     4</data>
</auxiliary>
<auxiliary keyword="CHEB">
<data>-1.73040000E+001</data>
<data> 3.91010000E-001</data>
<data>-3.67520000E-002</data>
<data> 8.27600000E-004</data>
</auxiliary>
<auxiliary keyword="CHEB">
<data> 2.49460000E+001</data>
<data> 6.37290000E-001</data>
<data>-6.14120000E-002</data>
<data>-1.80660000E-003</data>
</auxiliary>
<auxiliary keyword="CHEB">
<data>-8.45810000E-001</data>
<data> 4.34220000E-001</data>
<data>-1.70680000E-003</data>
<data>-5.62800000E-003</data>
</auxiliary>
<auxiliary keyword="CHEB">
<data>-5.79170000E-001</data>
<data> 1.92240000E-001</data>
<data> 2.80440000E-002</data>
<data>-2.92790000E-003</data>
</auxiliary>
</reaction>
<reaction formula="nC4H8O(+M)=C4H7OJ(12)+H(+M)">
<rate A=" 1.00000000E+000" B=" 0.00000000E+000" E=" 0.00000000E+000"/>
<auxiliary keyword="TCHEB">
<data> 3.00000000E+002</data>
<data> 2.10000000E+003</data>
</auxiliary>
<auxiliary keyword="PCHEB">
<data> 9.86923267E-003</data>
<data> 9.86923267E+001</data>
</auxiliary>
<auxiliary keyword="CHEB">
<data>     4</data>
<data>     4</data>
</auxiliary>
<auxiliary keyword="CHEB">
<data>-2.52930000E+001</data>
<data> 7.17620000E-001</data>
<data>-1.24510000E-001</data>
<data> 2.59910000E-002</data>
</auxiliary>
<auxiliary keyword="CHEB">
<data> 2.79670000E+001</data>
<data> 8.94800000E-001</data>
<data>-1.83910000E-002</data>
<data>-3.46180000E-002</data>
</auxiliary>
<auxiliary keyword="CHEB">
<data>-1.02610000E+000</data>
<data> 3.69560000E-001</data>
<data> 6.70460000E-002</data>
<data>-1.53720000E-002</data>
</auxiliary>
<auxiliary keyword="CHEB">
<data>-5.81220000E-001</data>
<data> 4.93240000E-002</data>
<data> 5.29130000E-002</data>
<data> 6.93380000E-003</data>
</auxiliary>
</reaction>
<reaction formula="C2H5+CH2CHO(+M)=C3H7-1+HCO(+M)">
<rate A=" 1.00000000E+000" B=" 0.00000000E+000" E=" 0.00000000E+000"/>
<auxiliary keyword="TCHEB">
<data> 3.00000000E+002</data>
<data> 2.10000000E+003</data>
</auxiliary>
<auxiliary keyword="PCHEB">
<data> 9.86923267E-003</data>
<data> 9.86923267E+001</data>
</auxiliary>
<auxiliary keyword="CHEB">
<data>     4</data>
<data>     4</data>
</auxiliary>
<auxiliary keyword="CHEB">
<data> 1.12020000E+001</data>
<data>-1.28200000E+000</data>
<data>-6.21090000E-002</data>
<data> 4.81830000E-003</data>
</auxiliary>
<auxiliary keyword="CHEB">
<data> 2.71660000E+000</data>
<data> 1.09680000E+000</data>
<data>-3.81820000E-002</data>
<data>-1.18170000E-002</data>
</auxiliary>
<auxiliary keyword="CHEB">
<data> 2.22830000E-001</data>
<data> 3.49740000E-001</data>
<data> 7.04280000E-002</data>
<data>-6.83680000E-003</data>
</auxiliary>
<auxiliary keyword="CHEB">
<data>-2.27370000E-001</data>
<data>-5.91770000E-002</data>
<data> 5.13510000E-002</data>
<data> 8.78830000E-003</data>
</auxiliary>
</reaction>
<reaction formula="C2H5+CH2CHO(+M)=C4H7OJ(12)+H(+M)">
<rate A=" 1.00000000E+000" B=" 0.00000000E+000" E=" 0.00000000E+000"/>
<auxiliary keyword="TCHEB">
<data> 3.00000000E+002</data>
<data> 2.10000000E+003</data>
</auxiliary>
<auxiliary keyword="PCHEB">
<data> 9.86923267E-003</data>
<data> 9.86923267E+001</data>
</auxiliary>
<auxiliary keyword="CHEB">
<data>     4</data>
<data>     4</data>
</auxiliary>
<auxiliary keyword="CHEB">
<data> 5.00400000E+000</data>
<data>-1.07930000E+000</data>
<data>-1.21520000E-001</data>
<data> 1.92780000E-002</data>
</auxiliary>
<auxiliary keyword="CHEB">
<data> 4.69200000E+000</data>
<data> 1.06700000E+000</data>
<data> 4.10940000E-002</data>
<data>-3.69470000E-002</data>
</auxiliary>
<auxiliary keyword="CHEB">
<data> 2.15210000E-001</data>
<data> 1.91680000E-001</data>
<data> 9.02980000E-002</data>
<data> 3.02270000E-003</data>
</auxiliary>
<auxiliary keyword="CHEB">
<data>-1.10180000E-001</data>
<data>-1.23200000E-001</data>
<data> 2.14060000E-002</data>
<data> 1.78600000E-002</data>
</auxiliary>
</reaction>
<reaction formula="C3H7-1+HCO(+M)=C4H7OJ(12)+H(+M)">
<rate A=" 1.00000000E+000" B=" 0.00000000E+000" E=" 0.00000000E+000"/>
<auxiliary keyword="TCHEB">
<data> 3.00000000E+002</data>
<data> 2.10000000E+003</data>
</auxiliary>
<auxiliary keyword="PCHEB">
<data> 9.86923267E-003</data>
<data> 9.86923267E+001</data>
</auxiliary>
<auxiliary keyword="CHEB">
<data>     4</data>
<data>     4</data>
</auxiliary>
<auxiliary keyword="CHEB">
<data> 5.15040000E+000</data>
<data>-1.09030000E+000</data>
<data>-1.20440000E-001</data>
<data> 1.96550000E-002</data>
</auxiliary>
<auxiliary keyword="CHEB">
<data> 4.85820000E+000</data>
<data> 1.06570000E+000</data>
<data> 3.82720000E-002</data>
<data>-3.69510000E-002</data>
</auxiliary>
<auxiliary keyword="CHEB">
<data> 2.19780000E-001</data>
<data> 2.03710000E-001</data>
<data> 8.95360000E-002</data>
<data> 2.19190000E-003</data>
</auxiliary>
<auxiliary keyword="CHEB">
<data>-8.70320000E-002</data>
<data>-1.18990000E-001</data>
<data> 2.36790000E-002</data>
<data> 1.77310000E-002</data>
</auxiliary>
</reaction>
<reaction formula="C4H7-24+OH(+M)=C3H5O-enol2+CH3(+M)">
<rate A=" 1.00000000E+000" B=" 0.00000000E+000" E=" 0.00000000E+000"/>
<auxiliary keyword="TCHEB">
<data> 3.00000000E+002</data>
<data> 2.10000000E+003</data>
</auxiliary>
<auxiliary keyword="PCHEB">
<data> 9.86923267E-003</data>
<data> 9.86923267E+001</data>
</auxiliary>
<auxiliary keyword="CHEB">
<data>     4</data>
<data>     4</data>
</auxiliary>
<auxiliary keyword="CHEB">
<data> 1.16400000E+001</data>
<data>-6.54810000E-001</data>
<data>-1.97070000E-001</data>
<data> 2.39850000E-003</data>
</auxiliary>
<auxiliary keyword="CHEB">
<data> 1.00460000E+000</data>
<data> 7.29630000E-001</data>
<data> 1.80830000E-001</data>
<data>-2.97550000E-002</data>
</auxiliary>
<auxiliary keyword="CHEB">
<data> 3.38470000E-002</data>
<data> 1.69290000E-002</data>
<data> 4.19320000E-002</data>
<data> 2.19740000E-002</data>
</auxiliary>
<auxiliary keyword="CHEB">
<data>-6.58130000E-002</data>
<data>-1.10290000E-001</data>
<data>-2.65690000E-002</data>
<data> 8.67950000E-003</data>
</auxiliary>
</reaction>
<reaction formula="C4H7-24(+M)=C4H6-13+H(+M)">
<rate A=" 1.00000000E+000" B=" 0.00000000E+000" E=" 0.00000000E+000"/>
<auxiliary keyword="TCHEB">
<data> 3.00000000E+002</data>
<data> 2.10000000E+003</data>
</auxiliary>
<auxiliary keyword="PCHEB">
<data> 9.86923267E-003</data>
<data> 9.86923267E+001</data>
</auxiliary>
<auxiliary keyword="CHEB">
<data>     4</data>
<data>     4</data>
</auxiliary>
<auxiliary keyword="CHEB">
<data>-5.07340000E+000</data>
<data> 4.58050000E-001</data>
<data>-6.25960000E-002</data>
<data> 8.07430000E-003</data>
</auxiliary>
<auxiliary keyword="CHEB">
<data> 1.32750000E+001</data>
<data> 7.04480000E-001</data>
<data>-6.92180000E-002</data>
<data>-6.87120000E-003</data>
</auxiliary>
<auxiliary keyword="CHEB">
<data>-6.75000000E-001</data>
<data> 4.41730000E-001</data>
<data> 6.87540000E-003</data>
<data>-1.24440000E-002</data>
</auxiliary>
<auxiliary keyword="CHEB">
<data>-3.99200000E-001</data>
<data> 1.72730000E-001</data>
<data> 3.52570000E-002</data>
<data>-5.18990000E-003</data>
</auxiliary>
</reaction>
<reaction formula="C4H7-24(+M)=C2H4+C2H3(+M)">
<rate A=" 1.00000000E+000" B=" 0.00000000E+000" E=" 0.00000000E+000"/>
<auxiliary keyword="TCHEB">
<data> 3.00000000E+002</data>
<data> 2.10000000E+003</data>
</auxiliary>
<auxiliary keyword="PCHEB">
<data> 9.86923267E-003</data>
<data> 9.86923267E+001</data>
</auxiliary>
<auxiliary keyword="CHEB">
<data>     4</data>
<data>     4</data>
</auxiliary>
<auxiliary keyword="CHEB">
<data>-9.00330000E+000</data>
<data> 2.09020000E-001</data>
<data>-4.17930000E-001</data>
<data> 2.42770000E-002</data>
</auxiliary>
<auxiliary keyword="CHEB">
<data> 1.63520000E+001</data>
<data> 1.28460000E+000</data>
<data> 1.87320000E-001</data>
<data>-5.94390000E-002</data>
</auxiliary>
<auxiliary keyword="CHEB">
<data>-9.17660000E-001</data>
<data> 3.76920000E-001</data>
<data> 1.21020000E-001</data>
<data>-1.85560000E-003</data>
</auxiliary>
<auxiliary keyword="CHEB">
<data>-5.24710000E-001</data>
<data> 2.15590000E-003</data>
<data> 3.05200000E-002</data>
<data> 1.04380000E-002</data>
</auxiliary>
</reaction>
<reaction formula="C4H6-13+H(+M)=C2H4+C2H3(+M)">
<rate A=" 1.00000000E+000" B=" 0.00000000E+000" E=" 0.00000000E+000"/>
<auxiliary keyword="TCHEB">
<data> 3.00000000E+002</data>
<data> 2.10000000E+003</data>
</auxiliary>
<auxiliary keyword="PCHEB">
<data> 9.86923267E-003</data>
<data> 9.86923267E+001</data>
</auxiliary>
<auxiliary keyword="CHEB">
<data>     4</data>
<data>     4</data>
</auxiliary>
<auxiliary keyword="CHEB">
<data> 1.03620000E+001</data>
<data>-6.44280000E-001</data>
<data>-1.79930000E-001</data>
<data>-1.08850000E-002</data>
</auxiliary>
<auxiliary keyword="CHEB">
<data> 3.51050000E+000</data>
<data> 6.50150000E-001</data>
<data> 1.58310000E-001</data>
<data>-8.27490000E-004</data>
</auxiliary>
<auxiliary keyword="CHEB">
<data>-2.64840000E-001</data>
<data> 8.46310000E-002</data>
<data> 4.44640000E-002</data>
<data> 1.10980000E-002</data>
</auxiliary>
<auxiliary keyword="CHEB">
<data>-1.77730000E-001</data>
<data>-7.30390000E-002</data>
<data>-1.64170000E-002</data>
<data> 1.30440000E-003</data>
</auxiliary>
</reaction>
<reaction formula="C4H7-24+C2H5O-1(+M)=C2H3+C4H9O-2(+M)">
<rate A=" 1.00000000E+000" B=" 0.00000000E+000" E=" 0.00000000E+000"/>
<auxiliary keyword="TCHEB">
<data> 3.00000000E+002</data>
<data> 2.10000000E+003</data>
</auxiliary>
<auxiliary keyword="PCHEB">
<data> 9.86923267E-003</data>
<data> 9.86923267E+001</data>
</auxiliary>
<auxiliary keyword="CHEB">
<data>     4</data>
<data>     4</data>
</auxiliary>
<auxiliary keyword="CHEB">
<data> 3.00380000E+000</data>
<data>-1.14570000E+000</data>
<data>-1.12660000E-001</data>
<data> 1.91080000E-002</data>
</auxiliary>
<auxiliary keyword="CHEB">
<data> 9.57780000E+000</data>
<data> 1.10000000E+000</data>
<data> 1.31780000E-002</data>
<data>-3.37580000E-002</data>
</auxiliary>
<auxiliary keyword="CHEB">
<data> 2.42720000E-001</data>
<data> 2.43460000E-001</data>
<data> 1.03640000E-001</data>
<data>-4.91320000E-003</data>
</auxiliary>
<auxiliary keyword="CHEB">
<data>-9.89770000E-002</data>
<data>-1.18460000E-001</data>
<data> 3.65170000E-002</data>
<data> 2.05180000E-002</data>
</auxiliary>
</reaction>
<reaction formula="C4H7-24+OH(+M)=C4H6-13+H2O(+M)">
<rate A=" 1.00000000E+000" B=" 0.00000000E+000" E=" 0.00000000E+000"/>
<auxiliary keyword="TCHEB">
<data> 3.00000000E+002</data>
<data> 2.10000000E+003</data>
</auxiliary>
<auxiliary keyword="PCHEB">
<data> 9.86923267E-003</data>
<data> 9.86923267E+001</data>
</auxiliary>
<auxiliary keyword="CHEB">
<data>     4</data>
<data>     4</data>
</auxiliary>
<auxiliary keyword="CHEB">
<data> 9.79840000E+000</data>
<data>-1.36060000E+000</data>
<data>-6.42710000E-002</data>
<data> 4.81980000E-003</data>
</auxiliary>
<auxiliary keyword="CHEB">
<data> 1.33350000E+000</data>
<data> 1.01860000E+000</data>
<data>-6.39300000E-002</data>
<data>-1.33400000E-002</data>
</auxiliary>
<auxiliary keyword="CHEB">
<data> 5.01120000E-002</data>
<data> 4.31760000E-001</data>
<data> 5.66570000E-002</data>
<data>-1.17980000E-002</data>
</auxiliary>
<auxiliary keyword="CHEB">
<data>-2.12710000E-001</data>
<data> 1.91310000E-002</data>
<data> 6.89440000E-002</data>
<data> 4.55240000E-003</data>
</auxiliary>
</reaction>
<reaction formula="C4H6-13+H2O(+M)=C3H5O-enol2+CH3(+M)">
<rate A=" 1.00000000E+000" B=" 0.00000000E+000" E=" 0.00000000E+000"/>
<auxiliary keyword="TCHEB">
<data> 3.00000000E+002</data>
<data> 2.10000000E+003</data>
</auxiliary>
<auxiliary keyword="PCHEB">
<data> 9.86923267E-003</data>
<data> 9.86923267E+001</data>
</auxiliary>
<auxiliary keyword="CHEB">
<data>     4</data>
<data>     4</data>
</auxiliary>
<auxiliary keyword="CHEB">
<data>-1.60420000E+001</data>
<data>-1.47230000E+000</data>
<data>-4.40050000E-002</data>
<data>-2.67080000E-004</data>
</auxiliary>
<auxiliary keyword="CHEB">
<data> 2.19920000E+001</data>
<data> 8.86350000E-001</data>
<data>-7.40840000E-002</data>
<data>-5.59840000E-003</data>
</auxiliary>
<auxiliary keyword="CHEB">
<data> 2.33810000E-001</data>
<data> 5.09180000E-001</data>
<data> 1.85140000E-002</data>
<data>-8.85240000E-003</data>
</auxiliary>
<auxiliary keyword="CHEB">
<data>-2.68220000E-001</data>
<data> 1.39220000E-001</data>
<data> 5.56750000E-002</data>
<data>-2.44980000E-003</data>
</auxiliary>
</reaction>
<reaction formula="C4H8-2(+M)=C4H7-24+H(+M)">
<rate A=" 1.00000000E+000" B=" 0.00000000E+000" E=" 0.00000000E+000"/>
<auxiliary keyword="TCHEB">
<data> 3.00000000E+002</data>
<data> 2.10000000E+003</data>
</auxiliary>
<auxiliary keyword="PCHEB">
<data> 9.86923267E-003</data>
<data> 9.86923267E+001</data>
</auxiliary>
<auxiliary keyword="CHEB">
<data>     4</data>
<data>     4</data>
</auxiliary>
<auxiliary keyword="CHEB">
<data>-2.16270000E+001</data>
<data> 1.79200000E-001</data>
<data>-1.97280000E-002</data>
<data> 8.18850000E-004</data>
</auxiliary>
<auxiliary keyword="CHEB">
<data> 2.71000000E+001</data>
<data> 2.73990000E-001</data>
<data>-3.55260000E-002</data>
<data> 1.75410000E-003</data>
</auxiliary>
<auxiliary keyword="CHEB">
<data>-4.08250000E-001</data>
<data> 2.71230000E-001</data>
<data>-1.98180000E-002</data>
<data>-6.78470000E-004</data>
</auxiliary>
<auxiliary keyword="CHEB">
<data>-3.43940000E-001</data>
<data> 1.94100000E-001</data>
<data>-2.54530000E-003</data>
<data>-1.90960000E-003</data>
</auxiliary>
</reaction>
<reaction formula="C2H4+C4H7-24(+M)=aC3H5+C3H6(+M)">
<rate A=" 1.00000000E+000" B=" 0.00000000E+000" E=" 0.00000000E+000"/>
<auxiliary keyword="TCHEB">
<data> 3.00000000E+002</data>
<data> 2.10000000E+003</data>
</auxiliary>
<auxiliary keyword="PCHEB">
<data> 9.86923267E-003</data>
<data> 9.86923267E+001</data>
</auxiliary>
<auxiliary keyword="CHEB">
<data>     4</data>
<data>     4</data>
</auxiliary>
<auxiliary keyword="CHEB">
<data>-8.84570000E+000</data>
<data>-1.30300000E+000</data>
<data>-4.94990000E-002</data>
<data> 7.40540000E-004</data>
</auxiliary>
<auxiliary keyword="CHEB">
<data> 1.67630000E+001</data>
<data> 1.13940000E+000</data>
<data>-4.70090000E-002</data>
<data>-1.05030000E-002</data>
</auxiliary>
<auxiliary keyword="CHEB">
<data> 2.67530000E-001</data>
<data> 3.76120000E-001</data>
<data> 6.06970000E-002</data>
<data>-5.35360000E-003</data>
</auxiliary>
<auxiliary keyword="CHEB">
<data>-2.71490000E-001</data>
<data>-9.93840000E-002</data>
<data> 5.82900000E-002</data>
<data> 7.91000000E-003</data>
</auxiliary>
</reaction>
<reaction formula="C3H6+C4H7-24(+M)=aC3H5+C4H8-2(+M)">
<rate A=" 1.00000000E+000" B=" 0.00000000E+000" E=" 0.00000000E+000"/>
<auxiliary keyword="TCHEB">
<data> 3.00000000E+002</data>
<data> 2.10000000E+003</data>
</auxiliary>
<auxiliary keyword="PCHEB">
<data> 9.86923267E-003</data>
<data> 9.86923267E+001</data>
</auxiliary>
<auxiliary keyword="CHEB">
<data>     4</data>
<data>     4</data>
</auxiliary>
<auxiliary keyword="CHEB">
<data>-9.77590000E+000</data>
<data>-1.28350000E+000</data>
<data>-5.22720000E-002</data>
<data> 2.63430000E-003</data>
</auxiliary>
<auxiliary keyword="CHEB">
<data> 1.73590000E+001</data>
<data> 1.15590000E+000</data>
<data>-4.04820000E-002</data>
<data>-1.10670000E-002</data>
</auxiliary>
<auxiliary keyword="CHEB">
<data> 1.39850000E-001</data>
<data> 3.53320000E-001</data>
<data> 6.62930000E-002</data>
<data>-6.86920000E-003</data>
</auxiliary>
<auxiliary keyword="CHEB">
<data>-3.87710000E-001</data>
<data>-1.18850000E-001</data>
<data> 5.23720000E-002</data>
<data> 9.42480000E-003</data>
</auxiliary>
</reaction>
<reaction formula="C2H4O+C4H7-24(+M)=C3H6+C3H5O-enol2(+M)">
<rate A=" 1.00000000E+000" B=" 0.00000000E+000" E=" 0.00000000E+000"/>
<auxiliary keyword="TCHEB">
<data> 3.00000000E+002</data>
<data> 2.10000000E+003</data>
</auxiliary>
<auxiliary keyword="PCHEB">
<data> 9.86923267E-003</data>
<data> 9.86923267E+001</data>
</auxiliary>
<auxiliary keyword="CHEB">
<data>     4</data>
<data>     4</data>
</auxiliary>
<auxiliary keyword="CHEB">
<data>-9.08240000E+000</data>
<data>-1.30480000E+000</data>
<data>-5.08990000E-002</data>
<data> 2.41840000E-003</data>
</auxiliary>
<auxiliary keyword="CHEB">
<data> 1.64720000E+001</data>
<data> 1.13830000E+000</data>
<data>-4.55330000E-002</data>
<data>-1.13080000E-002</data>
</auxiliary>
<auxiliary keyword="CHEB">
<data> 1.88800000E-001</data>
<data> 3.81330000E-001</data>
<data> 6.10000000E-002</data>
<data>-7.52600000E-003</data>
</auxiliary>
<auxiliary keyword="CHEB">
<data>-2.48200000E-001</data>
<data>-9.80410000E-002</data>
<data> 5.65700000E-002</data>
<data> 8.24120000E-003</data>
</auxiliary>
</reaction>
<reaction formula="C4H6-13+C2H5(+M)=C4H8-1+C2H3(+M)">
<rate A=" 1.00000000E+000" B=" 0.00000000E+000" E=" 0.00000000E+000"/>
<auxiliary keyword="TCHEB">
<data> 3.00000000E+002</data>
<data> 2.10000000E+003</data>
</auxiliary>
<auxiliary keyword="PCHEB">
<data> 9.86923267E-003</data>
<data> 9.86923267E+001</data>
</auxiliary>
<auxiliary keyword="CHEB">
<data>     4</data>
<data>     4</data>
</auxiliary>
<auxiliary keyword="CHEB">
<data>-7.14490000E-001</data>
<data>-5.87070000E-001</data>
<data>-1.95820000E-001</data>
<data>-7.69660000E-003</data>
</auxiliary>
<auxiliary keyword="CHEB">
<data> 9.24820000E+000</data>
<data> 6.82080000E-001</data>
<data> 1.90840000E-001</data>
<data>-1.80200000E-002</data>
</auxiliary>
<auxiliary keyword="CHEB">
<data> 1.08220000E-001</data>
<data>-1.25760000E-002</data>
<data> 3.79060000E-002</data>
<data> 2.76310000E-002</data>
</auxiliary>
<auxiliary keyword="CHEB">
<data>-1.03760000E-002</data>
<data>-9.96460000E-002</data>
<data>-3.13050000E-002</data>
<data> 3.92040000E-003</data>
</auxiliary>
</reaction>
<reaction formula="C4H6-13+CH2OH(+M)=C2H4+C3H5O-enol2(+M)">
<rate A=" 1.00000000E+000" B=" 0.00000000E+000" E=" 0.00000000E+000"/>
<auxiliary keyword="TCHEB">
<data> 3.00000000E+002</data>
<data> 2.10000000E+003</data>
</auxiliary>
<auxiliary keyword="PCHEB">
<data> 9.86923267E-003</data>
<data> 9.86923267E+001</data>
</auxiliary>
<auxiliary keyword="CHEB">
<data>     4</data>
<data>     4</data>
</auxiliary>
<auxiliary keyword="CHEB">
<data>-4.45350000E+000</data>
<data>-8.92980000E-001</data>
<data>-2.00630000E-001</data>
<data> 1.96520000E-002</data>
</auxiliary>
<auxiliary keyword="CHEB">
<data> 1.14540000E+001</data>
<data> 8.83190000E-001</data>
<data> 1.15720000E-001</data>
<data>-6.18250000E-002</data>
</auxiliary>
<auxiliary keyword="CHEB">
<data> 1.45930000E-001</data>
<data> 1.20050000E-001</data>
<data> 8.89300000E-002</data>
<data> 1.72020000E-002</data>
</auxiliary>
<auxiliary keyword="CHEB">
<data>-4.17400000E-002</data>
<data>-1.05760000E-001</data>
<data> 5.53560000E-003</data>
<data> 2.49450000E-002</data>
</auxiliary>
</reaction>
<reaction formula="C4H6-13+CH2OH(+M)=C3H6O-enol2+C2H3(+M)">
<rate A=" 1.00000000E+000" B=" 0.00000000E+000" E=" 0.00000000E+000"/>
<auxiliary keyword="TCHEB">
<data> 3.00000000E+002</data>
<data> 2.10000000E+003</data>
</auxiliary>
<auxiliary keyword="PCHEB">
<data> 9.86923267E-003</data>
<data> 9.86923267E+001</data>
</auxiliary>
<auxiliary keyword="CHEB">
<data>     4</data>
<data>     4</data>
</auxiliary>
<auxiliary keyword="CHEB">
<data>-1.30350000E+000</data>
<data>-5.67490000E-001</data>
<data>-2.08770000E-001</data>
<data>-1.67420000E-002</data>
</auxiliary>
<auxiliary keyword="CHEB">
<data> 9.85610000E+000</data>
<data> 6.11300000E-001</data>
<data> 1.88250000E-001</data>
<data>-1.10510000E-002</data>
</auxiliary>
<auxiliary keyword="CHEB">
<data> 8.65810000E-002</data>
<data> 3.07100000E-002</data>
<data> 4.58710000E-002</data>
<data> 2.52640000E-002</data>
</auxiliary>
<auxiliary keyword="CHEB">
<data>-1.54720000E-002</data>
<data>-8.37320000E-002</data>
<data>-2.45580000E-002</data>
<data> 5.42350000E-003</data>
</auxiliary>
</reaction>
<reaction formula="C4H6-13+CH3(+M)=C3H6+C2H3(+M)">
<rate A=" 1.00000000E+000" B=" 0.00000000E+000" E=" 0.00000000E+000"/>
<auxiliary keyword="TCHEB">
<data> 3.00000000E+002</data>
<data> 2.10000000E+003</data>
</auxiliary>
<auxiliary keyword="PCHEB">
<data> 9.86923267E-003</data>
<data> 9.86923267E+001</data>
</auxiliary>
<auxiliary keyword="CHEB">
<data>     4</data>
<data>     4</data>
</auxiliary>
<auxiliary keyword="CHEB">
<data> 9.66980000E-001</data>
<data>-3.95420000E-001</data>
<data>-1.75730000E-001</data>
<data>-3.21870000E-002</data>
</auxiliary>
<auxiliary keyword="CHEB">
<data> 8.27500000E+000</data>
<data> 4.66750000E-001</data>
<data> 1.91680000E-001</data>
<data> 2.38530000E-002</data>
</auxiliary>
<auxiliary keyword="CHEB">
<data> 9.11000000E-002</data>
<data>-9.17330000E-003</data>
<data> 1.67080000E-002</data>
<data> 1.72070000E-002</data>
</auxiliary>
<auxiliary keyword="CHEB">
<data> 2.77810000E-002</data>
<data>-6.99980000E-002</data>
<data>-3.25080000E-002</data>
<data>-5.96270000E-003</data>
</auxiliary>
</reaction>
<reaction formula="C4H6-13+OH(+M)=C2H4O+C2H3(+M)">
<rate A=" 1.00000000E+000" B=" 0.00000000E+000" E=" 0.00000000E+000"/>
<auxiliary keyword="TCHEB">
<data> 3.00000000E+002</data>
<data> 2.10000000E+003</data>
</auxiliary>
<auxiliary keyword="PCHEB">
<data> 9.86923267E-003</data>
<data> 9.86923267E+001</data>
</auxiliary>
<auxiliary keyword="CHEB">
<data>     4</data>
<data>     4</data>
</auxiliary>
<auxiliary keyword="CHEB">
<data> 4.70120000E+000</data>
<data>-3.01480000E-001</data>
<data>-1.53510000E-001</data>
<data>-4.12010000E-002</data>
</auxiliary>
<auxiliary keyword="CHEB">
<data> 5.66900000E+000</data>
<data> 3.57360000E-001</data>
<data> 1.70800000E-001</data>
<data> 3.79480000E-002</data>
</auxiliary>
<auxiliary keyword="CHEB">
<data> 4.91830000E-002</data>
<data>-1.45720000E-002</data>
<data> 7.01760000E-003</data>
<data> 1.17860000E-002</data>
</auxiliary>
<auxiliary keyword="CHEB">
<data> 4.13910000E-003</data>
<data>-5.01960000E-002</data>
<data>-2.70050000E-002</data>
<data>-7.85430000E-003</data>
</auxiliary>
</reaction>
<reaction formula="C4H6-13(+M)=2C2H3(+M)">
<rate A=" 1.00000000E+000" B=" 0.00000000E+000" E=" 0.00000000E+000"/>
<auxiliary keyword="TCHEB">
<data> 3.00000000E+002</data>
<data> 2.10000000E+003</data>
</auxiliary>
<auxiliary keyword="PCHEB">
<data> 9.86923267E-003</data>
<data> 9.86923267E+001</data>
</auxiliary>
<auxiliary keyword="CHEB">
<data>     4</data>
<data>     4</data>
</auxiliary>
<auxiliary keyword="CHEB">
<data>-2.97300000E+001</data>
<data> 3.96660000E-001</data>
<data>-3.49360000E-002</data>
<data> 1.49350000E-003</data>
</auxiliary>
<auxiliary keyword="CHEB">
<data> 3.56150000E+001</data>
<data> 6.30850000E-001</data>
<data>-4.05000000E-002</data>
<data>-8.93690000E-003</data>
</auxiliary>
<auxiliary keyword="CHEB">
<data>-8.29660000E-001</data>
<data> 4.04090000E-001</data>
<data> 1.93690000E-004</data>
<data>-4.13320000E-003</data>
</auxiliary>
<auxiliary keyword="CHEB">
<data>-5.35230000E-001</data>
<data> 1.60660000E-001</data>
<data> 1.55860000E-002</data>
<data> 3.83480000E-003</data>
</auxiliary>
</reaction>
<reaction formula="C4H6-13+C2H5OH(+M)=C3H5O-enol2+C3H7-1(+M)">
<rate A=" 1.00000000E+000" B=" 0.00000000E+000" E=" 0.00000000E+000"/>
<auxiliary keyword="TCHEB">
<data> 3.00000000E+002</data>
<data> 2.10000000E+003</data>
</auxiliary>
<auxiliary keyword="PCHEB">
<data> 9.86923267E-003</data>
<data> 9.86923267E+001</data>
</auxiliary>
<auxiliary keyword="CHEB">
<data>     4</data>
<data>     4</data>
</auxiliary>
<auxiliary keyword="CHEB">
<data>-1.28220000E+001</data>
<data>-1.47790000E+000</data>
<data>-3.91100000E-002</data>
<data>-1.63590000E-003</data>
</auxiliary>
<auxiliary keyword="CHEB">
<data> 1.99600000E+001</data>
<data> 8.93120000E-001</data>
<data>-7.41960000E-002</data>
<data>-5.70490000E-003</data>
</auxiliary>
<auxiliary keyword="CHEB">
<data> 4.37860000E-001</data>
<data> 5.41740000E-001</data>
<data> 1.26470000E-002</data>
<data>-8.06410000E-003</data>
</auxiliary>
<auxiliary keyword="CHEB">
<data>-3.40980000E-001</data>
<data> 1.56520000E-001</data>
<data> 5.64850000E-002</data>
<data>-3.19680000E-003</data>
</auxiliary>
</reaction>
<reaction formula="C4H6-13+C2H5OH(+M)=C2H3+C4H9O-4(+M)">
<rate A=" 1.00000000E+000" B=" 0.00000000E+000" E=" 0.00000000E+000"/>
<auxiliary keyword="TCHEB">
<data> 3.00000000E+002</data>
<data> 2.10000000E+003</data>
</auxiliary>
<auxiliary keyword="PCHEB">
<data> 9.86923267E-003</data>
<data> 9.86923267E+001</data>
</auxiliary>
<auxiliary keyword="CHEB">
<data>     4</data>
<data>     4</data>
</auxiliary>
<auxiliary keyword="CHEB">
<data>-2.11870000E+001</data>
<data>-1.28350000E+000</data>
<data>-7.52990000E-002</data>
<data> 8.97690000E-003</data>
</auxiliary>
<auxiliary keyword="CHEB">
<data> 2.62890000E+001</data>
<data> 1.10440000E+000</data>
<data>-4.53260000E-002</data>
<data>-1.83220000E-002</data>
</auxiliary>
<auxiliary keyword="CHEB">
<data> 1.73430000E-001</data>
<data> 3.63830000E-001</data>
<data> 8.34880000E-002</data>
<data>-1.27070000E-002</data>
</auxiliary>
<auxiliary keyword="CHEB">
<data>-1.69040000E-001</data>
<data>-7.04360000E-002</data>
<data> 6.58930000E-002</data>
<data> 1.16910000E-002</data>
</auxiliary>
</reaction>
<reaction formula="C3H5O-enol2+C3H7-1(+M)=C2H3+C4H9O-4(+M)">
<rate A=" 1.00000000E+000" B=" 0.00000000E+000" E=" 0.00000000E+000"/>
<auxiliary keyword="TCHEB">
<data> 3.00000000E+002</data>
<data> 2.10000000E+003</data>
</auxiliary>
<auxiliary keyword="PCHEB">
<data> 9.86923267E-003</data>
<data> 9.86923267E+001</data>
</auxiliary>
<auxiliary keyword="CHEB">
<data>     4</data>
<data>     4</data>
</auxiliary>
<auxiliary keyword="CHEB">
<data> 1.66690000E+000</data>
<data>-1.26110000E+000</data>
<data>-7.77500000E-002</data>
<data> 9.66210000E-003</data>
</auxiliary>
<auxiliary keyword="CHEB">
<data> 1.02740000E+001</data>
<data> 1.12170000E+000</data>
<data>-3.79150000E-002</data>
<data>-1.93300000E-002</data>
</auxiliary>
<auxiliary keyword="CHEB">
<data> 2.56380000E-001</data>
<data> 3.38890000E-001</data>
<data> 8.87320000E-002</data>
<data>-1.17520000E-002</data>
</auxiliary>
<auxiliary keyword="CHEB">
<data>-1.54230000E-001</data>
<data>-9.20300000E-002</data>
<data> 6.08990000E-002</data>
<data> 1.36930000E-002</data>
</auxiliary>
</reaction>
<reaction formula="C4H6-13+C2H4O(+M)=aC3H5+C3H5O-enol2(+M)">
<rate A=" 1.00000000E+000" B=" 0.00000000E+000" E=" 0.00000000E+000"/>
<auxiliary keyword="TCHEB">
<data> 3.00000000E+002</data>
<data> 2.10000000E+003</data>
</auxiliary>
<auxiliary keyword="PCHEB">
<data> 9.86923267E-003</data>
<data> 9.86923267E+001</data>
</auxiliary>
<auxiliary keyword="CHEB">
<data>     4</data>
<data>     4</data>
</auxiliary>
<auxiliary keyword="CHEB">
<data>-1.10840000E+001</data>
<data>-1.41560000E+000</data>
<data>-4.97690000E-002</data>
<data>-2.33350000E-005</data>
</auxiliary>
<auxiliary keyword="CHEB">
<data> 1.77330000E+001</data>
<data> 9.87780000E-001</data>
<data>-7.68910000E-002</data>
<data>-9.07440000E-003</data>
</auxiliary>
<auxiliary keyword="CHEB">
<data> 2.87120000E-001</data>
<data> 4.90200000E-001</data>
<data> 3.70350000E-002</data>
<data>-1.10950000E-002</data>
</auxiliary>
<auxiliary keyword="CHEB">
<data>-2.31760000E-001</data>
<data> 6.41670000E-002</data>
<data> 7.09930000E-002</data>
<data> 1.56090000E-004</data>
</auxiliary>
</reaction>
<reaction formula="C4H6-13+C2H4O(+M)=CH2CHO+C4H7-24(+M)">
<rate A=" 1.00000000E+000" B=" 0.00000000E+000" E=" 0.00000000E+000"/>
<auxiliary keyword="TCHEB">
<data> 3.00000000E+002</data>
<data> 2.10000000E+003</data>
</auxiliary>
<auxiliary keyword="PCHEB">
<data> 9.86923267E-003</data>
<data> 9.86923267E+001</data>
</auxiliary>
<auxiliary keyword="CHEB">
<data>     4</data>
<data>     4</data>
</auxiliary>
<auxiliary keyword="CHEB">
<data>-1.17560000E+001</data>
<data>-1.29760000E+000</data>
<data>-5.80010000E-002</data>
<data> 3.75470000E-003</data>
</auxiliary>
<auxiliary keyword="CHEB">
<data> 1.82730000E+001</data>
<data> 1.12410000E+000</data>
<data>-4.66630000E-002</data>
<data>-1.19020000E-002</data>
</auxiliary>
<auxiliary keyword="CHEB">
<data> 2.38920000E-001</data>
<data> 3.72550000E-001</data>
<data> 7.04300000E-002</data>
<data>-8.57140000E-003</data>
</auxiliary>
<auxiliary keyword="CHEB">
<data>-1.95030000E-001</data>
<data>-8.12220000E-002</data>
<data> 5.99780000E-002</data>
<data> 8.94610000E-003</data>
</auxiliary>
</reaction>
<reaction formula="C4H6-13+CH3OH(+M)=C3H5O-enol2+C2H5(+M)">
<rate A=" 1.00000000E+000" B=" 0.00000000E+000" E=" 0.00000000E+000"/>
<auxiliary keyword="TCHEB">
<data> 3.00000000E+002</data>
<data> 2.10000000E+003</data>
</auxiliary>
<auxiliary keyword="PCHEB">
<data> 9.86923267E-003</data>
<data> 9.86923267E+001</data>
</auxiliary>
<auxiliary keyword="CHEB">
<data>     4</data>
<data>     4</data>
</auxiliary>
<auxiliary keyword="CHEB">
<data>-1.17530000E+001</data>
<data>-1.41960000E+000</data>
<data>-4.35820000E-002</data>
<data> 4.59730000E-004</data>
</auxiliary>
<auxiliary keyword="CHEB">
<data> 1.86450000E+001</data>
<data> 9.80380000E-001</data>
<data>-6.76190000E-002</data>
<data>-6.66900000E-003</data>
</auxiliary>
<auxiliary keyword="CHEB">
<data> 3.81010000E-001</data>
<data> 4.99760000E-001</data>
<data> 3.48600000E-002</data>
<data>-8.48310000E-003</data>
</auxiliary>
<auxiliary keyword="CHEB">
<data>-2.74130000E-001</data>
<data> 7.91500000E-002</data>
<data> 6.50120000E-002</data>
<data> 5.33420000E-004</data>
</auxiliary>
</reaction>
<reaction formula="C4H7OJ(12)+H(+M)=C3H5O-enol2+CH3(+M)">
<rate A=" 1.00000000E+000" B=" 0.00000000E+000" E=" 0.00000000E+000"/>
<auxiliary keyword="TCHEB">
<data> 3.00000000E+002</data>
<data> 2.10000000E+003</data>
</auxiliary>
<auxiliary keyword="PCHEB">
<data> 9.86923267E-003</data>
<data> 9.86923267E+001</data>
</auxiliary>
<auxiliary keyword="CHEB">
<data>     4</data>
<data>     4</data>
</auxiliary>
<auxiliary keyword="CHEB">
<data> 1.13290000E+001</data>
<data>-1.18410000E-001</data>
<data>-7.64440000E-002</data>
<data>-3.21940000E-002</data>
</auxiliary>
<auxiliary keyword="CHEB">
<data> 9.40750000E-001</data>
<data> 1.45670000E-001</data>
<data> 9.18960000E-002</data>
<data> 3.73410000E-002</data>
</auxiliary>
<auxiliary keyword="CHEB">
<data>-6.70040000E-002</data>
<data>-1.63370000E-002</data>
<data>-7.42330000E-003</data>
<data>-1.15440000E-003</data>
</auxiliary>
<auxiliary keyword="CHEB">
<data>-3.33700000E-002</data>
<data>-1.53450000E-002</data>
<data>-1.08390000E-002</data>
<data>-5.14170000E-003</data>
</auxiliary>
</reaction>
<reaction formula="C4H7OJ(12)(+M)=CH3+C3H4O-enone(+M)">
<rate A=" 1.00000000E+000" B=" 0.00000000E+000" E=" 0.00000000E+000"/>
<auxiliary keyword="TCHEB">
<data> 3.00000000E+002</data>
<data> 2.10000000E+003</data>
</auxiliary>
<auxiliary keyword="PCHEB">
<data> 9.86923267E-003</data>
<data> 9.86923267E+001</data>
</auxiliary>
<auxiliary keyword="CHEB">
<data>     4</data>
<data>     4</data>
</auxiliary>
<auxiliary keyword="CHEB">
<data> 3.09780000E+000</data>
<data> 1.63500000E+000</data>
<data>-1.79160000E-001</data>
<data>-4.36190000E-002</data>
</auxiliary>
<auxiliary keyword="CHEB">
<data> 6.12730000E+000</data>
<data> 3.46730000E-001</data>
<data> 1.58120000E-001</data>
<data> 3.02410000E-002</data>
</auxiliary>
<auxiliary keyword="CHEB">
<data>-8.03900000E-001</data>
<data> 4.43260000E-002</data>
<data> 3.42060000E-002</data>
<data> 1.66660000E-002</data>
</auxiliary>
<auxiliary keyword="CHEB">
<data>-2.16700000E-001</data>
<data>-2.28180000E-002</data>
<data>-9.11270000E-003</data>
<data>-5.96020000E-004</data>
</auxiliary>
</reaction>
<reaction formula="C4H7OJ(12)(+M)=C2H4+CH2CHO(+M)">
<rate A=" 1.00000000E+000" B=" 0.00000000E+000" E=" 0.00000000E+000"/>
<auxiliary keyword="TCHEB">
<data> 3.00000000E+002</data>
<data> 2.10000000E+003</data>
</auxiliary>
<auxiliary keyword="PCHEB">
<data> 9.86923267E-003</data>
<data> 9.86923267E+001</data>
</auxiliary>
<auxiliary keyword="CHEB">
<data>     4</data>
<data>     4</data>
</auxiliary>
<auxiliary keyword="CHEB">
<data>-6.40650000E+000</data>
<data> 6.42590000E-001</data>
<data>-1.32310000E-001</data>
<data>-1.23210000E-002</data>
</auxiliary>
<auxiliary keyword="CHEB">
<data> 1.04080000E+001</data>
<data> 1.09010000E+000</data>
<data> 7.12290000E-003</data>
<data>-4.38490000E-003</data>
</auxiliary>
<auxiliary keyword="CHEB">
<data>-2.81530000E-001</data>
<data> 3.19730000E-001</data>
<data> 4.31070000E-002</data>
<data>-1.38720000E-002</data>
</auxiliary>
<auxiliary keyword="CHEB">
<data>-1.94850000E-001</data>
<data>-4.80550000E-002</data>
<data> 4.65190000E-002</data>
<data> 7.42180000E-003</data>
</auxiliary>
</reaction>
<reaction formula="C4H7OJ(12)(+M)=C3H6+HCO(+M)">
<rate A=" 1.00000000E+000" B=" 0.00000000E+000" E=" 0.00000000E+000"/>
<auxiliary keyword="TCHEB">
<data> 3.00000000E+002</data>
<data> 2.10000000E+003</data>
</auxiliary>
<auxiliary keyword="PCHEB">
<data> 9.86923267E-003</data>
<data> 9.86923267E+001</data>
</auxiliary>
<auxiliary keyword="CHEB">
<data>     4</data>
<data>     4</data>
</auxiliary>
<auxiliary keyword="CHEB">
<data>-4.23550000E+000</data>
<data> 1.39820000E+000</data>
<data>-2.59210000E-001</data>
<data>-4.63440000E-002</data>
</auxiliary>
<auxiliary keyword="CHEB">
<data> 8.90990000E+000</data>
<data> 6.41620000E-001</data>
<data> 2.57020000E-001</data>
<data> 3.40580000E-002</data>
</auxiliary>
<auxiliary keyword="CHEB">
<data>-5.57290000E-001</data>
<data> 4.04630000E-002</data>
<data> 3.45840000E-002</data>
<data> 1.51850000E-002</data>
</auxiliary>
<auxiliary keyword="CHEB">
<data>-1.24890000E-001</data>
<data>-7.35150000E-002</data>
<data>-2.75070000E-002</data>
<data>-1.15490000E-003</data>
</auxiliary>
</reaction>
<reaction formula="C4H7OJ(12)(+M)=CO+C3H7-1(+M)">
<rate A=" 1.00000000E+000" B=" 0.00000000E+000" E=" 0.00000000E+000"/>
<auxiliary keyword="TCHEB">
<data> 3.00000000E+002</data>
<data> 2.10000000E+003</data>
</auxiliary>
<auxiliary keyword="PCHEB">
<data> 9.86923267E-003</data>
<data> 9.86923267E+001</data>
</auxiliary>
<auxiliary keyword="CHEB">
<data>     4</data>
<data>     4</data>
</auxiliary>
<auxiliary keyword="CHEB">
<data>-5.78860000E+000</data>
<data> 1.92610000E+000</data>
<data>-5.08750000E-002</data>
<data>-2.34420000E-002</data>
</auxiliary>
<auxiliary keyword="CHEB">
<data> 9.51310000E+000</data>
<data> 8.81310000E-002</data>
<data> 6.00010000E-002</data>
<data> 2.72340000E-002</data>
</auxiliary>
<auxiliary keyword="CHEB">
<data>-4.33680000E-001</data>
<data>-7.56850000E-003</data>
<data>-4.25600000E-003</data>
<data>-1.37970000E-003</data>
</auxiliary>
<auxiliary keyword="CHEB">
<data>-2.80560000E-002</data>
<data>-8.55530000E-003</data>
<data>-6.13220000E-003</data>
<data>-2.96830000E-003</data>
</auxiliary>
</reaction>
<reaction formula="CH3+C3H4O-enone(+M)=C2H4+CH2CHO(+M)">
<rate A=" 1.00000000E+000" B=" 0.00000000E+000" E=" 0.00000000E+000"/>
<auxiliary keyword="TCHEB">
<data> 3.00000000E+002</data>
<data> 2.10000000E+003</data>
</auxiliary>
<auxiliary keyword="PCHEB">
<data> 9.86923267E-003</data>
<data> 9.86923267E+001</data>
</auxiliary>
<auxiliary keyword="CHEB">
<data>     4</data>
<data>     4</data>
</auxiliary>
<auxiliary keyword="CHEB">
<data> 2.77110000E+000</data>
<data>-1.21120000E+000</data>
<data>-1.32430000E-001</data>
<data>-8.81930000E-003</data>
</auxiliary>
<auxiliary keyword="CHEB">
<data> 5.90200000E+000</data>
<data> 1.16730000E+000</data>
<data> 3.07090000E-002</data>
<data>-9.16640000E-003</data>
</auxiliary>
<auxiliary keyword="CHEB">
<data> 1.70730000E-001</data>
<data> 1.88070000E-001</data>
<data> 7.00680000E-002</data>
<data>-8.29000000E-003</data>
</auxiliary>
<auxiliary keyword="CHEB">
<data>-1.28450000E-001</data>
<data>-1.23880000E-001</data>
<data> 4.08500000E-002</data>
<data> 1.68180000E-002</data>
</auxiliary>
</reaction>
<reaction formula="CH3+C3H4O-enone(+M)=C3H6+HCO(+M)">
<rate A=" 1.00000000E+000" B=" 0.00000000E+000" E=" 0.00000000E+000"/>
<auxiliary keyword="TCHEB">
<data> 3.00000000E+002</data>
<data> 2.10000000E+003</data>
</auxiliary>
<auxiliary keyword="PCHEB">
<data> 9.86923267E-003</data>
<data> 9.86923267E+001</data>
</auxiliary>
<auxiliary keyword="CHEB">
<data>     4</data>
<data>     4</data>
</auxiliary>
<auxiliary keyword="CHEB">
<data> 4.66880000E+000</data>
<data>-5.17540000E-001</data>
<data>-2.21690000E-001</data>
<data>-3.95770000E-002</data>
</auxiliary>
<auxiliary keyword="CHEB">
<data> 4.40990000E+000</data>
<data> 6.31300000E-001</data>
<data> 2.56310000E-001</data>
<data> 3.65280000E-002</data>
</auxiliary>
<auxiliary keyword="CHEB">
<data> 6.80420000E-002</data>
<data>-4.34960000E-002</data>
<data>-2.15270000E-003</data>
<data> 9.46010000E-003</data>
</auxiliary>
<auxiliary keyword="CHEB">
<data> 9.62200000E-003</data>
<data>-8.55040000E-002</data>
<data>-3.53020000E-002</data>
<data>-4.21220000E-003</data>
</auxiliary>
</reaction>
<reaction formula="CH3+C3H4O-enone(+M)=CO+C3H7-1(+M)">
<rate A=" 1.00000000E+000" B=" 0.00000000E+000" E=" 0.00000000E+000"/>
<auxiliary keyword="TCHEB">
<data> 3.00000000E+002</data>
<data> 2.10000000E+003</data>
</auxiliary>
<auxiliary keyword="PCHEB">
<data> 9.86923267E-003</data>
<data> 9.86923267E+001</data>
</auxiliary>
<auxiliary keyword="CHEB">
<data>     4</data>
<data>     4</data>
</auxiliary>
<auxiliary keyword="CHEB">
<data> 3.21760000E+000</data>
<data>-6.63030000E-002</data>
<data>-4.55220000E-002</data>
<data>-2.09000000E-002</data>
</auxiliary>
<auxiliary keyword="CHEB">
<data> 4.96780000E+000</data>
<data> 8.69610000E-002</data>
<data> 5.92680000E-002</data>
<data> 2.69420000E-002</data>
</auxiliary>
<auxiliary keyword="CHEB">
<data> 2.10930000E-001</data>
<data>-1.48440000E-002</data>
<data>-9.45100000E-003</data>
<data>-3.88620000E-003</data>
</auxiliary>
<auxiliary keyword="CHEB">
<data> 1.04340000E-001</data>
<data>-9.52520000E-003</data>
<data>-6.86370000E-003</data>
<data>-3.34540000E-003</data>
</auxiliary>
</reaction>
<reaction formula="C2H4+CH2CHO(+M)=C3H6+HCO(+M)">
<rate A=" 1.00000000E+000" B=" 0.00000000E+000" E=" 0.00000000E+000"/>
<auxiliary keyword="TCHEB">
<data> 3.00000000E+002</data>
<data> 2.10000000E+003</data>
</auxiliary>
<auxiliary keyword="PCHEB">
<data> 9.86923267E-003</data>
<data> 9.86923267E+001</data>
</auxiliary>
<auxiliary keyword="CHEB">
<data>     4</data>
<data>     4</data>
</auxiliary>
<auxiliary keyword="CHEB">
<data> 7.11200000E-001</data>
<data>-1.31320000E+000</data>
<data>-2.46470000E-001</data>
<data>-2.88650000E-002</data>
</auxiliary>
<auxiliary keyword="CHEB">
<data> 5.83530000E+000</data>
<data> 1.42380000E+000</data>
<data> 1.81840000E-001</data>
<data> 8.74660000E-003</data>
</auxiliary>
<auxiliary keyword="CHEB">
<data> 3.22910000E-001</data>
<data> 1.93670000E-002</data>
<data> 6.55150000E-002</data>
<data> 2.41920000E-003</data>
</auxiliary>
<auxiliary keyword="CHEB">
<data>-9.04210000E-002</data>
<data>-1.22440000E-001</data>
<data> 1.00240000E-002</data>
<data> 1.25950000E-002</data>
</auxiliary>
</reaction>
<reaction formula="C2H4+CH2CHO(+M)=CO+C3H7-1(+M)">
<rate A=" 1.00000000E+000" B=" 0.00000000E+000" E=" 0.00000000E+000"/>
<auxiliary keyword="TCHEB">
<data> 3.00000000E+002</data>
<data> 2.10000000E+003</data>
</auxiliary>
<auxiliary keyword="PCHEB">
<data> 9.86923267E-003</data>
<data> 9.86923267E+001</data>
</auxiliary>
<auxiliary keyword="CHEB">
<data>     4</data>
<data>     4</data>
</auxiliary>
<auxiliary keyword="CHEB">
<data>-4.74710000E-001</data>
<data>-1.12120000E+000</data>
<data>-1.36870000E-001</data>
<data>-9.80440000E-003</data>
</auxiliary>
<auxiliary keyword="CHEB">
<data> 6.17170000E+000</data>
<data> 1.17930000E+000</data>
<data> 5.11900000E-002</data>
<data>-8.07290000E-003</data>
</auxiliary>
<auxiliary keyword="CHEB">
<data> 7.25100000E-001</data>
<data> 9.17460000E-002</data>
<data> 8.06980000E-002</data>
<data>-2.60240000E-003</data>
</auxiliary>
<auxiliary keyword="CHEB">
<data> 5.83750000E-002</data>
<data>-1.38070000E-001</data>
<data> 2.99590000E-002</data>
<data> 2.06820000E-002</data>
</auxiliary>
</reaction>
<reaction formula="C3H6+HCO(+M)=CO+C3H7-1(+M)">
<rate A=" 1.00000000E+000" B=" 0.00000000E+000" E=" 0.00000000E+000"/>
<auxiliary keyword="TCHEB">
<data> 3.00000000E+002</data>
<data> 2.10000000E+003</data>
</auxiliary>
<auxiliary keyword="PCHEB">
<data> 9.86923267E-003</data>
<data> 9.86923267E+001</data>
</auxiliary>
<auxiliary keyword="CHEB">
<data>     4</data>
<data>     4</data>
</auxiliary>
<auxiliary keyword="CHEB">
<data>-9.42700000E-001</data>
<data>-3.61660000E-001</data>
<data>-1.77770000E-001</data>
<data>-4.53470000E-002</data>
</auxiliary>
<auxiliary keyword="CHEB">
<data> 6.60040000E+000</data>
<data> 4.69830000E-001</data>
<data> 2.20590000E-001</data>
<data> 4.92150000E-002</data>
</auxiliary>
<auxiliary keyword="CHEB">
<data> 6.24680000E-001</data>
<data>-7.73550000E-002</data>
<data>-2.37650000E-002</data>
<data> 3.33270000E-003</data>
</auxiliary>
<auxiliary keyword="CHEB">
<data> 9.36180000E-002</data>
<data>-4.55340000E-002</data>
<data>-2.41360000E-002</data>
<data>-6.86940000E-003</data>
</auxiliary>
</reaction>
<reaction formula="C4H7OJ(12)+CH2OH(+M)=C3H4O-enone+C2H5OH(+M)">
<rate A=" 1.00000000E+000" B=" 0.00000000E+000" E=" 0.00000000E+000"/>
<auxiliary keyword="TCHEB">
<data> 3.00000000E+002</data>
<data> 2.10000000E+003</data>
</auxiliary>
<auxiliary keyword="PCHEB">
<data> 9.86923267E-003</data>
<data> 9.86923267E+001</data>
</auxiliary>
<auxiliary keyword="CHEB">
<data>     4</data>
<data>     4</data>
</auxiliary>
<auxiliary keyword="CHEB">
<data> 9.76730000E+000</data>
<data>-1.46740000E+000</data>
<data>-3.98260000E-002</data>
<data> 9.04870000E-004</data>
</auxiliary>
<auxiliary keyword="CHEB">
<data> 1.79330000E+000</data>
<data> 8.99540000E-001</data>
<data>-6.74380000E-002</data>
<data>-3.26870000E-003</data>
</auxiliary>
<auxiliary keyword="CHEB">
<data> 4.23290000E-002</data>
<data> 5.19210000E-001</data>
<data> 1.96110000E-002</data>
<data>-7.91830000E-003</data>
</auxiliary>
<auxiliary keyword="CHEB">
<data>-4.00890000E-001</data>
<data> 1.38710000E-001</data>
<data> 5.43520000E-002</data>
<data>-3.01680000E-003</data>
</auxiliary>
</reaction>
<reaction formula="C4H7OJ(12)+CH2OH(+M)=HCO+C4H9O-3(+M)">
<rate A=" 1.00000000E+000" B=" 0.00000000E+000" E=" 0.00000000E+000"/>
<auxiliary keyword="TCHEB">
<data> 3.00000000E+002</data>
<data> 2.10000000E+003</data>
</auxiliary>
<auxiliary keyword="PCHEB">
<data> 9.86923267E-003</data>
<data> 9.86923267E+001</data>
</auxiliary>
<auxiliary keyword="CHEB">
<data>     4</data>
<data>     4</data>
</auxiliary>
<auxiliary keyword="CHEB">
<data> 9.85130000E+000</data>
<data>-1.36270000E+000</data>
<data>-4.84390000E-002</data>
<data> 2.94500000E-003</data>
</auxiliary>
<auxiliary keyword="CHEB">
<data> 3.79560000E+000</data>
<data> 1.05750000E+000</data>
<data>-5.71450000E-002</data>
<data>-7.34560000E-003</data>
</auxiliary>
<auxiliary keyword="CHEB">
<data> 3.23880000E-001</data>
<data> 4.47930000E-001</data>
<data> 5.23540000E-002</data>
<data>-9.27570000E-003</data>
</auxiliary>
<auxiliary keyword="CHEB">
<data>-3.59530000E-001</data>
<data> 1.28790000E-004</data>
<data> 6.45000000E-002</data>
<data> 3.05330000E-003</data>
</auxiliary>
</reaction>
<reaction formula="C4H7OJ(12)+CH2OH(+M)=CO+nC4H10O(+M)">
<rate A=" 1.00000000E+000" B=" 0.00000000E+000" E=" 0.00000000E+000"/>
<auxiliary keyword="TCHEB">
<data> 3.00000000E+002</data>
<data> 2.10000000E+003</data>
</auxiliary>
<auxiliary keyword="PCHEB">
<data> 9.86923267E-003</data>
<data> 9.86923267E+001</data>
</auxiliary>
<auxiliary keyword="CHEB">
<data>     4</data>
<data>     4</data>
</auxiliary>
<auxiliary keyword="CHEB">
<data> 6.27820000E+000</data>
<data>-1.36960000E+000</data>
<data>-4.74420000E-002</data>
<data> 2.72350000E-003</data>
</auxiliary>
<auxiliary keyword="CHEB">
<data> 3.65130000E+000</data>
<data> 1.04930000E+000</data>
<data>-5.80520000E-002</data>
<data>-7.03250000E-003</data>
</auxiliary>
<auxiliary keyword="CHEB">
<data> 3.11020000E-001</data>
<data> 4.55090000E-001</data>
<data> 5.00070000E-002</data>
<data>-9.16520000E-003</data>
</auxiliary>
<auxiliary keyword="CHEB">
<data>-3.61900000E-001</data>
<data> 8.96930000E-003</data>
<data> 6.44040000E-002</data>
<data> 2.57610000E-003</data>
</auxiliary>
</reaction>
<reaction formula="C3H4O-enone+C2H5OH(+M)=HCO+C4H9O-3(+M)">
<rate A=" 1.00000000E+000" B=" 0.00000000E+000" E=" 0.00000000E+000"/>
<auxiliary keyword="TCHEB">
<data> 3.00000000E+002</data>
<data> 2.10000000E+003</data>
</auxiliary>
<auxiliary keyword="PCHEB">
<data> 9.86923267E-003</data>
<data> 9.86923267E+001</data>
</auxiliary>
<auxiliary keyword="CHEB">
<data>     4</data>
<data>     4</data>
</auxiliary>
<auxiliary keyword="CHEB">
<data>-1.58370000E+001</data>
<data>-1.46740000E+000</data>
<data>-3.98260000E-002</data>
<data> 9.04870000E-004</data>
</auxiliary>
<auxiliary keyword="CHEB">
<data> 2.26750000E+001</data>
<data> 8.99540000E-001</data>
<data>-6.74380000E-002</data>
<data>-3.26870000E-003</data>
</auxiliary>
<auxiliary keyword="CHEB">
<data> 8.37090000E-002</data>
<data> 5.19210000E-001</data>
<data> 1.96110000E-002</data>
<data>-7.91830000E-003</data>
</auxiliary>
<auxiliary keyword="CHEB">
<data>-3.82080000E-001</data>
<data> 1.38710000E-001</data>
<data> 5.43520000E-002</data>
<data>-3.01680000E-003</data>
</auxiliary>
</reaction>
<reaction formula="C3H4O-enone+C2H5OH(+M)=CO+nC4H10O(+M)">
<rate A=" 1.00000000E+000" B=" 0.00000000E+000" E=" 0.00000000E+000"/>
<auxiliary keyword="TCHEB">
<data> 3.00000000E+002</data>
<data> 2.10000000E+003</data>
</auxiliary>
<auxiliary keyword="PCHEB">
<data> 9.86923267E-003</data>
<data> 9.86923267E+001</data>
</auxiliary>
<auxiliary keyword="CHEB">
<data>     4</data>
<data>     4</data>
</auxiliary>
<auxiliary keyword="CHEB">
<data>-1.92980000E+001</data>
<data>-1.47670000E+000</data>
<data>-3.87940000E-002</data>
<data> 7.22410000E-004</data>
</auxiliary>
<auxiliary keyword="CHEB">
<data> 2.24110000E+001</data>
<data> 8.83920000E-001</data>
<data>-6.71440000E-002</data>
<data>-2.94110000E-003</data>
</auxiliary>
<auxiliary keyword="CHEB">
<data> 1.05190000E-001</data>
<data> 5.22880000E-001</data>
<data> 1.67560000E-002</data>
<data>-7.56420000E-003</data>
</auxiliary>
<auxiliary keyword="CHEB">
<data>-3.87250000E-001</data>
<data> 1.50310000E-001</data>
<data> 5.22410000E-002</data>
<data>-3.26240000E-003</data>
</auxiliary>
</reaction>
<reaction formula="HCO+C4H9O-3(+M)=CO+nC4H10O(+M)">
<rate A=" 1.00000000E+000" B=" 0.00000000E+000" E=" 0.00000000E+000"/>
<auxiliary keyword="TCHEB">
<data> 3.00000000E+002</data>
<data> 2.10000000E+003</data>
</auxiliary>
<auxiliary keyword="PCHEB">
<data> 9.86923267E-003</data>
<data> 9.86923267E+001</data>
</auxiliary>
<auxiliary keyword="CHEB">
<data>     4</data>
<data>     4</data>
</auxiliary>
<auxiliary keyword="CHEB">
<data> 6.59950000E+000</data>
<data>-1.36950000E+000</data>
<data>-4.75230000E-002</data>
<data> 2.76270000E-003</data>
</auxiliary>
<auxiliary keyword="CHEB">
<data> 3.69530000E+000</data>
<data> 1.04920000E+000</data>
<data>-5.79460000E-002</data>
<data>-7.08400000E-003</data>
</auxiliary>
<auxiliary keyword="CHEB">
<data> 3.93390000E-001</data>
<data> 4.55090000E-001</data>
<data> 5.00030000E-002</data>
<data>-9.16220000E-003</data>
</auxiliary>
<auxiliary keyword="CHEB">
<data>-2.99370000E-001</data>
<data> 9.02110000E-003</data>
<data> 6.43680000E-002</data>
<data> 2.59240000E-003</data>
</auxiliary>
</reaction>
<reaction formula="C4H7OJ(12)+OH(+M)=C3H4O-enone+CH3OH(+M)">
<rate A=" 1.00000000E+000" B=" 0.00000000E+000" E=" 0.00000000E+000"/>
<auxiliary keyword="TCHEB">
<data> 3.00000000E+002</data>
<data> 2.10000000E+003</data>
</auxiliary>
<auxiliary keyword="PCHEB">
<data> 9.86923267E-003</data>
<data> 9.86923267E+001</data>
</auxiliary>
<auxiliary keyword="CHEB">
<data>     4</data>
<data>     4</data>
</auxiliary>
<auxiliary keyword="CHEB">
<data> 1.08870000E+001</data>
<data>-1.54420000E+000</data>
<data>-7.38460000E-002</data>
<data> 2.60130000E-003</data>
</auxiliary>
<auxiliary keyword="CHEB">
<data> 1.82700000E+000</data>
<data> 7.37950000E-001</data>
<data>-1.22660000E-001</data>
<data>-3.37480000E-003</data>
</auxiliary>
<auxiliary keyword="CHEB">
<data> 4.83190000E-001</data>
<data> 4.86780000E-001</data>
<data>-3.41070000E-003</data>
<data>-2.25600000E-002</data>
</auxiliary>
<auxiliary keyword="CHEB">
<data>-5.91280000E-002</data>
<data> 2.02770000E-001</data>
<data> 5.91490000E-002</data>
<data>-1.86600000E-002</data>
</auxiliary>
</reaction>
<reaction formula="C2H4+C4H7OJ(12)(+M)=CH2CHO+C4H8-1(+M)">
<rate A=" 1.00000000E+000" B=" 0.00000000E+000" E=" 0.00000000E+000"/>
<auxiliary keyword="TCHEB">
<data> 3.00000000E+002</data>
<data> 2.10000000E+003</data>
</auxiliary>
<auxiliary keyword="PCHEB">
<data> 9.86923267E-003</data>
<data> 9.86923267E+001</data>
</auxiliary>
<auxiliary keyword="CHEB">
<data>     4</data>
<data>     4</data>
</auxiliary>
<auxiliary keyword="CHEB">
<data>-7.98880000E+000</data>
<data>-1.14100000E+000</data>
<data>-7.91170000E-002</data>
<data> 1.23810000E-002</data>
</auxiliary>
<auxiliary keyword="CHEB">
<data> 1.62630000E+001</data>
<data> 1.17320000E+000</data>
<data> 1.59790000E-002</data>
<data>-2.34880000E-002</data>
</auxiliary>
<auxiliary keyword="CHEB">
<data>-1.18170000E-001</data>
<data> 2.05990000E-001</data>
<data> 7.58550000E-002</data>
<data>-7.27410000E-004</data>
</auxiliary>
<auxiliary keyword="CHEB">
<data>-6.52090000E-002</data>
<data>-1.90950000E-001</data>
<data> 1.59260000E-002</data>
<data> 1.60100000E-002</data>
</auxiliary>
</reaction>
<reaction formula="C3H4O-enone+C2H5O-1(+M)=C2H4O+C3H5O-enol2(+M)">
<rate A=" 1.00000000E+000" B=" 0.00000000E+000" E=" 0.00000000E+000"/>
<auxiliary keyword="TCHEB">
<data> 3.00000000E+002</data>
<data> 2.10000000E+003</data>
</auxiliary>
<auxiliary keyword="PCHEB">
<data> 9.86923267E-003</data>
<data> 9.86923267E+001</data>
</auxiliary>
<auxiliary keyword="CHEB">
<data>     4</data>
<data>     4</data>
</auxiliary>
<auxiliary keyword="CHEB">
<data>-9.34730000E+000</data>
<data>-5.62170000E-005</data>
<data>-4.11990000E-005</data>
<data>-2.05100000E-005</data>
</auxiliary>
<auxiliary keyword="CHEB">
<data> 1.45920000E+001</data>
<data> 6.97860000E-005</data>
<data> 5.11430000E-005</data>
<data> 2.54590000E-005</data>
</auxiliary>
<auxiliary keyword="CHEB">
<data> 2.54400000E-001</data>
<data>-1.75950000E-005</data>
<data>-1.28940000E-005</data>
<data>-6.41820000E-006</data>
</auxiliary>
<auxiliary keyword="CHEB">
<data> 8.87800000E-002</data>
<data>-2.35340000E-006</data>
<data>-1.72500000E-006</data>
<data>-8.58940000E-007</data>
</auxiliary>
</reaction>
<reaction formula="C3H4O-enone+C2H5(+M)=C2H4+C3H5O-enol2(+M)">
<rate A=" 1.00000000E+000" B=" 0.00000000E+000" E=" 0.00000000E+000"/>
<auxiliary keyword="TCHEB">
<data> 3.00000000E+002</data>
<data> 2.10000000E+003</data>
</auxiliary>
<auxiliary keyword="PCHEB">
<data> 9.86923267E-003</data>
<data> 9.86923267E+001</data>
</auxiliary>
<auxiliary keyword="CHEB">
<data>     4</data>
<data>     4</data>
</auxiliary>
<auxiliary keyword="CHEB">
<data>-1.17830000E+001</data>
<data>-3.10300000E-005</data>
<data>-2.27410000E-005</data>
<data>-1.13210000E-005</data>
</auxiliary>
<auxiliary keyword="CHEB">
<data> 1.66480000E+001</data>
<data> 3.74780000E-005</data>
<data> 2.74660000E-005</data>
<data> 1.36740000E-005</data>
</auxiliary>
<auxiliary keyword="CHEB">
<data> 2.41080000E-001</data>
<data>-8.89600000E-006</data>
<data>-6.51940000E-006</data>
<data>-3.24540000E-006</data>
</auxiliary>
<auxiliary keyword="CHEB">
<data> 8.01370000E-002</data>
<data>-1.70060000E-006</data>
<data>-1.24640000E-006</data>
<data>-6.20560000E-007</data>
</auxiliary>
</reaction>
<reaction formula="C3H4O-enone+C2H5(+M)=C4H8-1+HCO(+M)">
<rate A=" 1.00000000E+000" B=" 0.00000000E+000" E=" 0.00000000E+000"/>
<auxiliary keyword="TCHEB">
<data> 3.00000000E+002</data>
<data> 2.10000000E+003</data>
</auxiliary>
<auxiliary keyword="PCHEB">
<data> 9.86923267E-003</data>
<data> 9.86923267E+001</data>
</auxiliary>
<auxiliary keyword="CHEB">
<data>     4</data>
<data>     4</data>
</auxiliary>
<auxiliary keyword="CHEB">
<data> 6.83270000E+000</data>
<data>-6.01280000E-001</data>
<data>-1.64360000E-001</data>
<data> 1.00580000E-002</data>
</auxiliary>
<auxiliary keyword="CHEB">
<data> 4.04150000E+000</data>
<data> 7.49310000E-001</data>
<data> 1.84740000E-001</data>
<data>-2.59150000E-002</data>
</auxiliary>
<auxiliary keyword="CHEB">
<data> 5.40950000E-002</data>
<data>-5.67780000E-002</data>
<data> 1.11510000E-002</data>
<data> 1.71400000E-002</data>
</auxiliary>
<auxiliary keyword="CHEB">
<data>-4.53180000E-002</data>
<data>-1.20760000E-001</data>
<data>-3.44290000E-002</data>
<data> 3.43030000E-003</data>
</auxiliary>
</reaction>
<reaction formula="C3H4O-enone+CH2OH(+M)=C3H6O-enol2+HCO(+M)">
<rate A=" 1.00000000E+000" B=" 0.00000000E+000" E=" 0.00000000E+000"/>
<auxiliary keyword="TCHEB">
<data> 3.00000000E+002</data>
<data> 2.10000000E+003</data>
</auxiliary>
<auxiliary keyword="PCHEB">
<data> 9.86923267E-003</data>
<data> 9.86923267E+001</data>
</auxiliary>
<auxiliary keyword="CHEB">
<data>     4</data>
<data>     4</data>
</auxiliary>
<auxiliary keyword="CHEB">
<data> 6.63200000E+000</data>
<data>-5.57420000E-001</data>
<data>-1.75400000E-001</data>
<data>-1.55170000E-003</data>
</auxiliary>
<auxiliary keyword="CHEB">
<data> 3.96890000E+000</data>
<data> 6.76170000E-001</data>
<data> 1.91460000E-001</data>
<data>-1.33720000E-002</data>
</auxiliary>
<auxiliary keyword="CHEB">
<data> 2.71190000E-002</data>
<data>-3.34200000E-002</data>
<data> 1.77710000E-002</data>
<data> 1.90410000E-002</data>
</auxiliary>
<auxiliary keyword="CHEB">
<data>-4.08530000E-002</data>
<data>-1.01350000E-001</data>
<data>-3.33240000E-002</data>
<data> 2.19220000E-004</data>
</auxiliary>
</reaction>
<reaction formula="C3H4O-enone+CH2OH(+M)=CO+C3H7O-N1(+M)">
<rate A=" 1.00000000E+000" B=" 0.00000000E+000" E=" 0.00000000E+000"/>
<auxiliary keyword="TCHEB">
<data> 3.00000000E+002</data>
<data> 2.10000000E+003</data>
</auxiliary>
<auxiliary keyword="PCHEB">
<data> 9.86923267E-003</data>
<data> 9.86923267E+001</data>
</auxiliary>
<auxiliary keyword="CHEB">
<data>     4</data>
<data>     4</data>
</auxiliary>
<auxiliary keyword="CHEB">
<data>-1.68340000E+001</data>
<data>-1.99480000E-003</data>
<data>-1.45960000E-003</data>
<data>-7.25310000E-004</data>
</auxiliary>
<auxiliary keyword="CHEB">
<data> 2.15160000E+001</data>
<data> 2.49920000E-003</data>
<data> 1.82810000E-003</data>
<data> 9.08070000E-004</data>
</auxiliary>
<auxiliary keyword="CHEB">
<data> 5.43950000E-002</data>
<data>-4.35300000E-004</data>
<data>-3.17660000E-004</data>
<data>-1.57360000E-004</data>
</auxiliary>
<auxiliary keyword="CHEB">
<data> 2.08170000E-002</data>
<data>-1.81610000E-004</data>
<data>-1.33220000E-004</data>
<data>-6.63920000E-005</data>
</auxiliary>
</reaction>
<reaction formula="C3H6O-enol2+HCO(+M)=CO+C3H7O-N1(+M)">
<rate A=" 1.00000000E+000" B=" 0.00000000E+000" E=" 0.00000000E+000"/>
<auxiliary keyword="TCHEB">
<data> 3.00000000E+002</data>
<data> 2.10000000E+003</data>
</auxiliary>
<auxiliary keyword="PCHEB">
<data> 9.86923267E-003</data>
<data> 9.86923267E+001</data>
</auxiliary>
<auxiliary keyword="CHEB">
<data>     4</data>
<data>     4</data>
</auxiliary>
<auxiliary keyword="CHEB">
<data>-1.41870000E+001</data>
<data>-1.99480000E-003</data>
<data>-1.45960000E-003</data>
<data>-7.25310000E-004</data>
</auxiliary>
<auxiliary keyword="CHEB">
<data> 2.03020000E+001</data>
<data> 2.49920000E-003</data>
<data> 1.82810000E-003</data>
<data> 9.08070000E-004</data>
</auxiliary>
<auxiliary keyword="CHEB">
<data> 1.44140000E-001</data>
<data>-4.35300000E-004</data>
<data>-3.17660000E-004</data>
<data>-1.57360000E-004</data>
</auxiliary>
<auxiliary keyword="CHEB">
<data> 4.82730000E-002</data>
<data>-1.81610000E-004</data>
<data>-1.33220000E-004</data>
<data>-6.63920000E-005</data>
</auxiliary>
</reaction>
<reaction formula="C3H4O-enone+C3H7-1(+M)=C3H6+C3H5O-enol2(+M)">
<rate A=" 1.00000000E+000" B=" 0.00000000E+000" E=" 0.00000000E+000"/>
<auxiliary keyword="TCHEB">
<data> 3.00000000E+002</data>
<data> 2.10000000E+003</data>
</auxiliary>
<auxiliary keyword="PCHEB">
<data> 9.86923267E-003</data>
<data> 9.86923267E+001</data>
</auxiliary>
<auxiliary keyword="CHEB">
<data>     4</data>
<data>     4</data>
</auxiliary>
<auxiliary keyword="CHEB">
<data>-1.02810000E+001</data>
<data>-7.27470000E-005</data>
<data>-5.33130000E-005</data>
<data>-2.65400000E-005</data>
</auxiliary>
<auxiliary keyword="CHEB">
<data> 1.56400000E+001</data>
<data> 9.02130000E-005</data>
<data> 6.61110000E-005</data>
<data> 3.29100000E-005</data>
</auxiliary>
<auxiliary keyword="CHEB">
<data> 2.54140000E-001</data>
<data>-2.40690000E-005</data>
<data>-1.76370000E-005</data>
<data>-8.77930000E-006</data>
</auxiliary>
<auxiliary keyword="CHEB">
<data> 8.84870000E-002</data>
<data>-2.00030000E-006</data>
<data>-1.46650000E-006</data>
<data>-7.30370000E-007</data>
</auxiliary>
</reaction>
<reaction formula="C3H4O-enone+C3H7-1(+M)=nC4H8O+C2H3(+M)">
<rate A=" 1.00000000E+000" B=" 0.00000000E+000" E=" 0.00000000E+000"/>
<auxiliary keyword="TCHEB">
<data> 3.00000000E+002</data>
<data> 2.10000000E+003</data>
</auxiliary>
<auxiliary keyword="PCHEB">
<data> 9.86923267E-003</data>
<data> 9.86923267E+001</data>
</auxiliary>
<auxiliary keyword="CHEB">
<data>     4</data>
<data>     4</data>
</auxiliary>
<auxiliary keyword="CHEB">
<data> 1.52960000E+000</data>
<data>-7.50620000E-004</data>
<data>-5.49870000E-004</data>
<data>-2.73610000E-004</data>
</auxiliary>
<auxiliary keyword="CHEB">
<data> 8.47570000E+000</data>
<data> 4.69410000E-004</data>
<data> 3.43770000E-004</data>
<data> 1.71000000E-004</data>
</auxiliary>
<auxiliary keyword="CHEB">
<data> 1.74540000E-001</data>
<data>-2.51310000E-005</data>
<data>-1.83480000E-005</data>
<data>-9.09340000E-006</data>
</auxiliary>
<auxiliary keyword="CHEB">
<data> 6.26560000E-002</data>
<data> 1.66630000E-004</data>
<data> 1.22040000E-004</data>
<data> 6.07100000E-005</data>
</auxiliary>
</reaction>
<reaction formula="C3H4O-enone+C3H7O-N1(+M)=C3H6O-enol2+C3H5O-enol2(+M)">
<rate A=" 1.00000000E+000" B=" 0.00000000E+000" E=" 0.00000000E+000"/>
<auxiliary keyword="TCHEB">
<data> 3.00000000E+002</data>
<data> 2.10000000E+003</data>
</auxiliary>
<auxiliary keyword="PCHEB">
<data> 9.86923267E-003</data>
<data> 9.86923267E+001</data>
</auxiliary>
<auxiliary keyword="CHEB">
<data>     4</data>
<data>     4</data>
</auxiliary>
<auxiliary keyword="CHEB">
<data>-1.08800000E+001</data>
<data>-7.38520000E-005</data>
<data>-5.41220000E-005</data>
<data>-2.69420000E-005</data>
</auxiliary>
<auxiliary keyword="CHEB">
<data> 1.60890000E+001</data>
<data> 9.00660000E-005</data>
<data> 6.60030000E-005</data>
<data> 3.28560000E-005</data>
</auxiliary>
<auxiliary keyword="CHEB">
<data> 2.54400000E-001</data>
<data>-2.51290000E-005</data>
<data>-1.84140000E-005</data>
<data>-9.16600000E-006</data>
</auxiliary>
<auxiliary keyword="CHEB">
<data> 8.87890000E-002</data>
<data> 2.06610000E-007</data>
<data> 1.50840000E-007</data>
<data> 7.47540000E-008</data>
</auxiliary>
</reaction>
<reaction formula="C3H4O-enone+CH3(+M)=CH3CHO+C2H3(+M)">
<rate A=" 1.00000000E+000" B=" 0.00000000E+000" E=" 0.00000000E+000"/>
<auxiliary keyword="TCHEB">
<data> 3.00000000E+002</data>
<data> 2.10000000E+003</data>
</auxiliary>
<auxiliary keyword="PCHEB">
<data> 9.86923267E-003</data>
<data> 9.86923267E+001</data>
</auxiliary>
<auxiliary keyword="CHEB">
<data>     4</data>
<data>     4</data>
</auxiliary>
<auxiliary keyword="CHEB">
<data> 2.26990000E+000</data>
<data>-5.68410000E-002</data>
<data>-3.94810000E-002</data>
<data>-1.84010000E-002</data>
</auxiliary>
<auxiliary keyword="CHEB">
<data> 7.95570000E+000</data>
<data> 7.10500000E-002</data>
<data> 4.88240000E-002</data>
<data> 2.24360000E-002</data>
</auxiliary>
<auxiliary keyword="CHEB">
<data>-5.83300000E-002</data>
<data>-1.15870000E-002</data>
<data>-7.27960000E-003</data>
<data>-2.92860000E-003</data>
</auxiliary>
<auxiliary keyword="CHEB">
<data>-3.79030000E-002</data>
<data>-5.43400000E-003</data>
<data>-4.05610000E-003</data>
<data>-2.05960000E-003</data>
</auxiliary>
</reaction>
<reaction formula="C3H4O-enone+OH(+M)=C2H4O+HCO(+M)">
<rate A=" 1.00000000E+000" B=" 0.00000000E+000" E=" 0.00000000E+000"/>
<auxiliary keyword="TCHEB">
<data> 3.00000000E+002</data>
<data> 2.10000000E+003</data>
</auxiliary>
<auxiliary keyword="PCHEB">
<data> 9.86923267E-003</data>
<data> 9.86923267E+001</data>
</auxiliary>
<auxiliary keyword="CHEB">
<data>     4</data>
<data>     4</data>
</auxiliary>
<auxiliary keyword="CHEB">
<data> 1.24410000E+001</data>
<data>-3.31380000E-001</data>
<data>-1.49810000E-001</data>
<data>-2.99790000E-002</data>
</auxiliary>
<auxiliary keyword="CHEB">
<data> 5.25240000E-001</data>
<data> 4.05930000E-001</data>
<data> 1.73620000E-001</data>
<data> 2.77740000E-002</data>
</auxiliary>
<auxiliary keyword="CHEB">
<data>-1.48320000E-002</data>
<data>-3.03550000E-002</data>
<data> 1.77030000E-004</data>
<data> 9.56830000E-003</data>
</auxiliary>
<auxiliary keyword="CHEB">
<data>-2.75410000E-002</data>
<data>-5.23810000E-002</data>
<data>-2.59910000E-002</data>
<data>-6.46220000E-003</data>
</auxiliary>
</reaction>
<reaction formula="C3H4O-enone+OH(+M)=CO+C2H5O-1(+M)">
<rate A=" 1.00000000E+000" B=" 0.00000000E+000" E=" 0.00000000E+000"/>
<auxiliary keyword="TCHEB">
<data> 3.00000000E+002</data>
<data> 2.10000000E+003</data>
</auxiliary>
<auxiliary keyword="PCHEB">
<data> 9.86923267E-003</data>
<data> 9.86923267E+001</data>
</auxiliary>
<auxiliary keyword="CHEB">
<data>     4</data>
<data>     4</data>
</auxiliary>
<auxiliary keyword="CHEB">
<data>-1.18210000E+001</data>
<data>-1.15600000E-003</data>
<data>-8.46470000E-004</data>
<data>-4.20980000E-004</data>
</auxiliary>
<auxiliary keyword="CHEB">
<data> 1.89010000E+001</data>
<data> 1.38830000E-003</data>
<data> 1.01630000E-003</data>
<data> 5.05330000E-004</data>
</auxiliary>
<auxiliary keyword="CHEB">
<data> 4.50090000E-002</data>
<data>-2.21980000E-004</data>
<data>-1.62270000E-004</data>
<data>-8.05440000E-005</data>
</auxiliary>
<auxiliary keyword="CHEB">
<data> 1.75030000E-002</data>
<data>-9.99470000E-005</data>
<data>-7.32820000E-005</data>
<data>-3.65010000E-005</data>
</auxiliary>
</reaction>
<reaction formula="C2H4O+HCO(+M)=CO+C2H5O-1(+M)">
<rate A=" 1.00000000E+000" B=" 0.00000000E+000" E=" 0.00000000E+000"/>
<auxiliary keyword="TCHEB">
<data> 3.00000000E+002</data>
<data> 2.10000000E+003</data>
</auxiliary>
<auxiliary keyword="PCHEB">
<data> 9.86923267E-003</data>
<data> 9.86923267E+001</data>
</auxiliary>
<auxiliary keyword="CHEB">
<data>     4</data>
<data>     4</data>
</auxiliary>
<auxiliary keyword="CHEB">
<data>-1.56880000E+001</data>
<data>-1.15660000E-003</data>
<data>-8.46920000E-004</data>
<data>-4.21200000E-004</data>
</auxiliary>
<auxiliary keyword="CHEB">
<data> 2.16330000E+001</data>
<data> 1.38810000E-003</data>
<data> 1.01620000E-003</data>
<data> 5.05280000E-004</data>
</auxiliary>
<auxiliary keyword="CHEB">
<data> 1.21870000E-001</data>
<data>-2.21670000E-004</data>
<data>-1.62040000E-004</data>
<data>-8.04300000E-005</data>
</auxiliary>
<auxiliary keyword="CHEB">
<data> 4.46940000E-002</data>
<data>-9.98630000E-005</data>
<data>-7.32200000E-005</data>
<data>-3.64700000E-005</data>
</auxiliary>
</reaction>
<reaction formula="C3H5O-enol2(+M)=C3H4O-enone+H(+M)">
<rate A=" 1.00000000E+000" B=" 0.00000000E+000" E=" 0.00000000E+000"/>
<auxiliary keyword="TCHEB">
<data> 3.00000000E+002</data>
<data> 2.10000000E+003</data>
</auxiliary>
<auxiliary keyword="PCHEB">
<data> 9.86923267E-003</data>
<data> 9.86923267E+001</data>
</auxiliary>
<auxiliary keyword="CHEB">
<data>     4</data>
<data>     4</data>
</auxiliary>
<auxiliary keyword="CHEB">
<data>-1.57140000E+000</data>
<data> 1.73130000E-001</data>
<data>-1.99390000E-001</data>
<data> 9.87420000E-002</data>
</auxiliary>
<auxiliary keyword="CHEB">
<data> 9.91270000E+000</data>
<data> 1.20490000E+000</data>
<data>-2.07510000E-002</data>
<data>-1.06510000E-001</data>
</auxiliary>
<auxiliary keyword="CHEB">
<data>-5.82500000E-001</data>
<data> 3.54480000E-001</data>
<data> 6.96670000E-002</data>
<data>-2.41060000E-002</data>
</auxiliary>
<auxiliary keyword="CHEB">
<data>-2.99730000E-001</data>
<data> 6.09380000E-002</data>
<data> 5.84670000E-002</data>
<data> 9.86750000E-003</data>
</auxiliary>
</reaction>
<reaction formula="C3H5O-enol2(+M)=CH2O+C2H3(+M)">
<rate A=" 1.00000000E+000" B=" 0.00000000E+000" E=" 0.00000000E+000"/>
<auxiliary keyword="TCHEB">
<data> 3.00000000E+002</data>
<data> 2.10000000E+003</data>
</auxiliary>
<auxiliary keyword="PCHEB">
<data> 9.86923267E-003</data>
<data> 9.86923267E+001</data>
</auxiliary>
<auxiliary keyword="CHEB">
<data>     4</data>
<data>     4</data>
</auxiliary>
<auxiliary keyword="CHEB">
<data>-1.37050000E+001</data>
<data> 1.25280000E+000</data>
<data>-3.60440000E-001</data>
<data>-8.40930000E-002</data>
</auxiliary>
<auxiliary keyword="CHEB">
<data> 1.71340000E+001</data>
<data> 7.58110000E-001</data>
<data> 3.33020000E-001</data>
<data> 5.45770000E-002</data>
</auxiliary>
<auxiliary keyword="CHEB">
<data>-4.30350000E-001</data>
<data> 6.71610000E-002</data>
<data> 6.10950000E-002</data>
<data> 3.32930000E-002</data>
</auxiliary>
<auxiliary keyword="CHEB">
<data>-1.52260000E-001</data>
<data>-7.76990000E-002</data>
<data>-3.26650000E-002</data>
<data>-3.24610000E-003</data>
</auxiliary>
</reaction>
<reaction formula="C3H4O-enone+H(+M)=CH2O+C2H3(+M)">
<rate A=" 1.00000000E+000" B=" 0.00000000E+000" E=" 0.00000000E+000"/>
<auxiliary keyword="TCHEB">
<data> 3.00000000E+002</data>
<data> 2.10000000E+003</data>
</auxiliary>
<auxiliary keyword="PCHEB">
<data> 9.86923267E-003</data>
<data> 9.86923267E+001</data>
</auxiliary>
<auxiliary keyword="CHEB">
<data>     4</data>
<data>     4</data>
</auxiliary>
<auxiliary keyword="CHEB">
<data> 4.04440000E+000</data>
<data>-5.25110000E-001</data>
<data>-2.13320000E-001</data>
<data>-2.68970000E-002</data>
</auxiliary>
<auxiliary keyword="CHEB">
<data> 6.44290000E+000</data>
<data> 4.97980000E-001</data>
<data> 1.77100000E-001</data>
<data> 4.56930000E-003</data>
</auxiliary>
<auxiliary keyword="CHEB">
<data>-3.28420000E-001</data>
<data> 8.46530000E-002</data>
<data> 5.46540000E-002</data>
<data> 1.98800000E-002</data>
</auxiliary>
<auxiliary keyword="CHEB">
<data>-1.68880000E-001</data>
<data>-4.22840000E-002</data>
<data>-9.61340000E-003</data>
<data> 5.07650000E-003</data>
</auxiliary>
</reaction>
<reaction formula="C3H4O-enone+H(+M)=C2H4+HCO(+M)">
<rate A=" 1.00000000E+000" B=" 0.00000000E+000" E=" 0.00000000E+000"/>
<auxiliary keyword="TCHEB">
<data> 3.00000000E+002</data>
<data> 2.10000000E+003</data>
</auxiliary>
<auxiliary keyword="PCHEB">
<data> 9.86923267E-003</data>
<data> 9.86923267E+001</data>
</auxiliary>
<auxiliary keyword="CHEB">
<data>     4</data>
<data>     4</data>
</auxiliary>
<auxiliary keyword="CHEB">
<data> 1.14960000E+001</data>
<data>-2.00120000E-001</data>
<data>-1.17280000E-001</data>
<data>-4.21450000E-002</data>
</auxiliary>
<auxiliary keyword="CHEB">
<data> 1.72820000E+000</data>
<data> 2.33980000E-001</data>
<data> 1.31960000E-001</data>
<data> 4.39660000E-002</data>
</auxiliary>
<auxiliary keyword="CHEB">
<data>-8.95190000E-002</data>
<data>-6.59310000E-003</data>
<data> 3.21270000E-003</data>
<data> 5.83130000E-003</data>
</auxiliary>
<auxiliary keyword="CHEB">
<data>-5.85820000E-002</data>
<data>-2.81290000E-002</data>
<data>-1.74820000E-002</data>
<data>-6.86940000E-003</data>
</auxiliary>
</reaction>
<reaction formula="C3H4O-enone+H(+M)=CO+C2H5(+M)">
<rate A=" 1.00000000E+000" B=" 0.00000000E+000" E=" 0.00000000E+000"/>
<auxiliary keyword="TCHEB">
<data> 3.00000000E+002</data>
<data> 2.10000000E+003</data>
</auxiliary>
<auxiliary keyword="PCHEB">
<data> 9.86923267E-003</data>
<data> 9.86923267E+001</data>
</auxiliary>
<auxiliary keyword="CHEB">
<data>     4</data>
<data>     4</data>
</auxiliary>
<auxiliary keyword="CHEB">
<data>-8.36390000E+000</data>
<data>-3.47910000E-003</data>
<data>-2.54310000E-003</data>
<data>-1.26220000E-003</data>
</auxiliary>
<auxiliary keyword="CHEB">
<data> 1.64810000E+001</data>
<data> 4.15690000E-003</data>
<data> 3.03680000E-003</data>
<data> 1.50610000E-003</data>
</auxiliary>
<auxiliary keyword="CHEB">
<data>-1.63320000E-002</data>
<data>-4.84440000E-004</data>
<data>-3.51680000E-004</data>
<data>-1.73140000E-004</data>
</auxiliary>
<auxiliary keyword="CHEB">
<data> 8.55950000E-003</data>
<data>-3.02820000E-004</data>
<data>-2.22050000E-004</data>
<data>-1.10610000E-004</data>
</auxiliary>
</reaction>
<reaction formula="C2H4+HCO(+M)=CO+C2H5(+M)">
<rate A=" 1.00000000E+000" B=" 0.00000000E+000" E=" 0.00000000E+000"/>
<auxiliary keyword="TCHEB">
<data> 3.00000000E+002</data>
<data> 2.10000000E+003</data>
</auxiliary>
<auxiliary keyword="PCHEB">
<data> 9.86923267E-003</data>
<data> 9.86923267E+001</data>
</auxiliary>
<auxiliary keyword="CHEB">
<data>     4</data>
<data>     4</data>
</auxiliary>
<auxiliary keyword="CHEB">
<data>-1.26480000E+001</data>
<data>-3.48560000E-003</data>
<data>-2.54790000E-003</data>
<data>-1.26450000E-003</data>
</auxiliary>
<auxiliary keyword="CHEB">
<data> 1.96160000E+001</data>
<data> 4.15450000E-003</data>
<data> 3.03500000E-003</data>
<data> 1.50530000E-003</data>
</auxiliary>
<auxiliary keyword="CHEB">
<data> 1.43090000E-001</data>
<data>-4.79870000E-004</data>
<data>-3.48340000E-004</data>
<data>-1.71470000E-004</data>
</auxiliary>
<auxiliary keyword="CHEB">
<data> 5.54240000E-002</data>
<data>-3.00330000E-004</data>
<data>-2.20210000E-004</data>
<data>-1.09700000E-004</data>
</auxiliary>
</reaction>
<reaction formula="C3H4O-enone+C4H7-24(+M)=C4H6-13+C3H5O-enol2(+M)">
<rate A=" 1.00000000E+000" B=" 0.00000000E+000" E=" 0.00000000E+000"/>
<auxiliary keyword="TCHEB">
<data> 3.00000000E+002</data>
<data> 2.10000000E+003</data>
</auxiliary>
<auxiliary keyword="PCHEB">
<data> 9.86923267E-003</data>
<data> 9.86923267E+001</data>
</auxiliary>
<auxiliary keyword="CHEB">
<data>     4</data>
<data>     4</data>
</auxiliary>
<auxiliary keyword="CHEB">
<data>-1.49330000E+001</data>
<data>-1.24720000E-005</data>
<data>-9.14030000E-006</data>
<data>-4.55040000E-006</data>
</auxiliary>
<auxiliary keyword="CHEB">
<data> 1.96600000E+001</data>
<data>-1.13390000E-006</data>
<data>-8.31010000E-007</data>
<data>-4.13710000E-007</data>
</auxiliary>
<auxiliary keyword="CHEB">
<data> 2.75000000E-001</data>
<data> 1.03490000E-007</data>
<data> 7.58420000E-008</data>
<data> 3.77570000E-008</data>
</auxiliary>
<auxiliary keyword="CHEB">
<data> 9.60110000E-002</data>
<data> 2.70200000E-006</data>
<data> 1.98030000E-006</data>
<data> 9.85860000E-007</data>
</auxiliary>
</reaction>
<reaction formula="C3H4O-enone(+M)=C2H3+HCO(+M)">
<rate A=" 1.00000000E+000" B=" 0.00000000E+000" E=" 0.00000000E+000"/>
<auxiliary keyword="TCHEB">
<data> 3.00000000E+002</data>
<data> 2.10000000E+003</data>
</auxiliary>
<auxiliary keyword="PCHEB">
<data> 9.86923267E-003</data>
<data> 9.86923267E+001</data>
</auxiliary>
<auxiliary keyword="CHEB">
<data>     4</data>
<data>     4</data>
</auxiliary>
<auxiliary keyword="CHEB">
<data>-2.49310000E+001</data>
<data> 7.64860000E-001</data>
<data>-2.05000000E-001</data>
<data> 4.68550000E-002</data>
</auxiliary>
<auxiliary keyword="CHEB">
<data> 3.06750000E+001</data>
<data> 6.35220000E-001</data>
<data> 1.06520000E-002</data>
<data>-3.84330000E-002</data>
</auxiliary>
<auxiliary keyword="CHEB">
<data>-7.77640000E-001</data>
<data> 2.88400000E-001</data>
<data> 6.14780000E-002</data>
<data>-1.84680000E-002</data>
</auxiliary>
<auxiliary keyword="CHEB">
<data>-4.75080000E-001</data>
<data> 9.63190000E-002</data>
<data> 3.76710000E-002</data>
<data>-1.77990000E-003</data>
</auxiliary>
</reaction>
<reaction formula="C3H4O-enone(+M)=C2H4+CO(+M)">
<rate A=" 1.00000000E+000" B=" 0.00000000E+000" E=" 0.00000000E+000"/>
<auxiliary keyword="TCHEB">
<data> 3.00000000E+002</data>
<data> 2.10000000E+003</data>
</auxiliary>
<auxiliary keyword="PCHEB">
<data> 9.86923267E-003</data>
<data> 9.86923267E+001</data>
</auxiliary>
<auxiliary keyword="CHEB">
<data>     4</data>
<data>     4</data>
</auxiliary>
<auxiliary keyword="CHEB">
<data>-2.27740000E+001</data>
<data> 2.32140000E-001</data>
<data>-3.90270000E-002</data>
<data> 4.81330000E-003</data>
</auxiliary>
<auxiliary keyword="CHEB">
<data> 2.72150000E+001</data>
<data> 3.68420000E-001</data>
<data>-6.29490000E-002</data>
<data> 6.36660000E-003</data>
</auxiliary>
<auxiliary keyword="CHEB">
<data>-4.75260000E-001</data>
<data> 2.87710000E-001</data>
<data>-2.84290000E-002</data>
<data>-7.21270000E-004</data>
</auxiliary>
<auxiliary keyword="CHEB">
<data>-3.46570000E-001</data>
<data> 1.58930000E-001</data>
<data>-1.55650000E-003</data>
<data>-3.34590000E-003</data>
</auxiliary>
</reaction>
<reaction formula="C2H3+HCO(+M)=C2H4+CO(+M)">
<rate A=" 1.00000000E+000" B=" 0.00000000E+000" E=" 0.00000000E+000"/>
<auxiliary keyword="TCHEB">
<data> 3.00000000E+002</data>
<data> 2.10000000E+003</data>
</auxiliary>
<auxiliary keyword="PCHEB">
<data> 9.86923267E-003</data>
<data> 9.86923267E+001</data>
</auxiliary>
<auxiliary keyword="CHEB">
<data>     4</data>
<data>     4</data>
</auxiliary>
<auxiliary keyword="CHEB">
<data> 1.15490000E+001</data>
<data>-1.07750000E+000</data>
<data>-1.70740000E-001</data>
<data> 3.89440000E-002</data>
</auxiliary>
<auxiliary keyword="CHEB">
<data> 6.52970000E-001</data>
<data> 8.70520000E-001</data>
<data> 7.73950000E-002</data>
<data>-4.89320000E-002</data>
</auxiliary>
<auxiliary keyword="CHEB">
<data> 7.09260000E-002</data>
<data> 2.77660000E-001</data>
<data> 7.65540000E-002</data>
<data>-8.95370000E-003</data>
</auxiliary>
<auxiliary keyword="CHEB">
<data>-1.20210000E-001</data>
<data>-1.67770000E-002</data>
<data> 2.05350000E-002</data>
<data> 1.11720000E-002</data>
</auxiliary>
</reaction>
<reaction formula="C3H4O-enone+C2H5OH(+M)=HCO+C4H9O-4(+M)">
<rate A=" 1.00000000E+000" B=" 0.00000000E+000" E=" 0.00000000E+000"/>
<auxiliary keyword="TCHEB">
<data> 3.00000000E+002</data>
<data> 2.10000000E+003</data>
</auxiliary>
<auxiliary keyword="PCHEB">
<data> 9.86923267E-003</data>
<data> 9.86923267E+001</data>
</auxiliary>
<auxiliary keyword="CHEB">
<data>     4</data>
<data>     4</data>
</auxiliary>
<auxiliary keyword="CHEB">
<data>-1.58700000E+001</data>
<data>-1.51840000E+000</data>
<data>-4.20060000E-002</data>
<data>-1.44900000E-004</data>
</auxiliary>
<auxiliary keyword="CHEB">
<data> 2.26350000E+001</data>
<data> 8.10300000E-001</data>
<data>-7.87570000E-002</data>
<data>-2.49550000E-003</data>
</auxiliary>
<auxiliary keyword="CHEB">
<data> 3.52270000E-001</data>
<data> 5.34510000E-001</data>
<data> 4.07100000E-003</data>
<data>-9.02710000E-003</data>
</auxiliary>
<auxiliary keyword="CHEB">
<data>-2.97910000E-001</data>
<data> 2.01420000E-001</data>
<data> 4.94330000E-002</data>
<data>-6.57180000E-003</data>
</auxiliary>
</reaction>
<reaction formula="HCO+C4H9O-4(+M)=CO+nC4H10O(+M)">
<rate A=" 1.00000000E+000" B=" 0.00000000E+000" E=" 0.00000000E+000"/>
<auxiliary keyword="TCHEB">
<data> 3.00000000E+002</data>
<data> 2.10000000E+003</data>
</auxiliary>
<auxiliary keyword="PCHEB">
<data> 9.86923267E-003</data>
<data> 9.86923267E+001</data>
</auxiliary>
<auxiliary keyword="CHEB">
<data>     4</data>
<data>     4</data>
</auxiliary>
<auxiliary keyword="CHEB">
<data> 5.68750000E+000</data>
<data>-1.42800000E+000</data>
<data>-4.68820000E-002</data>
<data> 1.17570000E-003</data>
</auxiliary>
<auxiliary keyword="CHEB">
<data> 4.74380000E+000</data>
<data> 9.68150000E-001</data>
<data>-7.43220000E-002</data>
<data>-6.28750000E-003</data>
</auxiliary>
<auxiliary keyword="CHEB">
<data> 5.29200000E-001</data>
<data> 5.05250000E-001</data>
<data> 3.40740000E-002</data>
<data>-1.08050000E-002</data>
</auxiliary>
<auxiliary keyword="CHEB">
<data>-2.48050000E-001</data>
<data> 8.82680000E-002</data>
<data> 6.89890000E-002</data>
<data>-1.67380000E-003</data>
</auxiliary>
</reaction>
<reaction formula="C3H4O-enone+H2O(+M)=CO+C2H5OH(+M)">
<rate A=" 1.00000000E+000" B=" 0.00000000E+000" E=" 0.00000000E+000"/>
<auxiliary keyword="TCHEB">
<data> 3.00000000E+002</data>
<data> 2.10000000E+003</data>
</auxiliary>
<auxiliary keyword="PCHEB">
<data> 9.86923267E-003</data>
<data> 9.86923267E+001</data>
</auxiliary>
<auxiliary keyword="CHEB">
<data>     4</data>
<data>     4</data>
</auxiliary>
<auxiliary keyword="CHEB">
<data>-2.19520000E+001</data>
<data>-1.46860000E+000</data>
<data>-1.11800000E-001</data>
<data> 1.04010000E-002</data>
</auxiliary>
<auxiliary keyword="CHEB">
<data> 2.56680000E+001</data>
<data> 7.75570000E-001</data>
<data>-1.17450000E-001</data>
<data>-2.30230000E-002</data>
</auxiliary>
<auxiliary keyword="CHEB">
<data> 4.37090000E-001</data>
<data> 4.33650000E-001</data>
<data> 1.85480000E-002</data>
<data>-3.33330000E-002</data>
</auxiliary>
<auxiliary keyword="CHEB">
<data> 4.12480000E-002</data>
<data> 1.40180000E-001</data>
<data> 6.61780000E-002</data>
<data>-1.46850000E-002</data>
</auxiliary>
</reaction>
<reaction formula="C3H4O-enone+H2O(+M)=CH2CHO+CH2OH(+M)">
<rate A=" 1.00000000E+000" B=" 0.00000000E+000" E=" 0.00000000E+000"/>
<auxiliary keyword="TCHEB">
<data> 3.00000000E+002</data>
<data> 2.10000000E+003</data>
</auxiliary>
<auxiliary keyword="PCHEB">
<data> 9.86923267E-003</data>
<data> 9.86923267E+001</data>
</auxiliary>
<auxiliary keyword="CHEB">
<data>     4</data>
<data>     4</data>
</auxiliary>
<auxiliary keyword="CHEB">
<data>-2.12030000E+001</data>
<data>-1.40270000E+000</data>
<data>-5.91850000E-002</data>
<data> 8.37650000E-003</data>
</auxiliary>
<auxiliary keyword="CHEB">
<data> 2.55890000E+001</data>
<data> 9.16820000E-001</data>
<data>-4.50950000E-002</data>
<data>-9.00800000E-003</data>
</auxiliary>
<auxiliary keyword="CHEB">
<data>-2.36540000E-001</data>
<data> 4.29130000E-001</data>
<data> 3.79620000E-002</data>
<data>-8.94810000E-003</data>
</auxiliary>
<auxiliary keyword="CHEB">
<data>-3.04140000E-001</data>
<data> 7.56820000E-002</data>
<data> 4.24090000E-002</data>
<data> 1.65520000E-003</data>
</auxiliary>
</reaction>
<reaction formula="C3H4O-enone+H2O(+M)=HCO+C2H5O-1(+M)">
<rate A=" 1.00000000E+000" B=" 0.00000000E+000" E=" 0.00000000E+000"/>
<auxiliary keyword="TCHEB">
<data> 3.00000000E+002</data>
<data> 2.10000000E+003</data>
</auxiliary>
<auxiliary keyword="PCHEB">
<data> 9.86923267E-003</data>
<data> 9.86923267E+001</data>
</auxiliary>
<auxiliary keyword="CHEB">
<data>     4</data>
<data>     4</data>
</auxiliary>
<auxiliary keyword="CHEB">
<data>-2.05230000E+001</data>
<data>-1.36440000E+000</data>
<data>-7.39390000E-002</data>
<data> 1.42110000E-002</data>
</auxiliary>
<auxiliary keyword="CHEB">
<data> 2.58580000E+001</data>
<data> 9.29760000E-001</data>
<data>-3.55140000E-002</data>
<data>-1.39750000E-002</data>
</auxiliary>
<auxiliary keyword="CHEB">
<data>-2.54820000E-001</data>
<data> 4.12680000E-001</data>
<data> 4.68040000E-002</data>
<data>-1.10160000E-002</data>
</auxiliary>
<auxiliary keyword="CHEB">
<data>-2.96520000E-001</data>
<data> 5.89400000E-002</data>
<data> 4.38630000E-002</data>
<data> 2.21240000E-003</data>
</auxiliary>
</reaction>
<reaction formula="CH2CHO+CH2OH(+M)=HCO+C2H5O-1(+M)">
<rate A=" 1.00000000E+000" B=" 0.00000000E+000" E=" 0.00000000E+000"/>
<auxiliary keyword="TCHEB">
<data> 3.00000000E+002</data>
<data> 2.10000000E+003</data>
</auxiliary>
<auxiliary keyword="PCHEB">
<data> 9.86923267E-003</data>
<data> 9.86923267E+001</data>
</auxiliary>
<auxiliary keyword="CHEB">
<data>     4</data>
<data>     4</data>
</auxiliary>
<auxiliary keyword="CHEB">
<data> 1.18640000E+001</data>
<data>-1.19110000E+000</data>
<data>-8.38110000E-002</data>
<data> 1.07900000E-002</data>
</auxiliary>
<auxiliary keyword="CHEB">
<data> 1.97190000E+000</data>
<data> 1.09710000E+000</data>
<data>-4.48050000E-003</data>
<data>-2.18390000E-002</data>
</auxiliary>
<auxiliary keyword="CHEB">
<data> 1.83380000E-001</data>
<data> 2.66540000E-001</data>
<data> 7.63670000E-002</data>
<data>-2.68340000E-003</data>
</auxiliary>
<auxiliary keyword="CHEB">
<data>-1.73660000E-001</data>
<data>-9.87450000E-002</data>
<data> 3.47090000E-002</data>
<data> 1.22620000E-002</data>
</auxiliary>
</reaction>
<reaction formula="CH2CHO+CH2OH(+M)=CO+C2H5OH(+M)">
<rate A=" 1.00000000E+000" B=" 0.00000000E+000" E=" 0.00000000E+000"/>
<auxiliary keyword="TCHEB">
<data> 3.00000000E+002</data>
<data> 2.10000000E+003</data>
</auxiliary>
<auxiliary keyword="PCHEB">
<data> 9.86923267E-003</data>
<data> 9.86923267E+001</data>
</auxiliary>
<auxiliary keyword="CHEB">
<data>     4</data>
<data>     4</data>
</auxiliary>
<auxiliary keyword="CHEB">
<data> 8.54200000E+000</data>
<data>-1.22830000E+000</data>
<data>-6.79060000E-002</data>
<data> 5.10220000E-003</data>
</auxiliary>
<auxiliary keyword="CHEB">
<data> 1.66350000E+000</data>
<data> 1.11330000E+000</data>
<data>-2.18360000E-002</data>
<data>-1.52720000E-002</data>
</auxiliary>
<auxiliary keyword="CHEB">
<data> 2.31860000E-001</data>
<data> 2.90010000E-001</data>
<data> 7.03720000E-002</data>
<data>-2.27560000E-003</data>
</auxiliary>
<auxiliary keyword="CHEB">
<data>-1.87260000E-001</data>
<data>-9.71410000E-002</data>
<data> 4.06770000E-002</data>
<data> 1.03090000E-002</data>
</auxiliary>
</reaction>
<reaction formula="HCO+C2H5O-1(+M)=CO+C2H5OH(+M)">
<rate A=" 1.00000000E+000" B=" 0.00000000E+000" E=" 0.00000000E+000"/>
<auxiliary keyword="TCHEB">
<data> 3.00000000E+002</data>
<data> 2.10000000E+003</data>
</auxiliary>
<auxiliary keyword="PCHEB">
<data> 9.86923267E-003</data>
<data> 9.86923267E+001</data>
</auxiliary>
<auxiliary keyword="CHEB">
<data>     4</data>
<data>     4</data>
</auxiliary>
<auxiliary keyword="CHEB">
<data> 8.65330000E+000</data>
<data>-1.19110000E+000</data>
<data>-8.38110000E-002</data>
<data> 1.07900000E-002</data>
</auxiliary>
<auxiliary keyword="CHEB">
<data> 1.96680000E+000</data>
<data> 1.09710000E+000</data>
<data>-4.48050000E-003</data>
<data>-2.18390000E-002</data>
</auxiliary>
<auxiliary keyword="CHEB">
<data> 2.72750000E-001</data>
<data> 2.66540000E-001</data>
<data> 7.63670000E-002</data>
<data>-2.68340000E-003</data>
</auxiliary>
<auxiliary keyword="CHEB">
<data>-1.28970000E-001</data>
<data>-9.87450000E-002</data>
<data> 3.47090000E-002</data>
<data> 1.22620000E-002</data>
</auxiliary>
</reaction>
<reaction formula="C2H4+C3H4O-enone(+M)=C4H6-13+CH2O(+M)">
<rate A=" 1.00000000E+000" B=" 0.00000000E+000" E=" 0.00000000E+000"/>
<auxiliary keyword="TCHEB">
<data> 3.00000000E+002</data>
<data> 2.10000000E+003</data>
</auxiliary>
<auxiliary keyword="PCHEB">
<data> 9.86923267E-003</data>
<data> 9.86923267E+001</data>
</auxiliary>
<auxiliary keyword="CHEB">
<data>     4</data>
<data>     4</data>
</auxiliary>
<auxiliary keyword="CHEB">
<data>-1.08150000E+001</data>
<data>-9.32530000E-001</data>
<data>-1.43020000E-001</data>
<data> 2.02660000E-002</data>
</auxiliary>
<auxiliary keyword="CHEB">
<data> 1.74060000E+001</data>
<data> 1.02730000E+000</data>
<data> 1.02040000E-001</data>
<data>-4.49170000E-002</data>
</auxiliary>
<auxiliary keyword="CHEB">
<data> 1.53580000E-001</data>
<data> 8.57050000E-002</data>
<data> 7.05160000E-002</data>
<data> 1.73050000E-002</data>
</auxiliary>
<auxiliary keyword="CHEB">
<data>-9.50290000E-002</data>
<data>-1.76560000E-001</data>
<data>-6.49320000E-003</data>
<data> 1.61550000E-002</data>
</auxiliary>
</reaction>
<reaction formula="C3H6+C3H4O-enone(+M)=C4H6-13+CH3CHO(+M)">
<rate A=" 1.00000000E+000" B=" 0.00000000E+000" E=" 0.00000000E+000"/>
<auxiliary keyword="TCHEB">
<data> 3.00000000E+002</data>
<data> 2.10000000E+003</data>
</auxiliary>
<auxiliary keyword="PCHEB">
<data> 9.86923267E-003</data>
<data> 9.86923267E+001</data>
</auxiliary>
<auxiliary keyword="CHEB">
<data>     4</data>
<data>     4</data>
</auxiliary>
<auxiliary keyword="CHEB">
<data>-9.17770000E+000</data>
<data>-1.04310000E+000</data>
<data>-1.02770000E-001</data>
<data> 1.04920000E-002</data>
</auxiliary>
<auxiliary keyword="CHEB">
<data> 1.67890000E+001</data>
<data> 1.13830000E+000</data>
<data> 3.24640000E-002</data>
<data>-1.93070000E-002</data>
</auxiliary>
<auxiliary keyword="CHEB">
<data>-1.77510000E-001</data>
<data> 8.87810000E-002</data>
<data> 1.06750000E-001</data>
<data>-4.45960000E-003</data>
</auxiliary>
<auxiliary keyword="CHEB">
<data>-1.06800000E-001</data>
<data>-1.54720000E-001</data>
<data>-1.12920000E-002</data>
<data> 1.80530000E-002</data>
</auxiliary>
</reaction>
<reaction formula="C4H8-1+C3H5O-enol2(+M)=C4H8-2+C3H5O-enol2(+M)">
<rate A=" 1.00000000E+000" B=" 0.00000000E+000" E=" 0.00000000E+000"/>
<auxiliary keyword="TCHEB">
<data> 3.00000000E+002</data>
<data> 2.10000000E+003</data>
</auxiliary>
<auxiliary keyword="PCHEB">
<data> 9.86923267E-003</data>
<data> 9.86923267E+001</data>
</auxiliary>
<auxiliary keyword="CHEB">
<data>     4</data>
<data>     4</data>
</auxiliary>
<auxiliary keyword="CHEB">
<data>-1.58890000E+001</data>
<data>-1.71770000E+000</data>
<data>-6.19190000E-002</data>
<data>-1.29090000E-003</data>
</auxiliary>
<auxiliary keyword="CHEB">
<data> 2.08440000E+001</data>
<data> 4.45860000E-001</data>
<data>-1.09120000E-001</data>
<data> 1.74400000E-003</data>
</auxiliary>
<auxiliary keyword="CHEB">
<data> 1.13350000E+000</data>
<data> 4.09380000E-001</data>
<data>-6.98590000E-002</data>
<data>-1.04130000E-002</data>
</auxiliary>
<auxiliary keyword="CHEB">
<data>-1.74710000E-002</data>
<data> 2.65140000E-001</data>
<data>-1.97570000E-002</data>
<data>-1.60110000E-002</data>
</auxiliary>
</reaction>
<reaction formula="C2H4+C3H5O-enol2(+M)=aC3H5+C2H4O(+M)">
<rate A=" 1.00000000E+000" B=" 0.00000000E+000" E=" 0.00000000E+000"/>
<auxiliary keyword="TCHEB">
<data> 3.00000000E+002</data>
<data> 2.10000000E+003</data>
</auxiliary>
<auxiliary keyword="PCHEB">
<data> 9.86923267E-003</data>
<data> 9.86923267E+001</data>
</auxiliary>
<auxiliary keyword="CHEB">
<data>     4</data>
<data>     4</data>
</auxiliary>
<auxiliary keyword="CHEB">
<data>-8.76220000E+000</data>
<data>-1.31670000E+000</data>
<data>-5.66290000E-002</data>
<data> 2.92440000E-003</data>
</auxiliary>
<auxiliary keyword="CHEB">
<data> 1.64490000E+001</data>
<data> 1.10640000E+000</data>
<data>-5.12280000E-002</data>
<data>-1.29820000E-002</data>
</auxiliary>
<auxiliary keyword="CHEB">
<data> 3.05630000E-001</data>
<data> 3.92080000E-001</data>
<data> 6.28780000E-002</data>
<data>-8.89350000E-003</data>
</auxiliary>
<auxiliary keyword="CHEB">
<data>-2.60370000E-001</data>
<data>-6.43820000E-002</data>
<data> 6.01470000E-002</data>
<data> 8.75440000E-003</data>
</auxiliary>
</reaction>
<reaction formula="C3H6O-enol2+CH2CHO(+M)=CO+C4H9O-3(+M)">
<rate A=" 1.00000000E+000" B=" 0.00000000E+000" E=" 0.00000000E+000"/>
<auxiliary keyword="TCHEB">
<data> 3.00000000E+002</data>
<data> 2.10000000E+003</data>
</auxiliary>
<auxiliary keyword="PCHEB">
<data> 9.86923267E-003</data>
<data> 9.86923267E+001</data>
</auxiliary>
<auxiliary keyword="CHEB">
<data>     4</data>
<data>     4</data>
</auxiliary>
<auxiliary keyword="CHEB">
<data>-1.37470000E+001</data>
<data>-2.86360000E-001</data>
<data>-1.55810000E-001</data>
<data>-4.85510000E-002</data>
</auxiliary>
<auxiliary keyword="CHEB">
<data> 2.00350000E+001</data>
<data> 3.04970000E-001</data>
<data> 1.52390000E-001</data>
<data> 3.80770000E-002</data>
</auxiliary>
<auxiliary keyword="CHEB">
<data> 8.89540000E-002</data>
<data> 5.72020000E-003</data>
<data> 1.61590000E-002</data>
<data> 1.37800000E-002</data>
</auxiliary>
<auxiliary keyword="CHEB">
<data>-8.71290000E-003</data>
<data>-3.70150000E-002</data>
<data>-1.96810000E-002</data>
<data>-5.50360000E-003</data>
</auxiliary>
</reaction>
<reaction formula="C3H4O-enone+CH2CHO(+M)=CO+C4H7OJ(12)(+M)">
<rate A=" 1.00000000E+000" B=" 0.00000000E+000" E=" 0.00000000E+000"/>
<auxiliary keyword="TCHEB">
<data> 3.00000000E+002</data>
<data> 2.10000000E+003</data>
</auxiliary>
<auxiliary keyword="PCHEB">
<data> 9.86923267E-003</data>
<data> 9.86923267E+001</data>
</auxiliary>
<auxiliary keyword="CHEB">
<data>     4</data>
<data>     4</data>
</auxiliary>
<auxiliary keyword="CHEB">
<data>-1.61510000E+001</data>
<data>-4.91740000E-002</data>
<data>-3.45090000E-002</data>
<data>-1.62970000E-002</data>
</auxiliary>
<auxiliary keyword="CHEB">
<data> 2.12890000E+001</data>
<data> 6.03260000E-002</data>
<data> 4.19480000E-002</data>
<data> 1.95770000E-002</data>
</auxiliary>
<auxiliary keyword="CHEB">
<data> 1.01170000E-001</data>
<data>-8.65400000E-003</data>
<data>-5.54770000E-003</data>
<data>-2.30460000E-003</data>
</auxiliary>
<auxiliary keyword="CHEB">
<data> 3.25960000E-002</data>
<data>-5.94420000E-003</data>
<data>-4.35340000E-003</data>
<data>-2.16450000E-003</data>
</auxiliary>
</reaction>
<reaction formula="CH2CHO(+M)=CO+CH3(+M)">
<rate A=" 1.00000000E+000" B=" 0.00000000E+000" E=" 0.00000000E+000"/>
<auxiliary keyword="TCHEB">
<data> 3.00000000E+002</data>
<data> 2.10000000E+003</data>
</auxiliary>
<auxiliary keyword="PCHEB">
<data> 9.86923267E-003</data>
<data> 9.86923267E+001</data>
</auxiliary>
<auxiliary keyword="CHEB">
<data>     4</data>
<data>     4</data>
</auxiliary>
<auxiliary keyword="CHEB">
<data>-3.48900000E+000</data>
<data> 5.25920000E-001</data>
<data>-1.40870000E-001</data>
<data> 3.28480000E-002</data>
</auxiliary>
<auxiliary keyword="CHEB">
<data> 1.05780000E+001</data>
<data> 6.52560000E-001</data>
<data>-8.72930000E-002</data>
<data>-9.32930000E-003</data>
</auxiliary>
<auxiliary keyword="CHEB">
<data>-4.09390000E-001</data>
<data> 3.32760000E-001</data>
<data> 2.66510000E-002</data>
<data>-2.71890000E-002</data>
</auxiliary>
<auxiliary keyword="CHEB">
<data>-2.71660000E-001</data>
<data> 1.25240000E-001</data>
<data> 4.24730000E-002</data>
<data>-1.21920000E-002</data>
</auxiliary>
</reaction>
<reaction formula="CH2CHO+C2H5O-1(+M)=HCO+C3H7O-N1(+M)">
<rate A=" 1.00000000E+000" B=" 0.00000000E+000" E=" 0.00000000E+000"/>
<auxiliary keyword="TCHEB">
<data> 3.00000000E+002</data>
<data> 2.10000000E+003</data>
</auxiliary>
<auxiliary keyword="PCHEB">
<data> 9.86923267E-003</data>
<data> 9.86923267E+001</data>
</auxiliary>
<auxiliary keyword="CHEB">
<data>     4</data>
<data>     4</data>
</auxiliary>
<auxiliary keyword="CHEB">
<data> 1.10440000E+001</data>
<data>-1.32050000E+000</data>
<data>-5.62730000E-002</data>
<data> 3.90640000E-003</data>
</auxiliary>
<auxiliary keyword="CHEB">
<data> 3.09780000E+000</data>
<data> 1.07640000E+000</data>
<data>-4.75060000E-002</data>
<data>-1.01080000E-002</data>
</auxiliary>
<auxiliary keyword="CHEB">
<data> 2.08510000E-001</data>
<data> 3.94850000E-001</data>
<data> 6.31700000E-002</data>
<data>-7.83000000E-003</data>
</auxiliary>
<auxiliary keyword="CHEB">
<data>-2.23620000E-001</data>
<data>-2.92990000E-002</data>
<data> 5.80010000E-002</data>
<data> 6.83660000E-003</data>
</auxiliary>
</reaction>
<reaction formula="CH2CHO+C3H7O-N1(+M)=CO+nC4H10O(+M)">
<rate A=" 1.00000000E+000" B=" 0.00000000E+000" E=" 0.00000000E+000"/>
<auxiliary keyword="TCHEB">
<data> 3.00000000E+002</data>
<data> 2.10000000E+003</data>
</auxiliary>
<auxiliary keyword="PCHEB">
<data> 9.86923267E-003</data>
<data> 9.86923267E+001</data>
</auxiliary>
<auxiliary keyword="CHEB">
<data>     4</data>
<data>     4</data>
</auxiliary>
<auxiliary keyword="CHEB">
<data> 6.84370000E+000</data>
<data>-1.46180000E+000</data>
<data>-4.09590000E-002</data>
<data>-7.63630000E-005</data>
</auxiliary>
<auxiliary keyword="CHEB">
<data> 4.08100000E+000</data>
<data> 9.12790000E-001</data>
<data>-7.33600000E-002</data>
<data>-4.95890000E-003</data>
</auxiliary>
<auxiliary keyword="CHEB">
<data> 5.58230000E-001</data>
<data> 5.35510000E-001</data>
<data> 2.29620000E-002</data>
<data>-8.50170000E-003</data>
</auxiliary>
<auxiliary keyword="CHEB">
<data>-2.75300000E-001</data>
<data> 1.47420000E-001</data>
<data> 6.38260000E-002</data>
<data>-2.37490000E-003</data>
</auxiliary>
</reaction>
<reaction formula="CH2CHO+CH3(+M)=HCO+C2H5(+M)">
<rate A=" 1.00000000E+000" B=" 0.00000000E+000" E=" 0.00000000E+000"/>
<auxiliary keyword="TCHEB">
<data> 3.00000000E+002</data>
<data> 2.10000000E+003</data>
</auxiliary>
<auxiliary keyword="PCHEB">
<data> 9.86923267E-003</data>
<data> 9.86923267E+001</data>
</auxiliary>
<auxiliary keyword="CHEB">
<data>     4</data>
<data>     4</data>
</auxiliary>
<auxiliary keyword="CHEB">
<data> 1.25900000E+001</data>
<data>-1.02840000E+000</data>
<data>-1.52760000E-001</data>
<data> 3.22460000E-002</data>
</auxiliary>
<auxiliary keyword="CHEB">
<data> 1.26680000E+000</data>
<data> 9.63060000E-001</data>
<data> 8.83630000E-002</data>
<data>-4.70170000E-002</data>
</auxiliary>
<auxiliary keyword="CHEB">
<data> 1.86070000E-001</data>
<data> 2.23410000E-001</data>
<data> 7.63280000E-002</data>
<data>-6.00750000E-004</data>
</auxiliary>
<auxiliary keyword="CHEB">
<data>-5.51910000E-002</data>
<data>-8.91930000E-002</data>
<data> 9.22890000E-003</data>
<data> 1.52490000E-002</data>
</auxiliary>
</reaction>
<reaction formula="CH2CHO+CH3(+M)=CO+C2H6(+M)">
<rate A=" 1.00000000E+000" B=" 0.00000000E+000" E=" 0.00000000E+000"/>
<auxiliary keyword="TCHEB">
<data> 3.00000000E+002</data>
<data> 2.10000000E+003</data>
</auxiliary>
<auxiliary keyword="PCHEB">
<data> 9.86923267E-003</data>
<data> 9.86923267E+001</data>
</auxiliary>
<auxiliary keyword="CHEB">
<data>     4</data>
<data>     4</data>
</auxiliary>
<auxiliary keyword="CHEB">
<data> 8.87270000E+000</data>
<data>-1.02840000E+000</data>
<data>-1.52760000E-001</data>
<data> 3.22460000E-002</data>
</auxiliary>
<auxiliary keyword="CHEB">
<data> 1.26680000E+000</data>
<data> 9.63060000E-001</data>
<data> 8.83630000E-002</data>
<data>-4.70170000E-002</data>
</auxiliary>
<auxiliary keyword="CHEB">
<data> 1.86070000E-001</data>
<data> 2.23410000E-001</data>
<data> 7.63280000E-002</data>
<data>-6.00750000E-004</data>
</auxiliary>
<auxiliary keyword="CHEB">
<data>-5.51910000E-002</data>
<data>-8.91930000E-002</data>
<data> 9.22890000E-003</data>
<data> 1.52490000E-002</data>
</auxiliary>
</reaction>
<reaction formula="HCO+C2H5(+M)=CO+C2H6(+M)">
<rate A=" 1.00000000E+000" B=" 0.00000000E+000" E=" 0.00000000E+000"/>
<auxiliary keyword="TCHEB">
<data> 3.00000000E+002</data>
<data> 2.10000000E+003</data>
</auxiliary>
<auxiliary keyword="PCHEB">
<data> 9.86923267E-003</data>
<data> 9.86923267E+001</data>
</auxiliary>
<auxiliary keyword="CHEB">
<data>     4</data>
<data>     4</data>
</auxiliary>
<auxiliary keyword="CHEB">
<data> 9.09340000E+000</data>
<data>-1.15370000E+000</data>
<data>-1.06990000E-001</data>
<data> 2.44610000E-002</data>
</auxiliary>
<auxiliary keyword="CHEB">
<data> 1.34240000E+000</data>
<data> 1.05000000E+000</data>
<data> 3.35010000E-002</data>
<data>-3.37740000E-002</data>
</auxiliary>
<auxiliary keyword="CHEB">
<data> 3.30550000E-001</data>
<data> 2.77790000E-001</data>
<data> 7.13380000E-002</data>
<data>-6.25220000E-003</data>
</auxiliary>
<auxiliary keyword="CHEB">
<data>-5.38730000E-002</data>
<data>-8.98860000E-002</data>
<data> 2.11990000E-002</data>
<data> 1.31230000E-002</data>
</auxiliary>
</reaction>
<reaction formula="CH2CHO+OH(+M)=HCO+CH2OH(+M)">
<rate A=" 1.00000000E+000" B=" 0.00000000E+000" E=" 0.00000000E+000"/>
<auxiliary keyword="TCHEB">
<data> 3.00000000E+002</data>
<data> 2.10000000E+003</data>
</auxiliary>
<auxiliary keyword="PCHEB">
<data> 9.86923267E-003</data>
<data> 9.86923267E+001</data>
</auxiliary>
<auxiliary keyword="CHEB">
<data>     4</data>
<data>     4</data>
</auxiliary>
<auxiliary keyword="CHEB">
<data> 1.26480000E+001</data>
<data>-3.08570000E-001</data>
<data>-1.62710000E-001</data>
<data>-4.72110000E-002</data>
</auxiliary>
<auxiliary keyword="CHEB">
<data> 5.23990000E-001</data>
<data> 3.09750000E-001</data>
<data> 1.52200000E-001</data>
<data> 3.64320000E-002</data>
</auxiliary>
<auxiliary keyword="CHEB">
<data> 6.34160000E-002</data>
<data> 3.65070000E-002</data>
<data> 3.05400000E-002</data>
<data> 1.64780000E-002</data>
</auxiliary>
<auxiliary keyword="CHEB">
<data>-4.83340000E-003</data>
<data>-2.40120000E-002</data>
<data>-1.06760000E-002</data>
<data>-1.48710000E-003</data>
</auxiliary>
</reaction>
<reaction formula="CH2CHO+OH(+M)=CO+CH3OH(+M)">
<rate A=" 1.00000000E+000" B=" 0.00000000E+000" E=" 0.00000000E+000"/>
<auxiliary keyword="TCHEB">
<data> 3.00000000E+002</data>
<data> 2.10000000E+003</data>
</auxiliary>
<auxiliary keyword="PCHEB">
<data> 9.86923267E-003</data>
<data> 9.86923267E+001</data>
</auxiliary>
<auxiliary keyword="CHEB">
<data>     4</data>
<data>     4</data>
</auxiliary>
<auxiliary keyword="CHEB">
<data> 9.18370000E+000</data>
<data>-2.92280000E-001</data>
<data>-1.54900000E-001</data>
<data>-4.55130000E-002</data>
</auxiliary>
<auxiliary keyword="CHEB">
<data> 7.96620000E-001</data>
<data> 3.07710000E-001</data>
<data> 1.53090000E-001</data>
<data> 3.80550000E-002</data>
</auxiliary>
<auxiliary keyword="CHEB">
<data> 1.64250000E-001</data>
<data> 2.33450000E-002</data>
<data> 2.33710000E-002</data>
<data> 1.43020000E-002</data>
</auxiliary>
<auxiliary keyword="CHEB">
<data> 2.25120000E-002</data>
<data>-2.89840000E-002</data>
<data>-1.42710000E-002</data>
<data>-3.21680000E-003</data>
</auxiliary>
</reaction>
<reaction formula="HCO+CH2OH(+M)=CO+CH3OH(+M)">
<rate A=" 1.00000000E+000" B=" 0.00000000E+000" E=" 0.00000000E+000"/>
<auxiliary keyword="TCHEB">
<data> 3.00000000E+002</data>
<data> 2.10000000E+003</data>
</auxiliary>
<auxiliary keyword="PCHEB">
<data> 9.86923267E-003</data>
<data> 9.86923267E+001</data>
</auxiliary>
<auxiliary keyword="CHEB">
<data>     4</data>
<data>     4</data>
</auxiliary>
<auxiliary keyword="CHEB">
<data> 8.29420000E+000</data>
<data>-5.99160000E-001</data>
<data>-2.18490000E-001</data>
<data>-1.34480000E-002</data>
</auxiliary>
<auxiliary keyword="CHEB">
<data> 1.89950000E+000</data>
<data> 5.56500000E-001</data>
<data> 1.78310000E-001</data>
<data>-5.54500000E-003</data>
</auxiliary>
<auxiliary keyword="CHEB">
<data> 1.78440000E-001</data>
<data> 1.14950000E-001</data>
<data> 6.30020000E-002</data>
<data> 1.65510000E-002</data>
</auxiliary>
<auxiliary keyword="CHEB">
<data> 4.18220000E-002</data>
<data>-3.55530000E-002</data>
<data>-5.95870000E-003</data>
<data> 5.37230000E-003</data>
</auxiliary>
</reaction>
<reaction formula="CH3CHO(+M)=CH2CHO+H(+M)">
<rate A=" 1.00000000E+000" B=" 0.00000000E+000" E=" 0.00000000E+000"/>
<auxiliary keyword="TCHEB">
<data> 3.00000000E+002</data>
<data> 2.10000000E+003</data>
</auxiliary>
<auxiliary keyword="PCHEB">
<data> 9.86923267E-003</data>
<data> 9.86923267E+001</data>
</auxiliary>
<auxiliary keyword="CHEB">
<data>     4</data>
<data>     4</data>
</auxiliary>
<auxiliary keyword="CHEB">
<data>-2.79820000E+001</data>
<data> 1.91420000E+000</data>
<data>-5.87720000E-002</data>
<data>-2.69100000E-002</data>
</auxiliary>
<auxiliary keyword="CHEB">
<data> 2.93320000E+001</data>
<data> 8.34100000E-002</data>
<data> 5.59030000E-002</data>
<data> 2.48310000E-002</data>
</auxiliary>
<auxiliary keyword="CHEB">
<data>-5.30120000E-001</data>
<data> 4.56970000E-003</data>
<data> 4.27570000E-003</data>
<data> 2.65430000E-003</data>
</auxiliary>
<auxiliary keyword="CHEB">
<data>-3.02090000E-001</data>
<data>-3.25030000E-003</data>
<data>-2.13340000E-003</data>
<data>-9.16930000E-004</data>
</auxiliary>
</reaction>
<reaction formula="CH3CHO(+M)=CH4+CO(+M)">
<rate A=" 1.00000000E+000" B=" 0.00000000E+000" E=" 0.00000000E+000"/>
<auxiliary keyword="TCHEB">
<data> 3.00000000E+002</data>
<data> 2.10000000E+003</data>
</auxiliary>
<auxiliary keyword="PCHEB">
<data> 9.86923267E-003</data>
<data> 9.86923267E+001</data>
</auxiliary>
<auxiliary keyword="CHEB">
<data>     4</data>
<data>     4</data>
</auxiliary>
<auxiliary keyword="CHEB">
<data>-2.13540000E+001</data>
<data> 1.79600000E-001</data>
<data>-3.48750000E-002</data>
<data> 3.88120000E-002</data>
</auxiliary>
<auxiliary keyword="CHEB">
<data> 2.51240000E+001</data>
<data> 2.05500000E-001</data>
<data>-2.80990000E-002</data>
<data> 4.76910000E-002</data>
</auxiliary>
<auxiliary keyword="CHEB">
<data>-4.21190000E-001</data>
<data> 1.00940000E-001</data>
<data>-2.82260000E-002</data>
<data> 2.38460000E-002</data>
</auxiliary>
<auxiliary keyword="CHEB">
<data>-2.79620000E-001</data>
<data> 4.47940000E-002</data>
<data>-2.31270000E-002</data>
<data> 7.29830000E-003</data>
</auxiliary>
</reaction>
<reaction formula="CH2CHO+H(+M)=CH4+CO(+M)">
<rate A=" 1.00000000E+000" B=" 0.00000000E+000" E=" 0.00000000E+000"/>
<auxiliary keyword="TCHEB">
<data> 3.00000000E+002</data>
<data> 2.10000000E+003</data>
</auxiliary>
<auxiliary keyword="PCHEB">
<data> 9.86923267E-003</data>
<data> 9.86923267E+001</data>
</auxiliary>
<auxiliary keyword="CHEB">
<data>     4</data>
<data>     4</data>
</auxiliary>
<auxiliary keyword="CHEB">
<data> 1.01930000E+001</data>
<data>-7.24070000E-002</data>
<data>-4.99260000E-002</data>
<data>-2.30480000E-002</data>
</auxiliary>
<auxiliary keyword="CHEB">
<data> 1.83910000E-001</data>
<data> 7.62420000E-002</data>
<data> 5.17380000E-002</data>
<data> 2.33780000E-002</data>
</auxiliary>
<auxiliary keyword="CHEB">
<data>-9.98820000E-002</data>
<data> 1.53590000E-003</data>
<data> 1.99380000E-003</data>
<data> 1.48740000E-003</data>
</auxiliary>
<auxiliary keyword="CHEB">
<data>-3.46680000E-002</data>
<data>-3.94370000E-003</data>
<data>-2.72560000E-003</data>
<data>-1.26030000E-003</data>
</auxiliary>
</reaction>
<reaction formula="C2H4+CH2CHO(+M)=aC3H5+CH2O(+M)">
<rate A=" 1.00000000E+000" B=" 0.00000000E+000" E=" 0.00000000E+000"/>
<auxiliary keyword="TCHEB">
<data> 3.00000000E+002</data>
<data> 2.10000000E+003</data>
</auxiliary>
<auxiliary keyword="PCHEB">
<data> 9.86923267E-003</data>
<data> 9.86923267E+001</data>
</auxiliary>
<auxiliary keyword="CHEB">
<data>     4</data>
<data>     4</data>
</auxiliary>
<auxiliary keyword="CHEB">
<data>-7.46610000E+000</data>
<data>-1.03280000E+000</data>
<data>-1.33740000E-001</data>
<data> 2.57780000E-002</data>
</auxiliary>
<auxiliary keyword="CHEB">
<data> 1.50350000E+001</data>
<data> 1.04640000E+000</data>
<data> 7.50970000E-002</data>
<data>-4.46100000E-002</data>
</auxiliary>
<auxiliary keyword="CHEB">
<data> 1.71020000E-001</data>
<data> 1.82740000E-001</data>
<data> 7.62570000E-002</data>
<data> 3.37410000E-003</data>
</auxiliary>
<auxiliary keyword="CHEB">
<data>-1.02410000E-001</data>
<data>-1.52940000E-001</data>
<data> 6.07420000E-003</data>
<data> 1.93380000E-002</data>
</auxiliary>
</reaction>
<reaction formula="C4H6-13+CH2CHO(+M)=aC3H5+C3H4O-enone(+M)">
<rate A=" 1.00000000E+000" B=" 0.00000000E+000" E=" 0.00000000E+000"/>
<auxiliary keyword="TCHEB">
<data> 3.00000000E+002</data>
<data> 2.10000000E+003</data>
</auxiliary>
<auxiliary keyword="PCHEB">
<data> 9.86923267E-003</data>
<data> 9.86923267E+001</data>
</auxiliary>
<auxiliary keyword="CHEB">
<data>     4</data>
<data>     4</data>
</auxiliary>
<auxiliary keyword="CHEB">
<data>-6.42940000E+000</data>
<data>-5.20600000E-001</data>
<data>-1.78390000E-001</data>
<data>-8.18520000E-003</data>
</auxiliary>
<auxiliary keyword="CHEB">
<data> 1.41840000E+001</data>
<data> 6.52630000E-001</data>
<data> 2.00440000E-001</data>
<data>-7.40290000E-003</data>
</auxiliary>
<auxiliary keyword="CHEB">
<data> 1.04070000E-001</data>
<data>-5.49640000E-002</data>
<data> 1.23960000E-002</data>
<data> 2.10060000E-002</data>
</auxiliary>
<auxiliary keyword="CHEB">
<data> 1.87510000E-002</data>
<data>-1.11260000E-001</data>
<data>-4.06200000E-002</data>
<data>-6.09430000E-004</data>
</auxiliary>
</reaction>
<reaction formula="C2H4+CH3CHO(+M)=C3H6+CH2O(+M)">
<rate A=" 1.00000000E+000" B=" 0.00000000E+000" E=" 0.00000000E+000"/>
<auxiliary keyword="TCHEB">
<data> 3.00000000E+002</data>
<data> 2.10000000E+003</data>
</auxiliary>
<auxiliary keyword="PCHEB">
<data> 9.86923267E-003</data>
<data> 9.86923267E+001</data>
</auxiliary>
<auxiliary keyword="CHEB">
<data>     4</data>
<data>     4</data>
</auxiliary>
<auxiliary keyword="CHEB">
<data>-9.49730000E+000</data>
<data>-1.02640000E+000</data>
<data>-9.17650000E-002</data>
<data> 4.97890000E-003</data>
</auxiliary>
<auxiliary keyword="CHEB">
<data> 1.67310000E+001</data>
<data> 1.12650000E+000</data>
<data> 4.08780000E-002</data>
<data>-2.44490000E-002</data>
</auxiliary>
<auxiliary keyword="CHEB">
<data> 2.05390000E-001</data>
<data> 9.62420000E-002</data>
<data> 7.00470000E-002</data>
<data> 1.54890000E-002</data>
</auxiliary>
<auxiliary keyword="CHEB">
<data>-1.07420000E-001</data>
<data>-1.84570000E-001</data>
<data> 6.14840000E-003</data>
<data> 1.19050000E-002</data>
</auxiliary>
</reaction>
<reaction formula="C3H6+CH3CHO(+M)=C4H8-2+CH2O(+M)">
<rate A=" 1.00000000E+000" B=" 0.00000000E+000" E=" 0.00000000E+000"/>
<auxiliary keyword="TCHEB">
<data> 3.00000000E+002</data>
<data> 2.10000000E+003</data>
</auxiliary>
<auxiliary keyword="PCHEB">
<data> 9.86923267E-003</data>
<data> 9.86923267E+001</data>
</auxiliary>
<auxiliary keyword="CHEB">
<data>     4</data>
<data>     4</data>
</auxiliary>
<auxiliary keyword="CHEB">
<data>-1.28450000E+001</data>
<data>-1.21210000E+000</data>
<data>-6.46470000E-002</data>
<data> 7.89400000E-003</data>
</auxiliary>
<auxiliary keyword="CHEB">
<data> 1.90120000E+001</data>
<data> 1.17460000E+000</data>
<data>-1.12280000E-002</data>
<data>-1.66770000E-002</data>
</auxiliary>
<auxiliary keyword="CHEB">
<data> 3.20490000E-001</data>
<data> 2.80730000E-001</data>
<data> 7.31660000E-002</data>
<data>-4.18360000E-003</data>
</auxiliary>
<auxiliary keyword="CHEB">
<data>-1.39900000E-001</data>
<data>-1.61980000E-001</data>
<data> 3.37790000E-002</data>
<data> 1.27810000E-002</data>
</auxiliary>
</reaction>
<reaction formula="C3H4O-enone+C2H3(+M)=C4H6-13+HCO(+M)">
<rate A=" 1.00000000E+000" B=" 0.00000000E+000" E=" 0.00000000E+000"/>
<auxiliary keyword="TCHEB">
<data> 3.00000000E+002</data>
<data> 2.10000000E+003</data>
</auxiliary>
<auxiliary keyword="PCHEB">
<data> 9.86923267E-003</data>
<data> 9.86923267E+001</data>
</auxiliary>
<auxiliary keyword="CHEB">
<data>     4</data>
<data>     4</data>
</auxiliary>
<auxiliary keyword="CHEB">
<data> 5.92990000E+000</data>
<data>-1.18160000E-001</data>
<data>-7.58560000E-002</data>
<data>-3.16800000E-002</data>
</auxiliary>
<auxiliary keyword="CHEB">
<data> 3.36560000E+000</data>
<data> 1.50680000E-001</data>
<data> 9.46260000E-002</data>
<data> 3.81750000E-002</data>
</auxiliary>
<auxiliary keyword="CHEB">
<data> 7.66240000E-002</data>
<data>-2.30780000E-002</data>
<data>-1.16160000E-002</data>
<data>-2.82320000E-003</data>
</auxiliary>
<auxiliary keyword="CHEB">
<data> 3.33610000E-002</data>
<data>-1.61700000E-002</data>
<data>-1.15490000E-002</data>
<data>-5.55040000E-003</data>
</auxiliary>
</reaction>
<reaction formula="C2H3+C3H7-1(+M)=aC3H5+C2H5(+M)">
<rate A=" 1.00000000E+000" B=" 0.00000000E+000" E=" 0.00000000E+000"/>
<auxiliary keyword="TCHEB">
<data> 3.00000000E+002</data>
<data> 2.10000000E+003</data>
</auxiliary>
<auxiliary keyword="PCHEB">
<data> 9.86923267E-003</data>
<data> 9.86923267E+001</data>
</auxiliary>
<auxiliary keyword="CHEB">
<data>     4</data>
<data>     4</data>
</auxiliary>
<auxiliary keyword="CHEB">
<data> 1.23320000E+001</data>
<data>-9.03750000E-001</data>
<data>-1.85610000E-001</data>
<data> 2.64530000E-002</data>
</auxiliary>
<auxiliary keyword="CHEB">
<data> 1.28900000E+000</data>
<data> 9.16610000E-001</data>
<data> 1.27540000E-001</data>
<data>-5.46450000E-002</data>
</auxiliary>
<auxiliary keyword="CHEB">
<data> 2.24970000E-001</data>
<data> 1.47620000E-001</data>
<data> 8.64540000E-002</data>
<data> 1.46760000E-002</data>
</auxiliary>
<auxiliary keyword="CHEB">
<data>-3.44820000E-002</data>
<data>-1.17180000E-001</data>
<data> 2.00390000E-003</data>
<data> 2.21070000E-002</data>
</auxiliary>
</reaction>
<reaction formula="C2H3+CH2CHO(+M)=HCO+aC3H5(+M)">
<rate A=" 1.00000000E+000" B=" 0.00000000E+000" E=" 0.00000000E+000"/>
<auxiliary keyword="TCHEB">
<data> 3.00000000E+002</data>
<data> 2.10000000E+003</data>
</auxiliary>
<auxiliary keyword="PCHEB">
<data> 9.86923267E-003</data>
<data> 9.86923267E+001</data>
</auxiliary>
<auxiliary keyword="CHEB">
<data>     4</data>
<data>     4</data>
</auxiliary>
<auxiliary keyword="CHEB">
<data> 1.27820000E+001</data>
<data>-2.00890000E-001</data>
<data>-1.18150000E-001</data>
<data>-4.27430000E-002</data>
</auxiliary>
<auxiliary keyword="CHEB">
<data> 8.84730000E-001</data>
<data> 2.30950000E-001</data>
<data> 1.30650000E-001</data>
<data> 4.38050000E-002</data>
</auxiliary>
<auxiliary keyword="CHEB">
<data> 4.76520000E-002</data>
<data>-9.28590000E-004</data>
<data> 6.48470000E-003</data>
<data> 6.99290000E-003</data>
</auxiliary>
<auxiliary keyword="CHEB">
<data>-1.42450000E-002</data>
<data>-2.69690000E-002</data>
<data>-1.64670000E-002</data>
<data>-6.28910000E-003</data>
</auxiliary>
</reaction>
<reaction formula="C2H3+CH2CHO(+M)=CO+C3H6(+M)">
<rate A=" 1.00000000E+000" B=" 0.00000000E+000" E=" 0.00000000E+000"/>
<auxiliary keyword="TCHEB">
<data> 3.00000000E+002</data>
<data> 2.10000000E+003</data>
</auxiliary>
<auxiliary keyword="PCHEB">
<data> 9.86923267E-003</data>
<data> 9.86923267E+001</data>
</auxiliary>
<auxiliary keyword="CHEB">
<data>     4</data>
<data>     4</data>
</auxiliary>
<auxiliary keyword="CHEB">
<data> 8.83940000E+000</data>
<data>-1.91160000E-001</data>
<data>-1.12660000E-001</data>
<data>-4.09180000E-002</data>
</auxiliary>
<auxiliary keyword="CHEB">
<data> 1.40090000E+000</data>
<data> 2.27890000E-001</data>
<data> 1.29670000E-001</data>
<data> 4.39980000E-002</data>
</auxiliary>
<auxiliary keyword="CHEB">
<data> 2.76090000E-001</data>
<data>-9.73550000E-003</data>
<data> 1.01000000E-003</data>
<data> 4.82500000E-003</data>
</auxiliary>
<auxiliary keyword="CHEB">
<data> 5.61640000E-002</data>
<data>-2.77820000E-002</data>
<data>-1.74770000E-002</data>
<data>-7.01750000E-003</data>
</auxiliary>
</reaction>
<reaction formula="HCO+aC3H5(+M)=CO+C3H6(+M)">
<rate A=" 1.00000000E+000" B=" 0.00000000E+000" E=" 0.00000000E+000"/>
<auxiliary keyword="TCHEB">
<data> 3.00000000E+002</data>
<data> 2.10000000E+003</data>
</auxiliary>
<auxiliary keyword="PCHEB">
<data> 9.86923267E-003</data>
<data> 9.86923267E+001</data>
</auxiliary>
<auxiliary keyword="CHEB">
<data>     4</data>
<data>     4</data>
</auxiliary>
<auxiliary keyword="CHEB">
<data> 5.63250000E+000</data>
<data>-7.84370000E-001</data>
<data>-1.94190000E-001</data>
<data> 1.80270000E-002</data>
</auxiliary>
<auxiliary keyword="CHEB">
<data> 4.60100000E+000</data>
<data> 8.23650000E-001</data>
<data> 1.61900000E-001</data>
<data>-4.28290000E-002</data>
</auxiliary>
<auxiliary keyword="CHEB">
<data> 1.76950000E-001</data>
<data> 9.79520000E-002</data>
<data> 6.58010000E-002</data>
<data> 1.76170000E-002</data>
</auxiliary>
<auxiliary keyword="CHEB">
<data>-2.62780000E-002</data>
<data>-1.11220000E-001</data>
<data>-1.37420000E-002</data>
<data> 1.45730000E-002</data>
</auxiliary>
</reaction>
<reaction formula="aC3H5+CH2CHO(+M)=CO+C4H8-1(+M)">
<rate A=" 1.00000000E+000" B=" 0.00000000E+000" E=" 0.00000000E+000"/>
<auxiliary keyword="TCHEB">
<data> 3.00000000E+002</data>
<data> 2.10000000E+003</data>
</auxiliary>
<auxiliary keyword="PCHEB">
<data> 9.86923267E-003</data>
<data> 9.86923267E+001</data>
</auxiliary>
<auxiliary keyword="CHEB">
<data>     4</data>
<data>     4</data>
</auxiliary>
<auxiliary keyword="CHEB">
<data> 4.66260000E+000</data>
<data>-1.34060000E+000</data>
<data>-6.85970000E-002</data>
<data> 5.88820000E-003</data>
</auxiliary>
<auxiliary keyword="CHEB">
<data> 5.90680000E+000</data>
<data> 1.04360000E+000</data>
<data>-6.53050000E-002</data>
<data>-1.35990000E-002</data>
</auxiliary>
<auxiliary keyword="CHEB">
<data> 3.29950000E-001</data>
<data> 4.15300000E-001</data>
<data> 7.08010000E-002</data>
<data>-1.37930000E-002</data>
</auxiliary>
<auxiliary keyword="CHEB">
<data>-1.64840000E-001</data>
<data> 2.85620000E-003</data>
<data> 7.54830000E-002</data>
<data> 6.45010000E-003</data>
</auxiliary>
</reaction>
<reaction formula="C4H6-13+HCO(+M)=CO+C4H7-24(+M)">
<rate A=" 1.00000000E+000" B=" 0.00000000E+000" E=" 0.00000000E+000"/>
<auxiliary keyword="TCHEB">
<data> 3.00000000E+002</data>
<data> 2.10000000E+003</data>
</auxiliary>
<auxiliary keyword="PCHEB">
<data> 9.86923267E-003</data>
<data> 9.86923267E+001</data>
</auxiliary>
<auxiliary keyword="CHEB">
<data>     4</data>
<data>     4</data>
</auxiliary>
<auxiliary keyword="CHEB">
<data>-9.60490000E+000</data>
<data>-2.42010000E-002</data>
<data>-1.73720000E-002</data>
<data>-8.43740000E-003</data>
</auxiliary>
<auxiliary keyword="CHEB">
<data> 1.66360000E+001</data>
<data> 3.06310000E-002</data>
<data> 2.19110000E-002</data>
<data> 1.05970000E-002</data>
</auxiliary>
<auxiliary keyword="CHEB">
<data> 1.15250000E-001</data>
<data>-4.18110000E-003</data>
<data>-2.87690000E-003</data>
<data>-1.32380000E-003</data>
</auxiliary>
<auxiliary keyword="CHEB">
<data> 5.91180000E-002</data>
<data>-2.91980000E-003</data>
<data>-2.14130000E-003</data>
<data>-1.06680000E-003</data>
</auxiliary>
</reaction>
<reaction formula="HCO+C4H9O-2(+M)=CO+nC4H10O(+M)">
<rate A=" 1.00000000E+000" B=" 0.00000000E+000" E=" 0.00000000E+000"/>
<auxiliary keyword="TCHEB">
<data> 3.00000000E+002</data>
<data> 2.10000000E+003</data>
</auxiliary>
<auxiliary keyword="PCHEB">
<data> 9.86923267E-003</data>
<data> 9.86923267E+001</data>
</auxiliary>
<auxiliary keyword="CHEB">
<data>     4</data>
<data>     4</data>
</auxiliary>
<auxiliary keyword="CHEB">
<data> 6.57250000E+000</data>
<data>-1.37170000E+000</data>
<data>-4.39680000E-002</data>
<data> 1.78910000E-003</data>
</auxiliary>
<auxiliary keyword="CHEB">
<data> 3.66570000E+000</data>
<data> 1.04870000E+000</data>
<data>-5.57020000E-002</data>
<data>-6.57320000E-003</data>
</auxiliary>
<auxiliary keyword="CHEB">
<data> 3.89630000E-001</data>
<data> 4.60560000E-001</data>
<data> 4.80850000E-002</data>
<data>-7.23620000E-003</data>
</auxiliary>
<auxiliary keyword="CHEB">
<data>-2.93270000E-001</data>
<data> 1.45380000E-002</data>
<data> 6.30710000E-002</data>
<data> 3.26940000E-003</data>
</auxiliary>
</reaction>
<reaction formula="HCO+C4H7-24(+M)=CO+C4H8-1(+M)">
<rate A=" 1.00000000E+000" B=" 0.00000000E+000" E=" 0.00000000E+000"/>
<auxiliary keyword="TCHEB">
<data> 3.00000000E+002</data>
<data> 2.10000000E+003</data>
</auxiliary>
<auxiliary keyword="PCHEB">
<data> 9.86923267E-003</data>
<data> 9.86923267E+001</data>
</auxiliary>
<auxiliary keyword="CHEB">
<data>     4</data>
<data>     4</data>
</auxiliary>
<auxiliary keyword="CHEB">
<data> 4.61410000E+000</data>
<data>-1.23490000E+000</data>
<data>-8.52620000E-002</data>
<data> 9.92830000E-003</data>
</auxiliary>
<auxiliary keyword="CHEB">
<data> 5.52740000E+000</data>
<data> 1.10290000E+000</data>
<data>-2.92110000E-002</data>
<data>-2.17020000E-002</data>
</auxiliary>
<auxiliary keyword="CHEB">
<data> 2.68420000E-001</data>
<data> 3.10790000E-001</data>
<data> 9.03630000E-002</data>
<data>-7.84670000E-003</data>
</auxiliary>
<auxiliary keyword="CHEB">
<data>-1.27550000E-001</data>
<data>-8.35920000E-002</data>
<data> 5.65200000E-002</data>
<data> 1.46290000E-002</data>
</auxiliary>
</reaction>
<reaction formula="HCO+C4H7-24(+M)=CO+C4H8-2(+M)">
<rate A=" 1.00000000E+000" B=" 0.00000000E+000" E=" 0.00000000E+000"/>
<auxiliary keyword="TCHEB">
<data> 3.00000000E+002</data>
<data> 2.10000000E+003</data>
</auxiliary>
<auxiliary keyword="PCHEB">
<data> 9.86923267E-003</data>
<data> 9.86923267E+001</data>
</auxiliary>
<auxiliary keyword="CHEB">
<data>     4</data>
<data>     4</data>
</auxiliary>
<auxiliary keyword="CHEB">
<data> 4.71160000E+000</data>
<data>-1.16380000E+000</data>
<data>-1.01360000E-001</data>
<data> 1.43570000E-002</data>
</auxiliary>
<auxiliary keyword="CHEB">
<data> 5.48740000E+000</data>
<data> 1.10180000E+000</data>
<data> 2.59090000E-003</data>
<data>-2.96790000E-002</data>
</auxiliary>
<auxiliary keyword="CHEB">
<data> 2.49470000E-001</data>
<data> 2.52100000E-001</data>
<data> 9.31890000E-002</data>
<data>-2.21900000E-003</data>
</auxiliary>
<auxiliary keyword="CHEB">
<data>-1.09470000E-001</data>
<data>-1.14820000E-001</data>
<data> 4.09450000E-002</data>
<data> 1.76180000E-002</data>
</auxiliary>
</reaction>
<reaction formula="HCO+C4H7OJ(12)(+M)=CO+nC4H8O(+M)">
<rate A=" 1.00000000E+000" B=" 0.00000000E+000" E=" 0.00000000E+000"/>
<auxiliary keyword="TCHEB">
<data> 3.00000000E+002</data>
<data> 2.10000000E+003</data>
</auxiliary>
<auxiliary keyword="PCHEB">
<data> 9.86923267E-003</data>
<data> 9.86923267E+001</data>
</auxiliary>
<auxiliary keyword="CHEB">
<data>     4</data>
<data>     4</data>
</auxiliary>
<auxiliary keyword="CHEB">
<data> 6.77610000E+000</data>
<data>-1.41790000E+000</data>
<data>-4.83570000E-002</data>
<data> 1.35200000E-003</data>
</auxiliary>
<auxiliary keyword="CHEB">
<data> 4.17000000E+000</data>
<data> 9.74290000E-001</data>
<data>-7.26490000E-002</data>
<data>-7.09070000E-003</data>
</auxiliary>
<auxiliary keyword="CHEB">
<data> 3.93420000E-001</data>
<data> 4.94990000E-001</data>
<data> 3.94710000E-002</data>
<data>-1.01680000E-002</data>
</auxiliary>
<auxiliary keyword="CHEB">
<data>-1.98680000E-001</data>
<data> 8.40010000E-002</data>
<data> 7.05500000E-002</data>
<data> 2.75160000E-004</data>
</auxiliary>
</reaction>
<reaction formula="HCO+C3H5O-enol2(+M)=CO+C3H6O-enol2(+M)">
<rate A=" 1.00000000E+000" B=" 0.00000000E+000" E=" 0.00000000E+000"/>
<auxiliary keyword="TCHEB">
<data> 3.00000000E+002</data>
<data> 2.10000000E+003</data>
</auxiliary>
<auxiliary keyword="PCHEB">
<data> 9.86923267E-003</data>
<data> 9.86923267E+001</data>
</auxiliary>
<auxiliary keyword="CHEB">
<data>     4</data>
<data>     4</data>
</auxiliary>
<auxiliary keyword="CHEB">
<data> 3.50200000E+000</data>
<data>-9.32000000E-001</data>
<data>-1.83610000E-001</data>
<data> 2.66900000E-002</data>
</auxiliary>
<auxiliary keyword="CHEB">
<data> 6.32730000E+000</data>
<data> 9.17060000E-001</data>
<data> 1.12990000E-001</data>
<data>-5.61280000E-002</data>
</auxiliary>
<auxiliary keyword="CHEB">
<data> 1.78850000E-001</data>
<data> 1.62210000E-001</data>
<data> 8.89260000E-002</data>
<data> 1.26090000E-002</data>
</auxiliary>
<auxiliary keyword="CHEB">
<data>-4.03720000E-002</data>
<data>-1.00020000E-001</data>
<data> 1.00800000E-002</data>
<data> 2.29420000E-002</data>
</auxiliary>
</reaction>
<reaction formula="HCO+CH2CHO(+M)=CO+CH3CHO(+M)">
<rate A=" 1.00000000E+000" B=" 0.00000000E+000" E=" 0.00000000E+000"/>
<auxiliary keyword="TCHEB">
<data> 3.00000000E+002</data>
<data> 2.10000000E+003</data>
</auxiliary>
<auxiliary keyword="PCHEB">
<data> 9.86923267E-003</data>
<data> 9.86923267E+001</data>
</auxiliary>
<auxiliary keyword="CHEB">
<data>     4</data>
<data>     4</data>
</auxiliary>
<auxiliary keyword="CHEB">
<data> 8.94640000E+000</data>
<data>-1.00730000E+000</data>
<data>-1.35880000E-001</data>
<data> 2.19720000E-002</data>
</auxiliary>
<auxiliary keyword="CHEB">
<data> 2.15620000E+000</data>
<data> 9.99260000E-001</data>
<data> 7.48380000E-002</data>
<data>-4.00480000E-002</data>
</auxiliary>
<auxiliary keyword="CHEB">
<data> 2.15230000E-001</data>
<data> 1.63430000E-001</data>
<data> 7.35160000E-002</data>
<data> 5.60810000E-003</data>
</auxiliary>
<auxiliary keyword="CHEB">
<data>-5.46530000E-002</data>
<data>-1.10440000E-001</data>
<data> 6.72480000E-003</data>
<data> 1.47360000E-002</data>
</auxiliary>
</reaction>
<reaction formula="nC4H10O(+M)=C2H5OH+C2H4(+M)">
<rate A=" 1.00000000E+000" B=" 0.00000000E+000" E=" 0.00000000E+000"/>
<auxiliary keyword="TCHEB">
<data> 3.00000000E+002</data>
<data> 2.10000000E+003</data>
</auxiliary>
<auxiliary keyword="PCHEB">
<data> 9.86923267E-003</data>
<data> 9.86923267E+001</data>
</auxiliary>
<auxiliary keyword="CHEB">
<data>     4</data>
<data>     4</data>
</auxiliary>
<auxiliary keyword="CHEB">
<data>-1.57420000E+001</data>
<data> 2.07470000E-001</data>
<data>-1.25790000E-002</data>
<data> 1.86100000E-004</data>
</auxiliary>
<auxiliary keyword="CHEB">
<data> 2.03740000E+001</data>
<data> 3.07820000E-001</data>
<data>-2.49210000E-002</data>
<data> 3.27630000E-004</data>
</auxiliary>
<auxiliary keyword="CHEB">
<data>-6.12380000E-001</data>
<data> 3.32560000E-001</data>
<data>-1.11410000E-002</data>
<data>-4.21410000E-004</data>
</auxiliary>
<auxiliary keyword="CHEB">
<data>-5.58460000E-001</data>
<data> 2.58680000E-001</data>
<data> 3.43690000E-003</data>
<data>-5.99820000E-004</data>
</auxiliary>
</reaction>
<reaction formula="nC4H10O(+M)=C4H8-1+H2O(+M)">
<rate A=" 1.00000000E+000" B=" 0.00000000E+000" E=" 0.00000000E+000"/>
<auxiliary keyword="TCHEB">
<data> 3.00000000E+002</data>
<data> 2.10000000E+003</data>
</auxiliary>
<auxiliary keyword="PCHEB">
<data> 9.86923267E-003</data>
<data> 9.86923267E+001</data>
</auxiliary>
<auxiliary keyword="CHEB">
<data>     4</data>
<data>     4</data>
</auxiliary>
<auxiliary keyword="CHEB">
<data>-1.51640000E+001</data>
<data> 1.83400000E-001</data>
<data>-1.05810000E-002</data>
<data> 1.40940000E-004</data>
</auxiliary>
<auxiliary keyword="CHEB">
<data> 2.01740000E+001</data>
<data> 2.68000000E-001</data>
<data>-2.09590000E-002</data>
<data> 2.63970000E-004</data>
</auxiliary>
<auxiliary keyword="CHEB">
<data>-3.21180000E-001</data>
<data> 3.00420000E-001</data>
<data>-1.00400000E-002</data>
<data>-2.94200000E-004</data>
</auxiliary>
<auxiliary keyword="CHEB">
<data>-4.38150000E-001</data>
<data> 2.41760000E-001</data>
<data> 2.18490000E-003</data>
<data>-4.50890000E-004</data>
</auxiliary>
</reaction>
<reaction formula="C4H8-1(+M)=C4H7-14+H(+M)">
<rate A=" 1.00000000E+000" B=" 0.00000000E+000" E=" 0.00000000E+000"/>
<auxiliary keyword="TCHEB">
<data> 3.00000000E+002</data>
<data> 2.10000000E+003</data>
</auxiliary>
<auxiliary keyword="PCHEB">
<data> 9.86923267E-003</data>
<data> 9.86923267E+001</data>
</auxiliary>
<auxiliary keyword="CHEB">
<data>     4</data>
<data>     4</data>
</auxiliary>
<auxiliary keyword="CHEB">
<data>-2.70320000E+001</data>
<data> 1.18800000E+000</data>
<data>-2.35450000E-001</data>
<data> 1.03010000E-002</data>
</auxiliary>
<auxiliary keyword="CHEB">
<data> 3.01940000E+001</data>
<data> 6.74370000E-001</data>
<data> 1.38410000E-001</data>
<data>-4.43840000E-002</data>
</auxiliary>
<auxiliary keyword="CHEB">
<data>-8.67430000E-001</data>
<data> 1.99970000E-001</data>
<data> 9.01690000E-002</data>
<data> 1.18940000E-002</data>
</auxiliary>
<auxiliary keyword="CHEB">
<data>-4.48880000E-001</data>
<data>-1.04540000E-002</data>
<data> 2.30550000E-002</data>
<data> 1.90820000E-002</data>
</auxiliary>
</reaction>
<reaction formula="C2H3+C2H5(+M)=C4H7-14+H(+M)">
<rate A=" 1.00000000E+000" B=" 0.00000000E+000" E=" 0.00000000E+000"/>
<auxiliary keyword="TCHEB">
<data> 3.00000000E+002</data>
<data> 2.10000000E+003</data>
</auxiliary>
<auxiliary keyword="PCHEB">
<data> 9.86923267E-003</data>
<data> 9.86923267E+001</data>
</auxiliary>
<auxiliary keyword="CHEB">
<data>     4</data>
<data>     4</data>
</auxiliary>
<auxiliary keyword="CHEB">
<data> 7.71690000E+000</data>
<data>-6.49860000E-001</data>
<data>-1.99650000E-001</data>
<data>-7.33700000E-004</data>
</auxiliary>
<auxiliary keyword="CHEB">
<data> 2.95590000E+000</data>
<data> 7.30390000E-001</data>
<data> 1.82800000E-001</data>
<data>-2.74690000E-002</data>
</auxiliary>
<auxiliary keyword="CHEB">
<data> 7.46150000E-001</data>
<data> 2.19060000E-002</data>
<data> 5.44340000E-002</data>
<data> 2.94290000E-002</data>
</auxiliary>
<auxiliary keyword="CHEB">
<data> 2.65860000E-002</data>
<data>-9.81890000E-002</data>
<data>-2.21360000E-002</data>
<data> 9.21450000E-003</data>
</auxiliary>
</reaction>
<reaction formula="aC3H5+CH3(+M)=C4H7-14+H(+M)">
<rate A=" 1.00000000E+000" B=" 0.00000000E+000" E=" 0.00000000E+000"/>
<auxiliary keyword="TCHEB">
<data> 3.00000000E+002</data>
<data> 2.10000000E+003</data>
</auxiliary>
<auxiliary keyword="PCHEB">
<data> 9.86923267E-003</data>
<data> 9.86923267E+001</data>
</auxiliary>
<auxiliary keyword="CHEB">
<data>     4</data>
<data>     4</data>
</auxiliary>
<auxiliary keyword="CHEB">
<data> 2.28190000E+000</data>
<data>-7.52650000E-001</data>
<data>-2.18160000E-001</data>
<data> 8.89970000E-003</data>
</auxiliary>
<auxiliary keyword="CHEB">
<data> 8.69240000E+000</data>
<data> 7.32280000E-001</data>
<data> 1.66800000E-001</data>
<data>-3.80730000E-002</data>
</auxiliary>
<auxiliary keyword="CHEB">
<data> 1.56800000E-001</data>
<data> 1.39840000E-001</data>
<data> 7.83890000E-002</data>
<data> 1.87210000E-002</data>
</auxiliary>
<auxiliary keyword="CHEB">
<data>-9.01290000E-003</data>
<data>-7.55000000E-002</data>
<data>-2.00130000E-003</data>
<data> 1.74470000E-002</data>
</auxiliary>
</reaction>
<reaction formula="C4H7-24+H(+M)=C4H7-14+H(+M)">
<rate A=" 1.00000000E+000" B=" 0.00000000E+000" E=" 0.00000000E+000"/>
<auxiliary keyword="TCHEB">
<data> 3.00000000E+002</data>
<data> 2.10000000E+003</data>
</auxiliary>
<auxiliary keyword="PCHEB">
<data> 9.86923267E-003</data>
<data> 9.86923267E+001</data>
</auxiliary>
<auxiliary keyword="CHEB">
<data>     4</data>
<data>     4</data>
</auxiliary>
<auxiliary keyword="CHEB">
<data> 5.10280000E+000</data>
<data>-7.29570000E-001</data>
<data>-2.13070000E-001</data>
<data> 7.29490000E-003</data>
</auxiliary>
<auxiliary keyword="CHEB">
<data> 5.97450000E+000</data>
<data> 7.41330000E-001</data>
<data> 1.73000000E-001</data>
<data>-3.59750000E-002</data>
</auxiliary>
<auxiliary keyword="CHEB">
<data> 2.18400000E-001</data>
<data> 1.11260000E-001</data>
<data> 7.22860000E-002</data>
<data> 2.12710000E-002</data>
</auxiliary>
<auxiliary keyword="CHEB">
<data>-2.23890000E-002</data>
<data>-9.08790000E-002</data>
<data>-9.15750000E-003</data>
<data> 1.61280000E-002</data>
</auxiliary>
</reaction>
<reaction formula="C3H6O+CH3=CH4+C3H5OJ(8)">
<rate A=" 2.92000000E+004" B=" 2.29000000E+000" E=" 5.44000000E+003"/>
</reaction>
<reaction formula="C3H6O+aC3H5=C3H6+C3H5OJ(8)">
<rate A=" 3.80000000E+011" B=" 0.00000000E+000" E=" 7.21000000E+003"/>
</reaction>
<reaction formula="C3H6O+OH=H2O+C3H5OJ(8)">
<rate A=" 1.00000000E+013" B=" 0.00000000E+000" E=" 0.00000000E+000"/>
</reaction>
<reaction formula="C4H9-1(+M)=C4H9-2(+M)">
<rate A=" 1.00000000E+000" B=" 0.00000000E+000" E=" 0.00000000E+000"/>
<auxiliary keyword="TCHEB">
<data> 3.00000000E+002</data>
<data> 2.10000000E+003</data>
</auxiliary>
<auxiliary keyword="PCHEB">
<data> 9.86923267E-003</data>
<data> 9.86923267E+001</data>
</auxiliary>
<auxiliary keyword="CHEB">
<data>     4</data>
<data>     4</data>
</auxiliary>
<auxiliary keyword="CHEB">
<data>-3.33190000E+000</data>
<data> 1.61210000E+000</data>
<data>-3.26210000E-001</data>
<data> 5.33290000E-002</data>
</auxiliary>
<auxiliary keyword="CHEB">
<data> 9.04230000E+000</data>
<data> 1.36870000E+000</data>
<data> 5.52090000E-002</data>
<data>-5.48140000E-002</data>
</auxiliary>
<auxiliary keyword="CHEB">
<data>-1.09530000E+000</data>
<data> 4.53080000E-001</data>
<data> 8.79490000E-002</data>
<data>-1.56100000E-002</data>
</auxiliary>
<auxiliary keyword="CHEB">
<data>-4.00120000E-001</data>
<data> 4.02990000E-002</data>
<data> 3.61830000E-002</data>
<data>-1.23200000E-003</data>
</auxiliary>
</reaction>
<reaction formula="C4H9-1(+M)=C2H4+C2H5(+M)">
<rate A=" 1.00000000E+000" B=" 0.00000000E+000" E=" 0.00000000E+000"/>
<auxiliary keyword="TCHEB">
<data> 3.00000000E+002</data>
<data> 2.10000000E+003</data>
</auxiliary>
<auxiliary keyword="PCHEB">
<data> 9.86923267E-003</data>
<data> 9.86923267E+001</data>
</auxiliary>
<auxiliary keyword="CHEB">
<data>     4</data>
<data>     4</data>
</auxiliary>
<auxiliary keyword="CHEB">
<data> 4.85480000E-001</data>
<data> 4.71270000E-001</data>
<data>-7.26080000E-002</data>
<data> 2.85980000E-003</data>
</auxiliary>
<auxiliary keyword="CHEB">
<data> 7.88530000E+000</data>
<data> 7.48070000E-001</data>
<data>-1.00440000E-001</data>
<data>-9.12370000E-003</data>
</auxiliary>
<auxiliary keyword="CHEB">
<data>-6.40920000E-001</data>
<data> 4.17790000E-001</data>
<data> 4.86960000E-003</data>
<data>-1.60250000E-002</data>
</auxiliary>
<auxiliary keyword="CHEB">
<data>-3.13180000E-001</data>
<data> 1.28670000E-001</data>
<data> 4.52740000E-002</data>
<data>-6.42940000E-003</data>
</auxiliary>
</reaction>
<reaction formula="C4H9-1(+M)=C4H8-1+H(+M)">
<rate A=" 1.00000000E+000" B=" 0.00000000E+000" E=" 0.00000000E+000"/>
<auxiliary keyword="TCHEB">
<data> 3.00000000E+002</data>
<data> 2.10000000E+003</data>
</auxiliary>
<auxiliary keyword="PCHEB">
<data> 9.86923267E-003</data>
<data> 9.86923267E+001</data>
</auxiliary>
<auxiliary keyword="CHEB">
<data>     4</data>
<data>     4</data>
</auxiliary>
<auxiliary keyword="CHEB">
<data>-2.29800000E+000</data>
<data> 7.20400000E-001</data>
<data>-1.45790000E-001</data>
<data> 2.37010000E-002</data>
</auxiliary>
<auxiliary keyword="CHEB">
<data> 1.03500000E+001</data>
<data> 8.85280000E-001</data>
<data>-3.98150000E-002</data>
<data>-4.63280000E-002</data>
</auxiliary>
<auxiliary keyword="CHEB">
<data>-5.69850000E-001</data>
<data> 3.26230000E-001</data>
<data> 6.61960000E-002</data>
<data>-2.12170000E-002</data>
</auxiliary>
<auxiliary keyword="CHEB">
<data>-2.22190000E-001</data>
<data> 1.02260000E-002</data>
<data> 5.60400000E-002</data>
<data> 9.73530000E-003</data>
</auxiliary>
</reaction>
<reaction formula="C4H9-1(+M)=C3H6+CH3(+M)">
<rate A=" 1.00000000E+000" B=" 0.00000000E+000" E=" 0.00000000E+000"/>
<auxiliary keyword="TCHEB">
<data> 3.00000000E+002</data>
<data> 2.10000000E+003</data>
</auxiliary>
<auxiliary keyword="PCHEB">
<data> 9.86923267E-003</data>
<data> 9.86923267E+001</data>
</auxiliary>
<auxiliary keyword="CHEB">
<data>     4</data>
<data>     4</data>
</auxiliary>
<auxiliary keyword="CHEB">
<data>-2.66550000E+000</data>
<data> 3.30850000E-004</data>
<data>-3.07590000E-001</data>
<data> 2.18110000E-002</data>
</auxiliary>
<auxiliary keyword="CHEB">
<data> 1.08620000E+001</data>
<data> 1.65020000E+000</data>
<data> 1.07350000E-001</data>
<data>-6.32220000E-002</data>
</auxiliary>
<auxiliary keyword="CHEB">
<data>-5.24750000E-001</data>
<data> 3.49150000E-001</data>
<data> 1.00960000E-001</data>
<data> 1.41240000E-003</data>
</auxiliary>
<auxiliary keyword="CHEB">
<data>-2.92430000E-001</data>
<data>-8.43580000E-002</data>
<data> 3.05520000E-002</data>
<data> 1.08870000E-002</data>
</auxiliary>
</reaction>
<reaction formula="C4H9-1(+M)=C4H8-2+H(+M)">
<rate A=" 1.00000000E+000" B=" 0.00000000E+000" E=" 0.00000000E+000"/>
<auxiliary keyword="TCHEB">
<data> 3.00000000E+002</data>
<data> 2.10000000E+003</data>
</auxiliary>
<auxiliary keyword="PCHEB">
<data> 9.86923267E-003</data>
<data> 9.86923267E+001</data>
</auxiliary>
<auxiliary keyword="CHEB">
<data>     4</data>
<data>     4</data>
</auxiliary>
<auxiliary keyword="CHEB">
<data>-5.65640000E+000</data>
<data>-2.24790000E-002</data>
<data>-2.82390000E-001</data>
<data> 2.76750000E-002</data>
</auxiliary>
<auxiliary keyword="CHEB">
<data> 1.10710000E+001</data>
<data> 1.78260000E+000</data>
<data> 1.05770000E-001</data>
<data>-7.65070000E-002</data>
</auxiliary>
<auxiliary keyword="CHEB">
<data>-3.71050000E-001</data>
<data> 3.27290000E-001</data>
<data> 9.00980000E-002</data>
<data> 5.99200000E-003</data>
</auxiliary>
<auxiliary keyword="CHEB">
<data>-2.50940000E-001</data>
<data>-1.44670000E-001</data>
<data> 3.04110000E-002</data>
<data> 1.76890000E-002</data>
</auxiliary>
</reaction>
<reaction formula="C4H9-2(+M)=C2H4+C2H5(+M)">
<rate A=" 1.00000000E+000" B=" 0.00000000E+000" E=" 0.00000000E+000"/>
<auxiliary keyword="TCHEB">
<data> 3.00000000E+002</data>
<data> 2.10000000E+003</data>
</auxiliary>
<auxiliary keyword="PCHEB">
<data> 9.86923267E-003</data>
<data> 9.86923267E+001</data>
</auxiliary>
<auxiliary keyword="CHEB">
<data>     4</data>
<data>     4</data>
</auxiliary>
<auxiliary keyword="CHEB">
<data>-4.59310000E+000</data>
<data>-9.93170000E-002</data>
<data>-2.98930000E-001</data>
<data> 3.16330000E-002</data>
</auxiliary>
<auxiliary keyword="CHEB">
<data> 1.13890000E+001</data>
<data> 1.67700000E+000</data>
<data> 9.70740000E-002</data>
<data>-6.99860000E-002</data>
</auxiliary>
<auxiliary keyword="CHEB">
<data>-5.02580000E-001</data>
<data> 4.01440000E-001</data>
<data> 9.26090000E-002</data>
<data>-3.13120000E-003</data>
</auxiliary>
<auxiliary keyword="CHEB">
<data>-3.24490000E-001</data>
<data>-7.56180000E-002</data>
<data> 2.97160000E-002</data>
<data> 1.12600000E-002</data>
</auxiliary>
</reaction>
<reaction formula="C4H9-2(+M)=C4H8-1+H(+M)">
<rate A=" 1.00000000E+000" B=" 0.00000000E+000" E=" 0.00000000E+000"/>
<auxiliary keyword="TCHEB">
<data> 3.00000000E+002</data>
<data> 2.10000000E+003</data>
</auxiliary>
<auxiliary keyword="PCHEB">
<data> 9.86923267E-003</data>
<data> 9.86923267E+001</data>
</auxiliary>
<auxiliary keyword="CHEB">
<data>     4</data>
<data>     4</data>
</auxiliary>
<auxiliary keyword="CHEB">
<data>-3.73760000E+000</data>
<data> 1.30880000E+000</data>
<data>-2.36160000E-001</data>
<data>-8.36830000E-003</data>
</auxiliary>
<auxiliary keyword="CHEB">
<data> 1.04630000E+001</data>
<data> 5.77110000E-001</data>
<data> 1.55230000E-001</data>
<data>-2.37550000E-002</data>
</auxiliary>
<auxiliary keyword="CHEB">
<data>-5.99160000E-001</data>
<data> 1.13150000E-001</data>
<data> 6.00230000E-002</data>
<data> 1.34880000E-002</data>
</auxiliary>
<auxiliary keyword="CHEB">
<data>-1.22380000E-001</data>
<data>-4.46980000E-002</data>
<data>-6.99400000E-003</data>
<data> 7.01100000E-003</data>
</auxiliary>
</reaction>
<reaction formula="C4H9-2(+M)=C3H6+CH3(+M)">
<rate A=" 1.00000000E+000" B=" 0.00000000E+000" E=" 0.00000000E+000"/>
<auxiliary keyword="TCHEB">
<data> 3.00000000E+002</data>
<data> 2.10000000E+003</data>
</auxiliary>
<auxiliary keyword="PCHEB">
<data> 9.86923267E-003</data>
<data> 9.86923267E+001</data>
</auxiliary>
<auxiliary keyword="CHEB">
<data>     4</data>
<data>     4</data>
</auxiliary>
<auxiliary keyword="CHEB">
<data> 6.73580000E-001</data>
<data> 9.24100000E-001</data>
<data>-1.91820000E-001</data>
<data> 3.99980000E-002</data>
</auxiliary>
<auxiliary keyword="CHEB">
<data> 8.20060000E+000</data>
<data> 8.11080000E-001</data>
<data> 7.52080000E-002</data>
<data>-5.19990000E-002</data>
</auxiliary>
<auxiliary keyword="CHEB">
<data>-8.38020000E-001</data>
<data> 2.79900000E-001</data>
<data> 8.22760000E-002</data>
<data>-8.60460000E-003</data>
</auxiliary>
<auxiliary keyword="CHEB">
<data>-3.40580000E-001</data>
<data> 4.74550000E-003</data>
<data> 2.90930000E-002</data>
<data> 1.07130000E-002</data>
</auxiliary>
</reaction>
<reaction formula="C4H9-2(+M)=C4H8-2+H(+M)">
<rate A=" 1.00000000E+000" B=" 0.00000000E+000" E=" 0.00000000E+000"/>
<auxiliary keyword="TCHEB">
<data> 3.00000000E+002</data>
<data> 2.10000000E+003</data>
</auxiliary>
<auxiliary keyword="PCHEB">
<data> 9.86923267E-003</data>
<data> 9.86923267E+001</data>
</auxiliary>
<auxiliary keyword="CHEB">
<data>     4</data>
<data>     4</data>
</auxiliary>
<auxiliary keyword="CHEB">
<data>-3.32840000E+000</data>
<data> 1.10310000E+000</data>
<data>-2.16400000E-001</data>
<data> 2.69790000E-002</data>
</auxiliary>
<auxiliary keyword="CHEB">
<data> 9.41440000E+000</data>
<data> 7.50100000E-001</data>
<data> 1.30900000E-001</data>
<data>-4.60270000E-002</data>
</auxiliary>
<auxiliary keyword="CHEB">
<data>-8.22050000E-001</data>
<data> 2.16000000E-001</data>
<data> 8.22030000E-002</data>
<data> 2.58050000E-003</data>
</auxiliary>
<auxiliary keyword="CHEB">
<data>-2.82570000E-001</data>
<data>-2.78870000E-002</data>
<data> 1.30020000E-002</data>
<data> 1.16700000E-002</data>
</auxiliary>
</reaction>
<reaction formula="2pC3H3=FULVENE">
<rate A=" 7.91665000E+035" B="-6.87010000E+000" E=" 1.47204000E+004"/>
</reaction>
<reaction formula="C*C*CC*C*C=FULVENE">
<rate A=" 1.88495000E+022" B="-3.31379000E+000" E=" 3.61260000E+004"/>
</reaction>
<reaction formula="C5H4CH3=FULVENE+H">
<rate A=" 4.45885000E+037" B="-7.59833000E+000" E=" 3.91241000E+004"/>
</reaction>
<reaction formula="ME2CYBE=FULVENE">
<rate A=" 8.42691000E+041" B="-8.45431000E+000" E=" 6.75999000E+004"/>
</reaction>
<reaction formula="C#CCCC#C=FULVENE">
<rate A=" 5.98668000E+022" B="-3.25460000E+000" E=" 4.19617000E+004"/>
</reaction>
<reaction formula="C5H5CH2-1=FULVENE+H">
<rate A=" 1.07000000E+029" B="-5.32000000E+000" E=" 3.28100000E+004"/>
</reaction>
<reaction formula="C5H5CH2-2=FULVENE+H">
<rate A=" 1.35000000E+058" B="-1.31100000E+001" E=" 7.38900000E+004"/>
</reaction>
<reaction formula="FULVENE=benzene">
<rate A=" 1.75265000E+018" B="-1.54824000E+000" E=" 7.55506000E+004"/>
</reaction>
<reaction formula="C5H5CH2-3=FULVENE+H">
<rate A=" 3.67000000E+043" B="-9.19000000E+000" E=" 5.73300000E+004"/>
</reaction>
<reaction formula="HCCO+C5H4CH3=HCCOH+FULVENE">
<rate A=" 7.23000000E+013" B=" 0.00000000E+000" E=" 0.00000000E+000"/>
</reaction>
<reaction formula="benzene+H=FULVENE+H">
<rate A=" 1.05000000E+043" B="-8.16000000E+000" E=" 4.77900000E+004"/>
</reaction>
<reaction formula="2pC3H3=benzene">
<rate A=" 4.97905000E+023" B="-3.26920000E+000" E=" 1.67267000E+004"/>
</reaction>
<reaction formula="C5H5CH2-1=benzene+H">
<rate A=" 1.97796000E+031" B="-6.06562000E+000" E=" 2.06296000E+004"/>
</reaction>
<reaction formula="C5H5CH2-2=benzene+H">
<rate A=" 9.25364000E+043" B="-9.19115000E+000" E=" 5.57568000E+004"/>
</reaction>
<reaction formula="C6H5+H(+M)=benzene(+M)">
<rate A=" 1.00000000E+014" B=" 0.00000000E+000" E=" 0.00000000E+000"/>
<auxiliary keyword="LOW">
<data> 6.60000000E+075</data>
<data>-1.63000000E+001</data>
<data> 7.00000000E+003</data>
</auxiliary>
<auxiliary keyword="TROE">
<data> 1.00000000E+000</data>
<data> 1.00000000E-001</data>
<data> 5.85000000E+002</data>
<data> 6.11300000E+003</data>
</auxiliary>
</reaction>
<reaction formula="C7H8+H=benzene+CH3">
<rate A=" 1.20000000E+013" B=" 0.00000000E+000" E=" 5.14800000E+003"/>
</reaction>
<reaction formula="benzene+OH=C6H5+H2O">
<rate A=" 1.63000000E+008" B=" 1.42000000E+000" E=" 1.45400000E+003"/>
</reaction>
<reaction formula="benzene+OH=C6H5OH+H">
<rate A=" 1.30000000E+013" B=" 0.00000000E+000" E=" 1.06000000E+004"/>
</reaction>
<reaction formula="C6H5+H2=benzene+H">
<rate A=" 5.70000000E+004" B=" 2.43000000E+000" E=" 6.28000000E+003"/>
</reaction>
<reaction formula="2pC3H3=C6H5+H">
<rate A=" 3.77683000E+002" B=" 3.10881000E+000" E=" 1.55547000E+004"/>
</reaction>
<reaction formula="C6H5+C2H2=C8H6+H">
<rate A=" 3.98000000E+013" B=" 0.00000000E+000" E=" 1.00990000E+004"/>
</reaction>
<reaction formula="C6H5+C4H2=C8H6+C2H">
<rate A=" 2.00000000E+013" B=" 0.00000000E+000" E=" 0.00000000E+000"/>
</reaction>
<reaction formula="C6H5+H=C6H4+H2">
<rate A=" 2.00000000E+007" B=" 2.00000000E+000" E=" 1.00000000E+003"/>
</reaction>
<reaction formula="C6H5+OH=C6H5O+H">
<rate A=" 5.00000000E+013" B=" 0.00000000E+000" E=" 0.00000000E+000"/>
</reaction>
<reaction formula="C6H5+O2=C6H5O+O">
<rate A=" 2.60000000E+013" B=" 0.00000000E+000" E=" 6.10000000E+003"/>
</reaction>
<reaction formula="C6H5+OH=C6H4+H2O">
<rate A=" 1.00000000E+007" B=" 2.00000000E+000" E=" 1.00000000E+003"/>
</reaction>
<reaction formula="C6H5(+M)=C6H4+H(+M)">
<rate A=" 4.30000000E+012" B=" 6.20000000E-001" E=" 7.73000000E+004"/>
<auxiliary keyword="LOW">
<data> 1.00000000E+084</data>
<data>-1.88700000E+001</data>
<data> 9.01000000E+004</data>
</auxiliary>
<auxiliary keyword="TROE">
<data> 9.02000000E-001</data>
<data> 6.96000000E+002</data>
<data> 3.58000000E+002</data>
<data> 3.85600000E+003</data>
</auxiliary>
</reaction>
<reaction formula="C4H2+C2H2=C6H4">
<rate A=" 5.00000000E+078" B="-1.93100000E+001" E=" 6.79200000E+004"/>
</reaction>
<reaction formula="C6H5O+H(+M)=C6H5OH(+M)">
<rate A=" 1.00000000E+014" B=" 0.00000000E+000" E=" 0.00000000E+000"/>
<auxiliary keyword="LOW">
<data> 1.00000000E+094</data>
<data>-2.18400000E+001</data>
<data> 1.39000000E+004</data>
</auxiliary>
<auxiliary keyword="TROE">
<data> 4.30000000E-002</data>
<data> 3.04000000E+002</data>
<data> 6.00000000E+004</data>
<data> 5.89600000E+003</data>
</auxiliary>
</reaction>
<reaction formula="C6H5O=CO+C5H5">
<rate A=" 2.50000000E+011" B=" 0.00000000E+000" E=" 4.38000000E+004"/>
</reaction>
<reaction formula="C5H5+H=cyC5H6">
<rate A=" 1.00000000E+014" B=" 0.00000000E+000" E=" 0.00000000E+000"/>
</reaction>
<reaction formula="cyC5H6+H=C5H5+H2">
<rate A=" 2.80000000E+013" B=" 0.00000000E+000" E=" 2.00000000E+003"/>
</reaction>
<reaction formula="cyC5H6+CH3=C5H5+CH4">
<rate A=" 1.80000000E-001" B=" 4.00000000E+000" E=" 0.00000000E+000"/>
</reaction>
<reaction formula="cyC5H6+OH=C5H5+H2O">
<rate A=" 3.10000000E+006" B=" 2.00000000E+000" E=" 0.00000000E+000"/>
</reaction>
<reaction formula="C5H5+CH3=C5H4CH3+H">
<rate A=" 2.14250000E-033" B=" 1.32550000E+001" E="-1.62812000E+004"/>
</reaction>
<reaction formula="pC3H3+C2H3=C5H5+H">
<rate A=" 9.63000000E+040" B="-7.80000000E+000" E=" 2.88200000E+004"/>
</reaction>
<reaction formula="cyC5H6+aC3H5=C5H5+C3H6">
<rate A=" 6.00000000E+012" B=" 0.00000000E+000" E=" 0.00000000E+000"/>
</reaction>
<reaction formula="C5H5+CH3=C5H5CH3_1">
<rate A=" 1.15960000E+055" B="-1.25640000E+001" E=" 1.58023000E+004"/>
</reaction>
<reaction formula="C5H5+CH3=C5H5CH2-2+H">
<rate A=" 4.39000000E+035" B="-6.25000000E+000" E=" 3.12400000E+004"/>
</reaction>
<reaction formula="C5H5=pC3H3+C2H2">
<rate A=" 8.10807000E+049" B="-1.03674000E+001" E=" 9.90543000E+004"/>
</reaction>
<reaction formula="C6H5+OH=C6H5OH">
<rate A=" 1.00000000E+013" B=" 0.00000000E+000" E=" 0.00000000E+000"/>
</reaction>
<reaction formula="C6H5OH=cyC5H6+CO">
<rate A=" 1.00000000E+012" B=" 0.00000000E+000" E=" 6.12000000E+004"/>
</reaction>
<reaction formula="C5H5CH3_1=C5H4CH3+H">
<rate A=" 9.78000000E+108" B="-2.74500000E+001" E=" 1.26860000E+005"/>
</reaction>
<reaction formula="C5H5CH3_1+H=C5H4CH3+H2">
<rate A=" 3.81924080E+007" B=" 1.85000000E+000" E=" 1.26500000E+003"/>
</reaction>
<reaction formula="C5H5CH3_1=C5H5CH3_2">
<rate A=" 1.62000000E+013" B=" 0.00000000E+000" E=" 2.41100000E+004"/>
</reaction>
<reaction formula="C5H5CH3_2+H=C5H5CH2-2+H2">
<rate A=" 1.29900000E+006" B=" 2.38000000E+000" E=" 2.80000000E+003"/>
</reaction>
<reaction formula="C5H5CH3_2+pC3H3=C5H5CH2-2+aC3H4">
<rate A=" 2.31900000E+013" B=" 0.00000000E+000" E=" 7.50000000E+003"/>
</reaction>
<reaction formula="C5H5CH3_2=C5H5CH3_3">
<rate A=" 2.51000000E+014" B=" 0.00000000E+000" E=" 2.44800000E+004"/>
</reaction>
<reaction formula="C7H8+H=C6H5CH2+H2">
<rate A=" 3.98000000E+002" B=" 3.44000000E+000" E=" 3.12000000E+003"/>
</reaction>
<reaction formula="C6H5CH2+H=C7H8">
<rate A=" 1.80000000E+014" B=" 0.00000000E+000" E=" 0.00000000E+000"/>
</reaction>
<reaction formula="C6H5+CH3=C7H8">
<rate A=" 4.00000000E+012" B=" 0.00000000E+000" E=" 0.00000000E+000"/>
</reaction>
<reaction formula="CH3CCCH2+pC3H3=C6H5CH2+H">
<rate A=" 3.00000000E+012" B=" 0.00000000E+000" E=" 0.00000000E+000"/>
</reaction>
<reaction formula="C4H5-113+pC3H3=C6H5CH2+H">
<rate A=" 3.00000000E+012" B=" 0.00000000E+000" E=" 0.00000000E+000"/>
</reaction>
<reaction formula="c5h4chchch2=C8H8">
<rate A=" 3.96600000E+078" B="-1.95270000E+001" E=" 9.83000000E+004"/>
</reaction>
<reaction formula="C8H8+OH=C6H5CCH2+H2O">
<rate A=" 1.00000000E+007" B=" 2.00000000E+000" E=" 2.00000000E+003"/>
</reaction>
<reaction formula="C8H8+H=C6H5CCH2+H2">
<rate A=" 2.00000000E+007" B=" 2.00000000E+000" E=" 6.00000000E+003"/>
</reaction>
<reaction formula="C6H5+C4H4=C8H8+C2H">
<rate A=" 3.20000000E+011" B=" 0.00000000E+000" E=" 1.90000000E+003"/>
</reaction>
<reaction formula="C5H5+pC3H3=C8H8">
<rate A=" 3.11100000E+092" B="-2.26800000E+001" E=" 7.01000000E+004"/>
</reaction>
<reaction formula="C6H5+C2H3=C8H8">
<rate A=" 1.06000000E+026" B="-4.00000000E+000" E=" 5.25000000E+003"/>
</reaction>
<reaction formula="c5h4chchch2+H=C8H8+H">
<rate A=" 1.93400000E+051" B="-1.04500000E+001" E=" 2.86500000E+004"/>
</reaction>
<reaction formula="C6H5CCH2+OH=C8H6+H2O">
<rate A=" 2.00000000E+013" B=" 0.00000000E+000" E=" 0.00000000E+000"/>
</reaction>
<reaction formula="C6H5CCH2+H=C8H6+H2">
<rate A=" 5.00000000E+013" B=" 0.00000000E+000" E=" 0.00000000E+000"/>
</reaction>
<reaction formula="C5H4CH3=benzene+H">
<rate A=" 8.58223000E+050" B="-1.19776000E+001" E=" 6.20782000E+004"/>
</reaction>
<reaction formula="C5H5CH2-1=C6H7_CYC_1_2">
<rate A=" 2.39827000E+044" B="-1.06512000E+001" E=" 1.92195000E+004"/>
</reaction>
<reaction formula="C5H5CH2-1=C5H5CH2-3">
<rate A=" 9.22553000E+027" B="-5.12362000E+000" E=" 2.83147000E+004"/>
</reaction>
<reaction formula="C5H5CH2-1=C5H5CH2-2">
<rate A=" 1.68659000E+030" B="-5.94320000E+000" E=" 2.15375000E+004"/>
</reaction>
<reaction formula="C5H5+CH3=C5H5CH2-1+H">
<rate A=" 1.33000000E+028" B="-4.11000000E+000" E=" 4.29200000E+004"/>
</reaction>
<reaction formula="C5H5CH2-2=C5H5CH2-3">
<rate A=" 1.08193000E+041" B="-8.73397000E+000" E=" 4.43990000E+004"/>
</reaction>
<reaction formula="C5H5CH2-2=C6H7_CYC_1_2">
<rate A=" 2.79922000E+050" B="-1.18919000E+001" E=" 5.27476000E+004"/>
</reaction>
<reaction formula="C5H5+CH3=C5H5CH2-3+H">
<rate A=" 6.09000000E+030" B="-4.91000000E+000" E=" 3.14700000E+004"/>
</reaction>
<reaction formula="C5H5CH2-3=benzene+H">
<rate A=" 1.37674000E+046" B="-9.72349000E+000" E=" 5.73380000E+004"/>
</reaction>
<reaction formula="2pC3H3=ME2CYBE">
<rate A=" 2.32156000E+050" B="-1.14678000E+001" E=" 1.59434000E+004"/>
</reaction>
<reaction formula="C#CCCC#C=ME2CYBE">
<rate A=" 2.00342000E+043" B="-9.44650000E+000" E=" 4.38148000E+004"/>
</reaction>
<reaction formula="C*C*CC*C*C=ME2CYBE">
<rate A=" 2.58846000E+037" B="-7.95974000E+000" E=" 3.06494000E+004"/>
</reaction>
<reaction formula="ME2CYBE=benzene">
<rate A=" 2.13318000E+018" B="-1.59114000E+000" E=" 7.06876000E+004"/>
</reaction>
<reaction formula="C5H5+pC3H3=c5h4chchch2">
<rate A=" 5.09400000E+113" B="-2.87900000E+001" E=" 7.15400000E+004"/>
</reaction>
<reaction formula="C6H7_CYC_1_2=FULVENE+H">
<rate A=" 1.69000000E+048" B="-1.09700000E+001" E=" 6.61000000E+004"/>
</reaction>
<reaction formula="2pC3H3=C#CCCC#C">
<rate A=" 4.28058000E+034" B="-6.86383000E+000" E=" 5.24153000E+003"/>
</reaction>
<reaction formula="C#CCCC#C=C*C*CC*C*C">
<rate A=" 1.58081000E+025" B="-4.13369000E+000" E=" 3.22520000E+004"/>
</reaction>
<reaction formula="C#CCCC#C=benzene">
<rate A=" 1.31782000E+010" B=" 4.37128000E-001" E=" 4.84642000E+004"/>
</reaction>
<reaction formula="C*C*CC*C*C=benzene">
<rate A=" 1.35700000E-005" B=" 4.70794000E+000" E=" 3.89675000E+004"/>
</reaction>
<reaction formula="2pC3H3=C*C*CC*C*C">
<rate A=" 2.12425000E+035" B="-6.80657000E+000" E=" 9.54805000E+003"/>
</reaction>
<reaction formula="iC4H5=CH3CCCH2">
<rate A=" 2.04769800E+008" B=" 1.13807000E+000" E=" 4.08303200E+004"/>
</reaction>
<reaction formula="C4H6-12+H=CH3CCCH2+H2">
<rate A=" 2.98000000E+007" B=" 1.95000000E+000" E=" 8.65000000E+003"/>
</reaction>
<reaction formula="pC3H3+CH3CCCH2=aC3H4+C4H4-123">
<rate A=" 5.11494490E+013" B="-1.73060000E-001" E="-1.81000000E+000"/>
</reaction>
<reaction formula="pC3H3+CH3CCCH2=pC3H4+C4H4-123">
<rate A=" 5.11494490E+013" B="-1.73060000E-001" E="-1.81000000E+000"/>
</reaction>
<reaction formula="CH3+CH3CCCH2=CH4+C4H4-123">
<rate A=" 5.11494490E+013" B="-1.73060000E-001" E="-1.81000000E+000"/>
</reaction>
<reaction formula="C4H4-123+H=CH3CCCH2">
<rate A=" 2.00000000E+013" B=" 0.00000000E+000" E=" 1.20000000E+003"/>
</reaction>
<reaction formula="C4H4-123+H=iC4H5">
<rate A=" 3.96471170E+012" B=" 4.60000000E-002" E=" 4.89813000E+003"/>
<auxiliary keyword="DUP">
</auxiliary>
</reaction>
<reaction formula="C4H4-123+H=iC4H5">
<rate A=" 1.20000000E+011" B=" 6.90000000E-001" E=" 3.00000000E+003"/>
<auxiliary keyword="DUP">
</auxiliary>
</reaction>
<reaction formula="iC4H3+H=C4H4-123">
<rate A=" 1.21000000E+014" B=" 0.00000000E+000" E=" 0.00000000E+000"/>
</reaction>
<reaction formula="C4H4+H=iC4H5">
<rate A=" 2.04000000E+009" B=" 1.51000000E+000" E=" 2.23400000E+002"/>
</reaction>
<reaction formula="CH3+pC3H4=C4H6-12+H">
<rate A=" 1.49829000E+015" B="-3.29625000E-001" E=" 1.07439000E+004"/>
</reaction>
<reaction formula="CH3+pC3H3=C4H6-12">
<rate A=" 8.99954000E+039" B="-8.20044000E+000" E=" 8.68155000E+003"/>
</reaction>
<reaction formula="pC3H4+H=CH3+C2H2">
<rate A=" 1.36244000E+015" B="-2.74101000E-001" E=" 9.01043000E+003"/>
</reaction>
<reaction formula="pC3H3+CH3=C3H2+CH4">
<rate A=" 6.48000000E+003" B=" 2.58000000E+000" E=" 1.40400000E+004"/>
</reaction>
<reaction formula="CH4+HCCO=CH3+CH2CO">
<rate A=" 6.36000000E+014" B=" 0.00000000E+000" E=" 1.37000000E+004"/>
</reaction>
<reaction formula="C4H4+H=iC4H3+H2">
<rate A=" 2.92140000E+013" B=" 0.00000000E+000" E=" 9.79930000E+003"/>
</reaction>
<reaction formula="C4H4+OH=iC4H3+H2O">
<rate A=" 1.11000000E+006" B=" 2.00000000E+000" E=" 1.45000000E+003"/>
</reaction>
<reaction formula="C4H4+OH=nC4H3+H2O">
<rate A=" 1.02600000E+013" B=" 0.00000000E+000" E=" 5.94000000E+003"/>
</reaction>
<reaction formula="C4H5-113+H=C4H6-12">
<rate A=" 1.41570000E+013" B="-1.50000000E-001" E=" 2.91670000E+002"/>
</reaction>
<reaction formula="C4H6-1+CH3=C4H5-113+CH4">
<rate A=" 4.00000000E+011" B=" 0.00000000E+000" E=" 9.50000000E+003"/>
</reaction>
<reaction formula="C4H6-1+H=C4H5-113+H2">
<rate A=" 1.39800000E+005" B=" 2.36000000E+000" E=" 1.11000000E+003"/>
</reaction>
<reaction formula="pC3H3+H=C3H2+H2">
<rate A=" 4.37820000E+013" B=" 0.00000000E+000" E=" 9.49390000E+003"/>
</reaction>
<reaction formula="pC3H3+OH=C3H2+H2O">
<rate A=" 1.50250000E+013" B=" 0.00000000E+000" E=" 5.10770000E+003"/>
</reaction>
<reaction formula="C2H+C2H3=C4H4">
<rate A=" 1.00000000E+014" B=" 0.00000000E+000" E=" 0.00000000E+000"/>
</reaction>
<reaction formula="iC4H3+H=C4H4">
<rate A=" 1.41600000E+013" B="-1.50000000E-001" E=" 2.91670000E+002"/>
</reaction>
<reaction formula="nC4H3+H=C4H4">
<rate A=" 5.36000000E+014" B=" 0.00000000E+000" E=" 9.80000000E-001"/>
</reaction>
<reaction formula="C5H10_1(+M)=aC3H5+C2H5(+M)">
<rate A=" 1.00000000E+000" B=" 0.00000000E+000" E=" 0.00000000E+000"/>
<auxiliary keyword="TCHEB">
<data> 3.00000000E+002</data>
<data> 2.10000000E+003</data>
</auxiliary>
<auxiliary keyword="PCHEB">
<data> 9.86923267E-003</data>
<data> 9.86923267E+001</data>
</auxiliary>
<auxiliary keyword="CHEB">
<data>     4</data>
<data>     4</data>
</auxiliary>
<auxiliary keyword="CHEB">
<data>-1.37610000E+001</data>
<data> 3.56430000E-001</data>
<data>-3.46780000E-002</data>
<data>-5.33520000E-004</data>
</auxiliary>
<auxiliary keyword="CHEB">
<data> 2.20870000E+001</data>
<data> 5.78930000E-001</data>
<data>-6.49680000E-002</data>
<data>-1.02830000E-003</data>
</auxiliary>
<auxiliary keyword="CHEB">
<data>-7.35920000E-001</data>
<data> 4.63080000E-001</data>
<data>-1.70180000E-002</data>
<data>-5.51820000E-003</data>
</auxiliary>
<auxiliary keyword="CHEB">
<data>-5.30960000E-001</data>
<data> 2.53090000E-001</data>
<data> 1.83990000E-002</data>
<data>-5.33860000E-003</data>
</auxiliary>
</reaction>
<reaction formula="C3H7-1+C2H3=C5H10_1">
<rate A=" 6.91000000E+014" B="-7.50000000E-001" E=" 0.00000000E+000"/>
</reaction>
<reaction formula="C2H6+C5H9_1_4=C2H5+C5H10_1">
<rate A=" 4.09200000E+012" B=" 0.00000000E+000" E=" 1.80000000E+004"/>
</reaction>
<reaction formula="C3H6+C5H9_1_4=aC3H5+C5H10_1">
<rate A=" 9.00000000E+011" B=" 0.00000000E+000" E=" 1.35000000E+004"/>
</reaction>
<reaction formula="H+C5H9_1_4=C5H10_1">
<rate A=" 5.44000000E+013" B=" 1.60000000E-001" E=" 0.00000000E+000"/>
</reaction>
<reaction formula="CH3+C5H10_1=CH4+C5H9_1_4">
<rate A=" 2.60700000E+013" B=" 0.00000000E+000" E=" 1.68000000E+004"/>
</reaction>
<reaction formula="H+C5H10_1=H2+C5H9_1_4">
<rate A=" 4.08000000E+014" B=" 0.00000000E+000" E=" 1.30000000E+004"/>
</reaction>
<reaction formula="C2H3+C5H10_1=C2H4+C5H9_1_4">
<rate A=" 2.15400000E+013" B=" 0.00000000E+000" E=" 1.19000000E+004"/>
</reaction>
<reaction formula="C5H9_1_4=C5H9_CYC">
<rate A=" 8.71000000E+010" B=" 0.00000000E+000" E=" 1.72000000E+004"/>
</reaction>
<reaction formula="C5H8_CYC_1+H=C5H9_CYC">
<rate A=" 7.85182000E+013" B=" 0.00000000E+000" E=" 5.95000000E+003"/>
</reaction>
<reaction formula="C5H8_CYC_1+CH3=C5H7_CYC_1_2+CH4">
<rate A=" 2.12000000E+013" B=" 0.00000000E+000" E=" 1.16000000E+004"/>
</reaction>
<reaction formula="C5H8_CYC_1+C2H5=C5H7_CYC_1_2+C2H6">
<rate A=" 1.29600000E+012" B=" 0.00000000E+000" E=" 1.20000000E+004"/>
</reaction>
<reaction formula="C5H8_CYC_1+H=C5H7_CYC_1_2+H2">
<rate A=" 3.31200000E+014" B=" 0.00000000E+000" E=" 7.84000000E+003"/>
</reaction>
<reaction formula="C5H8_CYC_1+C2H3=C5H7_CYC_1_2+C2H4">
<rate A=" 1.75600000E+013" B=" 0.00000000E+000" E=" 6.72000000E+003"/>
</reaction>
<reaction formula="C5H8_CYC_1+aC3H5=C5H7_CYC_1_2+C3H6">
<rate A=" 9.92000000E+012" B=" 0.00000000E+000" E=" 2.00000000E+004"/>
</reaction>
<reaction formula="C5H8_CYC_1+C5H9_1_4=C5H7_CYC_1_2+C5H10_1">
<rate A=" 1.29600000E+012" B=" 0.00000000E+000" E=" 1.20000000E+004"/>
</reaction>
<reaction formula="cyC5H6+H=C5H7_CYC_1_2">
<rate A=" 1.10917400E+014" B=" 0.00000000E+000" E=" 3.85000000E+003"/>
</reaction>
<reaction formula="C4H9O-1=C4H9O-3">
<rate A=" 1.18000000E+010" B=" 8.20000000E-001" E=" 3.51000000E+004"/>
</reaction>
<reaction formula="C4H9O-1=C4H9O-2">
<rate A=" 1.93800000E+010" B=" 8.90000000E-001" E=" 3.58000000E+004"/>
</reaction>
<reaction formula="C4H9O-1=C4H9O-4">
<rate A=" 6.44000000E+009" B=" 1.30000000E-001" E=" 2.07000000E+004"/>
</reaction>
<reaction formula="C4H9O-5=C4H9O-1">
<rate A=" 3.75000000E+010" B=" 0.00000000E+000" E=" 2.44000000E+004"/>
</reaction>
<reaction formula="C4H9O-5=C4H9O-2">
<rate A=" 2.00000000E+011" B=" 0.00000000E+000" E=" 2.68500000E+004"/>
</reaction>
<reaction formula="C4H9O-5=C4H9O-3">
<rate A=" 1.11000000E+010" B=" 1.06000000E+000" E=" 3.95267000E+004"/>
</reaction>
<reaction formula="C4H9O-5=C4H9O-4">
<rate A=" 4.09500000E+008" B=" 1.13800000E+000" E=" 3.47897500E+004"/>
</reaction>
<reaction formula="C4H9O-3(+M)=C4H8O-enol2+H(+M)">
<rate A=" 1.00000000E+000" B=" 0.00000000E+000" E=" 0.00000000E+000"/>
<auxiliary keyword="TCHEB">
<data> 3.00000000E+002</data>
<data> 2.10000000E+003</data>
</auxiliary>
<auxiliary keyword="PCHEB">
<data> 9.86923267E-003</data>
<data> 9.86923267E+001</data>
</auxiliary>
<auxiliary keyword="CHEB">
<data>     4</data>
<data>     4</data>
</auxiliary>
<auxiliary keyword="CHEB">
<data>-3.49690000E+000</data>
<data> 1.09750000E+000</data>
<data>-2.10020000E-001</data>
<data> 2.44620000E-002</data>
</auxiliary>
<auxiliary keyword="CHEB">
<data> 9.95250000E+000</data>
<data> 8.14900000E-001</data>
<data> 1.22060000E-001</data>
<data>-5.63580000E-002</data>
</auxiliary>
<auxiliary keyword="CHEB">
<data>-7.14060000E-001</data>
<data> 1.72050000E-001</data>
<data> 8.14720000E-002</data>
<data> 8.18380000E-003</data>
</auxiliary>
<auxiliary keyword="CHEB">
<data>-1.98370000E-001</data>
<data>-7.28260000E-002</data>
<data> 8.30030000E-003</data>
<data> 1.88290000E-002</data>
</auxiliary>
</reaction>
<reaction formula="C4H9O-3(+M)=C4H8O-enol+H(+M)">
<rate A=" 1.00000000E+000" B=" 0.00000000E+000" E=" 0.00000000E+000"/>
<auxiliary keyword="TCHEB">
<data> 3.00000000E+002</data>
<data> 2.10000000E+003</data>
</auxiliary>
<auxiliary keyword="PCHEB">
<data> 9.86923267E-003</data>
<data> 9.86923267E+001</data>
</auxiliary>
<auxiliary keyword="CHEB">
<data>     4</data>
<data>     4</data>
</auxiliary>
<auxiliary keyword="CHEB">
<data>-1.76740000E+000</data>
<data> 8.78320000E-001</data>
<data>-1.61550000E-001</data>
<data> 3.32010000E-002</data>
</auxiliary>
<auxiliary keyword="CHEB">
<data> 8.56090000E+000</data>
<data> 9.28320000E-001</data>
<data> 4.35400000E-002</data>
<data>-5.30540000E-002</data>
</auxiliary>
<auxiliary keyword="CHEB">
<data>-7.75260000E-001</data>
<data> 2.71430000E-001</data>
<data> 8.32960000E-002</data>
<data>-8.47570000E-003</data>
</auxiliary>
<auxiliary keyword="CHEB">
<data>-2.63100000E-001</data>
<data>-4.44100000E-002</data>
<data> 3.32860000E-002</data>
<data> 1.62080000E-002</data>
</auxiliary>
</reaction>
<reaction formula="C4H9O-4(+M)=C4H8O-enol+H(+M)">
<rate A=" 1.00000000E+000" B=" 0.00000000E+000" E=" 0.00000000E+000"/>
<auxiliary keyword="TCHEB">
<data> 3.00000000E+002</data>
<data> 2.10000000E+003</data>
</auxiliary>
<auxiliary keyword="PCHEB">
<data> 9.86923267E-003</data>
<data> 9.86923267E+001</data>
</auxiliary>
<auxiliary keyword="CHEB">
<data>     4</data>
<data>     4</data>
</auxiliary>
<auxiliary keyword="CHEB">
<data>-1.92950000E+000</data>
<data> 7.28990000E-001</data>
<data>-1.35600000E-001</data>
<data> 1.83130000E-002</data>
</auxiliary>
<auxiliary keyword="CHEB">
<data> 9.91260000E+000</data>
<data> 9.29940000E-001</data>
<data>-4.38460000E-002</data>
<data>-4.44900000E-002</data>
</auxiliary>
<auxiliary keyword="CHEB">
<data>-5.30200000E-001</data>
<data> 3.09790000E-001</data>
<data> 6.72980000E-002</data>
<data>-1.95040000E-002</data>
</auxiliary>
<auxiliary keyword="CHEB">
<data>-1.65440000E-001</data>
<data>-1.79220000E-002</data>
<data> 5.44040000E-002</data>
<data> 1.05000000E-002</data>
</auxiliary>
</reaction>
<reaction formula="C4H8O-enol+H=C4H7O_1_2+H2">
<rate A=" 1.39800000E+006" B=" 2.36000000E+000" E=" 1.11000000E+003"/>
</reaction>
<reaction formula="C4H8O-enol2+H=C4H7O_1_2+H2">
<rate A=" 1.39800000E+006" B=" 2.36000000E+000" E=" 1.11000000E+003"/>
</reaction>
<reaction formula="C4H8O-enol+CH3=C4H7O_1_2+CH4">
<rate A=" 5.46000000E+013" B=" 0.00000000E+000" E=" 1.04000000E+004"/>
</reaction>
<reaction formula="C4H8O-enol2+CH3=C4H7O_1_2+CH4">
<rate A=" 5.46000000E+013" B=" 0.00000000E+000" E=" 1.04000000E+004"/>
</reaction>
<reaction formula="C4H8O-enol+OH=C4H7O_1_2+H2O">
<rate A=" 3.17300000E+009" B=" 9.50000000E-001" E=" 5.64400000E+003"/>
</reaction>
<reaction formula="C4H8O-enol2+OH=C4H7O_1_2+H2O">
<rate A=" 3.17300000E+009" B=" 9.50000000E-001" E=" 5.64400000E+003"/>
</reaction>
<reaction formula="nC4H8O+OH=C4H7OJ(16)+H2O">
<rate A=" 3.60000000E+006" B=" 2.00000000E+000" E=" 8.60000000E+002"/>
</reaction>
<reaction formula="nC4H8O+OH=C4H7OJ(13)+H2O">
<rate A=" 7.90000000E+006" B=" 1.90000000E+000" E=" 1.60000000E+002"/>
</reaction>
<reaction formula="nC4H8O+OH=C4H7OJ(12)+H2O">
<rate A=" 3.17300000E+009" B=" 9.50000000E-001" E=" 5.64400000E+003"/>
</reaction>
<reaction formula="CH3CH[OH]CHCH3+sBuOH=sBuOH+CH3C[OH]C2H5">
<rate A=" 1.74547410E+007" B=" 1.50500000E+000" E=" 1.45200000E+004"/>
</reaction>
<reaction formula="sBuOH+CH3CH[O]C2H5=CH2CH[OH]C2H5+sBuOH">
<rate A=" 1.42200000E+012" B=" 0.00000000E+000" E=" 7.00000000E+003"/>
</reaction>
<reaction formula="CH3CH[O]C2H5+sBuOH=sBuOH+CH3C[OH]C2H5">
<rate A=" 2.53219270E+011" B=" 0.00000000E+000" E=" 9.44650000E+003"/>
</reaction>
<reaction formula="CH3CH[O]C2H5+sBuOH=sBuOH+CH3CH[OH]CHCH3">
<rate A=" 1.45000000E+011" B=" 0.00000000E+000" E=" 4.57000000E+003"/>
</reaction>
<reaction formula="sBuOH+CH3CH[O]C2H5=CH3CH[OH]CH2CH2+sBuOH">
<rate A=" 1.42200000E+012" B=" 0.00000000E+000" E=" 7.00000000E+003"/>
</reaction>
<reaction formula="CH2CH[OH]C2H5+sBuOH=sBuOH+CH3C[OH]C2H5">
<rate A=" 1.88068160E+010" B=" 8.36670000E-001" E=" 1.51866667E+004"/>
</reaction>
<reaction formula="CH2CH[OH]C2H5+sBuOH=sBuOH+CH3CH[OH]CHCH3">
<rate A=" 3.08000000E+003" B=" 2.66000000E+000" E=" 1.01000000E+004"/>
</reaction>
<reaction formula="sBuOH+CH2CH[OH]C2H5=CH3CH[OH]CH2CH2+sBuOH">
<rate A=" 1.97700000E+003" B=" 2.71000000E+000" E=" 1.29200000E+004"/>
</reaction>
<reaction formula="CH3CH[OH]CH2CH2+sBuOH=sBuOH+CH3C[OH]C2H5">
<rate A=" 1.88068160E+010" B=" 8.36670000E-001" E=" 1.51866667E+004"/>
</reaction>
<reaction formula="CH3CH[OH]CH2CH2+sBuOH=sBuOH+CH3CH[OH]CHCH3">
<rate A=" 3.08000000E+003" B=" 2.66000000E+000" E=" 1.01000000E+004"/>
</reaction>
<reaction formula="CH3CH[OH]CHCH3=CH3C[OH]C2H5">
<rate A=" 7.79185560E+009" B=" 8.67500000E-001" E=" 3.96750000E+004"/>
</reaction>
<reaction formula="CH3CH[O]C2H5=CH3CH[OH]CH2CH2">
<rate A=" 3.00000000E+011" B=" 0.00000000E+000" E=" 2.94000000E+004"/>
</reaction>
<reaction formula="CH3CH[O]C2H5=CH2CH[OH]C2H5">
<rate A=" 1.41300000E+009" B=" 1.45000000E+000" E=" 4.22700000E+004"/>
</reaction>
<reaction formula="CH3CH[O]C2H5=CH3CH[OH]CHCH3">
<rate A=" 1.11253240E+010" B=" 1.06333000E+000" E=" 3.95266667E+004"/>
</reaction>
<reaction formula="CH3CH[O]C2H5=CH3C[OH]C2H5">
<rate A=" 2.04769800E+008" B=" 1.13807000E+000" E=" 3.47897519E+004"/>
</reaction>
<reaction formula="CH2CH[OH]C2H5=CH3CH[OH]CH2CH2">
<rate A=" 7.62000000E+009" B=" 3.50000000E-001" E=" 1.97600000E+004"/>
</reaction>
<reaction formula="CH2CH[OH]C2H5=CH3CH[OH]CHCH3">
<rate A=" 1.18000000E+010" B=" 8.20000000E-001" E=" 3.51000000E+004"/>
</reaction>
<reaction formula="CH2CH[OH]C2H5=CH3C[OH]C2H5">
<rate A=" 1.10747490E+010" B=" 8.55000000E-001" E=" 3.75750000E+004"/>
</reaction>
<reaction formula="CH3CH[OH]CH2CH2=CH3C[OH]C2H5">
<rate A=" 2.25644890E+010" B=" 7.19000000E-001" E=" 3.90200000E+004"/>
</reaction>
<reaction formula="CH3CH[OH]CH2CH2=CH3CH[OH]CHCH3">
<rate A=" 1.93800000E+010" B=" 8.90000000E-001" E=" 3.58000000E+004"/>
</reaction>
<reaction formula="C2H4O+C2H5=CH2CH[OH]C2H5">
<rate A=" 2.48273860E+010" B=" 2.44000000E-001" E=" 1.04875000E+004"/>
</reaction>
<reaction formula="CH3+C2H4O=CH3CH[OH]CH2">
<rate A=" 1.36000000E+012" B=" 0.00000000E+000" E=" 1.01000000E+004"/>
</reaction>
<reaction formula="CH3C[OH]C2H5+C2H5O-2=sBuOH+C2H4O">
<rate A=" 8.58000000E+015" B="-1.10000000E+000" E=" 0.00000000E+000"/>
</reaction>
<reaction formula="CH3CH[OH]CHCH3+C2H5O-2=sBuOH+C2H4O">
<rate A=" 6.33000000E+014" B="-7.00000000E-001" E=" 0.00000000E+000"/>
</reaction>
<reaction formula="CH3CH[O]C2H5+C2H5O-2=sBuOH+C2H4O">
<rate A=" 7.23000000E+013" B=" 0.00000000E+000" E=" 0.00000000E+000"/>
</reaction>
<reaction formula="CH2CH[OH]C2H5+C2H5O-2=sBuOH+C2H4O">
<rate A=" 6.90000000E+013" B="-3.50000000E-001" E=" 0.00000000E+000"/>
</reaction>
<reaction formula="CH3CH[OH]CH2CH2+C2H5O-2=sBuOH+C2H4O">
<rate A=" 6.90000000E+013" B="-3.50000000E-001" E=" 0.00000000E+000"/>
</reaction>
<reaction formula="C2H4O+CH3=HOCHC2H5">
<rate A=" 3.10000000E+012" B=" 0.00000000E+000" E=" 8.50000000E+003"/>
</reaction>
<reaction formula="C3H6+OH=CH3CH[OH]CH2">
<rate A=" 2.71000000E+012" B=" 0.00000000E+000" E=" 0.00000000E+000"/>
</reaction>
<reaction formula="C2H4O+H=C2H5O-2">
<rate A=" 1.01000000E+013" B=" 0.00000000E+000" E=" 2.10000000E+003"/>
</reaction>
<reaction formula="CH3CHO+C2H5=CH3CH[O]C2H5">
<rate A=" 7.94000000E+010" B=" 0.00000000E+000" E=" 6.70000000E+003"/>
</reaction>
<reaction formula="CH3C[OH]C2H5+C2H5O-2=sBuOH+CH3CHO">
<rate A=" 3.47000000E+014" B="-7.50000000E-001" E=" 0.00000000E+000"/>
</reaction>
<reaction formula="CH3CH[OH]CHCH3+C2H5O-2=sBuOH+CH3CHO">
<rate A=" 2.35000000E+012" B=" 0.00000000E+000" E=" 0.00000000E+000"/>
</reaction>
<reaction formula="CH3CH[O]C2H5+C2H5O-2=sBuOH+CH3CHO">
<rate A=" 2.41000000E+013" B=" 0.00000000E+000" E=" 0.00000000E+000"/>
</reaction>
<reaction formula="CH2CH[OH]C2H5+C2H5O-2=sBuOH+CH3CHO">
<rate A=" 2.41000000E+012" B=" 0.00000000E+000" E=" 0.00000000E+000"/>
</reaction>
<reaction formula="CH3CH[OH]CH2CH2+C2H5O-2=sBuOH+CH3CHO">
<rate A=" 2.41000000E+012" B=" 0.00000000E+000" E=" 0.00000000E+000"/>
</reaction>
<reaction formula="sBuOH+OH=CH2CH[OH]C2H5+H2O">
<rate A=" 1.60000000E+006" B=" 1.60000000E+000" E=" 8.60000000E+002"/>
</reaction>
<reaction formula="sBuOH+OH=CH3C[OH]C2H5+H2O">
<rate A=" 1.70000000E+006" B=" 1.60000000E+000" E="-1.45100000E+003"/>
</reaction>
<reaction formula="sBuOH+OH=CH3CH[OH]CHCH3+H2O">
<rate A=" 1.90000000E+006" B=" 1.60000000E+000" E=" 1.60000000E+002"/>
</reaction>
<reaction formula="sBuOH+OH=CH3CH[OH]CH2CH2+H2O">
<rate A=" 1.60000000E+006" B=" 1.50000000E+000" E=" 8.60000000E+002"/>
</reaction>
<reaction formula="sBuOH+OH=CH3CH[O]C2H5+H2O">
<rate A=" 1.73000000E+001" B=" 3.00000000E+000" E="-1.14000000E+003"/>
</reaction>
<reaction formula="OH+C2H5O-2=H2O+C2H4O">
<rate A=" 7.23000000E+013" B=" 0.00000000E+000" E=" 0.00000000E+000"/>
</reaction>
<reaction formula="H2CCCH3[OH]+CH3=CH3C[OH]C2H5">
<rate A=" 3.99000000E+012" B=" 0.00000000E+000" E=" 1.20000000E+004"/>
</reaction>
<reaction formula="H2CCCH3[OH]+H=CH3CH[OH]CH2">
<rate A=" 1.17000000E+013" B=" 0.00000000E+000" E=" 4.70000000E+003"/>
</reaction>
<reaction formula="CH3C[OH]C2H5+CH3CH[OH]CH2=sBuOH+H2CCCH3[OH]">
<rate A=" 1.08000000E+014" B="-7.50000000E-001" E=" 0.00000000E+000"/>
</reaction>
<reaction formula="CH3CH[OH]CHCH3+CH3CH[OH]CH2=sBuOH+H2CCCH3[OH]">
<rate A=" 2.56000000E+013" B="-3.50000000E-001" E=" 0.00000000E+000"/>
</reaction>
<reaction formula="CH3CH[O]C2H5+CH3CH[OH]CH2=sBuOH+H2CCCH3[OH]">
<rate A=" 1.21000000E+013" B=" 0.00000000E+000" E=" 0.00000000E+000"/>
</reaction>
<reaction formula="CH2CH[OH]C2H5+CH3CH[OH]CH2=sBuOH+H2CCCH3[OH]">
<rate A=" 8.43000000E+011" B=" 0.00000000E+000" E=" 0.00000000E+000"/>
</reaction>
<reaction formula="CH3CH[OH]CH2CH2+CH3CH[OH]CH2=sBuOH+H2CCCH3[OH]">
<rate A=" 8.43000000E+011" B=" 0.00000000E+000" E=" 0.00000000E+000"/>
</reaction>
<reaction formula="OH+CH3CH[OH]CH2=H2O+H2CCCH3[OH]">
<rate A=" 1.21000000E+013" B=" 0.00000000E+000" E=" 0.00000000E+000"/>
</reaction>
<reaction formula="H+CH3CH[OH]CH2=H2+H2CCCH3[OH]">
<rate A=" 9.04000000E+011" B=" 0.00000000E+000" E=" 0.00000000E+000"/>
</reaction>
<reaction formula="H+C2H5O-2=H2+C2H4O">
<rate A=" 1.08300000E+013" B=" 0.00000000E+000" E=" 0.00000000E+000"/>
</reaction>
<reaction formula="H+C2H5O-2=H2+CH3CHO">
<rate A=" 6.03000000E+012" B=" 0.00000000E+000" E=" 0.00000000E+000"/>
</reaction>
<reaction formula="CH3+C3H6O-enol=CH3CH[OH]CHCH3">
<rate A=" 1.36000000E+012" B=" 0.00000000E+000" E=" 1.51000000E+004"/>
</reaction>
<reaction formula="C3H6O-enol+H=HOCHC2H5">
<rate A=" 1.00000000E+013" B=" 0.00000000E+000" E=" 2.90000000E+003"/>
</reaction>
<reaction formula="CH3C[OH]C2H5+HOCHC2H5=sBuOH+C3H6O-enol">
<rate A=" 4.32000000E+014" B="-7.50000000E-001" E=" 0.00000000E+000"/>
</reaction>
<reaction formula="CH3CH[OH]CHCH3+HOCHC2H5=sBuOH+C3H6O-enol">
<rate A=" 1.02600000E+014" B="-3.50000000E-001" E=" 0.00000000E+000"/>
</reaction>
<reaction formula="CH3CH[O]C2H5+HOCHC2H5=sBuOH+C3H6O-enol">
<rate A=" 4.82000000E+013" B=" 0.00000000E+000" E=" 0.00000000E+000"/>
</reaction>
<reaction formula="CH2CH[OH]C2H5+HOCHC2H5=sBuOH+C3H6O-enol">
<rate A=" 2.90000000E+012" B=" 0.00000000E+000" E=" 0.00000000E+000"/>
</reaction>
<reaction formula="CH3CH[OH]CH2CH2+HOCHC2H5=sBuOH+C3H6O-enol">
<rate A=" 2.90000000E+012" B=" 0.00000000E+000" E=" 0.00000000E+000"/>
</reaction>
<reaction formula="OH+HOCHC2H5=H2O+C3H6O-enol">
<rate A=" 4.82000000E+013" B=" 0.00000000E+000" E=" 0.00000000E+000"/>
</reaction>
<reaction formula="H+HOCHC2H5=H2+C3H6O-enol">
<rate A=" 3.62000000E+012" B=" 0.00000000E+000" E=" 0.00000000E+000"/>
</reaction>
<reaction formula="C4H8-1+OH=CH2CH[OH]C2H5">
<rate A=" 2.71000000E+012" B=" 0.00000000E+000" E=" 0.00000000E+000"/>
</reaction>
<reaction formula="C2H5O-2+C2H4=CH3CH[OH]CH2CH2">
<rate A=" 3.47067480E+011" B=" 0.00000000E+000" E=" 1.07333333E+004"/>
</reaction>
<reaction formula="CH3C[OH]C2H5+C2H5=sBuOH+C2H4">
<rate A=" 8.58000000E+015" B="-1.10000000E+000" E=" 0.00000000E+000"/>
</reaction>
<reaction formula="CH3CH[OH]CHCH3+C2H5=sBuOH+C2H4">
<rate A=" 6.33000000E+014" B="-7.00000000E-001" E=" 0.00000000E+000"/>
</reaction>
<reaction formula="CH3CH[O]C2H5+C2H5=sBuOH+C2H4">
<rate A=" 7.23000000E+013" B=" 0.00000000E+000" E=" 0.00000000E+000"/>
</reaction>
<reaction formula="CH2CH[OH]C2H5+C2H5=sBuOH+C2H4">
<rate A=" 6.90000000E+013" B="-3.50000000E-001" E=" 0.00000000E+000"/>
</reaction>
<reaction formula="CH3CH[OH]CH2CH2+C2H5=sBuOH+C2H4">
<rate A=" 6.90000000E+013" B="-3.50000000E-001" E=" 0.00000000E+000"/>
</reaction>
<reaction formula="CH3+CH3CH[OH]CH2=CH4+H2CCCH3[OH]">
<rate A=" 6.02000000E+012" B="-3.20000000E-001" E=" 0.00000000E+000"/>
</reaction>
<reaction formula="CH3+C2H5O-2=CH4+C2H4O">
<rate A=" 6.57000000E+014" B="-6.80000000E-001" E=" 0.00000000E+000"/>
</reaction>
<reaction formula="CH3+C2H5O-2=CH4+CH3CHO">
<rate A=" 2.41000000E+012" B=" 0.00000000E+000" E=" 0.00000000E+000"/>
</reaction>
<reaction formula="CH3+HOCHC2H5=CH4+C3H6O-enol">
<rate A=" 2.30000000E+013" B="-3.20000000E-001" E=" 0.00000000E+000"/>
</reaction>
<reaction formula="C4H8-2+OH=CH3CH[OH]CHCH3">
<rate A=" 5.42000000E+012" B=" 0.00000000E+000" E=" 0.00000000E+000"/>
</reaction>
<reaction formula="CH2CH[OH]C2H5+C2H6=sBuOH+C2H5">
<rate A=" 1.95400000E+004" B=" 2.71000000E+000" E=" 1.49200000E+004"/>
</reaction>
<reaction formula="sBuOH+C2H5=CH3C[OH]C2H5+C2H6">
<rate A=" 1.88068160E+009" B=" 8.36670000E-001" E=" 1.11866667E+004"/>
</reaction>
<reaction formula="sBuOH+C2H5=CH3CH[OH]CHCH3+C2H6">
<rate A=" 3.08000000E+003" B=" 2.56000000E+000" E=" 1.21000000E+004"/>
</reaction>
<reaction formula="CH3CH[OH]CH2CH2+C2H6=sBuOH+C2H5">
<rate A=" 1.95400000E+004" B=" 2.71000000E+000" E=" 1.49200000E+004"/>
</reaction>
<reaction formula="CH3CH[O]C2H5+C2H6=sBuOH+C2H5">
<rate A=" 1.84400000E+013" B=" 0.00000000E+000" E=" 1.00000000E+004"/>
</reaction>
<reaction formula="C2H5+CH3CH[OH]CH2=C2H6+H2CCCH3[OH]">
<rate A=" 8.43000000E+011" B=" 0.00000000E+000" E=" 0.00000000E+000"/>
</reaction>
<reaction formula="C2H5+C2H5O-2=C2H6+C2H4O">
<rate A=" 6.90000000E+013" B="-3.50000000E-001" E=" 0.00000000E+000"/>
</reaction>
<reaction formula="C2H5+C2H5O-2=C2H6+CH3CHO">
<rate A=" 2.41000000E+012" B=" 0.00000000E+000" E=" 0.00000000E+000"/>
</reaction>
<reaction formula="C2H5+HOCHC2H5=C2H6+C3H6O-enol">
<rate A=" 2.90000000E+012" B=" 0.00000000E+000" E=" 0.00000000E+000"/>
</reaction>
<reaction formula="CH3CHO+CH3=CH3CH-O-CH3">
<rate A=" 7.29907140E+011" B=" 1.79750000E-001" E=" 2.98507963E+003"/>
</reaction>
<reaction formula="C3H7-1+CH2CH[OH]C2H5=C3H6+sBuOH">
<rate A=" 2.90000000E+012" B=" 0.00000000E+000" E=" 0.00000000E+000"/>
</reaction>
<reaction formula="C3H7-1+CH3C[OH]C2H5=C3H6+sBuOH">
<rate A=" 4.32000000E+014" B="-7.50000000E-001" E=" 0.00000000E+000"/>
</reaction>
<reaction formula="C3H7-1+CH3CH[OH]CHCH3=C3H6+sBuOH">
<rate A=" 1.02600000E+014" B="-3.50000000E-001" E=" 0.00000000E+000"/>
</reaction>
<reaction formula="C3H7-1+CH3CH[OH]CH2CH2=C3H6+sBuOH">
<rate A=" 2.90000000E+012" B=" 0.00000000E+000" E=" 0.00000000E+000"/>
</reaction>
<reaction formula="C3H7-1+CH3CH[O]C2H5=C3H6+sBuOH">
<rate A=" 4.82000000E+013" B=" 0.00000000E+000" E=" 0.00000000E+000"/>
</reaction>
<reaction formula="C4H8-1+CH3C[OH]C2H5=C4H7-24+sBuOH">
<rate A=" 3.03978820E+006" B=" 1.88583000E+000" E=" 9.44833333E+003"/>
</reaction>
<reaction formula="C4H8-1+CH3CH[OH]CHCH3=C4H7-24+sBuOH">
<rate A=" 3.03978820E+006" B=" 1.88583000E+000" E=" 9.44833333E+003"/>
</reaction>
<reaction formula="C4H8-1+CH3CH[O]C2H5=C4H7-24+sBuOH">
<rate A=" 3.17292680E+009" B=" 9.50000000E-001" E=" 5.64400000E+003"/>
</reaction>
<reaction formula="C4H8-1+CH2CH[OH]C2H5=C4H7-24+sBuOH">
<rate A=" 3.03978820E+006" B=" 1.88583000E+000" E=" 9.44833333E+003"/>
</reaction>
<reaction formula="C4H8-1+CH3CH[OH]CH2CH2=C4H7-24+sBuOH">
<rate A=" 3.03978820E+006" B=" 1.88583000E+000" E=" 9.44833333E+003"/>
</reaction>
<reaction formula="C4H8-1+C2H5=C4H7-24+C2H6">
<rate A=" 3.03978820E+006" B=" 1.88583000E+000" E=" 1.34483333E+004"/>
</reaction>
<reaction formula="C4H8-1+OH=C4H7-24+H2O">
<rate A=" 3.17292680E+009" B=" 9.50000000E-001" E=" 5.64400000E+003"/>
</reaction>
<reaction formula="C2H5O-2+C4H7-24=C2H4O+C4H8-1">
<rate A=" 6.33000000E+014" B="-7.00000000E-001" E=" 0.00000000E+000"/>
</reaction>
<reaction formula="C3H7-1+C4H7-24=C3H6+C4H8-1">
<rate A=" 1.02600000E+014" B="-3.50000000E-001" E=" 0.00000000E+000"/>
</reaction>
<reaction formula="C2H5O-2+C4H7-24=CH3CHO+C4H8-1">
<rate A=" 2.35000000E+012" B=" 0.00000000E+000" E=" 0.00000000E+000"/>
</reaction>
<reaction formula="CH3CH[OH]CH2+C4H7-24=H2CCCH3[OH]+C4H8-1">
<rate A=" 2.56000000E+013" B="-3.50000000E-001" E=" 0.00000000E+000"/>
</reaction>
<reaction formula="HOCHC2H5+C4H7-24=C3H6O-enol+C4H8-1">
<rate A=" 1.02600000E+014" B="-3.50000000E-001" E=" 0.00000000E+000"/>
</reaction>
<reaction formula="C2H5+C4H7-24=C2H4+C4H8-1">
<rate A=" 6.33000000E+014" B="-7.00000000E-001" E=" 0.00000000E+000"/>
</reaction>
<reaction formula="C4H8-2+CH3C[OH]C2H5=C4H7-24+sBuOH">
<rate A=" 2.90800000E+012" B=" 0.00000000E+000" E=" 1.02000000E+004"/>
</reaction>
<reaction formula="C4H8-2+CH3CH[OH]CHCH3=C4H7-24+sBuOH">
<rate A=" 5.72200000E+012" B=" 0.00000000E+000" E=" 1.03000000E+004"/>
</reaction>
<reaction formula="C4H8-2+CH3CH[O]C2H5=C4H7-24+sBuOH">
<rate A=" 6.89640340E+007" B=" 1.75000000E+000" E=" 3.78937500E+003"/>
</reaction>
<reaction formula="C4H8-2+CH2CH[OH]C2H5=C4H7-24+sBuOH">
<rate A=" 6.36000000E+012" B=" 0.00000000E+000" E=" 1.04000000E+004"/>
</reaction>
<reaction formula="C4H8-2+CH3CH[OH]CH2CH2=C4H7-24+sBuOH">
<rate A=" 3.36000000E+012" B=" 0.00000000E+000" E=" 1.24000000E+004"/>
</reaction>
<reaction formula="C4H8-2+C2H5=C4H7-24+C2H6">
<rate A=" 1.36000000E+012" B=" 0.00000000E+000" E=" 1.24000000E+004"/>
</reaction>
<reaction formula="C4H8-2+OH=C4H7-24+H2O">
<rate A=" 6.89640340E+007" B=" 1.75000000E+000" E=" 3.78937500E+003"/>
</reaction>
<reaction formula="C2H5O-2+C4H7-24=C2H4O+C4H8-2">
<rate A=" 6.87000000E+013" B="-3.50000000E-001" E="-1.30000000E+002"/>
</reaction>
<reaction formula="C3H7-1+C4H7-24=C3H6+C4H8-2">
<rate A=" 2.90000000E+012" B=" 0.00000000E+000" E="-1.30000000E+002"/>
</reaction>
<reaction formula="C2H5O-2+C4H7-24=CH3CHO+C4H8-2">
<rate A=" 1.81000000E+013" B=" 0.00000000E+000" E=" 0.00000000E+000"/>
</reaction>
<reaction formula="CH3CH[OH]CH2+C4H7-24=H2CCCH3[OH]+C4H8-2">
<rate A=" 7.83000000E+011" B=" 0.00000000E+000" E="-1.30000000E+002"/>
</reaction>
<reaction formula="HOCHC2H5+C4H7-24=C3H6O-enol+C4H8-2">
<rate A=" 2.90000000E+012" B=" 0.00000000E+000" E="-1.30000000E+002"/>
</reaction>
<reaction formula="C2H5+C4H7-24=C2H4+C4H8-2">
<rate A=" 6.87000000E+013" B="-3.50000000E-001" E="-1.30000000E+002"/>
</reaction>
<reaction formula="C4H7-24+C4H8-1=C4H8-2+C4H7-24">
<rate A=" 3.03978820E+006" B=" 1.88583000E+000" E=" 9.44833333E+003"/>
</reaction>
<reaction formula="C4H7-14+sBuOH=C4H8-1+CH3C[OH]C2H5">
<rate A=" 1.88068160E+010" B=" 8.36670000E-001" E=" 1.51866667E+004"/>
</reaction>
<reaction formula="C4H7-14+sBuOH=C4H8-1+CH3CH[OH]CHCH3">
<rate A=" 3.08000000E+003" B=" 2.66000000E+000" E=" 1.01000000E+004"/>
</reaction>
<reaction formula="C4H8-1+CH3CH[O]C2H5=C4H7-14+sBuOH">
<rate A=" 1.42200000E+012" B=" 0.00000000E+000" E=" 7.00000000E+003"/>
</reaction>
<reaction formula="C4H8-1+CH2CH[OH]C2H5=C4H7-14+sBuOH">
<rate A=" 1.97700000E+003" B=" 2.71000000E+000" E=" 1.29200000E+004"/>
</reaction>
<reaction formula="C4H8-1+CH3CH[OH]CH2CH2=C4H7-14+sBuOH">
<rate A=" 1.97700000E+003" B=" 2.71000000E+000" E=" 1.29200000E+004"/>
</reaction>
<reaction formula="C4H7-14+C2H6=C4H8-1+C2H5">
<rate A=" 3.95400000E+003" B=" 2.71000000E+000" E=" 1.29200000E+004"/>
</reaction>
<reaction formula="C2H5O-2+C4H7-14=C2H4O+C4H8-1">
<rate A=" 6.90000000E+013" B="-3.50000000E-001" E=" 0.00000000E+000"/>
</reaction>
<reaction formula="C3H7-1+C4H7-14=C3H6+C4H8-1">
<rate A=" 2.90000000E+012" B=" 0.00000000E+000" E=" 0.00000000E+000"/>
</reaction>
<reaction formula="C2H5O-2+C4H7-14=CH3CHO+C4H8-1">
<rate A=" 2.41000000E+012" B=" 0.00000000E+000" E=" 0.00000000E+000"/>
</reaction>
<reaction formula="CH3CH[OH]CH2+C4H7-14=H2CCCH3[OH]+C4H8-1">
<rate A=" 8.43000000E+011" B=" 0.00000000E+000" E=" 0.00000000E+000"/>
</reaction>
<reaction formula="HOCHC2H5+C4H7-14=C3H6O-enol+C4H8-1">
<rate A=" 2.90000000E+012" B=" 0.00000000E+000" E=" 0.00000000E+000"/>
</reaction>
<reaction formula="C2H5+C4H7-14=C2H4+C4H8-1">
<rate A=" 6.90000000E+013" B="-3.50000000E-001" E=" 0.00000000E+000"/>
</reaction>
<reaction formula="C4H7-14+C4H8-1=C4H8-1+C4H7-24">
<rate A=" 3.03978820E+006" B=" 1.88583000E+000" E=" 9.44833333E+003"/>
</reaction>
<reaction formula="C4H7-14+C4H8-2=C4H8-1+C4H7-24">
<rate A=" 3.36000000E+012" B=" 0.00000000E+000" E=" 1.24000000E+004"/>
</reaction>
<reaction formula="C2H3+sBuOH=C2H4+CH3C[OH]C2H5">
<rate A=" 1.95000000E+013" B=" 0.00000000E+000" E=" 1.02000000E+004"/>
</reaction>
<reaction formula="C2H3+sBuOH=C2H4+CH3CH[OH]CHCH3">
<rate A=" 1.02000000E+003" B=" 3.10000000E+000" E=" 8.82000000E+003"/>
</reaction>
<reaction formula="C2H3+sBuOH=C2H4+CH3CH[O]C2H5">
<rate A=" 1.44000000E+001" B=" 3.10000000E+000" E=" 6.94000000E+003"/>
</reaction>
<reaction formula="C2H3+sBuOH=C2H4+CH2CH[OH]C2H5">
<rate A=" 1.51079110E+013" B=" 0.00000000E+000" E=" 1.01750000E+004"/>
</reaction>
<reaction formula="C2H3+sBuOH=C2H4+CH3CH[OH]CH2CH2">
<rate A=" 1.51079110E+013" B=" 0.00000000E+000" E=" 1.01750000E+004"/>
</reaction>
<reaction formula="C2H5O-2+C2H3=C2H4O+C2H4">
<rate A=" 4.56000000E+014" B="-7.00000000E-001" E=" 0.00000000E+000"/>
</reaction>
<reaction formula="C3H7-1+C2H3=C3H6+C2H4">
<rate A=" 2.42000000E+012" B=" 0.00000000E+000" E=" 0.00000000E+000"/>
</reaction>
<reaction formula="C2H5O-2+C2H3=CH3CHO+C2H4">
<rate A=" 3.01000000E+013" B=" 0.00000000E+000" E=" 0.00000000E+000"/>
</reaction>
<reaction formula="CH3CH[OH]CH2+C2H3=H2CCCH3[OH]+C2H4">
<rate A=" 8.43000000E+011" B=" 0.00000000E+000" E=" 0.00000000E+000"/>
</reaction>
<reaction formula="HOCHC2H5+C2H3=C3H6O-enol+C2H4">
<rate A=" 2.42000000E+012" B=" 0.00000000E+000" E=" 0.00000000E+000"/>
</reaction>
<reaction formula="C2H5+C2H3=2C2H4">
<rate A=" 4.56000000E+014" B="-7.00000000E-001" E=" 0.00000000E+000"/>
</reaction>
<reaction formula="C2H3+C4H8-1=C2H4+C4H7-24">
<rate A=" 1.02000000E+003" B=" 3.10000000E+000" E=" 8.82000000E+003"/>
</reaction>
<reaction formula="C2H3+C4H8-2=C2H4+C4H7-24">
<rate A=" 4.63800000E+013" B=" 0.00000000E+000" E=" 7.50000000E+003"/>
</reaction>
<reaction formula="C2H3+C4H8-1=C2H4+C4H7-14">
<rate A=" 1.51079110E+013" B=" 0.00000000E+000" E=" 9.17500000E+003"/>
</reaction>
<reaction formula="C2H3+C2H4=C4H7-14">
<rate A=" 2.18000000E+013" B=" 0.00000000E+000" E=" 5.20000000E+003"/>
</reaction>
<reaction formula="CH3C[OH]C2H5+C4H7-24=sBuOH+C4H6-13">
<rate A=" 8.58000000E+015" B="-1.10000000E+000" E=" 0.00000000E+000"/>
</reaction>
<reaction formula="CH3CH[OH]CHCH3+C4H7-24=sBuOH+C4H6-13">
<rate A=" 6.33000000E+014" B="-7.00000000E-001" E=" 0.00000000E+000"/>
</reaction>
<reaction formula="CH3CH[O]C2H5+C4H7-24=sBuOH+C4H6-13">
<rate A=" 7.23000000E+013" B=" 0.00000000E+000" E=" 0.00000000E+000"/>
</reaction>
<reaction formula="CH2CH[OH]C2H5+C4H7-24=sBuOH+C4H6-13">
<rate A=" 6.90000000E+013" B="-3.50000000E-001" E=" 0.00000000E+000"/>
</reaction>
<reaction formula="CH3CH[OH]CH2CH2+C4H7-24=sBuOH+C4H6-13">
<rate A=" 6.90000000E+013" B="-3.50000000E-001" E=" 0.00000000E+000"/>
</reaction>
<reaction formula="CH3+C4H7-24=CH4+C4H6-13">
<rate A=" 6.57000000E+014" B="-6.80000000E-001" E=" 0.00000000E+000"/>
</reaction>
<reaction formula="H+C4H7-24=H2+C4H6-13">
<rate A=" 1.08300000E+013" B=" 0.00000000E+000" E=" 0.00000000E+000"/>
</reaction>
<reaction formula="2C4H7-24=C4H8-1+C4H6-13">
<rate A=" 6.33000000E+014" B="-7.00000000E-001" E=" 0.00000000E+000"/>
</reaction>
<reaction formula="2C4H7-24=C4H8-2+C4H6-13">
<rate A=" 6.87000000E+013" B="-3.50000000E-001" E="-1.30000000E+002"/>
</reaction>
<reaction formula="C4H6-13+H=C4H7-14">
<rate A=" 5.70000000E+013" B=" 0.00000000E+000" E=" 4.30000000E+003"/>
</reaction>
<reaction formula="CH3C[OH]C2H5+C4H7-14=sBuOH+C4H6-13">
<rate A=" 1.14011720E+013" B="-7.10000000E-002" E="-2.16667000E+000"/>
</reaction>
<reaction formula="CH3CH[OH]CHCH3+C4H7-14=sBuOH+C4H6-13">
<rate A=" 1.14011720E+013" B="-7.10000000E-002" E="-2.16667000E+000"/>
</reaction>
<reaction formula="CH3CH[O]C2H5+C4H7-14=sBuOH+C4H6-13">
<rate A=" 1.14011720E+013" B="-7.10000000E-002" E="-2.16667000E+000"/>
</reaction>
<reaction formula="CH2CH[OH]C2H5+C4H7-14=sBuOH+C4H6-13">
<rate A=" 1.14011720E+013" B="-7.10000000E-002" E="-2.16667000E+000"/>
</reaction>
<reaction formula="CH3CH[OH]CH2CH2+C4H7-14=sBuOH+C4H6-13">
<rate A=" 1.14011720E+013" B="-7.10000000E-002" E="-2.16667000E+000"/>
</reaction>
<reaction formula="H+C4H7-14=H2+C4H6-13">
<rate A=" 1.14011720E+013" B="-7.10000000E-002" E="-2.16667000E+000"/>
</reaction>
<reaction formula="C4H7-14+C4H7-24=C4H8-1+C4H6-13">
<rate A=" 6.90000000E+013" B="-3.50000000E-001" E=" 0.00000000E+000"/>
</reaction>
<reaction formula="C4H7-24+C4H7-14=C4H8-2+C4H6-13">
<rate A=" 1.14011720E+013" B="-7.10000000E-002" E="-2.16667000E+000"/>
</reaction>
<reaction formula="2C4H7-14=C4H8-1+C4H6-13">
<rate A=" 1.14011720E+013" B="-7.10000000E-002" E="-2.16667000E+000"/>
</reaction>
<reaction formula="C2H3+C4H7-24=C2H4+C4H6-13">
<rate A=" 4.56000000E+014" B="-7.00000000E-001" E=" 0.00000000E+000"/>
</reaction>
<reaction formula="C2H3+C4H7-14=C2H4+C4H6-13">
<rate A=" 1.14011720E+013" B="-7.10000000E-002" E="-2.16667000E+000"/>
</reaction>
<reaction formula="CH3CH[OH]CH2=CH3C[OH]CH3">
<rate A=" 1.10747490E+010" B=" 8.55000000E-001" E=" 3.75750000E+004"/>
</reaction>
<reaction formula="CH3C[OH]CH3+CH2CH[OH]C2H5=H2CCCH3[OH]+sBuOH">
<rate A=" 1.38000000E+014" B="-3.50000000E-001" E=" 0.00000000E+000"/>
</reaction>
<reaction formula="CH3C[OH]CH3+CH3C[OH]C2H5=H2CCCH3[OH]+sBuOH">
<rate A=" 1.71600000E+016" B="-1.10000000E+000" E=" 0.00000000E+000"/>
</reaction>
<reaction formula="CH3C[OH]CH3+CH3CH[OH]CHCH3=H2CCCH3[OH]+sBuOH">
<rate A=" 1.26600000E+015" B="-7.00000000E-001" E=" 0.00000000E+000"/>
</reaction>
<reaction formula="CH3C[OH]CH3+CH3CH[OH]CH2CH2=H2CCCH3[OH]+sBuOH">
<rate A=" 1.38000000E+014" B="-3.50000000E-001" E=" 0.00000000E+000"/>
</reaction>
<reaction formula="CH3C[OH]CH3+CH3CH[O]C2H5=H2CCCH3[OH]+sBuOH">
<rate A=" 1.44600000E+014" B=" 0.00000000E+000" E=" 0.00000000E+000"/>
</reaction>
<reaction formula="CH3C[OH]CH3+H=H2CCCH3[OH]+H2">
<rate A=" 2.16600000E+013" B=" 0.00000000E+000" E=" 0.00000000E+000"/>
</reaction>
<reaction formula="CH3C[OH]CH3+C4H7-24=H2CCCH3[OH]+C4H8-1">
<rate A=" 1.26600000E+015" B="-7.00000000E-001" E=" 0.00000000E+000"/>
</reaction>
<reaction formula="CH3C[OH]CH3+C4H7-14=H2CCCH3[OH]+C4H8-1">
<rate A=" 1.38000000E+014" B="-3.50000000E-001" E=" 0.00000000E+000"/>
</reaction>
<reaction formula="CH3C[OH]CH3+C2H3=H2CCCH3[OH]+C2H4">
<rate A=" 9.12000000E+014" B="-7.00000000E-001" E=" 0.00000000E+000"/>
</reaction>
<reaction formula="CH3C[OH]CH3+CH3=H2CCCH3[OH]+CH4">
<rate A=" 1.31400000E+015" B="-6.80000000E-001" E=" 0.00000000E+000"/>
</reaction>
<reaction formula="CH3C[OH]CH3+C4H7-24=H2CCCH3[OH]+C4H8-2">
<rate A=" 1.37400000E+014" B="-3.50000000E-001" E="-1.30000000E+002"/>
</reaction>
<reaction formula="CH3C[OH]CH3+C2H5=H2CCCH3[OH]+C2H6">
<rate A=" 1.38000000E+014" B="-3.50000000E-001" E=" 0.00000000E+000"/>
</reaction>
<reaction formula="CH3C[OH]C2H5+CH3C[OH]CH3=sBuOH+acetone">
<rate A=" 3.47000000E+014" B="-7.50000000E-001" E=" 0.00000000E+000"/>
</reaction>
<reaction formula="CH3CH[OH]CHCH3+CH3C[OH]CH3=sBuOH+acetone">
<rate A=" 2.35000000E+012" B=" 0.00000000E+000" E=" 0.00000000E+000"/>
</reaction>
<reaction formula="CH3CH[O]C2H5+CH3C[OH]CH3=sBuOH+acetone">
<rate A=" 2.41000000E+013" B=" 0.00000000E+000" E=" 0.00000000E+000"/>
</reaction>
<reaction formula="CH2CH[OH]C2H5+CH3C[OH]CH3=sBuOH+acetone">
<rate A=" 2.41000000E+012" B=" 0.00000000E+000" E=" 0.00000000E+000"/>
</reaction>
<reaction formula="CH3CH[OH]CH2CH2+CH3C[OH]CH3=sBuOH+acetone">
<rate A=" 2.41000000E+012" B=" 0.00000000E+000" E=" 0.00000000E+000"/>
</reaction>
<reaction formula="CH3+CH3C[OH]CH3=CH4+acetone">
<rate A=" 2.41000000E+012" B=" 0.00000000E+000" E=" 0.00000000E+000"/>
</reaction>
<reaction formula="C2H5+CH3C[OH]CH3=C2H6+acetone">
<rate A=" 2.41000000E+012" B=" 0.00000000E+000" E=" 0.00000000E+000"/>
</reaction>
<reaction formula="OH+CH3C[OH]CH3=H2O+acetone">
<rate A=" 2.41000000E+013" B=" 0.00000000E+000" E=" 0.00000000E+000"/>
</reaction>
<reaction formula="H+CH3C[OH]CH3=H2+acetone">
<rate A=" 6.03000000E+012" B=" 0.00000000E+000" E=" 0.00000000E+000"/>
</reaction>
<reaction formula="C4H7-24+CH3C[OH]CH3=C4H8-1+acetone">
<rate A=" 2.35000000E+012" B=" 0.00000000E+000" E=" 0.00000000E+000"/>
</reaction>
<reaction formula="C4H7-24+CH3C[OH]CH3=C4H8-2+acetone">
<rate A=" 1.81000000E+013" B=" 0.00000000E+000" E=" 0.00000000E+000"/>
</reaction>
<reaction formula="C4H7-14+CH3C[OH]CH3=C4H8-1+acetone">
<rate A=" 2.41000000E+012" B=" 0.00000000E+000" E=" 0.00000000E+000"/>
</reaction>
<reaction formula="C2H3+CH3C[OH]CH3=C2H4+acetone">
<rate A=" 3.01000000E+013" B=" 0.00000000E+000" E=" 0.00000000E+000"/>
</reaction>
<reaction formula="pC3H5+sBuOH=C3H6+CH3C[OH]C2H5">
<rate A=" 8.95000000E+013" B=" 0.00000000E+000" E=" 6.20000000E+003"/>
</reaction>
<reaction formula="pC3H5+sBuOH=C3H6+CH3CH[OH]CHCH3">
<rate A=" 1.02000000E+003" B=" 3.10000000E+000" E=" 8.82000000E+003"/>
</reaction>
<reaction formula="pC3H5+sBuOH=C3H6+CH3CH[O]C2H5">
<rate A=" 1.44000000E+001" B=" 3.10000000E+000" E=" 6.94000000E+003"/>
</reaction>
<reaction formula="pC3H5+sBuOH=C3H6+CH2CH[OH]C2H5">
<rate A=" 1.51079110E+013" B=" 0.00000000E+000" E=" 9.17500000E+003"/>
</reaction>
<reaction formula="pC3H5+sBuOH=C3H6+CH3CH[OH]CH2CH2">
<rate A=" 1.51079110E+013" B=" 0.00000000E+000" E=" 9.17500000E+003"/>
</reaction>
<reaction formula="pC3H5+C2H6=C3H6+C2H5">
<rate A=" 3.02158220E+013" B=" 0.00000000E+000" E=" 9.17500000E+003"/>
</reaction>
<reaction formula="C2H5O-2+pC3H5=C2H4O+C3H6">
<rate A=" 4.56000000E+014" B="-7.00000000E-001" E=" 0.00000000E+000"/>
</reaction>
<reaction formula="C3H7-1+pC3H5=2C3H6">
<rate A=" 2.42000000E+012" B=" 0.00000000E+000" E=" 0.00000000E+000"/>
</reaction>
<reaction formula="C2H5O-2+pC3H5=CH3CHO+C3H6">
<rate A=" 3.01000000E+013" B=" 0.00000000E+000" E=" 0.00000000E+000"/>
</reaction>
<reaction formula="CH3CH[OH]CH2+pC3H5=H2CCCH3[OH]+C3H6">
<rate A=" 8.43000000E+011" B=" 0.00000000E+000" E=" 0.00000000E+000"/>
</reaction>
<reaction formula="CH3C[OH]CH3+pC3H5=H2CCCH3[OH]+C3H6">
<rate A=" 9.12000000E+014" B="-7.00000000E-001" E=" 0.00000000E+000"/>
</reaction>
<reaction formula="pC3H5+OH=C3H6O-enol">
<rate A=" 1.41571540E+013" B="-1.50000000E-001" E=" 2.91666670E+002"/>
</reaction>
<reaction formula="HOCHC2H5+pC3H5=C3H6O-enol+C3H6">
<rate A=" 2.42000000E+012" B=" 0.00000000E+000" E=" 0.00000000E+000"/>
</reaction>
<reaction formula="C2H5+pC3H5=C2H4+C3H6">
<rate A=" 4.56000000E+014" B="-7.00000000E-001" E=" 0.00000000E+000"/>
</reaction>
<reaction formula="CH3+pC3H5=C4H8-2">
<rate A=" 7.23000000E+013" B=" 0.00000000E+000" E=" 0.00000000E+000"/>
</reaction>
<reaction formula="pC3H5+C4H8-1=C3H6+C4H7-24">
<rate A=" 1.02000000E+003" B=" 3.10000000E+000" E=" 8.82000000E+003"/>
</reaction>
<reaction formula="pC3H5+C4H8-2=C3H6+C4H7-24">
<rate A=" 4.63800000E+013" B=" 0.00000000E+000" E=" 7.50000000E+003"/>
</reaction>
<reaction formula="pC3H5+C4H8-1=C3H6+C4H7-14">
<rate A=" 1.51079110E+013" B=" 0.00000000E+000" E=" 9.17500000E+003"/>
</reaction>
<reaction formula="pC3H5+C2H4=C3H6+C2H3">
<rate A=" 5.88000000E+013" B=" 0.00000000E+000" E=" 1.31000000E+004"/>
</reaction>
<reaction formula="C4H7-24+pC3H5=C4H6-13+C3H6">
<rate A=" 4.56000000E+014" B="-7.00000000E-001" E=" 0.00000000E+000"/>
</reaction>
<reaction formula="C4H7-14+pC3H5=C4H6-13+C3H6">
<rate A=" 1.14011720E+013" B="-7.10000000E-002" E="-2.16667000E+000"/>
</reaction>
<reaction formula="CH3C[OH]CH3+pC3H5=acetone+C3H6">
<rate A=" 3.01000000E+013" B=" 0.00000000E+000" E=" 0.00000000E+000"/>
</reaction>
<reaction formula="CH3CHO+CH3C[OH]C2H5=CH3CO+sBuOH">
<rate A=" 1.05337550E+008" B=" 1.14500000E+000" E=" 6.32500000E+003"/>
</reaction>
<reaction formula="CH3CHO+CH3CH[OH]CHCH3=CH3CO+sBuOH">
<rate A=" 1.05337550E+008" B=" 1.14500000E+000" E=" 6.32500000E+003"/>
</reaction>
<reaction formula="CH3CHO+CH3CH[O]C2H5=CH3CO+sBuOH">
<rate A=" 3.01000000E+012" B=" 0.00000000E+000" E=" 1.19200000E+004"/>
</reaction>
<reaction formula="CH3CHO+CH2CH[OH]C2H5=CH3CO+sBuOH">
<rate A=" 3.80000000E+011" B=" 0.00000000E+000" E=" 7.21000000E+003"/>
</reaction>
<reaction formula="CH3CHO+CH3CH[OH]CH2CH2=CH3CO+sBuOH">
<rate A=" 3.80000000E+011" B=" 0.00000000E+000" E=" 7.21000000E+003"/>
</reaction>
<reaction formula="CH3CO+H=CH3CHO">
<rate A=" 1.41571540E+013" B="-1.50000000E-001" E=" 2.91666670E+002"/>
</reaction>
<reaction formula="C2H5O-2+CH3CO=C2H4O+CH3CHO">
<rate A=" 7.06523420E+013" B="-2.29720000E-001" E="-1.80556000E+000"/>
</reaction>
<reaction formula="C3H7-1+CH3CO=C3H6+CH3CHO">
<rate A=" 1.14011720E+013" B="-7.10000000E-002" E="-2.16667000E+000"/>
</reaction>
<reaction formula="C2H5O-2+CH3CO=2CH3CHO">
<rate A=" 1.81000000E+014" B=" 0.00000000E+000" E=" 0.00000000E+000"/>
</reaction>
<reaction formula="CH3CH[OH]CH2+CH3CO=H2CCCH3[OH]+CH3CHO">
<rate A=" 3.52189320E+012" B="-7.10000000E-002" E="-2.16667000E+000"/>
</reaction>
<reaction formula="CH3C[OH]CH3+CH3CO=H2CCCH3[OH]+CH3CHO">
<rate A=" 1.41304680E+014" B="-2.29720000E-001" E="-1.80556000E+000"/>
</reaction>
<reaction formula="HOCHC2H5+CH3CO=C3H6O-enol+CH3CHO">
<rate A=" 1.14011720E+013" B="-7.10000000E-002" E="-2.16667000E+000"/>
</reaction>
<reaction formula="C2H5+CH3CO=C2H4+CH3CHO">
<rate A=" 7.06523420E+013" B="-2.29720000E-001" E="-1.80556000E+000"/>
</reaction>
<reaction formula="CH3CO+C4H8-1=CH3CHO+C4H7-24">
<rate A=" 7.56571210E+006" B=" 1.95000000E+000" E=" 1.66250000E+004"/>
</reaction>
<reaction formula="CH3CO+C4H8-2=CH3CHO+C4H7-24">
<rate A=" 2.91580250E+004" B=" 2.73500000E+000" E=" 1.78850000E+004"/>
</reaction>
<reaction formula="CH3CHO+C4H7-14=CH3CO+C4H8-1">
<rate A=" 3.80000000E+011" B=" 0.00000000E+000" E=" 7.21000000E+003"/>
</reaction>
<reaction formula="C4H7-24+CH3CO=C4H6-13+CH3CHO">
<rate A=" 7.06523420E+013" B="-2.29720000E-001" E="-1.80556000E+000"/>
</reaction>
<reaction formula="C4H7-14+CH3CO=C4H6-13+CH3CHO">
<rate A=" 1.14011720E+013" B="-7.10000000E-002" E="-2.16667000E+000"/>
</reaction>
<reaction formula="CH3+CH3CO=acetone">
<rate A=" 4.04000000E+015" B="-8.00000000E-001" E=" 0.00000000E+000"/>
</reaction>
<reaction formula="CH3C[OH]CH3+CH3CO=acetone+CH3CHO">
<rate A=" 1.81000000E+014" B=" 0.00000000E+000" E=" 0.00000000E+000"/>
</reaction>
<reaction formula="CH3CHO+pC3H5=CH3CO+C3H6">
<rate A=" 8.13000000E+010" B=" 0.00000000E+000" E=" 3.68000000E+003"/>
</reaction>
<reaction formula="CH2CO+H=CH3CO">
<rate A=" 1.88332590E+013" B=" 0.00000000E+000" E=" 2.90000000E+003"/>
</reaction>
<reaction formula="CH3C[OH]C2H5+CH3CO=sBuOH+CH2CO">
<rate A=" 7.06523420E+013" B="-2.29720000E-001" E="-1.80556000E+000"/>
</reaction>
<reaction formula="CH3CH[OH]CHCH3+CH3CO=sBuOH+CH2CO">
<rate A=" 7.06523420E+013" B="-2.29720000E-001" E="-1.80556000E+000"/>
</reaction>
<reaction formula="CH3CH[O]C2H5+CH3CO=sBuOH+CH2CO">
<rate A=" 7.06523420E+013" B="-2.29720000E-001" E="-1.80556000E+000"/>
</reaction>
<reaction formula="CH2CH[OH]C2H5+CH3CO=sBuOH+CH2CO">
<rate A=" 7.06523420E+013" B="-2.29720000E-001" E="-1.80556000E+000"/>
</reaction>
<reaction formula="CH3CH[OH]CH2CH2+CH3CO=sBuOH+CH2CO">
<rate A=" 7.06523420E+013" B="-2.29720000E-001" E="-1.80556000E+000"/>
</reaction>
<reaction formula="CH3+CH3CO=CH4+CH2CO">
<rate A=" 7.06523420E+013" B="-2.29720000E-001" E="-1.80556000E+000"/>
</reaction>
<reaction formula="C2H5+CH3CO=C2H6+CH2CO">
<rate A=" 7.06523420E+013" B="-2.29720000E-001" E="-1.80556000E+000"/>
</reaction>
<reaction formula="OH+CH3CO=H2O+CH2CO">
<rate A=" 7.06523420E+013" B="-2.29720000E-001" E="-1.80556000E+000"/>
</reaction>
<reaction formula="H+CH3CO=H2+CH2CO">
<rate A=" 7.06523420E+013" B="-2.29720000E-001" E="-1.80556000E+000"/>
</reaction>
<reaction formula="C4H7-24+CH3CO=C4H8-1+CH2CO">
<rate A=" 7.06523420E+013" B="-2.29720000E-001" E="-1.80556000E+000"/>
</reaction>
<reaction formula="C4H7-24+CH3CO=C4H8-2+CH2CO">
<rate A=" 7.06523420E+013" B="-2.29720000E-001" E="-1.80556000E+000"/>
</reaction>
<reaction formula="C4H7-14+CH3CO=C4H8-1+CH2CO">
<rate A=" 7.06523420E+013" B="-2.29720000E-001" E="-1.80556000E+000"/>
</reaction>
<reaction formula="C2H3+CH3CO=C2H4+CH2CO">
<rate A=" 7.06523420E+013" B="-2.29720000E-001" E="-1.80556000E+000"/>
</reaction>
<reaction formula="pC3H5+CH3CO=C3H6+CH2CO">
<rate A=" 7.06523420E+013" B="-2.29720000E-001" E="-1.80556000E+000"/>
</reaction>
<reaction formula="2CH3CO=CH3CHO+CH2CO">
<rate A=" 7.06523420E+013" B="-2.29720000E-001" E="-1.80556000E+000"/>
</reaction>
<reaction formula="C4H6-13+CH3=C2H5CHCHCH2">
<rate A=" 1.46000000E+013" B=" 0.00000000E+000" E=" 5.70000000E+003"/>
</reaction>
<reaction formula="H2CCCH3[OH]+CH3C[OH]C2H5=CH2C[OH]CH2+sBuOH">
<rate A=" 9.54000000E+012" B=" 0.00000000E+000" E=" 1.12000000E+004"/>
</reaction>
<reaction formula="H2CCCH3[OH]+CH3CH[OH]CHCH3=CH2C[OH]CH2+sBuOH">
<rate A=" 8.61000000E+011" B=" 0.00000000E+000" E=" 1.23000000E+004"/>
</reaction>
<reaction formula="H2CCCH3[OH]+CH3CH[O]C2H5=CH2C[OH]CH2+sBuOH">
<rate A=" 3.44820170E+007" B=" 1.75000000E+000" E=" 3.78937500E+003"/>
</reaction>
<reaction formula="H2CCCH3[OH]+CH2CH[OH]C2H5=CH2C[OH]CH2+sBuOH">
<rate A=" 1.68000000E+012" B=" 0.00000000E+000" E=" 1.24000000E+004"/>
</reaction>
<reaction formula="H2CCCH3[OH]+CH3CH[OH]CH2CH2=CH2C[OH]CH2+sBuOH">
<rate A=" 1.68000000E+012" B=" 0.00000000E+000" E=" 1.24000000E+004"/>
</reaction>
<reaction formula="H2CCCH3[OH]+CH3=CH2C[OH]CH2+CH4">
<rate A=" 2.41200000E+002" B=" 2.92000000E+000" E=" 7.16000000E+003"/>
</reaction>
<reaction formula="H2CCCH3[OH]+C2H5=CH2C[OH]CH2+C2H6">
<rate A=" 1.68000000E+012" B=" 0.00000000E+000" E=" 1.24000000E+004"/>
</reaction>
<reaction formula="H2CCCH3[OH]+OH=CH2C[OH]CH2+H2O">
<rate A=" 3.44820170E+007" B=" 1.75000000E+000" E=" 3.78937500E+003"/>
</reaction>
<reaction formula="H2CCCH3[OH]+H=CH2C[OH]CH2+H2">
<rate A=" 1.29900000E+005" B=" 2.38000000E+000" E=" 2.80000000E+003"/>
</reaction>
<reaction formula="C2H5O-2+CH2C[OH]CH2=C2H4O+H2CCCH3[OH]">
<rate A=" 6.87000000E+013" B="-3.50000000E-001" E="-1.30000000E+002"/>
</reaction>
<reaction formula="C3H7-1+CH2C[OH]CH2=C3H6+H2CCCH3[OH]">
<rate A=" 2.90000000E+012" B=" 0.00000000E+000" E="-1.30000000E+002"/>
</reaction>
<reaction formula="C2H5O-2+CH2C[OH]CH2=CH3CHO+H2CCCH3[OH]">
<rate A=" 1.81000000E+013" B=" 0.00000000E+000" E=" 0.00000000E+000"/>
</reaction>
<reaction formula="CH3CH[OH]CH2+CH2C[OH]CH2=2H2CCCH3[OH]">
<rate A=" 7.83000000E+011" B=" 0.00000000E+000" E="-1.30000000E+002"/>
</reaction>
<reaction formula="CH3C[OH]CH3+CH2C[OH]CH2=2H2CCCH3[OH]">
<rate A=" 1.37400000E+014" B="-3.50000000E-001" E="-1.30000000E+002"/>
</reaction>
<reaction formula="HOCHC2H5+CH2C[OH]CH2=C3H6O-enol+H2CCCH3[OH]">
<rate A=" 2.90000000E+012" B=" 0.00000000E+000" E="-1.30000000E+002"/>
</reaction>
<reaction formula="C2H5+CH2C[OH]CH2=C2H4+H2CCCH3[OH]">
<rate A=" 6.87000000E+013" B="-3.50000000E-001" E="-1.30000000E+002"/>
</reaction>
<reaction formula="CH2C[OH]CH2+C4H8-1=H2CCCH3[OH]+C4H7-24">
<rate A=" 3.03978820E+006" B=" 1.88583000E+000" E=" 9.44833333E+003"/>
</reaction>
<reaction formula="CH2C[OH]CH2+C4H8-2=H2CCCH3[OH]+C4H7-24">
<rate A=" 3.46800000E+013" B=" 0.00000000E+000" E=" 2.14000000E+004"/>
</reaction>
<reaction formula="H2CCCH3[OH]+C4H7-14=CH2C[OH]CH2+C4H8-1">
<rate A=" 1.68000000E+012" B=" 0.00000000E+000" E=" 1.24000000E+004"/>
</reaction>
<reaction formula="H2CCCH3[OH]+C2H3=CH2C[OH]CH2+C2H4">
<rate A=" 2.31900000E+013" B=" 0.00000000E+000" E=" 7.50000000E+003"/>
</reaction>
<reaction formula="C4H7-24+CH2C[OH]CH2=C4H6-13+H2CCCH3[OH]">
<rate A=" 6.87000000E+013" B="-3.50000000E-001" E="-1.30000000E+002"/>
</reaction>
<reaction formula="C4H7-14+CH2C[OH]CH2=C4H6-13+H2CCCH3[OH]">
<rate A=" 1.14011720E+013" B="-7.10000000E-002" E="-2.16667000E+000"/>
</reaction>
<reaction formula="CH3C[OH]CH3+CH2C[OH]CH2=acetone+H2CCCH3[OH]">
<rate A=" 1.81000000E+013" B=" 0.00000000E+000" E=" 0.00000000E+000"/>
</reaction>
<reaction formula="H2CCCH3[OH]+pC3H5=CH2C[OH]CH2+C3H6">
<rate A=" 2.31900000E+013" B=" 0.00000000E+000" E=" 7.50000000E+003"/>
</reaction>
<reaction formula="H2CCCH3[OH]+CH3CO=CH2C[OH]CH2+CH3CHO">
<rate A=" 1.45790120E+004" B=" 2.73500000E+000" E=" 1.78850000E+004"/>
</reaction>
<reaction formula="CH3CO+CH2C[OH]CH2=CH2CO+H2CCCH3[OH]">
<rate A=" 7.06523420E+013" B="-2.29720000E-001" E="-1.80556000E+000"/>
</reaction>
<reaction formula="H2CCCH3[OH]+CH3C[OH]C2H5=CH2C[O]CH3+sBuOH">
<rate A=" 1.48672170E+003" B=" 2.38600000E+000" E=" 9.69000000E+003"/>
</reaction>
<reaction formula="H2CCCH3[OH]+CH3CH[OH]CHCH3=CH2C[O]CH3+sBuOH">
<rate A=" 1.48672170E+003" B=" 2.38600000E+000" E=" 9.69000000E+003"/>
</reaction>
<reaction formula="H2CCCH3[OH]+CH3CH[O]C2H5=CH2C[O]CH3+sBuOH">
<rate A=" 1.73000000E+001" B=" 3.40000000E+000" E="-1.14000000E+003"/>
</reaction>
<reaction formula="H2CCCH3[OH]+CH2CH[OH]C2H5=CH2C[O]CH3+sBuOH">
<rate A=" 1.48672170E+003" B=" 2.38600000E+000" E=" 9.69000000E+003"/>
</reaction>
<reaction formula="H2CCCH3[OH]+CH3CH[OH]CH2CH2=CH2C[O]CH3+sBuOH">
<rate A=" 1.48672170E+003" B=" 2.38600000E+000" E=" 9.69000000E+003"/>
</reaction>
<reaction formula="H2CCCH3[OH]+CH3=CH2C[O]CH3+CH4">
<rate A=" 1.07000000E+004" B=" 2.04000000E+000" E=" 1.88500000E+004"/>
</reaction>
<reaction formula="H2CCCH3[OH]+C2H5=CH2C[O]CH3+C2H6">
<rate A=" 1.48672170E+003" B=" 2.38600000E+000" E=" 9.69000000E+003"/>
</reaction>
<reaction formula="H2CCCH3[OH]+OH=CH2C[O]CH3+H2O">
<rate A=" 1.73000000E+001" B=" 3.40000000E+000" E="-1.14000000E+003"/>
</reaction>
<reaction formula="H2CCCH3[OH]+H=CH2C[O]CH3+H2">
<rate A=" 1.30000000E+011" B=" 8.20000000E-001" E=" 7.75000000E+003"/>
</reaction>
<reaction formula="C2H5O-2+CH2C[O]CH3=C2H4O+H2CCCH3[OH]">
<rate A=" 7.23000000E+013" B=" 0.00000000E+000" E=" 0.00000000E+000"/>
</reaction>
<reaction formula="C3H7-1+CH2C[O]CH3=C3H6+H2CCCH3[OH]">
<rate A=" 4.82000000E+013" B=" 0.00000000E+000" E=" 0.00000000E+000"/>
</reaction>
<reaction formula="C2H5O-2+CH2C[O]CH3=CH3CHO+H2CCCH3[OH]">
<rate A=" 1.70765920E+013" B=" 0.00000000E+000" E=" 0.00000000E+000"/>
</reaction>
<reaction formula="CH3CH[OH]CH2+CH2C[O]CH3=2H2CCCH3[OH]">
<rate A=" 1.21000000E+013" B=" 0.00000000E+000" E=" 0.00000000E+000"/>
</reaction>
<reaction formula="HOCHC2H5+CH2C[O]CH3=C3H6O-enol+H2CCCH3[OH]">
<rate A=" 4.82000000E+013" B=" 0.00000000E+000" E=" 0.00000000E+000"/>
</reaction>
<reaction formula="C2H5+CH2C[O]CH3=C2H4+H2CCCH3[OH]">
<rate A=" 7.23000000E+013" B=" 0.00000000E+000" E=" 0.00000000E+000"/>
</reaction>
<reaction formula="CH2C[O]CH3+C4H8-1=H2CCCH3[OH]+C4H7-24">
<rate A=" 1.17292680E+009" B=" 9.50000000E-001" E=" 1.06440000E+004"/>
</reaction>
<reaction formula="CH2C[O]CH3+C4H8-2=H2CCCH3[OH]+C4H7-24">
<rate A=" 1.89640340E+006" B=" 1.75000000E+000" E=" 1.07893750E+004"/>
</reaction>
<reaction formula="H2CCCH3[OH]+C4H7-14=CH2C[O]CH3+C4H8-1">
<rate A=" 1.48672170E+003" B=" 2.38600000E+000" E=" 9.69000000E+003"/>
</reaction>
<reaction formula="H2CCCH3[OH]+C2H3=CH2C[O]CH3+C2H4">
<rate A=" 1.44000000E+001" B=" 3.10000000E+000" E=" 6.94000000E+003"/>
</reaction>
<reaction formula="C4H7-24+CH2C[O]CH3=C4H6-13+H2CCCH3[OH]">
<rate A=" 7.23000000E+013" B=" 0.00000000E+000" E=" 0.00000000E+000"/>
</reaction>
<reaction formula="C4H7-14+CH2C[O]CH3=C4H6-13+H2CCCH3[OH]">
<rate A=" 1.14011720E+013" B="-7.10000000E-002" E="-2.16667000E+000"/>
</reaction>
<reaction formula="CH2C[O]CH3+sBuOH=acetone+CH3C[OH]C2H5">
<rate A=" 1.88068160E+010" B=" 8.36670000E-001" E=" 1.51866667E+004"/>
</reaction>
<reaction formula="CH2C[O]CH3+sBuOH=acetone+CH3CH[OH]CHCH3">
<rate A=" 4.31314270E+002" B=" 2.80500000E+000" E=" 1.10400000E+004"/>
</reaction>
<reaction formula="acetone+CH3CH[O]C2H5=CH2C[O]CH3+sBuOH">
<rate A=" 6.89640340E+007" B=" 1.75000000E+000" E=" 3.78937500E+003"/>
</reaction>
<reaction formula="CH2C[O]CH3+sBuOH=acetone+CH2CH[OH]C2H5">
<rate A=" 1.97700000E+003" B=" 2.71000000E+000" E=" 1.29200000E+004"/>
</reaction>
<reaction formula="CH2C[O]CH3+sBuOH=acetone+CH3CH[OH]CH2CH2">
<rate A=" 1.97700000E+003" B=" 2.71000000E+000" E=" 1.29200000E+004"/>
</reaction>
<reaction formula="acetone+CH3=CH2C[O]CH3+CH4">
<rate A=" 1.88149060E+006" B=" 1.75273000E+000" E=" 1.75321212E+004"/>
</reaction>
<reaction formula="CH2C[O]CH3+C2H6=acetone+C2H5">
<rate A=" 3.95400000E+003" B=" 2.71000000E+000" E=" 1.29200000E+004"/>
</reaction>
<reaction formula="acetone+OH=CH2C[O]CH3+H2O">
<rate A=" 3.10200000E+006" B=" 2.20000000E+000" E=" 7.00000000E+003"/>
</reaction>
<reaction formula="acetone+H=CH2C[O]CH3+H2">
<rate A=" 4.55143360E+005" B=" 2.31000000E+000" E=" 7.94750000E+003"/>
</reaction>
<reaction formula="CH2C[O]CH3+C4H8-1=acetone+C4H7-24">
<rate A=" 3.03978820E+006" B=" 1.88583000E+000" E=" 9.44833333E+003"/>
</reaction>
<reaction formula="CH2C[O]CH3+C4H8-2=acetone+C4H7-24">
<rate A=" 1.74346380E+013" B=" 0.00000000E+000" E=" 1.73333333E+004"/>
</reaction>
<reaction formula="CH2C[O]CH3+C4H8-1=acetone+C4H7-14">
<rate A=" 1.97700000E+003" B=" 2.71000000E+000" E=" 1.29200000E+004"/>
</reaction>
<reaction formula="acetone+C2H3=CH2C[O]CH3+C2H4">
<rate A=" 3.02158220E+013" B=" 0.00000000E+000" E=" 1.81750000E+004"/>
</reaction>
<reaction formula="C2H5O-2+CH2C[O]CH3=C2H4O+acetone">
<rate A=" 3.45097360E+013" B="-2.33330000E-001" E="-4.33333300E+001"/>
</reaction>
<reaction formula="C3H7-1+CH2C[O]CH3=C3H6+acetone">
<rate A=" 2.00889700E+012" B=" 0.00000000E+000" E="-4.33333300E+001"/>
</reaction>
<reaction formula="C2H5O-2+CH2C[O]CH3=CH3CHO+acetone">
<rate A=" 5.94631010E+012" B=" 0.00000000E+000" E=" 0.00000000E+000"/>
</reaction>
<reaction formula="CH3C[OH]CH3+CH2C[O]CH3=acetone+H2CCCH3[OH]">
<rate A=" 1.70765920E+013" B=" 0.00000000E+000" E=" 0.00000000E+000"/>
</reaction>
<reaction formula="CH3CH[OH]CH2+CH2C[O]CH3=H2CCCH3[OH]+acetone">
<rate A=" 5.41837170E+011" B=" 0.00000000E+000" E="-4.33333300E+001"/>
</reaction>
<reaction formula="HOCHC2H5+CH2C[O]CH3=C3H6O-enol+acetone">
<rate A=" 2.00889700E+012" B=" 0.00000000E+000" E="-4.33333300E+001"/>
</reaction>
<reaction formula="C2H5+CH2C[O]CH3=C2H4+acetone">
<rate A=" 3.45097360E+013" B="-2.33330000E-001" E="-4.33333300E+001"/>
</reaction>
<reaction formula="C4H7-24+CH2C[O]CH3=C4H6-13+acetone">
<rate A=" 3.45097360E+013" B="-2.33330000E-001" E="-4.33333300E+001"/>
</reaction>
<reaction formula="C4H7-14+CH2C[O]CH3=C4H6-13+acetone">
<rate A=" 1.14011720E+013" B="-7.10000000E-002" E="-2.16667000E+000"/>
</reaction>
<reaction formula="CH3C[OH]CH3+CH2C[O]CH3=2acetone">
<rate A=" 5.94631010E+012" B=" 0.00000000E+000" E=" 0.00000000E+000"/>
</reaction>
<reaction formula="H2CCCH3[OH]+pC3H5=CH2C[O]CH3+C3H6">
<rate A=" 1.44000000E+001" B=" 3.10000000E+000" E=" 6.94000000E+003"/>
</reaction>
<reaction formula="acetone+pC3H5=CH2C[O]CH3+C3H6">
<rate A=" 3.02158220E+013" B=" 0.00000000E+000" E=" 9.17500000E+003"/>
</reaction>
<reaction formula="H2CCCH3[OH]+CH3CO=CH2C[O]CH3+CH3CHO">
<rate A=" 2.09547010E+005" B=" 2.07782000E+000" E=" 1.64570000E+004"/>
</reaction>
<reaction formula="CH2C[O]CH3+CH3CHO=acetone+CH3CO">
<rate A=" 3.80000000E+011" B=" 0.00000000E+000" E=" 7.21000000E+003"/>
</reaction>
<reaction formula="CH3CO+CH2C[O]CH3=CH2CO+H2CCCH3[OH]">
<rate A=" 7.06523420E+013" B="-2.29720000E-001" E="-1.80556000E+000"/>
</reaction>
<reaction formula="CH3CO+CH2C[O]CH3=CH2CO+acetone">
<rate A=" 7.06523420E+013" B="-2.29720000E-001" E="-1.80556000E+000"/>
</reaction>
<reaction formula="H2CCCH3[OH]+CH2C[OH]CH2=CH2C[O]CH3+H2CCCH3[OH]">
<rate A=" 1.48672170E+003" B=" 2.38600000E+000" E=" 9.69000000E+003"/>
</reaction>
<reaction formula="CH2C[O]CH3+H2CCCH3[OH]=acetone+CH2C[OH]CH2">
<rate A=" 8.71731910E+012" B=" 0.00000000E+000" E=" 1.73333333E+004"/>
</reaction>
<reaction formula="CH2C[O]CH3+H2CCCH3[OH]=acetone+CH2C[O]CH3">
<rate A=" 1.48672170E+003" B=" 2.38600000E+000" E=" 9.69000000E+003"/>
</reaction>
<reaction formula="C2H4O+CH3C[OH]C2H5=CH2CHO+sBuOH">
<rate A=" 1.48672170E+003" B=" 2.38600000E+000" E=" 9.69000000E+003"/>
</reaction>
<reaction formula="C2H4O+CH3CH[OH]CHCH3=CH2CHO+sBuOH">
<rate A=" 1.48672170E+003" B=" 2.38600000E+000" E=" 9.69000000E+003"/>
</reaction>
<reaction formula="C2H4O+CH3CH[O]C2H5=CH2CHO+sBuOH">
<rate A=" 1.73000000E+001" B=" 3.40000000E+000" E="-1.14000000E+003"/>
</reaction>
<reaction formula="C2H4O+CH2CH[OH]C2H5=CH2CHO+sBuOH">
<rate A=" 1.48672170E+003" B=" 2.38600000E+000" E=" 9.69000000E+003"/>
</reaction>
<reaction formula="C2H4O+CH3CH[OH]CH2CH2=CH2CHO+sBuOH">
<rate A=" 1.48672170E+003" B=" 2.38600000E+000" E=" 9.69000000E+003"/>
</reaction>
<reaction formula="C2H4O+CH3=CH2CHO+CH4">
<rate A=" 9.07000000E+004" B=" 2.04000000E+000" E=" 1.08500000E+004"/>
</reaction>
<reaction formula="C2H4O+C2H5=CH2CHO+C2H6">
<rate A=" 1.48672170E+003" B=" 2.38600000E+000" E=" 9.69000000E+003"/>
</reaction>
<reaction formula="C2H5O-2+CH2CHO=2C2H4O">
<rate A=" 7.23000000E+013" B=" 0.00000000E+000" E=" 0.00000000E+000"/>
</reaction>
<reaction formula="C2H4O+OH=CH2CHO+H2O">
<rate A=" 1.73000000E+001" B=" 3.40000000E+000" E="-1.14000000E+003"/>
</reaction>
<reaction formula="C2H4O+H=CH2CHO+H2">
<rate A=" 1.30000000E+011" B=" 8.20000000E-001" E=" 7.75000000E+003"/>
</reaction>
<reaction formula="CH2CHO+sBuOH=CH3CHO+CH3C[OH]C2H5">
<rate A=" 1.88068160E+010" B=" 8.36670000E-001" E=" 1.51866667E+004"/>
</reaction>
<reaction formula="CH2CHO+sBuOH=CH3CHO+CH3CH[OH]CHCH3">
<rate A=" 4.31314270E+002" B=" 2.80500000E+000" E=" 1.10400000E+004"/>
</reaction>
<reaction formula="CH3CHO+CH3CH[O]C2H5=CH2CHO+sBuOH">
<rate A=" 3.44820170E+007" B=" 1.75000000E+000" E=" 3.78937500E+003"/>
</reaction>
<reaction formula="CH3CHO+CH2CH[OH]C2H5=CH2CHO+sBuOH">
<rate A=" 9.40745320E+006" B=" 1.75273000E+000" E=" 1.25321212E+004"/>
</reaction>
<reaction formula="CH3CHO+CH3CH[OH]CH2CH2=CH2CHO+sBuOH">
<rate A=" 9.40745320E+006" B=" 1.75273000E+000" E=" 1.25321212E+004"/>
</reaction>
<reaction formula="CH3CHO+C2H5=CH2CHO+C2H6">
<rate A=" 9.40745320E+006" B=" 1.75273000E+000" E=" 1.25321212E+004"/>
</reaction>
<reaction formula="C2H5O-2+CH2CHO=CH3CHO+C2H4O">
<rate A=" 1.70765920E+013" B=" 0.00000000E+000" E=" 0.00000000E+000"/>
</reaction>
<reaction formula="C2H5O-2+CH2CHO=2CH3CHO">
<rate A=" 5.94631010E+012" B=" 0.00000000E+000" E=" 0.00000000E+000"/>
</reaction>
<reaction formula="CH3CH[OH]CH2+CH2CHO=H2CCCH3[OH]+C2H4O">
<rate A=" 1.21000000E+013" B=" 0.00000000E+000" E=" 0.00000000E+000"/>
</reaction>
<reaction formula="CH3C[OH]CH3+CH2CHO=H2CCCH3[OH]+C2H4O">
<rate A=" 1.44600000E+014" B=" 0.00000000E+000" E=" 0.00000000E+000"/>
</reaction>
<reaction formula="CH3CH[OH]CH2+CH2CHO=H2CCCH3[OH]+CH3CHO">
<rate A=" 5.41837170E+011" B=" 0.00000000E+000" E="-4.33333300E+001"/>
</reaction>
<reaction formula="CH3C[OH]CH3+CH2CHO=H2CCCH3[OH]+CH3CHO">
<rate A=" 6.90194730E+013" B="-2.33330000E-001" E="-4.33333300E+001"/>
</reaction>
<reaction formula="HOCHC2H5+CH2CHO=C3H6O-enol+C2H4O">
<rate A=" 4.82000000E+013" B=" 0.00000000E+000" E=" 0.00000000E+000"/>
</reaction>
<reaction formula="HOCHC2H5+CH2CHO=C3H6O-enol+CH3CHO">
<rate A=" 2.00889700E+012" B=" 0.00000000E+000" E="-4.33333300E+001"/>
</reaction>
<reaction formula="C2H5+CH2CHO=C2H4+CH3CHO">
<rate A=" 3.45097360E+013" B="-2.33330000E-001" E="-4.33333300E+001"/>
</reaction>
<reaction formula="CH2CHO+C4H8-1=C2H4O+C4H7-24">
<rate A=" 3.17292680E+009" B=" 9.50000000E-001" E=" 1.56440000E+004"/>
</reaction>
<reaction formula="CH2CHO+C4H8-1=CH3CHO+C4H7-24">
<rate A=" 3.03978820E+006" B=" 1.88583000E+000" E=" 9.44833333E+003"/>
</reaction>
<reaction formula="C2H4O+C4H7-24=CH2CHO+C4H8-2">
<rate A=" 1.48672170E+003" B=" 2.38600000E+000" E=" 9.69000000E+003"/>
</reaction>
<reaction formula="CH2CHO+C4H8-2=CH3CHO+C4H7-24">
<rate A=" 1.74346380E+013" B=" 0.00000000E+000" E=" 1.73333333E+004"/>
</reaction>
<reaction formula="C2H4O+C4H7-14=CH2CHO+C4H8-1">
<rate A=" 1.48672170E+003" B=" 2.38600000E+000" E=" 9.69000000E+003"/>
</reaction>
<reaction formula="CH3CHO+C4H7-14=CH2CHO+C4H8-1">
<rate A=" 9.40745320E+006" B=" 1.75273000E+000" E=" 1.25321212E+004"/>
</reaction>
<reaction formula="C2H4O+C2H3=CH2CHO+C2H4">
<rate A=" 1.44000000E+001" B=" 3.10000000E+000" E=" 6.94000000E+003"/>
</reaction>
<reaction formula="CH3CHO+C2H3=CH2CHO+C2H4">
<rate A=" 1.51079110E+013" B=" 0.00000000E+000" E=" 9.17500000E+003"/>
</reaction>
<reaction formula="C4H7-14+CH2CHO=C4H6-13+C2H4O">
<rate A=" 1.14011720E+013" B="-7.10000000E-002" E="-2.16667000E+000"/>
</reaction>
<reaction formula="C4H7-24+CH2CHO=C4H6-13+CH3CHO">
<rate A=" 3.45097360E+013" B="-2.33330000E-001" E="-4.33333300E+001"/>
</reaction>
<reaction formula="C4H7-14+CH2CHO=C4H6-13+CH3CHO">
<rate A=" 1.14011720E+013" B="-7.10000000E-002" E="-2.16667000E+000"/>
</reaction>
<reaction formula="CH3C[OH]CH3+CH2CHO=acetone+C2H4O">
<rate A=" 1.70765920E+013" B=" 0.00000000E+000" E=" 0.00000000E+000"/>
</reaction>
<reaction formula="CH3C[OH]CH3+CH2CHO=acetone+CH3CHO">
<rate A=" 5.94631010E+012" B=" 0.00000000E+000" E=" 0.00000000E+000"/>
</reaction>
<reaction formula="C2H4O+pC3H5=CH2CHO+C3H6">
<rate A=" 1.44000000E+001" B=" 3.10000000E+000" E=" 6.94000000E+003"/>
</reaction>
<reaction formula="CH3CHO+pC3H5=CH2CHO+C3H6">
<rate A=" 1.51079110E+013" B=" 0.00000000E+000" E=" 9.17500000E+003"/>
</reaction>
<reaction formula="C2H4O+CH3CO=CH2CHO+CH3CHO">
<rate A=" 2.09547010E+005" B=" 2.07782000E+000" E=" 1.64570000E+004"/>
</reaction>
<reaction formula="CH2CHO+CH3CHO=CH3CHO+CH3CO">
<rate A=" 3.80000000E+011" B=" 0.00000000E+000" E=" 7.21000000E+003"/>
</reaction>
<reaction formula="CH2CHO=CH3CO">
<rate A=" 2.04769800E+008" B=" 1.13807000E+000" E=" 3.47897519E+004"/>
</reaction>
<reaction formula="CH2CHO+CH2CH[OH]C2H5=CH2CO+sBuOH">
<rate A=" 7.74601970E+012" B="-6.09100000E-002" E="-6.38198200E+001"/>
</reaction>
<reaction formula="CH2CHO+CH3C[OH]C2H5=CH2CO+sBuOH">
<rate A=" 7.74601970E+012" B="-6.09100000E-002" E="-6.38198200E+001"/>
</reaction>
<reaction formula="CH2CHO+CH3CH[OH]CHCH3=CH2CO+sBuOH">
<rate A=" 7.74601970E+012" B="-6.09100000E-002" E="-6.38198200E+001"/>
</reaction>
<reaction formula="CH2CHO+CH3CH[OH]CH2CH2=CH2CO+sBuOH">
<rate A=" 7.74601970E+012" B="-6.09100000E-002" E="-6.38198200E+001"/>
</reaction>
<reaction formula="CH2CHO+CH3CH[O]C2H5=CH2CO+sBuOH">
<rate A=" 7.74601970E+012" B="-6.09100000E-002" E="-6.38198200E+001"/>
</reaction>
<reaction formula="CH3CO+CH2CHO=CH2CO+C2H4O">
<rate A=" 7.06523420E+013" B="-2.29720000E-001" E="-1.80556000E+000"/>
</reaction>
<reaction formula="2CH2CHO=CH2CO+C2H4O">
<rate A=" 7.74601970E+012" B="-6.09100000E-002" E="-6.38198200E+001"/>
</reaction>
<reaction formula="CH2CHO+pC3H5=CH2CO+C3H6">
<rate A=" 7.74601970E+012" B="-6.09100000E-002" E="-6.38198200E+001"/>
</reaction>
<reaction formula="CH3CO+CH2CHO=CH2CO+CH3CHO">
<rate A=" 2.35507810E+013" B="-2.29720000E-001" E="-1.80556000E+000"/>
</reaction>
<reaction formula="CH2CHO+CH2C[OH]CH2=CH2CO+H2CCCH3[OH]">
<rate A=" 7.74601970E+012" B="-6.09100000E-002" E="-6.38198200E+001"/>
</reaction>
<reaction formula="CH2CHO+CH2C[O]CH3=CH2CO+H2CCCH3[OH]">
<rate A=" 7.74601970E+012" B="-6.09100000E-002" E="-6.38198200E+001"/>
</reaction>
<reaction formula="CH2CHO+C4H7-24=CH2CO+C4H8-1">
<rate A=" 7.74601970E+012" B="-6.09100000E-002" E="-6.38198200E+001"/>
</reaction>
<reaction formula="CH2CHO+C4H7-14=CH2CO+C4H8-1">
<rate A=" 7.74601970E+012" B="-6.09100000E-002" E="-6.38198200E+001"/>
</reaction>
<reaction formula="CH2CHO+C2H3=CH2CO+C2H4">
<rate A=" 7.74601970E+012" B="-6.09100000E-002" E="-6.38198200E+001"/>
</reaction>
<reaction formula="CH2CHO+CH3=CH2CO+CH4">
<rate A=" 7.74601970E+012" B="-6.09100000E-002" E="-6.38198200E+001"/>
</reaction>
<reaction formula="CH2CHO+C4H7-24=CH2CO+C4H8-2">
<rate A=" 7.74601970E+012" B="-6.09100000E-002" E="-6.38198200E+001"/>
</reaction>
<reaction formula="CH2CHO+C2H5=CH2CO+C2H6">
<rate A=" 7.74601970E+012" B="-6.09100000E-002" E="-6.38198200E+001"/>
</reaction>
<reaction formula="CH2CHO+CH2C[O]CH3=CH2CO+acetone">
<rate A=" 7.74601970E+012" B="-6.09100000E-002" E="-6.38198200E+001"/>
</reaction>
<reaction formula="C2H4O+CH2C[OH]CH2=CH2CHO+H2CCCH3[OH]">
<rate A=" 1.48672170E+003" B=" 2.38600000E+000" E=" 9.69000000E+003"/>
</reaction>
<reaction formula="CH2CHO+H2CCCH3[OH]=CH3CHO+CH2C[OH]CH2">
<rate A=" 8.71731910E+012" B=" 0.00000000E+000" E=" 1.73333333E+004"/>
</reaction>
<reaction formula="C2H4O+CH2C[O]CH3=CH2CHO+H2CCCH3[OH]">
<rate A=" 1.73000000E+001" B=" 3.40000000E+000" E="-1.14000000E+003"/>
</reaction>
<reaction formula="CH2CHO+H2CCCH3[OH]=CH3CHO+CH2C[O]CH3">
<rate A=" 1.48672170E+003" B=" 2.38600000E+000" E=" 9.69000000E+003"/>
</reaction>
<reaction formula="C2H4O+CH2C[O]CH3=CH2CHO+acetone">
<rate A=" 1.48672170E+003" B=" 2.38600000E+000" E=" 9.69000000E+003"/>
</reaction>
<reaction formula="CH3CHO+CH2C[O]CH3=CH2CHO+acetone">
<rate A=" 9.40745320E+006" B=" 1.75273000E+000" E=" 1.25321212E+004"/>
</reaction>
<reaction formula="CH2CHO+C2H4O=CH3CHO+CH2CHO">
<rate A=" 1.48672170E+003" B=" 2.38600000E+000" E=" 9.69000000E+003"/>
</reaction>
<reaction formula="acetone+CH3=CH3-O-C(CH3)2">
<rate A=" 7.29907140E+011" B=" 1.79750000E-001" E=" 2.98507963E+003"/>
</reaction>
<reaction formula="HCCO+C2H6=CH2CO+C2H5">
<rate A=" 3.02158220E+013" B=" 0.00000000E+000" E=" 9.17500000E+003"/>
</reaction>
<reaction formula="HCCO+C4H8-1=CH2CO+C4H7-24">
<rate A=" 1.02000000E+003" B=" 3.10000000E+000" E=" 8.82000000E+003"/>
</reaction>
<reaction formula="HCCO+C4H8-2=CH2CO+C4H7-24">
<rate A=" 1.63800000E+013" B=" 0.00000000E+000" E=" 9.50000000E+003"/>
</reaction>
<reaction formula="HCCO+C4H8-1=CH2CO+C4H7-14">
<rate A=" 1.51079110E+013" B=" 0.00000000E+000" E=" 9.17500000E+003"/>
</reaction>
<reaction formula="CH2CO+C2H3=HCCO+C2H4">
<rate A=" 2.94000000E+013" B=" 0.00000000E+000" E=" 1.31000000E+004"/>
</reaction>
<reaction formula="CH2CO+pC3H5=HCCO+C3H6">
<rate A=" 2.94000000E+013" B=" 0.00000000E+000" E=" 1.31000000E+004"/>
</reaction>
<reaction formula="HCCO+CH3CHO=CH2CO+CH3CO">
<rate A=" 2.13000000E+010" B=" 0.00000000E+000" E=" 3.68000000E+003"/>
</reaction>
<reaction formula="HCCO+H=CH2CO">
<rate A=" 5.36000000E+014" B=" 0.00000000E+000" E=" 9.80000000E+002"/>
</reaction>
<reaction formula="C2H5O-2+HCCO=C2H4O+CH2CO">
<rate A=" 4.56000000E+014" B="-7.00000000E-001" E=" 0.00000000E+000"/>
</reaction>
<reaction formula="C3H7-1+HCCO=C3H6+CH2CO">
<rate A=" 2.42000000E+012" B=" 0.00000000E+000" E=" 0.00000000E+000"/>
</reaction>
<reaction formula="C2H5O-2+HCCO=CH3CHO+CH2CO">
<rate A=" 3.01000000E+013" B=" 0.00000000E+000" E=" 0.00000000E+000"/>
</reaction>
<reaction formula="CH3CH[OH]CH2+HCCO=H2CCCH3[OH]+CH2CO">
<rate A=" 8.43000000E+011" B=" 0.00000000E+000" E=" 0.00000000E+000"/>
</reaction>
<reaction formula="CH3C[OH]CH3+HCCO=H2CCCH3[OH]+CH2CO">
<rate A=" 9.12000000E+014" B="-7.00000000E-001" E=" 0.00000000E+000"/>
</reaction>
<reaction formula="HOCHC2H5+HCCO=C3H6O-enol+CH2CO">
<rate A=" 2.42000000E+012" B=" 0.00000000E+000" E=" 0.00000000E+000"/>
</reaction>
<reaction formula="C2H5+HCCO=C2H4+CH2CO">
<rate A=" 4.56000000E+014" B="-7.00000000E-001" E=" 0.00000000E+000"/>
</reaction>
<reaction formula="C4H7-24+HCCO=C4H6-13+CH2CO">
<rate A=" 4.56000000E+014" B="-7.00000000E-001" E=" 0.00000000E+000"/>
</reaction>
<reaction formula="C4H7-14+HCCO=C4H6-13+CH2CO">
<rate A=" 1.14011720E+013" B="-7.10000000E-002" E="-2.16667000E+000"/>
</reaction>
<reaction formula="CH3C[OH]CH3+HCCO=acetone+CH2CO">
<rate A=" 3.01000000E+013" B=" 0.00000000E+000" E=" 0.00000000E+000"/>
</reaction>
<reaction formula="CH3CO+HCCO=2CH2CO">
<rate A=" 7.06523420E+013" B="-2.29720000E-001" E="-1.80556000E+000"/>
</reaction>
<reaction formula="CH2CHO+HCCO=2CH2CO">
<rate A=" 7.74601970E+012" B="-6.09100000E-002" E="-6.38198200E+001"/>
</reaction>
<reaction formula="HCCO+H2CCCH3[OH]=CH2CO+CH2C[OH]CH2">
<rate A=" 2.31900000E+013" B=" 0.00000000E+000" E=" 1.75000000E+004"/>
</reaction>
<reaction formula="HCCO+H2CCCH3[OH]=CH2CO+CH2C[O]CH3">
<rate A=" 1.44000000E+001" B=" 3.10000000E+000" E=" 6.94000000E+003"/>
</reaction>
<reaction formula="HCCO+acetone=CH2CO+CH2C[O]CH3">
<rate A=" 5.08000000E-001" B=" 4.09000000E+000" E=" 6.66000000E+003"/>
</reaction>
<reaction formula="HCCO+C2H4O=CH2CO+CH2CHO">
<rate A=" 1.44000000E+001" B=" 3.10000000E+000" E=" 6.94000000E+003"/>
</reaction>
<reaction formula="HCCO+CH3CHO=CH2CO+CH2CHO">
<rate A=" 1.51079110E+013" B=" 0.00000000E+000" E=" 9.17500000E+003"/>
</reaction>
<reaction formula="MEK(+M)=CH3CO+C2H5(+M)">
<rate A=" 1.00000000E+000" B=" 0.00000000E+000" E=" 0.00000000E+000"/>
<auxiliary keyword="TCHEB">
<data> 3.00000000E+002</data>
<data> 2.10000000E+003</data>
</auxiliary>
<auxiliary keyword="PCHEB">
<data> 9.86923267E-003</data>
<data> 9.86923267E+001</data>
</auxiliary>
<auxiliary keyword="CHEB">
<data>     4</data>
<data>     4</data>
</auxiliary>
<auxiliary keyword="CHEB">
<data>-1.66050000E+001</data>
<data> 4.19500000E-001</data>
<data>-3.75960000E-002</data>
<data> 4.07380000E-004</data>
</auxiliary>
<auxiliary keyword="CHEB">
<data> 2.45170000E+001</data>
<data> 6.81950000E-001</data>
<data>-5.79620000E-002</data>
<data>-4.65880000E-003</data>
</auxiliary>
<auxiliary keyword="CHEB">
<data>-9.00820000E-001</data>
<data> 4.39080000E-001</data>
<data> 2.95950000E-003</data>
<data>-5.50190000E-003</data>
</auxiliary>
<auxiliary keyword="CHEB">
<data>-5.96250000E-001</data>
<data> 1.75340000E-001</data>
<data> 3.00000000E-002</data>
<data>-9.68440000E-004</data>
</auxiliary>
</reaction>
<reaction formula="MEK(+M)=CH3C[O]cHCH3+H(+M)">
<rate A=" 1.00000000E+000" B=" 0.00000000E+000" E=" 0.00000000E+000"/>
<auxiliary keyword="TCHEB">
<data> 3.00000000E+002</data>
<data> 2.10000000E+003</data>
</auxiliary>
<auxiliary keyword="PCHEB">
<data> 9.86923267E-003</data>
<data> 9.86923267E+001</data>
</auxiliary>
<auxiliary keyword="CHEB">
<data>     4</data>
<data>     4</data>
</auxiliary>
<auxiliary keyword="CHEB">
<data>-2.66590000E+001</data>
<data> 1.04500000E+000</data>
<data>-2.11180000E-001</data>
<data> 3.07450000E-002</data>
</auxiliary>
<auxiliary keyword="CHEB">
<data> 2.87060000E+001</data>
<data> 7.82600000E-001</data>
<data> 1.10390000E-001</data>
<data>-5.47080000E-002</data>
</auxiliary>
<auxiliary keyword="CHEB">
<data>-1.05960000E+000</data>
<data> 2.44730000E-001</data>
<data> 8.77550000E-002</data>
<data> 7.95990000E-004</data>
</auxiliary>
<auxiliary keyword="CHEB">
<data>-5.49290000E-001</data>
<data>-1.30850000E-002</data>
<data> 2.52940000E-002</data>
<data> 1.66940000E-002</data>
</auxiliary>
</reaction>
<reaction formula="CH3CO+C2H5(+M)=CH3C[O]cHCH3+H(+M)">
<rate A=" 1.00000000E+000" B=" 0.00000000E+000" E=" 0.00000000E+000"/>
<auxiliary keyword="TCHEB">
<data> 3.00000000E+002</data>
<data> 2.10000000E+003</data>
</auxiliary>
<auxiliary keyword="PCHEB">
<data> 9.86923267E-003</data>
<data> 9.86923267E+001</data>
</auxiliary>
<auxiliary keyword="CHEB">
<data>     4</data>
<data>     4</data>
</auxiliary>
<auxiliary keyword="CHEB">
<data> 4.05890000E+000</data>
<data>-8.34240000E-001</data>
<data>-1.87130000E-001</data>
<data> 2.31660000E-002</data>
</auxiliary>
<auxiliary keyword="CHEB">
<data> 5.58540000E+000</data>
<data> 8.71980000E-001</data>
<data> 1.49880000E-001</data>
<data>-4.84460000E-002</data>
</auxiliary>
<auxiliary keyword="CHEB">
<data> 2.26630000E-001</data>
<data> 1.12530000E-001</data>
<data> 6.92420000E-002</data>
<data> 1.60890000E-002</data>
</auxiliary>
<auxiliary keyword="CHEB">
<data>-2.63580000E-002</data>
<data>-1.22140000E-001</data>
<data>-1.00160000E-002</data>
<data> 1.71990000E-002</data>
</auxiliary>
</reaction>
<reaction formula="CH3C[OH]CHcH2(+M)=CH3C[O]cHCH3(+M)">
<rate A=" 1.00000000E+000" B=" 0.00000000E+000" E=" 0.00000000E+000"/>
<auxiliary keyword="TCHEB">
<data> 3.00000000E+002</data>
<data> 2.10000000E+003</data>
</auxiliary>
<auxiliary keyword="PCHEB">
<data> 9.86923267E-003</data>
<data> 9.86923267E+001</data>
</auxiliary>
<auxiliary keyword="CHEB">
<data>     4</data>
<data>     4</data>
</auxiliary>
<auxiliary keyword="CHEB">
<data> 2.27550000E-001</data>
<data> 4.99860000E-001</data>
<data>-5.83160000E-002</data>
<data> 1.68610000E-003</data>
</auxiliary>
<auxiliary keyword="CHEB">
<data> 7.01930000E+000</data>
<data> 7.94730000E-001</data>
<data>-7.41940000E-002</data>
<data>-1.28020000E-002</data>
</auxiliary>
<auxiliary keyword="CHEB">
<data>-8.34880000E-001</data>
<data> 4.54980000E-001</data>
<data>-5.66890000E-003</data>
<data>-2.36680000E-004</data>
</auxiliary>
<auxiliary keyword="CHEB">
<data>-4.61020000E-001</data>
<data> 1.44280000E-001</data>
<data> 2.29390000E-002</data>
<data> 1.23970000E-002</data>
</auxiliary>
</reaction>
<reaction formula="CH3C[OH]CHcH2(+M)=C4H6-13+OH(+M)">
<rate A=" 1.00000000E+000" B=" 0.00000000E+000" E=" 0.00000000E+000"/>
<auxiliary keyword="TCHEB">
<data> 3.00000000E+002</data>
<data> 2.10000000E+003</data>
</auxiliary>
<auxiliary keyword="PCHEB">
<data> 9.86923267E-003</data>
<data> 9.86923267E+001</data>
</auxiliary>
<auxiliary keyword="CHEB">
<data>     4</data>
<data>     4</data>
</auxiliary>
<auxiliary keyword="CHEB">
<data>-7.50500000E+000</data>
<data>-5.14230000E-002</data>
<data>-3.39220000E-001</data>
<data> 5.32680000E-002</data>
</auxiliary>
<auxiliary keyword="CHEB">
<data> 1.39140000E+001</data>
<data> 1.80600000E+000</data>
<data> 1.38100000E-001</data>
<data>-1.18390000E-001</data>
</auxiliary>
<auxiliary keyword="CHEB">
<data>-4.60660000E-001</data>
<data> 3.53950000E-001</data>
<data> 1.20430000E-001</data>
<data> 2.15350000E-003</data>
</auxiliary>
<auxiliary keyword="CHEB">
<data>-3.26960000E-001</data>
<data>-1.77770000E-001</data>
<data> 2.44920000E-002</data>
<data> 3.75130000E-002</data>
</auxiliary>
</reaction>
<reaction formula="CH3C[OH]CHcH2(+M)=CH3CHO+C2H3(+M)">
<rate A=" 1.00000000E+000" B=" 0.00000000E+000" E=" 0.00000000E+000"/>
<auxiliary keyword="TCHEB">
<data> 3.00000000E+002</data>
<data> 2.10000000E+003</data>
</auxiliary>
<auxiliary keyword="PCHEB">
<data> 9.86923267E-003</data>
<data> 9.86923267E+001</data>
</auxiliary>
<auxiliary keyword="CHEB">
<data>     4</data>
<data>     4</data>
</auxiliary>
<auxiliary keyword="CHEB">
<data>-1.41950000E+001</data>
<data> 1.18430000E+000</data>
<data>-3.40420000E-001</data>
<data>-5.78420000E-002</data>
</auxiliary>
<auxiliary keyword="CHEB">
<data> 1.70830000E+001</data>
<data> 7.80880000E-001</data>
<data> 2.86800000E-001</data>
<data> 2.40860000E-002</data>
</auxiliary>
<auxiliary keyword="CHEB">
<data>-4.98680000E-001</data>
<data> 9.72950000E-002</data>
<data> 6.29430000E-002</data>
<data> 2.17480000E-002</data>
</auxiliary>
<auxiliary keyword="CHEB">
<data>-1.48010000E-001</data>
<data>-7.41070000E-002</data>
<data>-2.12390000E-002</data>
<data> 3.67720000E-003</data>
</auxiliary>
</reaction>
<reaction formula="CH3C[OH]CHcH2(+M)=C2H4+CH3CO(+M)">
<rate A=" 1.00000000E+000" B=" 0.00000000E+000" E=" 0.00000000E+000"/>
<auxiliary keyword="TCHEB">
<data> 3.00000000E+002</data>
<data> 2.10000000E+003</data>
</auxiliary>
<auxiliary keyword="PCHEB">
<data> 9.86923267E-003</data>
<data> 9.86923267E+001</data>
</auxiliary>
<auxiliary keyword="CHEB">
<data>     4</data>
<data>     4</data>
</auxiliary>
<auxiliary keyword="CHEB">
<data>-3.30590000E+000</data>
<data>-1.25100000E+000</data>
<data>-2.51430000E-001</data>
<data>-1.22160000E-002</data>
</auxiliary>
<auxiliary keyword="CHEB">
<data> 1.02080000E+001</data>
<data> 2.07130000E+000</data>
<data> 3.57880000E-002</data>
<data>-7.51550000E-003</data>
</auxiliary>
<auxiliary keyword="CHEB">
<data>-7.60870000E-001</data>
<data> 4.06980000E-001</data>
<data> 3.63940000E-002</data>
<data> 1.81640000E-002</data>
</auxiliary>
<auxiliary keyword="CHEB">
<data>-5.93810000E-001</data>
<data> 3.69520000E-002</data>
<data> 4.50850000E-002</data>
<data>-1.75490000E-003</data>
</auxiliary>
</reaction>
<reaction formula="CH3C[OH]CHcH2(+M)=CH2CO+C2H5(+M)">
<rate A=" 1.00000000E+000" B=" 0.00000000E+000" E=" 0.00000000E+000"/>
<auxiliary keyword="TCHEB">
<data> 3.00000000E+002</data>
<data> 2.10000000E+003</data>
</auxiliary>
<auxiliary keyword="PCHEB">
<data> 9.86923267E-003</data>
<data> 9.86923267E+001</data>
</auxiliary>
<auxiliary keyword="CHEB">
<data>     4</data>
<data>     4</data>
</auxiliary>
<auxiliary keyword="CHEB">
<data>-6.25560000E+000</data>
<data>-1.33770000E+000</data>
<data>-3.51650000E-001</data>
<data> 4.74870000E-002</data>
</auxiliary>
<auxiliary keyword="CHEB">
<data> 1.21130000E+001</data>
<data> 2.63340000E+000</data>
<data> 9.69050000E-002</data>
<data>-1.02560000E-001</data>
</auxiliary>
<auxiliary keyword="CHEB">
<data>-7.00810000E-001</data>
<data> 5.33470000E-001</data>
<data> 9.58390000E-002</data>
<data> 6.00760000E-003</data>
</auxiliary>
<auxiliary keyword="CHEB">
<data>-5.13200000E-001</data>
<data>-1.16880000E-001</data>
<data> 2.68920000E-002</data>
<data> 2.00150000E-002</data>
</auxiliary>
</reaction>
<reaction formula="CH3C[O]cHCH3(+M)=C4H6O(717)+H(+M)">
<rate A=" 1.00000000E+000" B=" 0.00000000E+000" E=" 0.00000000E+000"/>
<auxiliary keyword="TCHEB">
<data> 3.00000000E+002</data>
<data> 2.10000000E+003</data>
</auxiliary>
<auxiliary keyword="PCHEB">
<data> 9.86923267E-003</data>
<data> 9.86923267E+001</data>
</auxiliary>
<auxiliary keyword="CHEB">
<data>     4</data>
<data>     4</data>
</auxiliary>
<auxiliary keyword="CHEB">
<data>-3.22000000E-001</data>
<data> 6.95220000E-001</data>
<data>-1.15440000E-001</data>
<data> 3.00080000E-002</data>
</auxiliary>
<auxiliary keyword="CHEB">
<data> 8.99300000E+000</data>
<data> 8.48530000E-001</data>
<data> 2.34660000E-003</data>
<data>-2.68350000E-002</data>
</auxiliary>
<auxiliary keyword="CHEB">
<data>-8.65210000E-001</data>
<data> 3.45070000E-001</data>
<data> 5.53610000E-002</data>
<data>-1.60870000E-002</data>
</auxiliary>
<auxiliary keyword="CHEB">
<data>-3.76990000E-001</data>
<data> 4.14670000E-002</data>
<data> 2.91660000E-002</data>
<data> 2.15950000E-003</data>
</auxiliary>
</reaction>
<reaction formula="CH3C[O]cHCH3(+M)=C4H6-13+OH(+M)">
<rate A=" 1.00000000E+000" B=" 0.00000000E+000" E=" 0.00000000E+000"/>
<auxiliary keyword="TCHEB">
<data> 3.00000000E+002</data>
<data> 2.10000000E+003</data>
</auxiliary>
<auxiliary keyword="PCHEB">
<data> 9.86923267E-003</data>
<data> 9.86923267E+001</data>
</auxiliary>
<auxiliary keyword="CHEB">
<data>     4</data>
<data>     4</data>
</auxiliary>
<auxiliary keyword="CHEB">
<data>-9.50200000E+000</data>
<data>-6.02340000E-001</data>
<data>-5.12900000E-001</data>
<data> 5.04760000E-002</data>
</auxiliary>
<auxiliary keyword="CHEB">
<data> 1.37940000E+001</data>
<data> 2.24860000E+000</data>
<data> 3.05580000E-001</data>
<data>-1.08480000E-001</data>
</auxiliary>
<auxiliary keyword="CHEB">
<data>-6.29500000E-001</data>
<data> 3.97570000E-001</data>
<data> 1.09760000E-001</data>
<data>-7.81650000E-003</data>
</auxiliary>
<auxiliary keyword="CHEB">
<data>-3.70420000E-001</data>
<data>-1.74940000E-001</data>
<data>-1.74770000E-003</data>
<data> 2.58540000E-002</data>
</auxiliary>
</reaction>
<reaction formula="CH3C[O]cHCH3(+M)=CH3CHO+C2H3(+M)">
<rate A=" 1.00000000E+000" B=" 0.00000000E+000" E=" 0.00000000E+000"/>
<auxiliary keyword="TCHEB">
<data> 3.00000000E+002</data>
<data> 2.10000000E+003</data>
</auxiliary>
<auxiliary keyword="PCHEB">
<data> 9.86923267E-003</data>
<data> 9.86923267E+001</data>
</auxiliary>
<auxiliary keyword="CHEB">
<data>     4</data>
<data>     4</data>
</auxiliary>
<auxiliary keyword="CHEB">
<data>-1.64000000E+001</data>
<data> 1.03400000E+000</data>
<data>-4.26240000E-001</data>
<data>-9.20720000E-002</data>
</auxiliary>
<auxiliary keyword="CHEB">
<data> 1.69530000E+001</data>
<data> 8.92850000E-001</data>
<data> 3.57310000E-001</data>
<data> 5.61360000E-002</data>
</auxiliary>
<auxiliary keyword="CHEB">
<data>-5.67310000E-001</data>
<data> 1.12770000E-001</data>
<data> 6.50500000E-002</data>
<data> 2.05980000E-002</data>
</auxiliary>
<auxiliary keyword="CHEB">
<data>-1.43340000E-001</data>
<data>-6.54620000E-002</data>
<data>-2.15630000E-002</data>
<data>-4.93100000E-004</data>
</auxiliary>
</reaction>
<reaction formula="CH3C[O]cHCH3(+M)=C2H4+CH3CO(+M)">
<rate A=" 1.00000000E+000" B=" 0.00000000E+000" E=" 0.00000000E+000"/>
<auxiliary keyword="TCHEB">
<data> 3.00000000E+002</data>
<data> 2.10000000E+003</data>
</auxiliary>
<auxiliary keyword="PCHEB">
<data> 9.86923267E-003</data>
<data> 9.86923267E+001</data>
</auxiliary>
<auxiliary keyword="CHEB">
<data>     4</data>
<data>     4</data>
</auxiliary>
<auxiliary keyword="CHEB">
<data>-1.17140000E+000</data>
<data>-2.82110000E-002</data>
<data>-2.01460000E-001</data>
<data>-1.09050000E-002</data>
</auxiliary>
<auxiliary keyword="CHEB">
<data> 8.67680000E+000</data>
<data> 1.37960000E+000</data>
<data> 1.64210000E-001</data>
<data>-1.77300000E-002</data>
</auxiliary>
<auxiliary keyword="CHEB">
<data>-8.81370000E-001</data>
<data> 3.97420000E-001</data>
<data> 2.78170000E-002</data>
<data> 8.10230000E-003</data>
</auxiliary>
<auxiliary keyword="CHEB">
<data>-4.90560000E-001</data>
<data> 1.41490000E-002</data>
<data>-2.20790000E-002</data>
<data> 4.69700000E-003</data>
</auxiliary>
</reaction>
<reaction formula="CH3C[O]cHCH3(+M)=CH2CO+C2H5(+M)">
<rate A=" 1.00000000E+000" B=" 0.00000000E+000" E=" 0.00000000E+000"/>
<auxiliary keyword="TCHEB">
<data> 3.00000000E+002</data>
<data> 2.10000000E+003</data>
</auxiliary>
<auxiliary keyword="PCHEB">
<data> 9.86923267E-003</data>
<data> 9.86923267E+001</data>
</auxiliary>
<auxiliary keyword="CHEB">
<data>     4</data>
<data>     4</data>
</auxiliary>
<auxiliary keyword="CHEB">
<data>-4.93820000E+000</data>
<data>-1.62800000E-001</data>
<data>-2.30030000E-001</data>
<data> 3.95330000E-002</data>
</auxiliary>
<auxiliary keyword="CHEB">
<data> 1.13010000E+001</data>
<data> 1.88700000E+000</data>
<data> 1.12170000E-001</data>
<data>-7.42290000E-002</data>
</auxiliary>
<auxiliary keyword="CHEB">
<data>-7.24960000E-001</data>
<data> 4.00570000E-001</data>
<data> 7.83760000E-002</data>
<data> 3.49860000E-003</data>
</auxiliary>
<auxiliary keyword="CHEB">
<data>-4.32090000E-001</data>
<data>-1.34000000E-001</data>
<data> 7.05930000E-003</data>
<data> 1.87840000E-002</data>
</auxiliary>
</reaction>
<reaction formula="C4H6O(717)+H(+M)=C4H6-13+OH(+M)">
<rate A=" 1.00000000E+000" B=" 0.00000000E+000" E=" 0.00000000E+000"/>
<auxiliary keyword="TCHEB">
<data> 3.00000000E+002</data>
<data> 2.10000000E+003</data>
</auxiliary>
<auxiliary keyword="PCHEB">
<data> 9.86923267E-003</data>
<data> 9.86923267E+001</data>
</auxiliary>
<auxiliary keyword="CHEB">
<data>     4</data>
<data>     4</data>
</auxiliary>
<auxiliary keyword="CHEB">
<data> 5.11880000E+000</data>
<data>-1.95680000E+000</data>
<data>-3.34260000E-001</data>
<data> 5.26400000E-002</data>
</auxiliary>
<auxiliary keyword="CHEB">
<data> 5.75000000E+000</data>
<data> 2.04180000E+000</data>
<data> 2.09160000E-001</data>
<data>-1.27930000E-001</data>
</auxiliary>
<auxiliary keyword="CHEB">
<data> 9.59110000E-003</data>
<data> 1.47770000E-001</data>
<data> 1.20020000E-001</data>
<data> 3.85610000E-002</data>
</auxiliary>
<auxiliary keyword="CHEB">
<data>-2.54270000E-001</data>
<data>-2.65670000E-001</data>
<data> 5.11700000E-003</data>
<data> 3.72220000E-002</data>
</auxiliary>
</reaction>
<reaction formula="C4H6O(717)+H(+M)=CH3CHO+C2H3(+M)">
<rate A=" 1.00000000E+000" B=" 0.00000000E+000" E=" 0.00000000E+000"/>
<auxiliary keyword="TCHEB">
<data> 3.00000000E+002</data>
<data> 2.10000000E+003</data>
</auxiliary>
<auxiliary keyword="PCHEB">
<data> 9.86923267E-003</data>
<data> 9.86923267E+001</data>
</auxiliary>
<auxiliary keyword="CHEB">
<data>     4</data>
<data>     4</data>
</auxiliary>
<auxiliary keyword="CHEB">
<data> 5.23240000E+000</data>
<data>-5.57570000E-001</data>
<data>-1.95040000E-001</data>
<data>-8.22020000E-003</data>
</auxiliary>
<auxiliary keyword="CHEB">
<data> 5.44260000E+000</data>
<data> 6.22090000E-001</data>
<data> 1.96010000E-001</data>
<data>-6.26990000E-003</data>
</auxiliary>
<auxiliary keyword="CHEB">
<data>-2.48160000E-001</data>
<data> 2.54090000E-002</data>
<data> 3.43540000E-002</data>
<data> 1.70590000E-002</data>
</auxiliary>
<auxiliary keyword="CHEB">
<data>-1.07340000E-001</data>
<data>-8.77810000E-002</data>
<data>-2.96940000E-002</data>
<data> 1.14220000E-003</data>
</auxiliary>
</reaction>
<reaction formula="C4H6O(717)+H(+M)=C2H4+CH3CO(+M)">
<rate A=" 1.00000000E+000" B=" 0.00000000E+000" E=" 0.00000000E+000"/>
<auxiliary keyword="TCHEB">
<data> 3.00000000E+002</data>
<data> 2.10000000E+003</data>
</auxiliary>
<auxiliary keyword="PCHEB">
<data> 9.86923267E-003</data>
<data> 9.86923267E+001</data>
</auxiliary>
<auxiliary keyword="CHEB">
<data>     4</data>
<data>     4</data>
</auxiliary>
<auxiliary keyword="CHEB">
<data> 1.19930000E+001</data>
<data>-3.10600000E-001</data>
<data>-9.44980000E-002</data>
<data>-4.90640000E-002</data>
</auxiliary>
<auxiliary keyword="CHEB">
<data> 1.37000000E+000</data>
<data> 3.68490000E-001</data>
<data> 9.90310000E-002</data>
<data> 5.85490000E-002</data>
</auxiliary>
<auxiliary keyword="CHEB">
<data>-4.18980000E-002</data>
<data>-2.30870000E-002</data>
<data> 1.55250000E-002</data>
<data>-2.68840000E-003</data>
</auxiliary>
<auxiliary keyword="CHEB">
<data>-3.80370000E-002</data>
<data>-3.23880000E-002</data>
<data>-2.16150000E-002</data>
<data>-8.47460000E-003</data>
</auxiliary>
</reaction>
<reaction formula="C4H6O(717)+H(+M)=CH2CO+C2H5(+M)">
<rate A=" 1.00000000E+000" B=" 0.00000000E+000" E=" 0.00000000E+000"/>
<auxiliary keyword="TCHEB">
<data> 3.00000000E+002</data>
<data> 2.10000000E+003</data>
</auxiliary>
<auxiliary keyword="PCHEB">
<data> 9.86923267E-003</data>
<data> 9.86923267E+001</data>
</auxiliary>
<auxiliary keyword="CHEB">
<data>     4</data>
<data>     4</data>
</auxiliary>
<auxiliary keyword="CHEB">
<data> 8.01970000E+000</data>
<data>-1.58730000E+000</data>
<data>-2.63550000E-001</data>
<data>-3.31030000E-003</data>
</auxiliary>
<auxiliary keyword="CHEB">
<data> 3.48630000E+000</data>
<data> 1.77140000E+000</data>
<data> 1.84160000E-001</data>
<data>-4.01040000E-002</data>
</auxiliary>
<auxiliary keyword="CHEB">
<data>-2.87980000E-001</data>
<data>-3.69640000E-003</data>
<data> 1.10470000E-001</data>
<data> 4.05710000E-002</data>
</auxiliary>
<auxiliary keyword="CHEB">
<data>-2.73340000E-001</data>
<data>-1.71270000E-001</data>
<data>-9.82160000E-003</data>
<data> 6.70070000E-003</data>
</auxiliary>
</reaction>
<reaction formula="C4H6-13+OH(+M)=CH3CHO+C2H3(+M)">
<rate A=" 1.00000000E+000" B=" 0.00000000E+000" E=" 0.00000000E+000"/>
<auxiliary keyword="TCHEB">
<data> 3.00000000E+002</data>
<data> 2.10000000E+003</data>
</auxiliary>
<auxiliary keyword="PCHEB">
<data> 9.86923267E-003</data>
<data> 9.86923267E+001</data>
</auxiliary>
<auxiliary keyword="CHEB">
<data>     4</data>
<data>     4</data>
</auxiliary>
<auxiliary keyword="CHEB">
<data> 2.25150000E+000</data>
<data>-1.08290000E+000</data>
<data>-4.52750000E-001</data>
<data>-7.31890000E-002</data>
</auxiliary>
<auxiliary keyword="CHEB">
<data> 4.87880000E+000</data>
<data> 1.24140000E+000</data>
<data> 4.80690000E-001</data>
<data> 5.10570000E-002</data>
</auxiliary>
<auxiliary keyword="CHEB">
<data> 1.23000000E-001</data>
<data>-2.52790000E-002</data>
<data> 2.12780000E-002</data>
<data> 2.32130000E-002</data>
</auxiliary>
<auxiliary keyword="CHEB">
<data>-6.65190000E-002</data>
<data>-1.66570000E-001</data>
<data>-5.87350000E-002</data>
<data> 5.54650000E-004</data>
</auxiliary>
</reaction>
<reaction formula="C4H6-13+OH(+M)=C2H4+CH3CO(+M)">
<rate A=" 1.00000000E+000" B=" 0.00000000E+000" E=" 0.00000000E+000"/>
<auxiliary keyword="TCHEB">
<data> 3.00000000E+002</data>
<data> 2.10000000E+003</data>
</auxiliary>
<auxiliary keyword="PCHEB">
<data> 9.86923267E-003</data>
<data> 9.86923267E+001</data>
</auxiliary>
<auxiliary keyword="CHEB">
<data>     4</data>
<data>     4</data>
</auxiliary>
<auxiliary keyword="CHEB">
<data> 8.25610000E+000</data>
<data>-2.28160000E+000</data>
<data>-5.11260000E-001</data>
<data> 1.58090000E-002</data>
</auxiliary>
<auxiliary keyword="CHEB">
<data> 1.10980000E+000</data>
<data> 2.29210000E+000</data>
<data> 3.92140000E-001</data>
<data>-8.17530000E-002</data>
</auxiliary>
<auxiliary keyword="CHEB">
<data>-2.81290000E-001</data>
<data> 1.68450000E-001</data>
<data> 8.37380000E-002</data>
<data> 1.75880000E-002</data>
</auxiliary>
<auxiliary keyword="CHEB">
<data>-2.49830000E-001</data>
<data>-2.23230000E-001</data>
<data> 8.89460000E-003</data>
<data> 3.59500000E-002</data>
</auxiliary>
</reaction>
<reaction formula="C4H6-13+OH(+M)=CH2CO+C2H5(+M)">
<rate A=" 1.00000000E+000" B=" 0.00000000E+000" E=" 0.00000000E+000"/>
<auxiliary keyword="TCHEB">
<data> 3.00000000E+002</data>
<data> 2.10000000E+003</data>
</auxiliary>
<auxiliary keyword="PCHEB">
<data> 9.86923267E-003</data>
<data> 9.86923267E+001</data>
</auxiliary>
<auxiliary keyword="CHEB">
<data>     4</data>
<data>     4</data>
</auxiliary>
<auxiliary keyword="CHEB">
<data> 6.94740000E+000</data>
<data>-2.40110000E+000</data>
<data>-5.91430000E-001</data>
<data>-1.52100000E-002</data>
</auxiliary>
<auxiliary keyword="CHEB">
<data> 2.05880000E+000</data>
<data> 2.59370000E+000</data>
<data> 4.76910000E-001</data>
<data>-7.22900000E-002</data>
</auxiliary>
<auxiliary keyword="CHEB">
<data>-2.23080000E-001</data>
<data>-3.18530000E-002</data>
<data> 1.22980000E-001</data>
<data> 7.14130000E-002</data>
</auxiliary>
<auxiliary keyword="CHEB">
<data>-2.15990000E-001</data>
<data>-1.87710000E-001</data>
<data>-1.16320000E-002</data>
<data> 6.76300000E-003</data>
</auxiliary>
</reaction>
<reaction formula="CH3CHO+C2H3(+M)=C2H4+CH3CO(+M)">
<rate A=" 1.00000000E+000" B=" 0.00000000E+000" E=" 0.00000000E+000"/>
<auxiliary keyword="TCHEB">
<data> 3.00000000E+002</data>
<data> 2.10000000E+003</data>
</auxiliary>
<auxiliary keyword="PCHEB">
<data> 9.86923267E-003</data>
<data> 9.86923267E+001</data>
</auxiliary>
<auxiliary keyword="CHEB">
<data>     4</data>
<data>     4</data>
</auxiliary>
<auxiliary keyword="CHEB">
<data>-1.93090000E+000</data>
<data>-9.39010000E-001</data>
<data>-4.15670000E-001</data>
<data>-9.10170000E-002</data>
</auxiliary>
<auxiliary keyword="CHEB">
<data> 5.45560000E+000</data>
<data> 9.44650000E-001</data>
<data> 3.89130000E-001</data>
<data> 6.86610000E-002</data>
</auxiliary>
<auxiliary keyword="CHEB">
<data>-1.02980000E-002</data>
<data> 8.09140000E-002</data>
<data> 4.97740000E-002</data>
<data> 1.66170000E-002</data>
</auxiliary>
<auxiliary keyword="CHEB">
<data>-3.96350000E-002</data>
<data>-9.29230000E-002</data>
<data>-3.33910000E-002</data>
<data>-2.42500000E-003</data>
</auxiliary>
</reaction>
<reaction formula="CH3CHO+C2H3(+M)=CH2CO+C2H5(+M)">
<rate A=" 1.00000000E+000" B=" 0.00000000E+000" E=" 0.00000000E+000"/>
<auxiliary keyword="TCHEB">
<data> 3.00000000E+002</data>
<data> 2.10000000E+003</data>
</auxiliary>
<auxiliary keyword="PCHEB">
<data> 9.86923267E-003</data>
<data> 9.86923267E+001</data>
</auxiliary>
<auxiliary keyword="CHEB">
<data>     4</data>
<data>     4</data>
</auxiliary>
<auxiliary keyword="CHEB">
<data>-2.72910000E+000</data>
<data>-1.15320000E+000</data>
<data>-5.23760000E-001</data>
<data>-1.18410000E-001</data>
</auxiliary>
<auxiliary keyword="CHEB">
<data> 5.92640000E+000</data>
<data> 1.22920000E+000</data>
<data> 5.28200000E-001</data>
<data> 1.01030000E-001</data>
</auxiliary>
<auxiliary keyword="CHEB">
<data> 1.19120000E-001</data>
<data> 5.09790000E-002</data>
<data> 4.08820000E-002</data>
<data> 1.83590000E-002</data>
</auxiliary>
<auxiliary keyword="CHEB">
<data>-2.84090000E-002</data>
<data>-1.40020000E-001</data>
<data>-5.63700000E-002</data>
<data>-7.61170000E-003</data>
</auxiliary>
</reaction>
<reaction formula="C2H4+CH3CO(+M)=CH2CO+C2H5(+M)">
<rate A=" 1.00000000E+000" B=" 0.00000000E+000" E=" 0.00000000E+000"/>
<auxiliary keyword="TCHEB">
<data> 3.00000000E+002</data>
<data> 2.10000000E+003</data>
</auxiliary>
<auxiliary keyword="PCHEB">
<data> 9.86923267E-003</data>
<data> 9.86923267E+001</data>
</auxiliary>
<auxiliary keyword="CHEB">
<data>     4</data>
<data>     4</data>
</auxiliary>
<auxiliary keyword="CHEB">
<data> 8.36920000E-001</data>
<data>-1.89400000E+000</data>
<data>-2.80480000E-001</data>
<data>-1.52320000E-002</data>
</auxiliary>
<auxiliary keyword="CHEB">
<data> 7.22780000E+000</data>
<data> 2.09410000E+000</data>
<data> 2.20860000E-001</data>
<data>-2.32520000E-002</data>
</auxiliary>
<auxiliary keyword="CHEB">
<data>-6.22770000E-002</data>
<data> 2.33520000E-002</data>
<data> 6.76530000E-002</data>
<data> 3.12150000E-002</data>
</auxiliary>
<auxiliary keyword="CHEB">
<data>-1.95120000E-001</data>
<data>-2.11260000E-001</data>
<data> 9.09930000E-003</data>
<data> 1.08320000E-002</data>
</auxiliary>
</reaction>
<reaction formula="O2+CH3C[OH]C2H5=HO2+MEK">
<rate A=" 2.28000000E+013" B=" 0.00000000E+000" E=" 0.00000000E+000"/>
</reaction>
<reaction formula="OH+CH3C[OH]C2H5=H2O+MEK">
<rate A=" 2.41000000E+013" B=" 0.00000000E+000" E=" 0.00000000E+000"/>
</reaction>
<reaction formula="CH3C[OH]C2H5+CH3CH[OH]CHCH3=MEK+sBuOH">
<rate A=" 2.35000000E+012" B=" 0.00000000E+000" E=" 0.00000000E+000"/>
</reaction>
<reaction formula="CH3+CH3C[OH]C2H5=CH4+MEK">
<rate A=" 2.41000000E+012" B=" 0.00000000E+000" E=" 0.00000000E+000"/>
</reaction>
<reaction formula="CH3CH[O]C2H5+C2H3=MEK+C2H4">
<rate A=" 8.43000000E+011" B=" 0.00000000E+000" E=" 0.00000000E+000"/>
</reaction>
<reaction formula="CH3C[OH]C2H5+C2H3=MEK+C2H4">
<rate A=" 3.01000000E+013" B=" 0.00000000E+000" E=" 0.00000000E+000"/>
</reaction>
<reaction formula="H+CH3C[OH]C2H5=H2+MEK">
<rate A=" 6.03000000E+012" B=" 0.00000000E+000" E=" 0.00000000E+000"/>
</reaction>
<reaction formula="H+CH3CH[O]C2H5=H2+MEK">
<rate A=" 9.04000000E+011" B=" 0.00000000E+000" E=" 0.00000000E+000"/>
</reaction>
<reaction formula="CH3C[O]cHCH3+H2O2=MEK+HO2">
<rate A=" 2.97344350E+003" B=" 2.38600000E+000" E=" 9.69000000E+003"/>
</reaction>
<reaction formula="CH3C[O]cHCH3+sBuOH=MEK+CH3C[OH]C2H5">
<rate A=" 1.74547410E+007" B=" 1.50500000E+000" E=" 1.45200000E+004"/>
</reaction>
<reaction formula="MEK+OH=CH3C[O]cHCH3+H2O">
<rate A=" 3.17292680E+009" B=" 9.50000000E-001" E=" 5.64400000E+003"/>
</reaction>
<reaction formula="HO2+CH3C[O]cHCH3=O2+MEK">
<rate A=" 3.00000000E+011" B=" 0.00000000E+000" E=" 0.00000000E+000"/>
</reaction>
<reaction formula="C2H5O-2+CH3C[O]cHCH3=CH3CHO+MEK">
<rate A=" 2.35000000E+012" B=" 0.00000000E+000" E=" 0.00000000E+000"/>
</reaction>
<reaction formula="C2H5+CH3C[O]cHCH3=C2H4+MEK">
<rate A=" 6.33000000E+014" B="-7.00000000E-001" E=" 0.00000000E+000"/>
</reaction>
<reaction formula="CH3CH[O]C2H5+CH3C[O]cHCH3=2MEK">
<rate A=" 9.74500920E+012" B="-3.55000000E-001" E="-1.08333300E+001"/>
</reaction>
<reaction formula="CH3C[OH]C2H5+CH3C[O]cHCH3=2MEK">
<rate A=" 2.35000000E+012" B=" 0.00000000E+000" E=" 0.00000000E+000"/>
</reaction>
<reaction formula="CH3C[O]cHCH3+sBuOH=MEK+CH3CH[OH]CHCH3">
<rate A=" 3.04000000E+001" B=" 3.19000000E+000" E=" 1.03100000E+004"/>
</reaction>
<reaction formula="MEK+CH3CH[OH]CH2CH2=CH3C[O]cHCH3+sBuOH">
<rate A=" 3.03978820E+006" B=" 1.88583000E+000" E=" 9.44833333E+003"/>
</reaction>
<reaction formula="MEK+CH3CH[O]C2H5=CH3C[O]cHCH3+sBuOH">
<rate A=" 3.17292680E+009" B=" 9.50000000E-001" E=" 5.64400000E+003"/>
</reaction>
<reaction formula="CH3C[O]cHCH3+C4H8-2=MEK+C4H7-24">
<rate A=" 9.12000000E+012" B=" 0.00000000E+000" E=" 2.14000000E+004"/>
</reaction>
<reaction formula="CH3C[O]cHCH3+C4H8-1=MEK+C4H7-24">
<rate A=" 3.03978820E+006" B=" 1.88583000E+000" E=" 9.44833333E+003"/>
</reaction>
<reaction formula="C4H7-24+CH3C[O]cHCH3=C4H6-13+MEK">
<rate A=" 6.33000000E+014" B="-7.00000000E-001" E=" 0.00000000E+000"/>
</reaction>
<reaction formula="CH3C[O]cHCH3+CH3CHO=MEK+CH3CO">
<rate A=" 1.05337550E+008" B=" 1.14500000E+000" E=" 6.32500000E+003"/>
</reaction>
<reaction formula="CH3CO+CH3C[O]cHCH3=CH2CO+MEK">
<rate A=" 7.06523420E+013" B="-2.29720000E-001" E="-1.80556000E+000"/>
</reaction>
<reaction formula="MEK+C2H3=CH3C[O]cHCH3+C2H4">
<rate A=" 1.02000000E+003" B=" 3.10000000E+000" E=" 8.82000000E+003"/>
</reaction>
<reaction formula="MEK+H=CH3C[O]cHCH3+H2">
<rate A=" 1.39800000E+006" B=" 2.36000000E+000" E=" 1.01100000E+004"/>
</reaction>
<reaction formula="CH2CH[OH]C2H5+C3H6=sBuOH+aC3H5">
<rate A=" 5.60000000E+011" B=" 0.00000000E+000" E=" 1.24000000E+004"/>
</reaction>
<reaction formula="CH3C[OH]C2H5+C3H6=sBuOH+aC3H5">
<rate A=" 3.18000000E+012" B=" 0.00000000E+000" E=" 1.12000000E+004"/>
</reaction>
<reaction formula="CH3CH[OH]CHCH3+C3H6=sBuOH+aC3H5">
<rate A=" 2.87000000E+011" B=" 0.00000000E+000" E=" 1.23000000E+004"/>
</reaction>
<reaction formula="CH3CH[OH]CH2CH2+C3H6=sBuOH+aC3H5">
<rate A=" 5.60000000E+011" B=" 0.00000000E+000" E=" 1.24000000E+004"/>
</reaction>
<reaction formula="CH3CH[O]C2H5+C3H6=sBuOH+aC3H5">
<rate A=" 1.15000000E+007" B=" 1.75000000E+000" E=" 3.78940000E+003"/>
</reaction>
<reaction formula="CH2CH[OH]C2H5+C2H5OH=sBuOH+C2H5O-2">
<rate A=" 1.52000000E+006" B=" 1.88600000E+000" E=" 9.44834000E+003"/>
</reaction>
<reaction formula="sBuOH+C2H5O-2=CH3C[OH]C2H5+C2H5OH">
<rate A=" 1.74500000E+007" B=" 1.50500000E+000" E=" 1.45200000E+004"/>
</reaction>
<reaction formula="CH3CH[OH]CHCH3+C2H5OH=sBuOH+C2H5O-2">
<rate A=" 1.52000000E+006" B=" 1.88600000E+000" E=" 9.44834000E+003"/>
</reaction>
<reaction formula="CH3CH[OH]CH2CH2+C2H5OH=sBuOH+C2H5O-2">
<rate A=" 1.52000000E+006" B=" 1.88600000E+000" E=" 9.44834000E+003"/>
</reaction>
<reaction formula="CH3CH[O]C2H5+C2H5OH=sBuOH+C2H5O-2">
<rate A=" 1.58600000E+009" B=" 9.50000000E-001" E=" 5.64400000E+003"/>
</reaction>
<reaction formula="MEK+H=CH3C[OH]C2H5">
<rate A=" 1.00000000E+012" B=" 1.80000000E-001" E=" 6.58510000E+003"/>
</reaction>
<reaction formula="CH3+C3H6O=CH3CH[O]C2H5">
<rate A=" 3.16000000E+010" B=" 0.00000000E+000" E=" 1.15100000E+004"/>
</reaction>
<reaction formula="MEK+H=CH3CH[O]C2H5">
<rate A=" 1.00000000E+011" B=" 0.00000000E+000" E=" 1.19000000E+004"/>
</reaction>
<reaction formula="cH2C[O]C2H5+H2=MEK+H">
<rate A=" 1.56300000E+012" B=" 0.00000000E+000" E=" 2.11333000E+004"/>
</reaction>
<reaction formula="CH3C[O]CH2cH2+H2=MEK+H">
<rate A=" 4.57000000E+011" B=" 0.00000000E+000" E=" 1.48000000E+004"/>
</reaction>
<reaction formula="MEK+OH=cH2C[O]C2H5+H2O">
<rate A=" 1.55100000E+006" B=" 2.20000000E+000" E=" 1.00000000E+004"/>
</reaction>
<reaction formula="MEK+OH=CH3C[O]CH2cH2+H2O">
<rate A=" 3.60000000E+006" B=" 2.00000000E+000" E=" 8.60000000E+002"/>
</reaction>
<reaction formula="MEK+CH3=cH2C[O]C2H5+CH4">
<rate A=" 1.40700000E+006" B=" 1.75000000E+000" E=" 1.25321200E+004"/>
</reaction>
<reaction formula="MEK+CH3=CH3C[O]cHCH3+CH4">
<rate A=" 1.46000000E+013" B=" 0.00000000E+000" E=" 1.84000000E+004"/>
</reaction>
<reaction formula="MEK+CH3=CH3C[O]CH2cH2+CH4">
<rate A=" 8.34000000E+005" B=" 1.90000000E+000" E=" 1.10500000E+004"/>
</reaction>
<reaction formula="MEK+C2H3=cH2C[O]C2H5+C2H4">
<rate A=" 1.51100000E+013" B=" 0.00000000E+000" E=" 9.17500000E+003"/>
</reaction>
<reaction formula="MEK+C2H3=CH3C[O]CH2cH2+C2H4">
<rate A=" 1.51100000E+013" B=" 0.00000000E+000" E=" 9.17500000E+003"/>
</reaction>
<reaction formula="cH2C[O]C2H5+C2H6=MEK+C2H5">
<rate A=" 6.59000000E+002" B=" 2.71000000E+000" E=" 1.29200000E+004"/>
</reaction>
<reaction formula="MEK+C2H5=CH3C[O]cHCH3+C2H6">
<rate A=" 3.04000000E+006" B=" 1.88600000E+000" E=" 1.54483000E+004"/>
</reaction>
<reaction formula="CH3C[O]CH2cH2+C2H6=MEK+C2H5">
<rate A=" 6.59000000E+002" B=" 2.71000000E+000" E=" 1.29200000E+004"/>
</reaction>
<reaction formula="cH2C[O]C2H5+C3H6=MEK+aC3H5">
<rate A=" 2.90600000E+012" B=" 0.00000000E+000" E=" 1.73333000E+004"/>
</reaction>
<reaction formula="CH3C[O]cHCH3+C3H6=MEK+aC3H5">
<rate A=" 1.52000000E+012" B=" 0.00000000E+000" E=" 2.14000000E+004"/>
</reaction>
<reaction formula="CH3C[O]CH2cH2+C3H6=MEK+aC3H5">
<rate A=" 5.60000000E+011" B=" 0.00000000E+000" E=" 1.24000000E+004"/>
</reaction>
<reaction formula="CH3+C3H5OJ(8)=MEK">
<rate A=" 4.04000000E+015" B="-8.00000000E-001" E=" 0.00000000E+000"/>
</reaction>
<reaction formula="cH2C[O]C2H5+H=MEK">
<rate A=" 5.00000000E+013" B=" 0.00000000E+000" E=" 0.00000000E+000"/>
</reaction>
<reaction formula="CH2C[O]CH3+CH3=MEK">
<rate A=" 2.48700000E+015" B="-9.00000000E-001" E=" 2.50000000E+002"/>
</reaction>
<reaction formula="CH3C[O]CH2cH2+H=MEK">
<rate A=" 1.00000000E+014" B=" 0.00000000E+000" E=" 0.00000000E+000"/>
</reaction>
<reaction formula="HO2+cH2C[O]C2H5=O2+MEK">
<rate A=" 3.00000000E+011" B=" 0.00000000E+000" E=" 0.00000000E+000"/>
</reaction>
<reaction formula="HO2+CH3C[O]CH2cH2=O2+MEK">
<rate A=" 3.00000000E+011" B=" 0.00000000E+000" E=" 0.00000000E+000"/>
</reaction>
<reaction formula="C3H8+CO=MEK">
<rate A=" 5.38000000E+002" B=" 3.29000000E+000" E=" 1.04500000E+005"/>
</reaction>
<reaction formula="cHC[OH]C2H5+H2=MEKenol2+H">
<rate A=" 4.49000000E+012" B=" 0.00000000E+000" E=" 1.03000000E+004"/>
</reaction>
<reaction formula="MEKenol2+H=CH2C[OH]cHCH3+H2">
<rate A=" 1.39800000E+006" B=" 2.36000000E+000" E=" 1.11000000E+003"/>
</reaction>
<reaction formula="CH2C[OH]CH2cH2+H2=MEKenol2+H">
<rate A=" 4.57000000E+011" B=" 0.00000000E+000" E=" 1.48000000E+004"/>
</reaction>
<reaction formula="MEKenol2+H=cH2C[O]C2H5+H2">
<rate A=" 1.30000000E+011" B=" 8.20000000E-001" E=" 7.75000000E+003"/>
</reaction>
<reaction formula="MEKenol2+OH=cHC[OH]C2H5+H2O">
<rate A=" 1.02600000E+013" B=" 0.00000000E+000" E=" 5.94000000E+003"/>
</reaction>
<reaction formula="MEKenol2+OH=CH2C[OH]cHCH3+H2O">
<rate A=" 3.17300000E+009" B=" 9.50000000E-001" E=" 5.64400000E+003"/>
</reaction>
<reaction formula="MEKenol2+OH=CH2C[OH]CH2cH2+H2O">
<rate A=" 3.60000000E+006" B=" 2.00000000E+000" E=" 8.60000000E+002"/>
</reaction>
<reaction formula="MEKenol2+OH=cH2C[O]C2H5+H2O">
<rate A=" 1.73000000E+001" B=" 3.40000000E+000" E="-1.14000000E+003"/>
</reaction>
<reaction formula="cHC[OH]C2H5+CH4=MEKenol2+CH3">
<rate A=" 1.59000000E+014" B=" 0.00000000E+000" E=" 1.37000000E+004"/>
</reaction>
<reaction formula="MEKenol2+CH3=CH2C[OH]cHCH3+CH4">
<rate A=" 5.46000000E+013" B=" 0.00000000E+000" E=" 1.04000000E+004"/>
</reaction>
<reaction formula="MEKenol2+CH3=CH2C[OH]CH2cH2+CH4">
<rate A=" 8.34000000E+005" B=" 1.90000000E+000" E=" 1.10500000E+004"/>
</reaction>
<reaction formula="MEKenol2+CH3=cH2C[O]C2H5+CH4">
<rate A=" 9.07000000E+004" B=" 2.04000000E+000" E=" 1.08500000E+004"/>
</reaction>
<reaction formula="cHC[OH]C2H5+C2H4=MEKenol2+C2H3">
<rate A=" 1.47000000E+013" B=" 0.00000000E+000" E=" 1.31000000E+004"/>
</reaction>
<reaction formula="MEKenol2+C2H3=CH2C[OH]cHCH3+C2H4">
<rate A=" 1.02000000E+003" B=" 3.10000000E+000" E=" 8.82000000E+003"/>
</reaction>
<reaction formula="MEKenol2+C2H3=CH2C[OH]CH2cH2+C2H4">
<rate A=" 1.51000000E+013" B=" 0.00000000E+000" E=" 9.17500000E+003"/>
</reaction>
<reaction formula="MEKenol2+C2H3=cH2C[O]C2H5+C2H4">
<rate A=" 1.44000000E+001" B=" 3.10000000E+000" E=" 6.94000000E+003"/>
</reaction>
<reaction formula="cHC[OH]C2H5+C2H6=MEKenol2+C2H5">
<rate A=" 5.03600000E+012" B=" 0.00000000E+000" E=" 9.17500000E+003"/>
</reaction>
<reaction formula="MEKenol2+C2H5=CH2C[OH]cHCH3+C2H6">
<rate A=" 3.04000000E+006" B=" 1.88600000E+000" E=" 9.44833000E+003"/>
</reaction>
<reaction formula="CH2C[OH]CH2cH2+C2H6=MEKenol2+C2H5">
<rate A=" 6.59000000E+002" B=" 2.71000000E+000" E=" 1.29200000E+004"/>
</reaction>
<reaction formula="MEKenol2+C2H5=cH2C[O]C2H5+C2H6">
<rate A=" 1.48670000E+003" B=" 2.38600000E+000" E=" 9.69000000E+003"/>
</reaction>
<reaction formula="cHC[OH]C2H5+C3H6=MEKenol2+aC3H5">
<rate A=" 7.73000000E+012" B=" 0.00000000E+000" E=" 7.50000000E+003"/>
</reaction>
<reaction formula="MEKenol2+aC3H5=CH2C[OH]cHCH3+C3H6">
<rate A=" 3.04000000E+006" B=" 1.88600000E+000" E=" 9.44833000E+003"/>
</reaction>
<reaction formula="CH2C[OH]CH2cH2+C3H6=MEKenol2+aC3H5">
<rate A=" 5.60000000E+011" B=" 0.00000000E+000" E=" 1.24000000E+004"/>
</reaction>
<reaction formula="MEKenol2+aC3H5=cH2C[O]C2H5+C3H6">
<rate A=" 1.48670000E+003" B=" 2.38600000E+000" E=" 9.69000000E+003"/>
</reaction>
<reaction formula="MEKenol2+H=CH3C[OH]C2H5">
<rate A=" 4.94000000E+013" B=" 0.00000000E+000" E=" 1.50000000E+003"/>
</reaction>
<reaction formula="MEKenol2+H=CH2CH[OH]C2H5">
<rate A=" 1.17000000E+013" B=" 0.00000000E+000" E=" 4.70000000E+003"/>
</reaction>
<reaction formula="cHC[OH]C2H5+H=MEKenol2">
<rate A=" 5.36000000E+014" B=" 0.00000000E+000" E=" 9.80000000E+002"/>
</reaction>
<reaction formula="C2H3O-2+C2H5=MEKenol2">
<rate A=" 1.41600000E+013" B="-1.50000000E-001" E=" 2.91700000E+002"/>
</reaction>
<reaction formula="C4H7-12+OH=MEKenol2">
<rate A=" 1.41600000E+013" B="-1.50000000E-001" E=" 2.91700000E+002"/>
</reaction>
<reaction formula="CH2C[OH]CH2+CH3=MEKenol2">
<rate A=" 2.48700000E+015" B="-9.00000000E-001" E=" 2.50000000E+002"/>
</reaction>
<reaction formula="CH2C[OH]cHCH3+H=MEKenol2">
<rate A=" 5.00000000E+013" B=" 0.00000000E+000" E=" 0.00000000E+000"/>
</reaction>
<reaction formula="CH2C[OH]CH2cH2+H=MEKenol2">
<rate A=" 1.00000000E+014" B=" 0.00000000E+000" E=" 0.00000000E+000"/>
</reaction>
<reaction formula="cH2C[O]C2H5+H=MEKenol2">
<rate A=" 1.41600000E+013" B="-1.50000000E-001" E=" 2.91700000E+002"/>
</reaction>
<reaction formula="HO2+cHC[OH]C2H5=O2+MEKenol2">
<rate A=" 3.00000000E+011" B=" 0.00000000E+000" E=" 0.00000000E+000"/>
</reaction>
<reaction formula="HO2+CH2C[OH]cHCH3=O2+MEKenol2">
<rate A=" 3.00000000E+011" B=" 0.00000000E+000" E=" 0.00000000E+000"/>
</reaction>
<reaction formula="HO2+CH2C[OH]CH2cH2=O2+MEKenol2">
<rate A=" 3.00000000E+011" B=" 0.00000000E+000" E=" 0.00000000E+000"/>
</reaction>
<reaction formula="HO2+cH2C[O]C2H5=O2+MEKenol2">
<rate A=" 1.75000000E+010" B=" 0.00000000E+000" E="-3.27500000E+003"/>
</reaction>
<reaction formula="MEKenol+H=CH2C[OH]cHCH3+H2">
<rate A=" 1.29900000E+006" B=" 2.38000000E+000" E=" 2.80000000E+003"/>
</reaction>
<reaction formula="CH3C[OH]cCH3+H2=MEKenol+H">
<rate A=" 3.01000000E+012" B=" 0.00000000E+000" E=" 1.06000000E+004"/>
</reaction>
<reaction formula="MEKenol+H=CH3C[OH]CHcH2+H2">
<rate A=" 1.29900000E+006" B=" 2.38000000E+000" E=" 2.80000000E+003"/>
</reaction>
<reaction formula="MEKenol+H=CH3C[O]cHCH3+H2">
<rate A=" 1.30000000E+011" B=" 8.20000000E-001" E=" 7.75000000E+003"/>
</reaction>
<reaction formula="MEKenol+OH=CH2C[OH]cHCH3+H2O">
<rate A=" 3.44800000E+007" B=" 1.75000000E+000" E=" 3.78937000E+003"/>
</reaction>
<reaction formula="MEKenol+OH=CH3C[OH]cCH3+H2O">
<rate A=" 1.11000000E+006" B=" 2.00000000E+000" E=" 1.45000000E+003"/>
</reaction>
<reaction formula="MEKenol+OH=CH3C[OH]CHcH2+H2O">
<rate A=" 3.44800000E+007" B=" 1.75000000E+000" E=" 3.78937000E+003"/>
</reaction>
<reaction formula="MEKenol+OH=CH3C[O]cHCH3+H2O">
<rate A=" 1.73000000E+001" B=" 3.40000000E+000" E="-1.14000000E+003"/>
</reaction>
<reaction formula="MEKenol+CH3=CH2C[OH]cHCH3+CH4">
<rate A=" 2.41200000E+002" B=" 2.92000000E+000" E=" 7.16000000E+003"/>
</reaction>
<reaction formula="CH3C[OH]cCH3+CH4=MEKenol+CH3">
<rate A=" 1.59000000E+014" B=" 0.00000000E+000" E=" 1.37000000E+004"/>
</reaction>
<reaction formula="MEKenol+CH3=CH3C[OH]CHcH2+CH4">
<rate A=" 2.41200000E+002" B=" 2.92000000E+000" E=" 7.16000000E+003"/>
</reaction>
<reaction formula="MEKenol+CH3=CH3C[O]cHCH3+CH4">
<rate A=" 9.07000000E+004" B=" 2.04000000E+000" E=" 1.08500000E+004"/>
</reaction>
<reaction formula="MEKenol+C2H3=CH2C[OH]cHCH3+C2H4">
<rate A=" 2.31900000E+013" B=" 0.00000000E+000" E=" 7.50000000E+003"/>
</reaction>
<reaction formula="MEKenol+C2H3=CH3C[OH]cCH3+C2H4">
<rate A=" 8.42000000E-001" B=" 3.50000000E+000" E=" 9.67000000E+003"/>
</reaction>
<reaction formula="MEKenol+C2H3=CH3C[OH]CHcH2+C2H4">
<rate A=" 2.31900000E+013" B=" 0.00000000E+000" E=" 7.50000000E+003"/>
</reaction>
<reaction formula="MEKenol+C2H3=CH3C[O]cHCH3+C2H4">
<rate A=" 1.44000000E+001" B=" 3.10000000E+000" E=" 6.94000000E+003"/>
</reaction>
<reaction formula="MEKenol+C2H5=CH2C[OH]cHCH3+C2H6">
<rate A=" 1.68000000E+012" B=" 0.00000000E+000" E=" 1.24000000E+004"/>
</reaction>
<reaction formula="CH3C[OH]cCH3+C2H6=MEKenol+C2H5">
<rate A=" 5.03600000E+012" B=" 0.00000000E+000" E=" 9.17500000E+003"/>
</reaction>
<reaction formula="MEKenol+C2H5=CH3C[OH]CHcH2+C2H6">
<rate A=" 1.68000000E+012" B=" 0.00000000E+000" E=" 1.24000000E+004"/>
</reaction>
<reaction formula="MEKenol+C2H5=CH3C[O]cHCH3+C2H6">
<rate A=" 1.48670000E+003" B=" 2.38600000E+000" E=" 9.69000000E+003"/>
</reaction>
<reaction formula="MEKenol+aC3H5=CH2C[OH]cHCH3+C3H6">
<rate A=" 1.73400000E+013" B=" 0.00000000E+000" E=" 2.14000000E+004"/>
</reaction>
<reaction formula="CH3C[OH]cCH3+C3H6=MEKenol+aC3H5">
<rate A=" 5.52000000E+012" B=" 0.00000000E+000" E=" 7.50000000E+003"/>
</reaction>
<reaction formula="MEKenol+aC3H5=CH3C[OH]CHcH2+C3H6">
<rate A=" 1.73400000E+013" B=" 0.00000000E+000" E=" 2.14000000E+004"/>
</reaction>
<reaction formula="MEKenol+aC3H5=CH3C[O]cHCH3+C3H6">
<rate A=" 1.48670000E+003" B=" 2.38600000E+000" E=" 9.69000000E+003"/>
</reaction>
<reaction formula="MEKenol+H=CH3CH[OH]CHCH3">
<rate A=" 1.00000000E+013" B=" 0.00000000E+000" E=" 2.90000000E+003"/>
</reaction>
<reaction formula="MEKenol+H=CH3C[OH]C2H5">
<rate A=" 1.00000000E+013" B=" 0.00000000E+000" E=" 2.90000000E+003"/>
</reaction>
<reaction formula="CH3+CH3CHcOH=MEKenol">
<rate A=" 1.41600000E+013" B="-1.50000000E-001" E=" 2.91700000E+002"/>
</reaction>
<reaction formula="CH2C[OH]cHCH3+H=MEKenol">
<rate A=" 5.00000000E+013" B=" 0.00000000E+000" E=" 0.00000000E+000"/>
</reaction>
<reaction formula="C4H7-22+OH=MEKenol">
<rate A=" 1.41600000E+013" B="-1.50000000E-001" E=" 2.91700000E+002"/>
</reaction>
<reaction formula="CH3C[OH]cH+CH3=MEKenol">
<rate A=" 7.23000000E+013" B=" 0.00000000E+000" E=" 0.00000000E+000"/>
</reaction>
<reaction formula="CH3C[OH]cCH3+H=MEKenol">
<rate A=" 1.41600000E+013" B="-1.50000000E-001" E=" 2.91700000E+002"/>
</reaction>
<reaction formula="CH3C[OH]CHcH2+H=MEKenol">
<rate A=" 5.00000000E+013" B=" 0.00000000E+000" E=" 0.00000000E+000"/>
</reaction>
<reaction formula="CH3C[O]cHCH3+H=MEKenol">
<rate A=" 1.41600000E+013" B="-1.50000000E-001" E=" 2.91700000E+002"/>
</reaction>
<reaction formula="HO2+CH2C[OH]cHCH3=O2+MEKenol">
<rate A=" 3.00000000E+011" B=" 0.00000000E+000" E=" 0.00000000E+000"/>
</reaction>
<reaction formula="HO2+CH3C[OH]cCH3=O2+MEKenol">
<rate A=" 3.00000000E+011" B=" 0.00000000E+000" E=" 0.00000000E+000"/>
</reaction>
<reaction formula="HO2+CH3C[OH]CHcH2=O2+MEKenol">
<rate A=" 3.00000000E+011" B=" 0.00000000E+000" E=" 0.00000000E+000"/>
</reaction>
<reaction formula="HO2+CH3C[O]cHCH3=O2+MEKenol">
<rate A=" 1.75000000E+010" B=" 0.00000000E+000" E="-3.27500000E+003"/>
</reaction>
<reaction formula="cH2CH[OH]C2H3+H2=sC4H8O+H">
<rate A=" 4.57000000E+011" B=" 0.00000000E+000" E=" 1.48000000E+004"/>
</reaction>
<reaction formula="sC4H8O+H=CH3C[OH]CHcH2+H2">
<rate A=" 3.02000000E+006" B=" 2.16000000E+000" E="-4.50000000E+002"/>
</reaction>
<reaction formula="CH3CH[OH]cCH2+H2=sC4H8O+H">
<rate A=" 3.01000000E+012" B=" 0.00000000E+000" E=" 1.06000000E+004"/>
</reaction>
<reaction formula="CH3CH[OH]CHcH+H2=sC4H8O+H">
<rate A=" 4.49000000E+012" B=" 0.00000000E+000" E=" 1.03000000E+004"/>
</reaction>
<reaction formula="CH3CH[o]C2H3+H2=sC4H8O+H">
<rate A=" 6.32000000E-002" B=" 4.00000000E+000" E=" 4.91000000E+003"/>
</reaction>
<reaction formula="sC4H8O+OH=cH2CH[OH]C2H3+H2O">
<rate A=" 3.60000000E+006" B=" 2.00000000E+000" E=" 8.60000000E+002"/>
</reaction>
<reaction formula="sC4H8O+OH=CH3C[OH]CHcH2+H2O">
<rate A=" 6.56000000E+008" B=" 9.50000000E-001" E=" 3.99775000E+003"/>
</reaction>
<reaction formula="sC4H8O+OH=CH3CH[OH]cCH2+H2O">
<rate A=" 1.11000000E+006" B=" 2.00000000E+000" E=" 1.45000000E+003"/>
</reaction>
<reaction formula="sC4H8O+OH=CH3CH[OH]CHcH+H2O">
<rate A=" 1.02600000E+013" B=" 0.00000000E+000" E=" 5.94000000E+003"/>
</reaction>
<reaction formula="sC4H8O+OH=CH3CH[o]C2H3+H2O">
<rate A=" 1.73000000E+001" B=" 3.40000000E+000" E="-1.14000000E+003"/>
</reaction>
<reaction formula="sC4H8O+CH3=cH2CH[OH]C2H3+CH4">
<rate A=" 8.34000000E+005" B=" 1.90000000E+000" E=" 1.10500000E+004"/>
</reaction>
<reaction formula="sC4H8O+CH3=CH3C[OH]CHcH2+CH4">
<rate A=" 2.73000000E+013" B=" 0.00000000E+000" E=" 8.90000000E+003"/>
</reaction>
<reaction formula="CH3CH[OH]cCH2+CH4=sC4H8O+CH3">
<rate A=" 1.59000000E+014" B=" 0.00000000E+000" E=" 1.37000000E+004"/>
</reaction>
<reaction formula="CH3CH[OH]CHcH+CH4=sC4H8O+CH3">
<rate A=" 1.59000000E+014" B=" 0.00000000E+000" E=" 1.37000000E+004"/>
</reaction>
<reaction formula="CH3CH[o]C2H3+CH4=sC4H8O+CH3">
<rate A=" 1.55000000E-004" B=" 5.00000000E+000" E=" 5.58000000E+003"/>
</reaction>
<reaction formula="sC4H8O+C2H3=cH2CH[OH]C2H3+C2H4">
<rate A=" 1.51100000E+013" B=" 0.00000000E+000" E=" 9.17500000E+003"/>
</reaction>
<reaction formula="sC4H8O+C2H3=CH3C[OH]CHcH2+C2H4">
<rate A=" 7.63500000E+012" B=" 0.00000000E+000" E=" 7.72500000E+003"/>
</reaction>
<reaction formula="sC4H8O+C2H3=CH3CH[OH]cCH2+C2H4">
<rate A=" 8.42000000E-001" B=" 3.50000000E+000" E=" 9.67000000E+003"/>
</reaction>
<reaction formula="CH3CH[OH]CHcH+C2H4=sC4H8O+C2H3">
<rate A=" 1.47000000E+013" B=" 0.00000000E+000" E=" 1.31000000E+004"/>
</reaction>
<reaction formula="sC4H8O+C2H3=CH3CH[o]C2H3+C2H4">
<rate A=" 1.44000000E+001" B=" 3.10000000E+000" E=" 6.94000000E+003"/>
</reaction>
<reaction formula="cH2CH[OH]C2H3+C2H6=sC4H8O+C2H5">
<rate A=" 6.59000000E+002" B=" 2.71000000E+000" E=" 1.29200000E+004"/>
</reaction>
<reaction formula="sC4H8O+C2H5=CH3C[OH]CHcH2+C2H6">
<rate A=" 1.62100000E+009" B=" 1.00400000E+000" E=" 1.11286000E+004"/>
</reaction>
<reaction formula="CH3CH[OH]cCH2+C2H6=sC4H8O+C2H5">
<rate A=" 5.03600000E+012" B=" 0.00000000E+000" E=" 9.17500000E+003"/>
</reaction>
<reaction formula="CH3CH[OH]CHcH+C2H6=sC4H8O+C2H5">
<rate A=" 5.03600000E+012" B=" 0.00000000E+000" E=" 9.17500000E+003"/>
</reaction>
<reaction formula="CH3CH[o]C2H3+C2H6=sC4H8O+C2H5">
<rate A=" 4.74000000E+011" B=" 0.00000000E+000" E=" 7.00000000E+003"/>
</reaction>
<reaction formula="cH2CH[OH]C2H3+C3H6=sC4H8O+aC3H5">
<rate A=" 5.60000000E+011" B=" 0.00000000E+000" E=" 1.24000000E+004"/>
</reaction>
<reaction formula="sC4H8O+aC3H5=CH3C[OH]CHcH2+C3H6">
<rate A=" 1.62100000E+009" B=" 1.00400000E+000" E=" 1.11286000E+004"/>
</reaction>
<reaction formula="CH3CH[OH]cCH2+C3H6=sC4H8O+aC3H5">
<rate A=" 5.52000000E+012" B=" 0.00000000E+000" E=" 7.50000000E+003"/>
</reaction>
<reaction formula="CH3CH[OH]CHcH+C3H6=sC4H8O+aC3H5">
<rate A=" 7.73000000E+012" B=" 0.00000000E+000" E=" 7.50000000E+003"/>
</reaction>
<reaction formula="CH3CH[o]C2H3+C3H6=sC4H8O+aC3H5">
<rate A=" 1.14900000E+007" B=" 1.75000000E+000" E=" 3.78937000E+003"/>
</reaction>
<reaction formula="sC4H8O+H=CH3CH[OH]CH2CH2">
<rate A=" 1.18000000E+013" B=" 0.00000000E+000" E=" 3.80000000E+003"/>
</reaction>
<reaction formula="sC4H8O+H=CH3CH[OH]CHCH3">
<rate A=" 2.01000000E+013" B=" 0.00000000E+000" E=" 2.10000000E+003"/>
</reaction>
<reaction formula="CH3+C3H5O-enol2=sC4H8O">
<rate A=" 6.80000000E+014" B="-6.80000000E-001" E=" 0.00000000E+000"/>
</reaction>
<reaction formula="cH2CH[OH]C2H3+H=sC4H8O">
<rate A=" 1.00000000E+014" B=" 0.00000000E+000" E=" 0.00000000E+000"/>
</reaction>
<reaction formula="C2H5O-2+C2H3=sC4H8O">
<rate A=" 1.41600000E+013" B="-1.50000000E-001" E=" 2.91700000E+002"/>
</reaction>
<reaction formula="C4H7-24+OH=sC4H8O">
<rate A=" 1.41600000E+013" B="-1.50000000E-001" E=" 2.91700000E+002"/>
</reaction>
<reaction formula="CH3C[OH]CHcH2+H=sC4H8O">
<rate A=" 5.00000000E+013" B=" 0.00000000E+000" E=" 0.00000000E+000"/>
</reaction>
<reaction formula="CH3CH[OH]cCH2+H=sC4H8O">
<rate A=" 1.41600000E+013" B="-1.50000000E-001" E=" 2.91700000E+002"/>
</reaction>
<reaction formula="CH3CH[OH]CHcH+H=sC4H8O">
<rate A=" 5.36000000E+014" B=" 0.00000000E+000" E=" 9.80000000E+002"/>
</reaction>
<reaction formula="CH3CH[o]C2H3+H=sC4H8O">
<rate A=" 1.41600000E+013" B="-1.50000000E-001" E=" 2.91700000E+002"/>
</reaction>
<reaction formula="HO2+cH2CH[OH]C2H3=O2+sC4H8O">
<rate A=" 3.00000000E+011" B=" 0.00000000E+000" E=" 0.00000000E+000"/>
</reaction>
<reaction formula="HO2+CH3C[OH]CHcH2=O2+sC4H8O">
<rate A=" 3.00000000E+011" B=" 0.00000000E+000" E=" 0.00000000E+000"/>
</reaction>
<reaction formula="HO2+CH3CH[OH]cCH2=O2+sC4H8O">
<rate A=" 3.00000000E+011" B=" 0.00000000E+000" E=" 0.00000000E+000"/>
</reaction>
<reaction formula="HO2+CH3CH[OH]CHcH=O2+sC4H8O">
<rate A=" 3.00000000E+011" B=" 0.00000000E+000" E=" 0.00000000E+000"/>
</reaction>
<reaction formula="HO2+CH3CH[o]C2H3=O2+sC4H8O">
<rate A=" 1.75000000E+010" B=" 0.00000000E+000" E="-3.27500000E+003"/>
</reaction>
<reaction formula="CH2CO+C2H5=cH2C[O]C2H5">
<rate A=" 1.93000000E+011" B=" 4.00000000E-002" E=" 9.29000000E+003"/>
</reaction>
<reaction formula="C4H7-12+O=cH2C[O]C2H5">
<rate A=" 1.00000000E+013" B=" 0.00000000E+000" E=" 0.00000000E+000"/>
</reaction>
<reaction formula="CH3+C3H4O-enone=CH3C[O]cHCH3">
<rate A=" 2.81500000E+012" B=" 0.00000000E+000" E=" 7.85667000E+003"/>
</reaction>
<reaction formula="C4H7-22+O=CH3C[O]cHCH3">
<rate A=" 1.00000000E+013" B=" 0.00000000E+000" E=" 0.00000000E+000"/>
</reaction>
<reaction formula="CH3CO+C2H4=CH3C[O]CH2cH2">
<rate A=" 5.20110000E+000" B=" 0.00000000E+000" E=" 6.56000000E+003"/>
</reaction>
<reaction formula="C3H7-1+CO=CH3C[O]CH2cH2">
<rate A=" 5.38000000E+002" B=" 3.29000000E+000" E=" 1.04500000E+005"/>
</reaction>
<reaction formula="C4H6-12+OH=CH2C[OH]cHCH3">
<rate A=" 2.74000000E+010" B=" 5.70000000E-001" E=" 3.78889000E+003"/>
</reaction>
<reaction formula="C2H3O-2+C2H4=CH2C[OH]CH2cH2">
<rate A=" 7.24000000E+012" B=" 0.00000000E+000" E=" 4.50000000E+003"/>
</reaction>
<reaction formula="HCCOH+C2H5=cHC[OH]C2H5">
<rate A=" 2.00000000E+010" B=" 0.00000000E+000" E=" 6.97500000E+003"/>
</reaction>
<reaction formula="C4H6-1+OH=cHC[OH]C2H5">
<rate A=" 7.60000000E+007" B=" 1.70000000E+000" E=" 1.00000000E+003"/>
</reaction>
<reaction formula="C4H6-2+OH=CH3C[OH]cCH3">
<rate A=" 7.60000000E+007" B=" 1.70000000E+000" E=" 1.00000000E+003"/>
</reaction>
<reaction formula="CH3+HCCOH=CH3C[OH]cH">
<rate A=" 1.99000000E+013" B=" 0.00000000E+000" E=" 1.21000000E+004"/>
</reaction>
<reaction formula="HCCOH+CH3=CH3CHcOH">
<rate A=" 1.32000000E+014" B=" 0.00000000E+000" E=" 1.03000000E+004"/>
</reaction>
<reaction formula="C2H4O+C2H3=cH2CH[OH]C2H3">
<rate A=" 1.49030000E+002" B=" 3.00000000E+000" E=" 1.01708000E+004"/>
</reaction>
<reaction formula="C4H6-13+OH=cH2CH[OH]C2H3">
<rate A=" 2.71000000E+012" B=" 0.00000000E+000" E=" 0.00000000E+000"/>
</reaction>
<reaction formula="C4H6-12+OH=CH3CH[OH]cCH2">
<rate A=" 2.74000000E+010" B=" 5.70000000E-001" E=" 3.78889000E+003"/>
</reaction>
<reaction formula="C2H5O-2+C2H2=CH3CH[OH]CHcH">
<rate A=" 2.50500000E+010" B=" 0.00000000E+000" E=" 6.90000000E+003"/>
</reaction>
<reaction formula="CH3+C3H4O=CH3CH[o]C2H3">
<rate A=" 3.16000000E+010" B=" 0.00000000E+000" E=" 1.15100000E+004"/>
</reaction>
<reaction formula="CH3CHO+C2H3=CH3CH[o]C2H3">
<rate A=" 3.28000000E+007" B=" 1.50000000E+000" E=" 7.33540000E+003"/>
</reaction>
<reaction formula="nC4H10O(+M)=CH3+C3H7O-N1(+M)">
<rate A=" 1.00000000E+000" B=" 0.00000000E+000" E=" 0.00000000E+000"/>
<auxiliary keyword="TCHEB">
<data> 3.00000000E+002</data>
<data> 2.10000000E+003</data>
</auxiliary>
<auxiliary keyword="PCHEB">
<data> 9.86923267E-003</data>
<data> 9.86923267E+001</data>
</auxiliary>
<auxiliary keyword="CHEB">
<data>     4</data>
<data>     4</data>
</auxiliary>
<auxiliary keyword="CHEB">
<data>-2.06730000E+001</data>
<data> 4.48010000E-001</data>
<data>-4.07680000E-002</data>
<data> 2.34630000E-003</data>
</auxiliary>
<auxiliary keyword="CHEB">
<data> 2.68730000E+001</data>
<data> 7.19380000E-001</data>
<data>-7.53500000E-002</data>
<data> 2.65020000E-003</data>
</auxiliary>
<auxiliary keyword="CHEB">
<data>-1.09850000E+000</data>
<data> 5.79370000E-001</data>
<data>-1.64520000E-002</data>
<data>-2.09560000E-003</data>
</auxiliary>
<auxiliary keyword="CHEB">
<data>-8.51000000E-001</data>
<data> 3.27620000E-001</data>
<data> 2.41160000E-002</data>
<data>-2.23970000E-003</data>
</auxiliary>
</reaction>
<reaction formula="nC4H10O(+M)=C2H5+C2H5O-1(+M)">
<rate A=" 1.00000000E+000" B=" 0.00000000E+000" E=" 0.00000000E+000"/>
<auxiliary keyword="TCHEB">
<data> 3.00000000E+002</data>
<data> 2.10000000E+003</data>
</auxiliary>
<auxiliary keyword="PCHEB">
<data> 9.86923267E-003</data>
<data> 9.86923267E+001</data>
</auxiliary>
<auxiliary keyword="CHEB">
<data>     4</data>
<data>     4</data>
</auxiliary>
<auxiliary keyword="CHEB">
<data>-1.98340000E+001</data>
<data> 4.34800000E-001</data>
<data>-3.87900000E-002</data>
<data> 2.11000000E-003</data>
</auxiliary>
<auxiliary keyword="CHEB">
<data> 2.66550000E+001</data>
<data> 6.96890000E-001</data>
<data>-7.22120000E-002</data>
<data> 2.45360000E-003</data>
</auxiliary>
<auxiliary keyword="CHEB">
<data>-1.07680000E+000</data>
<data> 5.68930000E-001</data>
<data>-1.64620000E-002</data>
<data>-1.95180000E-003</data>
</auxiliary>
<auxiliary keyword="CHEB">
<data>-8.40500000E-001</data>
<data> 3.27060000E-001</data>
<data> 2.28000000E-002</data>
<data>-2.17000000E-003</data>
</auxiliary>
</reaction>
<reaction formula="nC4H10O(+M)=C3H7-1+CH2OH(+M)">
<rate A=" 1.00000000E+000" B=" 0.00000000E+000" E=" 0.00000000E+000"/>
<auxiliary keyword="TCHEB">
<data> 3.00000000E+002</data>
<data> 2.10000000E+003</data>
</auxiliary>
<auxiliary keyword="PCHEB">
<data> 9.86923267E-003</data>
<data> 9.86923267E+001</data>
</auxiliary>
<auxiliary keyword="CHEB">
<data>     4</data>
<data>     4</data>
</auxiliary>
<auxiliary keyword="CHEB">
<data>-1.86150000E+001</data>
<data> 3.92460000E-001</data>
<data>-3.28180000E-002</data>
<data> 1.47100000E-003</data>
</auxiliary>
<auxiliary keyword="CHEB">
<data> 2.58840000E+001</data>
<data> 6.24340000E-001</data>
<data>-6.23520000E-002</data>
<data> 1.87410000E-003</data>
</auxiliary>
<auxiliary keyword="CHEB">
<data>-1.00370000E+000</data>
<data> 5.33200000E-001</data>
<data>-1.62080000E-002</data>
<data>-1.56380000E-003</data>
</auxiliary>
<auxiliary keyword="CHEB">
<data>-8.03360000E-001</data>
<data> 3.23470000E-001</data>
<data> 1.86290000E-002</data>
<data>-1.92960000E-003</data>
</auxiliary>
</reaction>
<reaction formula="CH2O+pC3H3=HCO+pC3H4">
<rate A=" 5.50000000E+003" B=" 2.81000000E+000" E=" 5.86000000E+003"/>
</reaction>
<reaction formula="HCO+aC3H4=CH2O+pC3H3">
<rate A=" 5.58900000E+009" B=" 9.76000000E-001" E=" 1.51882500E+004"/>
</reaction>
<reaction formula="pC3H5(+M)=C2H2+CH3(+M)">
<rate A=" 1.00000000E+000" B=" 0.00000000E+000" E=" 0.00000000E+000"/>
<auxiliary keyword="TCHEB">
<data> 3.00000000E+002</data>
<data> 2.10000000E+003</data>
</auxiliary>
<auxiliary keyword="PCHEB">
<data> 9.86923267E-003</data>
<data> 9.86923267E+001</data>
</auxiliary>
<auxiliary keyword="CHEB">
<data>     4</data>
<data>     4</data>
</auxiliary>
<auxiliary keyword="CHEB">
<data>-9.72060000E-001</data>
<data> 1.60060000E+000</data>
<data>-1.82140000E-001</data>
<data>-3.64220000E-002</data>
</auxiliary>
<auxiliary keyword="CHEB">
<data> 9.34440000E+000</data>
<data> 3.93590000E-001</data>
<data> 1.60240000E-001</data>
<data> 1.84990000E-002</data>
</auxiliary>
<auxiliary keyword="CHEB">
<data>-9.24660000E-001</data>
<data> 3.33500000E-002</data>
<data> 3.07840000E-002</data>
<data> 1.62360000E-002</data>
</auxiliary>
<auxiliary keyword="CHEB">
<data>-3.37010000E-001</data>
<data>-2.67730000E-002</data>
<data>-8.46570000E-003</data>
<data> 1.46930000E-003</data>
</auxiliary>
</reaction>
<reaction formula="nC4H10O(+M)=C4H9O-1+H(+M)">
<rate A=" 1.00000000E+000" B=" 0.00000000E+000" E=" 0.00000000E+000"/>
<auxiliary keyword="TCHEB">
<data> 3.00000000E+002</data>
<data> 2.10000000E+003</data>
</auxiliary>
<auxiliary keyword="PCHEB">
<data> 9.86923267E-003</data>
<data> 9.86923267E+001</data>
</auxiliary>
<auxiliary keyword="CHEB">
<data>     4</data>
<data>     4</data>
</auxiliary>
<auxiliary keyword="CHEB">
<data>-2.67420000E+001</data>
<data> 7.26320000E-001</data>
<data>-9.56200000E-002</data>
<data> 1.21550000E-002</data>
</auxiliary>
<auxiliary keyword="CHEB">
<data> 2.99030000E+001</data>
<data> 1.15710000E+000</data>
<data>-1.41330000E-001</data>
<data> 7.05420000E-003</data>
</auxiliary>
<auxiliary keyword="CHEB">
<data>-1.44640000E+000</data>
<data> 7.30230000E-001</data>
<data>-5.89070000E-003</data>
<data>-7.57620000E-003</data>
</auxiliary>
<auxiliary keyword="CHEB">
<data>-9.90880000E-001</data>
<data> 3.05270000E-001</data>
<data> 4.90130000E-002</data>
<data>-2.49760000E-003</data>
</auxiliary>
</reaction>
<reaction formula="nC4H10O(+M)=C4H9O-2+H(+M)">
<rate A=" 1.00000000E+000" B=" 0.00000000E+000" E=" 0.00000000E+000"/>
<auxiliary keyword="TCHEB">
<data> 3.00000000E+002</data>
<data> 2.10000000E+003</data>
</auxiliary>
<auxiliary keyword="PCHEB">
<data> 9.86923267E-003</data>
<data> 9.86923267E+001</data>
</auxiliary>
<auxiliary keyword="CHEB">
<data>     4</data>
<data>     4</data>
</auxiliary>
<auxiliary keyword="CHEB">
<data>-2.58030000E+001</data>
<data> 6.39490000E-001</data>
<data>-7.58050000E-002</data>
<data> 8.05010000E-003</data>
</auxiliary>
<auxiliary keyword="CHEB">
<data> 2.91970000E+001</data>
<data> 1.02980000E+000</data>
<data>-1.21650000E-001</data>
<data> 5.88470000E-003</data>
</auxiliary>
<auxiliary keyword="CHEB">
<data>-1.35750000E+000</data>
<data> 6.95780000E-001</data>
<data>-1.11110000E-002</data>
<data>-5.46880000E-003</data>
</auxiliary>
<auxiliary keyword="CHEB">
<data>-9.59960000E-001</data>
<data> 3.16330000E-001</data>
<data> 4.23000000E-002</data>
<data>-2.77580000E-003</data>
</auxiliary>
</reaction>
<reaction formula="nC4H10O(+M)=C4H9O-3+H(+M)">
<rate A=" 1.00000000E+000" B=" 0.00000000E+000" E=" 0.00000000E+000"/>
<auxiliary keyword="TCHEB">
<data> 3.00000000E+002</data>
<data> 2.10000000E+003</data>
</auxiliary>
<auxiliary keyword="PCHEB">
<data> 9.86923267E-003</data>
<data> 9.86923267E+001</data>
</auxiliary>
<auxiliary keyword="CHEB">
<data>     4</data>
<data>     4</data>
</auxiliary>
<auxiliary keyword="CHEB">
<data>-2.59530000E+001</data>
<data> 6.39490000E-001</data>
<data>-7.58050000E-002</data>
<data> 8.05010000E-003</data>
</auxiliary>
<auxiliary keyword="CHEB">
<data> 2.91970000E+001</data>
<data> 1.02980000E+000</data>
<data>-1.21650000E-001</data>
<data> 5.88470000E-003</data>
</auxiliary>
<auxiliary keyword="CHEB">
<data>-1.35750000E+000</data>
<data> 6.95780000E-001</data>
<data>-1.11110000E-002</data>
<data>-5.46880000E-003</data>
</auxiliary>
<auxiliary keyword="CHEB">
<data>-9.59960000E-001</data>
<data> 3.16330000E-001</data>
<data> 4.23000000E-002</data>
<data>-2.77580000E-003</data>
</auxiliary>
</reaction>
<reaction formula="nC4H10O(+M)=C4H9O-4+H(+M)">
<rate A=" 1.00000000E+000" B=" 0.00000000E+000" E=" 0.00000000E+000"/>
<auxiliary keyword="TCHEB">
<data> 3.00000000E+002</data>
<data> 2.10000000E+003</data>
</auxiliary>
<auxiliary keyword="PCHEB">
<data> 9.86923267E-003</data>
<data> 9.86923267E+001</data>
</auxiliary>
<auxiliary keyword="CHEB">
<data>     4</data>
<data>     4</data>
</auxiliary>
<auxiliary keyword="CHEB">
<data>-2.48970000E+001</data>
<data> 5.58180000E-001</data>
<data>-5.94550000E-002</data>
<data> 5.08250000E-003</data>
</auxiliary>
<auxiliary keyword="CHEB">
<data> 2.83690000E+001</data>
<data> 9.02210000E-001</data>
<data>-1.02090000E-001</data>
<data> 4.49860000E-003</data>
</auxiliary>
<auxiliary keyword="CHEB">
<data>-1.25930000E+000</data>
<data> 6.53870000E-001</data>
<data>-1.45460000E-002</data>
<data>-3.76230000E-003</data>
</auxiliary>
<auxiliary keyword="CHEB">
<data>-9.22130000E-001</data>
<data> 3.24450000E-001</data>
<data> 3.49600000E-002</data>
<data>-2.69350000E-003</data>
</auxiliary>
</reaction>
<reaction formula="nC4H10O(+M)=C4H9O-5+H(+M)">
<rate A=" 1.00000000E+000" B=" 0.00000000E+000" E=" 0.00000000E+000"/>
<auxiliary keyword="TCHEB">
<data> 3.00000000E+002</data>
<data> 2.10000000E+003</data>
</auxiliary>
<auxiliary keyword="PCHEB">
<data> 9.86923267E-003</data>
<data> 9.86923267E+001</data>
</auxiliary>
<auxiliary keyword="CHEB">
<data>     4</data>
<data>     4</data>
</auxiliary>
<auxiliary keyword="CHEB">
<data>-3.04940000E+001</data>
<data> 8.50190000E-001</data>
<data>-1.27770000E-001</data>
<data> 1.96330000E-002</data>
</auxiliary>
<auxiliary keyword="CHEB">
<data> 3.06880000E+001</data>
<data> 1.32150000E+000</data>
<data>-1.65910000E-001</data>
<data> 7.70330000E-003</data>
</auxiliary>
<auxiliary keyword="CHEB">
<data>-1.54980000E+000</data>
<data> 7.64960000E-001</data>
<data> 3.38950000E-003</data>
<data>-1.07490000E-002</data>
</auxiliary>
<auxiliary keyword="CHEB">
<data>-1.02360000E+000</data>
<data> 2.88550000E-001</data>
<data> 5.62750000E-002</data>
<data>-1.42440000E-003</data>
</auxiliary>
</reaction>
<reaction formula="nC4H10O(+M)=C4H9-1+OH(+M)">
<rate A=" 1.00000000E+000" B=" 0.00000000E+000" E=" 0.00000000E+000"/>
<auxiliary keyword="TCHEB">
<data> 3.00000000E+002</data>
<data> 2.10000000E+003</data>
</auxiliary>
<auxiliary keyword="PCHEB">
<data> 9.86923267E-003</data>
<data> 9.86923267E+001</data>
</auxiliary>
<auxiliary keyword="CHEB">
<data>     4</data>
<data>     4</data>
</auxiliary>
<auxiliary keyword="CHEB">
<data>-2.45540000E+001</data>
<data> 5.40240000E-001</data>
<data>-5.61400000E-002</data>
<data> 4.53910000E-003</data>
</auxiliary>
<auxiliary keyword="CHEB">
<data> 2.81590000E+001</data>
<data> 8.73120000E-001</data>
<data>-9.77110000E-002</data>
<data> 4.18220000E-003</data>
</auxiliary>
<auxiliary keyword="CHEB">
<data>-1.23540000E+000</data>
<data> 6.43190000E-001</data>
<data>-1.50800000E-002</data>
<data>-3.43510000E-003</data>
</auxiliary>
<auxiliary keyword="CHEB">
<data>-9.12300000E-001</data>
<data> 3.25720000E-001</data>
<data> 3.32380000E-002</data>
<data>-2.64010000E-003</data>
</auxiliary>
</reaction>
<reaction formula="nC4H8O+O=C4H7OJ(16)+OH">
<rate A=" 2.56500000E+004" B=" 3.05000000E+000" E=" 3.12300000E+003"/>
</reaction>
<reaction formula="nC4H8O+O=C4H7OJ(13)+OH">
<rate A=" 4.78000000E+004" B=" 2.71000000E+000" E=" 2.11000000E+003"/>
</reaction>
<reaction formula="nC4H8O+O=C4H7OJ(12)+OH">
<rate A=" 4.78000000E+004" B=" 2.71000000E+000" E=" 2.11000000E+003"/>
</reaction>
<reaction formula="benzene+CH3=CH4+C6H5">
<rate A=" 4.91900000E+003" B=" 2.90200000E+000" E=" 1.52990000E+004"/>
</reaction>
<reaction formula="C7H8+H=C7H9">
<rate A=" 2.73400000E+006" B=" 1.76800000E+000" E=" 5.81400000E+003"/>
</reaction>
<reaction formula="C7H8+OH=H2O+C6H5CH2">
<rate A=" 1.81000000E+005" B=" 2.39000000E+000" E="-6.02290000E+002"/>
</reaction>
<reaction formula="C7H8+CH3=CH4+C6H5CH2">
<rate A=" 4.90000000E+012" B=" 0.00000000E+000" E=" 1.31000000E+004"/>
</reaction>
<reaction formula="C2H5O-2+O2=HO2+C2H4O">
<rate A=" 7.56000000E+011" B=" 0.00000000E+000" E=" 0.00000000E+000"/>
</reaction>
<reaction formula="C2H5O-2+O2=HO2+CH3CHO">
<rate A=" 2.28000000E+013" B=" 0.00000000E+000" E=" 0.00000000E+000"/>
</reaction>
<reaction formula="sBuOH+nC4H5=CH2CH[OH]C2H5+C4H6-13">
<rate A=" 1.51100000E+013" B=" 0.00000000E+000" E=" 9.17500000E+003"/>
</reaction>
<reaction formula="sBuOH+nC4H5=CH3C[OH]C2H5+C4H6-13">
<rate A=" 8.95000000E+013" B=" 0.00000000E+000" E=" 6.20000000E+003"/>
</reaction>
<reaction formula="sBuOH+nC4H5=CH3CH[OH]CHCH3+C4H6-13">
<rate A=" 1.02000000E+003" B=" 3.10000000E+000" E=" 8.82000000E+003"/>
</reaction>
<reaction formula="sBuOH+nC4H5=CH3CH[OH]CH2CH2+C4H6-13">
<rate A=" 1.51100000E+013" B=" 0.00000000E+000" E=" 9.17500000E+003"/>
</reaction>
<reaction formula="sBuOH+nC4H5=CH3CH[O]C2H5+C4H6-13">
<rate A=" 1.44000000E+001" B=" 3.10000000E+000" E=" 6.94000000E+003"/>
</reaction>
<reaction formula="CH2CH[OH]C2H5+C4H6-13=sBuOH+iC4H5">
<rate A=" 5.06000000E+012" B=" 0.00000000E+000" E=" 1.62500000E+004"/>
</reaction>
<reaction formula="sBuOH+iC4H5=CH3C[OH]C2H5+C4H6-13">
<rate A=" 6.51400000E+011" B=" 0.00000000E+000" E=" 9.25000000E+003"/>
</reaction>
<reaction formula="sBuOH+iC4H5=CH3CH[OH]CHCH3+C4H6-13">
<rate A=" 1.02000000E+003" B=" 3.10000000E+000" E=" 8.82000000E+003"/>
</reaction>
<reaction formula="CH3CH[OH]CH2CH2+C4H6-13=sBuOH+iC4H5">
<rate A=" 5.06000000E+012" B=" 0.00000000E+000" E=" 1.62500000E+004"/>
</reaction>
<reaction formula="CH3CH[O]C2H5+C4H6-13=sBuOH+iC4H5">
<rate A=" 1.11000000E+006" B=" 2.00000000E+000" E=" 1.45000000E+003"/>
</reaction>
<reaction formula="nC4H5+aC3H5=C4H6-13+aC3H4">
<rate A=" 2.41000000E+012" B=" 0.00000000E+000" E=" 0.00000000E+000"/>
</reaction>
<reaction formula="iC4H5+aC3H5=C4H6-13+aC3H4">
<rate A=" 2.41000000E+012" B=" 0.00000000E+000" E=" 0.00000000E+000"/>
</reaction>
<reaction formula="iC4H5+aC3H5=C4H6-12+aC3H4">
<rate A=" 8.43000000E+010" B=" 0.00000000E+000" E="-2.60000000E+002"/>
</reaction>
<reaction formula="C2H+C4H7-24=C2H2+C4H6-12">
<rate A=" 5.41300000E+012" B="-8.87500000E-002" E="-3.65625000E+001"/>
</reaction>
<reaction formula="C2H+C4H7-24=C2H2+C4H6-13">
<rate A=" 1.08300000E+013" B=" 0.00000000E+000" E=" 0.00000000E+000"/>
</reaction>
<reaction formula="aC3H5+C4H7-24=C3H6+C4H6-12">
<rate A=" 8.43000000E+010" B=" 0.00000000E+000" E="-2.60000000E+002"/>
</reaction>
<reaction formula="aC3H5+C4H7-24=C3H6+C4H6-13">
<rate A=" 6.87000000E+013" B="-3.50000000E-001" E="-1.30000000E+002"/>
</reaction>
<reaction formula="sBuOH+H=H2+CH3C[OH]C2H5">
<rate A=" 4.14000000E+005" B=" 2.34000000E+000" E=" 2.68000000E+003"/>
</reaction>
<reaction formula="sBuOH+H=H2+CH3CH[OH]CHCH3">
<rate A=" 8.65000000E+005" B=" 2.30000000E+000" E=" 4.68000000E+003"/>
</reaction>
<reaction formula="sBuOH+H=H2+CH3CH[O]C2H5">
<rate A=" 5.01000000E+004" B=" 2.64000000E+000" E=" 7.15000000E+003"/>
</reaction>
<reaction formula="sBuOH+H=H2+CH2CH[OH]C2H5">
<rate A=" 5.68000000E+006" B=" 2.21000000E+000" E=" 7.50000000E+003"/>
</reaction>
<reaction formula="sBuOH+H=H2+CH3CH[OH]CH2CH2">
<rate A=" 1.68000000E+006" B=" 2.21000000E+000" E=" 9.58000000E+003"/>
</reaction>
<reaction formula="sBuOH+CH3=CH4+CH3C[OH]C2H5">
<rate A=" 3.89000000E-001" B=" 3.53000000E+000" E=" 4.01000000E+003"/>
</reaction>
<reaction formula="sBuOH+CH3=CH4+CH3CH[OH]CHCH3">
<rate A=" 1.21000000E+001" B=" 3.43000000E+000" E=" 9.58000000E+003"/>
</reaction>
<reaction formula="sBuOH+CH3=CH4+CH3CH[O]C2H5">
<rate A=" 1.53000000E-002" B=" 3.92000000E+000" E=" 7.89000000E+003"/>
</reaction>
<reaction formula="sBuOH+CH3=CH4+CH2CH[OH]C2H5">
<rate A=" 1.42000000E+000" B=" 3.60000000E+000" E=" 1.10500000E+004"/>
</reaction>
<reaction formula="sBuOH+CH3=CH4+CH3CH[OH]CH2CH2">
<rate A=" 1.59000000E+000" B=" 3.62000000E+000" E=" 1.34300000E+004"/>
</reaction>
<reaction formula="sBuOH(+M)=CH3+HOCHC2H5(+M)">
<rate A=" 1.00000000E+000" B=" 0.00000000E+000" E=" 0.00000000E+000"/>
<auxiliary keyword="TCHEB">
<data> 3.00000000E+002</data>
<data> 2.10000000E+003</data>
</auxiliary>
<auxiliary keyword="PCHEB">
<data> 9.86923267E-003</data>
<data> 9.86923267E+001</data>
</auxiliary>
<auxiliary keyword="CHEB">
<data>     4</data>
<data>     4</data>
</auxiliary>
<auxiliary keyword="CHEB">
<data>-1.96010000E+001</data>
<data> 4.75150000E-001</data>
<data>-5.36700000E-002</data>
<data> 6.66530000E-003</data>
</auxiliary>
<auxiliary keyword="CHEB">
<data> 2.61920000E+001</data>
<data> 7.59080000E-001</data>
<data>-9.46170000E-002</data>
<data> 9.52450000E-003</data>
</auxiliary>
<auxiliary keyword="CHEB">
<data>-1.15670000E+000</data>
<data> 6.24900000E-001</data>
<data>-3.77220000E-002</data>
<data> 4.40720000E-003</data>
</auxiliary>
<auxiliary keyword="CHEB">
<data>-9.01560000E-001</data>
<data> 3.64550000E-001</data>
<data> 7.53530000E-003</data>
<data> 2.01540000E-003</data>
</auxiliary>
</reaction>
<reaction formula="sBuOH(+M)=CH2CH[OH]C2H5+H(+M)">
<rate A=" 1.00000000E+000" B=" 0.00000000E+000" E=" 0.00000000E+000"/>
<auxiliary keyword="TCHEB">
<data> 3.00000000E+002</data>
<data> 2.10000000E+003</data>
</auxiliary>
<auxiliary keyword="PCHEB">
<data> 9.86923267E-003</data>
<data> 9.86923267E+001</data>
</auxiliary>
<auxiliary keyword="CHEB">
<data>     4</data>
<data>     4</data>
</auxiliary>
<auxiliary keyword="CHEB">
<data>-2.84880000E+001</data>
<data> 8.59470000E-001</data>
<data>-1.35540000E-001</data>
<data> 2.28900000E-002</data>
</auxiliary>
<auxiliary keyword="CHEB">
<data> 2.98940000E+001</data>
<data> 1.34530000E+000</data>
<data>-1.86160000E-001</data>
<data> 1.70710000E-002</data>
</auxiliary>
<auxiliary keyword="CHEB">
<data>-1.60860000E+000</data>
<data> 8.18480000E-001</data>
<data>-2.69010000E-002</data>
<data>-9.13500000E-004</data>
</auxiliary>
<auxiliary keyword="CHEB">
<data>-1.07820000E+000</data>
<data> 3.36760000E-001</data>
<data> 3.34560000E-002</data>
<data> 4.09370000E-003</data>
</auxiliary>
</reaction>
<reaction formula="sBuOH(+M)=C2H5O-2+C2H5(+M)">
<rate A=" 1.00000000E+000" B=" 0.00000000E+000" E=" 0.00000000E+000"/>
<auxiliary keyword="TCHEB">
<data> 3.00000000E+002</data>
<data> 2.10000000E+003</data>
</auxiliary>
<auxiliary keyword="PCHEB">
<data> 9.86923267E-003</data>
<data> 9.86923267E+001</data>
</auxiliary>
<auxiliary keyword="CHEB">
<data>     4</data>
<data>     4</data>
</auxiliary>
<auxiliary keyword="CHEB">
<data>-1.84800000E+001</data>
<data> 4.55230000E-001</data>
<data>-5.13520000E-002</data>
<data> 6.79630000E-003</data>
</auxiliary>
<auxiliary keyword="CHEB">
<data> 2.57990000E+001</data>
<data> 7.25520000E-001</data>
<data>-9.05290000E-002</data>
<data> 9.96430000E-003</data>
</auxiliary>
<auxiliary keyword="CHEB">
<data>-1.13700000E+000</data>
<data> 6.07620000E-001</data>
<data>-3.89920000E-002</data>
<data> 5.36770000E-003</data>
</auxiliary>
<auxiliary keyword="CHEB">
<data>-8.95200000E-001</data>
<data> 3.61520000E-001</data>
<data> 4.03090000E-003</data>
<data> 2.65480000E-003</data>
</auxiliary>
</reaction>
<reaction formula="sBuOH(+M)=C4H9-2+OH(+M)">
<rate A=" 1.00000000E+000" B=" 0.00000000E+000" E=" 0.00000000E+000"/>
<auxiliary keyword="TCHEB">
<data> 3.00000000E+002</data>
<data> 2.10000000E+003</data>
</auxiliary>
<auxiliary keyword="PCHEB">
<data> 9.86923267E-003</data>
<data> 9.86923267E+001</data>
</auxiliary>
<auxiliary keyword="CHEB">
<data>     4</data>
<data>     4</data>
</auxiliary>
<auxiliary keyword="CHEB">
<data>-2.41000000E+001</data>
<data> 6.63110000E-001</data>
<data>-8.84310000E-002</data>
<data> 1.26090000E-002</data>
</auxiliary>
<auxiliary keyword="CHEB">
<data> 2.84670000E+001</data>
<data> 1.06560000E+000</data>
<data>-1.42010000E-001</data>
<data> 1.39610000E-002</data>
</auxiliary>
<auxiliary keyword="CHEB">
<data>-1.41810000E+000</data>
<data> 7.45670000E-001</data>
<data>-3.67450000E-002</data>
<data> 2.72210000E-003</data>
</auxiliary>
<auxiliary keyword="CHEB">
<data>-1.01350000E+000</data>
<data> 3.59070000E-001</data>
<data> 2.21400000E-002</data>
<data> 2.39340000E-003</data>
</auxiliary>
</reaction>
<reaction formula="sBuOH(+M)=CH3C[OH]C2H5+H(+M)">
<rate A=" 1.00000000E+000" B=" 0.00000000E+000" E=" 0.00000000E+000"/>
<auxiliary keyword="TCHEB">
<data> 3.00000000E+002</data>
<data> 2.10000000E+003</data>
</auxiliary>
<auxiliary keyword="PCHEB">
<data> 9.86923267E-003</data>
<data> 9.86923267E+001</data>
</auxiliary>
<auxiliary keyword="CHEB">
<data>     4</data>
<data>     4</data>
</auxiliary>
<auxiliary keyword="CHEB">
<data>-2.51070000E+001</data>
<data> 6.09540000E-001</data>
<data>-7.74900000E-002</data>
<data> 1.05500000E-002</data>
</auxiliary>
<auxiliary keyword="CHEB">
<data> 2.79380000E+001</data>
<data> 9.81350000E-001</data>
<data>-1.28630000E-001</data>
<data> 1.27220000E-002</data>
</auxiliary>
<auxiliary keyword="CHEB">
<data>-1.35270000E+000</data>
<data> 7.17120000E-001</data>
<data>-3.80230000E-002</data>
<data> 3.44980000E-003</data>
</auxiliary>
<auxiliary keyword="CHEB">
<data>-9.88240000E-001</data>
<data> 3.63360000E-001</data>
<data> 1.81590000E-002</data>
<data> 2.20980000E-003</data>
</auxiliary>
</reaction>
<reaction formula="sBuOH(+M)=CH3+CH3CH[OH]CH2(+M)">
<rate A=" 1.00000000E+000" B=" 0.00000000E+000" E=" 0.00000000E+000"/>
<auxiliary keyword="TCHEB">
<data> 3.00000000E+002</data>
<data> 2.10000000E+003</data>
</auxiliary>
<auxiliary keyword="PCHEB">
<data> 9.86923267E-003</data>
<data> 9.86923267E+001</data>
</auxiliary>
<auxiliary keyword="CHEB">
<data>     4</data>
<data>     4</data>
</auxiliary>
<auxiliary keyword="CHEB">
<data>-2.12770000E+001</data>
<data> 5.36350000E-001</data>
<data>-6.38860000E-002</data>
<data> 8.21980000E-003</data>
</auxiliary>
<auxiliary keyword="CHEB">
<data> 2.70750000E+001</data>
<data> 8.61910000E-001</data>
<data>-1.10060000E-001</data>
<data> 1.09630000E-002</data>
</auxiliary>
<auxiliary keyword="CHEB">
<data>-1.25190000E+000</data>
<data> 6.70750000E-001</data>
<data>-3.85020000E-002</data>
<data> 4.13990000E-003</data>
</auxiliary>
<auxiliary keyword="CHEB">
<data>-9.45800000E-001</data>
<data> 3.66190000E-001</data>
<data> 1.24000000E-002</data>
<data> 2.07710000E-003</data>
</auxiliary>
</reaction>
<reaction formula="sBuOH(+M)=CH3CH[OH]CHCH3+H(+M)">
<rate A=" 1.00000000E+000" B=" 0.00000000E+000" E=" 0.00000000E+000"/>
<auxiliary keyword="TCHEB">
<data> 3.00000000E+002</data>
<data> 2.10000000E+003</data>
</auxiliary>
<auxiliary keyword="PCHEB">
<data> 9.86923267E-003</data>
<data> 9.86923267E+001</data>
</auxiliary>
<auxiliary keyword="CHEB">
<data>     4</data>
<data>     4</data>
</auxiliary>
<auxiliary keyword="CHEB">
<data>-2.76120000E+001</data>
<data> 7.79830000E-001</data>
<data>-1.15150000E-001</data>
<data> 1.82020000E-002</data>
</auxiliary>
<auxiliary keyword="CHEB">
<data> 2.93930000E+001</data>
<data> 1.23770000E+000</data>
<data>-1.69450000E-001</data>
<data> 1.61730000E-002</data>
</auxiliary>
<auxiliary keyword="CHEB">
<data>-1.53970000E+000</data>
<data> 7.94240000E-001</data>
<data>-3.16830000E-002</data>
<data> 6.76410000E-004</data>
</auxiliary>
<auxiliary keyword="CHEB">
<data>-1.05620000E+000</data>
<data> 3.46360000E-001</data>
<data> 2.95700000E-002</data>
<data> 3.19740000E-003</data>
</auxiliary>
</reaction>
<reaction formula="sBuOH(+M)=CH3CH[OH]CH2CH2+H(+M)">
<rate A=" 1.00000000E+000" B=" 0.00000000E+000" E=" 0.00000000E+000"/>
<auxiliary keyword="TCHEB">
<data> 3.00000000E+002</data>
<data> 2.10000000E+003</data>
</auxiliary>
<auxiliary keyword="PCHEB">
<data> 9.86923267E-003</data>
<data> 9.86923267E+001</data>
</auxiliary>
<auxiliary keyword="CHEB">
<data>     4</data>
<data>     4</data>
</auxiliary>
<auxiliary keyword="CHEB">
<data>-2.78420000E+001</data>
<data> 7.54500000E-001</data>
<data>-1.26970000E-001</data>
<data> 2.06190000E-002</data>
</auxiliary>
<auxiliary keyword="CHEB">
<data> 3.01130000E+001</data>
<data> 1.19970000E+000</data>
<data>-2.02700000E-001</data>
<data> 2.61220000E-002</data>
</auxiliary>
<auxiliary keyword="CHEB">
<data>-1.43180000E+000</data>
<data> 8.73910000E-001</data>
<data>-7.59540000E-002</data>
<data> 6.75140000E-003</data>
</auxiliary>
<auxiliary keyword="CHEB">
<data>-1.02790000E+000</data>
<data> 4.53390000E-001</data>
<data> 5.28920000E-003</data>
<data> 1.64870000E-003</data>
</auxiliary>
</reaction>
<reaction formula="sBuOH(+M)=CH3CH[O]C2H5+H(+M)">
<rate A=" 1.00000000E+000" B=" 0.00000000E+000" E=" 0.00000000E+000"/>
<auxiliary keyword="TCHEB">
<data> 3.00000000E+002</data>
<data> 2.10000000E+003</data>
</auxiliary>
<auxiliary keyword="PCHEB">
<data> 9.86923267E-003</data>
<data> 9.86923267E+001</data>
</auxiliary>
<auxiliary keyword="CHEB">
<data>     4</data>
<data>     4</data>
</auxiliary>
<auxiliary keyword="CHEB">
<data>-3.16520000E+001</data>
<data> 9.08910000E-001</data>
<data>-1.67020000E-001</data>
<data> 2.99780000E-002</data>
</auxiliary>
<auxiliary keyword="CHEB">
<data> 3.12490000E+001</data>
<data> 1.42250000E+000</data>
<data>-2.43580000E-001</data>
<data> 3.04720000E-002</data>
</auxiliary>
<auxiliary keyword="CHEB">
<data>-1.57900000E+000</data>
<data> 9.41710000E-001</data>
<data>-7.24220000E-002</data>
<data> 4.63160000E-003</data>
</auxiliary>
<auxiliary keyword="CHEB">
<data>-1.08230000E+000</data>
<data> 4.43770000E-001</data>
<data> 1.32730000E-002</data>
<data> 3.16560000E-003</data>
</auxiliary>
</reaction>
<reaction formula="sBuOH(+M)=C3H6+CH3OH(+M)">
<rate A=" 1.00000000E+000" B=" 0.00000000E+000" E=" 0.00000000E+000"/>
<auxiliary keyword="TCHEB">
<data> 3.00000000E+002</data>
<data> 2.10000000E+003</data>
</auxiliary>
<auxiliary keyword="PCHEB">
<data> 9.86923267E-003</data>
<data> 9.86923267E+001</data>
</auxiliary>
<auxiliary keyword="CHEB">
<data>     4</data>
<data>     4</data>
</auxiliary>
<auxiliary keyword="CHEB">
<data>-1.68460000E+001</data>
<data> 2.79590000E-001</data>
<data>-2.70900000E-002</data>
<data> 3.38880000E-003</data>
</auxiliary>
<auxiliary keyword="CHEB">
<data> 2.16830000E+001</data>
<data> 4.24350000E-001</data>
<data>-4.86380000E-002</data>
<data> 5.34930000E-003</data>
</auxiliary>
<auxiliary keyword="CHEB">
<data>-7.77480000E-001</data>
<data> 4.30920000E-001</data>
<data>-2.88900000E-002</data>
<data> 3.75770000E-003</data>
</auxiliary>
<auxiliary keyword="CHEB">
<data>-6.83130000E-001</data>
<data> 3.15810000E-001</data>
<data>-5.49360000E-003</data>
<data> 1.96950000E-003</data>
</auxiliary>
</reaction>
<reaction formula="sBuOH(+M)=C4H8-1+H2O(+M)">
<rate A=" 1.00000000E+000" B=" 0.00000000E+000" E=" 0.00000000E+000"/>
<auxiliary keyword="TCHEB">
<data> 3.00000000E+002</data>
<data> 2.10000000E+003</data>
</auxiliary>
<auxiliary keyword="PCHEB">
<data> 9.86923267E-003</data>
<data> 9.86923267E+001</data>
</auxiliary>
<auxiliary keyword="CHEB">
<data>     4</data>
<data>     4</data>
</auxiliary>
<auxiliary keyword="CHEB">
<data>-1.41690000E+001</data>
<data> 2.05320000E-001</data>
<data>-1.88420000E-002</data>
<data> 2.44750000E-003</data>
</auxiliary>
<auxiliary keyword="CHEB">
<data> 1.96590000E+001</data>
<data> 3.00410000E-001</data>
<data>-3.33330000E-002</data>
<data> 3.88960000E-003</data>
</auxiliary>
<auxiliary keyword="CHEB">
<data>-3.69350000E-001</data>
<data> 3.35930000E-001</data>
<data>-2.31200000E-002</data>
<data> 3.14980000E-003</data>
</auxiliary>
<auxiliary keyword="CHEB">
<data>-4.81870000E-001</data>
<data> 2.69650000E-001</data>
<data>-7.76310000E-003</data>
<data> 1.84480000E-003</data>
</auxiliary>
</reaction>
<reaction formula="sBuOH(+M)=C4H8-2+H2O(+M)">
<rate A=" 1.00000000E+000" B=" 0.00000000E+000" E=" 0.00000000E+000"/>
<auxiliary keyword="TCHEB">
<data> 3.00000000E+002</data>
<data> 2.10000000E+003</data>
</auxiliary>
<auxiliary keyword="PCHEB">
<data> 9.86923267E-003</data>
<data> 9.86923267E+001</data>
</auxiliary>
<auxiliary keyword="CHEB">
<data>     4</data>
<data>     4</data>
</auxiliary>
<auxiliary keyword="CHEB">
<data>-1.46390000E+001</data>
<data> 2.15490000E-001</data>
<data>-1.99270000E-002</data>
<data> 2.57250000E-003</data>
</auxiliary>
<auxiliary keyword="CHEB">
<data> 2.00360000E+001</data>
<data> 3.17120000E-001</data>
<data>-3.53520000E-002</data>
<data> 4.08590000E-003</data>
</auxiliary>
<auxiliary keyword="CHEB">
<data>-4.20110000E-001</data>
<data> 3.49710000E-001</data>
<data>-2.40100000E-002</data>
<data> 3.25030000E-003</data>
</auxiliary>
<auxiliary keyword="CHEB">
<data>-5.09110000E-001</data>
<data> 2.77190000E-001</data>
<data>-7.59540000E-003</data>
<data> 1.87870000E-003</data>
</auxiliary>
</reaction>
<reaction formula="tBuOH+CH3=HOC[CH2][CH3]2+CH4">
<rate A=" 1.32000000E+001" B=" 3.40000000E+000" E=" 1.19700000E+004"/>
</reaction>
<reaction formula="tBuOH+CH3=OC[CH3]3+CH4">
<rate A=" 2.99000000E-001" B=" 3.73000000E+000" E=" 1.08000000E+004"/>
</reaction>
<reaction formula="tBuOH+sC3H5=HOC[CH2][CH3]2+C3H6">
<rate A=" 1.32000000E+001" B=" 3.50000000E+000" E=" 1.19700000E+004"/>
</reaction>
<reaction formula="tBuOH+sC3H5=OC[CH3]3+C3H6">
<rate A=" 2.99000000E-001" B=" 3.73000000E+000" E=" 8.80000000E+003"/>
</reaction>
<reaction formula="iC4H8+sC3H5=iC4H7+C3H6">
<rate A=" 1.82400000E+002" B=" 2.92000000E+000" E=" 9.16000000E+003"/>
</reaction>
<reaction formula="HCC[CH3]2+C3H6=iC4H8+sC3H5">
<rate A=" 1.59000000E+013" B=" 0.00000000E+000" E=" 1.37000000E+004"/>
</reaction>
<reaction formula="pC3H3+iC4H5=C7H8">
<rate A=" 1.59000000E+013" B=" 0.00000000E+000" E=" 0.00000000E+000"/>
</reaction>
<reaction formula="OC[CH3]3+tBuOH=tBuOH+HOC[CH2][CH3]2">
<rate A=" 4.74000000E+011" B=" 0.00000000E+000" E=" 7.00000000E+003"/>
</reaction>
<reaction formula="HOC[CH2][CH3]2+CH3C[OH]CH3=tBuOH+acetone">
<rate A=" 2.41000000E+012" B=" 0.00000000E+000" E=" 0.00000000E+000"/>
</reaction>
<reaction formula="OC[CH3]3+CH3C[OH]CH3=tBuOH+acetone">
<rate A=" 2.41000000E+013" B=" 0.00000000E+000" E=" 0.00000000E+000"/>
</reaction>
<reaction formula="HOC[CH2][CH3]2+CH3C[OH]CH3=tBuOH+H2CCCH3[OH]">
<rate A=" 1.38000000E+014" B="-3.50000000E-001" E=" 0.00000000E+000"/>
</reaction>
<reaction formula="OH+tBuOH=H2O+HOC[CH2][CH3]2">
<rate A=" 1.20000000E+006" B=" 2.00000000E+000" E=" 8.60000000E+002"/>
</reaction>
<reaction formula="OH+tBuOH=H2O+OC[CH3]3">
<rate A=" 1.73000000E+001" B=" 3.40000000E+000" E="-1.14000000E+003"/>
</reaction>
<reaction formula="tBuOH+H=OC[CH3]3+H2">
<rate A=" 9.59000000E+004" B=" 2.56000000E+000" E=" 1.07100000E+004"/>
</reaction>
<reaction formula="tBuOH+H=HOC[CH2][CH3]2+H2">
<rate A=" 7.86000000E+006" B=" 2.30000000E+000" E=" 9.43000000E+003"/>
</reaction>
<reaction formula="iC4H8+HOC[CH2][CH3]2=iC4H7+tBuOH">
<rate A=" 3.36000000E+012" B=" 0.00000000E+000" E=" 1.24000000E+004"/>
</reaction>
<reaction formula="iC4H8+OC[CH3]3=iC4H7+tBuOH">
<rate A=" 6.89640340E+007" B=" 1.75000000E+000" E=" 5.78937500E+003"/>
</reaction>
<reaction formula="CH3C[OH]CH3+iC4H7=acetone+iC4H8">
<rate A=" 1.81000000E+013" B=" 0.00000000E+000" E=" 0.00000000E+000"/>
</reaction>
<reaction formula="iC4H8+OH=iC4H7+H2O">
<rate A=" 6.89640340E+007" B=" 1.75000000E+000" E=" 3.78937500E+003"/>
</reaction>
<reaction formula="CH2C[O]CH3+tBuOH=acetone+HOC[CH2][CH3]2">
<rate A=" 6.59000000E+002" B=" 2.71000000E+000" E=" 1.29200000E+004"/>
</reaction>
<reaction formula="acetone+OC[CH3]3=CH2C[O]CH3+tBuOH">
<rate A=" 6.89640340E+007" B=" 1.75000000E+000" E=" 3.78937500E+003"/>
</reaction>
<reaction formula="H2CCCH3[OH]+HOC[CH2][CH3]2=CH2C[O]CH3+tBuOH">
<rate A=" 1.48672170E+003" B=" 2.38600000E+000" E=" 9.69000000E+003"/>
</reaction>
<reaction formula="H2CCCH3[OH]+OC[CH3]3=CH2C[O]CH3+tBuOH">
<rate A=" 1.73000000E+001" B=" 3.40000000E+000" E="-1.14000000E+003"/>
</reaction>
<reaction formula="CH2C[O]CH3+iC4H8=H2CCCH3[OH]+iC4H7">
<rate A=" 1.14940060E+006" B=" 1.75000000E+000" E=" 1.07893750E+004"/>
</reaction>
<reaction formula="H2CCCH3[OH]+HOC[CH2][CH3]2=CH2C[OH]CH2+tBuOH">
<rate A=" 1.68000000E+012" B=" 0.00000000E+000" E=" 1.24000000E+004"/>
</reaction>
<reaction formula="H2CCCH3[OH]+OC[CH3]3=CH2C[OH]CH2+tBuOH">
<rate A=" 3.44820170E+007" B=" 1.75000000E+000" E=" 3.78937500E+003"/>
</reaction>
<reaction formula="CH2C[OH]CH2+iC4H8=H2CCCH3[OH]+iC4H7">
<rate A=" 5.78000000E+012" B=" 0.00000000E+000" E=" 2.14000000E+004"/>
</reaction>
<reaction formula="HCC[CH3]2+CH4=iC4H8+CH3">
<rate A=" 1.59000000E+013" B=" 0.00000000E+000" E=" 1.37000000E+004"/>
</reaction>
<reaction formula="HCC[CH3]2+tBuOH=iC4H8+HOC[CH2][CH3]2">
<rate A=" 5.03597040E+012" B=" 0.00000000E+000" E=" 9.17500000E+003"/>
</reaction>
<reaction formula="HCC[CH3]2+tBuOH=iC4H8+OC[CH3]3">
<rate A=" 1.44000000E+001" B=" 3.10000000E+000" E=" 6.94000000E+003"/>
</reaction>
<reaction formula="CH3C[OH]CH3+HCC[CH3]2=acetone+iC4H8">
<rate A=" 3.01000000E+013" B=" 0.00000000E+000" E=" 0.00000000E+000"/>
</reaction>
<reaction formula="CH3C[OH]CH3+HCC[CH3]2=H2CCCH3[OH]+iC4H8">
<rate A=" 1.52000000E+014" B="-7.00000000E-001" E=" 0.00000000E+000"/>
</reaction>
<reaction formula="HCC[CH3]2+H2=iC4H8+H">
<rate A=" 4.49000000E+012" B=" 0.00000000E+000" E=" 1.03000000E+004"/>
</reaction>
<reaction formula="iC4H8+OH=HCC[CH3]2+H2O">
<rate A=" 1.02600000E+013" B=" 0.00000000E+000" E=" 5.94000000E+003"/>
</reaction>
<reaction formula="HCC[CH3]2+iC4H8=iC4H8+iC4H7">
<rate A=" 7.73000000E+012" B=" 0.00000000E+000" E=" 7.50000000E+003"/>
</reaction>
<reaction formula="HCC[CH3]2+acetone=iC4H8+CH2C[O]CH3">
<rate A=" 5.03597040E+012" B=" 0.00000000E+000" E=" 9.17500000E+003"/>
</reaction>
<reaction formula="HCC[CH3]2+H2CCCH3[OH]=iC4H8+CH2C[O]CH3">
<rate A=" 1.44000000E+001" B=" 3.10000000E+000" E=" 6.94000000E+003"/>
</reaction>
<reaction formula="HCC[CH3]2+H2CCCH3[OH]=iC4H8+CH2C[OH]CH2">
<rate A=" 7.73000000E+012" B=" 0.00000000E+000" E=" 7.50000000E+003"/>
</reaction>
<reaction formula="CH3C[OH]cH+CH4=H2CCCH3[OH]+CH3">
<rate A=" 1.59000000E+014" B=" 0.00000000E+000" E=" 1.37000000E+004"/>
</reaction>
<reaction formula="CH3C[OH]cH+tBuOH=H2CCCH3[OH]+HOC[CH2][CH3]2">
<rate A=" 5.03597040E+012" B=" 0.00000000E+000" E=" 9.17500000E+003"/>
</reaction>
<reaction formula="CH3C[OH]cH+tBuOH=H2CCCH3[OH]+OC[CH3]3">
<rate A=" 1.44000000E+001" B=" 3.10000000E+000" E=" 6.94000000E+003"/>
</reaction>
<reaction formula="CH3C[OH]CH3+CH3C[OH]cH=acetone+H2CCCH3[OH]">
<rate A=" 3.01000000E+013" B=" 0.00000000E+000" E=" 0.00000000E+000"/>
</reaction>
<reaction formula="CH3C[OH]cH+H2=H2CCCH3[OH]+H">
<rate A=" 4.49000000E+012" B=" 0.00000000E+000" E=" 1.03000000E+004"/>
</reaction>
<reaction formula="H2CCCH3[OH]+OH=CH3C[OH]cH+H2O">
<rate A=" 1.02600000E+012" B=" 0.00000000E+000" E=" 9.94000000E+003"/>
</reaction>
<reaction formula="CH3C[OH]cH+iC4H8=H2CCCH3[OH]+iC4H7">
<rate A=" 7.73000000E+012" B=" 0.00000000E+000" E=" 7.50000000E+003"/>
</reaction>
<reaction formula="CH3C[OH]cH+acetone=H2CCCH3[OH]+CH2C[O]CH3">
<rate A=" 5.03597040E+012" B=" 0.00000000E+000" E=" 9.17500000E+003"/>
</reaction>
<reaction formula="CH3C[OH]cH+H2CCCH3[OH]=H2CCCH3[OH]+CH2C[O]CH3">
<rate A=" 1.44000000E+001" B=" 3.10000000E+000" E=" 6.94000000E+003"/>
</reaction>
<reaction formula="CH3C[OH]cH+H2CCCH3[OH]=H2CCCH3[OH]+CH2C[OH]CH2">
<rate A=" 7.73000000E+012" B=" 0.00000000E+000" E=" 7.50000000E+003"/>
</reaction>
<reaction formula="CH3C[OH]cH+iC4H8=H2CCCH3[OH]+HCC[CH3]2">
<rate A=" 1.47000000E+013" B=" 0.00000000E+000" E=" 1.31000000E+004"/>
</reaction>
<reaction formula="tBuOH(+M)=OH+tC4H9(+M)">
<rate A=" 1.00000000E+000" B=" 0.00000000E+000" E=" 0.00000000E+000"/>
<auxiliary keyword="TCHEB">
<data> 3.00000000E+002</data>
<data> 2.10000000E+003</data>
</auxiliary>
<auxiliary keyword="PCHEB">
<data> 9.86923267E-003</data>
<data> 9.86923267E+001</data>
</auxiliary>
<auxiliary keyword="CHEB">
<data>     4</data>
<data>     4</data>
</auxiliary>
<auxiliary keyword="CHEB">
<data>-2.30480000E+001</data>
<data> 7.21950000E-001</data>
<data>-9.75340000E-002</data>
<data> 1.35700000E-002</data>
</auxiliary>
<auxiliary keyword="CHEB">
<data> 2.86170000E+001</data>
<data> 1.17240000E+000</data>
<data>-1.59560000E-001</data>
<data> 1.77140000E-002</data>
</auxiliary>
<auxiliary keyword="CHEB">
<data>-1.56400000E+000</data>
<data> 8.03190000E-001</data>
<data>-5.47160000E-002</data>
<data> 8.09270000E-003</data>
</auxiliary>
<auxiliary keyword="CHEB">
<data>-1.08120000E+000</data>
<data> 3.66180000E-001</data>
<data> 1.14440000E-002</data>
<data> 5.08830000E-003</data>
</auxiliary>
</reaction>
<reaction formula="tBuOH(+M)=OC[CH3]3+H(+M)">
<rate A=" 1.00000000E+000" B=" 0.00000000E+000" E=" 0.00000000E+000"/>
<auxiliary keyword="TCHEB">
<data> 3.00000000E+002</data>
<data> 2.10000000E+003</data>
</auxiliary>
<auxiliary keyword="PCHEB">
<data> 9.86923267E-003</data>
<data> 9.86923267E+001</data>
</auxiliary>
<auxiliary keyword="CHEB">
<data>     4</data>
<data>     4</data>
</auxiliary>
<auxiliary keyword="CHEB">
<data>-3.01380000E+001</data>
<data> 1.07110000E+000</data>
<data>-1.56710000E-001</data>
<data> 1.80850000E-002</data>
</auxiliary>
<auxiliary keyword="CHEB">
<data> 3.09220000E+001</data>
<data> 1.67810000E+000</data>
<data>-2.06920000E-001</data>
<data> 7.17730000E-003</data>
</auxiliary>
<auxiliary keyword="CHEB">
<data>-1.93290000E+000</data>
<data> 9.37620000E-001</data>
<data>-4.13050000E-002</data>
<data> 3.70350000E-003</data>
</auxiliary>
<auxiliary keyword="CHEB">
<data>-1.18580000E+000</data>
<data> 3.19020000E-001</data>
<data> 2.30970000E-002</data>
<data> 1.07620000E-002</data>
</auxiliary>
</reaction>
<reaction formula="tBuOH(+M)=CH3C[OH]CH3+CH3(+M)">
<rate A=" 1.00000000E+000" B=" 0.00000000E+000" E=" 0.00000000E+000"/>
<auxiliary keyword="TCHEB">
<data> 3.00000000E+002</data>
<data> 2.10000000E+003</data>
</auxiliary>
<auxiliary keyword="PCHEB">
<data> 9.86923267E-003</data>
<data> 9.86923267E+001</data>
</auxiliary>
<auxiliary keyword="CHEB">
<data>     4</data>
<data>     4</data>
</auxiliary>
<auxiliary keyword="CHEB">
<data>-1.91440000E+001</data>
<data> 4.97750000E-001</data>
<data>-6.17480000E-002</data>
<data> 9.01110000E-003</data>
</auxiliary>
<auxiliary keyword="CHEB">
<data> 2.63360000E+001</data>
<data> 6.51480000E-001</data>
<data>-5.10180000E-002</data>
<data> 1.39060000E-002</data>
</auxiliary>
<auxiliary keyword="CHEB">
<data>-1.16090000E+000</data>
<data> 7.10570000E-001</data>
<data>-7.32070000E-002</data>
<data> 8.02820000E-003</data>
</auxiliary>
<auxiliary keyword="CHEB">
<data>-9.13300000E-001</data>
<data> 3.73440000E-001</data>
<data>-1.69990000E-003</data>
<data> 3.48690000E-003</data>
</auxiliary>
</reaction>
<reaction formula="tBuOH(+M)=HOC[CH2][CH3]2+H(+M)">
<rate A=" 1.00000000E+000" B=" 0.00000000E+000" E=" 0.00000000E+000"/>
<auxiliary keyword="TCHEB">
<data> 3.00000000E+002</data>
<data> 2.10000000E+003</data>
</auxiliary>
<auxiliary keyword="PCHEB">
<data> 9.86923267E-003</data>
<data> 9.86923267E+001</data>
</auxiliary>
<auxiliary keyword="CHEB">
<data>     4</data>
<data>     4</data>
</auxiliary>
<auxiliary keyword="CHEB">
<data>-2.62020000E+001</data>
<data> 8.61040000E-001</data>
<data>-1.20880000E-001</data>
<data> 1.57630000E-002</data>
</auxiliary>
<auxiliary keyword="CHEB">
<data> 2.97000000E+001</data>
<data> 1.38950000E+000</data>
<data>-1.86510000E-001</data>
<data> 1.73020000E-002</data>
</auxiliary>
<auxiliary keyword="CHEB">
<data>-1.72910000E+000</data>
<data> 8.69260000E-001</data>
<data>-5.20270000E-002</data>
<data> 7.05600000E-003</data>
</auxiliary>
<auxiliary keyword="CHEB">
<data>-1.13270000E+000</data>
<data> 3.48410000E-001</data>
<data> 1.83450000E-002</data>
<data> 6.54680000E-003</data>
</auxiliary>
</reaction>
<reaction formula="tBuOH(+M)=H2O+iC4H8(+M)">
<rate A=" 1.00000000E+000" B=" 0.00000000E+000" E=" 0.00000000E+000"/>
<auxiliary keyword="TCHEB">
<data> 3.00000000E+002</data>
<data> 2.10000000E+003</data>
</auxiliary>
<auxiliary keyword="PCHEB">
<data> 9.86923267E-003</data>
<data> 9.86923267E+001</data>
</auxiliary>
<auxiliary keyword="CHEB">
<data>     4</data>
<data>     4</data>
</auxiliary>
<auxiliary keyword="CHEB">
<data>-1.28250000E+001</data>
<data> 3.17790000E-001</data>
<data>-3.52250000E-002</data>
<data>-4.46750000E-004</data>
</auxiliary>
<auxiliary keyword="CHEB">
<data> 1.96090000E+001</data>
<data> 4.83260000E-001</data>
<data>-6.61910000E-002</data>
<data> 1.21530000E-003</data>
</auxiliary>
<auxiliary keyword="CHEB">
<data>-5.83980000E-001</data>
<data> 4.92790000E-001</data>
<data>-3.52100000E-002</data>
<data>-5.21320000E-003</data>
</auxiliary>
<auxiliary keyword="CHEB">
<data>-6.28740000E-001</data>
<data> 3.60640000E-001</data>
<data>-1.35450000E-004</data>
<data>-8.16660000E-003</data>
</auxiliary>
</reaction>
<reaction formula="OC[CH3]3+H(+M)=CH3C[OH]CH3+CH3(+M)">
<rate A=" 1.00000000E+000" B=" 0.00000000E+000" E=" 0.00000000E+000"/>
<auxiliary keyword="TCHEB">
<data> 3.00000000E+002</data>
<data> 2.10000000E+003</data>
</auxiliary>
<auxiliary keyword="PCHEB">
<data> 9.86923267E-003</data>
<data> 9.86923267E+001</data>
</auxiliary>
<auxiliary keyword="CHEB">
<data>     4</data>
<data>     4</data>
</auxiliary>
<auxiliary keyword="CHEB">
<data> 1.18610000E+001</data>
<data>-1.01950000E+000</data>
<data>-1.28340000E-001</data>
<data> 1.80700000E-002</data>
</auxiliary>
<auxiliary keyword="CHEB">
<data> 1.38040000E+000</data>
<data> 1.10390000E+000</data>
<data> 5.34570000E-002</data>
<data>-3.54540000E-002</data>
</auxiliary>
<auxiliary keyword="CHEB">
<data>-5.55160000E-002</data>
<data> 9.75690000E-002</data>
<data> 1.12410000E-001</data>
<data> 2.73620000E-003</data>
</auxiliary>
<auxiliary keyword="CHEB">
<data>-1.33500000E-001</data>
<data>-1.51900000E-001</data>
<data>-3.88490000E-003</data>
<data> 2.36420000E-002</data>
</auxiliary>
</reaction>
<reaction formula="OC[CH3]3+H(+M)=HOC[CH2][CH3]2+H(+M)">
<rate A=" 1.00000000E+000" B=" 0.00000000E+000" E=" 0.00000000E+000"/>
<auxiliary keyword="TCHEB">
<data> 3.00000000E+002</data>
<data> 2.10000000E+003</data>
</auxiliary>
<auxiliary keyword="PCHEB">
<data> 9.86923267E-003</data>
<data> 9.86923267E+001</data>
</auxiliary>
<auxiliary keyword="CHEB">
<data>     4</data>
<data>     4</data>
</auxiliary>
<auxiliary keyword="CHEB">
<data> 7.33110000E+000</data>
<data>-9.17000000E-001</data>
<data>-1.47130000E-001</data>
<data> 1.83430000E-002</data>
</auxiliary>
<auxiliary keyword="CHEB">
<data> 2.76680000E+000</data>
<data> 1.04480000E+000</data>
<data> 9.55690000E-002</data>
<data>-3.98320000E-002</data>
</auxiliary>
<auxiliary keyword="CHEB">
<data> 8.92070000E-002</data>
<data> 3.04380000E-002</data>
<data> 9.95950000E-002</data>
<data> 1.28560000E-002</data>
</auxiliary>
<auxiliary keyword="CHEB">
<data>-4.01700000E-002</data>
<data>-1.49330000E-001</data>
<data>-2.35340000E-002</data>
<data> 2.01180000E-002</data>
</auxiliary>
</reaction>
<reaction formula="OC[CH3]3+H(+M)=H2O+iC4H8(+M)">
<rate A=" 1.00000000E+000" B=" 0.00000000E+000" E=" 0.00000000E+000"/>
<auxiliary keyword="TCHEB">
<data> 3.00000000E+002</data>
<data> 2.10000000E+003</data>
</auxiliary>
<auxiliary keyword="PCHEB">
<data> 9.86923267E-003</data>
<data> 9.86923267E+001</data>
</auxiliary>
<auxiliary keyword="CHEB">
<data>     4</data>
<data>     4</data>
</auxiliary>
<auxiliary keyword="CHEB">
<data> 1.20330000E+001</data>
<data>-1.09690000E+000</data>
<data>-1.18560000E-001</data>
<data> 1.80000000E-002</data>
</auxiliary>
<auxiliary keyword="CHEB">
<data> 6.39860000E-001</data>
<data> 1.11390000E+000</data>
<data> 2.40810000E-002</data>
<data>-3.40360000E-002</data>
</auxiliary>
<auxiliary keyword="CHEB">
<data>-2.23670000E-001</data>
<data> 1.74960000E-001</data>
<data> 1.12810000E-001</data>
<data>-2.89280000E-003</data>
</auxiliary>
<auxiliary keyword="CHEB">
<data>-2.16710000E-001</data>
<data>-1.38950000E-001</data>
<data> 2.14010000E-002</data>
<data> 2.31980000E-002</data>
</auxiliary>
</reaction>
<reaction formula="CH3C[OH]CH3+CH3(+M)=HOC[CH2][CH3]2+H(+M)">
<rate A=" 1.00000000E+000" B=" 0.00000000E+000" E=" 0.00000000E+000"/>
<auxiliary keyword="TCHEB">
<data> 3.00000000E+002</data>
<data> 2.10000000E+003</data>
</auxiliary>
<auxiliary keyword="PCHEB">
<data> 9.86923267E-003</data>
<data> 9.86923267E+001</data>
</auxiliary>
<auxiliary keyword="CHEB">
<data>     4</data>
<data>     4</data>
</auxiliary>
<auxiliary keyword="CHEB">
<data> 4.31800000E+000</data>
<data>-1.09660000E+000</data>
<data>-1.09840000E-001</data>
<data> 1.65110000E-002</data>
</auxiliary>
<auxiliary keyword="CHEB">
<data> 6.71880000E+000</data>
<data> 1.13970000E+000</data>
<data> 2.22720000E-002</data>
<data>-2.95300000E-002</data>
</auxiliary>
<auxiliary keyword="CHEB">
<data> 1.07280000E-001</data>
<data> 1.59730000E-001</data>
<data> 1.12730000E-001</data>
<data>-4.58400000E-003</data>
</auxiliary>
<auxiliary keyword="CHEB">
<data>-9.42530000E-002</data>
<data>-1.55010000E-001</data>
<data> 1.36890000E-002</data>
<data> 2.32070000E-002</data>
</auxiliary>
</reaction>
<reaction formula="CH3C[OH]CH3+CH3(+M)=H2O+iC4H8(+M)">
<rate A=" 1.00000000E+000" B=" 0.00000000E+000" E=" 0.00000000E+000"/>
<auxiliary keyword="TCHEB">
<data> 3.00000000E+002</data>
<data> 2.10000000E+003</data>
</auxiliary>
<auxiliary keyword="PCHEB">
<data> 9.86923267E-003</data>
<data> 9.86923267E+001</data>
</auxiliary>
<auxiliary keyword="CHEB">
<data>     4</data>
<data>     4</data>
</auxiliary>
<auxiliary keyword="CHEB">
<data> 1.11220000E+001</data>
<data>-1.33340000E+000</data>
<data>-5.94360000E-002</data>
<data> 5.24070000E-003</data>
</auxiliary>
<auxiliary keyword="CHEB">
<data> 2.64330000E+000</data>
<data> 1.08850000E+000</data>
<data>-6.03850000E-002</data>
<data>-1.05140000E-002</data>
</auxiliary>
<auxiliary keyword="CHEB">
<data> 4.39010000E-002</data>
<data> 4.15540000E-001</data>
<data> 6.89440000E-002</data>
<data>-1.30720000E-002</data>
</auxiliary>
<auxiliary keyword="CHEB">
<data>-2.64620000E-001</data>
<data>-3.67140000E-002</data>
<data> 7.26710000E-002</data>
<data> 5.52710000E-003</data>
</auxiliary>
</reaction>
<reaction formula="HOC[CH2][CH3]2+H(+M)=H2O+iC4H8(+M)">
<rate A=" 1.00000000E+000" B=" 0.00000000E+000" E=" 0.00000000E+000"/>
<auxiliary keyword="TCHEB">
<data> 3.00000000E+002</data>
<data> 2.10000000E+003</data>
</auxiliary>
<auxiliary keyword="PCHEB">
<data> 9.86923267E-003</data>
<data> 9.86923267E+001</data>
</auxiliary>
<auxiliary keyword="CHEB">
<data>     4</data>
<data>     4</data>
</auxiliary>
<auxiliary keyword="CHEB">
<data> 1.30690000E+001</data>
<data>-1.18130000E+000</data>
<data>-9.66190000E-002</data>
<data> 1.43000000E-002</data>
</auxiliary>
<auxiliary keyword="CHEB">
<data> 1.00080000E+000</data>
<data> 1.13450000E+000</data>
<data>-1.13160000E-002</data>
<data>-2.49400000E-002</data>
</auxiliary>
<auxiliary keyword="CHEB">
<data>-1.88580000E-001</data>
<data> 2.48950000E-001</data>
<data> 1.07600000E-001</data>
<data>-1.02160000E-002</data>
</auxiliary>
<auxiliary keyword="CHEB">
<data>-2.42780000E-001</data>
<data>-1.24550000E-001</data>
<data> 4.14130000E-002</data>
<data> 1.94900000E-002</data>
</auxiliary>
</reaction>
<reaction formula="iC4H8(+M)=HCC[CH3]2+H(+M)">
<rate A=" 1.00000000E+000" B=" 0.00000000E+000" E=" 0.00000000E+000"/>
<auxiliary keyword="TCHEB">
<data> 3.00000000E+002</data>
<data> 2.10000000E+003</data>
</auxiliary>
<auxiliary keyword="PCHEB">
<data> 9.86923267E-003</data>
<data> 9.86923267E+001</data>
</auxiliary>
<auxiliary keyword="CHEB">
<data>     4</data>
<data>     4</data>
</auxiliary>
<auxiliary keyword="CHEB">
<data>-3.00710000E+001</data>
<data> 4.44500000E-001</data>
<data>-5.81800000E-002</data>
<data> 3.48500000E-003</data>
</auxiliary>
<auxiliary keyword="CHEB">
<data> 3.34680000E+001</data>
<data> 7.13880000E-001</data>
<data>-9.04710000E-002</data>
<data>-2.77360000E-003</data>
</auxiliary>
<auxiliary keyword="CHEB">
<data>-7.86880000E-001</data>
<data> 4.82140000E-001</data>
<data>-2.90590000E-003</data>
<data>-1.26140000E-002</data>
</auxiliary>
<auxiliary keyword="CHEB">
<data>-5.31010000E-001</data>
<data> 2.10230000E-001</data>
<data> 4.17090000E-002</data>
<data>-8.74640000E-003</data>
</auxiliary>
</reaction>
<reaction formula="iC4H8(+M)=iC4H7+H(+M)">
<rate A=" 1.00000000E+000" B=" 0.00000000E+000" E=" 0.00000000E+000"/>
<auxiliary keyword="TCHEB">
<data> 3.00000000E+002</data>
<data> 2.10000000E+003</data>
</auxiliary>
<auxiliary keyword="PCHEB">
<data> 9.86923267E-003</data>
<data> 9.86923267E+001</data>
</auxiliary>
<auxiliary keyword="CHEB">
<data>     4</data>
<data>     4</data>
</auxiliary>
<auxiliary keyword="CHEB">
<data>-2.11600000E+001</data>
<data> 1.88260000E-001</data>
<data>-2.56160000E-002</data>
<data> 1.10990000E-003</data>
</auxiliary>
<auxiliary keyword="CHEB">
<data> 2.67850000E+001</data>
<data> 2.83970000E-001</data>
<data>-4.48380000E-002</data>
<data> 2.61990000E-003</data>
</auxiliary>
<auxiliary keyword="CHEB">
<data>-3.87100000E-001</data>
<data> 2.92880000E-001</data>
<data>-2.96350000E-002</data>
<data>-6.92700000E-004</data>
</auxiliary>
<auxiliary keyword="CHEB">
<data>-3.30670000E-001</data>
<data> 2.18220000E-001</data>
<data>-9.40990000E-003</data>
<data>-2.71290000E-003</data>
</auxiliary>
</reaction>
<reaction formula="HCC[CH3]2+H(+M)=iC4H7+H(+M)">
<rate A=" 1.00000000E+000" B=" 0.00000000E+000" E=" 0.00000000E+000"/>
<auxiliary keyword="TCHEB">
<data> 3.00000000E+002</data>
<data> 2.10000000E+003</data>
</auxiliary>
<auxiliary keyword="PCHEB">
<data> 9.86923267E-003</data>
<data> 9.86923267E+001</data>
</auxiliary>
<auxiliary keyword="CHEB">
<data>     4</data>
<data>     4</data>
</auxiliary>
<auxiliary keyword="CHEB">
<data> 1.22830000E+001</data>
<data>-1.39900000E+000</data>
<data>-5.69860000E-002</data>
<data> 3.87060000E-003</data>
</auxiliary>
<auxiliary keyword="CHEB">
<data> 1.10900000E+000</data>
<data> 9.81370000E-001</data>
<data>-7.09500000E-002</data>
<data>-9.54250000E-003</data>
</auxiliary>
<auxiliary keyword="CHEB">
<data> 1.45180000E-001</data>
<data> 4.71120000E-001</data>
<data> 4.58510000E-002</data>
<data>-1.16080000E-002</data>
</auxiliary>
<auxiliary keyword="CHEB">
<data>-2.12540000E-001</data>
<data> 6.42950000E-002</data>
<data> 7.15360000E-002</data>
<data> 1.20570000E-003</data>
</auxiliary>
</reaction>
<reaction formula="CH3C[OH]CH3(+M)=acetone+H(+M)">
<rate A=" 1.00000000E+000" B=" 0.00000000E+000" E=" 0.00000000E+000"/>
<auxiliary keyword="TCHEB">
<data> 3.00000000E+002</data>
<data> 2.10000000E+003</data>
</auxiliary>
<auxiliary keyword="PCHEB">
<data> 9.86923267E-003</data>
<data> 9.86923267E+001</data>
</auxiliary>
<auxiliary keyword="CHEB">
<data>     4</data>
<data>     4</data>
</auxiliary>
<auxiliary keyword="CHEB">
<data> 1.21350000E+000</data>
<data> 5.44400000E-001</data>
<data>-7.36980000E-002</data>
<data> 1.19540000E-003</data>
</auxiliary>
<auxiliary keyword="CHEB">
<data> 7.09730000E+000</data>
<data> 8.54920000E-001</data>
<data>-8.79800000E-002</data>
<data>-1.51310000E-002</data>
</auxiliary>
<auxiliary keyword="CHEB">
<data>-6.33640000E-001</data>
<data> 3.90050000E-001</data>
<data> 1.90950000E-002</data>
<data>-1.23840000E-002</data>
</auxiliary>
<auxiliary keyword="CHEB">
<data>-2.81250000E-001</data>
<data> 5.47870000E-002</data>
<data> 4.75880000E-002</data>
<data> 4.03020000E-004</data>
</auxiliary>
</reaction>
<reaction formula="CH3C[OH]CH3(+M)=H2CCCH3[OH]+H(+M)">
<rate A=" 1.00000000E+000" B=" 0.00000000E+000" E=" 0.00000000E+000"/>
<auxiliary keyword="TCHEB">
<data> 3.00000000E+002</data>
<data> 2.10000000E+003</data>
</auxiliary>
<auxiliary keyword="PCHEB">
<data> 9.86923267E-003</data>
<data> 9.86923267E+001</data>
</auxiliary>
<auxiliary keyword="CHEB">
<data>     4</data>
<data>     4</data>
</auxiliary>
<auxiliary keyword="CHEB">
<data>-2.42330000E+000</data>
<data> 1.01390000E+000</data>
<data>-1.99520000E-001</data>
<data> 2.60340000E-002</data>
</auxiliary>
<auxiliary keyword="CHEB">
<data> 1.06200000E+001</data>
<data> 8.64100000E-001</data>
<data> 8.19310000E-002</data>
<data>-6.62880000E-002</data>
</auxiliary>
<auxiliary keyword="CHEB">
<data>-6.02000000E-001</data>
<data> 1.77960000E-001</data>
<data> 8.03350000E-002</data>
<data> 3.83520000E-003</data>
</auxiliary>
<auxiliary keyword="CHEB">
<data>-1.70930000E-001</data>
<data>-7.87060000E-002</data>
<data> 1.88840000E-002</data>
<data> 2.30450000E-002</data>
</auxiliary>
</reaction>
<reaction formula="acetone+H(+M)=H2CCCH3[OH]+H(+M)">
<rate A=" 1.00000000E+000" B=" 0.00000000E+000" E=" 0.00000000E+000"/>
<auxiliary keyword="TCHEB">
<data> 3.00000000E+002</data>
<data> 2.10000000E+003</data>
</auxiliary>
<auxiliary keyword="PCHEB">
<data> 9.86923267E-003</data>
<data> 9.86923267E+001</data>
</auxiliary>
<auxiliary keyword="CHEB">
<data>     4</data>
<data>     4</data>
</auxiliary>
<auxiliary keyword="CHEB">
<data> 7.75850000E+000</data>
<data>-8.84000000E-001</data>
<data>-1.86220000E-001</data>
<data> 1.89100000E-002</data>
</auxiliary>
<auxiliary keyword="CHEB">
<data> 5.16570000E+000</data>
<data> 9.07350000E-001</data>
<data> 1.13580000E-001</data>
<data>-5.75390000E-002</data>
</auxiliary>
<auxiliary keyword="CHEB">
<data>-1.41030000E-001</data>
<data> 8.60660000E-002</data>
<data> 8.03160000E-002</data>
<data> 1.92070000E-002</data>
</auxiliary>
<auxiliary keyword="CHEB">
<data>-1.93180000E-001</data>
<data>-1.16820000E-001</data>
<data> 7.82330000E-004</data>
<data> 2.17650000E-002</data>
</auxiliary>
</reaction>
<reaction formula="HOC[CH2][CH3]2(+M)=OC[CH3]3(+M)">
<rate A=" 1.00000000E+000" B=" 0.00000000E+000" E=" 0.00000000E+000"/>
<auxiliary keyword="TCHEB">
<data> 3.00000000E+002</data>
<data> 2.10000000E+003</data>
</auxiliary>
<auxiliary keyword="PCHEB">
<data> 9.86923267E-003</data>
<data> 9.86923267E+001</data>
</auxiliary>
<auxiliary keyword="CHEB">
<data>     4</data>
<data>     4</data>
</auxiliary>
<auxiliary keyword="CHEB">
<data>-1.33140000E+001</data>
<data> 3.42590000E+000</data>
<data>-1.98370000E-001</data>
<data>-9.98770000E-003</data>
</auxiliary>
<auxiliary keyword="CHEB">
<data> 1.18510000E+001</data>
<data> 6.49590000E-001</data>
<data> 1.95240000E-001</data>
<data>-1.09110000E-002</data>
</auxiliary>
<auxiliary keyword="CHEB">
<data>-6.82490000E-001</data>
<data> 4.64180000E-003</data>
<data> 3.10170000E-002</data>
<data> 2.01370000E-002</data>
</auxiliary>
<auxiliary keyword="CHEB">
<data>-7.95280000E-002</data>
<data>-9.47980000E-002</data>
<data>-2.85410000E-002</data>
<data> 3.93670000E-003</data>
</auxiliary>
</reaction>
<reaction formula="HOC[CH2][CH3]2(+M)=OH+iC4H8(+M)">
<rate A=" 1.00000000E+000" B=" 0.00000000E+000" E=" 0.00000000E+000"/>
<auxiliary keyword="TCHEB">
<data> 3.00000000E+002</data>
<data> 2.10000000E+003</data>
</auxiliary>
<auxiliary keyword="PCHEB">
<data> 9.86923267E-003</data>
<data> 9.86923267E+001</data>
</auxiliary>
<auxiliary keyword="CHEB">
<data>     4</data>
<data>     4</data>
</auxiliary>
<auxiliary keyword="CHEB">
<data> 7.16930000E-001</data>
<data> 6.86330000E-001</data>
<data>-4.93890000E-002</data>
<data>-9.37450000E-004</data>
</auxiliary>
<auxiliary keyword="CHEB">
<data> 7.98930000E+000</data>
<data> 1.04360000E+000</data>
<data>-3.68170000E-002</data>
<data>-9.70830000E-003</data>
</auxiliary>
<auxiliary keyword="CHEB">
<data>-9.38110000E-001</data>
<data> 3.42830000E-001</data>
<data> 4.60320000E-002</data>
<data>-1.89940000E-003</data>
</auxiliary>
<auxiliary keyword="CHEB">
<data>-3.27340000E-001</data>
<data>-3.14820000E-002</data>
<data> 3.51950000E-002</data>
<data> 6.36140000E-003</data>
</auxiliary>
</reaction>
<reaction formula="HOC[CH2][CH3]2(+M)=H2CCCH3[OH]+CH3(+M)">
<rate A=" 1.00000000E+000" B=" 0.00000000E+000" E=" 0.00000000E+000"/>
<auxiliary keyword="TCHEB">
<data> 3.00000000E+002</data>
<data> 2.10000000E+003</data>
</auxiliary>
<auxiliary keyword="PCHEB">
<data> 9.86923267E-003</data>
<data> 9.86923267E+001</data>
</auxiliary>
<auxiliary keyword="CHEB">
<data>     4</data>
<data>     4</data>
</auxiliary>
<auxiliary keyword="CHEB">
<data> 7.35220000E-001</data>
<data> 7.36620000E-001</data>
<data>-5.72010000E-002</data>
<data>-7.63040000E-004</data>
</auxiliary>
<auxiliary keyword="CHEB">
<data> 8.39550000E+000</data>
<data> 1.08050000E+000</data>
<data>-3.26670000E-002</data>
<data>-1.13640000E-002</data>
</auxiliary>
<auxiliary keyword="CHEB">
<data>-9.13250000E-001</data>
<data> 2.95970000E-001</data>
<data> 5.54930000E-002</data>
<data>-6.22340000E-004</data>
</auxiliary>
<auxiliary keyword="CHEB">
<data>-2.82420000E-001</data>
<data>-7.08810000E-002</data>
<data> 3.55620000E-002</data>
<data> 7.83580000E-003</data>
</auxiliary>
</reaction>
<reaction formula="HOC[CH2][CH3]2(+M)=acetone+CH3(+M)">
<rate A=" 1.00000000E+000" B=" 0.00000000E+000" E=" 0.00000000E+000"/>
<auxiliary keyword="TCHEB">
<data> 3.00000000E+002</data>
<data> 2.10000000E+003</data>
</auxiliary>
<auxiliary keyword="PCHEB">
<data> 9.86923267E-003</data>
<data> 9.86923267E+001</data>
</auxiliary>
<auxiliary keyword="CHEB">
<data>     4</data>
<data>     4</data>
</auxiliary>
<auxiliary keyword="CHEB">
<data>-9.55150000E+000</data>
<data> 1.46240000E+000</data>
<data>-1.86810000E-001</data>
<data>-1.07840000E-002</data>
</auxiliary>
<auxiliary keyword="CHEB">
<data> 1.26070000E+001</data>
<data> 6.43390000E-001</data>
<data> 1.98040000E-001</data>
<data>-6.74470000E-003</data>
</auxiliary>
<auxiliary keyword="CHEB">
<data>-5.95450000E-001</data>
<data>-3.08120000E-002</data>
<data> 1.95310000E-002</data>
<data> 2.09420000E-002</data>
</auxiliary>
<auxiliary keyword="CHEB">
<data>-4.58820000E-002</data>
<data>-9.43440000E-002</data>
<data>-3.19420000E-002</data>
<data> 8.79520000E-004</data>
</auxiliary>
</reaction>
<reaction formula="OC[CH3]3(+M)=OH+iC4H8(+M)">
<rate A=" 1.00000000E+000" B=" 0.00000000E+000" E=" 0.00000000E+000"/>
<auxiliary keyword="TCHEB">
<data> 3.00000000E+002</data>
<data> 2.10000000E+003</data>
</auxiliary>
<auxiliary keyword="PCHEB">
<data> 9.86923267E-003</data>
<data> 9.86923267E+001</data>
</auxiliary>
<auxiliary keyword="CHEB">
<data>     4</data>
<data>     4</data>
</auxiliary>
<auxiliary keyword="CHEB">
<data>-1.03830000E+001</data>
<data> 1.52340000E+000</data>
<data>-1.70120000E-001</data>
<data>-1.39150000E-002</data>
</auxiliary>
<auxiliary keyword="CHEB">
<data> 1.25390000E+001</data>
<data> 6.08250000E-001</data>
<data> 1.94580000E-001</data>
<data> 1.28330000E-004</data>
</auxiliary>
<auxiliary keyword="CHEB">
<data>-1.81170000E-001</data>
<data>-7.96890000E-002</data>
<data> 3.44010000E-003</data>
<data> 2.15340000E-002</data>
</auxiliary>
<auxiliary keyword="CHEB">
<data>-9.62000000E-002</data>
<data>-7.35300000E-002</data>
<data>-3.13240000E-002</data>
<data>-4.52530000E-003</data>
</auxiliary>
</reaction>
<reaction formula="OC[CH3]3(+M)=H2CCCH3[OH]+CH3(+M)">
<rate A=" 1.00000000E+000" B=" 0.00000000E+000" E=" 0.00000000E+000"/>
<auxiliary keyword="TCHEB">
<data> 3.00000000E+002</data>
<data> 2.10000000E+003</data>
</auxiliary>
<auxiliary keyword="PCHEB">
<data> 9.86923267E-003</data>
<data> 9.86923267E+001</data>
</auxiliary>
<auxiliary keyword="CHEB">
<data>     4</data>
<data>     4</data>
</auxiliary>
<auxiliary keyword="CHEB">
<data>-1.00090000E+001</data>
<data> 1.53480000E+000</data>
<data>-1.67340000E-001</data>
<data>-1.47120000E-002</data>
</auxiliary>
<auxiliary keyword="CHEB">
<data> 1.26890000E+001</data>
<data> 5.99120000E-001</data>
<data> 1.93290000E-001</data>
<data> 1.51120000E-003</data>
</auxiliary>
<auxiliary keyword="CHEB">
<data>-1.44400000E-001</data>
<data>-8.68380000E-002</data>
<data> 1.07250000E-003</data>
<data> 2.15720000E-002</data>
</auxiliary>
<auxiliary keyword="CHEB">
<data>-8.80170000E-002</data>
<data>-6.79820000E-002</data>
<data>-3.07170000E-002</data>
<data>-5.52890000E-003</data>
</auxiliary>
</reaction>
<reaction formula="OC[CH3]3(+M)=acetone+CH3(+M)">
<rate A=" 1.00000000E+000" B=" 0.00000000E+000" E=" 0.00000000E+000"/>
<auxiliary keyword="TCHEB">
<data> 3.00000000E+002</data>
<data> 2.10000000E+003</data>
</auxiliary>
<auxiliary keyword="PCHEB">
<data> 9.86923267E-003</data>
<data> 9.86923267E+001</data>
</auxiliary>
<auxiliary keyword="CHEB">
<data>     4</data>
<data>     4</data>
</auxiliary>
<auxiliary keyword="CHEB">
<data> 6.25180000E+000</data>
<data> 1.46350000E+000</data>
<data>-1.69620000E-001</data>
<data>-8.58240000E-003</data>
</auxiliary>
<auxiliary keyword="CHEB">
<data> 2.84620000E+000</data>
<data> 6.07680000E-001</data>
<data> 1.80530000E-001</data>
<data>-1.55370000E-003</data>
</auxiliary>
<auxiliary keyword="CHEB">
<data>-5.76880000E-001</data>
<data> 3.96850000E-003</data>
<data> 1.45380000E-002</data>
<data> 1.32840000E-002</data>
</auxiliary>
<auxiliary keyword="CHEB">
<data>-2.85760000E-002</data>
<data>-7.20500000E-002</data>
<data>-2.36690000E-002</data>
<data>-1.73340000E-003</data>
</auxiliary>
</reaction>
<reaction formula="OH+iC4H8(+M)=H2CCCH3[OH]+CH3(+M)">
<rate A=" 1.00000000E+000" B=" 0.00000000E+000" E=" 0.00000000E+000"/>
<auxiliary keyword="TCHEB">
<data> 3.00000000E+002</data>
<data> 2.10000000E+003</data>
</auxiliary>
<auxiliary keyword="PCHEB">
<data> 9.86923267E-003</data>
<data> 9.86923267E+001</data>
</auxiliary>
<auxiliary keyword="CHEB">
<data>     4</data>
<data>     4</data>
</auxiliary>
<auxiliary keyword="CHEB">
<data> 1.12950000E+001</data>
<data>-9.13320000E-001</data>
<data>-1.13940000E-001</data>
<data> 6.05480000E-003</data>
</auxiliary>
<auxiliary keyword="CHEB">
<data> 2.20000000E+000</data>
<data> 1.05510000E+000</data>
<data> 6.96220000E-002</data>
<data>-2.23870000E-002</data>
</auxiliary>
<auxiliary keyword="CHEB">
<data>-2.73580000E-001</data>
<data> 2.39300000E-003</data>
<data> 7.71630000E-002</data>
<data> 1.12940000E-002</data>
</auxiliary>
<auxiliary keyword="CHEB">
<data>-3.41220000E-002</data>
<data>-1.49770000E-001</data>
<data>-1.78950000E-002</data>
<data> 1.07100000E-002</data>
</auxiliary>
</reaction>
<reaction formula="OH+iC4H8(+M)=acetone+CH3(+M)">
<rate A=" 1.00000000E+000" B=" 0.00000000E+000" E=" 0.00000000E+000"/>
<auxiliary keyword="TCHEB">
<data> 3.00000000E+002</data>
<data> 2.10000000E+003</data>
</auxiliary>
<auxiliary keyword="PCHEB">
<data> 9.86923267E-003</data>
<data> 9.86923267E+001</data>
</auxiliary>
<auxiliary keyword="CHEB">
<data>     4</data>
<data>     4</data>
</auxiliary>
<auxiliary keyword="CHEB">
<data> 2.64750000E+000</data>
<data>-4.33870000E-001</data>
<data>-1.59030000E-001</data>
<data>-1.63000000E-002</data>
</auxiliary>
<auxiliary keyword="CHEB">
<data> 5.41120000E+000</data>
<data> 5.74570000E-001</data>
<data> 1.89940000E-001</data>
<data> 5.31710000E-003</data>
</auxiliary>
<auxiliary keyword="CHEB">
<data> 8.17610000E-003</data>
<data>-1.06080000E-001</data>
<data>-6.14330000E-003</data>
<data> 2.09300000E-002</data>
</auxiliary>
<auxiliary keyword="CHEB">
<data> 1.50520000E-002</data>
<data>-5.40650000E-002</data>
<data>-2.95150000E-002</data>
<data>-8.28270000E-003</data>
</auxiliary>
</reaction>
<reaction formula="H2CCCH3[OH]+CH3(+M)=acetone+CH3(+M)">
<rate A=" 1.00000000E+000" B=" 0.00000000E+000" E=" 0.00000000E+000"/>
<auxiliary keyword="TCHEB">
<data> 3.00000000E+002</data>
<data> 2.10000000E+003</data>
</auxiliary>
<auxiliary keyword="PCHEB">
<data> 9.86923267E-003</data>
<data> 9.86923267E+001</data>
</auxiliary>
<auxiliary keyword="CHEB">
<data>     4</data>
<data>     4</data>
</auxiliary>
<auxiliary keyword="CHEB">
<data>-1.70350000E+000</data>
<data>-4.22190000E-001</data>
<data>-1.56370000E-001</data>
<data>-1.71870000E-002</data>
</auxiliary>
<auxiliary keyword="CHEB">
<data> 8.42020000E+000</data>
<data> 5.63410000E-001</data>
<data> 1.88240000E-001</data>
<data> 6.83300000E-003</data>
</auxiliary>
<auxiliary keyword="CHEB">
<data> 9.58650000E-002</data>
<data>-1.11270000E-001</data>
<data>-8.05810000E-003</data>
<data> 2.07570000E-002</data>
</auxiliary>
<auxiliary keyword="CHEB">
<data> 4.93900000E-002</data>
<data>-4.82560000E-002</data>
<data>-2.87840000E-002</data>
<data>-9.18480000E-003</data>
</auxiliary>
</reaction>
<reaction formula="iC4H8+HOC[CH2][CH3]2(+M)=iC4H8+OC[CH3]3(+M)">
<rate A=" 1.00000000E+000" B=" 0.00000000E+000" E=" 0.00000000E+000"/>
<auxiliary keyword="TCHEB">
<data> 3.00000000E+002</data>
<data> 2.10000000E+003</data>
</auxiliary>
<auxiliary keyword="PCHEB">
<data> 9.86923267E-003</data>
<data> 9.86923267E+001</data>
</auxiliary>
<auxiliary keyword="CHEB">
<data>     4</data>
<data>     4</data>
</auxiliary>
<auxiliary keyword="CHEB">
<data>-7.12480000E+000</data>
<data>-3.17210000E-001</data>
<data>-1.54190000E-001</data>
<data>-3.82350000E-002</data>
</auxiliary>
<auxiliary keyword="CHEB">
<data> 1.37040000E+001</data>
<data> 3.81300000E-001</data>
<data> 1.64200000E-001</data>
<data> 2.63000000E-002</data>
</auxiliary>
<auxiliary keyword="CHEB">
<data> 1.97300000E-001</data>
<data>-6.12120000E-002</data>
<data>-2.31580000E-003</data>
<data> 1.72350000E-002</data>
</auxiliary>
<auxiliary keyword="CHEB">
<data> 8.31530000E-002</data>
<data>-9.29590000E-003</data>
<data>-1.12930000E-002</data>
<data>-6.22450000E-003</data>
</auxiliary>
</reaction>
<reaction formula="OC[CH3]3+CH3C[OH]CH3(+M)=H2CCCH3[OH]+tBuOH(+M)">
<rate A=" 1.00000000E+000" B=" 0.00000000E+000" E=" 0.00000000E+000"/>
<auxiliary keyword="TCHEB">
<data> 3.00000000E+002</data>
<data> 2.10000000E+003</data>
</auxiliary>
<auxiliary keyword="PCHEB">
<data> 9.86923267E-003</data>
<data> 9.86923267E+001</data>
</auxiliary>
<auxiliary keyword="CHEB">
<data>     4</data>
<data>     4</data>
</auxiliary>
<auxiliary keyword="CHEB">
<data> 1.00290000E+001</data>
<data>-1.51070000E+000</data>
<data>-6.76720000E-002</data>
<data>-1.38950000E-004</data>
</auxiliary>
<auxiliary keyword="CHEB">
<data> 3.34520000E+000</data>
<data> 8.17050000E-001</data>
<data>-1.22840000E-001</data>
<data>-4.81860000E-003</data>
</auxiliary>
<auxiliary keyword="CHEB">
<data> 9.93810000E-002</data>
<data> 4.80670000E-001</data>
<data> 8.70230000E-003</data>
<data>-1.73760000E-002</data>
</auxiliary>
<auxiliary keyword="CHEB">
<data>-3.16990000E-001</data>
<data> 1.46720000E-001</data>
<data> 7.60030000E-002</data>
<data>-1.23010000E-002</data>
</auxiliary>
</reaction>
<reaction formula="acetone(+M)=CH2C[O]CH3+H(+M)">
<rate A=" 1.00000000E+000" B=" 0.00000000E+000" E=" 0.00000000E+000"/>
<auxiliary keyword="TCHEB">
<data> 3.00000000E+002</data>
<data> 2.10000000E+003</data>
</auxiliary>
<auxiliary keyword="PCHEB">
<data> 9.86923267E-003</data>
<data> 9.86923267E+001</data>
</auxiliary>
<auxiliary keyword="CHEB">
<data>     4</data>
<data>     4</data>
</auxiliary>
<auxiliary keyword="CHEB">
<data>-2.79720000E+001</data>
<data> 1.43890000E+000</data>
<data>-2.13730000E-001</data>
<data>-1.95640000E-002</data>
</auxiliary>
<auxiliary keyword="CHEB">
<data> 2.94850000E+001</data>
<data> 5.46510000E-001</data>
<data> 1.79430000E-001</data>
<data>-3.78960000E-003</data>
</auxiliary>
<auxiliary keyword="CHEB">
<data>-1.02540000E+000</data>
<data> 8.45110000E-002</data>
<data> 5.69520000E-002</data>
<data> 2.08700000E-002</data>
</auxiliary>
<auxiliary keyword="CHEB">
<data>-4.72060000E-001</data>
<data>-4.49340000E-002</data>
<data>-8.36980000E-003</data>
<data> 6.87240000E-003</data>
</auxiliary>
</reaction>
<reaction formula="H2CCCH3[OH](+M)=CH2C[O]CH3+H(+M)">
<rate A=" 1.00000000E+000" B=" 0.00000000E+000" E=" 0.00000000E+000"/>
<auxiliary keyword="TCHEB">
<data> 3.00000000E+002</data>
<data> 2.10000000E+003</data>
</auxiliary>
<auxiliary keyword="PCHEB">
<data> 9.86923267E-003</data>
<data> 9.86923267E+001</data>
</auxiliary>
<auxiliary keyword="CHEB">
<data>     4</data>
<data>     4</data>
</auxiliary>
<auxiliary keyword="CHEB">
<data>-2.23260000E+001</data>
<data> 2.07460000E-001</data>
<data>-3.66010000E-002</data>
<data> 1.55380000E-003</data>
</auxiliary>
<auxiliary keyword="CHEB">
<data> 2.68710000E+001</data>
<data> 3.18440000E-001</data>
<data>-6.38680000E-002</data>
<data> 3.89530000E-003</data>
</auxiliary>
<auxiliary keyword="CHEB">
<data>-3.48620000E-001</data>
<data> 3.06040000E-001</data>
<data>-3.82580000E-002</data>
<data>-2.80740000E-003</data>
</auxiliary>
<auxiliary keyword="CHEB">
<data>-2.83090000E-001</data>
<data> 2.14320000E-001</data>
<data>-9.35700000E-003</data>
<data>-6.12690000E-003</data>
</auxiliary>
</reaction>
<reaction formula="H2CCCH3[OH](+M)=CH3C[OH]cH+H(+M)">
<rate A=" 1.00000000E+000" B=" 0.00000000E+000" E=" 0.00000000E+000"/>
<auxiliary keyword="TCHEB">
<data> 3.00000000E+002</data>
<data> 2.10000000E+003</data>
</auxiliary>
<auxiliary keyword="PCHEB">
<data> 9.86923267E-003</data>
<data> 9.86923267E+001</data>
</auxiliary>
<auxiliary keyword="CHEB">
<data>     4</data>
<data>     4</data>
</auxiliary>
<auxiliary keyword="CHEB">
<data>-3.07850000E+001</data>
<data> 5.95330000E-001</data>
<data>-1.22710000E-001</data>
<data> 1.86940000E-002</data>
</auxiliary>
<auxiliary keyword="CHEB">
<data> 3.37040000E+001</data>
<data> 8.03080000E-001</data>
<data>-8.78280000E-002</data>
<data>-2.54120000E-002</data>
</auxiliary>
<auxiliary keyword="CHEB">
<data>-6.67870000E-001</data>
<data> 3.91590000E-001</data>
<data> 4.58810000E-002</data>
<data>-2.67280000E-002</data>
</auxiliary>
<auxiliary keyword="CHEB">
<data>-4.01750000E-001</data>
<data> 1.09640000E-001</data>
<data> 6.84520000E-002</data>
<data>-4.97840000E-003</data>
</auxiliary>
</reaction>
<reaction formula="H2CCCH3[OH](+M)=CH2C[OH]CH2+H(+M)">
<rate A=" 1.00000000E+000" B=" 0.00000000E+000" E=" 0.00000000E+000"/>
<auxiliary keyword="TCHEB">
<data> 3.00000000E+002</data>
<data> 2.10000000E+003</data>
</auxiliary>
<auxiliary keyword="PCHEB">
<data> 9.86923267E-003</data>
<data> 9.86923267E+001</data>
</auxiliary>
<auxiliary keyword="CHEB">
<data>     4</data>
<data>     4</data>
</auxiliary>
<auxiliary keyword="CHEB">
<data>-2.15470000E+001</data>
<data> 2.07460000E-001</data>
<data>-3.66010000E-002</data>
<data> 1.55380000E-003</data>
</auxiliary>
<auxiliary keyword="CHEB">
<data> 2.68710000E+001</data>
<data> 3.18440000E-001</data>
<data>-6.38680000E-002</data>
<data> 3.89530000E-003</data>
</auxiliary>
<auxiliary keyword="CHEB">
<data>-3.48620000E-001</data>
<data> 3.06040000E-001</data>
<data>-3.82580000E-002</data>
<data>-2.80740000E-003</data>
</auxiliary>
<auxiliary keyword="CHEB">
<data>-2.83090000E-001</data>
<data> 2.14320000E-001</data>
<data>-9.35700000E-003</data>
<data>-6.12690000E-003</data>
</auxiliary>
</reaction>
<reaction formula="CH2C[O]CH3+H(+M)=CH3C[OH]cH+H(+M)">
<rate A=" 1.00000000E+000" B=" 0.00000000E+000" E=" 0.00000000E+000"/>
<auxiliary keyword="TCHEB">
<data> 3.00000000E+002</data>
<data> 2.10000000E+003</data>
</auxiliary>
<auxiliary keyword="PCHEB">
<data> 9.86923267E-003</data>
<data> 9.86923267E+001</data>
</auxiliary>
<auxiliary keyword="CHEB">
<data>     4</data>
<data>     4</data>
</auxiliary>
<auxiliary keyword="CHEB">
<data> 2.97960000E+000</data>
<data>-1.28060000E+000</data>
<data>-1.17880000E-001</data>
<data> 1.88990000E-002</data>
</auxiliary>
<auxiliary keyword="CHEB">
<data> 8.31940000E+000</data>
<data> 9.63200000E-001</data>
<data>-4.58550000E-002</data>
<data>-3.21900000E-002</data>
</auxiliary>
<auxiliary keyword="CHEB">
<data> 8.75840000E-002</data>
<data> 3.55290000E-001</data>
<data> 8.67720000E-002</data>
<data>-1.83280000E-002</data>
</auxiliary>
<auxiliary keyword="CHEB">
<data>-1.32120000E-001</data>
<data> 2.14510000E-002</data>
<data> 7.17510000E-002</data>
<data> 1.05390000E-002</data>
</auxiliary>
</reaction>
<reaction formula="CH2C[O]CH3+H(+M)=CH2C[OH]CH2+H(+M)">
<rate A=" 1.00000000E+000" B=" 0.00000000E+000" E=" 0.00000000E+000"/>
<auxiliary keyword="TCHEB">
<data> 3.00000000E+002</data>
<data> 2.10000000E+003</data>
</auxiliary>
<auxiliary keyword="PCHEB">
<data> 9.86923267E-003</data>
<data> 9.86923267E+001</data>
</auxiliary>
<auxiliary keyword="CHEB">
<data>     4</data>
<data>     4</data>
</auxiliary>
<auxiliary keyword="CHEB">
<data> 9.37760000E+000</data>
<data>-1.55200000E+000</data>
<data>-5.33880000E-002</data>
<data> 7.69770000E-004</data>
</auxiliary>
<auxiliary keyword="CHEB">
<data> 3.25470000E+000</data>
<data> 7.37130000E-001</data>
<data>-9.53200000E-002</data>
<data>-1.65700000E-003</data>
</auxiliary>
<auxiliary keyword="CHEB">
<data> 4.25780000E-001</data>
<data> 4.96670000E-001</data>
<data>-3.15780000E-003</data>
<data>-1.19380000E-002</data>
</auxiliary>
<auxiliary keyword="CHEB">
<data>-1.72730000E-001</data>
<data> 2.10740000E-001</data>
<data> 4.72050000E-002</data>
<data>-9.58270000E-003</data>
</auxiliary>
</reaction>
<reaction formula="CH3C[OH]cH+H(+M)=CH2C[OH]CH2+H(+M)">
<rate A=" 1.00000000E+000" B=" 0.00000000E+000" E=" 0.00000000E+000"/>
<auxiliary keyword="TCHEB">
<data> 3.00000000E+002</data>
<data> 2.10000000E+003</data>
</auxiliary>
<auxiliary keyword="PCHEB">
<data> 9.86923267E-003</data>
<data> 9.86923267E+001</data>
</auxiliary>
<auxiliary keyword="CHEB">
<data>     4</data>
<data>     4</data>
</auxiliary>
<auxiliary keyword="CHEB">
<data> 1.28120000E+001</data>
<data>-1.28060000E+000</data>
<data>-1.17880000E-001</data>
<data> 1.88990000E-002</data>
</auxiliary>
<auxiliary keyword="CHEB">
<data> 9.96830000E-001</data>
<data> 9.63200000E-001</data>
<data>-4.58550000E-002</data>
<data>-3.21900000E-002</data>
</auxiliary>
<auxiliary keyword="CHEB">
<data> 6.99610000E-002</data>
<data> 3.55290000E-001</data>
<data> 8.67720000E-002</data>
<data>-1.83280000E-002</data>
</auxiliary>
<auxiliary keyword="CHEB">
<data>-1.25260000E-001</data>
<data> 2.14510000E-002</data>
<data> 7.17510000E-002</data>
<data> 1.05390000E-002</data>
</auxiliary>
</reaction>
<reaction formula="iC4H8+H2CCCH3[OH](+M)=iC4H7+CH3C[OH]CH3(+M)">
<rate A=" 1.00000000E+000" B=" 0.00000000E+000" E=" 0.00000000E+000"/>
<auxiliary keyword="TCHEB">
<data> 3.00000000E+002</data>
<data> 2.10000000E+003</data>
</auxiliary>
<auxiliary keyword="PCHEB">
<data> 9.86923267E-003</data>
<data> 9.86923267E+001</data>
</auxiliary>
<auxiliary keyword="CHEB">
<data>     4</data>
<data>     4</data>
</auxiliary>
<auxiliary keyword="CHEB">
<data>-1.37710000E+001</data>
<data>-1.48400000E+000</data>
<data>-3.85010000E-002</data>
<data>-2.43240000E-003</data>
</auxiliary>
<auxiliary keyword="CHEB">
<data> 2.08890000E+001</data>
<data> 8.85770000E-001</data>
<data>-7.60760000E-002</data>
<data>-6.10780000E-003</data>
</auxiliary>
<auxiliary keyword="CHEB">
<data> 4.26940000E-001</data>
<data> 5.45480000E-001</data>
<data> 8.53740000E-003</data>
<data>-7.57120000E-003</data>
</auxiliary>
<auxiliary keyword="CHEB">
<data>-3.87620000E-001</data>
<data> 1.61460000E-001</data>
<data> 5.56290000E-002</data>
<data>-3.31620000E-003</data>
</auxiliary>
</reaction>
<reaction formula="H2CCCH3[OH]+H2O(+M)=OH+CH3C[OH]CH3(+M)">
<rate A=" 1.00000000E+000" B=" 0.00000000E+000" E=" 0.00000000E+000"/>
<auxiliary keyword="TCHEB">
<data> 3.00000000E+002</data>
<data> 2.10000000E+003</data>
</auxiliary>
<auxiliary keyword="PCHEB">
<data> 9.86923267E-003</data>
<data> 9.86923267E+001</data>
</auxiliary>
<auxiliary keyword="CHEB">
<data>     4</data>
<data>     4</data>
</auxiliary>
<auxiliary keyword="CHEB">
<data>-2.13220000E+001</data>
<data>-9.81770000E-001</data>
<data>-1.85010000E-001</data>
<data> 2.61330000E-002</data>
</auxiliary>
<auxiliary keyword="CHEB">
<data> 2.68310000E+001</data>
<data> 9.35040000E-001</data>
<data> 8.60080000E-002</data>
<data>-5.94230000E-002</data>
</auxiliary>
<auxiliary keyword="CHEB">
<data> 1.96250000E-001</data>
<data> 1.77750000E-001</data>
<data> 1.06330000E-001</data>
<data> 8.36120000E-003</data>
</auxiliary>
<auxiliary keyword="CHEB">
<data>-3.08660000E-002</data>
<data>-7.83980000E-002</data>
<data> 2.02950000E-002</data>
<data> 2.68430000E-002</data>
</auxiliary>
</reaction>
<reaction formula="2H2CCCH3[OH](+M)=CH2C[O]CH3+CH3C[OH]CH3(+M)">
<rate A=" 1.00000000E+000" B=" 0.00000000E+000" E=" 0.00000000E+000"/>
<auxiliary keyword="TCHEB">
<data> 3.00000000E+002</data>
<data> 2.10000000E+003</data>
</auxiliary>
<auxiliary keyword="PCHEB">
<data> 9.86923267E-003</data>
<data> 9.86923267E+001</data>
</auxiliary>
<auxiliary keyword="CHEB">
<data>     4</data>
<data>     4</data>
</auxiliary>
<auxiliary keyword="CHEB">
<data>-1.41240000E+001</data>
<data>-1.38580000E+000</data>
<data>-3.66610000E-002</data>
<data>-1.78570000E-004</data>
</auxiliary>
<auxiliary keyword="CHEB">
<data> 2.07840000E+001</data>
<data> 1.05770000E+000</data>
<data>-5.61600000E-002</data>
<data>-6.75090000E-003</data>
</auxiliary>
<auxiliary keyword="CHEB">
<data> 2.86040000E-001</data>
<data> 4.83610000E-001</data>
<data> 3.63370000E-002</data>
<data>-5.79620000E-003</data>
</auxiliary>
<auxiliary keyword="CHEB">
<data>-3.76180000E-001</data>
<data> 7.36650000E-003</data>
<data> 6.05510000E-002</data>
<data> 2.83230000E-003</data>
</auxiliary>
</reaction>
<reaction formula="iC4H7+OH(+M)=CH2C[OH]CH2+CH3(+M)">
<rate A=" 1.00000000E+000" B=" 0.00000000E+000" E=" 0.00000000E+000"/>
<auxiliary keyword="TCHEB">
<data> 3.00000000E+002</data>
<data> 2.10000000E+003</data>
</auxiliary>
<auxiliary keyword="PCHEB">
<data> 9.86923267E-003</data>
<data> 9.86923267E+001</data>
</auxiliary>
<auxiliary keyword="CHEB">
<data>     4</data>
<data>     4</data>
</auxiliary>
<auxiliary keyword="CHEB">
<data> 1.24140000E+001</data>
<data>-4.67880000E-001</data>
<data>-1.33490000E-001</data>
<data>-1.19650000E-002</data>
</auxiliary>
<auxiliary keyword="CHEB">
<data> 6.66250000E-001</data>
<data> 6.21170000E-001</data>
<data> 1.50900000E-001</data>
<data> 2.02770000E-003</data>
</auxiliary>
<auxiliary keyword="CHEB">
<data>-8.70770000E-002</data>
<data>-1.24260000E-001</data>
<data> 7.03000000E-003</data>
<data> 1.67950000E-002</data>
</auxiliary>
<auxiliary keyword="CHEB">
<data> 1.39250000E-002</data>
<data>-4.62620000E-002</data>
<data>-2.85320000E-002</data>
<data>-5.60350000E-003</data>
</auxiliary>
</reaction>
<reaction formula="iC4H7(+M)=HCC[CH3]2(+M)">
<rate A=" 1.00000000E+000" B=" 0.00000000E+000" E=" 0.00000000E+000"/>
<auxiliary keyword="TCHEB">
<data> 3.00000000E+002</data>
<data> 2.10000000E+003</data>
</auxiliary>
<auxiliary keyword="PCHEB">
<data> 9.86923267E-003</data>
<data> 9.86923267E+001</data>
</auxiliary>
<auxiliary keyword="CHEB">
<data>     4</data>
<data>     4</data>
</auxiliary>
<auxiliary keyword="CHEB">
<data>-1.30750000E+001</data>
<data> 1.16610000E+000</data>
<data>-1.31050000E-001</data>
<data> 1.18630000E-002</data>
</auxiliary>
<auxiliary keyword="CHEB">
<data> 1.61210000E+001</data>
<data> 1.22740000E+000</data>
<data> 2.05800000E-002</data>
<data>-2.31850000E-002</data>
</auxiliary>
<auxiliary keyword="CHEB">
<data>-1.29890000E+000</data>
<data> 3.68000000E-001</data>
<data> 3.02410000E-002</data>
<data> 3.27780000E-003</data>
</auxiliary>
<auxiliary keyword="CHEB">
<data>-5.05730000E-001</data>
<data> 6.50060000E-002</data>
<data> 7.76500000E-004</data>
<data>-1.11560000E-004</data>
</auxiliary>
</reaction>
<reaction formula="iC4H7(+M)=aC3H4+CH3(+M)">
<rate A=" 1.00000000E+000" B=" 0.00000000E+000" E=" 0.00000000E+000"/>
<auxiliary keyword="TCHEB">
<data> 3.00000000E+002</data>
<data> 2.10000000E+003</data>
</auxiliary>
<auxiliary keyword="PCHEB">
<data> 9.86923267E-003</data>
<data> 9.86923267E+001</data>
</auxiliary>
<auxiliary keyword="CHEB">
<data>     4</data>
<data>     4</data>
</auxiliary>
<auxiliary keyword="CHEB">
<data>-8.44350000E+000</data>
<data> 3.77970000E-001</data>
<data>-4.59260000E-002</data>
<data>-2.37900000E-004</data>
</auxiliary>
<auxiliary keyword="CHEB">
<data> 1.61910000E+001</data>
<data> 6.17220000E-001</data>
<data>-8.09340000E-002</data>
<data>-2.30910000E-003</data>
</auxiliary>
<auxiliary keyword="CHEB">
<data>-6.11190000E-001</data>
<data> 4.42730000E-001</data>
<data>-1.41870000E-002</data>
<data>-8.96890000E-003</data>
</auxiliary>
<auxiliary keyword="CHEB">
<data>-3.98330000E-001</data>
<data> 2.10540000E-001</data>
<data> 2.64710000E-002</data>
<data>-6.98500000E-003</data>
</auxiliary>
</reaction>
<reaction formula="iC4H7(+M)=pC3H4+CH3(+M)">
<rate A=" 1.00000000E+000" B=" 0.00000000E+000" E=" 0.00000000E+000"/>
<auxiliary keyword="TCHEB">
<data> 3.00000000E+002</data>
<data> 2.10000000E+003</data>
</auxiliary>
<auxiliary keyword="PCHEB">
<data> 9.86923267E-003</data>
<data> 9.86923267E+001</data>
</auxiliary>
<auxiliary keyword="CHEB">
<data>     4</data>
<data>     4</data>
</auxiliary>
<auxiliary keyword="CHEB">
<data>-1.22830000E+001</data>
<data>-8.03950000E-002</data>
<data>-1.97180000E-001</data>
<data>-8.90610000E-003</data>
</auxiliary>
<auxiliary keyword="CHEB">
<data> 1.83860000E+001</data>
<data> 1.48700000E+000</data>
<data> 4.02460000E-002</data>
<data>-2.78030000E-003</data>
</auxiliary>
<auxiliary keyword="CHEB">
<data>-8.26790000E-001</data>
<data> 3.52320000E-001</data>
<data> 3.65480000E-002</data>
<data> 9.33690000E-004</data>
</auxiliary>
<auxiliary keyword="CHEB">
<data>-4.34890000E-001</data>
<data> 8.63740000E-002</data>
<data> 1.86230000E-002</data>
<data>-1.14730000E-002</data>
</auxiliary>
</reaction>
<reaction formula="HCC[CH3]2(+M)=aC3H4+CH3(+M)">
<rate A=" 1.00000000E+000" B=" 0.00000000E+000" E=" 0.00000000E+000"/>
<auxiliary keyword="TCHEB">
<data> 3.00000000E+002</data>
<data> 2.10000000E+003</data>
</auxiliary>
<auxiliary keyword="PCHEB">
<data> 9.86923267E-003</data>
<data> 9.86923267E+001</data>
</auxiliary>
<auxiliary keyword="CHEB">
<data>     4</data>
<data>     4</data>
</auxiliary>
<auxiliary keyword="CHEB">
<data>-5.43030000E+000</data>
<data>-1.73670000E-001</data>
<data>-1.61980000E-001</data>
<data>-8.50100000E-003</data>
</auxiliary>
<auxiliary keyword="CHEB">
<data> 1.18550000E+001</data>
<data> 1.63840000E+000</data>
<data> 1.80640000E-002</data>
<data>-7.35030000E-003</data>
</auxiliary>
<auxiliary keyword="CHEB">
<data>-5.98950000E-001</data>
<data> 3.71180000E-001</data>
<data> 3.94720000E-002</data>
<data> 5.43240000E-003</data>
</auxiliary>
<auxiliary keyword="CHEB">
<data>-2.87890000E-001</data>
<data> 7.03060000E-002</data>
<data> 2.36280000E-002</data>
<data>-9.85300000E-003</data>
</auxiliary>
</reaction>
<reaction formula="HCC[CH3]2(+M)=pC3H4+CH3(+M)">
<rate A=" 1.00000000E+000" B=" 0.00000000E+000" E=" 0.00000000E+000"/>
<auxiliary keyword="TCHEB">
<data> 3.00000000E+002</data>
<data> 2.10000000E+003</data>
</auxiliary>
<auxiliary keyword="PCHEB">
<data> 9.86923267E-003</data>
<data> 9.86923267E+001</data>
</auxiliary>
<auxiliary keyword="CHEB">
<data>     4</data>
<data>     4</data>
</auxiliary>
<auxiliary keyword="CHEB">
<data>-4.09200000E-001</data>
<data> 9.47180000E-001</data>
<data>-1.52530000E-001</data>
<data> 3.65580000E-002</data>
</auxiliary>
<auxiliary keyword="CHEB">
<data> 9.22520000E+000</data>
<data> 8.97580000E-001</data>
<data> 8.44910000E-002</data>
<data>-4.29290000E-002</data>
</auxiliary>
<auxiliary keyword="CHEB">
<data>-1.08070000E+000</data>
<data> 2.27220000E-001</data>
<data> 6.10520000E-002</data>
<data>-3.67050000E-003</data>
</auxiliary>
<auxiliary keyword="CHEB">
<data>-3.63730000E-001</data>
<data>-5.04650000E-002</data>
<data> 8.83820000E-003</data>
<data> 7.66360000E-003</data>
</auxiliary>
</reaction>
<reaction formula="aC3H4+CH3(+M)=pC3H4+CH3(+M)">
<rate A=" 1.00000000E+000" B=" 0.00000000E+000" E=" 0.00000000E+000"/>
<auxiliary keyword="TCHEB">
<data> 3.00000000E+002</data>
<data> 2.10000000E+003</data>
</auxiliary>
<auxiliary keyword="PCHEB">
<data> 9.86923267E-003</data>
<data> 9.86923267E+001</data>
</auxiliary>
<auxiliary keyword="CHEB">
<data>     4</data>
<data>     4</data>
</auxiliary>
<auxiliary keyword="CHEB">
<data> 4.15380000E+000</data>
<data>-1.65720000E+000</data>
<data>-1.91510000E-001</data>
<data>-1.20850000E-002</data>
</auxiliary>
<auxiliary keyword="CHEB">
<data> 5.97390000E+000</data>
<data> 1.51650000E+000</data>
<data> 8.69170000E-002</data>
<data>-6.66950000E-004</data>
</auxiliary>
<auxiliary keyword="CHEB">
<data> 1.43840000E-001</data>
<data> 2.52170000E-001</data>
<data> 5.57700000E-002</data>
<data>-4.51050000E-003</data>
</auxiliary>
<auxiliary keyword="CHEB">
<data>-8.28560000E-002</data>
<data>-2.95530000E-002</data>
<data> 4.54990000E-002</data>
<data>-6.91390000E-004</data>
</auxiliary>
</reaction>
<reaction formula="iC4H7+acetone(+M)=iC4H8+CH2C[O]CH3(+M)">
<rate A=" 1.00000000E+000" B=" 0.00000000E+000" E=" 0.00000000E+000"/>
<auxiliary keyword="TCHEB">
<data> 3.00000000E+002</data>
<data> 2.10000000E+003</data>
</auxiliary>
<auxiliary keyword="PCHEB">
<data> 9.86923267E-003</data>
<data> 9.86923267E+001</data>
</auxiliary>
<auxiliary keyword="CHEB">
<data>     4</data>
<data>     4</data>
</auxiliary>
<auxiliary keyword="CHEB">
<data>-1.14110000E+001</data>
<data>-5.30960000E-001</data>
<data>-1.51000000E-001</data>
<data>-1.11780000E-002</data>
</auxiliary>
<auxiliary keyword="CHEB">
<data> 1.83810000E+001</data>
<data> 7.12190000E-001</data>
<data> 1.64490000E-001</data>
<data>-2.44180000E-003</data>
</auxiliary>
<auxiliary keyword="CHEB">
<data> 6.55240000E-002</data>
<data>-1.46580000E-001</data>
<data> 2.82040000E-002</data>
<data> 2.49710000E-002</data>
</auxiliary>
<auxiliary keyword="CHEB">
<data> 9.78040000E-002</data>
<data>-5.19220000E-002</data>
<data>-4.84200000E-002</data>
<data>-9.22540000E-003</data>
</auxiliary>
</reaction>
<reaction formula="CH2C[O]CH3(+M)=CH3C[OH]cH(+M)">
<rate A=" 1.00000000E+000" B=" 0.00000000E+000" E=" 0.00000000E+000"/>
<auxiliary keyword="TCHEB">
<data> 3.00000000E+002</data>
<data> 2.10000000E+003</data>
</auxiliary>
<auxiliary keyword="PCHEB">
<data> 9.86923267E-003</data>
<data> 9.86923267E+001</data>
</auxiliary>
<auxiliary keyword="CHEB">
<data>     4</data>
<data>     4</data>
</auxiliary>
<auxiliary keyword="CHEB">
<data>-4.60500000E+000</data>
<data> 1.84500000E+000</data>
<data>-3.67310000E-001</data>
<data> 7.51300000E-002</data>
</auxiliary>
<auxiliary keyword="CHEB">
<data> 8.62930000E+000</data>
<data> 1.36000000E+000</data>
<data> 1.03990000E-001</data>
<data>-5.66170000E-002</data>
</auxiliary>
<auxiliary keyword="CHEB">
<data>-1.07830000E+000</data>
<data> 2.28510000E-001</data>
<data> 1.01540000E-001</data>
<data> 2.37400000E-003</data>
</auxiliary>
<auxiliary keyword="CHEB">
<data>-3.97150000E-001</data>
<data>-2.51500000E-002</data>
<data> 1.97860000E-002</data>
<data> 7.86950000E-003</data>
</auxiliary>
</reaction>
<reaction formula="CH2C[O]CH3(+M)=CH2C[OH]CH2(+M)">
<rate A=" 1.00000000E+000" B=" 0.00000000E+000" E=" 0.00000000E+000"/>
<auxiliary keyword="TCHEB">
<data> 3.00000000E+002</data>
<data> 2.10000000E+003</data>
</auxiliary>
<auxiliary keyword="PCHEB">
<data> 9.86923267E-003</data>
<data> 9.86923267E+001</data>
</auxiliary>
<auxiliary keyword="CHEB">
<data>     4</data>
<data>     4</data>
</auxiliary>
<auxiliary keyword="CHEB">
<data>-6.23290000E+000</data>
<data> 2.05050000E+000</data>
<data>-1.93700000E-001</data>
<data>-3.69190000E-002</data>
</auxiliary>
<auxiliary keyword="CHEB">
<data> 1.10330000E+001</data>
<data> 8.80610000E-001</data>
<data> 8.66650000E-002</data>
<data> 3.33180000E-002</data>
</auxiliary>
<auxiliary keyword="CHEB">
<data>-1.07110000E+000</data>
<data> 3.20620000E-001</data>
<data> 2.82030000E-003</data>
<data> 3.37260000E-003</data>
</auxiliary>
<auxiliary keyword="CHEB">
<data>-4.41870000E-001</data>
<data> 8.82820000E-002</data>
<data> 6.28500000E-003</data>
<data>-8.14770000E-003</data>
</auxiliary>
</reaction>
<reaction formula="CH2C[O]CH3(+M)=CH2CO+CH3(+M)">
<rate A=" 1.00000000E+000" B=" 0.00000000E+000" E=" 0.00000000E+000"/>
<auxiliary keyword="TCHEB">
<data> 3.00000000E+002</data>
<data> 2.10000000E+003</data>
</auxiliary>
<auxiliary keyword="PCHEB">
<data> 9.86923267E-003</data>
<data> 9.86923267E+001</data>
</auxiliary>
<auxiliary keyword="CHEB">
<data>     4</data>
<data>     4</data>
</auxiliary>
<auxiliary keyword="CHEB">
<data>-4.72160000E-002</data>
<data> 9.50120000E-001</data>
<data>-1.36330000E-001</data>
<data> 2.34630000E-002</data>
</auxiliary>
<auxiliary keyword="CHEB">
<data> 8.54720000E+000</data>
<data> 9.06150000E-001</data>
<data> 5.71960000E-002</data>
<data>-3.28170000E-002</data>
</auxiliary>
<auxiliary keyword="CHEB">
<data>-9.13570000E-001</data>
<data> 1.82170000E-001</data>
<data> 6.12810000E-002</data>
<data> 8.28550000E-004</data>
</auxiliary>
<auxiliary keyword="CHEB">
<data>-3.19400000E-001</data>
<data>-4.37350000E-002</data>
<data> 1.18510000E-002</data>
<data> 5.99650000E-003</data>
</auxiliary>
</reaction>
<reaction formula="CH2C[O]CH3(+M)=aC3H4+OH(+M)">
<rate A=" 1.00000000E+000" B=" 0.00000000E+000" E=" 0.00000000E+000"/>
<auxiliary keyword="TCHEB">
<data> 3.00000000E+002</data>
<data> 2.10000000E+003</data>
</auxiliary>
<auxiliary keyword="PCHEB">
<data> 9.86923267E-003</data>
<data> 9.86923267E+001</data>
</auxiliary>
<auxiliary keyword="CHEB">
<data>     4</data>
<data>     4</data>
</auxiliary>
<auxiliary keyword="CHEB">
<data>-1.52010000E+001</data>
<data> 1.34810000E+000</data>
<data>-2.13550000E-001</data>
<data>-8.15710000E-003</data>
</auxiliary>
<auxiliary keyword="CHEB">
<data> 1.81830000E+001</data>
<data> 7.39340000E-001</data>
<data> 1.97770000E-001</data>
<data>-2.05840000E-002</data>
</auxiliary>
<auxiliary keyword="CHEB">
<data>-4.12180000E-001</data>
<data> 6.29370000E-003</data>
<data> 5.62860000E-002</data>
<data> 3.17340000E-002</data>
</auxiliary>
<auxiliary keyword="CHEB">
<data>-1.19220000E-001</data>
<data>-8.77850000E-002</data>
<data>-2.66530000E-002</data>
<data> 6.86020000E-003</data>
</auxiliary>
</reaction>
<reaction formula="CH2C[O]CH3(+M)=pC3H4+OH(+M)">
<rate A=" 1.00000000E+000" B=" 0.00000000E+000" E=" 0.00000000E+000"/>
<auxiliary keyword="TCHEB">
<data> 3.00000000E+002</data>
<data> 2.10000000E+003</data>
</auxiliary>
<auxiliary keyword="PCHEB">
<data> 9.86923267E-003</data>
<data> 9.86923267E+001</data>
</auxiliary>
<auxiliary keyword="CHEB">
<data>     4</data>
<data>     4</data>
</auxiliary>
<auxiliary keyword="CHEB">
<data>-1.27740000E+001</data>
<data> 1.84610000E+000</data>
<data>-1.00500000E-001</data>
<data>-4.30990000E-002</data>
</auxiliary>
<auxiliary keyword="CHEB">
<data> 1.60330000E+001</data>
<data> 1.87670000E-001</data>
<data> 1.18800000E-001</data>
<data> 4.86120000E-002</data>
</auxiliary>
<auxiliary keyword="CHEB">
<data>-5.39580000E-001</data>
<data>-3.49360000E-002</data>
<data>-1.77310000E-002</data>
<data>-4.43230000E-003</data>
</auxiliary>
<auxiliary keyword="CHEB">
<data>-1.28550000E-001</data>
<data>-7.93800000E-003</data>
<data>-7.14280000E-003</data>
<data>-4.26760000E-003</data>
</auxiliary>
</reaction>
<reaction formula="CH3C[OH]cH(+M)=CH2C[OH]CH2(+M)">
<rate A=" 1.00000000E+000" B=" 0.00000000E+000" E=" 0.00000000E+000"/>
<auxiliary keyword="TCHEB">
<data> 3.00000000E+002</data>
<data> 2.10000000E+003</data>
</auxiliary>
<auxiliary keyword="PCHEB">
<data> 9.86923267E-003</data>
<data> 9.86923267E+001</data>
</auxiliary>
<auxiliary keyword="CHEB">
<data>     4</data>
<data>     4</data>
</auxiliary>
<auxiliary keyword="CHEB">
<data> 8.79950000E-002</data>
<data> 1.82180000E+000</data>
<data>-3.40970000E-001</data>
<data>-6.59520000E-002</data>
</auxiliary>
<auxiliary keyword="CHEB">
<data> 5.03850000E+000</data>
<data> 1.42530000E+000</data>
<data> 2.41820000E-001</data>
<data> 4.52750000E-002</data>
</auxiliary>
<auxiliary keyword="CHEB">
<data>-7.59530000E-001</data>
<data> 3.06860000E-001</data>
<data> 7.43790000E-003</data>
<data> 1.36370000E-002</data>
</auxiliary>
<auxiliary keyword="CHEB">
<data>-3.87550000E-001</data>
<data> 6.67810000E-002</data>
<data> 4.06280000E-003</data>
<data>-1.19290000E-002</data>
</auxiliary>
</reaction>
<reaction formula="CH3C[OH]cH(+M)=CH2CO+CH3(+M)">
<rate A=" 1.00000000E+000" B=" 0.00000000E+000" E=" 0.00000000E+000"/>
<auxiliary keyword="TCHEB">
<data> 3.00000000E+002</data>
<data> 2.10000000E+003</data>
</auxiliary>
<auxiliary keyword="PCHEB">
<data> 9.86923267E-003</data>
<data> 9.86923267E+001</data>
</auxiliary>
<auxiliary keyword="CHEB">
<data>     4</data>
<data>     4</data>
</auxiliary>
<auxiliary keyword="CHEB">
<data> 5.43050000E+000</data>
<data> 5.61560000E-001</data>
<data>-2.93340000E-001</data>
<data> 4.73640000E-003</data>
</auxiliary>
<auxiliary keyword="CHEB">
<data> 3.41650000E+000</data>
<data> 1.53710000E+000</data>
<data> 2.26330000E-001</data>
<data>-4.23520000E-002</data>
</auxiliary>
<auxiliary keyword="CHEB">
<data>-4.43820000E-001</data>
<data> 1.54960000E-002</data>
<data> 8.33570000E-002</data>
<data> 2.72130000E-002</data>
</auxiliary>
<auxiliary keyword="CHEB">
<data>-1.10390000E-001</data>
<data>-1.15240000E-001</data>
<data>-1.83110000E-002</data>
<data> 6.54870000E-003</data>
</auxiliary>
</reaction>
<reaction formula="CH3C[OH]cH(+M)=aC3H4+OH(+M)">
<rate A=" 1.00000000E+000" B=" 0.00000000E+000" E=" 0.00000000E+000"/>
<auxiliary keyword="TCHEB">
<data> 3.00000000E+002</data>
<data> 2.10000000E+003</data>
</auxiliary>
<auxiliary keyword="PCHEB">
<data> 9.86923267E-003</data>
<data> 9.86923267E+001</data>
</auxiliary>
<auxiliary keyword="CHEB">
<data>     4</data>
<data>     4</data>
</auxiliary>
<auxiliary keyword="CHEB">
<data>-7.77240000E+000</data>
<data> 1.27770000E+000</data>
<data>-2.67700000E-001</data>
<data>-3.47540000E-002</data>
</auxiliary>
<auxiliary keyword="CHEB">
<data> 1.20760000E+001</data>
<data> 8.50570000E-001</data>
<data> 2.75100000E-001</data>
<data> 1.37350000E-002</data>
</auxiliary>
<auxiliary keyword="CHEB">
<data>-4.87950000E-003</data>
<data>-4.10540000E-002</data>
<data> 3.31690000E-002</data>
<data> 2.60820000E-002</data>
</auxiliary>
<auxiliary keyword="CHEB">
<data>-2.59510000E-002</data>
<data>-9.17540000E-002</data>
<data>-3.31640000E-002</data>
<data> 2.42360000E-003</data>
</auxiliary>
</reaction>
<reaction formula="CH3C[OH]cH(+M)=pC3H4+OH(+M)">
<rate A=" 1.00000000E+000" B=" 0.00000000E+000" E=" 0.00000000E+000"/>
<auxiliary keyword="TCHEB">
<data> 3.00000000E+002</data>
<data> 2.10000000E+003</data>
</auxiliary>
<auxiliary keyword="PCHEB">
<data> 9.86923267E-003</data>
<data> 9.86923267E+001</data>
</auxiliary>
<auxiliary keyword="CHEB">
<data>     4</data>
<data>     4</data>
</auxiliary>
<auxiliary keyword="CHEB">
<data>-2.16080000E+000</data>
<data> 1.87470000E+000</data>
<data>-8.03670000E-002</data>
<data>-3.35240000E-002</data>
</auxiliary>
<auxiliary keyword="CHEB">
<data> 9.35220000E+000</data>
<data> 1.53980000E-001</data>
<data> 9.51370000E-002</data>
<data> 3.73850000E-002</data>
</auxiliary>
<auxiliary keyword="CHEB">
<data>-2.06720000E-001</data>
<data>-3.04750000E-002</data>
<data>-1.46000000E-002</data>
<data>-2.96320000E-003</data>
</auxiliary>
<auxiliary keyword="CHEB">
<data>-4.94520000E-002</data>
<data>-5.50060000E-003</data>
<data>-5.41870000E-003</data>
<data>-3.43580000E-003</data>
</auxiliary>
</reaction>
<reaction formula="CH2C[OH]CH2(+M)=CH2CO+CH3(+M)">
<rate A=" 1.00000000E+000" B=" 0.00000000E+000" E=" 0.00000000E+000"/>
<auxiliary keyword="TCHEB">
<data> 3.00000000E+002</data>
<data> 2.10000000E+003</data>
</auxiliary>
<auxiliary keyword="PCHEB">
<data> 9.86923267E-003</data>
<data> 9.86923267E+001</data>
</auxiliary>
<auxiliary keyword="CHEB">
<data>     4</data>
<data>     4</data>
</auxiliary>
<auxiliary keyword="CHEB">
<data>-4.15310000E+000</data>
<data> 3.18370000E-001</data>
<data>-1.75340000E-001</data>
<data>-3.19650000E-002</data>
</auxiliary>
<auxiliary keyword="CHEB">
<data> 1.24750000E+001</data>
<data> 1.16800000E+000</data>
<data> 7.74170000E-002</data>
<data> 2.77270000E-002</data>
</auxiliary>
<auxiliary keyword="CHEB">
<data>-8.39330000E-001</data>
<data> 3.78600000E-001</data>
<data> 1.99450000E-002</data>
<data>-5.99480000E-003</data>
</auxiliary>
<auxiliary keyword="CHEB">
<data>-4.45710000E-001</data>
<data> 6.01760000E-002</data>
<data> 3.24920000E-002</data>
<data>-5.57900000E-003</data>
</auxiliary>
</reaction>
<reaction formula="CH2C[OH]CH2(+M)=aC3H4+OH(+M)">
<rate A=" 1.00000000E+000" B=" 0.00000000E+000" E=" 0.00000000E+000"/>
<auxiliary keyword="TCHEB">
<data> 3.00000000E+002</data>
<data> 2.10000000E+003</data>
</auxiliary>
<auxiliary keyword="PCHEB">
<data> 9.86923267E-003</data>
<data> 9.86923267E+001</data>
</auxiliary>
<auxiliary keyword="CHEB">
<data>     4</data>
<data>     4</data>
</auxiliary>
<auxiliary keyword="CHEB">
<data>-1.25130000E+001</data>
<data> 1.34830000E+000</data>
<data>-2.07530000E-001</data>
<data>-3.04610000E-003</data>
</auxiliary>
<auxiliary keyword="CHEB">
<data> 1.73680000E+001</data>
<data> 7.23810000E-001</data>
<data> 1.83280000E-001</data>
<data>-2.83890000E-002</data>
</auxiliary>
<auxiliary keyword="CHEB">
<data>-7.79690000E-001</data>
<data> 2.21380000E-002</data>
<data> 6.25620000E-002</data>
<data> 3.24270000E-002</data>
</auxiliary>
<auxiliary keyword="CHEB">
<data>-2.58310000E-001</data>
<data>-8.43550000E-002</data>
<data>-2.28600000E-002</data>
<data> 8.91550000E-003</data>
</auxiliary>
</reaction>
<reaction formula="CH2C[OH]CH2(+M)=pC3H4+OH(+M)">
<rate A=" 1.00000000E+000" B=" 0.00000000E+000" E=" 0.00000000E+000"/>
<auxiliary keyword="TCHEB">
<data> 3.00000000E+002</data>
<data> 2.10000000E+003</data>
</auxiliary>
<auxiliary keyword="PCHEB">
<data> 9.86923267E-003</data>
<data> 9.86923267E+001</data>
</auxiliary>
<auxiliary keyword="CHEB">
<data>     4</data>
<data>     4</data>
</auxiliary>
<auxiliary keyword="CHEB">
<data>-1.33350000E+001</data>
<data> 1.04300000E+000</data>
<data>-2.88790000E-001</data>
<data>-2.47680000E-002</data>
</auxiliary>
<auxiliary keyword="CHEB">
<data> 1.67620000E+001</data>
<data> 1.05070000E+000</data>
<data> 2.54850000E-001</data>
<data>-3.50050000E-003</data>
</auxiliary>
<auxiliary keyword="CHEB">
<data>-6.73180000E-001</data>
<data> 1.92270000E-002</data>
<data> 6.60890000E-002</data>
<data> 1.93610000E-002</data>
</auxiliary>
<auxiliary keyword="CHEB">
<data>-2.51080000E-001</data>
<data>-1.01820000E-001</data>
<data>-1.66800000E-002</data>
<data> 1.53080000E-002</data>
</auxiliary>
</reaction>
<reaction formula="CH2CO+CH3(+M)=aC3H4+OH(+M)">
<rate A=" 1.00000000E+000" B=" 0.00000000E+000" E=" 0.00000000E+000"/>
<auxiliary keyword="TCHEB">
<data> 3.00000000E+002</data>
<data> 2.10000000E+003</data>
</auxiliary>
<auxiliary keyword="PCHEB">
<data> 9.86923267E-003</data>
<data> 9.86923267E+001</data>
</auxiliary>
<auxiliary keyword="CHEB">
<data>     4</data>
<data>     4</data>
</auxiliary>
<auxiliary keyword="CHEB">
<data>-2.97260000E+000</data>
<data>-6.22990000E-001</data>
<data>-2.06290000E-001</data>
<data>-9.45640000E-003</data>
</auxiliary>
<auxiliary keyword="CHEB">
<data> 1.15150000E+001</data>
<data> 7.32780000E-001</data>
<data> 2.02010000E-001</data>
<data>-1.63350000E-002</data>
</auxiliary>
<auxiliary keyword="CHEB">
<data> 1.06750000E-001</data>
<data>-2.12230000E-002</data>
<data> 4.71480000E-002</data>
<data> 3.22160000E-002</data>
</auxiliary>
<auxiliary keyword="CHEB">
<data> 1.02220000E-002</data>
<data>-8.96110000E-002</data>
<data>-3.22980000E-002</data>
<data> 3.07030000E-003</data>
</auxiliary>
</reaction>
<reaction formula="CH2CO+CH3(+M)=pC3H4+OH(+M)">
<rate A=" 1.00000000E+000" B=" 0.00000000E+000" E=" 0.00000000E+000"/>
<auxiliary keyword="TCHEB">
<data> 3.00000000E+002</data>
<data> 2.10000000E+003</data>
</auxiliary>
<auxiliary keyword="PCHEB">
<data> 9.86923267E-003</data>
<data> 9.86923267E+001</data>
</auxiliary>
<auxiliary keyword="CHEB">
<data>     4</data>
<data>     4</data>
</auxiliary>
<auxiliary keyword="CHEB">
<data>-8.50050000E-001</data>
<data>-1.46210000E-001</data>
<data>-9.54290000E-002</data>
<data>-4.09090000E-002</data>
</auxiliary>
<auxiliary keyword="CHEB">
<data> 9.41170000E+000</data>
<data> 1.84620000E-001</data>
<data> 1.17200000E-001</data>
<data> 4.81780000E-002</data>
</auxiliary>
<auxiliary keyword="CHEB">
<data> 2.61920000E-003</data>
<data>-3.83270000E-002</data>
<data>-2.01620000E-002</data>
<data>-5.60930000E-003</data>
</auxiliary>
<auxiliary keyword="CHEB">
<data> 8.76310000E-003</data>
<data>-7.06060000E-003</data>
<data>-6.65380000E-003</data>
<data>-4.11410000E-003</data>
</auxiliary>
</reaction>
<reaction formula="aC3H4+OH(+M)=pC3H4+OH(+M)">
<rate A=" 1.00000000E+000" B=" 0.00000000E+000" E=" 0.00000000E+000"/>
<auxiliary keyword="TCHEB">
<data> 3.00000000E+002</data>
<data> 2.10000000E+003</data>
</auxiliary>
<auxiliary keyword="PCHEB">
<data> 9.86923267E-003</data>
<data> 9.86923267E+001</data>
</auxiliary>
<auxiliary keyword="CHEB">
<data>     4</data>
<data>     4</data>
</auxiliary>
<auxiliary keyword="CHEB">
<data> 5.95410000E+000</data>
<data>-6.04640000E-001</data>
<data>-2.39350000E-001</data>
<data>-3.91150000E-002</data>
</auxiliary>
<auxiliary keyword="CHEB">
<data> 3.13670000E+000</data>
<data> 7.65520000E-001</data>
<data> 2.69700000E-001</data>
<data> 2.57480000E-002</data>
</auxiliary>
<auxiliary keyword="CHEB">
<data> 2.77410000E-001</data>
<data>-1.07120000E-001</data>
<data> 7.23830000E-003</data>
<data> 2.52050000E-002</data>
</auxiliary>
<auxiliary keyword="CHEB">
<data> 2.09220000E-002</data>
<data>-6.51220000E-002</data>
<data>-3.73430000E-002</data>
<data>-7.21170000E-003</data>
</auxiliary>
</reaction>
<reaction formula="aC3H4+HOC[CH2][CH3]2(+M)=iC4H8+CH2C[OH]CH2(+M)">
<rate A=" 1.00000000E+000" B=" 0.00000000E+000" E=" 0.00000000E+000"/>
<auxiliary keyword="TCHEB">
<data> 3.00000000E+002</data>
<data> 2.10000000E+003</data>
</auxiliary>
<auxiliary keyword="PCHEB">
<data> 9.86923267E-003</data>
<data> 9.86923267E+001</data>
</auxiliary>
<auxiliary keyword="CHEB">
<data>     4</data>
<data>     4</data>
</auxiliary>
<auxiliary keyword="CHEB">
<data>-2.30110000E-001</data>
<data>-1.41210000E+000</data>
<data>-4.93090000E-002</data>
<data>-1.99190000E-003</data>
</auxiliary>
<auxiliary keyword="CHEB">
<data> 9.58240000E+000</data>
<data> 1.00740000E+000</data>
<data>-8.17020000E-002</data>
<data>-1.11630000E-002</data>
</auxiliary>
<auxiliary keyword="CHEB">
<data> 3.73440000E-001</data>
<data> 4.82820000E-001</data>
<data> 3.29020000E-002</data>
<data>-1.05000000E-002</data>
</auxiliary>
<auxiliary keyword="CHEB">
<data>-2.93650000E-001</data>
<data> 3.57710000E-002</data>
<data> 7.29990000E-002</data>
<data> 1.09590000E-003</data>
</auxiliary>
</reaction>
<reaction formula="aC3H4+OC[CH3]3(+M)=iC4H8+CH2C[OH]CH2(+M)">
<rate A=" 1.00000000E+000" B=" 0.00000000E+000" E=" 0.00000000E+000"/>
<auxiliary keyword="TCHEB">
<data> 3.00000000E+002</data>
<data> 2.10000000E+003</data>
</auxiliary>
<auxiliary keyword="PCHEB">
<data> 9.86923267E-003</data>
<data> 9.86923267E+001</data>
</auxiliary>
<auxiliary keyword="CHEB">
<data>     4</data>
<data>     4</data>
</auxiliary>
<auxiliary keyword="CHEB">
<data> 1.75520000E+000</data>
<data>-1.40840000E+000</data>
<data>-5.42020000E-002</data>
<data>-2.11500000E-003</data>
</auxiliary>
<auxiliary keyword="CHEB">
<data> 8.94150000E+000</data>
<data> 1.00880000E+000</data>
<data>-8.74430000E-002</data>
<data>-1.28650000E-002</data>
</auxiliary>
<auxiliary keyword="CHEB">
<data> 3.66010000E-001</data>
<data> 4.71210000E-001</data>
<data> 3.56890000E-002</data>
<data>-1.23020000E-002</data>
</auxiliary>
<auxiliary keyword="CHEB">
<data>-2.20880000E-001</data>
<data> 2.67460000E-002</data>
<data> 7.66770000E-002</data>
<data> 1.19910000E-003</data>
</auxiliary>
</reaction>
<reaction formula="aC3H4+H(+M)=pC3H4+H(+M)">
<rate A=" 1.00000000E+000" B=" 0.00000000E+000" E=" 0.00000000E+000"/>
<auxiliary keyword="TCHEB">
<data> 3.00000000E+002</data>
<data> 2.10000000E+003</data>
</auxiliary>
<auxiliary keyword="PCHEB">
<data> 9.86923267E-003</data>
<data> 9.86923267E+001</data>
</auxiliary>
<auxiliary keyword="CHEB">
<data>     4</data>
<data>     4</data>
</auxiliary>
<auxiliary keyword="CHEB">
<data> 1.23400000E+001</data>
<data>-8.32560000E-001</data>
<data>-1.66620000E-001</data>
<data> 1.08460000E-002</data>
</auxiliary>
<auxiliary keyword="CHEB">
<data> 1.56450000E+000</data>
<data> 8.87120000E-001</data>
<data> 1.16160000E-001</data>
<data>-3.67540000E-002</data>
</auxiliary>
<auxiliary keyword="CHEB">
<data>-8.12880000E-002</data>
<data> 5.75890000E-002</data>
<data> 7.52590000E-002</data>
<data> 1.86960000E-002</data>
</auxiliary>
<auxiliary keyword="CHEB">
<data>-7.70560000E-002</data>
<data>-9.10150000E-002</data>
<data>-7.19830000E-003</data>
<data> 1.24350000E-002</data>
</auxiliary>
</reaction>
<reaction formula="pC3H4+HOC[CH2][CH3]2(+M)=iC4H8+CH3C[OH]cH(+M)">
<rate A=" 1.00000000E+000" B=" 0.00000000E+000" E=" 0.00000000E+000"/>
<auxiliary keyword="TCHEB">
<data> 3.00000000E+002</data>
<data> 2.10000000E+003</data>
</auxiliary>
<auxiliary keyword="PCHEB">
<data> 9.86923267E-003</data>
<data> 9.86923267E+001</data>
</auxiliary>
<auxiliary keyword="CHEB">
<data>     4</data>
<data>     4</data>
</auxiliary>
<auxiliary keyword="CHEB">
<data>-7.17880000E+000</data>
<data>-6.21040000E-001</data>
<data>-2.00130000E-001</data>
<data>-1.02860000E-002</data>
</auxiliary>
<auxiliary keyword="CHEB">
<data> 1.41590000E+001</data>
<data> 7.02210000E-001</data>
<data> 1.64070000E-001</data>
<data>-3.03700000E-002</data>
</auxiliary>
<auxiliary keyword="CHEB">
<data> 1.06180000E-001</data>
<data>-5.22830000E-002</data>
<data> 4.92880000E-002</data>
<data> 3.53580000E-002</data>
</auxiliary>
<auxiliary keyword="CHEB">
<data> 3.21850000E-002</data>
<data>-5.60380000E-002</data>
<data>-2.20220000E-002</data>
<data> 6.13580000E-003</data>
</auxiliary>
</reaction>
<reaction formula="pC3H4+OC[CH3]3(+M)=iC4H8+CH3C[OH]cH(+M)">
<rate A=" 1.00000000E+000" B=" 0.00000000E+000" E=" 0.00000000E+000"/>
<auxiliary keyword="TCHEB">
<data> 3.00000000E+002</data>
<data> 2.10000000E+003</data>
</auxiliary>
<auxiliary keyword="PCHEB">
<data> 9.86923267E-003</data>
<data> 9.86923267E+001</data>
</auxiliary>
<auxiliary keyword="CHEB">
<data>     4</data>
<data>     4</data>
</auxiliary>
<auxiliary keyword="CHEB">
<data>-5.28170000E+000</data>
<data>-3.50560000E-001</data>
<data>-1.61480000E-001</data>
<data>-3.43500000E-002</data>
</auxiliary>
<auxiliary keyword="CHEB">
<data> 1.36270000E+001</data>
<data> 4.37300000E-001</data>
<data> 1.81550000E-001</data>
<data> 2.47720000E-002</data>
</auxiliary>
<auxiliary keyword="CHEB">
<data> 1.59880000E-001</data>
<data>-6.23870000E-002</data>
<data>-1.36190000E-003</data>
<data> 1.77170000E-002</data>
</auxiliary>
<auxiliary keyword="CHEB">
<data> 5.29610000E-002</data>
<data>-4.11530000E-002</data>
<data>-2.58910000E-002</data>
<data>-8.80680000E-003</data>
</auxiliary>
</reaction>
<reaction formula="iC4H8+H=tC4H9">
<rate A=" 4.94000000E+013" B=" 0.00000000E+000" E=" 1.50000000E+003"/>
</reaction>
<reaction formula="iC4H9=tC4H9">
<rate A=" 4.04000000E+010" B=" 6.40000000E-001" E=" 3.39000000E+004"/>
</reaction>
<reaction formula="C3H6+CH3=iC4H9">
<rate A=" 1.36000000E+012" B=" 0.00000000E+000" E=" 1.01000000E+004"/>
</reaction>
<reaction formula="iC4H9(+M)=iC4H8+H(+M)">
<rate A=" 1.00000000E+000" B=" 0.00000000E+000" E=" 0.00000000E+000"/>
<auxiliary keyword="TCHEB">
<data> 3.00000000E+002</data>
<data> 2.10000000E+003</data>
</auxiliary>
<auxiliary keyword="PCHEB">
<data> 9.86923267E-003</data>
<data> 9.86923267E+001</data>
</auxiliary>
<auxiliary keyword="CHEB">
<data>     4</data>
<data>     4</data>
</auxiliary>
<auxiliary keyword="CHEB">
<data>-3.86850000E+000</data>
<data> 9.86170000E-001</data>
<data>-1.16790000E-001</data>
<data> 2.57660000E-002</data>
</auxiliary>
<auxiliary keyword="CHEB">
<data> 8.33850000E+000</data>
<data> 1.14520000E+000</data>
<data> 7.95910000E-002</data>
<data>-4.45380000E-002</data>
</auxiliary>
<auxiliary keyword="CHEB">
<data>-2.02250000E+000</data>
<data> 2.92020000E-001</data>
<data> 9.12170000E-002</data>
<data>-8.84370000E-003</data>
</auxiliary>
<auxiliary keyword="CHEB">
<data>-1.04420000E+000</data>
<data>-8.60680000E-002</data>
<data> 1.62370000E-002</data>
<data> 9.49680000E-003</data>
</auxiliary>
</reaction>
<reaction formula="iC4H9+tC4H9=iC4H10+iC4H8">
<rate A=" 2.07000000E+014" B="-3.50000000E-001" E=" 0.00000000E+000"/>
</reaction>
<reaction formula="2iC4H9=iC4H10+iC4H8">
<rate A=" 8.43000000E+011" B=" 0.00000000E+000" E=" 0.00000000E+000"/>
</reaction>
<reaction formula="2tC4H9=iC4H10+iC4H8">
<rate A=" 2.57400000E+016" B="-1.10000000E+000" E=" 0.00000000E+000"/>
</reaction>
<reaction formula="OC[CH3]3+iC4H10=tBuOH+tC4H9">
<rate A=" 2.29000000E+010" B=" 0.00000000E+000" E=" 2.88000000E+003"/>
</reaction>
<reaction formula="HOC[CH2][CH3]2+iC4H10=tBuOH+tC4H9">
<rate A=" 4.22000000E+003" B=" 2.51000000E+000" E=" 8.06000000E+003"/>
</reaction>
<reaction formula="OC[CH3]3+iC4H10=tBuOH+iC4H9">
<rate A=" 4.74000000E+011" B=" 0.00000000E+000" E=" 7.00000000E+003"/>
</reaction>
<reaction formula="HOC[CH2][CH3]2+iC4H10=tBuOH+iC4H9">
<rate A=" 6.59000000E+002" B=" 2.71000000E+000" E=" 1.29200000E+004"/>
</reaction>
<reaction formula="CH3+iC4H10=CH4+tC4H9">
<rate A=" 5.74000000E+005" B=" 1.83000000E+000" E=" 6.94000000E+003"/>
</reaction>
<reaction formula="CH3+iC4H10=CH4+iC4H9">
<rate A=" 2.78000000E+005" B=" 1.90000000E+000" E=" 1.10500000E+004"/>
</reaction>
<reaction formula="C3H7-2+CH3=iC4H10">
<rate A=" 6.64000000E+014" B="-5.70000000E-001" E=" 0.00000000E+000"/>
</reaction>
<reaction formula="tC4H9+H=iC4H10">
<rate A=" 5.00000000E+013" B=" 0.00000000E+000" E=" 0.00000000E+000"/>
</reaction>
<reaction formula="iC4H9+H=iC4H10">
<rate A=" 1.00000000E+014" B=" 0.00000000E+000" E=" 0.00000000E+000"/>
</reaction>
<reaction formula="CH2CH[OH]C2H5+pC3H4=sBuOH+pC3H3">
<rate A=" 9.40700000E+006" B=" 1.75300000E+000" E=" 1.25300000E+004"/>
</reaction>
<reaction formula="CH3C[OH]C2H5+pC3H4=sBuOH+pC3H3">
<rate A=" 9.40700000E+006" B=" 1.75300000E+000" E=" 1.25300000E+004"/>
</reaction>
<reaction formula="CH3CH[OH]CHCH3+pC3H4=sBuOH+pC3H3">
<rate A=" 9.40700000E+006" B=" 1.75300000E+000" E=" 1.25300000E+004"/>
</reaction>
<reaction formula="CH3CH[OH]CH2CH2+pC3H4=sBuOH+pC3H3">
<rate A=" 9.40700000E+006" B=" 1.75300000E+000" E=" 1.25300000E+004"/>
</reaction>
<reaction formula="CH3CH[O]C2H5+pC3H4=sBuOH+pC3H3">
<rate A=" 3.44800000E+007" B=" 1.75000000E+000" E=" 3.78900000E+003"/>
</reaction>
<reaction formula="OC[CH3]3+pC3H4=tBuOH+pC3H3">
<rate A=" 3.44800000E+007" B=" 1.75000000E+000" E=" 3.78900000E+003"/>
</reaction>
<reaction formula="HOC[CH2][CH3]2+pC3H4=tBuOH+pC3H3">
<rate A=" 9.40700000E+006" B=" 1.75300000E+000" E=" 1.25300000E+004"/>
</reaction>
<reaction formula="C4H9O-1+pC3H4=nC4H10O+pC3H3">
<rate A=" 9.40700000E+006" B=" 1.75300000E+000" E=" 1.25300000E+004"/>
</reaction>
<reaction formula="C4H9O-2+pC3H4=nC4H10O+pC3H3">
<rate A=" 9.40700000E+006" B=" 1.75300000E+000" E=" 1.25300000E+004"/>
</reaction>
<reaction formula="C4H9O-3+pC3H4=nC4H10O+pC3H3">
<rate A=" 9.40700000E+006" B=" 1.75300000E+000" E=" 1.25300000E+004"/>
</reaction>
<reaction formula="C4H9O-4+pC3H4=nC4H10O+pC3H3">
<rate A=" 9.40700000E+006" B=" 1.75300000E+000" E=" 1.25300000E+004"/>
</reaction>
<reaction formula="C4H9O-5+pC3H4=nC4H10O+pC3H3">
<rate A=" 3.44800000E+007" B=" 1.75000000E+000" E=" 3.78900000E+003"/>
</reaction>
<reaction formula="CH2CH[OH]C2H5+aC3H4=sBuOH+pC3H3">
<rate A=" 3.12800000E+013" B=" 0.00000000E+000" E=" 1.97000000E+004"/>
</reaction>
<reaction formula="CH3C[OH]C2H5+aC3H4=sBuOH+pC3H3">
<rate A=" 1.57200000E+014" B=" 0.00000000E+000" E=" 2.01000000E+004"/>
</reaction>
<reaction formula="CH3CH[OH]CHCH3+aC3H4=sBuOH+pC3H3">
<rate A=" 1.30000000E+013" B=" 0.00000000E+000" E=" 2.02000000E+004"/>
</reaction>
<reaction formula="CH3CH[OH]CH2CH2+aC3H4=sBuOH+pC3H3">
<rate A=" 3.12800000E+013" B=" 0.00000000E+000" E=" 1.97000000E+004"/>
</reaction>
<reaction formula="CH3CH[O]C2H5+aC3H4=sBuOH+pC3H3">
<rate A=" 2.05200000E+013" B=" 0.00000000E+000" E=" 5.94000000E+003"/>
</reaction>
<reaction formula="OC[CH3]3+aC3H4=tBuOH+pC3H3">
<rate A=" 2.05200000E+013" B=" 0.00000000E+000" E=" 5.94000000E+003"/>
</reaction>
<reaction formula="HOC[CH2][CH3]2+aC3H4=tBuOH+pC3H3">
<rate A=" 3.12800000E+013" B=" 0.00000000E+000" E=" 1.97000000E+004"/>
</reaction>
<reaction formula="C4H9O-1+aC3H4=nC4H10O+pC3H3">
<rate A=" 3.12800000E+013" B=" 0.00000000E+000" E=" 1.97000000E+004"/>
</reaction>
<reaction formula="C4H9O-2+aC3H4=nC4H10O+pC3H3">
<rate A=" 1.30000000E+013" B=" 0.00000000E+000" E=" 2.02000000E+004"/>
</reaction>
<reaction formula="C4H9O-3+aC3H4=nC4H10O+pC3H3">
<rate A=" 1.30000000E+013" B=" 0.00000000E+000" E=" 2.02000000E+004"/>
</reaction>
<reaction formula="C4H9O-4+aC3H4=nC4H10O+pC3H3">
<rate A=" 2.80213000E+000" B=" 0.00000000E+000" E=" 2.59500000E+004"/>
</reaction>
<reaction formula="C4H9O-5+aC3H4=nC4H10O+pC3H3">
<rate A=" 2.05200000E+013" B=" 0.00000000E+000" E=" 5.94000000E+003"/>
</reaction>
<reaction formula="pC3H4+OH=pC3H3+H2O">
<rate A=" 3.44800000E+007" B=" 1.75000000E+000" E=" 3.78900000E+003"/>
</reaction>
<reaction formula="aC3H4+OH=pC3H3+H2O">
<rate A=" 2.05200000E+013" B=" 0.00000000E+000" E=" 5.94000000E+003"/>
</reaction>
<reaction formula="aC3H4+H=pC3H3+H2">
<rate A=" 1.01200000E+008" B=" 1.98000000E+000" E=" 1.17800000E+004"/>
</reaction>
<reaction formula="C5H4CH3+O2=HO2+FULVENE">
<rate A=" 4.82000000E+011" B=" 0.00000000E+000" E=" 0.00000000E+000"/>
</reaction>
<reaction formula="H+C4H8-1=C4H7-24+H2">
<rate A=" 4.50000000E+004" B=" 2.67000000E+000" E=" 3.48000000E+003"/>
</reaction>
<reaction formula="H+C4H8-2=C4H7-24+H2">
<rate A=" 6.70000000E+003" B=" 3.14000000E+000" E=" 4.29000000E+003"/>
</reaction>
<reaction formula="H+iC4H8=iC4H7+H2">
<rate A=" 5.03000000E+003" B=" 3.18000000E+000" E=" 4.37000000E+003"/>
</reaction>
<reaction formula="CH3+C4H8-1=C4H7-24+CH4">
<rate A=" 2.04000000E-001" B=" 3.99000000E+000" E=" 6.27000000E+003"/>
</reaction>
<reaction formula="CH3+C4H8-2=C4H7-24+CH4">
<rate A=" 1.45000000E-001" B=" 4.25000000E+000" E=" 7.53000000E+003"/>
</reaction>
<reaction formula="CH3+iC4H8=iC4H7+CH4">
<rate A=" 1.19000000E-001" B=" 4.26000000E+000" E=" 7.55000000E+003"/>
</reaction>
<reaction formula="iC4H10+H=iC4H9+H2">
<rate A=" 5.65200000E+008" B=" 1.75000000E+000" E=" 7.51000000E+003"/>
</reaction>
<reaction formula="iC4H10+H=tC4H9+H2">
<rate A=" 4.83000000E+008" B=" 1.54000000E+000" E=" 2.98000000E+003"/>
</reaction>
<reaction formula="iC4H10+OH=iC4H9+H2O">
<rate A=" 1.08000000E+007" B=" 2.00000000E+000" E=" 8.60000000E+002"/>
</reaction>
<reaction formula="iC4H10+OH=tC4H9+H2O">
<rate A=" 1.70000000E+006" B=" 1.90000000E+000" E="-1.45100000E+003"/>
</reaction>
<reaction formula="CH3CH[OH]CHCH3+H(+M)=CH3CH[OH]CH2CH2+H(+M)">
<rate A=" 1.00000000E+000" B=" 0.00000000E+000" E=" 0.00000000E+000"/>
<auxiliary keyword="TCHEB">
<data> 3.00000000E+002</data>
<data> 2.10000000E+003</data>
</auxiliary>
<auxiliary keyword="PCHEB">
<data> 9.86923267E-003</data>
<data> 9.86923267E+001</data>
</auxiliary>
<auxiliary keyword="CHEB">
<data>     4</data>
<data>     4</data>
</auxiliary>
<auxiliary keyword="CHEB">
<data> 4.95730000E+000</data>
<data>-1.17920000E+000</data>
<data>-8.73600000E-002</data>
<data> 1.20510000E-002</data>
</auxiliary>
<auxiliary keyword="CHEB">
<data> 4.23820000E+000</data>
<data> 1.15360000E+000</data>
<data>-8.68370000E-003</data>
<data>-2.16130000E-002</data>
</auxiliary>
<auxiliary keyword="CHEB">
<data> 3.75170000E-002</data>
<data> 2.43220000E-001</data>
<data> 1.00060000E-001</data>
<data>-7.79620000E-003</data>
</auxiliary>
<auxiliary keyword="CHEB">
<data>-1.43640000E-001</data>
<data>-1.43320000E-001</data>
<data> 3.62660000E-002</data>
<data> 1.77090000E-002</data>
</auxiliary>
</reaction>
<reaction formula="CH3CH[OH]CHCH3+H(+M)=C4H8-1+H2O(+M)">
<rate A=" 1.00000000E+000" B=" 0.00000000E+000" E=" 0.00000000E+000"/>
<auxiliary keyword="TCHEB">
<data> 3.00000000E+002</data>
<data> 2.10000000E+003</data>
</auxiliary>
<auxiliary keyword="PCHEB">
<data> 9.86923267E-003</data>
<data> 9.86923267E+001</data>
</auxiliary>
<auxiliary keyword="CHEB">
<data>     4</data>
<data>     4</data>
</auxiliary>
<auxiliary keyword="CHEB">
<data> 1.08910000E+001</data>
<data>-1.34860000E+000</data>
<data>-6.00820000E-002</data>
<data> 5.47700000E-003</data>
</auxiliary>
<auxiliary keyword="CHEB">
<data> 1.57930000E+000</data>
<data> 1.06010000E+000</data>
<data>-6.30510000E-002</data>
<data>-9.94860000E-003</data>
</auxiliary>
<auxiliary keyword="CHEB">
<data>-2.02330000E-001</data>
<data> 4.28030000E-001</data>
<data> 6.39160000E-002</data>
<data>-1.36770000E-002</data>
</auxiliary>
<auxiliary keyword="CHEB">
<data>-3.24780000E-001</data>
<data>-9.55980000E-003</data>
<data> 7.17200000E-002</data>
<data> 3.67820000E-003</data>
</auxiliary>
</reaction>
<reaction formula="CH3CH[OH]CH2CH2+H(+M)=C4H8-1+H2O(+M)">
<rate A=" 1.00000000E+000" B=" 0.00000000E+000" E=" 0.00000000E+000"/>
<auxiliary keyword="TCHEB">
<data> 3.00000000E+002</data>
<data> 2.10000000E+003</data>
</auxiliary>
<auxiliary keyword="PCHEB">
<data> 9.86923267E-003</data>
<data> 9.86923267E+001</data>
</auxiliary>
<auxiliary keyword="CHEB">
<data>     4</data>
<data>     4</data>
</auxiliary>
<auxiliary keyword="CHEB">
<data> 1.15560000E+001</data>
<data>-1.33090000E+000</data>
<data>-6.38830000E-002</data>
<data> 6.52520000E-003</data>
</auxiliary>
<auxiliary keyword="CHEB">
<data> 1.48420000E+000</data>
<data> 1.07340000E+000</data>
<data>-5.89340000E-002</data>
<data>-1.14420000E-002</data>
</auxiliary>
<auxiliary keyword="CHEB">
<data>-2.36950000E-001</data>
<data> 4.09130000E-001</data>
<data> 7.01910000E-002</data>
<data>-1.39830000E-002</data>
</auxiliary>
<auxiliary keyword="CHEB">
<data>-3.19950000E-001</data>
<data>-2.58220000E-002</data>
<data> 7.01540000E-002</data>
<data> 5.50490000E-003</data>
</auxiliary>
</reaction>
<reaction formula="HO2(+M)=OH+O(+M)">
<rate A=" 1.00000000E+000" B=" 0.00000000E+000" E=" 0.00000000E+000"/>
<auxiliary keyword="TCHEB">
<data> 3.00000000E+002</data>
<data> 2.10000000E+003</data>
</auxiliary>
<auxiliary keyword="PCHEB">
<data> 9.86923267E-003</data>
<data> 9.86923267E+001</data>
</auxiliary>
<auxiliary keyword="CHEB">
<data>     4</data>
<data>     4</data>
</auxiliary>
<auxiliary keyword="CHEB">
<data>-1.65730000E+001</data>
<data> 1.99750000E+000</data>
<data>-1.85540000E-003</data>
<data>-9.21760000E-004</data>
</auxiliary>
<auxiliary keyword="CHEB">
<data> 1.95840000E+001</data>
<data> 2.67190000E-003</data>
<data> 1.95360000E-003</data>
<data> 9.69910000E-004</data>
</auxiliary>
<auxiliary keyword="CHEB">
<data>-2.93400000E-001</data>
<data>-1.41700000E-004</data>
<data>-1.02540000E-004</data>
<data>-5.02840000E-005</data>
</auxiliary>
<auxiliary keyword="CHEB">
<data>-1.24700000E-001</data>
<data>-8.36680000E-005</data>
<data>-6.13370000E-005</data>
<data>-3.05470000E-005</data>
</auxiliary>
</reaction>
<reaction formula="sSPC(46)(+M)=O2+C4H7-24(+M)">
<rate A=" 1.00000000E+000" B=" 0.00000000E+000" E=" 0.00000000E+000"/>
<auxiliary keyword="TCHEB">
<data> 3.00000000E+002</data>
<data> 2.10000000E+003</data>
</auxiliary>
<auxiliary keyword="PCHEB">
<data> 9.86923267E-003</data>
<data> 9.86923267E+001</data>
</auxiliary>
<auxiliary keyword="CHEB">
<data>     4</data>
<data>     4</data>
</auxiliary>
<auxiliary keyword="CHEB">
<data> 5.43210000E+000</data>
<data> 1.22680000E+000</data>
<data>-1.57040000E-001</data>
<data> 2.38040000E-002</data>
</auxiliary>
<auxiliary keyword="CHEB">
<data> 3.70750000E+000</data>
<data> 8.44090000E-001</data>
<data> 1.47440000E-001</data>
<data>-3.86030000E-002</data>
</auxiliary>
<auxiliary keyword="CHEB">
<data>-7.03420000E-001</data>
<data> 4.11950000E-002</data>
<data> 3.38990000E-002</data>
<data> 9.81670000E-003</data>
</auxiliary>
<auxiliary keyword="CHEB">
<data>-6.15980000E-002</data>
<data>-1.03160000E-001</data>
<data>-1.89520000E-002</data>
<data> 6.60110000E-003</data>
</auxiliary>
</reaction>
<reaction formula="sSPC(46)(+M)=C4H6-13+HO2(+M)">
<rate A=" 1.00000000E+000" B=" 0.00000000E+000" E=" 0.00000000E+000"/>
<auxiliary keyword="TCHEB">
<data> 3.00000000E+002</data>
<data> 2.10000000E+003</data>
</auxiliary>
<auxiliary keyword="PCHEB">
<data> 9.86923267E-003</data>
<data> 9.86923267E+001</data>
</auxiliary>
<auxiliary keyword="CHEB">
<data>     4</data>
<data>     4</data>
</auxiliary>
<auxiliary keyword="CHEB">
<data>-5.02280000E+000</data>
<data> 1.74040000E+000</data>
<data>-1.49920000E-001</data>
<data>-5.28260000E-002</data>
</auxiliary>
<auxiliary keyword="CHEB">
<data> 9.44580000E+000</data>
<data> 2.86860000E-001</data>
<data> 1.55600000E-001</data>
<data> 4.81300000E-002</data>
</auxiliary>
<auxiliary keyword="CHEB">
<data>-2.54550000E-001</data>
<data>-4.35610000E-002</data>
<data>-1.66000000E-002</data>
<data>-3.44050000E-004</data>
</auxiliary>
<auxiliary keyword="CHEB">
<data> 1.14500000E-002</data>
<data>-2.57170000E-003</data>
<data>-2.25400000E-003</data>
<data>-1.13430000E-003</data>
</auxiliary>
</reaction>
<reaction formula="sSPC(46)(+M)=C4H6O(717)+OH(+M)">
<rate A=" 1.00000000E+000" B=" 0.00000000E+000" E=" 0.00000000E+000"/>
<auxiliary keyword="TCHEB">
<data> 3.00000000E+002</data>
<data> 2.10000000E+003</data>
</auxiliary>
<auxiliary keyword="PCHEB">
<data> 9.86923267E-003</data>
<data> 9.86923267E+001</data>
</auxiliary>
<auxiliary keyword="CHEB">
<data>     4</data>
<data>     4</data>
</auxiliary>
<auxiliary keyword="CHEB">
<data>-6.96820000E+000</data>
<data> 1.97980000E+000</data>
<data>-1.44990000E-002</data>
<data>-7.03680000E-003</data>
</auxiliary>
<auxiliary keyword="CHEB">
<data> 1.08750000E+001</data>
<data> 2.76110000E-002</data>
<data> 1.97500000E-002</data>
<data> 9.55030000E-003</data>
</auxiliary>
<auxiliary keyword="CHEB">
<data>-1.05180000E-001</data>
<data>-7.40800000E-003</data>
<data>-5.21580000E-003</data>
<data>-2.47350000E-003</data>
</auxiliary>
<auxiliary keyword="CHEB">
<data> 4.14150000E-002</data>
<data>-1.15090000E-003</data>
<data>-8.73040000E-004</data>
<data>-4.51940000E-004</data>
</auxiliary>
</reaction>
<reaction formula="O2+C4H7-24(+M)=C4H6O(717)+OH(+M)">
<rate A=" 1.00000000E+000" B=" 0.00000000E+000" E=" 0.00000000E+000"/>
<auxiliary keyword="TCHEB">
<data> 3.00000000E+002</data>
<data> 2.10000000E+003</data>
</auxiliary>
<auxiliary keyword="PCHEB">
<data> 9.86923267E-003</data>
<data> 9.86923267E+001</data>
</auxiliary>
<auxiliary keyword="CHEB">
<data>     4</data>
<data>     4</data>
</auxiliary>
<auxiliary keyword="CHEB">
<data> 2.95680000E+000</data>
<data>-1.75780000E-002</data>
<data>-1.26080000E-002</data>
<data>-6.11840000E-003</data>
</auxiliary>
<auxiliary keyword="CHEB">
<data> 6.48940000E+000</data>
<data> 2.52040000E-002</data>
<data> 1.80330000E-002</data>
<data> 8.72240000E-003</data>
</auxiliary>
<auxiliary keyword="CHEB">
<data> 2.40190000E-001</data>
<data>-8.49080000E-003</data>
<data>-6.00240000E-003</data>
<data>-2.86110000E-003</data>
</auxiliary>
<auxiliary keyword="CHEB">
<data> 8.08830000E-002</data>
<data> 7.60320000E-005</data>
<data> 6.05860000E-006</data>
<data>-2.59690000E-005</data>
</auxiliary>
</reaction>
<reaction formula="C4H6-13+HO2(+M)=C4H6O(717)+OH(+M)">
<rate A=" 1.00000000E+000" B=" 0.00000000E+000" E=" 0.00000000E+000"/>
<auxiliary keyword="TCHEB">
<data> 3.00000000E+002</data>
<data> 2.10000000E+003</data>
</auxiliary>
<auxiliary keyword="PCHEB">
<data> 9.86923267E-003</data>
<data> 9.86923267E+001</data>
</auxiliary>
<auxiliary keyword="CHEB">
<data>     4</data>
<data>     4</data>
</auxiliary>
<auxiliary keyword="CHEB">
<data>-3.98690000E+000</data>
<data>-9.14420000E-002</data>
<data>-6.05850000E-002</data>
<data>-2.65410000E-002</data>
</auxiliary>
<auxiliary keyword="CHEB">
<data> 9.48900000E+000</data>
<data> 1.09070000E-001</data>
<data> 6.95170000E-002</data>
<data> 2.87600000E-002</data>
</auxiliary>
<auxiliary keyword="CHEB">
<data> 3.92200000E-001</data>
<data>-3.67670000E-002</data>
<data>-2.10950000E-002</data>
<data>-7.24300000E-003</data>
</auxiliary>
<auxiliary keyword="CHEB">
<data> 1.37500000E-001</data>
<data> 1.09700000E-002</data>
<data> 5.86320000E-003</data>
<data> 1.71580000E-003</data>
</auxiliary>
</reaction>
<reaction formula="sSPC(56)(+M)=O2+C4H7-24(+M)">
<rate A=" 1.00000000E+000" B=" 0.00000000E+000" E=" 0.00000000E+000"/>
<auxiliary keyword="TCHEB">
<data> 3.00000000E+002</data>
<data> 2.10000000E+003</data>
</auxiliary>
<auxiliary keyword="PCHEB">
<data> 9.86923267E-003</data>
<data> 9.86923267E+001</data>
</auxiliary>
<auxiliary keyword="CHEB">
<data>     4</data>
<data>     4</data>
</auxiliary>
<auxiliary keyword="CHEB">
<data> 5.44300000E+000</data>
<data> 1.14100000E+000</data>
<data>-9.78350000E-002</data>
<data>-6.63050000E-003</data>
</auxiliary>
<auxiliary keyword="CHEB">
<data> 3.76010000E+000</data>
<data> 9.31240000E-001</data>
<data> 6.11070000E-002</data>
<data>-8.17410000E-003</data>
</auxiliary>
<auxiliary keyword="CHEB">
<data>-5.97400000E-001</data>
<data> 2.27300000E-002</data>
<data> 4.66460000E-002</data>
<data> 1.30940000E-002</data>
</auxiliary>
<auxiliary keyword="CHEB">
<data>-1.03510000E-001</data>
<data>-8.15890000E-002</data>
<data>-4.39290000E-003</data>
<data> 2.61380000E-003</data>
</auxiliary>
</reaction>
<reaction formula="sSPC(56)(+M)=C4H6-13+HO2(+M)">
<rate A=" 1.00000000E+000" B=" 0.00000000E+000" E=" 0.00000000E+000"/>
<auxiliary keyword="TCHEB">
<data> 3.00000000E+002</data>
<data> 2.10000000E+003</data>
</auxiliary>
<auxiliary keyword="PCHEB">
<data> 9.86923267E-003</data>
<data> 9.86923267E+001</data>
</auxiliary>
<auxiliary keyword="CHEB">
<data>     4</data>
<data>     4</data>
</auxiliary>
<auxiliary keyword="CHEB">
<data>-1.74010000E+000</data>
<data> 7.99100000E-001</data>
<data>-3.08300000E-001</data>
<data>-1.29790000E-002</data>
</auxiliary>
<auxiliary keyword="CHEB">
<data> 7.05870000E+000</data>
<data> 1.15380000E+000</data>
<data> 1.96000000E-001</data>
<data>-2.93970000E-002</data>
</auxiliary>
<auxiliary keyword="CHEB">
<data>-2.48150000E-001</data>
<data> 7.07440000E-002</data>
<data> 7.04980000E-002</data>
<data> 4.03910000E-003</data>
</auxiliary>
<auxiliary keyword="CHEB">
<data>-9.73620000E-002</data>
<data>-8.97710000E-002</data>
<data> 6.81820000E-003</data>
<data> 2.07890000E-002</data>
</auxiliary>
</reaction>
<reaction formula="C4H7-24+HO2(+M)=H+sSPC(46)(+M)">
<rate A=" 1.00000000E+000" B=" 0.00000000E+000" E=" 0.00000000E+000"/>
<auxiliary keyword="TCHEB">
<data> 3.00000000E+002</data>
<data> 2.10000000E+003</data>
</auxiliary>
<auxiliary keyword="PCHEB">
<data> 9.86923267E-003</data>
<data> 9.86923267E+001</data>
</auxiliary>
<auxiliary keyword="CHEB">
<data>     4</data>
<data>     4</data>
</auxiliary>
<auxiliary keyword="CHEB">
<data>-9.79770000E-001</data>
<data>-7.96470000E-001</data>
<data>-1.84840000E-001</data>
<data> 1.46240000E-002</data>
</auxiliary>
<auxiliary keyword="CHEB">
<data> 1.01630000E+001</data>
<data> 8.85560000E-001</data>
<data> 1.48180000E-001</data>
<data>-4.26310000E-002</data>
</auxiliary>
<auxiliary keyword="CHEB">
<data> 1.98560000E-001</data>
<data> 4.21520000E-002</data>
<data> 7.97030000E-002</data>
<data> 2.38990000E-002</data>
</auxiliary>
<auxiliary keyword="CHEB">
<data>-3.72780000E-003</data>
<data>-1.15330000E-001</data>
<data>-2.18810000E-002</data>
<data> 1.44220000E-002</data>
</auxiliary>
</reaction>
<reaction formula="C4H7-24+HO2(+M)=H+sSPC(56)(+M)">
<rate A=" 1.00000000E+000" B=" 0.00000000E+000" E=" 0.00000000E+000"/>
<auxiliary keyword="TCHEB">
<data> 3.00000000E+002</data>
<data> 2.10000000E+003</data>
</auxiliary>
<auxiliary keyword="PCHEB">
<data> 9.86923267E-003</data>
<data> 9.86923267E+001</data>
</auxiliary>
<auxiliary keyword="CHEB">
<data>     4</data>
<data>     4</data>
</auxiliary>
<auxiliary keyword="CHEB">
<data>-1.83210000E+000</data>
<data>-7.59700000E-001</data>
<data>-1.88000000E-001</data>
<data> 1.01440000E-002</data>
</auxiliary>
<auxiliary keyword="CHEB">
<data> 1.08100000E+001</data>
<data> 8.57450000E-001</data>
<data> 1.54600000E-001</data>
<data>-3.98440000E-002</data>
</auxiliary>
<auxiliary keyword="CHEB">
<data> 1.25610000E-001</data>
<data> 1.75830000E-002</data>
<data> 7.70120000E-002</data>
<data> 2.84690000E-002</data>
</auxiliary>
<auxiliary keyword="CHEB">
<data>-3.75710000E-003</data>
<data>-1.01940000E-001</data>
<data>-2.43260000E-002</data>
<data> 1.14940000E-002</data>
</auxiliary>
</reaction>
<reaction formula="C4H6-13+sBuOH(+M)=C4H8-1+sC4H8O(+M)">
<rate A=" 1.00000000E+000" B=" 0.00000000E+000" E=" 0.00000000E+000"/>
<auxiliary keyword="TCHEB">
<data> 3.00000000E+002</data>
<data> 2.10000000E+003</data>
</auxiliary>
<auxiliary keyword="PCHEB">
<data> 9.86923267E-003</data>
<data> 9.86923267E+001</data>
</auxiliary>
<auxiliary keyword="CHEB">
<data>     4</data>
<data>     4</data>
</auxiliary>
<auxiliary keyword="CHEB">
<data>-1.64140000E+001</data>
<data>-1.80250000E+000</data>
<data>-6.13340000E-002</data>
<data> 4.03980000E-003</data>
</auxiliary>
<auxiliary keyword="CHEB">
<data> 2.14160000E+001</data>
<data> 2.98120000E-001</data>
<data>-1.00970000E-001</data>
<data> 1.07210000E-002</data>
</auxiliary>
<auxiliary keyword="CHEB">
<data> 8.14210000E-001</data>
<data> 3.03450000E-001</data>
<data>-8.14280000E-002</data>
<data>-1.70830000E-003</data>
</auxiliary>
<auxiliary keyword="CHEB">
<data>-2.41660000E-001</data>
<data> 2.24590000E-001</data>
<data>-4.33820000E-002</data>
<data>-1.08430000E-002</data>
</auxiliary>
</reaction>
<reaction formula="sC4H8O(+M)=C4H6-13+H2O(+M)">
<rate A=" 1.00000000E+000" B=" 0.00000000E+000" E=" 0.00000000E+000"/>
<auxiliary keyword="TCHEB">
<data> 3.00000000E+002</data>
<data> 2.10000000E+003</data>
</auxiliary>
<auxiliary keyword="PCHEB">
<data> 9.86923267E-003</data>
<data> 9.86923267E+001</data>
</auxiliary>
<auxiliary keyword="CHEB">
<data>     4</data>
<data>     4</data>
</auxiliary>
<auxiliary keyword="CHEB">
<data>-1.18730000E+001</data>
<data> 1.95810000E-001</data>
<data>-2.02310000E-002</data>
<data>-1.09870000E-003</data>
</auxiliary>
<auxiliary keyword="CHEB">
<data> 1.76750000E+001</data>
<data> 3.00250000E-001</data>
<data>-3.66280000E-002</data>
<data>-1.19100000E-003</data>
</auxiliary>
<auxiliary keyword="CHEB">
<data>-3.93270000E-001</data>
<data> 2.97050000E-001</data>
<data>-2.05850000E-002</data>
<data>-3.47880000E-003</data>
</auxiliary>
<auxiliary keyword="CHEB">
<data>-3.20400000E-001</data>
<data> 2.11510000E-001</data>
<data>-2.60100000E-003</data>
<data>-3.85320000E-003</data>
</auxiliary>
</reaction>
<reaction formula="C4H6-13+H2O(+M)=CH3C[OH]CHcH2+H(+M)">
<rate A=" 1.00000000E+000" B=" 0.00000000E+000" E=" 0.00000000E+000"/>
<auxiliary keyword="TCHEB">
<data> 3.00000000E+002</data>
<data> 2.10000000E+003</data>
</auxiliary>
<auxiliary keyword="PCHEB">
<data> 9.86923267E-003</data>
<data> 9.86923267E+001</data>
</auxiliary>
<auxiliary keyword="CHEB">
<data>     4</data>
<data>     4</data>
</auxiliary>
<auxiliary keyword="CHEB">
<data>-2.08950000E+001</data>
<data>-1.39340000E+000</data>
<data>-5.79770000E-002</data>
<data> 3.13350000E-003</data>
</auxiliary>
<auxiliary keyword="CHEB">
<data> 2.43420000E+001</data>
<data> 9.93250000E-001</data>
<data>-7.20340000E-002</data>
<data>-9.84670000E-003</data>
</auxiliary>
<auxiliary keyword="CHEB">
<data> 6.39830000E-002</data>
<data> 4.58070000E-001</data>
<data> 4.73560000E-002</data>
<data>-1.28580000E-002</data>
</auxiliary>
<auxiliary keyword="CHEB">
<data>-2.13940000E-001</data>
<data> 4.77460000E-002</data>
<data> 6.88770000E-002</data>
<data> 1.20690000E-003</data>
</auxiliary>
</reaction>
<reaction formula="OH+C4H7-24(+M)=CH3C[OH]CHcH2+H(+M)">
<rate A=" 1.00000000E+000" B=" 0.00000000E+000" E=" 0.00000000E+000"/>
<auxiliary keyword="TCHEB">
<data> 3.00000000E+002</data>
<data> 2.10000000E+003</data>
</auxiliary>
<auxiliary keyword="PCHEB">
<data> 9.86923267E-003</data>
<data> 9.86923267E+001</data>
</auxiliary>
<auxiliary keyword="CHEB">
<data>     4</data>
<data>     4</data>
</auxiliary>
<auxiliary keyword="CHEB">
<data> 7.52170000E+000</data>
<data>-1.26710000E+000</data>
<data>-7.70910000E-002</data>
<data> 8.16970000E-003</data>
</auxiliary>
<auxiliary keyword="CHEB">
<data> 3.42010000E+000</data>
<data> 1.10550000E+000</data>
<data>-4.15320000E-002</data>
<data>-1.82670000E-002</data>
</auxiliary>
<auxiliary keyword="CHEB">
<data> 3.47240000E-001</data>
<data> 3.38280000E-001</data>
<data> 8.58300000E-002</data>
<data>-1.12680000E-002</data>
</auxiliary>
<auxiliary keyword="CHEB">
<data>-1.23460000E-001</data>
<data>-7.46360000E-002</data>
<data> 5.98350000E-002</data>
<data> 1.28120000E-002</data>
</auxiliary>
</reaction>
<reaction formula="H2O2(+M)=H+HO2(+M)">
<rate A=" 1.00000000E+000" B=" 0.00000000E+000" E=" 0.00000000E+000"/>
<auxiliary keyword="TCHEB">
<data> 3.00000000E+002</data>
<data> 2.10000000E+003</data>
</auxiliary>
<auxiliary keyword="PCHEB">
<data> 9.86923267E-003</data>
<data> 9.86923267E+001</data>
</auxiliary>
<auxiliary keyword="CHEB">
<data>     4</data>
<data>     4</data>
</auxiliary>
<auxiliary keyword="CHEB">
<data>-2.80500000E+001</data>
<data> 2.00000000E+000</data>
<data>-3.29240000E-005</data>
<data>-1.63910000E-005</data>
</auxiliary>
<auxiliary keyword="CHEB">
<data> 2.64480000E+001</data>
<data> 4.85060000E-005</data>
<data> 3.55480000E-005</data>
<data> 1.76960000E-005</data>
</auxiliary>
<auxiliary keyword="CHEB">
<data>-3.03380000E-001</data>
<data>-2.74240000E-006</data>
<data>-2.00950000E-006</data>
<data>-1.00020000E-006</data>
</auxiliary>
<auxiliary keyword="CHEB">
<data>-1.27620000E-001</data>
<data>-1.81990000E-006</data>
<data>-1.33380000E-006</data>
<data>-6.64020000E-007</data>
</auxiliary>
</reaction>
<reaction formula="sSPC(116)(+M)=O2+CH3CH[OH]CHCH3(+M)">
<rate A=" 1.00000000E+000" B=" 0.00000000E+000" E=" 0.00000000E+000"/>
<auxiliary keyword="TCHEB">
<data> 3.00000000E+002</data>
<data> 2.10000000E+003</data>
</auxiliary>
<auxiliary keyword="PCHEB">
<data> 9.86923267E-003</data>
<data> 9.86923267E+001</data>
</auxiliary>
<auxiliary keyword="CHEB">
<data>     4</data>
<data>     4</data>
</auxiliary>
<auxiliary keyword="CHEB">
<data> 2.19230000E-001</data>
<data> 6.61340000E-001</data>
<data>-6.57510000E-002</data>
<data> 1.58910000E-003</data>
</auxiliary>
<auxiliary keyword="CHEB">
<data> 9.48210000E+000</data>
<data> 1.02040000E+000</data>
<data>-6.54570000E-002</data>
<data>-1.23370000E-002</data>
</auxiliary>
<auxiliary keyword="CHEB">
<data>-8.31090000E-001</data>
<data> 3.66860000E-001</data>
<data> 5.61950000E-002</data>
<data>-9.27110000E-003</data>
</auxiliary>
<auxiliary keyword="CHEB">
<data>-3.50820000E-001</data>
<data>-9.46900000E-003</data>
<data> 6.14600000E-002</data>
<data> 4.37700000E-003</data>
</auxiliary>
</reaction>
<reaction formula="sSPC(116)(+M)=sSPC(46)+H2O(+M)">
<rate A=" 1.00000000E+000" B=" 0.00000000E+000" E=" 0.00000000E+000"/>
<auxiliary keyword="TCHEB">
<data> 3.00000000E+002</data>
<data> 2.10000000E+003</data>
</auxiliary>
<auxiliary keyword="PCHEB">
<data> 9.86923267E-003</data>
<data> 9.86923267E+001</data>
</auxiliary>
<auxiliary keyword="CHEB">
<data>     4</data>
<data>     4</data>
</auxiliary>
<auxiliary keyword="CHEB">
<data>-1.64830000E+001</data>
<data> 1.66980000E+000</data>
<data>-1.59190000E-001</data>
<data>-3.72890000E-002</data>
</auxiliary>
<auxiliary keyword="CHEB">
<data> 1.84190000E+001</data>
<data> 3.95020000E-001</data>
<data> 1.75860000E-001</data>
<data> 3.07300000E-002</data>
</auxiliary>
<auxiliary keyword="CHEB">
<data>-4.34630000E-001</data>
<data>-3.21620000E-002</data>
<data> 2.10890000E-003</data>
<data> 1.25720000E-002</data>
</auxiliary>
<auxiliary keyword="CHEB">
<data>-8.21460000E-002</data>
<data>-4.80040000E-002</data>
<data>-2.49510000E-002</data>
<data>-6.41030000E-003</data>
</auxiliary>
</reaction>
<reaction formula="sSPC(116)(+M)=HO2+sC4H8O(+M)">
<rate A=" 1.00000000E+000" B=" 0.00000000E+000" E=" 0.00000000E+000"/>
<auxiliary keyword="TCHEB">
<data> 3.00000000E+002</data>
<data> 2.10000000E+003</data>
</auxiliary>
<auxiliary keyword="PCHEB">
<data> 9.86923267E-003</data>
<data> 9.86923267E+001</data>
</auxiliary>
<auxiliary keyword="CHEB">
<data>     4</data>
<data>     4</data>
</auxiliary>
<auxiliary keyword="CHEB">
<data> 4.01560000E-001</data>
<data> 5.61080000E-001</data>
<data>-5.19550000E-002</data>
<data> 2.54960000E-004</data>
</auxiliary>
<auxiliary keyword="CHEB">
<data> 8.31210000E+000</data>
<data> 9.10100000E-001</data>
<data>-7.39690000E-002</data>
<data>-6.46520000E-003</data>
</auxiliary>
<auxiliary keyword="CHEB">
<data>-7.36150000E-001</data>
<data> 4.46710000E-001</data>
<data> 2.92180000E-002</data>
<data>-9.52470000E-003</data>
</auxiliary>
<auxiliary keyword="CHEB">
<data>-3.95170000E-001</data>
<data> 8.99460000E-002</data>
<data> 5.55480000E-002</data>
<data>-1.57910000E-003</data>
</auxiliary>
</reaction>
<reaction formula="sSPC(116)(+M)=HO2+MEKenol(+M)">
<rate A=" 1.00000000E+000" B=" 0.00000000E+000" E=" 0.00000000E+000"/>
<auxiliary keyword="TCHEB">
<data> 3.00000000E+002</data>
<data> 2.10000000E+003</data>
</auxiliary>
<auxiliary keyword="PCHEB">
<data> 9.86923267E-003</data>
<data> 9.86923267E+001</data>
</auxiliary>
<auxiliary keyword="CHEB">
<data>     4</data>
<data>     4</data>
</auxiliary>
<auxiliary keyword="CHEB">
<data> 8.41240000E-001</data>
<data>-1.52830000E-001</data>
<data>-1.44550000E-001</data>
<data> 3.68670000E-002</data>
</auxiliary>
<auxiliary keyword="CHEB">
<data> 7.69440000E+000</data>
<data> 1.63440000E+000</data>
<data>-2.35630000E-003</data>
<data>-7.61820000E-002</data>
</auxiliary>
<auxiliary keyword="CHEB">
<data>-8.77100000E-001</data>
<data> 3.88850000E-001</data>
<data> 5.55360000E-002</data>
<data> 1.74640000E-002</data>
</auxiliary>
<auxiliary keyword="CHEB">
<data>-5.21430000E-001</data>
<data> 4.77220000E-002</data>
<data> 3.40350000E-002</data>
<data> 1.19150000E-002</data>
</auxiliary>
</reaction>
<reaction formula="O2+CH3CH[OH]CHCH3(+M)=sSPC(46)+H2O(+M)">
<rate A=" 1.00000000E+000" B=" 0.00000000E+000" E=" 0.00000000E+000"/>
<auxiliary keyword="TCHEB">
<data> 3.00000000E+002</data>
<data> 2.10000000E+003</data>
</auxiliary>
<auxiliary keyword="PCHEB">
<data> 9.86923267E-003</data>
<data> 9.86923267E+001</data>
</auxiliary>
<auxiliary keyword="CHEB">
<data>     4</data>
<data>     4</data>
</auxiliary>
<auxiliary keyword="CHEB">
<data>-2.19570000E+000</data>
<data>-2.90100000E-001</data>
<data>-1.40390000E-001</data>
<data>-3.34350000E-002</data>
</auxiliary>
<auxiliary keyword="CHEB">
<data> 9.42650000E+000</data>
<data> 3.79450000E-001</data>
<data> 1.72520000E-001</data>
<data> 3.31330000E-002</data>
</auxiliary>
<auxiliary keyword="CHEB">
<data> 3.85930000E-002</data>
<data>-6.74820000E-002</data>
<data>-1.62370000E-002</data>
<data> 7.52980000E-003</data>
</auxiliary>
<auxiliary keyword="CHEB">
<data>-6.55780000E-003</data>
<data>-3.99530000E-002</data>
<data>-2.42350000E-002</data>
<data>-8.72220000E-003</data>
</auxiliary>
</reaction>
<reaction formula="O2+CH3CH[OH]CHCH3(+M)=HO2+sC4H8O(+M)">
<rate A=" 1.00000000E+000" B=" 0.00000000E+000" E=" 0.00000000E+000"/>
<auxiliary keyword="TCHEB">
<data> 3.00000000E+002</data>
<data> 2.10000000E+003</data>
</auxiliary>
<auxiliary keyword="PCHEB">
<data> 9.86923267E-003</data>
<data> 9.86923267E+001</data>
</auxiliary>
<auxiliary keyword="CHEB">
<data>     4</data>
<data>     4</data>
</auxiliary>
<auxiliary keyword="CHEB">
<data> 1.09700000E+001</data>
<data>-1.11730000E+000</data>
<data>-9.00750000E-002</data>
<data> 4.29700000E-003</data>
</auxiliary>
<auxiliary keyword="CHEB">
<data> 1.97690000E+000</data>
<data> 1.13750000E+000</data>
<data>-9.91660000E-003</data>
<data>-2.12890000E-002</data>
</auxiliary>
<auxiliary keyword="CHEB">
<data>-2.51790000E-001</data>
<data> 1.38250000E-001</data>
<data> 9.66350000E-002</data>
<data>-1.42160000E-003</data>
</auxiliary>
<auxiliary keyword="CHEB">
<data>-1.90720000E-001</data>
<data>-1.43720000E-001</data>
<data> 2.59570000E-002</data>
<data> 1.81170000E-002</data>
</auxiliary>
</reaction>
<reaction formula="O2+CH3CH[OH]CHCH3(+M)=HO2+MEKenol(+M)">
<rate A=" 1.00000000E+000" B=" 0.00000000E+000" E=" 0.00000000E+000"/>
<auxiliary keyword="TCHEB">
<data> 3.00000000E+002</data>
<data> 2.10000000E+003</data>
</auxiliary>
<auxiliary keyword="PCHEB">
<data> 9.86923267E-003</data>
<data> 9.86923267E+001</data>
</auxiliary>
<auxiliary keyword="CHEB">
<data>     4</data>
<data>     4</data>
</auxiliary>
<auxiliary keyword="CHEB">
<data> 1.11600000E+001</data>
<data>-1.40570000E+000</data>
<data>-1.79790000E-001</data>
<data>-8.43970000E-003</data>
</auxiliary>
<auxiliary keyword="CHEB">
<data> 1.44770000E+000</data>
<data> 1.48180000E+000</data>
<data> 9.59330000E-002</data>
<data>-1.70140000E-002</data>
</auxiliary>
<auxiliary keyword="CHEB">
<data>-4.76350000E-001</data>
<data> 6.74450000E-002</data>
<data> 7.48460000E-002</data>
<data> 1.50170000E-002</data>
</auxiliary>
<auxiliary keyword="CHEB">
<data>-2.48160000E-001</data>
<data>-1.32160000E-001</data>
<data> 2.00980000E-002</data>
<data> 2.66980000E-003</data>
</auxiliary>
</reaction>
<reaction formula="sSPC(46)+H2O(+M)=HO2+sC4H8O(+M)">
<rate A=" 1.00000000E+000" B=" 0.00000000E+000" E=" 0.00000000E+000"/>
<auxiliary keyword="TCHEB">
<data> 3.00000000E+002</data>
<data> 2.10000000E+003</data>
</auxiliary>
<auxiliary keyword="PCHEB">
<data> 9.86923267E-003</data>
<data> 9.86923267E+001</data>
</auxiliary>
<auxiliary keyword="CHEB">
<data>     4</data>
<data>     4</data>
</auxiliary>
<auxiliary keyword="CHEB">
<data>-1.30790000E+001</data>
<data>-3.00680000E-001</data>
<data>-1.45140000E-001</data>
<data>-3.42510000E-002</data>
</auxiliary>
<auxiliary keyword="CHEB">
<data> 1.64110000E+001</data>
<data> 3.86060000E-001</data>
<data> 1.74600000E-001</data>
<data> 3.27730000E-002</data>
</auxiliary>
<auxiliary keyword="CHEB">
<data> 8.72500000E-002</data>
<data>-5.93230000E-002</data>
<data>-1.20010000E-002</data>
<data> 8.69550000E-003</data>
</auxiliary>
<auxiliary keyword="CHEB">
<data> 5.82410000E-002</data>
<data>-4.43490000E-002</data>
<data>-2.55560000E-002</data>
<data>-8.39780000E-003</data>
</auxiliary>
</reaction>
<reaction formula="sSPC(46)+H2O(+M)=HO2+MEKenol(+M)">
<rate A=" 1.00000000E+000" B=" 0.00000000E+000" E=" 0.00000000E+000"/>
<auxiliary keyword="TCHEB">
<data> 3.00000000E+002</data>
<data> 2.10000000E+003</data>
</auxiliary>
<auxiliary keyword="PCHEB">
<data> 9.86923267E-003</data>
<data> 9.86923267E+001</data>
</auxiliary>
<auxiliary keyword="CHEB">
<data>     4</data>
<data>     4</data>
</auxiliary>
<auxiliary keyword="CHEB">
<data>-1.31240000E+001</data>
<data>-3.30820000E-001</data>
<data>-1.65120000E-001</data>
<data>-4.30650000E-002</data>
</auxiliary>
<auxiliary keyword="CHEB">
<data> 1.59390000E+001</data>
<data> 4.20110000E-001</data>
<data> 1.97380000E-001</data>
<data> 4.29450000E-002</data>
</auxiliary>
<auxiliary keyword="CHEB">
<data>-9.08720000E-002</data>
<data>-6.43390000E-002</data>
<data>-1.62390000E-002</data>
<data> 6.29480000E-003</data>
</auxiliary>
<auxiliary keyword="CHEB">
<data>-1.15190000E-002</data>
<data>-4.59200000E-002</data>
<data>-2.59300000E-002</data>
<data>-8.18830000E-003</data>
</auxiliary>
</reaction>
<reaction formula="CH3CH[OH]CHCH3(+M)=C4H8-1+OH(+M)">
<rate A=" 1.00000000E+000" B=" 0.00000000E+000" E=" 0.00000000E+000"/>
<auxiliary keyword="TCHEB">
<data> 3.00000000E+002</data>
<data> 2.10000000E+003</data>
</auxiliary>
<auxiliary keyword="PCHEB">
<data> 9.86923267E-003</data>
<data> 9.86923267E+001</data>
</auxiliary>
<auxiliary keyword="CHEB">
<data>     4</data>
<data>     4</data>
</auxiliary>
<auxiliary keyword="CHEB">
<data>-5.56480000E+000</data>
<data> 9.58850000E-001</data>
<data>-3.36600000E-001</data>
<data>-2.93960000E-002</data>
</auxiliary>
<auxiliary keyword="CHEB">
<data> 9.71790000E+000</data>
<data> 1.14430000E+000</data>
<data> 3.43270000E-001</data>
<data> 8.43810000E-003</data>
</auxiliary>
<auxiliary keyword="CHEB">
<data>-8.61160000E-001</data>
<data> 4.66970000E-002</data>
<data> 4.05630000E-002</data>
<data> 2.39580000E-002</data>
</auxiliary>
<auxiliary keyword="CHEB">
<data>-2.10840000E-001</data>
<data>-1.44440000E-001</data>
<data>-4.29910000E-002</data>
<data> 2.59490000E-004</data>
</auxiliary>
</reaction>
<reaction formula="CH3CH[OH]CH2CH2(+M)=MEKenol+H(+M)">
<rate A=" 1.00000000E+000" B=" 0.00000000E+000" E=" 0.00000000E+000"/>
<auxiliary keyword="TCHEB">
<data> 3.00000000E+002</data>
<data> 2.10000000E+003</data>
</auxiliary>
<auxiliary keyword="PCHEB">
<data> 9.86923267E-003</data>
<data> 9.86923267E+001</data>
</auxiliary>
<auxiliary keyword="CHEB">
<data>     4</data>
<data>     4</data>
</auxiliary>
<auxiliary keyword="CHEB">
<data>-5.78060000E+000</data>
<data> 2.24320000E-001</data>
<data>-2.93460000E-001</data>
<data> 2.40000000E-002</data>
</auxiliary>
<auxiliary keyword="CHEB">
<data> 9.09360000E+000</data>
<data> 1.61490000E+000</data>
<data> 2.21080000E-001</data>
<data>-4.66190000E-002</data>
</auxiliary>
<auxiliary keyword="CHEB">
<data>-9.93960000E-001</data>
<data> 2.06160000E-001</data>
<data> 9.85860000E-002</data>
<data> 1.70460000E-002</data>
</auxiliary>
<auxiliary keyword="CHEB">
<data>-2.55600000E-001</data>
<data>-1.79400000E-001</data>
<data>-3.33650000E-003</data>
<data> 1.65300000E-002</data>
</auxiliary>
</reaction>
<reaction formula="CH3CH[OH]CH2CH2(+M)=C4H8-1+OH(+M)">
<rate A=" 1.00000000E+000" B=" 0.00000000E+000" E=" 0.00000000E+000"/>
<auxiliary keyword="TCHEB">
<data> 3.00000000E+002</data>
<data> 2.10000000E+003</data>
</auxiliary>
<auxiliary keyword="PCHEB">
<data> 9.86923267E-003</data>
<data> 9.86923267E+001</data>
</auxiliary>
<auxiliary keyword="CHEB">
<data>     4</data>
<data>     4</data>
</auxiliary>
<auxiliary keyword="CHEB">
<data> 3.08560000E-001</data>
<data>-1.05450000E-001</data>
<data>-2.20890000E-001</data>
<data> 3.41820000E-003</data>
</auxiliary>
<auxiliary keyword="CHEB">
<data> 6.97570000E+000</data>
<data> 1.47320000E+000</data>
<data> 1.50920000E-001</data>
<data>-2.50160000E-002</data>
</auxiliary>
<auxiliary keyword="CHEB">
<data>-1.38860000E+000</data>
<data> 4.11530000E-001</data>
<data> 4.93760000E-002</data>
<data> 1.27730000E-002</data>
</auxiliary>
<auxiliary keyword="CHEB">
<data>-5.84220000E-001</data>
<data> 4.93130000E-002</data>
<data>-3.95320000E-003</data>
<data> 1.25550000E-003</data>
</auxiliary>
</reaction>
<reaction formula="sC4H8O+H(+M)=MEKenol+H(+M)">
<rate A=" 1.00000000E+000" B=" 0.00000000E+000" E=" 0.00000000E+000"/>
<auxiliary keyword="TCHEB">
<data> 3.00000000E+002</data>
<data> 2.10000000E+003</data>
</auxiliary>
<auxiliary keyword="PCHEB">
<data> 9.86923267E-003</data>
<data> 9.86923267E+001</data>
</auxiliary>
<auxiliary keyword="CHEB">
<data>     4</data>
<data>     4</data>
</auxiliary>
<auxiliary keyword="CHEB">
<data> 1.10690000E+001</data>
<data>-4.37940000E-001</data>
<data>-1.80180000E-001</data>
<data>-2.50180000E-002</data>
</auxiliary>
<auxiliary keyword="CHEB">
<data> 1.50570000E+000</data>
<data> 5.23280000E-001</data>
<data> 1.97780000E-001</data>
<data> 1.50900000E-002</data>
</auxiliary>
<auxiliary keyword="CHEB">
<data>-9.78130000E-002</data>
<data>-1.44210000E-002</data>
<data> 1.84700000E-002</data>
<data> 1.90040000E-002</data>
</auxiliary>
<auxiliary keyword="CHEB">
<data>-1.05010000E-002</data>
<data>-7.90510000E-002</data>
<data>-3.46490000E-002</data>
<data>-5.08380000E-003</data>
</auxiliary>
</reaction>
<reaction formula="sC4H8O+H(+M)=C4H8-1+OH(+M)">
<rate A=" 1.00000000E+000" B=" 0.00000000E+000" E=" 0.00000000E+000"/>
<auxiliary keyword="TCHEB">
<data> 3.00000000E+002</data>
<data> 2.10000000E+003</data>
</auxiliary>
<auxiliary keyword="PCHEB">
<data> 9.86923267E-003</data>
<data> 9.86923267E+001</data>
</auxiliary>
<auxiliary keyword="CHEB">
<data>     4</data>
<data>     4</data>
</auxiliary>
<auxiliary keyword="CHEB">
<data> 8.93890000E+000</data>
<data>-1.01150000E+000</data>
<data>-2.42810000E-001</data>
<data>-7.35750000E-003</data>
</auxiliary>
<auxiliary keyword="CHEB">
<data> 1.25760000E+000</data>
<data> 1.20300000E+000</data>
<data> 2.52320000E-001</data>
<data>-8.26580000E-003</data>
</auxiliary>
<auxiliary keyword="CHEB">
<data>-3.47240000E-001</data>
<data>-5.21620000E-002</data>
<data> 2.13670000E-002</data>
<data> 1.08560000E-002</data>
</auxiliary>
<auxiliary keyword="CHEB">
<data>-5.93710000E-002</data>
<data>-1.66890000E-001</data>
<data>-2.77710000E-002</data>
<data> 9.27920000E-003</data>
</auxiliary>
</reaction>
<reaction formula="MEKenol+H(+M)=C4H8-1+OH(+M)">
<rate A=" 1.00000000E+000" B=" 0.00000000E+000" E=" 0.00000000E+000"/>
<auxiliary keyword="TCHEB">
<data> 3.00000000E+002</data>
<data> 2.10000000E+003</data>
</auxiliary>
<auxiliary keyword="PCHEB">
<data> 9.86923267E-003</data>
<data> 9.86923267E+001</data>
</auxiliary>
<auxiliary keyword="CHEB">
<data>     4</data>
<data>     4</data>
</auxiliary>
<auxiliary keyword="CHEB">
<data> 5.27980000E+000</data>
<data>-8.51750000E-001</data>
<data>-2.78890000E-001</data>
<data>-2.89620000E-002</data>
</auxiliary>
<auxiliary keyword="CHEB">
<data> 3.68720000E+000</data>
<data> 1.07800000E+000</data>
<data> 3.30130000E-001</data>
<data> 1.79050000E-002</data>
</auxiliary>
<auxiliary keyword="CHEB">
<data> 5.62090000E-002</data>
<data>-1.19240000E-001</data>
<data>-8.62060000E-003</data>
<data> 2.16580000E-002</data>
</auxiliary>
<auxiliary keyword="CHEB">
<data>-9.91830000E-003</data>
<data>-1.38270000E-001</data>
<data>-4.58890000E-002</data>
<data>-6.84120000E-003</data>
</auxiliary>
</reaction>
<reaction formula="CH3CH[OH]CHCH3+HO2(+M)=H+sSPC(116)(+M)">
<rate A=" 1.00000000E+000" B=" 0.00000000E+000" E=" 0.00000000E+000"/>
<auxiliary keyword="TCHEB">
<data> 3.00000000E+002</data>
<data> 2.10000000E+003</data>
</auxiliary>
<auxiliary keyword="PCHEB">
<data> 9.86923267E-003</data>
<data> 9.86923267E+001</data>
</auxiliary>
<auxiliary keyword="CHEB">
<data>     4</data>
<data>     4</data>
</auxiliary>
<auxiliary keyword="CHEB">
<data> 1.93910000E+000</data>
<data>-1.39440000E+000</data>
<data>-4.59990000E-002</data>
<data> 7.63930000E-004</data>
</auxiliary>
<auxiliary keyword="CHEB">
<data> 8.31820000E+000</data>
<data> 1.03180000E+000</data>
<data>-6.92510000E-002</data>
<data>-8.02850000E-003</data>
</auxiliary>
<auxiliary keyword="CHEB">
<data> 2.04460000E-001</data>
<data> 4.87300000E-001</data>
<data> 4.36150000E-002</data>
<data>-9.59910000E-003</data>
</auxiliary>
<auxiliary keyword="CHEB">
<data>-2.27340000E-001</data>
<data> 3.29350000E-002</data>
<data> 7.28250000E-002</data>
<data> 1.70320000E-003</data>
</auxiliary>
</reaction>
<reaction formula="CH3CH[OH]CHCH3+OH(+M)=sC4H8O+H2O(+M)">
<rate A=" 1.00000000E+000" B=" 0.00000000E+000" E=" 0.00000000E+000"/>
<auxiliary keyword="TCHEB">
<data> 3.00000000E+002</data>
<data> 2.10000000E+003</data>
</auxiliary>
<auxiliary keyword="PCHEB">
<data> 9.86923267E-003</data>
<data> 9.86923267E+001</data>
</auxiliary>
<auxiliary keyword="CHEB">
<data>     4</data>
<data>     4</data>
</auxiliary>
<auxiliary keyword="CHEB">
<data> 1.00220000E+001</data>
<data>-1.37630000E+000</data>
<data>-1.04220000E-001</data>
<data> 6.48750000E-003</data>
</auxiliary>
<auxiliary keyword="CHEB">
<data> 1.95360000E+000</data>
<data> 9.51350000E-001</data>
<data>-1.01200000E-001</data>
<data>-2.93750000E-002</data>
</auxiliary>
<auxiliary keyword="CHEB">
<data> 3.74010000E-001</data>
<data> 3.92180000E-001</data>
<data> 5.62810000E-002</data>
<data>-2.97870000E-002</data>
</auxiliary>
<auxiliary keyword="CHEB">
<data>-7.19000000E-002</data>
<data> 1.92460000E-002</data>
<data> 7.71930000E-002</data>
<data> 8.57520000E-004</data>
</auxiliary>
</reaction>
<reaction formula="CH3CH[OH]CHCH3+OH(+M)=MEKenol+H2O(+M)">
<rate A=" 1.00000000E+000" B=" 0.00000000E+000" E=" 0.00000000E+000"/>
<auxiliary keyword="TCHEB">
<data> 3.00000000E+002</data>
<data> 2.10000000E+003</data>
</auxiliary>
<auxiliary keyword="PCHEB">
<data> 9.86923267E-003</data>
<data> 9.86923267E+001</data>
</auxiliary>
<auxiliary keyword="CHEB">
<data>     4</data>
<data>     4</data>
</auxiliary>
<auxiliary keyword="CHEB">
<data> 1.14790000E+001</data>
<data>-1.39620000E+000</data>
<data>-1.03870000E-001</data>
<data> 6.02450000E-003</data>
</auxiliary>
<auxiliary keyword="CHEB">
<data> 1.49820000E+000</data>
<data> 9.26090000E-001</data>
<data>-1.07900000E-001</data>
<data>-2.76430000E-002</data>
</auxiliary>
<auxiliary keyword="CHEB">
<data> 2.30350000E-001</data>
<data> 4.00910000E-001</data>
<data> 4.86550000E-002</data>
<data>-3.08390000E-002</data>
</auxiliary>
<auxiliary keyword="CHEB">
<data>-1.07430000E-001</data>
<data> 3.62230000E-002</data>
<data> 7.65550000E-002</data>
<data>-2.34070000E-003</data>
</auxiliary>
</reaction>
<reaction formula="sC4H8O+H2O(+M)=MEKenol+H2O(+M)">
<rate A=" 1.00000000E+000" B=" 0.00000000E+000" E=" 0.00000000E+000"/>
<auxiliary keyword="TCHEB">
<data> 3.00000000E+002</data>
<data> 2.10000000E+003</data>
</auxiliary>
<auxiliary keyword="PCHEB">
<data> 9.86923267E-003</data>
<data> 9.86923267E+001</data>
</auxiliary>
<auxiliary keyword="CHEB">
<data>     4</data>
<data>     4</data>
</auxiliary>
<auxiliary keyword="CHEB">
<data>-1.46180000E+001</data>
<data>-1.59300000E+000</data>
<data>-6.80180000E-002</data>
<data>-3.80220000E-003</data>
</auxiliary>
<auxiliary keyword="CHEB">
<data> 1.95840000E+001</data>
<data> 6.80290000E-001</data>
<data>-1.26240000E-001</data>
<data>-5.59730000E-003</data>
</auxiliary>
<auxiliary keyword="CHEB">
<data> 6.89780000E-001</data>
<data> 4.77640000E-001</data>
<data>-3.47120000E-002</data>
<data>-1.89360000E-002</data>
</auxiliary>
<auxiliary keyword="CHEB">
<data>-1.12100000E-001</data>
<data> 2.05300000E-001</data>
<data> 3.29710000E-002</data>
<data>-1.86450000E-002</data>
</auxiliary>
</reaction>
<reaction formula="sSPC(116)+C4H7-24(+M)=sSPC(46)+CH3CH[OH]CHCH3(+M)">
<rate A=" 1.00000000E+000" B=" 0.00000000E+000" E=" 0.00000000E+000"/>
<auxiliary keyword="TCHEB">
<data> 3.00000000E+002</data>
<data> 2.10000000E+003</data>
</auxiliary>
<auxiliary keyword="PCHEB">
<data> 9.86923267E-003</data>
<data> 9.86923267E+001</data>
</auxiliary>
<auxiliary keyword="CHEB">
<data>     4</data>
<data>     4</data>
</auxiliary>
<auxiliary keyword="CHEB">
<data> 3.84710000E+000</data>
<data>-1.39420000E+000</data>
<data>-4.78080000E-002</data>
<data>-1.78040000E-003</data>
</auxiliary>
<auxiliary keyword="CHEB">
<data> 9.31460000E+000</data>
<data> 1.04010000E+000</data>
<data>-7.83340000E-002</data>
<data>-1.15510000E-002</data>
</auxiliary>
<auxiliary keyword="CHEB">
<data> 3.66450000E-001</data>
<data> 4.73930000E-001</data>
<data> 3.88770000E-002</data>
<data>-8.92570000E-003</data>
</auxiliary>
<auxiliary keyword="CHEB">
<data>-3.28600000E-001</data>
<data> 8.90530000E-003</data>
<data> 7.69590000E-002</data>
<data> 3.72860000E-003</data>
</auxiliary>
</reaction>
<reaction formula="sSPC(116)+C4H7-24(+M)=sSPC(56)+CH3CH[OH]CHCH3(+M)">
<rate A=" 1.00000000E+000" B=" 0.00000000E+000" E=" 0.00000000E+000"/>
<auxiliary keyword="TCHEB">
<data> 3.00000000E+002</data>
<data> 2.10000000E+003</data>
</auxiliary>
<auxiliary keyword="PCHEB">
<data> 9.86923267E-003</data>
<data> 9.86923267E+001</data>
</auxiliary>
<auxiliary keyword="CHEB">
<data>     4</data>
<data>     4</data>
</auxiliary>
<auxiliary keyword="CHEB">
<data> 3.83750000E+000</data>
<data>-1.40780000E+000</data>
<data>-5.05810000E-002</data>
<data>-2.20280000E-003</data>
</auxiliary>
<auxiliary keyword="CHEB">
<data> 9.47690000E+000</data>
<data> 1.01440000E+000</data>
<data>-8.52920000E-002</data>
<data>-1.20130000E-002</data>
</auxiliary>
<auxiliary keyword="CHEB">
<data> 1.18480000E-001</data>
<data> 4.79390000E-001</data>
<data> 3.59650000E-002</data>
<data>-1.01470000E-002</data>
</auxiliary>
<auxiliary keyword="CHEB">
<data>-2.49710000E-001</data>
<data> 2.97830000E-002</data>
<data> 7.92570000E-002</data>
<data> 2.43010000E-003</data>
</auxiliary>
</reaction>
<reaction formula="C4H8-1+sSPC(116)(+M)=sSPC(46)+sBuOH(+M)">
<rate A=" 1.00000000E+000" B=" 0.00000000E+000" E=" 0.00000000E+000"/>
<auxiliary keyword="TCHEB">
<data> 3.00000000E+002</data>
<data> 2.10000000E+003</data>
</auxiliary>
<auxiliary keyword="PCHEB">
<data> 9.86923267E-003</data>
<data> 9.86923267E+001</data>
</auxiliary>
<auxiliary keyword="CHEB">
<data>     4</data>
<data>     4</data>
</auxiliary>
<auxiliary keyword="CHEB">
<data>-1.70060000E+001</data>
<data>-1.80710000E+000</data>
<data>-6.03080000E-002</data>
<data> 4.06960000E-003</data>
</auxiliary>
<auxiliary keyword="CHEB">
<data> 2.14070000E+001</data>
<data> 2.87400000E-001</data>
<data>-9.81970000E-002</data>
<data> 1.07830000E-002</data>
</auxiliary>
<auxiliary keyword="CHEB">
<data> 1.15420000E+000</data>
<data> 3.02720000E-001</data>
<data>-8.25110000E-002</data>
<data>-1.22010000E-003</data>
</auxiliary>
<auxiliary keyword="CHEB">
<data>-3.86200000E-001</data>
<data> 2.31900000E-001</data>
<data>-4.68870000E-002</data>
<data>-1.03720000E-002</data>
</auxiliary>
</reaction>
<reaction formula="C4H6-13+sSPC(116)(+M)=sSPC(46)+sC4H8O(+M)">
<rate A=" 1.00000000E+000" B=" 0.00000000E+000" E=" 0.00000000E+000"/>
<auxiliary keyword="TCHEB">
<data> 3.00000000E+002</data>
<data> 2.10000000E+003</data>
</auxiliary>
<auxiliary keyword="PCHEB">
<data> 9.86923267E-003</data>
<data> 9.86923267E+001</data>
</auxiliary>
<auxiliary keyword="CHEB">
<data>     4</data>
<data>     4</data>
</auxiliary>
<auxiliary keyword="CHEB">
<data>-1.73450000E+001</data>
<data>-1.83260000E+000</data>
<data>-5.78960000E-002</data>
<data> 5.96010000E-003</data>
</auxiliary>
<auxiliary keyword="CHEB">
<data> 2.19820000E+001</data>
<data> 2.48310000E-001</data>
<data>-9.26680000E-002</data>
<data> 1.31650000E-002</data>
</auxiliary>
<auxiliary keyword="CHEB">
<data> 9.96800000E-001</data>
<data> 2.63740000E-001</data>
<data>-8.12890000E-002</data>
<data> 2.56860000E-003</data>
</auxiliary>
<auxiliary keyword="CHEB">
<data>-3.38710000E-001</data>
<data> 2.04110000E-001</data>
<data>-4.96640000E-002</data>
<data>-6.56720000E-003</data>
</auxiliary>
</reaction>
<reaction formula="sC4H8O+sBuOH(+M)=MEKenol+sBuOH(+M)">
<rate A=" 1.00000000E+000" B=" 0.00000000E+000" E=" 0.00000000E+000"/>
<auxiliary keyword="TCHEB">
<data> 3.00000000E+002</data>
<data> 2.10000000E+003</data>
</auxiliary>
<auxiliary keyword="PCHEB">
<data> 9.86923267E-003</data>
<data> 9.86923267E+001</data>
</auxiliary>
<auxiliary keyword="CHEB">
<data>     4</data>
<data>     4</data>
</auxiliary>
<auxiliary keyword="CHEB">
<data>-1.50910000E+001</data>
<data>-1.78890000E+000</data>
<data>-6.28010000E-002</data>
<data> 3.21590000E-003</data>
</auxiliary>
<auxiliary keyword="CHEB">
<data> 1.99580000E+001</data>
<data> 3.18850000E-001</data>
<data>-1.04210000E-001</data>
<data> 9.78270000E-003</data>
</auxiliary>
<auxiliary keyword="CHEB">
<data> 9.63970000E-001</data>
<data> 3.23950000E-001</data>
<data>-8.19800000E-002</data>
<data>-3.64590000E-003</data>
</auxiliary>
<auxiliary keyword="CHEB">
<data>-1.30260000E-001</data>
<data> 2.39390000E-001</data>
<data>-4.16780000E-002</data>
<data>-1.29570000E-002</data>
</auxiliary>
</reaction>
<reaction formula="sC4H8O+H2O(+M)=CH3CH[OH]CH2CH2+OH(+M)">
<rate A=" 1.00000000E+000" B=" 0.00000000E+000" E=" 0.00000000E+000"/>
<auxiliary keyword="TCHEB">
<data> 3.00000000E+002</data>
<data> 2.10000000E+003</data>
</auxiliary>
<auxiliary keyword="PCHEB">
<data> 9.86923267E-003</data>
<data> 9.86923267E+001</data>
</auxiliary>
<auxiliary keyword="CHEB">
<data>     4</data>
<data>     4</data>
</auxiliary>
<auxiliary keyword="CHEB">
<data>-2.50520000E+001</data>
<data>-1.65930000E+000</data>
<data>-5.54330000E-002</data>
<data> 6.15710000E-004</data>
</auxiliary>
<auxiliary keyword="CHEB">
<data> 2.94360000E+001</data>
<data> 5.50040000E-001</data>
<data>-1.03220000E-001</data>
<data> 3.64800000E-003</data>
</auxiliary>
<auxiliary keyword="CHEB">
<data> 6.13130000E-001</data>
<data> 4.62890000E-001</data>
<data>-4.35440000E-002</data>
<data>-9.82290000E-003</data>
</auxiliary>
<auxiliary keyword="CHEB">
<data>-2.21720000E-001</data>
<data> 2.68560000E-001</data>
<data> 1.09520000E-002</data>
<data>-1.48920000E-002</data>
</auxiliary>
</reaction>
<reaction formula="sC4H8O+CH3CH[OH]CHCH3(+M)=MEKenol+CH3CH[OH]CHCH3(+M)">
<rate A=" 1.00000000E+000" B=" 0.00000000E+000" E=" 0.00000000E+000"/>
<auxiliary keyword="TCHEB">
<data> 3.00000000E+002</data>
<data> 2.10000000E+003</data>
</auxiliary>
<auxiliary keyword="PCHEB">
<data> 9.86923267E-003</data>
<data> 9.86923267E+001</data>
</auxiliary>
<auxiliary keyword="CHEB">
<data>     4</data>
<data>     4</data>
</auxiliary>
<auxiliary keyword="CHEB">
<data>-1.64270000E+001</data>
<data>-1.87990000E+000</data>
<data>-4.90520000E-002</data>
<data> 8.32710000E-003</data>
</auxiliary>
<auxiliary keyword="CHEB">
<data> 2.01330000E+001</data>
<data> 1.73140000E-001</data>
<data>-7.49030000E-002</data>
<data> 1.52160000E-002</data>
</auxiliary>
<auxiliary keyword="CHEB">
<data> 1.02610000E+000</data>
<data> 1.97240000E-001</data>
<data>-7.52210000E-002</data>
<data> 9.41380000E-003</data>
</auxiliary>
<auxiliary keyword="CHEB">
<data>-9.98550000E-002</data>
<data> 1.62510000E-001</data>
<data>-5.43140000E-002</data>
<data> 1.83830000E-003</data>
</auxiliary>
</reaction>
<reaction formula="sC4H8O+sSPC(116)(+M)=MEKenol+sSPC(116)(+M)">
<rate A=" 1.00000000E+000" B=" 0.00000000E+000" E=" 0.00000000E+000"/>
<auxiliary keyword="TCHEB">
<data> 3.00000000E+002</data>
<data> 2.10000000E+003</data>
</auxiliary>
<auxiliary keyword="PCHEB">
<data> 9.86923267E-003</data>
<data> 9.86923267E+001</data>
</auxiliary>
<auxiliary keyword="CHEB">
<data>     4</data>
<data>     4</data>
</auxiliary>
<auxiliary keyword="CHEB">
<data>-1.60320000E+001</data>
<data>-1.79210000E+000</data>
<data>-6.20200000E-002</data>
<data> 3.27090000E-003</data>
</auxiliary>
<auxiliary keyword="CHEB">
<data> 2.12100000E+001</data>
<data> 3.11810000E-001</data>
<data>-1.02300000E-001</data>
<data> 9.86200000E-003</data>
</auxiliary>
<auxiliary keyword="CHEB">
<data> 7.32840000E-001</data>
<data> 3.22450000E-001</data>
<data>-8.20920000E-002</data>
<data>-3.39730000E-003</data>
</auxiliary>
<auxiliary keyword="CHEB">
<data>-2.67120000E-001</data>
<data> 2.42830000E-001</data>
<data>-4.32910000E-002</data>
<data>-1.27170000E-002</data>
</auxiliary>
</reaction>
<reaction formula="2sC4H8O(+M)=MEKenol+sC4H8O(+M)">
<rate A=" 1.00000000E+000" B=" 0.00000000E+000" E=" 0.00000000E+000"/>
<auxiliary keyword="TCHEB">
<data> 3.00000000E+002</data>
<data> 2.10000000E+003</data>
</auxiliary>
<auxiliary keyword="PCHEB">
<data> 9.86923267E-003</data>
<data> 9.86923267E+001</data>
</auxiliary>
<auxiliary keyword="CHEB">
<data>     4</data>
<data>     4</data>
</auxiliary>
<auxiliary keyword="CHEB">
<data>-1.58340000E+001</data>
<data>-1.75360000E+000</data>
<data>-6.55230000E-002</data>
<data> 1.35640000E-003</data>
</auxiliary>
<auxiliary keyword="CHEB">
<data> 2.08910000E+001</data>
<data> 3.80970000E-001</data>
<data>-1.12410000E-001</data>
<data> 6.99040000E-003</data>
</auxiliary>
<auxiliary keyword="CHEB">
<data> 1.00390000E+000</data>
<data> 3.62640000E-001</data>
<data>-7.75960000E-002</data>
<data>-7.93680000E-003</data>
</auxiliary>
<auxiliary keyword="CHEB">
<data>-3.89230000E-001</data>
<data> 2.49520000E-001</data>
<data>-2.94730000E-002</data>
<data>-1.66010000E-002</data>
</auxiliary>
</reaction>
<reaction formula="sSPC(46)+C4H7-24(+M)=sSPC(56)+C4H7-24(+M)">
<rate A=" 1.00000000E+000" B=" 0.00000000E+000" E=" 0.00000000E+000"/>
<auxiliary keyword="TCHEB">
<data> 3.00000000E+002</data>
<data> 2.10000000E+003</data>
</auxiliary>
<auxiliary keyword="PCHEB">
<data> 9.86923267E-003</data>
<data> 9.86923267E+001</data>
</auxiliary>
<auxiliary keyword="CHEB">
<data>     4</data>
<data>     4</data>
</auxiliary>
<auxiliary keyword="CHEB">
<data> 8.48980000E+000</data>
<data>-1.41230000E+000</data>
<data>-4.20250000E-002</data>
<data>-1.89510000E-003</data>
</auxiliary>
<auxiliary keyword="CHEB">
<data> 5.75590000E+000</data>
<data> 1.01370000E+000</data>
<data>-7.29160000E-002</data>
<data>-9.27970000E-003</data>
</auxiliary>
<auxiliary keyword="CHEB">
<data> 1.18340000E-001</data>
<data> 4.96110000E-001</data>
<data> 3.03120000E-002</data>
<data>-7.38250000E-003</data>
</auxiliary>
<auxiliary keyword="CHEB">
<data>-3.78590000E-001</data>
<data> 4.14860000E-002</data>
<data> 6.90680000E-002</data>
<data> 2.11220000E-003</data>
</auxiliary>
</reaction>
<reaction formula="sSPC(56)+sBuOH(+M)=C4H8-1+sSPC(332)(+M)">
<rate A=" 1.00000000E+000" B=" 0.00000000E+000" E=" 0.00000000E+000"/>
<auxiliary keyword="TCHEB">
<data> 3.00000000E+002</data>
<data> 2.10000000E+003</data>
</auxiliary>
<auxiliary keyword="PCHEB">
<data> 9.86923267E-003</data>
<data> 9.86923267E+001</data>
</auxiliary>
<auxiliary keyword="CHEB">
<data>     4</data>
<data>     4</data>
</auxiliary>
<auxiliary keyword="CHEB">
<data>-1.71060000E+001</data>
<data>-1.81330000E+000</data>
<data>-5.93300000E-002</data>
<data> 4.35840000E-003</data>
</auxiliary>
<auxiliary keyword="CHEB">
<data> 2.17480000E+001</data>
<data> 2.77860000E-001</data>
<data>-9.61940000E-002</data>
<data> 1.10280000E-002</data>
</auxiliary>
<auxiliary keyword="CHEB">
<data> 1.03040000E+000</data>
<data> 2.93540000E-001</data>
<data>-8.18770000E-002</data>
<data>-3.77540000E-004</data>
</auxiliary>
<auxiliary keyword="CHEB">
<data>-1.21090000E-001</data>
<data> 2.25480000E-001</data>
<data>-4.75010000E-002</data>
<data>-9.32960000E-003</data>
</auxiliary>
</reaction>
<reaction formula="sSPC(332)(+M)=sSPC(1013)(+M)">
<rate A=" 1.00000000E+000" B=" 0.00000000E+000" E=" 0.00000000E+000"/>
<auxiliary keyword="TCHEB">
<data> 3.00000000E+002</data>
<data> 2.10000000E+003</data>
</auxiliary>
<auxiliary keyword="PCHEB">
<data> 9.86923267E-003</data>
<data> 9.86923267E+001</data>
</auxiliary>
<auxiliary keyword="CHEB">
<data>     4</data>
<data>     4</data>
</auxiliary>
<auxiliary keyword="CHEB">
<data> 3.18630000E+000</data>
<data> 8.61680000E-001</data>
<data>-1.90370000E-001</data>
<data> 5.48140000E-003</data>
</auxiliary>
<auxiliary keyword="CHEB">
<data> 4.10480000E+000</data>
<data> 1.20560000E+000</data>
<data>-2.07620000E-001</data>
<data>-3.25150000E-002</data>
</auxiliary>
<auxiliary keyword="CHEB">
<data>-6.31690000E-001</data>
<data> 5.78300000E-001</data>
<data>-1.71420000E-003</data>
<data>-3.11320000E-002</data>
</auxiliary>
<auxiliary keyword="CHEB">
<data>-3.89710000E-001</data>
<data> 2.10420000E-001</data>
<data> 4.86280000E-002</data>
<data>-6.45040000E-003</data>
</auxiliary>
</reaction>
<reaction formula="sSPC(332)(+M)=sSPC(56)+H2O(+M)">
<rate A=" 1.00000000E+000" B=" 0.00000000E+000" E=" 0.00000000E+000"/>
<auxiliary keyword="TCHEB">
<data> 3.00000000E+002</data>
<data> 2.10000000E+003</data>
</auxiliary>
<auxiliary keyword="PCHEB">
<data> 9.86923267E-003</data>
<data> 9.86923267E+001</data>
</auxiliary>
<auxiliary keyword="CHEB">
<data>     4</data>
<data>     4</data>
</auxiliary>
<auxiliary keyword="CHEB">
<data>-1.31090000E+001</data>
<data> 1.37030000E+000</data>
<data>-2.16350000E-001</data>
<data>-1.38250000E-002</data>
</auxiliary>
<auxiliary keyword="CHEB">
<data> 1.74720000E+001</data>
<data> 6.06060000E-001</data>
<data> 1.56110000E-001</data>
<data>-2.85400000E-002</data>
</auxiliary>
<auxiliary keyword="CHEB">
<data>-3.67050000E-001</data>
<data> 2.30280000E-002</data>
<data> 4.88260000E-002</data>
<data> 2.60480000E-002</data>
</auxiliary>
<auxiliary keyword="CHEB">
<data>-1.28550000E-001</data>
<data>-4.26190000E-002</data>
<data>-3.28770000E-003</data>
<data> 1.15610000E-002</data>
</auxiliary>
</reaction>
<reaction formula="sSPC(332)(+M)=O2+CH3CH[OH]CH2CH2(+M)">
<rate A=" 1.00000000E+000" B=" 0.00000000E+000" E=" 0.00000000E+000"/>
<auxiliary keyword="TCHEB">
<data> 3.00000000E+002</data>
<data> 2.10000000E+003</data>
</auxiliary>
<auxiliary keyword="PCHEB">
<data> 9.86923267E-003</data>
<data> 9.86923267E+001</data>
</auxiliary>
<auxiliary keyword="CHEB">
<data>     4</data>
<data>     4</data>
</auxiliary>
<auxiliary keyword="CHEB">
<data> 3.67910000E-001</data>
<data> 5.64220000E-001</data>
<data>-7.78190000E-002</data>
<data> 9.32070000E-004</data>
</auxiliary>
<auxiliary keyword="CHEB">
<data> 9.25830000E+000</data>
<data> 8.70100000E-001</data>
<data>-9.85870000E-002</data>
<data>-1.26040000E-002</data>
</auxiliary>
<auxiliary keyword="CHEB">
<data>-6.00710000E-001</data>
<data> 3.99790000E-001</data>
<data> 3.58830000E-002</data>
<data>-1.89230000E-002</data>
</auxiliary>
<auxiliary keyword="CHEB">
<data>-2.94000000E-001</data>
<data> 8.33320000E-002</data>
<data> 6.56620000E-002</data>
<data>-4.90720000E-003</data>
</auxiliary>
</reaction>
<reaction formula="sSPC(332)(+M)=sC4H8O+HO2(+M)">
<rate A=" 1.00000000E+000" B=" 0.00000000E+000" E=" 0.00000000E+000"/>
<auxiliary keyword="TCHEB">
<data> 3.00000000E+002</data>
<data> 2.10000000E+003</data>
</auxiliary>
<auxiliary keyword="PCHEB">
<data> 9.86923267E-003</data>
<data> 9.86923267E+001</data>
</auxiliary>
<auxiliary keyword="CHEB">
<data>     4</data>
<data>     4</data>
</auxiliary>
<auxiliary keyword="CHEB">
<data>-1.95230000E+000</data>
<data>-4.60370000E-001</data>
<data>-2.05900000E-001</data>
<data>-8.16010000E-005</data>
</auxiliary>
<auxiliary keyword="CHEB">
<data> 1.03600000E+001</data>
<data> 1.80130000E+000</data>
<data>-7.23780000E-002</data>
<data>-4.30410000E-002</data>
</auxiliary>
<auxiliary keyword="CHEB">
<data>-8.58240000E-001</data>
<data> 4.45230000E-001</data>
<data> 1.07950000E-001</data>
<data>-8.01600000E-003</data>
</auxiliary>
<auxiliary keyword="CHEB">
<data>-3.68110000E-001</data>
<data> 3.26450000E-002</data>
<data> 6.09050000E-002</data>
<data> 8.64190000E-003</data>
</auxiliary>
</reaction>
<reaction formula="sSPC(332)(+M)=sSPC(1072)+H(+M)">
<rate A=" 1.00000000E+000" B=" 0.00000000E+000" E=" 0.00000000E+000"/>
<auxiliary keyword="TCHEB">
<data> 3.00000000E+002</data>
<data> 2.10000000E+003</data>
</auxiliary>
<auxiliary keyword="PCHEB">
<data> 9.86923267E-003</data>
<data> 9.86923267E+001</data>
</auxiliary>
<auxiliary keyword="CHEB">
<data>     4</data>
<data>     4</data>
</auxiliary>
<auxiliary keyword="CHEB">
<data>-1.51110000E+000</data>
<data>-4.96070000E-001</data>
<data>-3.27350000E-001</data>
<data> 1.14210000E-002</data>
</auxiliary>
<auxiliary keyword="CHEB">
<data> 8.92640000E+000</data>
<data> 1.44690000E+000</data>
<data>-7.92800000E-002</data>
<data>-8.11400000E-002</data>
</auxiliary>
<auxiliary keyword="CHEB">
<data>-7.34160000E-001</data>
<data> 4.68780000E-001</data>
<data> 7.60990000E-002</data>
<data>-9.79670000E-003</data>
</auxiliary>
<auxiliary keyword="CHEB">
<data>-3.57550000E-001</data>
<data> 9.50130000E-002</data>
<data> 7.19110000E-002</data>
<data> 9.00190000E-003</data>
</auxiliary>
</reaction>
<reaction formula="sSPC(1013)(+M)=sSPC(56)+H2O(+M)">
<rate A=" 1.00000000E+000" B=" 0.00000000E+000" E=" 0.00000000E+000"/>
<auxiliary keyword="TCHEB">
<data> 3.00000000E+002</data>
<data> 2.10000000E+003</data>
</auxiliary>
<auxiliary keyword="PCHEB">
<data> 9.86923267E-003</data>
<data> 9.86923267E+001</data>
</auxiliary>
<auxiliary keyword="CHEB">
<data>     4</data>
<data>     4</data>
</auxiliary>
<auxiliary keyword="CHEB">
<data>-1.23240000E+001</data>
<data> 7.91600000E-001</data>
<data>-4.52540000E-001</data>
<data>-4.69570000E-002</data>
</auxiliary>
<auxiliary keyword="CHEB">
<data> 1.58290000E+001</data>
<data> 1.03570000E+000</data>
<data> 2.81970000E-001</data>
<data>-4.45950000E-002</data>
</auxiliary>
<auxiliary keyword="CHEB">
<data>-8.22160000E-001</data>
<data> 4.72930000E-002</data>
<data> 9.01800000E-002</data>
<data> 4.89560000E-002</data>
</auxiliary>
<auxiliary keyword="CHEB">
<data>-4.75710000E-001</data>
<data>-1.43270000E-002</data>
<data> 1.08650000E-002</data>
<data> 1.64220000E-002</data>
</auxiliary>
</reaction>
<reaction formula="sSPC(1013)(+M)=O2+CH3CH[OH]CH2CH2(+M)">
<rate A=" 1.00000000E+000" B=" 0.00000000E+000" E=" 0.00000000E+000"/>
<auxiliary keyword="TCHEB">
<data> 3.00000000E+002</data>
<data> 2.10000000E+003</data>
</auxiliary>
<auxiliary keyword="PCHEB">
<data> 9.86923267E-003</data>
<data> 9.86923267E+001</data>
</auxiliary>
<auxiliary keyword="CHEB">
<data>     4</data>
<data>     4</data>
</auxiliary>
<auxiliary keyword="CHEB">
<data> 7.44370000E-001</data>
<data>-3.60430000E-001</data>
<data>-3.45790000E-001</data>
<data> 6.17930000E-003</data>
</auxiliary>
<auxiliary keyword="CHEB">
<data> 8.46610000E+000</data>
<data> 1.48200000E+000</data>
<data>-6.14640000E-002</data>
<data>-8.03450000E-002</data>
</auxiliary>
<auxiliary keyword="CHEB">
<data>-7.91340000E-001</data>
<data> 3.84630000E-001</data>
<data> 1.02370000E-001</data>
<data>-4.25090000E-003</data>
</auxiliary>
<auxiliary keyword="CHEB">
<data>-5.58910000E-001</data>
<data> 5.50260000E-002</data>
<data> 8.14880000E-002</data>
<data> 9.96360000E-003</data>
</auxiliary>
</reaction>
<reaction formula="sSPC(1013)(+M)=sC4H8O+HO2(+M)">
<rate A=" 1.00000000E+000" B=" 0.00000000E+000" E=" 0.00000000E+000"/>
<auxiliary keyword="TCHEB">
<data> 3.00000000E+002</data>
<data> 2.10000000E+003</data>
</auxiliary>
<auxiliary keyword="PCHEB">
<data> 9.86923267E-003</data>
<data> 9.86923267E+001</data>
</auxiliary>
<auxiliary keyword="CHEB">
<data>     4</data>
<data>     4</data>
</auxiliary>
<auxiliary keyword="CHEB">
<data>-1.45070000E+000</data>
<data>-1.27390000E+000</data>
<data>-4.78730000E-001</data>
<data>-3.45640000E-003</data>
</auxiliary>
<auxiliary keyword="CHEB">
<data> 9.45030000E+000</data>
<data> 2.32400000E+000</data>
<data>-1.29220000E-002</data>
<data>-9.58100000E-002</data>
</auxiliary>
<auxiliary keyword="CHEB">
<data>-1.04550000E+000</data>
<data> 3.72620000E-001</data>
<data> 1.58330000E-001</data>
<data> 1.15080000E-002</data>
</auxiliary>
<auxiliary keyword="CHEB">
<data>-5.62800000E-001</data>
<data> 2.32520000E-002</data>
<data> 6.64120000E-002</data>
<data> 1.44890000E-002</data>
</auxiliary>
</reaction>
<reaction formula="sSPC(1013)(+M)=sSPC(1072)+H(+M)">
<rate A=" 1.00000000E+000" B=" 0.00000000E+000" E=" 0.00000000E+000"/>
<auxiliary keyword="TCHEB">
<data> 3.00000000E+002</data>
<data> 2.10000000E+003</data>
</auxiliary>
<auxiliary keyword="PCHEB">
<data> 9.86923267E-003</data>
<data> 9.86923267E+001</data>
</auxiliary>
<auxiliary keyword="CHEB">
<data>     4</data>
<data>     4</data>
</auxiliary>
<auxiliary keyword="CHEB">
<data> 1.56710000E+000</data>
<data> 9.31960000E-001</data>
<data>-2.15600000E-001</data>
<data> 4.57040000E-003</data>
</auxiliary>
<auxiliary keyword="CHEB">
<data> 6.97690000E+000</data>
<data> 6.67430000E-001</data>
<data> 2.12210000E-002</data>
<data>-6.32510000E-002</data>
</auxiliary>
<auxiliary keyword="CHEB">
<data>-4.67300000E-001</data>
<data> 1.88650000E-001</data>
<data> 4.79890000E-002</data>
<data> 1.32770000E-002</data>
</auxiliary>
<auxiliary keyword="CHEB">
<data>-2.96630000E-001</data>
<data> 5.41060000E-002</data>
<data> 3.47120000E-002</data>
<data> 1.41480000E-002</data>
</auxiliary>
</reaction>
<reaction formula="sSPC(56)+H2O(+M)=O2+CH3CH[OH]CH2CH2(+M)">
<rate A=" 1.00000000E+000" B=" 0.00000000E+000" E=" 0.00000000E+000"/>
<auxiliary keyword="TCHEB">
<data> 3.00000000E+002</data>
<data> 2.10000000E+003</data>
</auxiliary>
<auxiliary keyword="PCHEB">
<data> 9.86923267E-003</data>
<data> 9.86923267E+001</data>
</auxiliary>
<auxiliary keyword="CHEB">
<data>     4</data>
<data>     4</data>
</auxiliary>
<auxiliary keyword="CHEB">
<data>-1.02480000E+001</data>
<data>-5.54360000E-001</data>
<data>-1.95230000E-001</data>
<data>-1.60910000E-002</data>
</auxiliary>
<auxiliary keyword="CHEB">
<data> 1.60950000E+001</data>
<data> 6.08460000E-001</data>
<data> 1.71400000E-001</data>
<data>-1.75600000E-002</data>
</auxiliary>
<auxiliary keyword="CHEB">
<data> 1.08160000E-001</data>
<data>-4.15250000E-002</data>
<data> 3.02240000E-002</data>
<data> 2.95720000E-002</data>
</auxiliary>
<auxiliary keyword="CHEB">
<data> 1.67510000E-002</data>
<data>-5.37810000E-002</data>
<data>-1.58440000E-002</data>
<data> 5.17620000E-003</data>
</auxiliary>
</reaction>
<reaction formula="sSPC(56)+H2O(+M)=sC4H8O+HO2(+M)">
<rate A=" 1.00000000E+000" B=" 0.00000000E+000" E=" 0.00000000E+000"/>
<auxiliary keyword="TCHEB">
<data> 3.00000000E+002</data>
<data> 2.10000000E+003</data>
</auxiliary>
<auxiliary keyword="PCHEB">
<data> 9.86923267E-003</data>
<data> 9.86923267E+001</data>
</auxiliary>
<auxiliary keyword="CHEB">
<data>     4</data>
<data>     4</data>
</auxiliary>
<auxiliary keyword="CHEB">
<data>-1.22210000E+001</data>
<data>-7.55450000E-001</data>
<data>-3.08330000E-001</data>
<data>-5.50040000E-002</data>
</auxiliary>
<auxiliary keyword="CHEB">
<data> 1.63780000E+001</data>
<data> 8.25120000E-001</data>
<data> 2.86660000E-001</data>
<data> 1.73700000E-002</data>
</auxiliary>
<auxiliary keyword="CHEB">
<data> 1.06140000E-001</data>
<data>-6.93390000E-002</data>
<data> 1.82810000E-002</data>
<data> 2.86080000E-002</data>
</auxiliary>
<auxiliary keyword="CHEB">
<data> 3.59130000E-002</data>
<data>-6.27800000E-002</data>
<data>-2.07670000E-002</data>
<data> 3.02080000E-003</data>
</auxiliary>
</reaction>
<reaction formula="sSPC(56)+H2O(+M)=sSPC(1072)+H(+M)">
<rate A=" 1.00000000E+000" B=" 0.00000000E+000" E=" 0.00000000E+000"/>
<auxiliary keyword="TCHEB">
<data> 3.00000000E+002</data>
<data> 2.10000000E+003</data>
</auxiliary>
<auxiliary keyword="PCHEB">
<data> 9.86923267E-003</data>
<data> 9.86923267E+001</data>
</auxiliary>
<auxiliary keyword="CHEB">
<data>     4</data>
<data>     4</data>
</auxiliary>
<auxiliary keyword="CHEB">
<data>-1.28260000E+001</data>
<data>-1.10280000E+000</data>
<data>-4.17910000E-001</data>
<data>-4.73520000E-002</data>
</auxiliary>
<auxiliary keyword="CHEB">
<data> 1.56110000E+001</data>
<data> 1.07390000E+000</data>
<data> 3.14140000E-001</data>
<data>-2.97640000E-002</data>
</auxiliary>
<auxiliary keyword="CHEB">
<data>-4.28380000E-001</data>
<data>-1.70320000E-002</data>
<data> 7.44280000E-002</data>
<data> 5.50980000E-002</data>
</auxiliary>
<auxiliary keyword="CHEB">
<data>-2.41210000E-001</data>
<data>-3.69690000E-002</data>
<data>-3.93310000E-003</data>
<data> 1.13840000E-002</data>
</auxiliary>
</reaction>
<reaction formula="O2+CH3CH[OH]CH2CH2(+M)=sC4H8O+HO2(+M)">
<rate A=" 1.00000000E+000" B=" 0.00000000E+000" E=" 0.00000000E+000"/>
<auxiliary keyword="TCHEB">
<data> 3.00000000E+002</data>
<data> 2.10000000E+003</data>
</auxiliary>
<auxiliary keyword="PCHEB">
<data> 9.86923267E-003</data>
<data> 9.86923267E+001</data>
</auxiliary>
<auxiliary keyword="CHEB">
<data>     4</data>
<data>     4</data>
</auxiliary>
<auxiliary keyword="CHEB">
<data> 8.69370000E+000</data>
<data>-1.86850000E+000</data>
<data>-2.62230000E-001</data>
<data>-9.93440000E-003</data>
</auxiliary>
<auxiliary keyword="CHEB">
<data> 3.27830000E+000</data>
<data> 1.80430000E+000</data>
<data> 6.51370000E-002</data>
<data>-4.61800000E-002</data>
</auxiliary>
<auxiliary keyword="CHEB">
<data>-4.09170000E-001</data>
<data> 1.00710000E-001</data>
<data> 1.39990000E-001</data>
<data> 1.54700000E-002</data>
</auxiliary>
<auxiliary keyword="CHEB">
<data>-1.60220000E-001</data>
<data>-9.02580000E-002</data>
<data> 2.78370000E-002</data>
<data> 1.62960000E-002</data>
</auxiliary>
</reaction>
<reaction formula="O2+CH3CH[OH]CH2CH2(+M)=sSPC(1072)+H(+M)">
<rate A=" 1.00000000E+000" B=" 0.00000000E+000" E=" 0.00000000E+000"/>
<auxiliary keyword="TCHEB">
<data> 3.00000000E+002</data>
<data> 2.10000000E+003</data>
</auxiliary>
<auxiliary keyword="PCHEB">
<data> 9.86923267E-003</data>
<data> 9.86923267E+001</data>
</auxiliary>
<auxiliary keyword="CHEB">
<data>     4</data>
<data>     4</data>
</auxiliary>
<auxiliary keyword="CHEB">
<data> 8.48060000E+000</data>
<data>-2.04890000E+000</data>
<data>-3.49020000E-001</data>
<data>-5.27050000E-003</data>
</auxiliary>
<auxiliary keyword="CHEB">
<data> 2.44370000E+000</data>
<data> 1.64610000E+000</data>
<data> 1.46910000E-002</data>
<data>-8.07650000E-002</data>
</auxiliary>
<auxiliary keyword="CHEB">
<data>-5.21680000E-001</data>
<data> 2.13430000E-001</data>
<data> 1.55530000E-001</data>
<data> 1.55590000E-002</data>
</auxiliary>
<auxiliary keyword="CHEB">
<data>-4.40890000E-001</data>
<data>-3.91490000E-002</data>
<data> 7.12660000E-002</data>
<data> 2.38110000E-002</data>
</auxiliary>
</reaction>
<reaction formula="sC4H8O+HO2(+M)=sSPC(1072)+H(+M)">
<rate A=" 1.00000000E+000" B=" 0.00000000E+000" E=" 0.00000000E+000"/>
<auxiliary keyword="TCHEB">
<data> 3.00000000E+002</data>
<data> 2.10000000E+003</data>
</auxiliary>
<auxiliary keyword="PCHEB">
<data> 9.86923267E-003</data>
<data> 9.86923267E+001</data>
</auxiliary>
<auxiliary keyword="CHEB">
<data>     4</data>
<data>     4</data>
</auxiliary>
<auxiliary keyword="CHEB">
<data>-2.42550000E+000</data>
<data>-2.74570000E+000</data>
<data>-4.92000000E-001</data>
<data>-1.79600000E-002</data>
</auxiliary>
<auxiliary keyword="CHEB">
<data> 7.20050000E+000</data>
<data> 2.39120000E+000</data>
<data> 1.14680000E-001</data>
<data>-9.02030000E-002</data>
</auxiliary>
<auxiliary keyword="CHEB">
<data>-3.17500000E-001</data>
<data> 1.35290000E-001</data>
<data> 1.89430000E-001</data>
<data> 3.59460000E-002</data>
</auxiliary>
<auxiliary keyword="CHEB">
<data>-2.77620000E-001</data>
<data>-5.88490000E-002</data>
<data> 5.39510000E-002</data>
<data> 2.17120000E-002</data>
</auxiliary>
</reaction>
<reaction formula="sSPC(56)+sSPC(116)(+M)=sSPC(46)+sSPC(332)(+M)">
<rate A=" 1.00000000E+000" B=" 0.00000000E+000" E=" 0.00000000E+000"/>
<auxiliary keyword="TCHEB">
<data> 3.00000000E+002</data>
<data> 2.10000000E+003</data>
</auxiliary>
<auxiliary keyword="PCHEB">
<data> 9.86923267E-003</data>
<data> 9.86923267E+001</data>
</auxiliary>
<auxiliary keyword="CHEB">
<data>     4</data>
<data>     4</data>
</auxiliary>
<auxiliary keyword="CHEB">
<data>-1.83330000E+001</data>
<data>-1.82020000E+000</data>
<data>-5.75280000E-002</data>
<data> 4.40210000E-003</data>
</auxiliary>
<auxiliary keyword="CHEB">
<data> 2.31060000E+001</data>
<data> 2.64210000E-001</data>
<data>-9.21110000E-002</data>
<data> 1.09140000E-002</data>
</auxiliary>
<auxiliary keyword="CHEB">
<data> 8.70750000E-001</data>
<data> 2.88130000E-001</data>
<data>-8.16720000E-002</data>
<data> 3.19070000E-004</data>
</auxiliary>
<auxiliary keyword="CHEB">
<data>-3.09800000E-001</data>
<data> 2.28130000E-001</data>
<data>-5.02390000E-002</data>
<data>-8.34240000E-003</data>
</auxiliary>
</reaction>
<reaction formula="sSPC(56)+sC4H8O(+M)=C4H6-13+sSPC(332)(+M)">
<rate A=" 1.00000000E+000" B=" 0.00000000E+000" E=" 0.00000000E+000"/>
<auxiliary keyword="TCHEB">
<data> 3.00000000E+002</data>
<data> 2.10000000E+003</data>
</auxiliary>
<auxiliary keyword="PCHEB">
<data> 9.86923267E-003</data>
<data> 9.86923267E+001</data>
</auxiliary>
<auxiliary keyword="CHEB">
<data>     4</data>
<data>     4</data>
</auxiliary>
<auxiliary keyword="CHEB">
<data>-1.66970000E+001</data>
<data>-1.82470000E+000</data>
<data>-5.84620000E-002</data>
<data> 5.40810000E-003</data>
</auxiliary>
<auxiliary keyword="CHEB">
<data> 2.10970000E+001</data>
<data> 2.60530000E-001</data>
<data>-9.42240000E-002</data>
<data> 1.25080000E-002</data>
</auxiliary>
<auxiliary keyword="CHEB">
<data> 9.70150000E-001</data>
<data> 2.75270000E-001</data>
<data>-8.09220000E-002</data>
<data> 1.26970000E-003</data>
</auxiliary>
<auxiliary keyword="CHEB">
<data>-1.01150000E-001</data>
<data> 2.12010000E-001</data>
<data>-4.79240000E-002</data>
<data>-7.94090000E-003</data>
</auxiliary>
</reaction>
<reaction formula="CH3C[OH]CHcH2(+M)=C4H6O(717)+H(+M)">
<rate A=" 1.00000000E+000" B=" 0.00000000E+000" E=" 0.00000000E+000"/>
<auxiliary keyword="TCHEB">
<data> 3.00000000E+002</data>
<data> 2.10000000E+003</data>
</auxiliary>
<auxiliary keyword="PCHEB">
<data> 9.86923267E-003</data>
<data> 9.86923267E+001</data>
</auxiliary>
<auxiliary keyword="CHEB">
<data>     4</data>
<data>     4</data>
</auxiliary>
<auxiliary keyword="CHEB">
<data>-1.20030000E+000</data>
<data>-1.66660000E-001</data>
<data> 2.52860000E-002</data>
<data> 4.05800000E-002</data>
</auxiliary>
<auxiliary keyword="CHEB">
<data> 9.94910000E+000</data>
<data> 1.29840000E+000</data>
<data>-2.73130000E-001</data>
<data>-4.20530000E-002</data>
</auxiliary>
<auxiliary keyword="CHEB">
<data>-6.72700000E-001</data>
<data> 5.36890000E-001</data>
<data> 5.32820000E-002</data>
<data>-4.08940000E-002</data>
</auxiliary>
<auxiliary keyword="CHEB">
<data>-2.92090000E-001</data>
<data> 7.37750000E-002</data>
<data> 7.21350000E-002</data>
<data> 8.60210000E-003</data>
</auxiliary>
</reaction>
<reaction formula="CH3C[OH]CHcH2(+M)=C4H7-24+O(+M)">
<rate A=" 1.00000000E+000" B=" 0.00000000E+000" E=" 0.00000000E+000"/>
<auxiliary keyword="TCHEB">
<data> 3.00000000E+002</data>
<data> 2.10000000E+003</data>
</auxiliary>
<auxiliary keyword="PCHEB">
<data> 9.86923267E-003</data>
<data> 9.86923267E+001</data>
</auxiliary>
<auxiliary keyword="CHEB">
<data>     4</data>
<data>     4</data>
</auxiliary>
<auxiliary keyword="CHEB">
<data>-3.13080000E+001</data>
<data> 6.66190000E-001</data>
<data>-3.00380000E-001</data>
<data>-6.49530000E-003</data>
</auxiliary>
<auxiliary keyword="CHEB">
<data> 3.14910000E+001</data>
<data> 8.58970000E-001</data>
<data> 3.94090000E-002</data>
<data>-4.18350000E-002</data>
</auxiliary>
<auxiliary keyword="CHEB">
<data>-1.32220000E-001</data>
<data> 1.82910000E-001</data>
<data> 4.30570000E-002</data>
<data>-2.87300000E-002</data>
</auxiliary>
<auxiliary keyword="CHEB">
<data>-3.48060000E-002</data>
<data>-3.57000000E-002</data>
<data> 2.60450000E-002</data>
<data> 5.76200000E-003</data>
</auxiliary>
</reaction>
<reaction formula="CH3C[O]cHCH3(+M)=C4H7-24+O(+M)">
<rate A=" 1.00000000E+000" B=" 0.00000000E+000" E=" 0.00000000E+000"/>
<auxiliary keyword="TCHEB">
<data> 3.00000000E+002</data>
<data> 2.10000000E+003</data>
</auxiliary>
<auxiliary keyword="PCHEB">
<data> 9.86923267E-003</data>
<data> 9.86923267E+001</data>
</auxiliary>
<auxiliary keyword="CHEB">
<data>     4</data>
<data>     4</data>
</auxiliary>
<auxiliary keyword="CHEB">
<data>-3.33320000E+001</data>
<data> 6.13240000E-001</data>
<data>-3.23930000E-001</data>
<data>-1.14320000E-002</data>
</auxiliary>
<auxiliary keyword="CHEB">
<data> 3.17570000E+001</data>
<data> 8.93860000E-001</data>
<data> 5.10730000E-002</data>
<data>-4.19850000E-002</data>
</auxiliary>
<auxiliary keyword="CHEB">
<data>-1.08890000E-002</data>
<data> 1.88810000E-001</data>
<data> 4.86490000E-002</data>
<data>-2.54760000E-002</data>
</auxiliary>
<auxiliary keyword="CHEB">
<data>-1.93910000E-002</data>
<data>-4.70830000E-002</data>
<data> 2.23510000E-002</data>
<data> 6.40040000E-003</data>
</auxiliary>
</reaction>
<reaction formula="C4H6O(717)+H(+M)=C4H7-24+O(+M)">
<rate A=" 1.00000000E+000" B=" 0.00000000E+000" E=" 0.00000000E+000"/>
<auxiliary keyword="TCHEB">
<data> 3.00000000E+002</data>
<data> 2.10000000E+003</data>
</auxiliary>
<auxiliary keyword="PCHEB">
<data> 9.86923267E-003</data>
<data> 9.86923267E+001</data>
</auxiliary>
<auxiliary keyword="CHEB">
<data>     4</data>
<data>     4</data>
</auxiliary>
<auxiliary keyword="CHEB">
<data>-1.65190000E+001</data>
<data>-1.31720000E+000</data>
<data>-3.00250000E-001</data>
<data>-7.77670000E-003</data>
</auxiliary>
<auxiliary keyword="CHEB">
<data> 2.26440000E+001</data>
<data> 8.97070000E-001</data>
<data> 5.26500000E-002</data>
<data>-4.37280000E-002</data>
</auxiliary>
<auxiliary keyword="CHEB">
<data> 5.74480000E-002</data>
<data> 1.84970000E-001</data>
<data> 5.11610000E-002</data>
<data>-2.60830000E-002</data>
</auxiliary>
<auxiliary keyword="CHEB">
<data>-9.12650000E-002</data>
<data>-4.02710000E-002</data>
<data> 2.74050000E-002</data>
<data> 9.01280000E-003</data>
</auxiliary>
</reaction>
<reaction formula="C4H6-13+CH3C[OH]CHcH2(+M)=C4H6O(717)+C4H7-24(+M)">
<rate A=" 1.00000000E+000" B=" 0.00000000E+000" E=" 0.00000000E+000"/>
<auxiliary keyword="TCHEB">
<data> 3.00000000E+002</data>
<data> 2.10000000E+003</data>
</auxiliary>
<auxiliary keyword="PCHEB">
<data> 9.86923267E-003</data>
<data> 9.86923267E+001</data>
</auxiliary>
<auxiliary keyword="CHEB">
<data>     4</data>
<data>     4</data>
</auxiliary>
<auxiliary keyword="CHEB">
<data>-9.62430000E+000</data>
<data>-1.61660000E-005</data>
<data>-1.18480000E-005</data>
<data>-5.89830000E-006</data>
</auxiliary>
<auxiliary keyword="CHEB">
<data> 1.57750000E+001</data>
<data>-1.14830000E-006</data>
<data>-8.41570000E-007</data>
<data>-4.18960000E-007</data>
</auxiliary>
<auxiliary keyword="CHEB">
<data> 2.29290000E-001</data>
<data> 3.82060000E-006</data>
<data> 2.80000000E-006</data>
<data> 1.39400000E-006</data>
</auxiliary>
<auxiliary keyword="CHEB">
<data> 8.81370000E-002</data>
<data> 4.45100000E-006</data>
<data> 3.26210000E-006</data>
<data> 1.62400000E-006</data>
</auxiliary>
</reaction>
<reaction formula="sC4H8O+CH3C[OH]CHcH2(+M)=C4H6O(717)+CH3CH[OH]CH2CH2(+M)">
<rate A=" 1.00000000E+000" B=" 0.00000000E+000" E=" 0.00000000E+000"/>
<auxiliary keyword="TCHEB">
<data> 3.00000000E+002</data>
<data> 2.10000000E+003</data>
</auxiliary>
<auxiliary keyword="PCHEB">
<data> 9.86923267E-003</data>
<data> 9.86923267E+001</data>
</auxiliary>
<auxiliary keyword="CHEB">
<data>     4</data>
<data>     4</data>
</auxiliary>
<auxiliary keyword="CHEB">
<data>-1.00460000E+001</data>
<data>-3.94310000E-003</data>
<data>-2.87990000E-003</data>
<data>-1.42790000E-003</data>
</auxiliary>
<auxiliary keyword="CHEB">
<data> 1.59020000E+001</data>
<data> 4.14960000E-003</data>
<data> 3.02600000E-003</data>
<data> 1.49770000E-003</data>
</auxiliary>
<auxiliary keyword="CHEB">
<data> 2.26650000E-001</data>
<data>-1.20480000E-003</data>
<data>-8.74730000E-004</data>
<data>-4.30680000E-004</data>
</auxiliary>
<auxiliary keyword="CHEB">
<data> 8.10930000E-002</data>
<data> 9.89680000E-004</data>
<data> 7.21200000E-004</data>
<data> 3.56650000E-004</data>
</auxiliary>
</reaction>
<reaction formula="sC4H8O+CH3C[OH]CHcH2(+M)=C4H6O(717)+CH3CH[OH]CHCH3(+M)">
<rate A=" 1.00000000E+000" B=" 0.00000000E+000" E=" 0.00000000E+000"/>
<auxiliary keyword="TCHEB">
<data> 3.00000000E+002</data>
<data> 2.10000000E+003</data>
</auxiliary>
<auxiliary keyword="PCHEB">
<data> 9.86923267E-003</data>
<data> 9.86923267E+001</data>
</auxiliary>
<auxiliary keyword="CHEB">
<data>     4</data>
<data>     4</data>
</auxiliary>
<auxiliary keyword="CHEB">
<data>-9.46480000E+000</data>
<data>-1.99500000E-003</data>
<data>-1.45940000E-003</data>
<data>-7.24960000E-004</data>
</auxiliary>
<auxiliary keyword="CHEB">
<data> 1.55860000E+001</data>
<data> 2.37670000E-003</data>
<data> 1.73750000E-003</data>
<data> 8.62500000E-004</data>
</auxiliary>
<auxiliary keyword="CHEB">
<data> 2.70720000E-001</data>
<data>-7.09450000E-004</data>
<data>-5.17570000E-004</data>
<data>-2.56290000E-004</data>
</auxiliary>
<auxiliary keyword="CHEB">
<data> 1.01730000E-001</data>
<data> 3.15990000E-004</data>
<data> 2.30630000E-004</data>
<data> 1.14260000E-004</data>
</auxiliary>
</reaction>
<reaction formula="sC4H8O+CH3C[OH]CHcH2(+M)=MEKenol+CH3C[OH]CHcH2(+M)">
<rate A=" 1.00000000E+000" B=" 0.00000000E+000" E=" 0.00000000E+000"/>
<auxiliary keyword="TCHEB">
<data> 3.00000000E+002</data>
<data> 2.10000000E+003</data>
</auxiliary>
<auxiliary keyword="PCHEB">
<data> 9.86923267E-003</data>
<data> 9.86923267E+001</data>
</auxiliary>
<auxiliary keyword="CHEB">
<data>     4</data>
<data>     4</data>
</auxiliary>
<auxiliary keyword="CHEB">
<data>-2.08150000E+001</data>
<data>-1.20050000E-003</data>
<data>-8.78740000E-004</data>
<data>-4.36820000E-004</data>
</auxiliary>
<auxiliary keyword="CHEB">
<data> 1.97690000E+001</data>
<data> 1.53240000E-003</data>
<data> 1.12120000E-003</data>
<data> 5.57070000E-004</data>
</auxiliary>
<auxiliary keyword="CHEB">
<data> 1.15500000E+000</data>
<data>-5.86760000E-004</data>
<data>-4.28860000E-004</data>
<data>-2.12830000E-004</data>
</auxiliary>
<auxiliary keyword="CHEB">
<data> 2.48670000E-001</data>
<data> 2.32360000E-004</data>
<data> 1.69800000E-004</data>
<data> 8.42510000E-005</data>
</auxiliary>
</reaction>
<reaction formula="C4H6O(717)+CH3CH[OH]CHCH3(+M)=MEKenol+CH3C[OH]CHcH2(+M)">
<rate A=" 1.00000000E+000" B=" 0.00000000E+000" E=" 0.00000000E+000"/>
<auxiliary keyword="TCHEB">
<data> 3.00000000E+002</data>
<data> 2.10000000E+003</data>
</auxiliary>
<auxiliary keyword="PCHEB">
<data> 9.86923267E-003</data>
<data> 9.86923267E+001</data>
</auxiliary>
<auxiliary keyword="CHEB">
<data>     4</data>
<data>     4</data>
</auxiliary>
<auxiliary keyword="CHEB">
<data>-7.96090000E+000</data>
<data>-3.58360000E-003</data>
<data>-2.61660000E-003</data>
<data>-1.29700000E-003</data>
</auxiliary>
<auxiliary keyword="CHEB">
<data> 1.43810000E+001</data>
<data> 4.57590000E-003</data>
<data> 3.33760000E-003</data>
<data> 1.65230000E-003</data>
</auxiliary>
<auxiliary keyword="CHEB">
<data> 2.00780000E-001</data>
<data>-1.49750000E-003</data>
<data>-1.08840000E-003</data>
<data>-5.36540000E-004</data>
</auxiliary>
<auxiliary keyword="CHEB">
<data> 5.80870000E-002</data>
<data> 5.35710000E-004</data>
<data> 3.89040000E-004</data>
<data> 1.91600000E-004</data>
</auxiliary>
</reaction>
<reaction formula="C4H6O(717)+OH(+M)=CH3C[OH]CHcH2+O(+M)">
<rate A=" 1.00000000E+000" B=" 0.00000000E+000" E=" 0.00000000E+000"/>
<auxiliary keyword="TCHEB">
<data> 3.00000000E+002</data>
<data> 2.10000000E+003</data>
</auxiliary>
<auxiliary keyword="PCHEB">
<data> 9.86923267E-003</data>
<data> 9.86923267E+001</data>
</auxiliary>
<auxiliary keyword="CHEB">
<data>     4</data>
<data>     4</data>
</auxiliary>
<auxiliary keyword="CHEB">
<data>-1.61240000E+001</data>
<data>-1.47690000E-004</data>
<data>-1.08230000E-004</data>
<data>-5.38790000E-005</data>
</auxiliary>
<auxiliary keyword="CHEB">
<data> 2.20380000E+001</data>
<data> 8.20720000E-005</data>
<data> 6.01410000E-005</data>
<data> 2.99350000E-005</data>
</auxiliary>
<auxiliary keyword="CHEB">
<data> 1.21300000E-001</data>
<data>-4.11810000E-005</data>
<data>-3.01750000E-005</data>
<data>-1.50190000E-005</data>
</auxiliary>
<auxiliary keyword="CHEB">
<data> 5.04750000E-002</data>
<data> 1.33500000E-005</data>
<data> 9.78220000E-006</data>
<data> 4.86880000E-006</data>
</auxiliary>
</reaction>
<reaction formula="C4H6O(717)+H2O(+M)=H+sSPC(1151)(+M)">
<rate A=" 1.00000000E+000" B=" 0.00000000E+000" E=" 0.00000000E+000"/>
<auxiliary keyword="TCHEB">
<data> 3.00000000E+002</data>
<data> 2.10000000E+003</data>
</auxiliary>
<auxiliary keyword="PCHEB">
<data> 9.86923267E-003</data>
<data> 9.86923267E+001</data>
</auxiliary>
<auxiliary keyword="CHEB">
<data>     4</data>
<data>     4</data>
</auxiliary>
<auxiliary keyword="CHEB">
<data>-3.11950000E+001</data>
<data>-1.59120000E+000</data>
<data>-9.49100000E-002</data>
<data> 1.45970000E-003</data>
</auxiliary>
<auxiliary keyword="CHEB">
<data> 3.27840000E+001</data>
<data> 6.55770000E-001</data>
<data>-1.52290000E-001</data>
<data>-5.03870000E-003</data>
</auxiliary>
<auxiliary keyword="CHEB">
<data> 4.85080000E-001</data>
<data> 4.25990000E-001</data>
<data>-3.24760000E-002</data>
<data>-3.07770000E-002</data>
</auxiliary>
<auxiliary keyword="CHEB">
<data> 3.95710000E-002</data>
<data> 1.74870000E-001</data>
<data> 3.80540000E-002</data>
<data>-2.82210000E-002</data>
</auxiliary>
</reaction>
<reaction formula="C4H6O(717)+H2O(+M)=CH3C[O]cHCH3+OH(+M)">
<rate A=" 1.00000000E+000" B=" 0.00000000E+000" E=" 0.00000000E+000"/>
<auxiliary keyword="TCHEB">
<data> 3.00000000E+002</data>
<data> 2.10000000E+003</data>
</auxiliary>
<auxiliary keyword="PCHEB">
<data> 9.86923267E-003</data>
<data> 9.86923267E+001</data>
</auxiliary>
<auxiliary keyword="CHEB">
<data>     4</data>
<data>     4</data>
</auxiliary>
<auxiliary keyword="CHEB">
<data>-2.47450000E+001</data>
<data>-1.55390000E+000</data>
<data>-8.42220000E-002</data>
<data> 3.10630000E-004</data>
</auxiliary>
<auxiliary keyword="CHEB">
<data> 2.91810000E+001</data>
<data> 7.33770000E-001</data>
<data>-1.40910000E-001</data>
<data>-6.29520000E-003</data>
</auxiliary>
<auxiliary keyword="CHEB">
<data> 4.40360000E-001</data>
<data> 4.52040000E-001</data>
<data>-1.45290000E-002</data>
<data>-2.66790000E-002</data>
</auxiliary>
<auxiliary keyword="CHEB">
<data>-7.10230000E-002</data>
<data> 1.58240000E-001</data>
<data> 5.38640000E-002</data>
<data>-2.14870000E-002</data>
</auxiliary>
</reaction>
<reaction formula="C4H6O(717)+sC4H8O(+M)=sSPC(1151)+C4H7-24(+M)">
<rate A=" 1.00000000E+000" B=" 0.00000000E+000" E=" 0.00000000E+000"/>
<auxiliary keyword="TCHEB">
<data> 3.00000000E+002</data>
<data> 2.10000000E+003</data>
</auxiliary>
<auxiliary keyword="PCHEB">
<data> 9.86923267E-003</data>
<data> 9.86923267E+001</data>
</auxiliary>
<auxiliary keyword="CHEB">
<data>     4</data>
<data>     4</data>
</auxiliary>
<auxiliary keyword="CHEB">
<data>-1.84260000E+001</data>
<data>-1.59810000E+000</data>
<data>-4.90000000E-002</data>
<data>-3.00900000E-003</data>
</auxiliary>
<auxiliary keyword="CHEB">
<data> 2.43450000E+001</data>
<data> 6.60120000E-001</data>
<data>-9.53820000E-002</data>
<data>-3.80640000E-003</data>
</auxiliary>
<auxiliary keyword="CHEB">
<data> 6.84880000E-001</data>
<data> 5.16800000E-001</data>
<data>-2.70580000E-002</data>
<data>-1.11540000E-002</data>
</auxiliary>
<auxiliary keyword="CHEB">
<data>-5.39630000E-001</data>
<data> 2.68950000E-001</data>
<data> 2.79770000E-002</data>
<data>-1.14480000E-002</data>
</auxiliary>
</reaction>
<reaction formula="C4H6O(717)+CH3C[OH]CHcH2(+M)=C4H6O(717)+CH3C[O]cHCH3(+M)">
<rate A=" 1.00000000E+000" B=" 0.00000000E+000" E=" 0.00000000E+000"/>
<auxiliary keyword="TCHEB">
<data> 3.00000000E+002</data>
<data> 2.10000000E+003</data>
</auxiliary>
<auxiliary keyword="PCHEB">
<data> 9.86923267E-003</data>
<data> 9.86923267E+001</data>
</auxiliary>
<auxiliary keyword="CHEB">
<data>     4</data>
<data>     4</data>
</auxiliary>
<auxiliary keyword="CHEB">
<data>-9.45470000E+000</data>
<data>-5.35780000E-004</data>
<data>-3.92460000E-004</data>
<data>-1.95260000E-004</data>
</auxiliary>
<auxiliary keyword="CHEB">
<data> 1.55200000E+001</data>
<data> 7.20250000E-004</data>
<data> 5.27530000E-004</data>
<data> 2.62430000E-004</data>
</auxiliary>
<auxiliary keyword="CHEB">
<data> 2.54350000E-001</data>
<data>-2.50040000E-004</data>
<data>-1.83070000E-004</data>
<data>-9.10280000E-005</data>
</auxiliary>
<auxiliary keyword="CHEB">
<data> 9.21850000E-002</data>
<data> 4.01960000E-005</data>
<data> 2.93970000E-005</data>
<data> 1.45990000E-005</data>
</auxiliary>
</reaction>
<reaction formula="CH3C[OH]CHcH2+H(+M)=CH3C[O]cHCH3+H(+M)">
<rate A=" 1.00000000E+000" B=" 0.00000000E+000" E=" 0.00000000E+000"/>
<auxiliary keyword="TCHEB">
<data> 3.00000000E+002</data>
<data> 2.10000000E+003</data>
</auxiliary>
<auxiliary keyword="PCHEB">
<data> 9.86923267E-003</data>
<data> 9.86923267E+001</data>
</auxiliary>
<auxiliary keyword="CHEB">
<data>     4</data>
<data>     4</data>
</auxiliary>
<auxiliary keyword="CHEB">
<data> 7.24080000E+000</data>
<data>-1.57470000E+000</data>
<data>-3.39200000E-002</data>
<data>-4.92030000E-004</data>
</auxiliary>
<auxiliary keyword="CHEB">
<data> 4.32470000E+000</data>
<data> 7.02000000E-001</data>
<data>-6.57600000E-002</data>
<data>-1.33460000E-003</data>
</auxiliary>
<auxiliary keyword="CHEB">
<data> 2.96190000E-001</data>
<data> 5.26470000E-001</data>
<data>-7.20260000E-003</data>
<data>-5.39640000E-003</data>
</auxiliary>
<auxiliary keyword="CHEB">
<data>-2.79570000E-001</data>
<data> 2.57290000E-001</data>
<data> 3.14140000E-002</data>
<data>-4.69330000E-003</data>
</auxiliary>
</reaction>
<reaction formula="C4H6-13+MEKenol(+M)=CH3C[O]cHCH3+C4H7-24(+M)">
<rate A=" 1.00000000E+000" B=" 0.00000000E+000" E=" 0.00000000E+000"/>
<auxiliary keyword="TCHEB">
<data> 3.00000000E+002</data>
<data> 2.10000000E+003</data>
</auxiliary>
<auxiliary keyword="PCHEB">
<data> 9.86923267E-003</data>
<data> 9.86923267E+001</data>
</auxiliary>
<auxiliary keyword="CHEB">
<data>     4</data>
<data>     4</data>
</auxiliary>
<auxiliary keyword="CHEB">
<data>-1.29330000E+001</data>
<data>-1.38870000E+000</data>
<data>-3.79330000E-002</data>
<data>-1.91570000E-003</data>
</auxiliary>
<auxiliary keyword="CHEB">
<data> 1.93280000E+001</data>
<data> 1.06450000E+000</data>
<data>-6.36460000E-002</data>
<data>-9.71770000E-003</data>
</auxiliary>
<auxiliary keyword="CHEB">
<data> 5.09550000E-001</data>
<data> 4.85130000E-001</data>
<data> 3.29440000E-002</data>
<data>-5.86080000E-003</data>
</auxiliary>
<auxiliary keyword="CHEB">
<data>-3.19500000E-001</data>
<data>-4.76150000E-003</data>
<data> 6.53250000E-002</data>
<data> 4.23500000E-003</data>
</auxiliary>
</reaction>
<reaction formula="sC4H8O+MEKenol(+M)=CH3CH[OH]CH2CH2+CH3C[O]cHCH3(+M)">
<rate A=" 1.00000000E+000" B=" 0.00000000E+000" E=" 0.00000000E+000"/>
<auxiliary keyword="TCHEB">
<data> 3.00000000E+002</data>
<data> 2.10000000E+003</data>
</auxiliary>
<auxiliary keyword="PCHEB">
<data> 9.86923267E-003</data>
<data> 9.86923267E+001</data>
</auxiliary>
<auxiliary keyword="CHEB">
<data>     4</data>
<data>     4</data>
</auxiliary>
<auxiliary keyword="CHEB">
<data>-1.76060000E+001</data>
<data>-1.61960000E+000</data>
<data>-5.37620000E-002</data>
<data>-3.24520000E-003</data>
</auxiliary>
<auxiliary keyword="CHEB">
<data> 2.36270000E+001</data>
<data> 6.19170000E-001</data>
<data>-1.03090000E-001</data>
<data>-3.37660000E-003</data>
</auxiliary>
<auxiliary keyword="CHEB">
<data> 4.85060000E-001</data>
<data> 5.03490000E-001</data>
<data>-3.68100000E-002</data>
<data>-1.28410000E-002</data>
</auxiliary>
<auxiliary keyword="CHEB">
<data>-2.49600000E-001</data>
<data> 2.78240000E-001</data>
<data> 2.07770000E-002</data>
<data>-1.43080000E-002</data>
</auxiliary>
</reaction>
<reaction formula="sC4H8O+MEKenol(+M)=2MEKenol(+M)">
<rate A=" 1.00000000E+000" B=" 0.00000000E+000" E=" 0.00000000E+000"/>
<auxiliary keyword="TCHEB">
<data> 3.00000000E+002</data>
<data> 2.10000000E+003</data>
</auxiliary>
<auxiliary keyword="PCHEB">
<data> 9.86923267E-003</data>
<data> 9.86923267E+001</data>
</auxiliary>
<auxiliary keyword="CHEB">
<data>     4</data>
<data>     4</data>
</auxiliary>
<auxiliary keyword="CHEB">
<data>-1.61780000E+001</data>
<data>-1.60420000E+000</data>
<data>-4.63170000E-002</data>
<data>-2.78450000E-003</data>
</auxiliary>
<auxiliary keyword="CHEB">
<data> 2.05660000E+001</data>
<data> 6.44830000E-001</data>
<data>-9.05990000E-002</data>
<data>-3.35390000E-003</data>
</auxiliary>
<auxiliary keyword="CHEB">
<data> 6.93460000E-001</data>
<data> 5.24800000E-001</data>
<data>-2.74460000E-002</data>
<data>-1.04690000E-002</data>
</auxiliary>
<auxiliary keyword="CHEB">
<data>-3.76040000E-001</data>
<data> 2.89550000E-001</data>
<data> 2.51350000E-002</data>
<data>-1.09970000E-002</data>
</auxiliary>
</reaction>
<reaction formula="sC4H8O+MEKenol(+M)=CH3C[O]cHCH3+CH3CH[OH]CHCH3(+M)">
<rate A=" 1.00000000E+000" B=" 0.00000000E+000" E=" 0.00000000E+000"/>
<auxiliary keyword="TCHEB">
<data> 3.00000000E+002</data>
<data> 2.10000000E+003</data>
</auxiliary>
<auxiliary keyword="PCHEB">
<data> 9.86923267E-003</data>
<data> 9.86923267E+001</data>
</auxiliary>
<auxiliary keyword="CHEB">
<data>     4</data>
<data>     4</data>
</auxiliary>
<auxiliary keyword="CHEB">
<data>-1.63420000E+001</data>
<data>-1.56440000E+000</data>
<data>-4.75360000E-002</data>
<data>-3.14490000E-003</data>
</auxiliary>
<auxiliary keyword="CHEB">
<data> 2.26260000E+001</data>
<data> 7.24800000E-001</data>
<data>-9.48480000E-002</data>
<data>-4.72840000E-003</data>
</auxiliary>
<auxiliary keyword="CHEB">
<data> 7.33940000E-001</data>
<data> 5.37090000E-001</data>
<data>-1.66040000E-002</data>
<data>-1.12730000E-002</data>
</auxiliary>
<auxiliary keyword="CHEB">
<data>-3.58840000E-001</data>
<data> 2.52910000E-001</data>
<data> 4.08980000E-002</data>
<data>-1.04300000E-002</data>
</auxiliary>
</reaction>
<reaction formula="2MEKenol(+M)=CH3C[O]cHCH3+CH3CH[OH]CHCH3(+M)">
<rate A=" 1.00000000E+000" B=" 0.00000000E+000" E=" 0.00000000E+000"/>
<auxiliary keyword="TCHEB">
<data> 3.00000000E+002</data>
<data> 2.10000000E+003</data>
</auxiliary>
<auxiliary keyword="PCHEB">
<data> 9.86923267E-003</data>
<data> 9.86923267E+001</data>
</auxiliary>
<auxiliary keyword="CHEB">
<data>     4</data>
<data>     4</data>
</auxiliary>
<auxiliary keyword="CHEB">
<data>-1.75830000E+001</data>
<data>-1.58580000E+000</data>
<data>-4.70580000E-002</data>
<data>-2.94450000E-003</data>
</auxiliary>
<auxiliary keyword="CHEB">
<data> 2.40720000E+001</data>
<data> 6.81810000E-001</data>
<data>-9.30040000E-002</data>
<data>-3.92640000E-003</data>
</auxiliary>
<auxiliary keyword="CHEB">
<data> 7.20720000E-001</data>
<data> 5.31400000E-001</data>
<data>-2.26310000E-002</data>
<data>-1.09380000E-002</data>
</auxiliary>
<auxiliary keyword="CHEB">
<data>-3.50870000E-001</data>
<data> 2.73650000E-001</data>
<data> 3.25570000E-002</data>
<data>-1.09190000E-002</data>
</auxiliary>
</reaction>
<reaction formula="C4H6O(717)+MEKenol(+M)=2CH3C[O]cHCH3(+M)">
<rate A=" 1.00000000E+000" B=" 0.00000000E+000" E=" 0.00000000E+000"/>
<auxiliary keyword="TCHEB">
<data> 3.00000000E+002</data>
<data> 2.10000000E+003</data>
</auxiliary>
<auxiliary keyword="PCHEB">
<data> 9.86923267E-003</data>
<data> 9.86923267E+001</data>
</auxiliary>
<auxiliary keyword="CHEB">
<data>     4</data>
<data>     4</data>
</auxiliary>
<auxiliary keyword="CHEB">
<data>-1.68040000E+001</data>
<data>-1.53620000E+000</data>
<data>-4.41220000E-002</data>
<data>-3.21490000E-003</data>
</auxiliary>
<auxiliary keyword="CHEB">
<data> 2.33700000E+001</data>
<data> 7.81710000E-001</data>
<data>-8.87030000E-002</data>
<data>-5.72040000E-003</data>
</auxiliary>
<auxiliary keyword="CHEB">
<data> 5.31910000E-001</data>
<data> 5.44220000E-001</data>
<data>-7.71810000E-003</data>
<data>-9.90170000E-003</data>
</auxiliary>
<auxiliary keyword="CHEB">
<data>-5.53910000E-001</data>
<data> 2.24670000E-001</data>
<data> 4.71580000E-002</data>
<data>-7.62620000E-003</data>
</auxiliary>
</reaction>
<reaction formula="CH3C[O]cHCH3+OH(+M)=MEKenol+O(+M)">
<rate A=" 1.00000000E+000" B=" 0.00000000E+000" E=" 0.00000000E+000"/>
<auxiliary keyword="TCHEB">
<data> 3.00000000E+002</data>
<data> 2.10000000E+003</data>
</auxiliary>
<auxiliary keyword="PCHEB">
<data> 9.86923267E-003</data>
<data> 9.86923267E+001</data>
</auxiliary>
<auxiliary keyword="CHEB">
<data>     4</data>
<data>     4</data>
</auxiliary>
<auxiliary keyword="CHEB">
<data> 4.34000000E+000</data>
<data>-2.20280000E-003</data>
<data>-1.61120000E-003</data>
<data>-8.00250000E-004</data>
</auxiliary>
<auxiliary keyword="CHEB">
<data> 5.91740000E+000</data>
<data> 2.47190000E-003</data>
<data> 1.80670000E-003</data>
<data> 8.96530000E-004</data>
</auxiliary>
<auxiliary keyword="CHEB">
<data> 1.32850000E-001</data>
<data>-7.27410000E-004</data>
<data>-5.30530000E-004</data>
<data>-2.62620000E-004</data>
</auxiliary>
<auxiliary keyword="CHEB">
<data> 5.69920000E-002</data>
<data> 2.73070000E-004</data>
<data> 1.99190000E-004</data>
<data> 9.86170000E-005</data>
</auxiliary>
</reaction>
<reaction formula="sSPC(752)(+M)=O2+CH3C[O]cHCH3(+M)">
<rate A=" 1.00000000E+000" B=" 0.00000000E+000" E=" 0.00000000E+000"/>
<auxiliary keyword="TCHEB">
<data> 3.00000000E+002</data>
<data> 2.10000000E+003</data>
</auxiliary>
<auxiliary keyword="PCHEB">
<data> 9.86923267E-003</data>
<data> 9.86923267E+001</data>
</auxiliary>
<auxiliary keyword="CHEB">
<data>     4</data>
<data>     4</data>
</auxiliary>
<auxiliary keyword="CHEB">
<data> 1.41230000E+000</data>
<data> 7.57390000E-001</data>
<data>-7.19090000E-002</data>
<data> 3.67340000E-003</data>
</auxiliary>
<auxiliary keyword="CHEB">
<data> 8.08850000E+000</data>
<data> 1.04250000E+000</data>
<data>-2.26730000E-002</data>
<data>-1.56890000E-002</data>
</auxiliary>
<auxiliary keyword="CHEB">
<data>-8.75320000E-001</data>
<data> 2.82890000E-001</data>
<data> 6.19000000E-002</data>
<data>-2.86580000E-003</data>
</auxiliary>
<auxiliary keyword="CHEB">
<data>-3.08440000E-001</data>
<data>-4.36060000E-002</data>
<data> 3.10380000E-002</data>
<data> 9.09390000E-003</data>
</auxiliary>
</reaction>
<reaction formula="sSPC(752)(+M)=C4H6O(717)+HO2(+M)">
<rate A=" 1.00000000E+000" B=" 0.00000000E+000" E=" 0.00000000E+000"/>
<auxiliary keyword="TCHEB">
<data> 3.00000000E+002</data>
<data> 2.10000000E+003</data>
</auxiliary>
<auxiliary keyword="PCHEB">
<data> 9.86923267E-003</data>
<data> 9.86923267E+001</data>
</auxiliary>
<auxiliary keyword="CHEB">
<data>     4</data>
<data>     4</data>
</auxiliary>
<auxiliary keyword="CHEB">
<data>-2.63860000E+000</data>
<data> 6.40380000E-001</data>
<data>-1.60670000E-001</data>
<data>-1.75360000E-002</data>
</auxiliary>
<auxiliary keyword="CHEB">
<data> 8.13200000E+000</data>
<data> 1.10570000E+000</data>
<data> 6.72040000E-002</data>
<data> 1.69820000E-002</data>
</auxiliary>
<auxiliary keyword="CHEB">
<data>-1.10990000E+000</data>
<data> 2.51890000E-001</data>
<data> 5.30550000E-002</data>
<data>-1.18720000E-002</data>
</auxiliary>
<auxiliary keyword="CHEB">
<data>-3.84370000E-001</data>
<data> 2.07120000E-003</data>
<data> 3.12470000E-002</data>
<data> 4.38080000E-003</data>
</auxiliary>
</reaction>
<reaction formula="O2+CH3C[O]cHCH3(+M)=C4H6O(717)+HO2(+M)">
<rate A=" 1.00000000E+000" B=" 0.00000000E+000" E=" 0.00000000E+000"/>
<auxiliary keyword="TCHEB">
<data> 3.00000000E+002</data>
<data> 2.10000000E+003</data>
</auxiliary>
<auxiliary keyword="PCHEB">
<data> 9.86923267E-003</data>
<data> 9.86923267E+001</data>
</auxiliary>
<auxiliary keyword="CHEB">
<data>     4</data>
<data>     4</data>
</auxiliary>
<auxiliary keyword="CHEB">
<data> 8.81000000E+000</data>
<data>-9.61920000E-001</data>
<data>-1.63110000E-001</data>
<data>-7.31560000E-003</data>
</auxiliary>
<auxiliary keyword="CHEB">
<data> 1.19320000E+000</data>
<data> 1.10470000E+000</data>
<data> 1.32600000E-001</data>
<data>-3.76220000E-003</data>
</auxiliary>
<auxiliary keyword="CHEB">
<data>-2.12360000E-001</data>
<data>-1.52050000E-002</data>
<data> 5.60650000E-002</data>
<data> 3.15940000E-003</data>
</auxiliary>
<auxiliary keyword="CHEB">
<data>-4.40800000E-002</data>
<data>-1.28240000E-001</data>
<data>-1.22680000E-002</data>
<data> 1.22050000E-002</data>
</auxiliary>
</reaction>
<reaction formula="CH3C[O]cHCH3+HO2(+M)=H+sSPC(752)(+M)">
<rate A=" 1.00000000E+000" B=" 0.00000000E+000" E=" 0.00000000E+000"/>
<auxiliary keyword="TCHEB">
<data> 3.00000000E+002</data>
<data> 2.10000000E+003</data>
</auxiliary>
<auxiliary keyword="PCHEB">
<data> 9.86923267E-003</data>
<data> 9.86923267E+001</data>
</auxiliary>
<auxiliary keyword="CHEB">
<data>     4</data>
<data>     4</data>
</auxiliary>
<auxiliary keyword="CHEB">
<data> 1.92210000E+000</data>
<data>-1.34160000E+000</data>
<data>-4.78540000E-002</data>
<data> 1.24530000E-003</data>
</auxiliary>
<auxiliary keyword="CHEB">
<data> 8.37730000E+000</data>
<data> 1.10070000E+000</data>
<data>-5.67800000E-002</data>
<data>-9.30190000E-003</data>
</auxiliary>
<auxiliary keyword="CHEB">
<data> 4.98850000E-001</data>
<data> 4.29470000E-001</data>
<data> 5.66530000E-002</data>
<data>-7.37490000E-003</data>
</auxiliary>
<auxiliary keyword="CHEB">
<data>-2.77680000E-001</data>
<data>-4.50320000E-002</data>
<data> 6.78190000E-002</data>
<data> 5.92540000E-003</data>
</auxiliary>
</reaction>
<reaction formula="CH3C[O]cHCH3+sSPC(116)(+M)=sSPC(752)+CH3CH[OH]CHCH3(+M)">
<rate A=" 1.00000000E+000" B=" 0.00000000E+000" E=" 0.00000000E+000"/>
<auxiliary keyword="TCHEB">
<data> 3.00000000E+002</data>
<data> 2.10000000E+003</data>
</auxiliary>
<auxiliary keyword="PCHEB">
<data> 9.86923267E-003</data>
<data> 9.86923267E+001</data>
</auxiliary>
<auxiliary keyword="CHEB">
<data>     4</data>
<data>     4</data>
</auxiliary>
<auxiliary keyword="CHEB">
<data> 5.36500000E+000</data>
<data>-1.52890000E+000</data>
<data>-4.38250000E-002</data>
<data>-3.22530000E-003</data>
</auxiliary>
<auxiliary keyword="CHEB">
<data> 8.90600000E+000</data>
<data> 7.95980000E-001</data>
<data>-8.93480000E-002</data>
<data>-5.77990000E-003</data>
</auxiliary>
<auxiliary keyword="CHEB">
<data> 5.18640000E-001</data>
<data> 5.51130000E-001</data>
<data>-5.31100000E-003</data>
<data>-9.95210000E-003</data>
</auxiliary>
<auxiliary keyword="CHEB">
<data>-5.57110000E-001</data>
<data> 2.23560000E-001</data>
<data> 5.11800000E-002</data>
<data>-7.58630000E-003</data>
</auxiliary>
</reaction>
<reaction formula="CH3C[O]cHCH3+sSPC(46)(+M)=sSPC(752)+C4H7-24(+M)">
<rate A=" 1.00000000E+000" B=" 0.00000000E+000" E=" 0.00000000E+000"/>
<auxiliary keyword="TCHEB">
<data> 3.00000000E+002</data>
<data> 2.10000000E+003</data>
</auxiliary>
<auxiliary keyword="PCHEB">
<data> 9.86923267E-003</data>
<data> 9.86923267E+001</data>
</auxiliary>
<auxiliary keyword="CHEB">
<data>     4</data>
<data>     4</data>
</auxiliary>
<auxiliary keyword="CHEB">
<data> 1.00900000E+001</data>
<data>-1.41420000E+000</data>
<data>-3.68460000E-002</data>
<data>-3.97970000E-003</data>
</auxiliary>
<auxiliary keyword="CHEB">
<data> 4.25880000E+000</data>
<data> 1.02730000E+000</data>
<data>-7.07250000E-002</data>
<data>-1.07650000E-002</data>
</auxiliary>
<auxiliary keyword="CHEB">
<data> 7.55970000E-001</data>
<data> 5.06410000E-001</data>
<data> 2.26200000E-002</data>
<data>-4.73920000E-003</data>
</auxiliary>
<auxiliary keyword="CHEB">
<data>-3.60890000E-001</data>
<data> 3.07560000E-002</data>
<data> 6.56810000E-002</data>
<data> 3.82450000E-003</data>
</auxiliary>
</reaction>
<reaction formula="CH3C[O]cHCH3+sSPC(56)(+M)=sSPC(752)+C4H7-24(+M)">
<rate A=" 1.00000000E+000" B=" 0.00000000E+000" E=" 0.00000000E+000"/>
<auxiliary keyword="TCHEB">
<data> 3.00000000E+002</data>
<data> 2.10000000E+003</data>
</auxiliary>
<auxiliary keyword="PCHEB">
<data> 9.86923267E-003</data>
<data> 9.86923267E+001</data>
</auxiliary>
<auxiliary keyword="CHEB">
<data>     4</data>
<data>     4</data>
</auxiliary>
<auxiliary keyword="CHEB">
<data> 1.01910000E+001</data>
<data>-1.39700000E+000</data>
<data>-4.70170000E-002</data>
<data>-2.37200000E-003</data>
</auxiliary>
<auxiliary keyword="CHEB">
<data> 4.42830000E+000</data>
<data> 1.03730000E+000</data>
<data>-7.86470000E-002</data>
<data>-1.16460000E-002</data>
</auxiliary>
<auxiliary keyword="CHEB">
<data> 5.03230000E-001</data>
<data> 4.74470000E-001</data>
<data> 3.61960000E-002</data>
<data>-8.38790000E-003</data>
</auxiliary>
<auxiliary keyword="CHEB">
<data>-4.69760000E-001</data>
<data> 9.32130000E-003</data>
<data> 7.55510000E-002</data>
<data> 3.60810000E-003</data>
</auxiliary>
</reaction>
<reaction formula="CH3CH[OH]CH2CH2+HO2(+M)=H+sSPC(332)(+M)">
<rate A=" 1.00000000E+000" B=" 0.00000000E+000" E=" 0.00000000E+000"/>
<auxiliary keyword="TCHEB">
<data> 3.00000000E+002</data>
<data> 2.10000000E+003</data>
</auxiliary>
<auxiliary keyword="PCHEB">
<data> 9.86923267E-003</data>
<data> 9.86923267E+001</data>
</auxiliary>
<auxiliary keyword="CHEB">
<data>     4</data>
<data>     4</data>
</auxiliary>
<auxiliary keyword="CHEB">
<data> 2.03680000E+000</data>
<data>-1.44260000E+000</data>
<data>-4.88200000E-002</data>
<data>-8.33710000E-004</data>
</auxiliary>
<auxiliary keyword="CHEB">
<data> 8.34710000E+000</data>
<data> 9.51880000E-001</data>
<data>-8.45030000E-002</data>
<data>-8.18210000E-003</data>
</auxiliary>
<auxiliary keyword="CHEB">
<data> 4.37550000E-001</data>
<data> 5.15710000E-001</data>
<data> 2.78470000E-002</data>
<data>-1.20160000E-002</data>
</auxiliary>
<auxiliary keyword="CHEB">
<data>-2.27070000E-001</data>
<data> 1.00650000E-001</data>
<data> 7.25200000E-002</data>
<data>-2.94230000E-003</data>
</auxiliary>
</reaction>
<reaction formula="CH3CH[OH]CH2CH2+HO2(+M)=H+sSPC(1013)(+M)">
<rate A=" 1.00000000E+000" B=" 0.00000000E+000" E=" 0.00000000E+000"/>
<auxiliary keyword="TCHEB">
<data> 3.00000000E+002</data>
<data> 2.10000000E+003</data>
</auxiliary>
<auxiliary keyword="PCHEB">
<data> 9.86923267E-003</data>
<data> 9.86923267E+001</data>
</auxiliary>
<auxiliary keyword="CHEB">
<data>     4</data>
<data>     4</data>
</auxiliary>
<auxiliary keyword="CHEB">
<data> 1.17850000E+000</data>
<data>-1.40550000E+000</data>
<data>-5.40120000E-002</data>
<data> 9.04440000E-004</data>
</auxiliary>
<auxiliary keyword="CHEB">
<data> 9.87220000E+000</data>
<data> 1.00400000E+000</data>
<data>-8.08590000E-002</data>
<data>-1.00570000E-002</data>
</auxiliary>
<auxiliary keyword="CHEB">
<data> 3.65210000E-001</data>
<data> 4.84920000E-001</data>
<data> 4.36800000E-002</data>
<data>-1.32660000E-002</data>
</auxiliary>
<auxiliary keyword="CHEB">
<data>-1.95100000E-001</data>
<data> 5.00580000E-002</data>
<data> 7.80780000E-002</data>
<data> 1.43770000E-004</data>
</auxiliary>
</reaction>
<reaction formula="H+sSPC(332)(+M)=H+sSPC(1013)(+M)">
<rate A=" 1.00000000E+000" B=" 0.00000000E+000" E=" 0.00000000E+000"/>
<auxiliary keyword="TCHEB">
<data> 3.00000000E+002</data>
<data> 2.10000000E+003</data>
</auxiliary>
<auxiliary keyword="PCHEB">
<data> 9.86923267E-003</data>
<data> 9.86923267E+001</data>
</auxiliary>
<auxiliary keyword="CHEB">
<data>     4</data>
<data>     4</data>
</auxiliary>
<auxiliary keyword="CHEB">
<data> 4.72350000E+000</data>
<data>-1.35350000E+000</data>
<data>-5.96220000E-002</data>
<data> 3.02370000E-003</data>
</auxiliary>
<auxiliary keyword="CHEB">
<data> 6.11110000E+000</data>
<data> 1.06930000E+000</data>
<data>-7.00450000E-002</data>
<data>-1.26450000E-002</data>
</auxiliary>
<auxiliary keyword="CHEB">
<data> 5.36010000E-001</data>
<data> 4.35940000E-001</data>
<data> 6.32290000E-002</data>
<data>-1.31180000E-002</data>
</auxiliary>
<auxiliary keyword="CHEB">
<data>-1.27380000E-001</data>
<data>-1.74250000E-002</data>
<data> 7.84220000E-002</data>
<data> 5.59810000E-003</data>
</auxiliary>
</reaction>
<reaction formula="CH3CH[OH]CH2CH2+sSPC(116)(+M)=sSPC(332)+CH3CH[OH]CHCH3(+M)">
<rate A=" 1.00000000E+000" B=" 0.00000000E+000" E=" 0.00000000E+000"/>
<auxiliary keyword="TCHEB">
<data> 3.00000000E+002</data>
<data> 2.10000000E+003</data>
</auxiliary>
<auxiliary keyword="PCHEB">
<data> 9.86923267E-003</data>
<data> 9.86923267E+001</data>
</auxiliary>
<auxiliary keyword="CHEB">
<data>     4</data>
<data>     4</data>
</auxiliary>
<auxiliary keyword="CHEB">
<data> 5.21580000E+000</data>
<data>-1.56960000E+000</data>
<data>-4.68390000E-002</data>
<data>-3.15080000E-003</data>
</auxiliary>
<auxiliary keyword="CHEB">
<data> 8.88000000E+000</data>
<data> 7.12240000E-001</data>
<data>-9.43010000E-002</data>
<data>-4.48530000E-003</data>
</auxiliary>
<auxiliary keyword="CHEB">
<data> 2.18120000E-001</data>
<data> 5.44340000E-001</data>
<data>-1.79850000E-002</data>
<data>-1.13200000E-002</data>
</auxiliary>
<auxiliary keyword="CHEB">
<data>-4.68490000E-001</data>
<data> 2.70250000E-001</data>
<data> 3.98320000E-002</data>
<data>-1.08350000E-002</data>
</auxiliary>
</reaction>
<reaction formula="CH3CH[OH]CH2CH2+sSPC(46)(+M)=sSPC(332)+C4H7-24(+M)">
<rate A=" 1.00000000E+000" B=" 0.00000000E+000" E=" 0.00000000E+000"/>
<auxiliary keyword="TCHEB">
<data> 3.00000000E+002</data>
<data> 2.10000000E+003</data>
</auxiliary>
<auxiliary keyword="PCHEB">
<data> 9.86923267E-003</data>
<data> 9.86923267E+001</data>
</auxiliary>
<auxiliary keyword="CHEB">
<data>     4</data>
<data>     4</data>
</auxiliary>
<auxiliary keyword="CHEB">
<data> 9.36440000E+000</data>
<data>-1.40880000E+000</data>
<data>-4.70550000E-002</data>
<data>-2.20580000E-003</data>
</auxiliary>
<auxiliary keyword="CHEB">
<data> 4.95310000E+000</data>
<data> 1.01690000E+000</data>
<data>-8.09160000E-002</data>
<data>-1.10520000E-002</data>
</auxiliary>
<auxiliary keyword="CHEB">
<data>-3.54690000E-002</data>
<data> 4.86730000E-001</data>
<data> 3.39730000E-002</data>
<data>-8.87300000E-003</data>
</auxiliary>
<auxiliary keyword="CHEB">
<data>-3.98300000E-001</data>
<data> 3.25600000E-002</data>
<data> 7.63750000E-002</data>
<data> 2.50840000E-003</data>
</auxiliary>
</reaction>
<reaction formula="CH3CH[OH]CH2CH2+sSPC(56)(+M)=sSPC(332)+C4H7-24(+M)">
<rate A=" 1.00000000E+000" B=" 0.00000000E+000" E=" 0.00000000E+000"/>
<auxiliary keyword="TCHEB">
<data> 3.00000000E+002</data>
<data> 2.10000000E+003</data>
</auxiliary>
<auxiliary keyword="PCHEB">
<data> 9.86923267E-003</data>
<data> 9.86923267E+001</data>
</auxiliary>
<auxiliary keyword="CHEB">
<data>     4</data>
<data>     4</data>
</auxiliary>
<auxiliary keyword="CHEB">
<data> 9.86490000E+000</data>
<data>-1.41030000E+000</data>
<data>-5.02010000E-002</data>
<data>-2.29830000E-003</data>
</auxiliary>
<auxiliary keyword="CHEB">
<data> 4.18680000E+000</data>
<data> 1.01040000E+000</data>
<data>-8.52530000E-002</data>
<data>-1.18830000E-002</data>
</auxiliary>
<auxiliary keyword="CHEB">
<data> 1.60640000E-001</data>
<data> 4.81640000E-001</data>
<data> 3.48360000E-002</data>
<data>-1.00650000E-002</data>
</auxiliary>
<auxiliary keyword="CHEB">
<data>-3.32310000E-001</data>
<data> 3.38810000E-002</data>
<data> 7.85630000E-002</data>
<data> 2.20060000E-003</data>
</auxiliary>
</reaction>
<reaction formula="CH3CH[OH]CH2CH2+sSPC(752)(+M)=sSPC(332)+CH3C[O]cHCH3(+M)">
<rate A=" 1.00000000E+000" B=" 0.00000000E+000" E=" 0.00000000E+000"/>
<auxiliary keyword="TCHEB">
<data> 3.00000000E+002</data>
<data> 2.10000000E+003</data>
</auxiliary>
<auxiliary keyword="PCHEB">
<data> 9.86923267E-003</data>
<data> 9.86923267E+001</data>
</auxiliary>
<auxiliary keyword="CHEB">
<data>     4</data>
<data>     4</data>
</auxiliary>
<auxiliary keyword="CHEB">
<data> 6.78400000E+000</data>
<data>-1.53510000E+000</data>
<data>-4.45780000E-002</data>
<data>-3.30070000E-003</data>
</auxiliary>
<auxiliary keyword="CHEB">
<data> 7.06820000E+000</data>
<data> 7.83500000E-001</data>
<data>-9.07070000E-002</data>
<data>-5.74280000E-003</data>
</auxiliary>
<auxiliary keyword="CHEB">
<data> 5.52760000E-001</data>
<data> 5.50680000E-001</data>
<data>-7.49760000E-003</data>
<data>-1.03870000E-002</data>
</auxiliary>
<auxiliary keyword="CHEB">
<data>-4.67720000E-001</data>
<data> 2.30800000E-001</data>
<data> 4.95670000E-002</data>
<data>-8.23260000E-003</data>
</auxiliary>
</reaction>
<reaction formula="sC4H8O+CH3CH[OH]CH2CH2(+M)=MEKenol+CH3CH[OH]CH2CH2(+M)">
<rate A=" 1.00000000E+000" B=" 0.00000000E+000" E=" 0.00000000E+000"/>
<auxiliary keyword="TCHEB">
<data> 3.00000000E+002</data>
<data> 2.10000000E+003</data>
</auxiliary>
<auxiliary keyword="PCHEB">
<data> 9.86923267E-003</data>
<data> 9.86923267E+001</data>
</auxiliary>
<auxiliary keyword="CHEB">
<data>     4</data>
<data>     4</data>
</auxiliary>
<auxiliary keyword="CHEB">
<data>-1.66020000E+001</data>
<data>-1.90380000E+000</data>
<data>-4.29540000E-002</data>
<data> 9.12840000E-003</data>
</auxiliary>
<auxiliary keyword="CHEB">
<data> 2.02130000E+001</data>
<data> 1.36980000E-001</data>
<data>-6.41540000E-002</data>
<data> 1.54920000E-002</data>
</auxiliary>
<auxiliary keyword="CHEB">
<data> 1.03580000E+000</data>
<data> 1.60230000E-001</data>
<data>-6.78510000E-002</data>
<data> 1.20490000E-002</data>
</auxiliary>
<auxiliary keyword="CHEB">
<data>-9.38170000E-002</data>
<data> 1.35180000E-001</data>
<data>-5.18580000E-002</data>
<data> 5.66380000E-003</data>
</auxiliary>
</reaction>
<reaction formula="sC4H8O+sSPC(332)(+M)=MEKenol+sSPC(332)(+M)">
<rate A=" 1.00000000E+000" B=" 0.00000000E+000" E=" 0.00000000E+000"/>
<auxiliary keyword="TCHEB">
<data> 3.00000000E+002</data>
<data> 2.10000000E+003</data>
</auxiliary>
<auxiliary keyword="PCHEB">
<data> 9.86923267E-003</data>
<data> 9.86923267E+001</data>
</auxiliary>
<auxiliary keyword="CHEB">
<data>     4</data>
<data>     4</data>
</auxiliary>
<auxiliary keyword="CHEB">
<data>-1.50640000E+001</data>
<data>-1.77670000E+000</data>
<data>-6.33060000E-002</data>
<data> 2.40590000E-003</data>
</auxiliary>
<auxiliary keyword="CHEB">
<data> 2.01160000E+001</data>
<data> 3.37800000E-001</data>
<data>-1.05970000E-001</data>
<data> 8.68830000E-003</data>
</auxiliary>
<auxiliary keyword="CHEB">
<data> 9.25280000E-001</data>
<data> 3.41440000E-001</data>
<data>-8.09100000E-002</data>
<data>-5.39110000E-003</data>
</auxiliary>
<auxiliary keyword="CHEB">
<data>-1.49170000E-001</data>
<data> 2.51060000E-001</data>
<data>-3.87740000E-002</data>
<data>-1.46010000E-002</data>
</auxiliary>
</reaction>
<reaction formula="sSPC(1072)+OH(+M)=sSPC(1013)+O(+M)">
<rate A=" 1.00000000E+000" B=" 0.00000000E+000" E=" 0.00000000E+000"/>
<auxiliary keyword="TCHEB">
<data> 3.00000000E+002</data>
<data> 2.10000000E+003</data>
</auxiliary>
<auxiliary keyword="PCHEB">
<data> 9.86923267E-003</data>
<data> 9.86923267E+001</data>
</auxiliary>
<auxiliary keyword="CHEB">
<data>     4</data>
<data>     4</data>
</auxiliary>
<auxiliary keyword="CHEB">
<data>-1.92510000E+001</data>
<data>-1.07540000E-004</data>
<data>-7.88090000E-005</data>
<data>-3.92320000E-005</data>
</auxiliary>
<auxiliary keyword="CHEB">
<data> 2.48390000E+001</data>
<data> 8.26730000E-005</data>
<data> 6.05830000E-005</data>
<data> 3.01570000E-005</data>
</auxiliary>
<auxiliary keyword="CHEB">
<data> 1.53900000E-001</data>
<data>-3.61480000E-005</data>
<data>-2.64880000E-005</data>
<data>-1.31850000E-005</data>
</auxiliary>
<auxiliary keyword="CHEB">
<data> 6.57610000E-002</data>
<data> 1.46960000E-005</data>
<data> 1.07690000E-005</data>
<data> 5.36040000E-006</data>
</auxiliary>
</reaction>
<reaction formula="sSPC(1072)(+M)=sSPC(1151)+OH(+M)">
<rate A=" 1.00000000E+000" B=" 0.00000000E+000" E=" 0.00000000E+000"/>
<auxiliary keyword="TCHEB">
<data> 3.00000000E+002</data>
<data> 2.10000000E+003</data>
</auxiliary>
<auxiliary keyword="PCHEB">
<data> 9.86923267E-003</data>
<data> 9.86923267E+001</data>
</auxiliary>
<auxiliary keyword="CHEB">
<data>     4</data>
<data>     4</data>
</auxiliary>
<auxiliary keyword="CHEB">
<data>-2.94930000E+000</data>
<data> 5.89340000E-001</data>
<data>-3.88730000E-002</data>
<data>-7.81850000E-004</data>
</auxiliary>
<auxiliary keyword="CHEB">
<data> 1.23730000E+001</data>
<data> 9.70080000E-001</data>
<data>-5.07250000E-002</data>
<data>-6.23330000E-003</data>
</auxiliary>
<auxiliary keyword="CHEB">
<data>-1.05030000E+000</data>
<data> 4.37980000E-001</data>
<data> 2.79760000E-002</data>
<data>-4.53070000E-003</data>
</auxiliary>
<auxiliary keyword="CHEB">
<data>-4.69350000E-001</data>
<data> 4.10940000E-002</data>
<data> 4.15720000E-002</data>
<data> 2.09790000E-003</data>
</auxiliary>
</reaction>
<reaction formula="sSPC(1151)(+M)=CH2O+CH2C[O]CH3(+M)">
<rate A=" 1.00000000E+000" B=" 0.00000000E+000" E=" 0.00000000E+000"/>
<auxiliary keyword="TCHEB">
<data> 3.00000000E+002</data>
<data> 2.10000000E+003</data>
</auxiliary>
<auxiliary keyword="PCHEB">
<data> 9.86923267E-003</data>
<data> 9.86923267E+001</data>
</auxiliary>
<auxiliary keyword="CHEB">
<data>     4</data>
<data>     4</data>
</auxiliary>
<auxiliary keyword="CHEB">
<data> 4.91840000E+000</data>
<data> 1.00320000E+000</data>
<data>-1.24240000E-001</data>
<data> 7.62870000E-003</data>
</auxiliary>
<auxiliary keyword="CHEB">
<data> 4.30640000E+000</data>
<data> 9.73450000E-001</data>
<data> 5.00200000E-002</data>
<data>-2.94130000E-002</data>
</auxiliary>
<auxiliary keyword="CHEB">
<data>-6.71040000E-001</data>
<data> 1.19030000E-001</data>
<data> 6.85900000E-002</data>
<data> 7.37230000E-003</data>
</auxiliary>
<auxiliary keyword="CHEB">
<data>-7.78370000E-002</data>
<data>-8.12070000E-002</data>
<data> 7.09440000E-003</data>
<data> 1.08610000E-002</data>
</auxiliary>
</reaction>
<reaction formula="sSPC(1151)(+M)=C4H6O(717)+OH(+M)">
<rate A=" 1.00000000E+000" B=" 0.00000000E+000" E=" 0.00000000E+000"/>
<auxiliary keyword="TCHEB">
<data> 3.00000000E+002</data>
<data> 2.10000000E+003</data>
</auxiliary>
<auxiliary keyword="PCHEB">
<data> 9.86923267E-003</data>
<data> 9.86923267E+001</data>
</auxiliary>
<auxiliary keyword="CHEB">
<data>     4</data>
<data>     4</data>
</auxiliary>
<auxiliary keyword="CHEB">
<data>-5.65190000E+000</data>
<data> 1.36130000E+000</data>
<data>-2.65990000E-001</data>
<data>-4.77810000E-002</data>
</auxiliary>
<auxiliary keyword="CHEB">
<data> 1.15510000E+001</data>
<data> 7.23670000E-001</data>
<data> 2.61490000E-001</data>
<data> 2.19920000E-002</data>
</auxiliary>
<auxiliary keyword="CHEB">
<data>-9.14380000E-002</data>
<data>-5.30180000E-002</data>
<data> 1.40190000E-002</data>
<data> 2.19630000E-002</data>
</auxiliary>
<auxiliary keyword="CHEB">
<data> 8.10360000E-003</data>
<data>-6.54380000E-002</data>
<data>-2.42990000E-002</data>
<data> 3.23710000E-004</data>
</auxiliary>
</reaction>
<reaction formula="CH2O+CH2C[O]CH3(+M)=C4H6O(717)+OH(+M)">
<rate A=" 1.00000000E+000" B=" 0.00000000E+000" E=" 0.00000000E+000"/>
<auxiliary keyword="TCHEB">
<data> 3.00000000E+002</data>
<data> 2.10000000E+003</data>
</auxiliary>
<auxiliary keyword="PCHEB">
<data> 9.86923267E-003</data>
<data> 9.86923267E+001</data>
</auxiliary>
<auxiliary keyword="CHEB">
<data>     4</data>
<data>     4</data>
</auxiliary>
<auxiliary keyword="CHEB">
<data>-7.62020000E-001</data>
<data>-5.75820000E-001</data>
<data>-2.45470000E-001</data>
<data>-4.73330000E-002</data>
</auxiliary>
<auxiliary keyword="CHEB">
<data> 9.56030000E+000</data>
<data> 6.87840000E-001</data>
<data> 2.58790000E-001</data>
<data> 2.85570000E-002</data>
</auxiliary>
<auxiliary keyword="CHEB">
<data> 2.10510000E-001</data>
<data>-8.29410000E-002</data>
<data> 2.46250000E-003</data>
<data> 2.11810000E-002</data>
</auxiliary>
<auxiliary keyword="CHEB">
<data> 5.17510000E-002</data>
<data>-5.51140000E-002</data>
<data>-2.67930000E-002</data>
<data>-4.24510000E-003</data>
</auxiliary>
</reaction>
<reaction formula="CH2O+HO2(+M)=sSPC(3121)+H(+M)">
<rate A=" 1.00000000E+000" B=" 0.00000000E+000" E=" 0.00000000E+000"/>
<auxiliary keyword="TCHEB">
<data> 3.00000000E+002</data>
<data> 2.10000000E+003</data>
</auxiliary>
<auxiliary keyword="PCHEB">
<data> 9.86923267E-003</data>
<data> 9.86923267E+001</data>
</auxiliary>
<auxiliary keyword="CHEB">
<data>     4</data>
<data>     4</data>
</auxiliary>
<auxiliary keyword="CHEB">
<data> 3.54330000E+000</data>
<data>-7.11330000E-005</data>
<data>-5.21310000E-005</data>
<data>-2.59520000E-005</data>
</auxiliary>
<auxiliary keyword="CHEB">
<data> 5.29880000E+000</data>
<data> 2.03230000E-005</data>
<data> 1.48930000E-005</data>
<data> 7.41400000E-006</data>
</auxiliary>
<auxiliary keyword="CHEB">
<data> 2.04690000E-001</data>
<data> 4.98910000E-006</data>
<data> 3.65630000E-006</data>
<data> 1.82020000E-006</data>
</auxiliary>
<auxiliary keyword="CHEB">
<data> 6.61420000E-002</data>
<data> 5.78810000E-006</data>
<data> 4.24180000E-006</data>
<data> 2.11160000E-006</data>
</auxiliary>
</reaction>
<reaction formula="sSPC(1356)(+M)=O2+CH2C[O]CH3(+M)">
<rate A=" 1.00000000E+000" B=" 0.00000000E+000" E=" 0.00000000E+000"/>
<auxiliary keyword="TCHEB">
<data> 3.00000000E+002</data>
<data> 2.10000000E+003</data>
</auxiliary>
<auxiliary keyword="PCHEB">
<data> 9.86923267E-003</data>
<data> 9.86923267E+001</data>
</auxiliary>
<auxiliary keyword="CHEB">
<data>     4</data>
<data>     4</data>
</auxiliary>
<auxiliary keyword="CHEB">
<data> 1.93870000E+000</data>
<data> 8.78820000E-001</data>
<data>-1.05410000E-001</data>
<data> 8.25450000E-003</data>
</auxiliary>
<auxiliary keyword="CHEB">
<data> 7.15190000E+000</data>
<data> 9.79680000E-001</data>
<data> 1.94750000E-002</data>
<data>-2.31020000E-002</data>
</auxiliary>
<auxiliary keyword="CHEB">
<data>-7.82140000E-001</data>
<data> 1.99450000E-001</data>
<data> 6.61900000E-002</data>
<data> 1.61960000E-003</data>
</auxiliary>
<auxiliary keyword="CHEB">
<data>-2.33080000E-001</data>
<data>-5.00270000E-002</data>
<data> 1.53410000E-002</data>
<data> 8.91060000E-003</data>
</auxiliary>
</reaction>
<reaction formula="sSPC(1356)(+M)=sSPC(1590)+O(+M)">
<rate A=" 1.00000000E+000" B=" 0.00000000E+000" E=" 0.00000000E+000"/>
<auxiliary keyword="TCHEB">
<data> 3.00000000E+002</data>
<data> 2.10000000E+003</data>
</auxiliary>
<auxiliary keyword="PCHEB">
<data> 9.86923267E-003</data>
<data> 9.86923267E+001</data>
</auxiliary>
<auxiliary keyword="CHEB">
<data>     4</data>
<data>     4</data>
</auxiliary>
<auxiliary keyword="CHEB">
<data>-1.23200000E+001</data>
<data> 1.97160000E+000</data>
<data>-2.01990000E-002</data>
<data>-9.70230000E-003</data>
</auxiliary>
<auxiliary keyword="CHEB">
<data> 1.68790000E+001</data>
<data> 3.63860000E-002</data>
<data> 2.58090000E-002</data>
<data> 1.23680000E-002</data>
</auxiliary>
<auxiliary keyword="CHEB">
<data>-2.77590000E-001</data>
<data>-7.48350000E-003</data>
<data>-5.14390000E-003</data>
<data>-2.35800000E-003</data>
</auxiliary>
<auxiliary keyword="CHEB">
<data> 7.46040000E-003</data>
<data>-2.22020000E-003</data>
<data>-1.68700000E-003</data>
<data>-8.74200000E-004</data>
</auxiliary>
</reaction>
<reaction formula="O2+CH2C[O]CH3(+M)=sSPC(1590)+O(+M)">
<rate A=" 1.00000000E+000" B=" 0.00000000E+000" E=" 0.00000000E+000"/>
<auxiliary keyword="TCHEB">
<data> 3.00000000E+002</data>
<data> 2.10000000E+003</data>
</auxiliary>
<auxiliary keyword="PCHEB">
<data> 9.86923267E-003</data>
<data> 9.86923267E+001</data>
</auxiliary>
<auxiliary keyword="CHEB">
<data>     4</data>
<data>     4</data>
</auxiliary>
<auxiliary keyword="CHEB">
<data> 1.22640000E+000</data>
<data>-2.66430000E-002</data>
<data>-1.89290000E-002</data>
<data>-9.09970000E-003</data>
</auxiliary>
<auxiliary keyword="CHEB">
<data> 9.32470000E+000</data>
<data> 3.50030000E-002</data>
<data> 2.48470000E-002</data>
<data> 1.19220000E-002</data>
</auxiliary>
<auxiliary keyword="CHEB">
<data> 1.31500000E-001</data>
<data>-7.94550000E-003</data>
<data>-5.49940000E-003</data>
<data>-2.54490000E-003</data>
</auxiliary>
<auxiliary keyword="CHEB">
<data> 5.55630000E-002</data>
<data>-1.95150000E-003</data>
<data>-1.49760000E-003</data>
<data>-7.85440000E-004</data>
</auxiliary>
</reaction>
<reaction formula="CH2C[O]CH3+HO2(+M)=nSPC(801)+CH3(+M)">
<rate A=" 1.00000000E+000" B=" 0.00000000E+000" E=" 0.00000000E+000"/>
<auxiliary keyword="TCHEB">
<data> 3.00000000E+002</data>
<data> 2.10000000E+003</data>
</auxiliary>
<auxiliary keyword="PCHEB">
<data> 9.86923267E-003</data>
<data> 9.86923267E+001</data>
</auxiliary>
<auxiliary keyword="CHEB">
<data>     4</data>
<data>     4</data>
</auxiliary>
<auxiliary keyword="CHEB">
<data> 5.31730000E+000</data>
<data>-4.03800000E-005</data>
<data>-2.95940000E-005</data>
<data>-1.47330000E-005</data>
</auxiliary>
<auxiliary keyword="CHEB">
<data> 4.96740000E+000</data>
<data> 2.11930000E-005</data>
<data> 1.55320000E-005</data>
<data> 7.73200000E-006</data>
</auxiliary>
<auxiliary keyword="CHEB">
<data> 3.03380000E-001</data>
<data> 1.65000000E-006</data>
<data> 1.20930000E-006</data>
<data> 6.02050000E-007</data>
</auxiliary>
<auxiliary keyword="CHEB">
<data> 9.73480000E-002</data>
<data> 3.52290000E-007</data>
<data> 2.58200000E-007</data>
<data> 1.28540000E-007</data>
</auxiliary>
</reaction>
<reaction formula="sSPC(1474)(+M)=CH2C[O]CH3+HO2(+M)">
<rate A=" 1.00000000E+000" B=" 0.00000000E+000" E=" 0.00000000E+000"/>
<auxiliary keyword="TCHEB">
<data> 3.00000000E+002</data>
<data> 2.10000000E+003</data>
</auxiliary>
<auxiliary keyword="PCHEB">
<data> 9.86923267E-003</data>
<data> 9.86923267E+001</data>
</auxiliary>
<auxiliary keyword="CHEB">
<data>     4</data>
<data>     4</data>
</auxiliary>
<auxiliary keyword="CHEB">
<data>-1.49300000E+001</data>
<data> 1.84590000E+000</data>
<data>-9.24800000E-002</data>
<data>-3.47490000E-002</data>
</auxiliary>
<auxiliary keyword="CHEB">
<data> 1.94130000E+001</data>
<data> 1.97800000E-001</data>
<data> 1.14940000E-001</data>
<data> 4.06950000E-002</data>
</auxiliary>
<auxiliary keyword="CHEB">
<data>-6.98520000E-001</data>
<data>-2.99950000E-002</data>
<data>-1.17320000E-002</data>
<data>-3.22220000E-004</data>
</auxiliary>
<auxiliary keyword="CHEB">
<data>-1.47990000E-001</data>
<data>-1.71670000E-002</data>
<data>-1.25070000E-002</data>
<data>-6.09260000E-003</data>
</auxiliary>
</reaction>
<reaction formula="sSPC(1474)(+M)=H+sSPC(1356)(+M)">
<rate A=" 1.00000000E+000" B=" 0.00000000E+000" E=" 0.00000000E+000"/>
<auxiliary keyword="TCHEB">
<data> 3.00000000E+002</data>
<data> 2.10000000E+003</data>
</auxiliary>
<auxiliary keyword="PCHEB">
<data> 9.86923267E-003</data>
<data> 9.86923267E+001</data>
</auxiliary>
<auxiliary keyword="CHEB">
<data>     4</data>
<data>     4</data>
</auxiliary>
<auxiliary keyword="CHEB">
<data>-2.62290000E+001</data>
<data> 1.98800000E+000</data>
<data>-8.68050000E-003</data>
<data>-4.26110000E-003</data>
</auxiliary>
<auxiliary keyword="CHEB">
<data> 2.59690000E+001</data>
<data> 1.61480000E-002</data>
<data> 1.16730000E-002</data>
<data> 5.71690000E-003</data>
</auxiliary>
<auxiliary keyword="CHEB">
<data>-5.20050000E-001</data>
<data>-3.71530000E-003</data>
<data>-2.65100000E-003</data>
<data>-1.27800000E-003</data>
</auxiliary>
<auxiliary keyword="CHEB">
<data>-8.18290000E-002</data>
<data>-7.45980000E-004</data>
<data>-5.59270000E-004</data>
<data>-2.85690000E-004</data>
</auxiliary>
</reaction>
<reaction formula="sSPC(1474)(+M)=sSPC(1590)+OH(+M)">
<rate A=" 1.00000000E+000" B=" 0.00000000E+000" E=" 0.00000000E+000"/>
<auxiliary keyword="TCHEB">
<data> 3.00000000E+002</data>
<data> 2.10000000E+003</data>
</auxiliary>
<auxiliary keyword="PCHEB">
<data> 9.86923267E-003</data>
<data> 9.86923267E+001</data>
</auxiliary>
<auxiliary keyword="CHEB">
<data>     4</data>
<data>     4</data>
</auxiliary>
<auxiliary keyword="CHEB">
<data>-2.91540000E+000</data>
<data> 6.68170000E-001</data>
<data>-5.86750000E-002</data>
<data> 4.03100000E-003</data>
</auxiliary>
<auxiliary keyword="CHEB">
<data> 1.20290000E+001</data>
<data> 9.89020000E-001</data>
<data>-3.31060000E-002</data>
<data>-1.01390000E-002</data>
</auxiliary>
<auxiliary keyword="CHEB">
<data>-1.09160000E+000</data>
<data> 3.50380000E-001</data>
<data> 4.93150000E-002</data>
<data>-5.29430000E-003</data>
</auxiliary>
<auxiliary keyword="CHEB">
<data>-4.65940000E-001</data>
<data> 2.84240000E-003</data>
<data> 3.25390000E-002</data>
<data> 5.54750000E-003</data>
</auxiliary>
</reaction>
<reaction formula="CH2C[O]CH3+HO2(+M)=H+sSPC(1356)(+M)">
<rate A=" 1.00000000E+000" B=" 0.00000000E+000" E=" 0.00000000E+000"/>
<auxiliary keyword="TCHEB">
<data> 3.00000000E+002</data>
<data> 2.10000000E+003</data>
</auxiliary>
<auxiliary keyword="PCHEB">
<data> 9.86923267E-003</data>
<data> 9.86923267E+001</data>
</auxiliary>
<auxiliary keyword="CHEB">
<data>     4</data>
<data>     4</data>
</auxiliary>
<auxiliary keyword="CHEB">
<data>-6.99660000E-001</data>
<data>-9.54080000E-003</data>
<data>-6.91840000E-003</data>
<data>-3.40140000E-003</data>
</auxiliary>
<auxiliary keyword="CHEB">
<data> 7.87240000E+000</data>
<data> 1.34580000E-002</data>
<data> 9.74380000E-003</data>
<data> 4.78170000E-003</data>
</auxiliary>
<auxiliary keyword="CHEB">
<data> 5.95370000E-001</data>
<data>-3.89560000E-003</data>
<data>-2.79540000E-003</data>
<data>-1.35710000E-003</data>
</auxiliary>
<auxiliary keyword="CHEB">
<data> 1.96480000E-001</data>
<data>-2.95300000E-004</data>
<data>-2.31200000E-004</data>
<data>-1.23670000E-004</data>
</auxiliary>
</reaction>
<reaction formula="CH2C[O]CH3+HO2(+M)=sSPC(1590)+OH(+M)">
<rate A=" 1.00000000E+000" B=" 0.00000000E+000" E=" 0.00000000E+000"/>
<auxiliary keyword="TCHEB">
<data> 3.00000000E+002</data>
<data> 2.10000000E+003</data>
</auxiliary>
<auxiliary keyword="PCHEB">
<data> 9.86923267E-003</data>
<data> 9.86923267E+001</data>
</auxiliary>
<auxiliary keyword="CHEB">
<data>     4</data>
<data>     4</data>
</auxiliary>
<auxiliary keyword="CHEB">
<data> 1.31950000E+001</data>
<data>-1.29560000E-001</data>
<data>-7.90390000E-002</data>
<data>-3.05340000E-002</data>
</auxiliary>
<auxiliary keyword="CHEB">
<data> 6.12010000E-001</data>
<data> 1.74990000E-001</data>
<data> 1.03940000E-001</data>
<data> 3.83280000E-002</data>
</auxiliary>
<auxiliary keyword="CHEB">
<data> 1.89880000E-001</data>
<data>-3.76930000E-002</data>
<data>-1.77850000E-002</data>
<data>-3.51580000E-003</data>
</auxiliary>
<auxiliary keyword="CHEB">
<data> 7.76020000E-002</data>
<data>-1.20520000E-002</data>
<data>-9.85620000E-003</data>
<data>-5.39340000E-003</data>
</auxiliary>
</reaction>
<reaction formula="H+sSPC(1356)(+M)=sSPC(1590)+OH(+M)">
<rate A=" 1.00000000E+000" B=" 0.00000000E+000" E=" 0.00000000E+000"/>
<auxiliary keyword="TCHEB">
<data> 3.00000000E+002</data>
<data> 2.10000000E+003</data>
</auxiliary>
<auxiliary keyword="PCHEB">
<data> 9.86923267E-003</data>
<data> 9.86923267E+001</data>
</auxiliary>
<auxiliary keyword="CHEB">
<data>     4</data>
<data>     4</data>
</auxiliary>
<auxiliary keyword="CHEB">
<data> 1.29460000E+001</data>
<data>-1.10010000E-002</data>
<data>-7.97060000E-003</data>
<data>-3.91460000E-003</data>
</auxiliary>
<auxiliary keyword="CHEB">
<data> 3.03790000E-001</data>
<data> 1.51420000E-002</data>
<data> 1.09520000E-002</data>
<data> 5.36770000E-003</data>
</auxiliary>
<auxiliary keyword="CHEB">
<data> 5.63730000E-002</data>
<data>-3.87590000E-003</data>
<data>-2.77240000E-003</data>
<data>-1.34070000E-003</data>
</auxiliary>
<auxiliary keyword="CHEB">
<data> 3.21830000E-002</data>
<data>-5.58990000E-004</data>
<data>-4.23830000E-004</data>
<data>-2.19190000E-004</data>
</auxiliary>
</reaction>
<reaction formula="CH2C[O]CH3+OH(+M)=sSPC(1590)+H(+M)">
<rate A=" 1.00000000E+000" B=" 0.00000000E+000" E=" 0.00000000E+000"/>
<auxiliary keyword="TCHEB">
<data> 3.00000000E+002</data>
<data> 2.10000000E+003</data>
</auxiliary>
<auxiliary keyword="PCHEB">
<data> 9.86923267E-003</data>
<data> 9.86923267E+001</data>
</auxiliary>
<auxiliary keyword="CHEB">
<data>     4</data>
<data>     4</data>
</auxiliary>
<auxiliary keyword="CHEB">
<data> 3.46470000E+000</data>
<data>-1.47110000E+000</data>
<data>-5.94570000E-002</data>
<data> 1.31190000E-003</data>
</auxiliary>
<auxiliary keyword="CHEB">
<data> 6.65690000E+000</data>
<data> 8.73610000E-001</data>
<data>-9.75970000E-002</data>
<data>-6.77970000E-003</data>
</auxiliary>
<auxiliary keyword="CHEB">
<data> 5.24680000E-001</data>
<data> 5.02950000E-001</data>
<data> 2.64040000E-002</data>
<data>-1.60010000E-002</data>
</auxiliary>
<auxiliary keyword="CHEB">
<data>-1.13830000E-001</data>
<data> 1.50590000E-001</data>
<data> 7.44740000E-002</data>
<data>-6.61200000E-003</data>
</auxiliary>
</reaction>
<reaction formula="CH2C[O]CH3+sSPC(116)(+M)=sSPC(1356)+CH3CH[OH]CHCH3(+M)">
<rate A=" 1.00000000E+000" B=" 0.00000000E+000" E=" 0.00000000E+000"/>
<auxiliary keyword="TCHEB">
<data> 3.00000000E+002</data>
<data> 2.10000000E+003</data>
</auxiliary>
<auxiliary keyword="PCHEB">
<data> 9.86923267E-003</data>
<data> 9.86923267E+001</data>
</auxiliary>
<auxiliary keyword="CHEB">
<data>     4</data>
<data>     4</data>
</auxiliary>
<auxiliary keyword="CHEB">
<data> 6.40400000E+000</data>
<data>-1.49090000E+000</data>
<data>-4.19240000E-002</data>
<data>-2.99560000E-003</data>
</auxiliary>
<auxiliary keyword="CHEB">
<data> 7.45940000E+000</data>
<data> 8.73440000E-001</data>
<data>-8.44100000E-002</data>
<data>-6.72050000E-003</data>
</auxiliary>
<auxiliary keyword="CHEB">
<data> 6.12530000E-001</data>
<data> 5.46660000E-001</data>
<data> 6.30710000E-003</data>
<data>-8.91900000E-003</data>
</auxiliary>
<auxiliary keyword="CHEB">
<data>-4.02520000E-001</data>
<data> 1.69340000E-001</data>
<data> 5.96010000E-002</data>
<data>-4.75910000E-003</data>
</auxiliary>
</reaction>
<reaction formula="CH2C[O]CH3+sSPC(46)(+M)=sSPC(1356)+C4H7-24(+M)">
<rate A=" 1.00000000E+000" B=" 0.00000000E+000" E=" 0.00000000E+000"/>
<auxiliary keyword="TCHEB">
<data> 3.00000000E+002</data>
<data> 2.10000000E+003</data>
</auxiliary>
<auxiliary keyword="PCHEB">
<data> 9.86923267E-003</data>
<data> 9.86923267E+001</data>
</auxiliary>
<auxiliary keyword="CHEB">
<data>     4</data>
<data>     4</data>
</auxiliary>
<auxiliary keyword="CHEB">
<data> 9.71920000E+000</data>
<data>-1.39110000E+000</data>
<data>-4.02460000E-002</data>
<data>-2.29960000E-003</data>
</auxiliary>
<auxiliary keyword="CHEB">
<data> 4.46860000E+000</data>
<data> 1.05620000E+000</data>
<data>-6.76600000E-002</data>
<data>-1.00890000E-002</data>
</auxiliary>
<auxiliary keyword="CHEB">
<data> 5.86740000E-001</data>
<data> 4.80150000E-001</data>
<data> 3.31960000E-002</data>
<data>-6.09340000E-003</data>
</auxiliary>
<auxiliary keyword="CHEB">
<data>-4.49070000E-001</data>
<data>-1.85170000E-003</data>
<data> 6.74340000E-002</data>
<data> 3.99380000E-003</data>
</auxiliary>
</reaction>
<reaction formula="CH2C[O]CH3+sSPC(56)(+M)=sSPC(1356)+C4H7-24(+M)">
<rate A=" 1.00000000E+000" B=" 0.00000000E+000" E=" 0.00000000E+000"/>
<auxiliary keyword="TCHEB">
<data> 3.00000000E+002</data>
<data> 2.10000000E+003</data>
</auxiliary>
<auxiliary keyword="PCHEB">
<data> 9.86923267E-003</data>
<data> 9.86923267E+001</data>
</auxiliary>
<auxiliary keyword="CHEB">
<data>     4</data>
<data>     4</data>
</auxiliary>
<auxiliary keyword="CHEB">
<data> 1.01180000E+001</data>
<data>-1.37520000E+000</data>
<data>-4.75330000E-002</data>
<data>-7.69700000E-004</data>
</auxiliary>
<auxiliary keyword="CHEB">
<data> 4.37280000E+000</data>
<data> 1.06560000E+000</data>
<data>-7.03060000E-002</data>
<data>-1.08960000E-002</data>
</auxiliary>
<auxiliary keyword="CHEB">
<data> 1.15100000E-001</data>
<data> 4.55730000E-001</data>
<data> 4.40400000E-002</data>
<data>-8.85610000E-003</data>
</auxiliary>
<auxiliary keyword="CHEB">
<data>-3.15000000E-001</data>
<data>-1.73270000E-002</data>
<data> 7.19740000E-002</data>
<data> 4.27000000E-003</data>
</auxiliary>
</reaction>
<reaction formula="CH2C[O]CH3+sSPC(752)(+M)=sSPC(1356)+CH3C[O]cHCH3(+M)">
<rate A=" 1.00000000E+000" B=" 0.00000000E+000" E=" 0.00000000E+000"/>
<auxiliary keyword="TCHEB">
<data> 3.00000000E+002</data>
<data> 2.10000000E+003</data>
</auxiliary>
<auxiliary keyword="PCHEB">
<data> 9.86923267E-003</data>
<data> 9.86923267E+001</data>
</auxiliary>
<auxiliary keyword="CHEB">
<data>     4</data>
<data>     4</data>
</auxiliary>
<auxiliary keyword="CHEB">
<data> 6.32490000E+000</data>
<data>-1.47810000E+000</data>
<data>-4.03550000E-002</data>
<data>-2.81330000E-003</data>
</auxiliary>
<auxiliary keyword="CHEB">
<data> 7.74570000E+000</data>
<data> 8.98770000E-001</data>
<data>-8.02040000E-002</data>
<data>-6.87530000E-003</data>
</auxiliary>
<auxiliary keyword="CHEB">
<data> 6.01010000E-001</data>
<data> 5.42820000E-001</data>
<data> 9.82840000E-003</data>
<data>-8.15070000E-003</data>
</auxiliary>
<auxiliary keyword="CHEB">
<data>-6.41780000E-001</data>
<data> 1.49600000E-001</data>
<data> 5.98860000E-002</data>
<data>-3.43780000E-003</data>
</auxiliary>
</reaction>
<reaction formula="CH2C[O]CH3+sSPC(332)(+M)=sSPC(1356)+CH3CH[OH]CH2CH2(+M)">
<rate A=" 1.00000000E+000" B=" 0.00000000E+000" E=" 0.00000000E+000"/>
<auxiliary keyword="TCHEB">
<data> 3.00000000E+002</data>
<data> 2.10000000E+003</data>
</auxiliary>
<auxiliary keyword="PCHEB">
<data> 9.86923267E-003</data>
<data> 9.86923267E+001</data>
</auxiliary>
<auxiliary keyword="CHEB">
<data>     4</data>
<data>     4</data>
</auxiliary>
<auxiliary keyword="CHEB">
<data> 6.15280000E+000</data>
<data>-1.50270000E+000</data>
<data>-4.38450000E-002</data>
<data>-3.31490000E-003</data>
</auxiliary>
<auxiliary keyword="CHEB">
<data> 7.18130000E+000</data>
<data> 8.50010000E-001</data>
<data>-8.82780000E-002</data>
<data>-6.91590000E-003</data>
</auxiliary>
<auxiliary keyword="CHEB">
<data> 6.48160000E-001</data>
<data> 5.45920000E-001</data>
<data> 2.17650000E-003</data>
<data>-9.86140000E-003</data>
</auxiliary>
<auxiliary keyword="CHEB">
<data>-3.77470000E-001</data>
<data> 1.82880000E-001</data>
<data> 5.75960000E-002</data>
<data>-6.00960000E-003</data>
</auxiliary>
</reaction>
<reaction formula="sSPC(1356)+HO2(+M)=nSPC(879)+CH3(+M)">
<rate A=" 1.00000000E+000" B=" 0.00000000E+000" E=" 0.00000000E+000"/>
<auxiliary keyword="TCHEB">
<data> 3.00000000E+002</data>
<data> 2.10000000E+003</data>
</auxiliary>
<auxiliary keyword="PCHEB">
<data> 9.86923267E-003</data>
<data> 9.86923267E+001</data>
</auxiliary>
<auxiliary keyword="CHEB">
<data>     4</data>
<data>     4</data>
</auxiliary>
<auxiliary keyword="CHEB">
<data> 5.80010000E+000</data>
<data>-3.77660000E-006</data>
<data>-2.76780000E-006</data>
<data>-1.37790000E-006</data>
</auxiliary>
<auxiliary keyword="CHEB">
<data> 4.05040000E+000</data>
<data> 1.98500000E-006</data>
<data> 1.45480000E-006</data>
<data> 7.24260000E-007</data>
</auxiliary>
<auxiliary keyword="CHEB">
<data> 2.73920000E-001</data>
<data> 1.54760000E-007</data>
<data> 1.13420000E-007</data>
<data> 5.64660000E-008</data>
</auxiliary>
<auxiliary keyword="CHEB">
<data> 7.90610000E-002</data>
<data> 3.26890000E-008</data>
<data> 2.39580000E-008</data>
<data> 1.19270000E-008</data>
</auxiliary>
</reaction>
<reaction formula="sSPC(1356)+CH2C[O]CH3(+M)=2sSPC(1590)(+M)">
<rate A=" 1.00000000E+000" B=" 0.00000000E+000" E=" 0.00000000E+000"/>
<auxiliary keyword="TCHEB">
<data> 3.00000000E+002</data>
<data> 2.10000000E+003</data>
</auxiliary>
<auxiliary keyword="PCHEB">
<data> 9.86923267E-003</data>
<data> 9.86923267E+001</data>
</auxiliary>
<auxiliary keyword="CHEB">
<data>     4</data>
<data>     4</data>
</auxiliary>
<auxiliary keyword="CHEB">
<data> 1.32360000E+001</data>
<data>-4.22210000E-001</data>
<data>-1.66130000E-001</data>
<data>-2.12390000E-002</data>
</auxiliary>
<auxiliary keyword="CHEB">
<data> 7.87020000E-001</data>
<data> 5.50960000E-001</data>
<data> 1.96060000E-001</data>
<data> 1.12920000E-002</data>
</auxiliary>
<auxiliary keyword="CHEB">
<data> 1.85690000E-001</data>
<data>-8.42310000E-002</data>
<data> 1.36080000E-003</data>
<data> 2.17850000E-002</data>
</auxiliary>
<auxiliary keyword="CHEB">
<data> 6.30920000E-002</data>
<data>-6.46290000E-002</data>
<data>-3.73430000E-002</data>
<data>-1.03160000E-002</data>
</auxiliary>
</reaction>
<reaction formula="sSPC(1697)(+M)=O2+CH3(+M)">
<rate A=" 1.00000000E+000" B=" 0.00000000E+000" E=" 0.00000000E+000"/>
<auxiliary keyword="TCHEB">
<data> 3.00000000E+002</data>
<data> 2.10000000E+003</data>
</auxiliary>
<auxiliary keyword="PCHEB">
<data> 9.86923267E-003</data>
<data> 9.86923267E+001</data>
</auxiliary>
<auxiliary keyword="CHEB">
<data>     4</data>
<data>     4</data>
</auxiliary>
<auxiliary keyword="CHEB">
<data> 1.63210000E-001</data>
<data> 1.72180000E+000</data>
<data>-1.46560000E-001</data>
<data>-4.26510000E-002</data>
</auxiliary>
<auxiliary keyword="CHEB">
<data> 7.79580000E+000</data>
<data> 2.82140000E-001</data>
<data> 1.37290000E-001</data>
<data> 3.20970000E-002</data>
</auxiliary>
<auxiliary keyword="CHEB">
<data>-6.88090000E-001</data>
<data> 1.27460000E-002</data>
<data> 1.64770000E-002</data>
<data> 1.12700000E-002</data>
</auxiliary>
<auxiliary keyword="CHEB">
<data>-2.53520000E-001</data>
<data>-1.80310000E-002</data>
<data>-7.98740000E-003</data>
<data>-1.07000000E-003</data>
</auxiliary>
</reaction>
<reaction formula="sSPC(1697)(+M)=CH2O+OH(+M)">
<rate A=" 1.00000000E+000" B=" 0.00000000E+000" E=" 0.00000000E+000"/>
<auxiliary keyword="TCHEB">
<data> 3.00000000E+002</data>
<data> 2.10000000E+003</data>
</auxiliary>
<auxiliary keyword="PCHEB">
<data> 9.86923267E-003</data>
<data> 9.86923267E+001</data>
</auxiliary>
<auxiliary keyword="CHEB">
<data>     4</data>
<data>     4</data>
</auxiliary>
<auxiliary keyword="CHEB">
<data>-7.66000000E+000</data>
<data> 1.99120000E+000</data>
<data>-6.39650000E-003</data>
<data>-3.15770000E-003</data>
</auxiliary>
<auxiliary keyword="CHEB">
<data> 1.25210000E+001</data>
<data> 1.05860000E-002</data>
<data> 7.69140000E-003</data>
<data> 3.79030000E-003</data>
</auxiliary>
<auxiliary keyword="CHEB">
<data>-3.41850000E-001</data>
<data>-1.23830000E-003</data>
<data>-8.84990000E-004</data>
<data>-4.27520000E-004</data>
</auxiliary>
<auxiliary keyword="CHEB">
<data>-1.15850000E-001</data>
<data>-6.59460000E-004</data>
<data>-4.84060000E-004</data>
<data>-2.41420000E-004</data>
</auxiliary>
</reaction>
<reaction formula="sSPC(1697)(+M)=CH3O+O(+M)">
<rate A=" 1.00000000E+000" B=" 0.00000000E+000" E=" 0.00000000E+000"/>
<auxiliary keyword="TCHEB">
<data> 3.00000000E+002</data>
<data> 2.10000000E+003</data>
</auxiliary>
<auxiliary keyword="PCHEB">
<data> 9.86923267E-003</data>
<data> 9.86923267E+001</data>
</auxiliary>
<auxiliary keyword="CHEB">
<data>     4</data>
<data>     4</data>
</auxiliary>
<auxiliary keyword="CHEB">
<data>-1.42820000E+001</data>
<data> 1.99890000E+000</data>
<data>-7.82990000E-004</data>
<data>-3.89440000E-004</data>
</auxiliary>
<auxiliary keyword="CHEB">
<data> 1.73470000E+001</data>
<data> 1.25910000E-003</data>
<data> 9.21890000E-004</data>
<data> 4.58430000E-004</data>
</auxiliary>
<auxiliary keyword="CHEB">
<data>-3.83500000E-001</data>
<data>-1.27720000E-004</data>
<data>-9.33050000E-005</data>
<data>-4.62760000E-005</data>
</auxiliary>
<auxiliary keyword="CHEB">
<data>-1.22900000E-001</data>
<data>-7.49470000E-005</data>
<data>-5.49360000E-005</data>
<data>-2.73550000E-005</data>
</auxiliary>
</reaction>
<reaction formula="CH3C[OH]CHcH2+CH3(+M)=MEKenol+CH2(+M)">
<rate A=" 1.00000000E+000" B=" 0.00000000E+000" E=" 0.00000000E+000"/>
<auxiliary keyword="TCHEB">
<data> 3.00000000E+002</data>
<data> 2.10000000E+003</data>
</auxiliary>
<auxiliary keyword="PCHEB">
<data> 9.86923267E-003</data>
<data> 9.86923267E+001</data>
</auxiliary>
<auxiliary keyword="CHEB">
<data>     4</data>
<data>     4</data>
</auxiliary>
<auxiliary keyword="CHEB">
<data> 2.61170000E+000</data>
<data>-2.31940000E-001</data>
<data>-1.21320000E-001</data>
<data>-3.48050000E-002</data>
</auxiliary>
<auxiliary keyword="CHEB">
<data> 8.34380000E+000</data>
<data> 3.11090000E-001</data>
<data> 1.55220000E-001</data>
<data> 3.92700000E-002</data>
</auxiliary>
<auxiliary keyword="CHEB">
<data> 9.02720000E-002</data>
<data>-6.63660000E-002</data>
<data>-2.28760000E-002</data>
<data> 1.56540000E-003</data>
</auxiliary>
<auxiliary keyword="CHEB">
<data> 4.14400000E-002</data>
<data>-2.79430000E-002</data>
<data>-1.92750000E-002</data>
<data>-8.52640000E-003</data>
</auxiliary>
</reaction>
<reaction formula="CH2C[O]CH3+CH3(+M)=CH3C[O]cHCH3+H(+M)">
<rate A=" 1.00000000E+000" B=" 0.00000000E+000" E=" 0.00000000E+000"/>
<auxiliary keyword="TCHEB">
<data> 3.00000000E+002</data>
<data> 2.10000000E+003</data>
</auxiliary>
<auxiliary keyword="PCHEB">
<data> 9.86923267E-003</data>
<data> 9.86923267E+001</data>
</auxiliary>
<auxiliary keyword="CHEB">
<data>     4</data>
<data>     4</data>
</auxiliary>
<auxiliary keyword="CHEB">
<data> 6.30460000E+000</data>
<data>-2.05830000E-002</data>
<data>-1.43070000E-002</data>
<data>-6.67560000E-003</data>
</auxiliary>
<auxiliary keyword="CHEB">
<data> 4.19590000E+000</data>
<data> 3.15950000E-002</data>
<data> 2.18230000E-002</data>
<data> 1.01000000E-002</data>
</auxiliary>
<auxiliary keyword="CHEB">
<data> 1.88420000E-001</data>
<data>-1.38330000E-002</data>
<data>-9.32970000E-003</data>
<data>-4.18150000E-003</data>
</auxiliary>
<auxiliary keyword="CHEB">
<data> 8.13730000E-002</data>
<data> 2.72390000E-003</data>
<data> 1.69890000E-003</data>
<data> 6.75850000E-004</data>
</auxiliary>
</reaction>
<reaction formula="sSPC(1735)(+M)=CH3+HO2(+M)">
<rate A=" 1.00000000E+000" B=" 0.00000000E+000" E=" 0.00000000E+000"/>
<auxiliary keyword="TCHEB">
<data> 3.00000000E+002</data>
<data> 2.10000000E+003</data>
</auxiliary>
<auxiliary keyword="PCHEB">
<data> 9.86923267E-003</data>
<data> 9.86923267E+001</data>
</auxiliary>
<auxiliary keyword="CHEB">
<data>     4</data>
<data>     4</data>
</auxiliary>
<auxiliary keyword="CHEB">
<data>-1.66030000E+001</data>
<data> 1.99750000E+000</data>
<data>-1.82150000E-003</data>
<data>-9.04820000E-004</data>
</auxiliary>
<auxiliary keyword="CHEB">
<data> 2.03540000E+001</data>
<data> 2.95910000E-003</data>
<data> 2.16370000E-003</data>
<data> 1.07430000E-003</data>
</auxiliary>
<auxiliary keyword="CHEB">
<data>-6.00080000E-001</data>
<data>-2.61190000E-004</data>
<data>-1.89850000E-004</data>
<data>-9.36080000E-005</data>
</auxiliary>
<auxiliary keyword="CHEB">
<data>-2.33880000E-001</data>
<data>-1.98240000E-004</data>
<data>-1.45290000E-004</data>
<data>-7.23300000E-005</data>
</auxiliary>
</reaction>
<reaction formula="sSPC(1735)(+M)=CH3O+OH(+M)">
<rate A=" 1.00000000E+000" B=" 0.00000000E+000" E=" 0.00000000E+000"/>
<auxiliary keyword="TCHEB">
<data> 3.00000000E+002</data>
<data> 2.10000000E+003</data>
</auxiliary>
<auxiliary keyword="PCHEB">
<data> 9.86923267E-003</data>
<data> 9.86923267E+001</data>
</auxiliary>
<auxiliary keyword="CHEB">
<data>     4</data>
<data>     4</data>
</auxiliary>
<auxiliary keyword="CHEB">
<data>-4.22190000E+000</data>
<data> 1.61830000E+000</data>
<data>-1.90570000E-001</data>
<data>-4.86200000E-002</data>
</auxiliary>
<auxiliary keyword="CHEB">
<data> 1.23520000E+001</data>
<data> 3.40150000E-001</data>
<data> 1.49070000E-001</data>
<data> 2.33620000E-002</data>
</auxiliary>
<auxiliary keyword="CHEB">
<data>-8.93430000E-001</data>
<data> 5.50800000E-002</data>
<data> 4.17440000E-002</data>
<data> 2.00610000E-002</data>
</auxiliary>
<auxiliary keyword="CHEB">
<data>-4.26310000E-001</data>
<data>-1.29010000E-002</data>
<data>-9.84300000E-004</data>
<data> 4.01910000E-003</data>
</auxiliary>
</reaction>
<reaction formula="sSPC(1735)(+M)=sSPC(1697)+H(+M)">
<rate A=" 1.00000000E+000" B=" 0.00000000E+000" E=" 0.00000000E+000"/>
<auxiliary keyword="TCHEB">
<data> 3.00000000E+002</data>
<data> 2.10000000E+003</data>
</auxiliary>
<auxiliary keyword="PCHEB">
<data> 9.86923267E-003</data>
<data> 9.86923267E+001</data>
</auxiliary>
<auxiliary keyword="CHEB">
<data>     4</data>
<data>     4</data>
</auxiliary>
<auxiliary keyword="CHEB">
<data>-2.73250000E+001</data>
<data> 1.99970000E+000</data>
<data>-2.22180000E-004</data>
<data>-1.10580000E-004</data>
</auxiliary>
<auxiliary keyword="CHEB">
<data> 2.62790000E+001</data>
<data> 3.56050000E-004</data>
<data> 2.60870000E-004</data>
<data> 1.29830000E-004</data>
</auxiliary>
<auxiliary keyword="CHEB">
<data>-4.97090000E-001</data>
<data>-2.89920000E-005</data>
<data>-2.12250000E-005</data>
<data>-1.05540000E-005</data>
</auxiliary>
<auxiliary keyword="CHEB">
<data>-1.88430000E-001</data>
<data>-2.31600000E-005</data>
<data>-1.69740000E-005</data>
<data>-8.45020000E-006</data>
</auxiliary>
</reaction>
<reaction formula="CH3+HO2(+M)=sSPC(1697)+H(+M)">
<rate A=" 1.00000000E+000" B=" 0.00000000E+000" E=" 0.00000000E+000"/>
<auxiliary keyword="TCHEB">
<data> 3.00000000E+002</data>
<data> 2.10000000E+003</data>
</auxiliary>
<auxiliary keyword="PCHEB">
<data> 9.86923267E-003</data>
<data> 9.86923267E+001</data>
</auxiliary>
<auxiliary keyword="CHEB">
<data>     4</data>
<data>     4</data>
</auxiliary>
<auxiliary keyword="CHEB">
<data> 1.50640000E+000</data>
<data>-2.90200000E-004</data>
<data>-2.12630000E-004</data>
<data>-1.05830000E-004</data>
</auxiliary>
<auxiliary keyword="CHEB">
<data> 6.59600000E+000</data>
<data> 3.55650000E-004</data>
<data> 2.60580000E-004</data>
<data> 1.29690000E-004</data>
</auxiliary>
<auxiliary keyword="CHEB">
<data> 4.43770000E-001</data>
<data>-3.99250000E-005</data>
<data>-2.92380000E-005</data>
<data>-1.45420000E-005</data>
</auxiliary>
<auxiliary keyword="CHEB">
<data> 1.68240000E-001</data>
<data>-2.75030000E-005</data>
<data>-2.01570000E-005</data>
<data>-1.00350000E-005</data>
</auxiliary>
</reaction>
<reaction formula="CH3O+OH(+M)=sSPC(1697)+H(+M)">
<rate A=" 1.00000000E+000" B=" 0.00000000E+000" E=" 0.00000000E+000"/>
<auxiliary keyword="TCHEB">
<data> 3.00000000E+002</data>
<data> 2.10000000E+003</data>
</auxiliary>
<auxiliary keyword="PCHEB">
<data> 9.86923267E-003</data>
<data> 9.86923267E+001</data>
</auxiliary>
<auxiliary keyword="CHEB">
<data>     4</data>
<data>     4</data>
</auxiliary>
<auxiliary keyword="CHEB">
<data>-6.20710000E+000</data>
<data>-2.98790000E-004</data>
<data>-2.18930000E-004</data>
<data>-1.08960000E-004</data>
</auxiliary>
<auxiliary keyword="CHEB">
<data> 1.39520000E+001</data>
<data> 3.56700000E-004</data>
<data> 2.61350000E-004</data>
<data> 1.30070000E-004</data>
</auxiliary>
<auxiliary keyword="CHEB">
<data> 1.53020000E-001</data>
<data>-3.24970000E-005</data>
<data>-2.37940000E-005</data>
<data>-1.18330000E-005</data>
</auxiliary>
<auxiliary keyword="CHEB">
<data> 6.34290000E-002</data>
<data>-2.51740000E-005</data>
<data>-1.84500000E-005</data>
<data>-9.18520000E-006</data>
</auxiliary>
</reaction>
<reaction formula="CH3+sSPC(116)(+M)=sSPC(1697)+CH3CH[OH]CHCH3(+M)">
<rate A=" 1.00000000E+000" B=" 0.00000000E+000" E=" 0.00000000E+000"/>
<auxiliary keyword="TCHEB">
<data> 3.00000000E+002</data>
<data> 2.10000000E+003</data>
</auxiliary>
<auxiliary keyword="PCHEB">
<data> 9.86923267E-003</data>
<data> 9.86923267E+001</data>
</auxiliary>
<auxiliary keyword="CHEB">
<data>     4</data>
<data>     4</data>
</auxiliary>
<auxiliary keyword="CHEB">
<data> 7.24050000E+000</data>
<data>-1.43590000E+000</data>
<data>-3.85500000E-002</data>
<data>-1.39750000E-003</data>
</auxiliary>
<auxiliary keyword="CHEB">
<data> 6.74220000E+000</data>
<data> 9.75920000E-001</data>
<data>-7.03560000E-002</data>
<data>-6.78210000E-003</data>
</auxiliary>
<auxiliary keyword="CHEB">
<data> 1.81360000E-001</data>
<data> 5.25840000E-001</data>
<data> 2.41170000E-002</data>
<data>-7.35280000E-003</data>
</auxiliary>
<auxiliary keyword="CHEB">
<data>-2.69700000E-001</data>
<data> 8.89590000E-002</data>
<data> 6.42100000E-002</data>
<data>-5.43680000E-004</data>
</auxiliary>
</reaction>
<reaction formula="CH3+sSPC(46)(+M)=sSPC(1697)+C4H7-24(+M)">
<rate A=" 1.00000000E+000" B=" 0.00000000E+000" E=" 0.00000000E+000"/>
<auxiliary keyword="TCHEB">
<data> 3.00000000E+002</data>
<data> 2.10000000E+003</data>
</auxiliary>
<auxiliary keyword="PCHEB">
<data> 9.86923267E-003</data>
<data> 9.86923267E+001</data>
</auxiliary>
<auxiliary keyword="CHEB">
<data>     4</data>
<data>     4</data>
</auxiliary>
<auxiliary keyword="CHEB">
<data> 1.13770000E+001</data>
<data>-1.29420000E+000</data>
<data>-5.11070000E-002</data>
<data> 2.05340000E-003</data>
</auxiliary>
<auxiliary keyword="CHEB">
<data> 3.07330000E+000</data>
<data> 1.15130000E+000</data>
<data>-4.51560000E-002</data>
<data>-1.00150000E-002</data>
</auxiliary>
<auxiliary keyword="CHEB">
<data> 1.65290000E-001</data>
<data> 3.68050000E-001</data>
<data> 6.62910000E-002</data>
<data>-6.68960000E-003</data>
</auxiliary>
<auxiliary keyword="CHEB">
<data>-3.27010000E-001</data>
<data>-1.10260000E-001</data>
<data> 5.86180000E-002</data>
<data> 8.12490000E-003</data>
</auxiliary>
</reaction>
<reaction formula="CH3+sSPC(56)(+M)=sSPC(1697)+C4H7-24(+M)">
<rate A=" 1.00000000E+000" B=" 0.00000000E+000" E=" 0.00000000E+000"/>
<auxiliary keyword="TCHEB">
<data> 3.00000000E+002</data>
<data> 2.10000000E+003</data>
</auxiliary>
<auxiliary keyword="PCHEB">
<data> 9.86923267E-003</data>
<data> 9.86923267E+001</data>
</auxiliary>
<auxiliary keyword="CHEB">
<data>     4</data>
<data>     4</data>
</auxiliary>
<auxiliary keyword="CHEB">
<data> 1.13140000E+001</data>
<data>-1.29450000E+000</data>
<data>-5.88020000E-002</data>
<data> 3.86420000E-003</data>
</auxiliary>
<auxiliary keyword="CHEB">
<data> 2.98850000E+000</data>
<data> 1.13350000E+000</data>
<data>-4.76470000E-002</data>
<data>-1.25330000E-002</data>
</auxiliary>
<auxiliary keyword="CHEB">
<data> 5.99790000E-002</data>
<data> 3.66950000E-001</data>
<data> 7.15180000E-002</data>
<data>-9.34610000E-003</data>
</auxiliary>
<auxiliary keyword="CHEB">
<data>-1.49860000E-001</data>
<data>-9.42500000E-002</data>
<data> 6.07190000E-002</data>
<data> 9.30710000E-003</data>
</auxiliary>
</reaction>
<reaction formula="CH3+sSPC(752)(+M)=sSPC(1697)+CH3C[O]cHCH3(+M)">
<rate A=" 1.00000000E+000" B=" 0.00000000E+000" E=" 0.00000000E+000"/>
<auxiliary keyword="TCHEB">
<data> 3.00000000E+002</data>
<data> 2.10000000E+003</data>
</auxiliary>
<auxiliary keyword="PCHEB">
<data> 9.86923267E-003</data>
<data> 9.86923267E+001</data>
</auxiliary>
<auxiliary keyword="CHEB">
<data>     4</data>
<data>     4</data>
</auxiliary>
<auxiliary keyword="CHEB">
<data> 8.18410000E+000</data>
<data>-1.41490000E+000</data>
<data>-3.71480000E-002</data>
<data>-7.02360000E-004</data>
</auxiliary>
<auxiliary keyword="CHEB">
<data> 5.98450000E+000</data>
<data> 1.01060000E+000</data>
<data>-6.32490000E-002</data>
<data>-6.49540000E-003</data>
</auxiliary>
<auxiliary keyword="CHEB">
<data> 3.33850000E-001</data>
<data> 5.11370000E-001</data>
<data> 3.01400000E-002</data>
<data>-6.48940000E-003</data>
</auxiliary>
<auxiliary keyword="CHEB">
<data>-5.03100000E-001</data>
<data> 5.77630000E-002</data>
<data> 6.29050000E-002</data>
<data> 1.03100000E-003</data>
</auxiliary>
</reaction>
<reaction formula="CH3+sSPC(332)(+M)=sSPC(1697)+CH3CH[OH]CH2CH2(+M)">
<rate A=" 1.00000000E+000" B=" 0.00000000E+000" E=" 0.00000000E+000"/>
<auxiliary keyword="TCHEB">
<data> 3.00000000E+002</data>
<data> 2.10000000E+003</data>
</auxiliary>
<auxiliary keyword="PCHEB">
<data> 9.86923267E-003</data>
<data> 9.86923267E+001</data>
</auxiliary>
<auxiliary keyword="CHEB">
<data>     4</data>
<data>     4</data>
</auxiliary>
<auxiliary keyword="CHEB">
<data> 7.59270000E+000</data>
<data>-1.43250000E+000</data>
<data>-3.86790000E-002</data>
<data>-1.33990000E-003</data>
</auxiliary>
<auxiliary keyword="CHEB">
<data> 5.87780000E+000</data>
<data> 9.81590000E-001</data>
<data>-6.98950000E-002</data>
<data>-6.94360000E-003</data>
</auxiliary>
<auxiliary keyword="CHEB">
<data> 2.65140000E-001</data>
<data> 5.23800000E-001</data>
<data> 2.53880000E-002</data>
<data>-7.33880000E-003</data>
</auxiliary>
<auxiliary keyword="CHEB">
<data>-2.76910000E-001</data>
<data> 8.41620000E-002</data>
<data> 6.47370000E-002</data>
<data>-2.18960000E-004</data>
</auxiliary>
</reaction>
<reaction formula="CH3+sSPC(1356)(+M)=sSPC(1697)+CH2C[O]CH3(+M)">
<rate A=" 1.00000000E+000" B=" 0.00000000E+000" E=" 0.00000000E+000"/>
<auxiliary keyword="TCHEB">
<data> 3.00000000E+002</data>
<data> 2.10000000E+003</data>
</auxiliary>
<auxiliary keyword="PCHEB">
<data> 9.86923267E-003</data>
<data> 9.86923267E+001</data>
</auxiliary>
<auxiliary keyword="CHEB">
<data>     4</data>
<data>     4</data>
</auxiliary>
<auxiliary keyword="CHEB">
<data> 7.82310000E+000</data>
<data>-1.18250000E-001</data>
<data>-7.27650000E-002</data>
<data>-2.85140000E-002</data>
</auxiliary>
<auxiliary keyword="CHEB">
<data> 3.48120000E+000</data>
<data> 1.67620000E-001</data>
<data> 1.00640000E-001</data>
<data> 3.78240000E-002</data>
</auxiliary>
<auxiliary keyword="CHEB">
<data> 7.62640000E-001</data>
<data>-4.76450000E-002</data>
<data>-2.42770000E-002</data>
<data>-6.28440000E-003</data>
</auxiliary>
<auxiliary keyword="CHEB">
<data> 2.00620000E-001</data>
<data>-6.99320000E-003</data>
<data>-7.34330000E-003</data>
<data>-4.80450000E-003</data>
</auxiliary>
</reaction>
<reaction formula="CH3+sSPC(1356)(+M)=sSPC(1590)+CH3O(+M)">
<rate A=" 1.00000000E+000" B=" 0.00000000E+000" E=" 0.00000000E+000"/>
<auxiliary keyword="TCHEB">
<data> 3.00000000E+002</data>
<data> 2.10000000E+003</data>
</auxiliary>
<auxiliary keyword="PCHEB">
<data> 9.86923267E-003</data>
<data> 9.86923267E+001</data>
</auxiliary>
<auxiliary keyword="CHEB">
<data>     4</data>
<data>     4</data>
</auxiliary>
<auxiliary keyword="CHEB">
<data> 1.34550000E+001</data>
<data>-1.90070000E-001</data>
<data>-1.07420000E-001</data>
<data>-3.63110000E-002</data>
</auxiliary>
<auxiliary keyword="CHEB">
<data> 5.45470000E-001</data>
<data> 2.52700000E-001</data>
<data> 1.37170000E-001</data>
<data> 4.26010000E-002</data>
</auxiliary>
<auxiliary keyword="CHEB">
<data> 1.60080000E-001</data>
<data>-4.77240000E-002</data>
<data>-1.68690000E-002</data>
<data> 9.56430000E-004</data>
</auxiliary>
<auxiliary keyword="CHEB">
<data> 7.79520000E-002</data>
<data>-2.24180000E-002</data>
<data>-1.71790000E-002</data>
<data>-8.67070000E-003</data>
</auxiliary>
</reaction>
<reaction formula="sSPC(1697)+CH2C[O]CH3(+M)=sSPC(1590)+CH3O(+M)">
<rate A=" 1.00000000E+000" B=" 0.00000000E+000" E=" 0.00000000E+000"/>
<auxiliary keyword="TCHEB">
<data> 3.00000000E+002</data>
<data> 2.10000000E+003</data>
</auxiliary>
<auxiliary keyword="PCHEB">
<data> 9.86923267E-003</data>
<data> 9.86923267E+001</data>
</auxiliary>
<auxiliary keyword="CHEB">
<data>     4</data>
<data>     4</data>
</auxiliary>
<auxiliary keyword="CHEB">
<data> 1.32550000E+001</data>
<data>-2.12710000E-001</data>
<data>-1.16180000E-001</data>
<data>-3.67880000E-002</data>
</auxiliary>
<auxiliary keyword="CHEB">
<data> 6.86120000E-001</data>
<data> 2.81530000E-001</data>
<data> 1.46870000E-001</data>
<data> 4.18790000E-002</data>
</auxiliary>
<auxiliary keyword="CHEB">
<data> 2.17060000E-001</data>
<data>-5.11960000E-002</data>
<data>-1.57680000E-002</data>
<data> 3.08100000E-003</data>
</auxiliary>
<auxiliary keyword="CHEB">
<data> 8.40840000E-002</data>
<data>-2.58840000E-002</data>
<data>-1.93820000E-002</data>
<data>-9.44390000E-003</data>
</auxiliary>
</reaction>
<reaction formula="nSPC(801)(+M)=sSPC(1909)+OH(+M)">
<rate A=" 1.00000000E+000" B=" 0.00000000E+000" E=" 0.00000000E+000"/>
<auxiliary keyword="TCHEB">
<data> 3.00000000E+002</data>
<data> 2.10000000E+003</data>
</auxiliary>
<auxiliary keyword="PCHEB">
<data> 9.86923267E-003</data>
<data> 9.86923267E+001</data>
</auxiliary>
<auxiliary keyword="CHEB">
<data>     4</data>
<data>     4</data>
</auxiliary>
<auxiliary keyword="CHEB">
<data>-3.49380000E+000</data>
<data> 1.73320000E+000</data>
<data>-1.44630000E-001</data>
<data>-4.45100000E-002</data>
</auxiliary>
<auxiliary keyword="CHEB">
<data> 1.09260000E+001</data>
<data> 2.96660000E-001</data>
<data> 1.53560000E-001</data>
<data> 4.22620000E-002</data>
</auxiliary>
<auxiliary keyword="CHEB">
<data>-6.98310000E-001</data>
<data> 1.03250000E-002</data>
<data> 1.45510000E-002</data>
<data> 1.04980000E-002</data>
</auxiliary>
<auxiliary keyword="CHEB">
<data>-8.82380000E-002</data>
<data>-3.84300000E-002</data>
<data>-2.11690000E-002</data>
<data>-6.58790000E-003</data>
</auxiliary>
</reaction>
<reaction formula="nSPC(801)(+M)=O2+CH3CO(+M)">
<rate A=" 1.00000000E+000" B=" 0.00000000E+000" E=" 0.00000000E+000"/>
<auxiliary keyword="TCHEB">
<data> 3.00000000E+002</data>
<data> 2.10000000E+003</data>
</auxiliary>
<auxiliary keyword="PCHEB">
<data> 9.86923267E-003</data>
<data> 9.86923267E+001</data>
</auxiliary>
<auxiliary keyword="CHEB">
<data>     4</data>
<data>     4</data>
</auxiliary>
<auxiliary keyword="CHEB">
<data>-2.85330000E+000</data>
<data> 2.69310000E-001</data>
<data>-2.75480000E-001</data>
<data> 3.77720000E-002</data>
</auxiliary>
<auxiliary keyword="CHEB">
<data> 8.97890000E+000</data>
<data> 1.35340000E+000</data>
<data> 1.63580000E-001</data>
<data>-2.69650000E-002</data>
</auxiliary>
<auxiliary keyword="CHEB">
<data>-1.21740000E+000</data>
<data> 1.42730000E-001</data>
<data> 5.56190000E-002</data>
<data> 4.81710000E-003</data>
</auxiliary>
<auxiliary keyword="CHEB">
<data>-4.28450000E-001</data>
<data>-4.26830000E-002</data>
<data> 2.93350000E-003</data>
<data>-3.16600000E-003</data>
</auxiliary>
</reaction>
<reaction formula="CH2CO+HO2(+M)=sSPC(1909)+OH(+M)">
<rate A=" 1.00000000E+000" B=" 0.00000000E+000" E=" 0.00000000E+000"/>
<auxiliary keyword="TCHEB">
<data> 3.00000000E+002</data>
<data> 2.10000000E+003</data>
</auxiliary>
<auxiliary keyword="PCHEB">
<data> 9.86923267E-003</data>
<data> 9.86923267E+001</data>
</auxiliary>
<auxiliary keyword="CHEB">
<data>     4</data>
<data>     4</data>
</auxiliary>
<auxiliary keyword="CHEB">
<data> 7.51330000E+000</data>
<data>-2.23800000E-001</data>
<data>-1.19360000E-001</data>
<data>-3.54190000E-002</data>
</auxiliary>
<auxiliary keyword="CHEB">
<data> 4.90370000E+000</data>
<data> 2.89440000E-001</data>
<data> 1.50520000E-001</data>
<data> 4.19880000E-002</data>
</auxiliary>
<auxiliary keyword="CHEB">
<data> 1.09860000E-001</data>
<data>-3.73420000E-002</data>
<data>-1.38920000E-002</data>
<data>-2.29810000E-007</data>
</auxiliary>
<auxiliary keyword="CHEB">
<data> 1.35710000E-002</data>
<data>-4.10410000E-002</data>
<data>-2.35550000E-002</data>
<data>-8.03070000E-003</data>
</auxiliary>
</reaction>
<reaction formula="CH2CO+HO2(+M)=O2+CH3CO(+M)">
<rate A=" 1.00000000E+000" B=" 0.00000000E+000" E=" 0.00000000E+000"/>
<auxiliary keyword="TCHEB">
<data> 3.00000000E+002</data>
<data> 2.10000000E+003</data>
</auxiliary>
<auxiliary keyword="PCHEB">
<data> 9.86923267E-003</data>
<data> 9.86923267E+001</data>
</auxiliary>
<auxiliary keyword="CHEB">
<data>     4</data>
<data>     4</data>
</auxiliary>
<auxiliary keyword="CHEB">
<data> 6.83720000E+000</data>
<data>-1.02600000E+000</data>
<data>-2.24790000E-001</data>
<data>-1.19940000E-002</data>
</auxiliary>
<auxiliary keyword="CHEB">
<data> 2.72260000E+000</data>
<data> 1.21620000E+000</data>
<data> 2.29030000E-001</data>
<data>-8.88790000E-004</data>
</auxiliary>
<auxiliary keyword="CHEB">
<data>-4.20700000E-001</data>
<data>-8.56550000E-002</data>
<data> 2.48610000E-002</data>
<data> 1.49040000E-002</data>
</auxiliary>
<auxiliary keyword="CHEB">
<data>-1.11200000E-001</data>
<data>-1.04230000E-001</data>
<data>-2.42870000E-002</data>
<data>-8.47660000E-004</data>
</auxiliary>
</reaction>
<reaction formula="sSPC(1909)+OH(+M)=O2+CH3CO(+M)">
<rate A=" 1.00000000E+000" B=" 0.00000000E+000" E=" 0.00000000E+000"/>
<auxiliary keyword="TCHEB">
<data> 3.00000000E+002</data>
<data> 2.10000000E+003</data>
</auxiliary>
<auxiliary keyword="PCHEB">
<data> 9.86923267E-003</data>
<data> 9.86923267E+001</data>
</auxiliary>
<auxiliary keyword="CHEB">
<data>     4</data>
<data>     4</data>
</auxiliary>
<auxiliary keyword="CHEB">
<data> 1.02370000E+001</data>
<data>-1.83950000E-001</data>
<data>-1.14450000E-001</data>
<data>-4.56450000E-002</data>
</auxiliary>
<auxiliary keyword="CHEB">
<data> 5.62290000E-001</data>
<data> 2.40480000E-001</data>
<data> 1.46410000E-001</data>
<data> 5.63330000E-002</data>
</auxiliary>
<auxiliary keyword="CHEB">
<data>-2.07840000E-001</data>
<data>-4.43930000E-002</data>
<data>-2.23950000E-002</data>
<data>-5.61560000E-003</data>
</auxiliary>
<auxiliary keyword="CHEB">
<data>-3.92070000E-002</data>
<data>-1.65300000E-002</data>
<data>-1.21200000E-002</data>
<data>-5.97060000E-003</data>
</auxiliary>
</reaction>
<reaction formula="CH2CO+OH(+M)=H+sSPC(1909)(+M)">
<rate A=" 1.00000000E+000" B=" 0.00000000E+000" E=" 0.00000000E+000"/>
<auxiliary keyword="TCHEB">
<data> 3.00000000E+002</data>
<data> 2.10000000E+003</data>
</auxiliary>
<auxiliary keyword="PCHEB">
<data> 9.86923267E-003</data>
<data> 9.86923267E+001</data>
</auxiliary>
<auxiliary keyword="CHEB">
<data>     4</data>
<data>     4</data>
</auxiliary>
<auxiliary keyword="CHEB">
<data>-1.01780000E+001</data>
<data>-2.88550000E-003</data>
<data>-2.10990000E-003</data>
<data>-1.04760000E-003</data>
</auxiliary>
<auxiliary keyword="CHEB">
<data> 1.63630000E+001</data>
<data> 3.49580000E-003</data>
<data> 2.55500000E-003</data>
<data> 1.26790000E-003</data>
</auxiliary>
<auxiliary keyword="CHEB">
<data> 5.24500000E-002</data>
<data>-4.16350000E-004</data>
<data>-3.02680000E-004</data>
<data>-1.49260000E-004</data>
</auxiliary>
<auxiliary keyword="CHEB">
<data> 3.78890000E-002</data>
<data>-2.04920000E-004</data>
<data>-1.50320000E-004</data>
<data>-7.49110000E-005</data>
</auxiliary>
</reaction>
<reaction formula="CH2CO+sSPC(1356)(+M)=sSPC(1590)+sSPC(1909)(+M)">
<rate A=" 1.00000000E+000" B=" 0.00000000E+000" E=" 0.00000000E+000"/>
<auxiliary keyword="TCHEB">
<data> 3.00000000E+002</data>
<data> 2.10000000E+003</data>
</auxiliary>
<auxiliary keyword="PCHEB">
<data> 9.86923267E-003</data>
<data> 9.86923267E+001</data>
</auxiliary>
<auxiliary keyword="CHEB">
<data>     4</data>
<data>     4</data>
</auxiliary>
<auxiliary keyword="CHEB">
<data> 8.26750000E+000</data>
<data>-1.02880000E+000</data>
<data>-9.56970000E-002</data>
<data> 1.50170000E-002</data>
</auxiliary>
<auxiliary keyword="CHEB">
<data> 4.39210000E+000</data>
<data> 1.16000000E+000</data>
<data> 4.78250000E-002</data>
<data>-2.79400000E-002</data>
</auxiliary>
<auxiliary keyword="CHEB">
<data> 1.44590000E-001</data>
<data> 7.89650000E-002</data>
<data> 7.67600000E-002</data>
<data> 3.58760000E-003</data>
</auxiliary>
<auxiliary keyword="CHEB">
<data>-1.42850000E-001</data>
<data>-2.19130000E-001</data>
<data>-6.27270000E-003</data>
<data> 1.49870000E-002</data>
</auxiliary>
</reaction>
<reaction formula="CH2CO+CH3C[OH]CHcH2(+M)=C4H6O(717)+CH3CO(+M)">
<rate A=" 1.00000000E+000" B=" 0.00000000E+000" E=" 0.00000000E+000"/>
<auxiliary keyword="TCHEB">
<data> 3.00000000E+002</data>
<data> 2.10000000E+003</data>
</auxiliary>
<auxiliary keyword="PCHEB">
<data> 9.86923267E-003</data>
<data> 9.86923267E+001</data>
</auxiliary>
<auxiliary keyword="CHEB">
<data>     4</data>
<data>     4</data>
</auxiliary>
<auxiliary keyword="CHEB">
<data>-6.73200000E+000</data>
<data>-2.19050000E-005</data>
<data>-1.60540000E-005</data>
<data>-7.99220000E-006</data>
</auxiliary>
<auxiliary keyword="CHEB">
<data> 1.30920000E+001</data>
<data> 1.85260000E-005</data>
<data> 1.35770000E-005</data>
<data> 6.75900000E-006</data>
</auxiliary>
<auxiliary keyword="CHEB">
<data> 1.55480000E-001</data>
<data>-6.88530000E-006</data>
<data>-5.04590000E-006</data>
<data>-2.51200000E-006</data>
</auxiliary>
<auxiliary keyword="CHEB">
<data> 5.83820000E-002</data>
<data> 3.05340000E-006</data>
<data> 2.23770000E-006</data>
<data> 1.11400000E-006</data>
</auxiliary>
</reaction>
<reaction formula="CH2CO+MEKenol(+M)=CH3CO+CH3C[O]cHCH3(+M)">
<rate A=" 1.00000000E+000" B=" 0.00000000E+000" E=" 0.00000000E+000"/>
<auxiliary keyword="TCHEB">
<data> 3.00000000E+002</data>
<data> 2.10000000E+003</data>
</auxiliary>
<auxiliary keyword="PCHEB">
<data> 9.86923267E-003</data>
<data> 9.86923267E+001</data>
</auxiliary>
<auxiliary keyword="CHEB">
<data>     4</data>
<data>     4</data>
</auxiliary>
<auxiliary keyword="CHEB">
<data>-1.00190000E+001</data>
<data>-1.30590000E+000</data>
<data>-3.99770000E-002</data>
<data> 3.11990000E-003</data>
</auxiliary>
<auxiliary keyword="CHEB">
<data> 1.69110000E+001</data>
<data> 1.15170000E+000</data>
<data>-3.28020000E-002</data>
<data>-6.39580000E-003</data>
</auxiliary>
<auxiliary keyword="CHEB">
<data>-1.07180000E-001</data>
<data> 3.94180000E-001</data>
<data> 5.27540000E-002</data>
<data>-5.89630000E-003</data>
</auxiliary>
<auxiliary keyword="CHEB">
<data>-2.67230000E-001</data>
<data>-1.02350000E-001</data>
<data> 4.51150000E-002</data>
<data> 5.10260000E-003</data>
</auxiliary>
</reaction>
<reaction formula="CH2CO+sSPC(1697)(+M)=sSPC(1909)+CH3O(+M)">
<rate A=" 1.00000000E+000" B=" 0.00000000E+000" E=" 0.00000000E+000"/>
<auxiliary keyword="TCHEB">
<data> 3.00000000E+002</data>
<data> 2.10000000E+003</data>
</auxiliary>
<auxiliary keyword="PCHEB">
<data> 9.86923267E-003</data>
<data> 9.86923267E+001</data>
</auxiliary>
<auxiliary keyword="CHEB">
<data>     4</data>
<data>     4</data>
</auxiliary>
<auxiliary keyword="CHEB">
<data> 8.20770000E+000</data>
<data>-8.19820000E-001</data>
<data>-1.33510000E-001</data>
<data> 1.89920000E-002</data>
</auxiliary>
<auxiliary keyword="CHEB">
<data> 4.13070000E+000</data>
<data> 9.86430000E-001</data>
<data> 1.24200000E-001</data>
<data>-3.68660000E-002</data>
</auxiliary>
<auxiliary keyword="CHEB">
<data> 1.42770000E-001</data>
<data>-2.34730000E-002</data>
<data> 4.52390000E-002</data>
<data> 1.56830000E-002</data>
</auxiliary>
<auxiliary keyword="CHEB">
<data>-5.95230000E-002</data>
<data>-1.68970000E-001</data>
<data>-2.95770000E-002</data>
<data> 8.50530000E-003</data>
</auxiliary>
</reaction>
<reaction formula="sSPC(1697)+CH3(+M)=2CH3O(+M)">
<rate A=" 1.00000000E+000" B=" 0.00000000E+000" E=" 0.00000000E+000"/>
<auxiliary keyword="TCHEB">
<data> 3.00000000E+002</data>
<data> 2.10000000E+003</data>
</auxiliary>
<auxiliary keyword="PCHEB">
<data> 9.86923267E-003</data>
<data> 9.86923267E+001</data>
</auxiliary>
<auxiliary keyword="CHEB">
<data>     4</data>
<data>     4</data>
</auxiliary>
<auxiliary keyword="CHEB">
<data> 1.37920000E+001</data>
<data>-2.48880000E-002</data>
<data>-1.77990000E-002</data>
<data>-8.60580000E-003</data>
</auxiliary>
<auxiliary keyword="CHEB">
<data> 2.29830000E-001</data>
<data> 3.33750000E-002</data>
<data> 2.37910000E-002</data>
<data> 1.14560000E-002</data>
</auxiliary>
<auxiliary keyword="CHEB">
<data> 1.84530000E-001</data>
<data>-6.88140000E-003</data>
<data>-4.78220000E-003</data>
<data>-2.22970000E-003</data>
</auxiliary>
<auxiliary keyword="CHEB">
<data> 8.77740000E-002</data>
<data>-2.60850000E-003</data>
<data>-1.92880000E-003</data>
<data>-9.69920000E-004</data>
</auxiliary>
</reaction>
<reaction formula="nSPC(801)+HO2(+M)=H+nSPC(879)(+M)">
<rate A=" 1.00000000E+000" B=" 0.00000000E+000" E=" 0.00000000E+000"/>
<auxiliary keyword="TCHEB">
<data> 3.00000000E+002</data>
<data> 2.10000000E+003</data>
</auxiliary>
<auxiliary keyword="PCHEB">
<data> 9.86923267E-003</data>
<data> 9.86923267E+001</data>
</auxiliary>
<auxiliary keyword="CHEB">
<data>     4</data>
<data>     4</data>
</auxiliary>
<auxiliary keyword="CHEB">
<data> 1.73530000E+000</data>
<data>-9.06870000E-001</data>
<data>-1.33670000E-001</data>
<data> 9.28810000E-003</data>
</auxiliary>
<auxiliary keyword="CHEB">
<data> 7.63890000E+000</data>
<data> 1.04070000E+000</data>
<data> 7.95940000E-002</data>
<data>-2.85260000E-002</data>
</auxiliary>
<auxiliary keyword="CHEB">
<data> 6.96210000E-002</data>
<data> 4.86520000E-003</data>
<data> 9.72230000E-002</data>
<data> 1.31250000E-002</data>
</auxiliary>
<auxiliary keyword="CHEB">
<data>-1.67980000E-002</data>
<data>-1.29620000E-001</data>
<data>-2.11890000E-002</data>
<data> 1.49770000E-002</data>
</auxiliary>
</reaction>
<reaction formula="nSPC(801)+sSPC(116)(+M)=nSPC(879)+CH3CH[OH]CHCH3(+M)">
<rate A=" 1.00000000E+000" B=" 0.00000000E+000" E=" 0.00000000E+000"/>
<auxiliary keyword="TCHEB">
<data> 3.00000000E+002</data>
<data> 2.10000000E+003</data>
</auxiliary>
<auxiliary keyword="PCHEB">
<data> 9.86923267E-003</data>
<data> 9.86923267E+001</data>
</auxiliary>
<auxiliary keyword="CHEB">
<data>     4</data>
<data>     4</data>
</auxiliary>
<auxiliary keyword="CHEB">
<data> 5.97840000E+000</data>
<data>-1.42700000E+000</data>
<data>-3.81650000E-002</data>
<data>-2.05310000E-003</data>
</auxiliary>
<auxiliary keyword="CHEB">
<data> 7.49630000E+000</data>
<data> 9.95620000E-001</data>
<data>-7.11660000E-002</data>
<data>-7.82470000E-003</data>
</auxiliary>
<auxiliary keyword="CHEB">
<data> 4.16590000E-001</data>
<data> 5.18790000E-001</data>
<data> 2.49820000E-002</data>
<data>-6.38990000E-003</data>
</auxiliary>
<auxiliary keyword="CHEB">
<data>-4.26590000E-001</data>
<data> 6.80980000E-002</data>
<data> 6.68260000E-002</data>
<data> 9.58980000E-004</data>
</auxiliary>
</reaction>
<reaction formula="nSPC(801)+sSPC(46)(+M)=nSPC(879)+C4H7-24(+M)">
<rate A=" 1.00000000E+000" B=" 0.00000000E+000" E=" 0.00000000E+000"/>
<auxiliary keyword="TCHEB">
<data> 3.00000000E+002</data>
<data> 2.10000000E+003</data>
</auxiliary>
<auxiliary keyword="PCHEB">
<data> 9.86923267E-003</data>
<data> 9.86923267E+001</data>
</auxiliary>
<auxiliary keyword="CHEB">
<data>     4</data>
<data>     4</data>
</auxiliary>
<auxiliary keyword="CHEB">
<data> 9.54080000E+000</data>
<data>-1.37450000E+000</data>
<data>-4.33950000E-002</data>
<data>-8.60460000E-004</data>
</auxiliary>
<auxiliary keyword="CHEB">
<data> 4.97440000E+000</data>
<data> 1.07210000E+000</data>
<data>-6.55570000E-002</data>
<data>-9.53900000E-003</data>
</auxiliary>
<auxiliary keyword="CHEB">
<data> 2.19980000E-001</data>
<data> 4.59060000E-001</data>
<data> 4.12420000E-002</data>
<data>-7.33100000E-003</data>
</auxiliary>
<auxiliary keyword="CHEB">
<data>-5.69190000E-001</data>
<data>-2.11230000E-002</data>
<data> 6.83760000E-002</data>
<data> 4.06330000E-003</data>
</auxiliary>
</reaction>
<reaction formula="nSPC(801)+sSPC(56)(+M)=nSPC(879)+C4H7-24(+M)">
<rate A=" 1.00000000E+000" B=" 0.00000000E+000" E=" 0.00000000E+000"/>
<auxiliary keyword="TCHEB">
<data> 3.00000000E+002</data>
<data> 2.10000000E+003</data>
</auxiliary>
<auxiliary keyword="PCHEB">
<data> 9.86923267E-003</data>
<data> 9.86923267E+001</data>
</auxiliary>
<auxiliary keyword="CHEB">
<data>     4</data>
<data>     4</data>
</auxiliary>
<auxiliary keyword="CHEB">
<data> 9.99260000E+000</data>
<data>-1.35650000E+000</data>
<data>-4.79980000E-002</data>
<data>-1.63190000E-005</data>
</auxiliary>
<auxiliary keyword="CHEB">
<data> 4.44860000E+000</data>
<data> 1.09020000E+000</data>
<data>-6.50340000E-002</data>
<data>-1.07590000E-002</data>
</auxiliary>
<auxiliary keyword="CHEB">
<data>-3.50730000E-002</data>
<data> 4.36520000E-001</data>
<data> 4.94650000E-002</data>
<data>-8.52620000E-003</data>
</auxiliary>
<auxiliary keyword="CHEB">
<data>-2.48670000E-001</data>
<data>-4.36800000E-002</data>
<data> 7.00960000E-002</data>
<data> 5.39680000E-003</data>
</auxiliary>
</reaction>
<reaction formula="nSPC(801)+sSPC(752)(+M)=nSPC(879)+CH3C[O]cHCH3(+M)">
<rate A=" 1.00000000E+000" B=" 0.00000000E+000" E=" 0.00000000E+000"/>
<auxiliary keyword="TCHEB">
<data> 3.00000000E+002</data>
<data> 2.10000000E+003</data>
</auxiliary>
<auxiliary keyword="PCHEB">
<data> 9.86923267E-003</data>
<data> 9.86923267E+001</data>
</auxiliary>
<auxiliary keyword="CHEB">
<data>     4</data>
<data>     4</data>
</auxiliary>
<auxiliary keyword="CHEB">
<data> 6.33910000E+000</data>
<data>-1.43810000E+000</data>
<data>-3.69180000E-002</data>
<data>-2.21090000E-003</data>
</auxiliary>
<auxiliary keyword="CHEB">
<data> 7.46300000E+000</data>
<data> 9.75630000E-001</data>
<data>-7.00520000E-002</data>
<data>-7.26660000E-003</data>
</auxiliary>
<auxiliary keyword="CHEB">
<data> 6.07580000E-001</data>
<data> 5.25580000E-001</data>
<data> 2.05500000E-002</data>
<data>-6.18530000E-003</data>
</auxiliary>
<auxiliary keyword="CHEB">
<data>-7.07090000E-001</data>
<data> 8.60290000E-002</data>
<data> 6.24510000E-002</data>
<data> 1.48430000E-004</data>
</auxiliary>
</reaction>
<reaction formula="nSPC(801)+sSPC(332)(+M)=nSPC(879)+CH3CH[OH]CH2CH2(+M)">
<rate A=" 1.00000000E+000" B=" 0.00000000E+000" E=" 0.00000000E+000"/>
<auxiliary keyword="TCHEB">
<data> 3.00000000E+002</data>
<data> 2.10000000E+003</data>
</auxiliary>
<auxiliary keyword="PCHEB">
<data> 9.86923267E-003</data>
<data> 9.86923267E+001</data>
</auxiliary>
<auxiliary keyword="CHEB">
<data>     4</data>
<data>     4</data>
</auxiliary>
<auxiliary keyword="CHEB">
<data> 5.38220000E+000</data>
<data>-1.44190000E+000</data>
<data>-3.81570000E-002</data>
<data>-2.49070000E-003</data>
</auxiliary>
<auxiliary keyword="CHEB">
<data> 7.62870000E+000</data>
<data> 9.68380000E-001</data>
<data>-7.35490000E-002</data>
<data>-7.67020000E-003</data>
</auxiliary>
<auxiliary keyword="CHEB">
<data> 6.97060000E-001</data>
<data> 5.27340000E-001</data>
<data> 2.00750000E-002</data>
<data>-6.45830000E-003</data>
</auxiliary>
<auxiliary keyword="CHEB">
<data>-7.40360000E-001</data>
<data> 9.21690000E-002</data>
<data> 6.49260000E-002</data>
<data>-4.56660000E-007</data>
</auxiliary>
</reaction>
<reaction formula="nSPC(801)+sSPC(1356)(+M)=nSPC(879)+CH2C[O]CH3(+M)">
<rate A=" 1.00000000E+000" B=" 0.00000000E+000" E=" 0.00000000E+000"/>
<auxiliary keyword="TCHEB">
<data> 3.00000000E+002</data>
<data> 2.10000000E+003</data>
</auxiliary>
<auxiliary keyword="PCHEB">
<data> 9.86923267E-003</data>
<data> 9.86923267E+001</data>
</auxiliary>
<auxiliary keyword="CHEB">
<data>     4</data>
<data>     4</data>
</auxiliary>
<auxiliary keyword="CHEB">
<data> 7.86990000E+000</data>
<data>-1.40670000E+000</data>
<data>-3.64100000E-002</data>
<data>-8.53780000E-004</data>
</auxiliary>
<auxiliary keyword="CHEB">
<data> 5.92990000E+000</data>
<data> 1.02680000E+000</data>
<data>-6.13020000E-002</data>
<data>-6.82110000E-003</data>
</auxiliary>
<auxiliary keyword="CHEB">
<data> 1.65390000E-001</data>
<data> 5.03260000E-001</data>
<data> 3.04480000E-002</data>
<data>-6.04170000E-003</data>
</auxiliary>
<auxiliary keyword="CHEB">
<data>-3.28310000E-001</data>
<data> 3.91840000E-002</data>
<data> 6.16580000E-002</data>
<data> 1.71340000E-003</data>
</auxiliary>
</reaction>
<reaction formula="nSPC(801)+sSPC(1697)(+M)=nSPC(879)+CH3(+M)">
<rate A=" 1.00000000E+000" B=" 0.00000000E+000" E=" 0.00000000E+000"/>
<auxiliary keyword="TCHEB">
<data> 3.00000000E+002</data>
<data> 2.10000000E+003</data>
</auxiliary>
<auxiliary keyword="PCHEB">
<data> 9.86923267E-003</data>
<data> 9.86923267E+001</data>
</auxiliary>
<auxiliary keyword="CHEB">
<data>     4</data>
<data>     4</data>
</auxiliary>
<auxiliary keyword="CHEB">
<data> 9.40280000E+000</data>
<data>-1.31910000E+000</data>
<data>-4.52770000E-002</data>
<data> 1.98110000E-003</data>
</auxiliary>
<auxiliary keyword="CHEB">
<data> 4.38470000E+000</data>
<data> 1.11890000E+000</data>
<data>-4.38820000E-002</data>
<data>-7.49650000E-003</data>
</auxiliary>
<auxiliary keyword="CHEB">
<data> 1.93260000E-001</data>
<data> 4.01690000E-001</data>
<data> 5.67650000E-002</data>
<data>-5.87260000E-003</data>
</auxiliary>
<auxiliary keyword="CHEB">
<data>-2.45920000E-001</data>
<data>-6.72710000E-002</data>
<data> 5.53230000E-002</data>
<data> 5.61580000E-003</data>
</auxiliary>
</reaction>
<reaction formula="CH2CO+CH3O(+M)=sSPC(1909)+CH3(+M)">
<rate A=" 1.00000000E+000" B=" 0.00000000E+000" E=" 0.00000000E+000"/>
<auxiliary keyword="TCHEB">
<data> 3.00000000E+002</data>
<data> 2.10000000E+003</data>
</auxiliary>
<auxiliary keyword="PCHEB">
<data> 9.86923267E-003</data>
<data> 9.86923267E+001</data>
</auxiliary>
<auxiliary keyword="CHEB">
<data>     4</data>
<data>     4</data>
</auxiliary>
<auxiliary keyword="CHEB">
<data>-3.09230000E+000</data>
<data>-9.30000000E-002</data>
<data>-6.15300000E-002</data>
<data>-2.68540000E-002</data>
</auxiliary>
<auxiliary keyword="CHEB">
<data> 1.28670000E+001</data>
<data> 1.19510000E-001</data>
<data> 7.77250000E-002</data>
<data> 3.30820000E-002</data>
</auxiliary>
<auxiliary keyword="CHEB">
<data> 1.41600000E-001</data>
<data>-1.85150000E-002</data>
<data>-1.00220000E-002</data>
<data>-2.98580000E-003</data>
</auxiliary>
<auxiliary keyword="CHEB">
<data> 5.27630000E-002</data>
<data>-1.02710000E-002</data>
<data>-7.60480000E-003</data>
<data>-3.81790000E-003</data>
</auxiliary>
</reaction>
<reaction formula="CH3O(+M)=O+CH3(+M)">
<rate A=" 1.00000000E+000" B=" 0.00000000E+000" E=" 0.00000000E+000"/>
<auxiliary keyword="TCHEB">
<data> 3.00000000E+002</data>
<data> 2.10000000E+003</data>
</auxiliary>
<auxiliary keyword="PCHEB">
<data> 9.86923267E-003</data>
<data> 9.86923267E+001</data>
</auxiliary>
<auxiliary keyword="CHEB">
<data>     4</data>
<data>     4</data>
</auxiliary>
<auxiliary keyword="CHEB">
<data>-2.51330000E+001</data>
<data> 1.84390000E+000</data>
<data>-7.86180000E-002</data>
<data>-2.06070000E-002</data>
</auxiliary>
<auxiliary keyword="CHEB">
<data> 2.74620000E+001</data>
<data> 1.01480000E-001</data>
<data> 3.68680000E-002</data>
<data>-3.05590000E-004</data>
</auxiliary>
<auxiliary keyword="CHEB">
<data>-3.56350000E-001</data>
<data> 3.79230000E-002</data>
<data> 2.43820000E-002</data>
<data> 9.35980000E-003</data>
</auxiliary>
<auxiliary keyword="CHEB">
<data>-1.61660000E-001</data>
<data> 8.41290000E-003</data>
<data> 1.03460000E-002</data>
<data> 7.45880000E-003</data>
</auxiliary>
</reaction>
<reaction formula="CH3O+CH2C[O]CH3(+M)=sSPC(1590)+CH3(+M)">
<rate A=" 1.00000000E+000" B=" 0.00000000E+000" E=" 0.00000000E+000"/>
<auxiliary keyword="TCHEB">
<data> 3.00000000E+002</data>
<data> 2.10000000E+003</data>
</auxiliary>
<auxiliary keyword="PCHEB">
<data> 9.86923267E-003</data>
<data> 9.86923267E+001</data>
</auxiliary>
<auxiliary keyword="CHEB">
<data>     4</data>
<data>     4</data>
</auxiliary>
<auxiliary keyword="CHEB">
<data> 8.97700000E+000</data>
<data>-1.45650000E+000</data>
<data>-4.13730000E-002</data>
<data>-1.75420000E-004</data>
</auxiliary>
<auxiliary keyword="CHEB">
<data> 4.63660000E+000</data>
<data> 9.22450000E-001</data>
<data>-7.30340000E-002</data>
<data>-5.32860000E-003</data>
</auxiliary>
<auxiliary keyword="CHEB">
<data> 5.40060000E-001</data>
<data> 5.29410000E-001</data>
<data> 2.37680000E-002</data>
<data>-8.47700000E-003</data>
</auxiliary>
<auxiliary keyword="CHEB">
<data>-2.10550000E-001</data>
<data> 1.35470000E-001</data>
<data> 6.35820000E-002</data>
<data>-2.00670000E-003</data>
</auxiliary>
</reaction>
<reaction formula="sSPC(1909)+HO2(+M)=nSPC(801)+O(+M)">
<rate A=" 1.00000000E+000" B=" 0.00000000E+000" E=" 0.00000000E+000"/>
<auxiliary keyword="TCHEB">
<data> 3.00000000E+002</data>
<data> 2.10000000E+003</data>
</auxiliary>
<auxiliary keyword="PCHEB">
<data> 9.86923267E-003</data>
<data> 9.86923267E+001</data>
</auxiliary>
<auxiliary keyword="CHEB">
<data>     4</data>
<data>     4</data>
</auxiliary>
<auxiliary keyword="CHEB">
<data> 2.81650000E-001</data>
<data>-1.89820000E-004</data>
<data>-1.39110000E-004</data>
<data>-6.92460000E-005</data>
</auxiliary>
<auxiliary keyword="CHEB">
<data> 9.51370000E+000</data>
<data> 9.95910000E-005</data>
<data> 7.29770000E-005</data>
<data> 3.63240000E-005</data>
</auxiliary>
<auxiliary keyword="CHEB">
<data> 3.06810000E-001</data>
<data> 7.76530000E-006</data>
<data> 5.69180000E-006</data>
<data> 2.83410000E-006</data>
</auxiliary>
<auxiliary keyword="CHEB">
<data> 1.03050000E-001</data>
<data> 1.65750000E-006</data>
<data> 1.21480000E-006</data>
<data> 6.04830000E-007</data>
</auxiliary>
</reaction>
<reaction formula="sSPC(1909)+CH3(+M)=CH2C[O]CH3+O(+M)">
<rate A=" 1.00000000E+000" B=" 0.00000000E+000" E=" 0.00000000E+000"/>
<auxiliary keyword="TCHEB">
<data> 3.00000000E+002</data>
<data> 2.10000000E+003</data>
</auxiliary>
<auxiliary keyword="PCHEB">
<data> 9.86923267E-003</data>
<data> 9.86923267E+001</data>
</auxiliary>
<auxiliary keyword="CHEB">
<data>     4</data>
<data>     4</data>
</auxiliary>
<auxiliary keyword="CHEB">
<data> 7.98310000E-001</data>
<data>-4.34560000E-003</data>
<data>-3.17750000E-003</data>
<data>-1.57770000E-003</data>
</auxiliary>
<auxiliary keyword="CHEB">
<data> 8.84070000E+000</data>
<data> 2.64470000E-003</data>
<data> 1.93110000E-003</data>
<data> 9.57210000E-004</data>
</auxiliary>
<auxiliary keyword="CHEB">
<data> 1.46670000E-001</data>
<data> 3.85800000E-004</data>
<data> 2.82980000E-004</data>
<data> 1.41010000E-004</data>
</auxiliary>
<auxiliary keyword="CHEB">
<data> 5.08610000E-002</data>
<data> 1.33390000E-004</data>
<data> 9.77860000E-005</data>
<data> 4.86970000E-005</data>
</auxiliary>
</reaction>
<reaction formula="sSPC(1909)(+M)=CH2CO+O(+M)">
<rate A=" 1.00000000E+000" B=" 0.00000000E+000" E=" 0.00000000E+000"/>
<auxiliary keyword="TCHEB">
<data> 3.00000000E+002</data>
<data> 2.10000000E+003</data>
</auxiliary>
<auxiliary keyword="PCHEB">
<data> 9.86923267E-003</data>
<data> 9.86923267E+001</data>
</auxiliary>
<auxiliary keyword="CHEB">
<data>     4</data>
<data>     4</data>
</auxiliary>
<auxiliary keyword="CHEB">
<data>-1.34270000E+001</data>
<data> 1.99940000E+000</data>
<data>-1.22580000E-004</data>
<data> 4.22130000E-005</data>
</auxiliary>
<auxiliary keyword="CHEB">
<data> 1.64850000E+001</data>
<data> 2.18600000E-004</data>
<data>-7.66640000E-005</data>
<data>-9.66590000E-005</data>
</auxiliary>
<auxiliary keyword="CHEB">
<data> 5.06450000E-002</data>
<data> 1.11640000E-004</data>
<data> 1.46830000E-005</data>
<data>-3.34460000E-005</data>
</auxiliary>
<auxiliary keyword="CHEB">
<data> 2.47000000E-003</data>
<data> 4.13700000E-005</data>
<data> 3.06270000E-005</data>
<data> 7.11290000E-006</data>
</auxiliary>
</reaction>
<reaction formula="sSPC(1909)(+M)=CH2+CO2(+M)">
<rate A=" 1.00000000E+000" B=" 0.00000000E+000" E=" 0.00000000E+000"/>
<auxiliary keyword="TCHEB">
<data> 3.00000000E+002</data>
<data> 2.10000000E+003</data>
</auxiliary>
<auxiliary keyword="PCHEB">
<data> 9.86923267E-003</data>
<data> 9.86923267E+001</data>
</auxiliary>
<auxiliary keyword="CHEB">
<data>     4</data>
<data>     4</data>
</auxiliary>
<auxiliary keyword="CHEB">
<data> 8.00150000E+000</data>
<data> 1.99920000E+000</data>
<data>-3.91700000E-005</data>
<data>-1.37820000E-004</data>
</auxiliary>
<auxiliary keyword="CHEB">
<data> 8.71090000E-001</data>
<data>-4.27300000E-004</data>
<data> 1.77330000E-004</data>
<data> 1.16300000E-004</data>
</auxiliary>
<auxiliary keyword="CHEB">
<data>-1.17420000E-001</data>
<data> 3.64760000E-005</data>
<data>-1.84320000E-004</data>
<data> 9.29980000E-005</data>
</auxiliary>
<auxiliary keyword="CHEB">
<data>-3.84900000E-002</data>
<data> 2.20450000E-004</data>
<data>-1.73410000E-004</data>
<data> 2.15980000E-005</data>
</auxiliary>
</reaction>
<reaction formula="sSPC(1909)+CH2C[O]CH3(+M)=CH2CO+sSPC(1590)(+M)">
<rate A=" 1.00000000E+000" B=" 0.00000000E+000" E=" 0.00000000E+000"/>
<auxiliary keyword="TCHEB">
<data> 3.00000000E+002</data>
<data> 2.10000000E+003</data>
</auxiliary>
<auxiliary keyword="PCHEB">
<data> 9.86923267E-003</data>
<data> 9.86923267E+001</data>
</auxiliary>
<auxiliary keyword="CHEB">
<data>     4</data>
<data>     4</data>
</auxiliary>
<auxiliary keyword="CHEB">
<data> 1.27170000E+001</data>
<data>-5.77730000E-001</data>
<data>-1.95440000E-001</data>
<data>-6.59040000E-003</data>
</auxiliary>
<auxiliary keyword="CHEB">
<data> 1.09870000E+000</data>
<data> 6.78750000E-001</data>
<data> 2.02960000E-001</data>
<data>-1.16020000E-002</data>
</auxiliary>
<auxiliary keyword="CHEB">
<data> 1.98520000E-001</data>
<data> 4.25020000E-003</data>
<data> 3.68400000E-002</data>
<data> 2.37320000E-002</data>
</auxiliary>
<auxiliary keyword="CHEB">
<data> 7.29550000E-003</data>
<data>-1.16200000E-001</data>
<data>-3.94370000E-002</data>
<data> 1.59340000E-003</data>
</auxiliary>
</reaction>
<reaction formula="O2+CH2(+M)=sSPC(2810)+H(+M)">
<rate A=" 1.00000000E+000" B=" 0.00000000E+000" E=" 0.00000000E+000"/>
<auxiliary keyword="TCHEB">
<data> 3.00000000E+002</data>
<data> 2.10000000E+003</data>
</auxiliary>
<auxiliary keyword="PCHEB">
<data> 9.86923267E-003</data>
<data> 9.86923267E+001</data>
</auxiliary>
<auxiliary keyword="CHEB">
<data>     4</data>
<data>     4</data>
</auxiliary>
<auxiliary keyword="CHEB">
<data> 8.96400000E+000</data>
<data>-9.59130000E-004</data>
<data>-7.02640000E-004</data>
<data>-3.49640000E-004</data>
</auxiliary>
<auxiliary keyword="CHEB">
<data> 5.36020000E-001</data>
<data> 4.49800000E-004</data>
<data> 3.29420000E-004</data>
<data> 1.63870000E-004</data>
</auxiliary>
<auxiliary keyword="CHEB">
<data> 2.05890000E-002</data>
<data>-3.88570000E-005</data>
<data>-2.84280000E-005</data>
<data>-1.41240000E-005</data>
</auxiliary>
<auxiliary keyword="CHEB">
<data> 3.17900000E-002</data>
<data> 3.01850000E-005</data>
<data> 2.21020000E-005</data>
<data> 1.09920000E-005</data>
</auxiliary>
</reaction>
<reaction formula="CH2O+O(+M)=sSPC(2810)+H(+M)">
<rate A=" 1.00000000E+000" B=" 0.00000000E+000" E=" 0.00000000E+000"/>
<auxiliary keyword="TCHEB">
<data> 3.00000000E+002</data>
<data> 2.10000000E+003</data>
</auxiliary>
<auxiliary keyword="PCHEB">
<data> 9.86923267E-003</data>
<data> 9.86923267E+001</data>
</auxiliary>
<auxiliary keyword="CHEB">
<data>     4</data>
<data>     4</data>
</auxiliary>
<auxiliary keyword="CHEB">
<data> 1.08070000E+001</data>
<data>-6.20010000E-002</data>
<data>-4.29770000E-002</data>
<data>-1.99780000E-002</data>
</auxiliary>
<auxiliary keyword="CHEB">
<data> 5.66530000E-001</data>
<data> 6.40530000E-002</data>
<data> 4.37900000E-002</data>
<data> 1.99870000E-002</data>
</auxiliary>
<auxiliary keyword="CHEB">
<data>-2.87200000E-002</data>
<data>-1.93410000E-003</data>
<data>-8.29930000E-004</data>
<data>-7.77080000E-005</data>
</auxiliary>
<auxiliary keyword="CHEB">
<data> 2.93960000E-003</data>
<data>-3.80830000E-003</data>
<data>-2.63200000E-003</data>
<data>-1.21790000E-003</data>
</auxiliary>
</reaction>
<reaction formula="CO2+CH2C[O]CH3(+M)=CH3CO+sSPC(1909)(+M)">
<rate A=" 1.00000000E+000" B=" 0.00000000E+000" E=" 0.00000000E+000"/>
<auxiliary keyword="TCHEB">
<data> 3.00000000E+002</data>
<data> 2.10000000E+003</data>
</auxiliary>
<auxiliary keyword="PCHEB">
<data> 9.86923267E-003</data>
<data> 9.86923267E+001</data>
</auxiliary>
<auxiliary keyword="CHEB">
<data>     4</data>
<data>     4</data>
</auxiliary>
<auxiliary keyword="CHEB">
<data>-2.33580000E+001</data>
<data>-5.20990000E-006</data>
<data>-3.81830000E-006</data>
<data>-1.90090000E-006</data>
</auxiliary>
<auxiliary keyword="CHEB">
<data> 2.93160000E+001</data>
<data>-2.13330000E-006</data>
<data>-1.56350000E-006</data>
<data>-7.78370000E-007</data>
</auxiliary>
<auxiliary keyword="CHEB">
<data> 1.59370000E-001</data>
<data> 3.07360000E-007</data>
<data> 2.25260000E-007</data>
<data> 1.12140000E-007</data>
</auxiliary>
<auxiliary keyword="CHEB">
<data> 4.47820000E-002</data>
<data> 1.32400000E-006</data>
<data> 9.70340000E-007</data>
<data> 4.83070000E-007</data>
</auxiliary>
</reaction>
<reaction formula="CO2+CH2C[O]CH3(+M)=CO+sSPC(1590)(+M)">
<rate A=" 1.00000000E+000" B=" 0.00000000E+000" E=" 0.00000000E+000"/>
<auxiliary keyword="TCHEB">
<data> 3.00000000E+002</data>
<data> 2.10000000E+003</data>
</auxiliary>
<auxiliary keyword="PCHEB">
<data> 9.86923267E-003</data>
<data> 9.86923267E+001</data>
</auxiliary>
<auxiliary keyword="CHEB">
<data>     4</data>
<data>     4</data>
</auxiliary>
<auxiliary keyword="CHEB">
<data>-7.70900000E+000</data>
<data>-7.51010000E-004</data>
<data>-5.50200000E-004</data>
<data>-2.73790000E-004</data>
</auxiliary>
<auxiliary keyword="CHEB">
<data> 1.32550000E+001</data>
<data> 3.93490000E-004</data>
<data> 2.88200000E-004</data>
<data> 1.43370000E-004</data>
</auxiliary>
<auxiliary keyword="CHEB">
<data> 1.75390000E-001</data>
<data> 3.08550000E-005</data>
<data> 2.26240000E-005</data>
<data> 1.12700000E-005</data>
</auxiliary>
<auxiliary keyword="CHEB">
<data> 4.64370000E-002</data>
<data> 6.57790000E-006</data>
<data> 4.82210000E-006</data>
<data> 2.40140000E-006</data>
</auxiliary>
</reaction>
<reaction formula="CO2+CH3(+M)=H+sSPC(1909)(+M)">
<rate A=" 1.00000000E+000" B=" 0.00000000E+000" E=" 0.00000000E+000"/>
<auxiliary keyword="TCHEB">
<data> 3.00000000E+002</data>
<data> 2.10000000E+003</data>
</auxiliary>
<auxiliary keyword="PCHEB">
<data> 9.86923267E-003</data>
<data> 9.86923267E+001</data>
</auxiliary>
<auxiliary keyword="CHEB">
<data>     4</data>
<data>     4</data>
</auxiliary>
<auxiliary keyword="CHEB">
<data>-3.15420000E+001</data>
<data>-2.75900000E-005</data>
<data>-2.02200000E-005</data>
<data>-1.00660000E-005</data>
</auxiliary>
<auxiliary keyword="CHEB">
<data> 3.38970000E+001</data>
<data>-4.36040000E-007</data>
<data>-3.19560000E-007</data>
<data>-1.59090000E-007</data>
</auxiliary>
<auxiliary keyword="CHEB">
<data> 8.39230000E-002</data>
<data>-2.63540000E-006</data>
<data>-1.93140000E-006</data>
<data>-9.61500000E-007</data>
</auxiliary>
<auxiliary keyword="CHEB">
<data> 4.43470000E-002</data>
<data> 9.84110000E-007</data>
<data> 7.21230000E-007</data>
<data> 3.59050000E-007</data>
</auxiliary>
</reaction>
<reaction formula="CO2+CH3(+M)=CH3CO+O(+M)">
<rate A=" 1.00000000E+000" B=" 0.00000000E+000" E=" 0.00000000E+000"/>
<auxiliary keyword="TCHEB">
<data> 3.00000000E+002</data>
<data> 2.10000000E+003</data>
</auxiliary>
<auxiliary keyword="PCHEB">
<data> 9.86923267E-003</data>
<data> 9.86923267E+001</data>
</auxiliary>
<auxiliary keyword="CHEB">
<data>     4</data>
<data>     4</data>
</auxiliary>
<auxiliary keyword="CHEB">
<data>-3.37290000E+001</data>
<data>-2.74060000E-005</data>
<data>-2.00850000E-005</data>
<data>-9.99930000E-006</data>
</auxiliary>
<auxiliary keyword="CHEB">
<data> 3.63820000E+001</data>
<data>-4.62410000E-007</data>
<data>-3.38890000E-007</data>
<data>-1.68710000E-007</data>
</auxiliary>
<auxiliary keyword="CHEB">
<data> 8.38200000E-002</data>
<data>-2.62780000E-006</data>
<data>-1.92580000E-006</data>
<data>-9.58730000E-007</data>
</auxiliary>
<auxiliary keyword="CHEB">
<data> 4.42460000E-002</data>
<data> 9.75630000E-007</data>
<data> 7.15010000E-007</data>
<data> 3.55950000E-007</data>
</auxiliary>
</reaction>
<reaction formula="H+sSPC(1909)(+M)=CH3CO+O(+M)">
<rate A=" 1.00000000E+000" B=" 0.00000000E+000" E=" 0.00000000E+000"/>
<auxiliary keyword="TCHEB">
<data> 3.00000000E+002</data>
<data> 2.10000000E+003</data>
</auxiliary>
<auxiliary keyword="PCHEB">
<data> 9.86923267E-003</data>
<data> 9.86923267E+001</data>
</auxiliary>
<auxiliary keyword="CHEB">
<data>     4</data>
<data>     4</data>
</auxiliary>
<auxiliary keyword="CHEB">
<data> 6.07450000E+000</data>
<data>-2.72400000E-005</data>
<data>-1.99640000E-005</data>
<data>-9.93860000E-006</data>
</auxiliary>
<auxiliary keyword="CHEB">
<data> 3.97310000E+000</data>
<data>-2.62450000E-007</data>
<data>-1.92340000E-007</data>
<data>-9.57550000E-008</data>
</auxiliary>
<auxiliary keyword="CHEB">
<data> 6.50230000E-001</data>
<data>-2.51280000E-006</data>
<data>-1.84160000E-006</data>
<data>-9.16780000E-007</data>
</auxiliary>
<auxiliary keyword="CHEB">
<data> 2.19310000E-001</data>
<data> 1.04440000E-006</data>
<data> 7.65440000E-007</data>
<data> 3.81060000E-007</data>
</auxiliary>
</reaction>
<reaction formula="CO2+CH3O(+M)=CO+sSPC(1697)(+M)">
<rate A=" 1.00000000E+000" B=" 0.00000000E+000" E=" 0.00000000E+000"/>
<auxiliary keyword="TCHEB">
<data> 3.00000000E+002</data>
<data> 2.10000000E+003</data>
</auxiliary>
<auxiliary keyword="PCHEB">
<data> 9.86923267E-003</data>
<data> 9.86923267E+001</data>
</auxiliary>
<auxiliary keyword="CHEB">
<data>     4</data>
<data>     4</data>
</auxiliary>
<auxiliary keyword="CHEB">
<data>-1.98200000E+001</data>
<data>-1.35060000E-003</data>
<data>-9.89140000E-004</data>
<data>-4.92050000E-004</data>
</auxiliary>
<auxiliary keyword="CHEB">
<data> 2.27550000E+001</data>
<data> 7.06640000E-004</data>
<data> 5.17290000E-004</data>
<data> 2.57180000E-004</data>
</auxiliary>
<auxiliary keyword="CHEB">
<data> 2.40960000E-001</data>
<data> 5.57470000E-005</data>
<data> 4.08920000E-005</data>
<data> 2.03790000E-005</data>
</auxiliary>
<auxiliary keyword="CHEB">
<data> 6.08800000E-002</data>
<data> 1.18680000E-005</data>
<data> 8.70220000E-006</data>
<data> 4.33460000E-006</data>
</auxiliary>
</reaction>
<reaction formula="CO2+sBuOH(+M)=sSPC(2810)+CH3CH[OH]CHCH3(+M)">
<rate A=" 1.00000000E+000" B=" 0.00000000E+000" E=" 0.00000000E+000"/>
<auxiliary keyword="TCHEB">
<data> 3.00000000E+002</data>
<data> 2.10000000E+003</data>
</auxiliary>
<auxiliary keyword="PCHEB">
<data> 9.86923267E-003</data>
<data> 9.86923267E+001</data>
</auxiliary>
<auxiliary keyword="CHEB">
<data>     4</data>
<data>     4</data>
</auxiliary>
<auxiliary keyword="CHEB">
<data>-3.06780000E+001</data>
<data>-1.57030000E+000</data>
<data>-6.87490000E-002</data>
<data>-1.46990000E-003</data>
</auxiliary>
<auxiliary keyword="CHEB">
<data> 3.53830000E+001</data>
<data> 7.20750000E-001</data>
<data>-1.27740000E-001</data>
<data>-3.20780000E-003</data>
</auxiliary>
<auxiliary keyword="CHEB">
<data> 5.21970000E-001</data>
<data> 4.76930000E-001</data>
<data>-2.13530000E-002</data>
<data>-1.79500000E-002</data>
</auxiliary>
<auxiliary keyword="CHEB">
<data>-1.58010000E-001</data>
<data> 1.83280000E-001</data>
<data> 4.86180000E-002</data>
<data>-1.72910000E-002</data>
</auxiliary>
</reaction>
<reaction formula="CO2+sBuOH(+M)=sSPC(2810)+CH3CH[OH]CH2CH2(+M)">
<rate A=" 1.00000000E+000" B=" 0.00000000E+000" E=" 0.00000000E+000"/>
<auxiliary keyword="TCHEB">
<data> 3.00000000E+002</data>
<data> 2.10000000E+003</data>
</auxiliary>
<auxiliary keyword="PCHEB">
<data> 9.86923267E-003</data>
<data> 9.86923267E+001</data>
</auxiliary>
<auxiliary keyword="CHEB">
<data>     4</data>
<data>     4</data>
</auxiliary>
<auxiliary keyword="CHEB">
<data>-3.13900000E+001</data>
<data>-1.53360000E+000</data>
<data>-8.17210000E-002</data>
<data>-3.57710000E-003</data>
</auxiliary>
<auxiliary keyword="CHEB">
<data> 3.57010000E+001</data>
<data> 7.84590000E-001</data>
<data>-1.42880000E-001</data>
<data>-1.07910000E-002</data>
</auxiliary>
<auxiliary keyword="CHEB">
<data> 4.47270000E-001</data>
<data> 4.46310000E-001</data>
<data>-1.15870000E-002</data>
<data>-2.49590000E-002</data>
</auxiliary>
<auxiliary keyword="CHEB">
<data>-2.26370000E-001</data>
<data> 1.17630000E-001</data>
<data> 6.01910000E-002</data>
<data>-1.77300000E-002</data>
</auxiliary>
</reaction>
<reaction formula="CO2+C4H8-1(+M)=sSPC(2810)+C4H7-24(+M)">
<rate A=" 1.00000000E+000" B=" 0.00000000E+000" E=" 0.00000000E+000"/>
<auxiliary keyword="TCHEB">
<data> 3.00000000E+002</data>
<data> 2.10000000E+003</data>
</auxiliary>
<auxiliary keyword="PCHEB">
<data> 9.86923267E-003</data>
<data> 9.86923267E+001</data>
</auxiliary>
<auxiliary keyword="CHEB">
<data>     4</data>
<data>     4</data>
</auxiliary>
<auxiliary keyword="CHEB">
<data>-2.59680000E+001</data>
<data>-1.49290000E+000</data>
<data>-5.25500000E-002</data>
<data>-9.50920000E-004</data>
</auxiliary>
<auxiliary keyword="CHEB">
<data> 3.14750000E+001</data>
<data> 8.59700000E-001</data>
<data>-9.53000000E-002</data>
<data>-5.67220000E-003</data>
</auxiliary>
<auxiliary keyword="CHEB">
<data> 3.54510000E-001</data>
<data> 5.13530000E-001</data>
<data> 9.77270000E-003</data>
<data>-1.33280000E-002</data>
</auxiliary>
<auxiliary keyword="CHEB">
<data>-3.05980000E-001</data>
<data> 1.49260000E-001</data>
<data> 6.21450000E-002</data>
<data>-7.98680000E-003</data>
</auxiliary>
</reaction>
<reaction formula="CO2+C4H7-24(+M)=C4H6-13+sSPC(2810)(+M)">
<rate A=" 1.00000000E+000" B=" 0.00000000E+000" E=" 0.00000000E+000"/>
<auxiliary keyword="TCHEB">
<data> 3.00000000E+002</data>
<data> 2.10000000E+003</data>
</auxiliary>
<auxiliary keyword="PCHEB">
<data> 9.86923267E-003</data>
<data> 9.86923267E+001</data>
</auxiliary>
<auxiliary keyword="CHEB">
<data>     4</data>
<data>     4</data>
</auxiliary>
<auxiliary keyword="CHEB">
<data>-1.98750000E+001</data>
<data>-1.11530000E+000</data>
<data>-1.20720000E-001</data>
<data> 1.18120000E-002</data>
</auxiliary>
<auxiliary keyword="CHEB">
<data> 2.53370000E+001</data>
<data> 1.09680000E+000</data>
<data> 3.99350000E-003</data>
<data>-3.82050000E-002</data>
</auxiliary>
<auxiliary keyword="CHEB">
<data> 2.36530000E-002</data>
<data> 1.70580000E-001</data>
<data> 1.04330000E-001</data>
<data>-3.16460000E-003</data>
</auxiliary>
<auxiliary keyword="CHEB">
<data>-1.07130000E-001</data>
<data>-1.37400000E-001</data>
<data> 2.84270000E-002</data>
<data> 2.37010000E-002</data>
</auxiliary>
</reaction>
<reaction formula="CO2+C4H7-24(+M)=C4H6O(717)+HCO(+M)">
<rate A=" 1.00000000E+000" B=" 0.00000000E+000" E=" 0.00000000E+000"/>
<auxiliary keyword="TCHEB">
<data> 3.00000000E+002</data>
<data> 2.10000000E+003</data>
</auxiliary>
<auxiliary keyword="PCHEB">
<data> 9.86923267E-003</data>
<data> 9.86923267E+001</data>
</auxiliary>
<auxiliary keyword="CHEB">
<data>     4</data>
<data>     4</data>
</auxiliary>
<auxiliary keyword="CHEB">
<data>-1.90910000E+001</data>
<data>-1.24880000E-003</data>
<data>-9.14510000E-004</data>
<data>-4.54870000E-004</data>
</auxiliary>
<auxiliary keyword="CHEB">
<data> 2.39510000E+001</data>
<data> 9.36830000E-004</data>
<data> 6.85720000E-004</data>
<data> 3.40880000E-004</data>
</auxiliary>
<auxiliary keyword="CHEB">
<data> 1.06530000E-001</data>
<data>-1.54230000E-004</data>
<data>-1.12700000E-004</data>
<data>-5.59110000E-005</data>
</auxiliary>
<auxiliary keyword="CHEB">
<data> 4.18640000E-002</data>
<data> 1.63400000E-004</data>
<data> 1.19580000E-004</data>
<data> 5.94330000E-005</data>
</auxiliary>
</reaction>
<reaction formula="CO2+CH3CH[OH]CHCH3(+M)=sC4H8O+sSPC(2810)(+M)">
<rate A=" 1.00000000E+000" B=" 0.00000000E+000" E=" 0.00000000E+000"/>
<auxiliary keyword="TCHEB">
<data> 3.00000000E+002</data>
<data> 2.10000000E+003</data>
</auxiliary>
<auxiliary keyword="PCHEB">
<data> 9.86923267E-003</data>
<data> 9.86923267E+001</data>
</auxiliary>
<auxiliary keyword="CHEB">
<data>     4</data>
<data>     4</data>
</auxiliary>
<auxiliary keyword="CHEB">
<data>-2.01210000E+001</data>
<data>-1.09230000E+000</data>
<data>-1.69320000E-001</data>
<data> 1.42020000E-002</data>
</auxiliary>
<auxiliary keyword="CHEB">
<data> 2.51690000E+001</data>
<data> 9.76440000E-001</data>
<data> 4.09010000E-003</data>
<data>-6.56320000E-002</data>
</auxiliary>
<auxiliary keyword="CHEB">
<data>-1.07630000E-001</data>
<data> 1.41910000E-001</data>
<data> 9.04130000E-002</data>
<data>-4.81960000E-003</data>
</auxiliary>
<auxiliary keyword="CHEB">
<data>-1.06380000E-001</data>
<data>-1.10070000E-001</data>
<data> 2.87980000E-002</data>
<data> 2.75000000E-002</data>
</auxiliary>
</reaction>
<reaction formula="CO2+CH3CH[OH]CHCH3(+M)=MEKenol+sSPC(2810)(+M)">
<rate A=" 1.00000000E+000" B=" 0.00000000E+000" E=" 0.00000000E+000"/>
<auxiliary keyword="TCHEB">
<data> 3.00000000E+002</data>
<data> 2.10000000E+003</data>
</auxiliary>
<auxiliary keyword="PCHEB">
<data> 9.86923267E-003</data>
<data> 9.86923267E+001</data>
</auxiliary>
<auxiliary keyword="CHEB">
<data>     4</data>
<data>     4</data>
</auxiliary>
<auxiliary keyword="CHEB">
<data>-1.98990000E+001</data>
<data>-4.99140000E-001</data>
<data>-1.94680000E-001</data>
<data>-2.28530000E-002</data>
</auxiliary>
<auxiliary keyword="CHEB">
<data> 2.45280000E+001</data>
<data> 5.73030000E-001</data>
<data> 1.87490000E-001</data>
<data>-3.75000000E-003</data>
</auxiliary>
<auxiliary keyword="CHEB">
<data>-8.41030000E-002</data>
<data>-3.40550000E-002</data>
<data> 2.26960000E-002</data>
<data> 2.54410000E-002</data>
</auxiliary>
<auxiliary keyword="CHEB">
<data>-3.51300000E-002</data>
<data>-7.43560000E-002</data>
<data>-2.90260000E-002</data>
<data>-1.64660000E-004</data>
</auxiliary>
</reaction>
<reaction formula="CO2+sC4H8O(+M)=sSPC(2810)+CH3C[OH]CHcH2(+M)">
<rate A=" 1.00000000E+000" B=" 0.00000000E+000" E=" 0.00000000E+000"/>
<auxiliary keyword="TCHEB">
<data> 3.00000000E+002</data>
<data> 2.10000000E+003</data>
</auxiliary>
<auxiliary keyword="PCHEB">
<data> 9.86923267E-003</data>
<data> 9.86923267E+001</data>
</auxiliary>
<auxiliary keyword="CHEB">
<data>     4</data>
<data>     4</data>
</auxiliary>
<auxiliary keyword="CHEB">
<data>-2.50380000E+001</data>
<data>-1.47010000E+000</data>
<data>-4.12900000E-002</data>
<data>-1.82460000E-003</data>
</auxiliary>
<auxiliary keyword="CHEB">
<data> 3.04430000E+001</data>
<data> 9.07580000E-001</data>
<data>-7.62530000E-002</data>
<data>-6.45290000E-003</data>
</auxiliary>
<auxiliary keyword="CHEB">
<data> 3.10080000E-001</data>
<data> 5.25840000E-001</data>
<data> 1.37150000E-002</data>
<data>-8.41950000E-003</data>
</auxiliary>
<auxiliary keyword="CHEB">
<data>-4.84000000E-001</data>
<data> 1.31540000E-001</data>
<data> 5.70350000E-002</data>
<data>-2.85120000E-003</data>
</auxiliary>
</reaction>
<reaction formula="CO2+MEKenol(+M)=sSPC(2810)+CH3C[OH]CHcH2(+M)">
<rate A=" 1.00000000E+000" B=" 0.00000000E+000" E=" 0.00000000E+000"/>
<auxiliary keyword="TCHEB">
<data> 3.00000000E+002</data>
<data> 2.10000000E+003</data>
</auxiliary>
<auxiliary keyword="PCHEB">
<data> 9.86923267E-003</data>
<data> 9.86923267E+001</data>
</auxiliary>
<auxiliary keyword="CHEB">
<data>     4</data>
<data>     4</data>
</auxiliary>
<auxiliary keyword="CHEB">
<data>-2.65620000E+001</data>
<data>-1.50650000E+000</data>
<data>-5.92710000E-002</data>
<data>-1.80220000E-003</data>
</auxiliary>
<auxiliary keyword="CHEB">
<data> 3.20260000E+001</data>
<data> 8.36650000E-001</data>
<data>-1.08080000E-001</data>
<data>-6.61700000E-003</data>
</auxiliary>
<auxiliary keyword="CHEB">
<data> 3.99840000E-001</data>
<data> 4.96020000E-001</data>
<data> 3.20030000E-003</data>
<data>-1.53250000E-002</data>
</auxiliary>
<auxiliary keyword="CHEB">
<data>-3.69310000E-001</data>
<data> 1.41600000E-001</data>
<data> 6.22820000E-002</data>
<data>-1.01160000E-002</data>
</auxiliary>
</reaction>
<reaction formula="CO2+CH3C[O]cHCH3(+M)=C4H6O(717)+sSPC(2810)(+M)">
<rate A=" 1.00000000E+000" B=" 0.00000000E+000" E=" 0.00000000E+000"/>
<auxiliary keyword="TCHEB">
<data> 3.00000000E+002</data>
<data> 2.10000000E+003</data>
</auxiliary>
<auxiliary keyword="PCHEB">
<data> 9.86923267E-003</data>
<data> 9.86923267E+001</data>
</auxiliary>
<auxiliary keyword="CHEB">
<data>     4</data>
<data>     4</data>
</auxiliary>
<auxiliary keyword="CHEB">
<data>-1.95520000E+001</data>
<data>-8.31410000E-001</data>
<data>-2.23920000E-001</data>
<data> 4.33870000E-003</data>
</auxiliary>
<auxiliary keyword="CHEB">
<data> 2.48600000E+001</data>
<data> 7.78890000E-001</data>
<data> 1.06060000E-001</data>
<data>-6.75780000E-002</data>
</auxiliary>
<auxiliary keyword="CHEB">
<data> 3.05070000E-002</data>
<data> 4.23060000E-002</data>
<data> 6.74600000E-002</data>
<data> 2.01060000E-002</data>
</auxiliary>
<auxiliary keyword="CHEB">
<data>-3.55550000E-002</data>
<data>-8.66130000E-002</data>
<data>-9.27060000E-004</data>
<data> 2.16600000E-002</data>
</auxiliary>
</reaction>
<reaction formula="CO2+CH3CH[OH]CH2CH2(+M)=sC4H8O+sSPC(2810)(+M)">
<rate A=" 1.00000000E+000" B=" 0.00000000E+000" E=" 0.00000000E+000"/>
<auxiliary keyword="TCHEB">
<data> 3.00000000E+002</data>
<data> 2.10000000E+003</data>
</auxiliary>
<auxiliary keyword="PCHEB">
<data> 9.86923267E-003</data>
<data> 9.86923267E+001</data>
</auxiliary>
<auxiliary keyword="CHEB">
<data>     4</data>
<data>     4</data>
</auxiliary>
<auxiliary keyword="CHEB">
<data>-1.94990000E+001</data>
<data>-8.49810000E-001</data>
<data>-1.95980000E-001</data>
<data> 9.94130000E-003</data>
</auxiliary>
<auxiliary keyword="CHEB">
<data> 2.46630000E+001</data>
<data> 8.79740000E-001</data>
<data> 1.07110000E-001</data>
<data>-5.80940000E-002</data>
</auxiliary>
<auxiliary keyword="CHEB">
<data>-1.04990000E-001</data>
<data> 2.88680000E-002</data>
<data> 8.60120000E-002</data>
<data> 2.22170000E-002</data>
</auxiliary>
<auxiliary keyword="CHEB">
<data> 1.57390000E-002</data>
<data>-9.44400000E-002</data>
<data>-7.45260000E-003</data>
<data> 2.25070000E-002</data>
</auxiliary>
</reaction>
<reaction formula="CO2+CH3O(+M)=CH2O+sSPC(2810)(+M)">
<rate A=" 1.00000000E+000" B=" 0.00000000E+000" E=" 0.00000000E+000"/>
<auxiliary keyword="TCHEB">
<data> 3.00000000E+002</data>
<data> 2.10000000E+003</data>
</auxiliary>
<auxiliary keyword="PCHEB">
<data> 9.86923267E-003</data>
<data> 9.86923267E+001</data>
</auxiliary>
<auxiliary keyword="CHEB">
<data>     4</data>
<data>     4</data>
</auxiliary>
<auxiliary keyword="CHEB">
<data>-1.87220000E+001</data>
<data>-4.63290000E-003</data>
<data>-3.38280000E-003</data>
<data>-1.67680000E-003</data>
</auxiliary>
<auxiliary keyword="CHEB">
<data> 2.40570000E+001</data>
<data> 5.66060000E-003</data>
<data> 4.12930000E-003</data>
<data> 2.04460000E-003</data>
</auxiliary>
<auxiliary keyword="CHEB">
<data> 1.39890000E-001</data>
<data>-1.16700000E-003</data>
<data>-8.47180000E-004</data>
<data>-4.17040000E-004</data>
</auxiliary>
<auxiliary keyword="CHEB">
<data> 4.46020000E-002</data>
<data>-2.72390000E-004</data>
<data>-2.00890000E-004</data>
<data>-1.00750000E-004</data>
</auxiliary>
</reaction>
<reaction formula="sSPC(1590)(+M)=CH2C[O]CH3+O(+M)">
<rate A=" 1.00000000E+000" B=" 0.00000000E+000" E=" 0.00000000E+000"/>
<auxiliary keyword="TCHEB">
<data> 3.00000000E+002</data>
<data> 2.10000000E+003</data>
</auxiliary>
<auxiliary keyword="PCHEB">
<data> 9.86923267E-003</data>
<data> 9.86923267E+001</data>
</auxiliary>
<auxiliary keyword="CHEB">
<data>     4</data>
<data>     4</data>
</auxiliary>
<auxiliary keyword="CHEB">
<data>-2.77870000E+001</data>
<data> 2.00000000E+000</data>
<data>-2.44900000E-005</data>
<data>-1.14370000E-005</data>
</auxiliary>
<auxiliary keyword="CHEB">
<data> 2.74410000E+001</data>
<data> 1.09120000E-005</data>
<data> 9.57870000E-006</data>
<data> 7.33500000E-006</data>
</auxiliary>
<auxiliary keyword="CHEB">
<data> 7.82320000E-002</data>
<data>-1.16370000E-005</data>
<data>-9.61700000E-006</data>
<data>-4.36720000E-006</data>
</auxiliary>
<auxiliary keyword="CHEB">
<data> 2.86410000E-002</data>
<data>-1.39110000E-006</data>
<data>-2.16060000E-006</data>
<data>-1.63770000E-006</data>
</auxiliary>
</reaction>
<reaction formula="sSPC(1590)(+M)=CH2O+CH3CO(+M)">
<rate A=" 1.00000000E+000" B=" 0.00000000E+000" E=" 0.00000000E+000"/>
<auxiliary keyword="TCHEB">
<data> 3.00000000E+002</data>
<data> 2.10000000E+003</data>
</auxiliary>
<auxiliary keyword="PCHEB">
<data> 9.86923267E-003</data>
<data> 9.86923267E+001</data>
</auxiliary>
<auxiliary keyword="CHEB">
<data>     4</data>
<data>     4</data>
</auxiliary>
<auxiliary keyword="CHEB">
<data> 7.09110000E+000</data>
<data> 1.96510000E+000</data>
<data>-2.46600000E-002</data>
<data>-1.17470000E-002</data>
</auxiliary>
<auxiliary keyword="CHEB">
<data> 1.80240000E+000</data>
<data> 4.31230000E-002</data>
<data> 3.02990000E-002</data>
<data> 1.43290000E-002</data>
</auxiliary>
<auxiliary keyword="CHEB">
<data>-3.39020000E-001</data>
<data>-6.93900000E-003</data>
<data>-4.62660000E-003</data>
<data>-2.03900000E-003</data>
</auxiliary>
<auxiliary keyword="CHEB">
<data>-1.16180000E-002</data>
<data>-1.34660000E-003</data>
<data>-1.05560000E-003</data>
<data>-5.65030000E-004</data>
</auxiliary>
</reaction>
<reaction formula="CH2C[O]CH3+O(+M)=CH2O+CH3CO(+M)">
<rate A=" 1.00000000E+000" B=" 0.00000000E+000" E=" 0.00000000E+000"/>
<auxiliary keyword="TCHEB">
<data> 3.00000000E+002</data>
<data> 2.10000000E+003</data>
</auxiliary>
<auxiliary keyword="PCHEB">
<data> 9.86923267E-003</data>
<data> 9.86923267E+001</data>
</auxiliary>
<auxiliary keyword="CHEB">
<data>     4</data>
<data>     4</data>
</auxiliary>
<auxiliary keyword="CHEB">
<data> 1.34340000E+001</data>
<data>-4.15960000E-005</data>
<data>-2.44710000E-005</data>
<data>-1.14220000E-005</data>
</auxiliary>
<auxiliary keyword="CHEB">
<data> 7.68670000E-002</data>
<data> 1.08750000E-005</data>
<data> 9.53130000E-006</data>
<data> 7.31840000E-006</data>
</auxiliary>
<auxiliary keyword="CHEB">
<data> 6.94100000E-002</data>
<data>-1.15660000E-005</data>
<data>-9.63670000E-006</data>
<data>-4.40870000E-006</data>
</auxiliary>
<auxiliary keyword="CHEB">
<data> 3.73670000E-002</data>
<data>-1.28150000E-006</data>
<data>-2.13330000E-006</data>
<data>-1.66050000E-006</data>
</auxiliary>
</reaction>
<reaction formula="sSPC(3071)(+M)=O2+HCO(+M)">
<rate A=" 1.00000000E+000" B=" 0.00000000E+000" E=" 0.00000000E+000"/>
<auxiliary keyword="TCHEB">
<data> 3.00000000E+002</data>
<data> 2.10000000E+003</data>
</auxiliary>
<auxiliary keyword="PCHEB">
<data> 9.86923267E-003</data>
<data> 9.86923267E+001</data>
</auxiliary>
<auxiliary keyword="CHEB">
<data>     4</data>
<data>     4</data>
</auxiliary>
<auxiliary keyword="CHEB">
<data>-1.91510000E+000</data>
<data> 1.66070000E+000</data>
<data>-1.55760000E-001</data>
<data>-3.17820000E-002</data>
</auxiliary>
<auxiliary keyword="CHEB">
<data> 9.43480000E+000</data>
<data> 3.30550000E-001</data>
<data> 1.37030000E-001</data>
<data> 1.77790000E-002</data>
</auxiliary>
<auxiliary keyword="CHEB">
<data>-6.69740000E-001</data>
<data> 1.66580000E-002</data>
<data> 1.73040000E-002</data>
<data> 9.58110000E-003</data>
</auxiliary>
<auxiliary keyword="CHEB">
<data>-2.52190000E-001</data>
<data>-1.55280000E-002</data>
<data>-4.60240000E-003</data>
<data> 1.05550000E-003</data>
</auxiliary>
</reaction>
<reaction formula="sSPC(3071)(+M)=CO2+OH(+M)">
<rate A=" 1.00000000E+000" B=" 0.00000000E+000" E=" 0.00000000E+000"/>
<auxiliary keyword="TCHEB">
<data> 3.00000000E+002</data>
<data> 2.10000000E+003</data>
</auxiliary>
<auxiliary keyword="PCHEB">
<data> 9.86923267E-003</data>
<data> 9.86923267E+001</data>
</auxiliary>
<auxiliary keyword="CHEB">
<data>     4</data>
<data>     4</data>
</auxiliary>
<auxiliary keyword="CHEB">
<data>-4.95740000E+000</data>
<data> 1.61410000E+000</data>
<data>-1.79040000E-001</data>
<data>-3.76240000E-002</data>
</auxiliary>
<auxiliary keyword="CHEB">
<data> 9.74040000E+000</data>
<data> 3.37560000E-001</data>
<data> 1.36210000E-001</data>
<data> 1.44330000E-002</data>
</auxiliary>
<auxiliary keyword="CHEB">
<data>-6.15750000E-001</data>
<data> 3.55440000E-002</data>
<data> 2.63930000E-002</data>
<data> 1.15070000E-002</data>
</auxiliary>
<auxiliary keyword="CHEB">
<data>-2.40450000E-001</data>
<data>-9.78510000E-003</data>
<data>-5.97020000E-004</data>
<data> 2.85490000E-003</data>
</auxiliary>
</reaction>
<reaction formula="sSPC(3071)(+M)=sSPC(2810)+O(+M)">
<rate A=" 1.00000000E+000" B=" 0.00000000E+000" E=" 0.00000000E+000"/>
<auxiliary keyword="TCHEB">
<data> 3.00000000E+002</data>
<data> 2.10000000E+003</data>
</auxiliary>
<auxiliary keyword="PCHEB">
<data> 9.86923267E-003</data>
<data> 9.86923267E+001</data>
</auxiliary>
<auxiliary keyword="CHEB">
<data>     4</data>
<data>     4</data>
</auxiliary>
<auxiliary keyword="CHEB">
<data>-8.89880000E+000</data>
<data> 1.99460000E+000</data>
<data>-3.93160000E-003</data>
<data>-1.94680000E-003</data>
</auxiliary>
<auxiliary keyword="CHEB">
<data> 1.33120000E+001</data>
<data> 6.49780000E-003</data>
<data> 4.73580000E-003</data>
<data> 2.34240000E-003</data>
</auxiliary>
<auxiliary keyword="CHEB">
<data>-4.61320000E-001</data>
<data>-8.14510000E-004</data>
<data>-5.87950000E-004</data>
<data>-2.87480000E-004</data>
</auxiliary>
<auxiliary keyword="CHEB">
<data>-1.72550000E-001</data>
<data>-3.42690000E-004</data>
<data>-2.51610000E-004</data>
<data>-1.25530000E-004</data>
</auxiliary>
</reaction>
<reaction formula="sSPC(3071)(+M)=CO+HO2(+M)">
<rate A=" 1.00000000E+000" B=" 0.00000000E+000" E=" 0.00000000E+000"/>
<auxiliary keyword="TCHEB">
<data> 3.00000000E+002</data>
<data> 2.10000000E+003</data>
</auxiliary>
<auxiliary keyword="PCHEB">
<data> 9.86923267E-003</data>
<data> 9.86923267E+001</data>
</auxiliary>
<auxiliary keyword="CHEB">
<data>     4</data>
<data>     4</data>
</auxiliary>
<auxiliary keyword="CHEB">
<data>-8.79630000E+000</data>
<data> 1.61670000E+000</data>
<data>-1.77610000E-001</data>
<data>-3.71950000E-002</data>
</auxiliary>
<auxiliary keyword="CHEB">
<data> 9.75130000E+000</data>
<data> 3.38240000E-001</data>
<data> 1.36890000E-001</data>
<data> 1.48660000E-002</data>
</auxiliary>
<auxiliary keyword="CHEB">
<data>-6.09300000E-001</data>
<data> 3.47540000E-002</data>
<data> 2.60440000E-002</data>
<data> 1.14600000E-002</data>
</auxiliary>
<auxiliary keyword="CHEB">
<data>-2.36450000E-001</data>
<data>-1.02180000E-002</data>
<data>-8.73260000E-004</data>
<data> 2.74360000E-003</data>
</auxiliary>
</reaction>
<reaction formula="O2+HCO(+M)=CO2+OH(+M)">
<rate A=" 1.00000000E+000" B=" 0.00000000E+000" E=" 0.00000000E+000"/>
<auxiliary keyword="TCHEB">
<data> 3.00000000E+002</data>
<data> 2.10000000E+003</data>
</auxiliary>
<auxiliary keyword="PCHEB">
<data> 9.86923267E-003</data>
<data> 9.86923267E+001</data>
</auxiliary>
<auxiliary keyword="CHEB">
<data>     4</data>
<data>     4</data>
</auxiliary>
<auxiliary keyword="CHEB">
<data> 9.86610000E+000</data>
<data>-2.11930000E-001</data>
<data>-1.00800000E-001</data>
<data>-2.38600000E-002</data>
</auxiliary>
<auxiliary keyword="CHEB">
<data> 7.49480000E-001</data>
<data> 2.61880000E-001</data>
<data> 1.18270000E-001</data>
<data> 2.37860000E-002</data>
</auxiliary>
<auxiliary keyword="CHEB">
<data> 1.66010000E-001</data>
<data>-3.45220000E-002</data>
<data>-8.39590000E-003</data>
<data> 3.19210000E-003</data>
</auxiliary>
<auxiliary keyword="CHEB">
<data> 6.91650000E-002</data>
<data>-1.80270000E-002</data>
<data>-9.78900000E-003</data>
<data>-2.94580000E-003</data>
</auxiliary>
</reaction>
<reaction formula="O2+HCO(+M)=sSPC(2810)+O(+M)">
<rate A=" 1.00000000E+000" B=" 0.00000000E+000" E=" 0.00000000E+000"/>
<auxiliary keyword="TCHEB">
<data> 3.00000000E+002</data>
<data> 2.10000000E+003</data>
</auxiliary>
<auxiliary keyword="PCHEB">
<data> 9.86923267E-003</data>
<data> 9.86923267E+001</data>
</auxiliary>
<auxiliary keyword="CHEB">
<data>     4</data>
<data>     4</data>
</auxiliary>
<auxiliary keyword="CHEB">
<data> 7.93250000E+000</data>
<data>-4.91840000E-003</data>
<data>-3.58850000E-003</data>
<data>-1.77710000E-003</data>
</auxiliary>
<auxiliary keyword="CHEB">
<data> 3.82620000E+000</data>
<data> 6.16290000E-003</data>
<data> 4.49270000E-003</data>
<data> 2.22270000E-003</data>
</auxiliary>
<auxiliary keyword="CHEB">
<data> 1.22540000E-001</data>
<data>-9.74610000E-004</data>
<data>-7.05420000E-004</data>
<data>-3.46040000E-004</data>
</auxiliary>
<auxiliary keyword="CHEB">
<data> 4.51750000E-002</data>
<data>-3.18090000E-004</data>
<data>-2.33890000E-004</data>
<data>-1.16890000E-004</data>
</auxiliary>
</reaction>
<reaction formula="CO2+OH(+M)=sSPC(2810)+O(+M)">
<rate A=" 1.00000000E+000" B=" 0.00000000E+000" E=" 0.00000000E+000"/>
<auxiliary keyword="TCHEB">
<data> 3.00000000E+002</data>
<data> 2.10000000E+003</data>
</auxiliary>
<auxiliary keyword="PCHEB">
<data> 9.86923267E-003</data>
<data> 9.86923267E+001</data>
</auxiliary>
<auxiliary keyword="CHEB">
<data>     4</data>
<data>     4</data>
</auxiliary>
<auxiliary keyword="CHEB">
<data>-3.30650000E+001</data>
<data>-7.58730000E-003</data>
<data>-5.54170000E-003</data>
<data>-2.74790000E-003</data>
</auxiliary>
<auxiliary keyword="CHEB">
<data> 3.36530000E+001</data>
<data> 7.56820000E-003</data>
<data> 5.52010000E-003</data>
<data> 2.73270000E-003</data>
</auxiliary>
<auxiliary keyword="CHEB">
<data> 1.05700000E-001</data>
<data>-8.51590000E-004</data>
<data>-6.15100000E-004</data>
<data>-3.00990000E-004</data>
</auxiliary>
<auxiliary keyword="CHEB">
<data> 5.58380000E-002</data>
<data>-2.98870000E-004</data>
<data>-2.19770000E-004</data>
<data>-1.09830000E-004</data>
</auxiliary>
</reaction>
<reaction formula="sSPC(2810)+O(+M)=CO+HO2(+M)">
<rate A=" 1.00000000E+000" B=" 0.00000000E+000" E=" 0.00000000E+000"/>
<auxiliary keyword="TCHEB">
<data> 3.00000000E+002</data>
<data> 2.10000000E+003</data>
</auxiliary>
<auxiliary keyword="PCHEB">
<data> 9.86923267E-003</data>
<data> 9.86923267E+001</data>
</auxiliary>
<auxiliary keyword="CHEB">
<data>     4</data>
<data>     4</data>
</auxiliary>
<auxiliary keyword="CHEB">
<data> 6.07280000E+000</data>
<data>-6.81540000E-003</data>
<data>-4.98150000E-003</data>
<data>-2.47220000E-003</data>
</auxiliary>
<auxiliary keyword="CHEB">
<data> 8.61580000E-001</data>
<data> 6.48710000E-003</data>
<data> 4.73620000E-003</data>
<data> 2.34730000E-003</data>
</auxiliary>
<auxiliary keyword="CHEB">
<data> 1.59690000E-001</data>
<data>-5.36730000E-004</data>
<data>-3.87870000E-004</data>
<data>-1.89910000E-004</data>
</auxiliary>
<auxiliary keyword="CHEB">
<data> 7.55790000E-002</data>
<data>-2.86390000E-004</data>
<data>-2.10080000E-004</data>
<data>-1.04690000E-004</data>
</auxiliary>
</reaction>
<reaction formula="sC4H8O+HCO(+M)=CO+CH3CH[OH]CH2CH2(+M)">
<rate A=" 1.00000000E+000" B=" 0.00000000E+000" E=" 0.00000000E+000"/>
<auxiliary keyword="TCHEB">
<data> 3.00000000E+002</data>
<data> 2.10000000E+003</data>
</auxiliary>
<auxiliary keyword="PCHEB">
<data> 9.86923267E-003</data>
<data> 9.86923267E+001</data>
</auxiliary>
<auxiliary keyword="CHEB">
<data>     4</data>
<data>     4</data>
</auxiliary>
<auxiliary keyword="CHEB">
<data>-1.52580000E+001</data>
<data>-1.05380000E-002</data>
<data>-7.64290000E-003</data>
<data>-3.75830000E-003</data>
</auxiliary>
<auxiliary keyword="CHEB">
<data> 2.02270000E+001</data>
<data> 1.43200000E-002</data>
<data> 1.03640000E-002</data>
<data> 5.08320000E-003</data>
</auxiliary>
<auxiliary keyword="CHEB">
<data> 1.31500000E-001</data>
<data>-4.52190000E-003</data>
<data>-3.24430000E-003</data>
<data>-1.57470000E-003</data>
</auxiliary>
<auxiliary keyword="CHEB">
<data> 4.84590000E-002</data>
<data> 7.09260000E-005</data>
<data> 3.19430000E-005</data>
<data> 4.28670000E-006</data>
</auxiliary>
</reaction>
<reaction formula="sC4H8O+HCO(+M)=CO+CH3CH[OH]CHCH3(+M)">
<rate A=" 1.00000000E+000" B=" 0.00000000E+000" E=" 0.00000000E+000"/>
<auxiliary keyword="TCHEB">
<data> 3.00000000E+002</data>
<data> 2.10000000E+003</data>
</auxiliary>
<auxiliary keyword="PCHEB">
<data> 9.86923267E-003</data>
<data> 9.86923267E+001</data>
</auxiliary>
<auxiliary keyword="CHEB">
<data>     4</data>
<data>     4</data>
</auxiliary>
<auxiliary keyword="CHEB">
<data>-1.42310000E+001</data>
<data>-6.18490000E-002</data>
<data>-4.24010000E-002</data>
<data>-1.94280000E-002</data>
</auxiliary>
<auxiliary keyword="CHEB">
<data> 1.98050000E+001</data>
<data> 8.13360000E-002</data>
<data> 5.49350000E-002</data>
<data> 2.46670000E-002</data>
</auxiliary>
<auxiliary keyword="CHEB">
<data> 8.25420000E-002</data>
<data>-2.20640000E-002</data>
<data>-1.38940000E-002</data>
<data>-5.61550000E-003</data>
</auxiliary>
<auxiliary keyword="CHEB">
<data> 3.17090000E-002</data>
<data>-2.06780000E-003</data>
<data>-2.03880000E-003</data>
<data>-1.31110000E-003</data>
</auxiliary>
</reaction>
<reaction formula="C4H6O(717)+HCO(+M)=CO+CH3C[O]cHCH3(+M)">
<rate A=" 1.00000000E+000" B=" 0.00000000E+000" E=" 0.00000000E+000"/>
<auxiliary keyword="TCHEB">
<data> 3.00000000E+002</data>
<data> 2.10000000E+003</data>
</auxiliary>
<auxiliary keyword="PCHEB">
<data> 9.86923267E-003</data>
<data> 9.86923267E+001</data>
</auxiliary>
<auxiliary keyword="CHEB">
<data>     4</data>
<data>     4</data>
</auxiliary>
<auxiliary keyword="CHEB">
<data>-1.68610000E+001</data>
<data>-3.07460000E-002</data>
<data>-2.19330000E-002</data>
<data>-1.05710000E-002</data>
</auxiliary>
<auxiliary keyword="CHEB">
<data> 2.15320000E+001</data>
<data> 3.79080000E-002</data>
<data> 2.68550000E-002</data>
<data> 1.28330000E-002</data>
</auxiliary>
<auxiliary keyword="CHEB">
<data> 6.76800000E-002</data>
<data>-9.02840000E-003</data>
<data>-6.21500000E-003</data>
<data>-2.86180000E-003</data>
</auxiliary>
<auxiliary keyword="CHEB">
<data> 1.60560000E-002</data>
<data>-2.24130000E-003</data>
<data>-1.70070000E-003</data>
<data>-8.79990000E-004</data>
</auxiliary>
</reaction>
<reaction formula="MEKenol+HCO(+M)=CO+CH3CH[OH]CHCH3(+M)">
<rate A=" 1.00000000E+000" B=" 0.00000000E+000" E=" 0.00000000E+000"/>
<auxiliary keyword="TCHEB">
<data> 3.00000000E+002</data>
<data> 2.10000000E+003</data>
</auxiliary>
<auxiliary keyword="PCHEB">
<data> 9.86923267E-003</data>
<data> 9.86923267E+001</data>
</auxiliary>
<auxiliary keyword="CHEB">
<data>     4</data>
<data>     4</data>
</auxiliary>
<auxiliary keyword="CHEB">
<data>-1.77290000E+001</data>
<data>-1.36490000E-003</data>
<data>-9.99180000E-004</data>
<data>-4.96760000E-004</data>
</auxiliary>
<auxiliary keyword="CHEB">
<data> 2.23200000E+001</data>
<data> 1.74840000E-003</data>
<data> 1.27950000E-003</data>
<data> 6.35940000E-004</data>
</auxiliary>
<auxiliary keyword="CHEB">
<data> 1.76390000E-001</data>
<data>-4.97700000E-004</data>
<data>-3.63880000E-004</data>
<data>-1.80650000E-004</data>
</auxiliary>
<auxiliary keyword="CHEB">
<data> 6.31890000E-002</data>
<data>-5.86750000E-005</data>
<data>-4.31870000E-005</data>
<data>-2.16080000E-005</data>
</auxiliary>
</reaction>
<reaction formula="CH2O+HCO(+M)=CO+CH3O(+M)">
<rate A=" 1.00000000E+000" B=" 0.00000000E+000" E=" 0.00000000E+000"/>
<auxiliary keyword="TCHEB">
<data> 3.00000000E+002</data>
<data> 2.10000000E+003</data>
</auxiliary>
<auxiliary keyword="PCHEB">
<data> 9.86923267E-003</data>
<data> 9.86923267E+001</data>
</auxiliary>
<auxiliary keyword="CHEB">
<data>     4</data>
<data>     4</data>
</auxiliary>
<auxiliary keyword="CHEB">
<data>-1.98110000E+001</data>
<data>-6.65580000E-005</data>
<data>-4.87780000E-005</data>
<data>-2.42820000E-005</data>
</auxiliary>
<auxiliary keyword="CHEB">
<data> 2.40650000E+001</data>
<data> 6.86460000E-005</data>
<data> 5.03060000E-005</data>
<data> 2.50430000E-005</data>
</auxiliary>
<auxiliary keyword="CHEB">
<data> 1.17190000E-001</data>
<data>-1.65030000E-005</data>
<data>-1.20940000E-005</data>
<data>-6.02000000E-006</data>
</auxiliary>
<auxiliary keyword="CHEB">
<data> 2.63680000E-002</data>
<data>-2.95230000E-006</data>
<data>-2.16390000E-006</data>
<data>-1.07740000E-006</data>
</auxiliary>
</reaction>
<reaction formula="CH2CO+HCO(+M)=CO+CH3CO(+M)">
<rate A=" 1.00000000E+000" B=" 0.00000000E+000" E=" 0.00000000E+000"/>
<auxiliary keyword="TCHEB">
<data> 3.00000000E+002</data>
<data> 2.10000000E+003</data>
</auxiliary>
<auxiliary keyword="PCHEB">
<data> 9.86923267E-003</data>
<data> 9.86923267E+001</data>
</auxiliary>
<auxiliary keyword="CHEB">
<data>     4</data>
<data>     4</data>
</auxiliary>
<auxiliary keyword="CHEB">
<data>-1.03020000E+001</data>
<data>-3.58410000E-003</data>
<data>-2.61880000E-003</data>
<data>-1.29920000E-003</data>
</auxiliary>
<auxiliary keyword="CHEB">
<data> 1.75410000E+001</data>
<data> 4.61080000E-003</data>
<data> 3.36710000E-003</data>
<data> 1.66920000E-003</data>
</auxiliary>
<auxiliary keyword="CHEB">
<data> 8.91970000E-002</data>
<data>-8.67110000E-004</data>
<data>-6.30500000E-004</data>
<data>-3.10990000E-004</data>
</auxiliary>
<auxiliary keyword="CHEB">
<data> 1.71630000E-002</data>
<data>-2.46850000E-004</data>
<data>-1.81590000E-004</data>
<data>-9.07970000E-005</data>
</auxiliary>
</reaction>
<reaction formula="CO2+HCO(+M)=CO+sSPC(2810)(+M)">
<rate A=" 1.00000000E+000" B=" 0.00000000E+000" E=" 0.00000000E+000"/>
<auxiliary keyword="TCHEB">
<data> 3.00000000E+002</data>
<data> 2.10000000E+003</data>
</auxiliary>
<auxiliary keyword="PCHEB">
<data> 9.86923267E-003</data>
<data> 9.86923267E+001</data>
</auxiliary>
<auxiliary keyword="CHEB">
<data>     4</data>
<data>     4</data>
</auxiliary>
<auxiliary keyword="CHEB">
<data>-5.95430000E-001</data>
<data>-3.17880000E-005</data>
<data>-2.32970000E-005</data>
<data>-1.15980000E-005</data>
</auxiliary>
<auxiliary keyword="CHEB">
<data> 7.38460000E+000</data>
<data> 1.66840000E-005</data>
<data> 1.22270000E-005</data>
<data> 6.08710000E-006</data>
</auxiliary>
<auxiliary keyword="CHEB">
<data> 1.36240000E-001</data>
<data> 1.29880000E-006</data>
<data> 9.51930000E-007</data>
<data> 4.73930000E-007</data>
</auxiliary>
<auxiliary keyword="CHEB">
<data> 2.64160000E-002</data>
<data> 2.77300000E-007</data>
<data> 2.03230000E-007</data>
<data> 1.01180000E-007</data>
</auxiliary>
</reaction>
<reaction formula="sSPC(3121)(+M)=HCO+HO2(+M)">
<rate A=" 1.00000000E+000" B=" 0.00000000E+000" E=" 0.00000000E+000"/>
<auxiliary keyword="TCHEB">
<data> 3.00000000E+002</data>
<data> 2.10000000E+003</data>
</auxiliary>
<auxiliary keyword="PCHEB">
<data> 9.86923267E-003</data>
<data> 9.86923267E+001</data>
</auxiliary>
<auxiliary keyword="CHEB">
<data>     4</data>
<data>     4</data>
</auxiliary>
<auxiliary keyword="CHEB">
<data>-2.43790000E+001</data>
<data> 1.99980000E+000</data>
<data>-1.43940000E-004</data>
<data>-7.16490000E-005</data>
</auxiliary>
<auxiliary keyword="CHEB">
<data> 2.54280000E+001</data>
<data> 2.36300000E-004</data>
<data> 1.73150000E-004</data>
<data> 8.61820000E-005</data>
</auxiliary>
<auxiliary keyword="CHEB">
<data>-4.21450000E-001</data>
<data>-2.59080000E-005</data>
<data>-1.89770000E-005</data>
<data>-9.44150000E-006</data>
</auxiliary>
<auxiliary keyword="CHEB">
<data>-1.34310000E-001</data>
<data>-1.64520000E-005</data>
<data>-1.20580000E-005</data>
<data>-6.00300000E-006</data>
</auxiliary>
</reaction>
<reaction formula="sSPC(3121)(+M)=sSPC(2810)+OH(+M)">
<rate A=" 1.00000000E+000" B=" 0.00000000E+000" E=" 0.00000000E+000"/>
<auxiliary keyword="TCHEB">
<data> 3.00000000E+002</data>
<data> 2.10000000E+003</data>
</auxiliary>
<auxiliary keyword="PCHEB">
<data> 9.86923267E-003</data>
<data> 9.86923267E+001</data>
</auxiliary>
<auxiliary keyword="CHEB">
<data>     4</data>
<data>     4</data>
</auxiliary>
<auxiliary keyword="CHEB">
<data>-3.36170000E+000</data>
<data> 1.36130000E+000</data>
<data>-2.21250000E-001</data>
<data>-1.16460000E-002</data>
</auxiliary>
<auxiliary keyword="CHEB">
<data> 1.13360000E+001</data>
<data> 5.16780000E-001</data>
<data> 1.50640000E-001</data>
<data>-1.01190000E-002</data>
</auxiliary>
<auxiliary keyword="CHEB">
<data>-9.29130000E-001</data>
<data> 1.11780000E-001</data>
<data> 5.09530000E-002</data>
<data> 9.59580000E-003</data>
</auxiliary>
<auxiliary keyword="CHEB">
<data>-3.53810000E-001</data>
<data>-1.54060000E-002</data>
<data> 1.16390000E-003</data>
<data> 4.00230000E-003</data>
</auxiliary>
</reaction>
<reaction formula="sSPC(3121)(+M)=sSPC(3071)+H(+M)">
<rate A=" 1.00000000E+000" B=" 0.00000000E+000" E=" 0.00000000E+000"/>
<auxiliary keyword="TCHEB">
<data> 3.00000000E+002</data>
<data> 2.10000000E+003</data>
</auxiliary>
<auxiliary keyword="PCHEB">
<data> 9.86923267E-003</data>
<data> 9.86923267E+001</data>
</auxiliary>
<auxiliary keyword="CHEB">
<data>     4</data>
<data>     4</data>
</auxiliary>
<auxiliary keyword="CHEB">
<data>-3.20630000E+001</data>
<data> 1.99990000E+000</data>
<data>-5.90960000E-005</data>
<data>-2.94190000E-005</data>
</auxiliary>
<auxiliary keyword="CHEB">
<data> 2.95660000E+001</data>
<data> 9.53670000E-005</data>
<data> 6.98880000E-005</data>
<data> 3.47900000E-005</data>
</auxiliary>
<auxiliary keyword="CHEB">
<data>-3.87030000E-001</data>
<data>-9.48710000E-006</data>
<data>-6.95130000E-006</data>
<data>-3.45970000E-006</data>
</auxiliary>
<auxiliary keyword="CHEB">
<data>-1.25060000E-001</data>
<data>-6.27790000E-006</data>
<data>-4.60100000E-006</data>
<data>-2.29060000E-006</data>
</auxiliary>
</reaction>
<reaction formula="HCO+HO2(+M)=sSPC(2810)+OH(+M)">
<rate A=" 1.00000000E+000" B=" 0.00000000E+000" E=" 0.00000000E+000"/>
<auxiliary keyword="TCHEB">
<data> 3.00000000E+002</data>
<data> 2.10000000E+003</data>
</auxiliary>
<auxiliary keyword="PCHEB">
<data> 9.86923267E-003</data>
<data> 9.86923267E+001</data>
</auxiliary>
<auxiliary keyword="CHEB">
<data>     4</data>
<data>     4</data>
</auxiliary>
<auxiliary keyword="CHEB">
<data> 1.31120000E+001</data>
<data>-1.92730000E-004</data>
<data>-1.41230000E-004</data>
<data>-7.02960000E-005</data>
</auxiliary>
<auxiliary keyword="CHEB">
<data> 6.46580000E-001</data>
<data> 2.35480000E-004</data>
<data> 1.72550000E-004</data>
<data> 8.58840000E-005</data>
</auxiliary>
<auxiliary keyword="CHEB">
<data> 2.01820000E-001</data>
<data>-2.90660000E-005</data>
<data>-2.12920000E-005</data>
<data>-1.05940000E-005</data>
</auxiliary>
<auxiliary keyword="CHEB">
<data> 7.37520000E-002</data>
<data>-1.66060000E-005</data>
<data>-1.21710000E-005</data>
<data>-6.05930000E-006</data>
</auxiliary>
</reaction>
<reaction formula="HCO+HO2(+M)=sSPC(3071)+H(+M)">
<rate A=" 1.00000000E+000" B=" 0.00000000E+000" E=" 0.00000000E+000"/>
<auxiliary keyword="TCHEB">
<data> 3.00000000E+002</data>
<data> 2.10000000E+003</data>
</auxiliary>
<auxiliary keyword="PCHEB">
<data> 9.86923267E-003</data>
<data> 9.86923267E+001</data>
</auxiliary>
<auxiliary keyword="CHEB">
<data>     4</data>
<data>     4</data>
</auxiliary>
<auxiliary keyword="CHEB">
<data> 2.34430000E+000</data>
<data>-7.47870000E-005</data>
<data>-5.48080000E-005</data>
<data>-2.72840000E-005</data>
</auxiliary>
<auxiliary keyword="CHEB">
<data> 5.77640000E+000</data>
<data> 9.26420000E-005</data>
<data> 6.78920000E-005</data>
<data> 3.37970000E-005</data>
</auxiliary>
<auxiliary keyword="CHEB">
<data> 5.57760000E-001</data>
<data>-1.37550000E-005</data>
<data>-1.00790000E-005</data>
<data>-5.01670000E-006</data>
</auxiliary>
<auxiliary keyword="CHEB">
<data> 1.44610000E-001</data>
<data>-5.39240000E-006</data>
<data>-3.95220000E-006</data>
<data>-1.96770000E-006</data>
</auxiliary>
</reaction>
<reaction formula="sSPC(2810)+OH(+M)=sSPC(3071)+H(+M)">
<rate A=" 1.00000000E+000" B=" 0.00000000E+000" E=" 0.00000000E+000"/>
<auxiliary keyword="TCHEB">
<data> 3.00000000E+002</data>
<data> 2.10000000E+003</data>
</auxiliary>
<auxiliary keyword="PCHEB">
<data> 9.86923267E-003</data>
<data> 9.86923267E+001</data>
</auxiliary>
<auxiliary keyword="CHEB">
<data>     4</data>
<data>     4</data>
</auxiliary>
<auxiliary keyword="CHEB">
<data>-1.10200000E+001</data>
<data>-7.97570000E-005</data>
<data>-5.84490000E-005</data>
<data>-2.90970000E-005</data>
</auxiliary>
<auxiliary keyword="CHEB">
<data> 1.79360000E+001</data>
<data> 9.52490000E-005</data>
<data> 6.98020000E-005</data>
<data> 3.47470000E-005</data>
</auxiliary>
<auxiliary keyword="CHEB">
<data> 1.94130000E-001</data>
<data>-1.02230000E-005</data>
<data>-7.49100000E-006</data>
<data>-3.72840000E-006</data>
</auxiliary>
<auxiliary keyword="CHEB">
<data> 8.17310000E-002</data>
<data>-6.35060000E-006</data>
<data>-4.65430000E-006</data>
<data>-2.31720000E-006</data>
</auxiliary>
</reaction>
<reaction formula="HCO+OH(+M)=H+sSPC(2810)(+M)">
<rate A=" 1.00000000E+000" B=" 0.00000000E+000" E=" 0.00000000E+000"/>
<auxiliary keyword="TCHEB">
<data> 3.00000000E+002</data>
<data> 2.10000000E+003</data>
</auxiliary>
<auxiliary keyword="PCHEB">
<data> 9.86923267E-003</data>
<data> 9.86923267E+001</data>
</auxiliary>
<auxiliary keyword="CHEB">
<data>     4</data>
<data>     4</data>
</auxiliary>
<auxiliary keyword="CHEB">
<data> 1.16230000E+001</data>
<data>-4.57760000E-001</data>
<data>-1.91610000E-001</data>
<data>-2.80930000E-002</data>
</auxiliary>
<auxiliary keyword="CHEB">
<data> 1.07080000E-001</data>
<data> 4.50550000E-001</data>
<data> 1.68580000E-001</data>
<data> 1.07360000E-002</data>
</auxiliary>
<auxiliary keyword="CHEB">
<data>-5.48510000E-002</data>
<data> 4.26450000E-002</data>
<data> 3.43120000E-002</data>
<data> 1.56560000E-002</data>
</auxiliary>
<auxiliary keyword="CHEB">
<data>-2.69390000E-002</data>
<data>-3.00370000E-002</data>
<data>-8.84370000E-003</data>
<data> 1.87610000E-003</data>
</auxiliary>
</reaction>
<reaction formula="HCO+CH3CH[OH]CHCH3(+M)=CO+sBuOH(+M)">
<rate A=" 1.00000000E+000" B=" 0.00000000E+000" E=" 0.00000000E+000"/>
<auxiliary keyword="TCHEB">
<data> 3.00000000E+002</data>
<data> 2.10000000E+003</data>
</auxiliary>
<auxiliary keyword="PCHEB">
<data> 9.86923267E-003</data>
<data> 9.86923267E+001</data>
</auxiliary>
<auxiliary keyword="CHEB">
<data>     4</data>
<data>     4</data>
</auxiliary>
<auxiliary keyword="CHEB">
<data> 5.24570000E+000</data>
<data>-1.50900000E+000</data>
<data>-3.77090000E-002</data>
<data>-1.70290000E-003</data>
</auxiliary>
<auxiliary keyword="CHEB">
<data> 5.53580000E+000</data>
<data> 8.33390000E-001</data>
<data>-7.55070000E-002</data>
<data>-4.22620000E-003</data>
</auxiliary>
<auxiliary keyword="CHEB">
<data> 5.80230000E-001</data>
<data> 5.60760000E-001</data>
<data> 4.15430000E-003</data>
<data>-7.99150000E-003</data>
</auxiliary>
<auxiliary keyword="CHEB">
<data>-4.74240000E-001</data>
<data> 2.12240000E-001</data>
<data> 5.14630000E-002</data>
<data>-5.26070000E-003</data>
</auxiliary>
</reaction>
<reaction formula="HCO+sSPC(116)(+M)=sSPC(3071)+CH3CH[OH]CHCH3(+M)">
<rate A=" 1.00000000E+000" B=" 0.00000000E+000" E=" 0.00000000E+000"/>
<auxiliary keyword="TCHEB">
<data> 3.00000000E+002</data>
<data> 2.10000000E+003</data>
</auxiliary>
<auxiliary keyword="PCHEB">
<data> 9.86923267E-003</data>
<data> 9.86923267E+001</data>
</auxiliary>
<auxiliary keyword="CHEB">
<data>     4</data>
<data>     4</data>
</auxiliary>
<auxiliary keyword="CHEB">
<data> 6.51600000E+000</data>
<data>-1.52840000E+000</data>
<data>-3.82150000E-002</data>
<data>-2.21410000E-003</data>
</auxiliary>
<auxiliary keyword="CHEB">
<data> 7.51340000E+000</data>
<data> 7.97420000E-001</data>
<data>-7.75640000E-002</data>
<data>-4.17950000E-003</data>
</auxiliary>
<auxiliary keyword="CHEB">
<data> 5.32600000E-001</data>
<data> 5.64510000E-001</data>
<data>-3.74470000E-003</data>
<data>-8.57330000E-003</data>
</auxiliary>
<auxiliary keyword="CHEB">
<data>-2.73150000E-001</data>
<data> 2.36230000E-001</data>
<data> 4.50930000E-002</data>
<data>-6.76540000E-003</data>
</auxiliary>
</reaction>
<reaction formula="HCO+sSPC(46)(+M)=sSPC(3071)+C4H7-24(+M)">
<rate A=" 1.00000000E+000" B=" 0.00000000E+000" E=" 0.00000000E+000"/>
<auxiliary keyword="TCHEB">
<data> 3.00000000E+002</data>
<data> 2.10000000E+003</data>
</auxiliary>
<auxiliary keyword="PCHEB">
<data> 9.86923267E-003</data>
<data> 9.86923267E+001</data>
</auxiliary>
<auxiliary keyword="CHEB">
<data>     4</data>
<data>     4</data>
</auxiliary>
<auxiliary keyword="CHEB">
<data> 1.07520000E+001</data>
<data>-1.34860000E+000</data>
<data>-4.98150000E-002</data>
<data> 1.70180000E-003</data>
</auxiliary>
<auxiliary keyword="CHEB">
<data> 3.58090000E+000</data>
<data> 1.09060000E+000</data>
<data>-6.05090000E-002</data>
<data>-9.47580000E-003</data>
</auxiliary>
<auxiliary keyword="CHEB">
<data> 2.70250000E-001</data>
<data> 4.35380000E-001</data>
<data> 5.69860000E-002</data>
<data>-9.12470000E-003</data>
</auxiliary>
<auxiliary keyword="CHEB">
<data>-2.65060000E-001</data>
<data>-3.52050000E-002</data>
<data> 7.01260000E-002</data>
<data> 5.09940000E-003</data>
</auxiliary>
</reaction>
<reaction formula="HCO+sSPC(56)(+M)=sSPC(3071)+C4H7-24(+M)">
<rate A=" 1.00000000E+000" B=" 0.00000000E+000" E=" 0.00000000E+000"/>
<auxiliary keyword="TCHEB">
<data> 3.00000000E+002</data>
<data> 2.10000000E+003</data>
</auxiliary>
<auxiliary keyword="PCHEB">
<data> 9.86923267E-003</data>
<data> 9.86923267E+001</data>
</auxiliary>
<auxiliary keyword="CHEB">
<data>     4</data>
<data>     4</data>
</auxiliary>
<auxiliary keyword="CHEB">
<data> 1.09290000E+001</data>
<data>-1.33030000E+000</data>
<data>-5.67980000E-002</data>
<data> 3.39660000E-003</data>
</auxiliary>
<auxiliary keyword="CHEB">
<data> 3.24240000E+000</data>
<data> 1.09920000E+000</data>
<data>-5.85890000E-002</data>
<data>-1.15930000E-002</data>
</auxiliary>
<auxiliary keyword="CHEB">
<data> 2.32430000E-001</data>
<data> 4.12360000E-001</data>
<data> 6.59100000E-002</data>
<data>-1.07900000E-002</data>
</auxiliary>
<auxiliary keyword="CHEB">
<data>-1.27260000E-001</data>
<data>-4.90970000E-002</data>
<data> 7.00850000E-002</data>
<data> 7.04110000E-003</data>
</auxiliary>
</reaction>
<reaction formula="HCO+CH3C[OH]CHcH2(+M)=CO+sC4H8O(+M)">
<rate A=" 1.00000000E+000" B=" 0.00000000E+000" E=" 0.00000000E+000"/>
<auxiliary keyword="TCHEB">
<data> 3.00000000E+002</data>
<data> 2.10000000E+003</data>
</auxiliary>
<auxiliary keyword="PCHEB">
<data> 9.86923267E-003</data>
<data> 9.86923267E+001</data>
</auxiliary>
<auxiliary keyword="CHEB">
<data>     4</data>
<data>     4</data>
</auxiliary>
<auxiliary keyword="CHEB">
<data> 3.70460000E+000</data>
<data>-1.20410000E+000</data>
<data>-6.90510000E-002</data>
<data> 5.81460000E-003</data>
</auxiliary>
<auxiliary keyword="CHEB">
<data> 6.88670000E+000</data>
<data> 1.17700000E+000</data>
<data>-2.08390000E-002</data>
<data>-1.41600000E-002</data>
</auxiliary>
<auxiliary keyword="CHEB">
<data> 6.75940000E-002</data>
<data> 2.56790000E-001</data>
<data> 8.88710000E-002</data>
<data>-5.51950000E-003</data>
</auxiliary>
<auxiliary keyword="CHEB">
<data>-2.28460000E-001</data>
<data>-1.55220000E-001</data>
<data> 3.92140000E-002</data>
<data> 1.38810000E-002</data>
</auxiliary>
</reaction>
<reaction formula="HCO+CH3C[OH]CHcH2(+M)=CO+MEKenol(+M)">
<rate A=" 1.00000000E+000" B=" 0.00000000E+000" E=" 0.00000000E+000"/>
<auxiliary keyword="TCHEB">
<data> 3.00000000E+002</data>
<data> 2.10000000E+003</data>
</auxiliary>
<auxiliary keyword="PCHEB">
<data> 9.86923267E-003</data>
<data> 9.86923267E+001</data>
</auxiliary>
<auxiliary keyword="CHEB">
<data>     4</data>
<data>     4</data>
</auxiliary>
<auxiliary keyword="CHEB">
<data> 3.51710000E+000</data>
<data>-1.28330000E+000</data>
<data>-5.91010000E-002</data>
<data> 4.12030000E-003</data>
</auxiliary>
<auxiliary keyword="CHEB">
<data> 6.88860000E+000</data>
<data> 1.13790000E+000</data>
<data>-4.37790000E-002</data>
<data>-1.15290000E-002</data>
</auxiliary>
<auxiliary keyword="CHEB">
<data> 8.86860000E-002</data>
<data> 3.56140000E-001</data>
<data> 7.56570000E-002</data>
<data>-8.10680000E-003</data>
</auxiliary>
<auxiliary keyword="CHEB">
<data>-2.64410000E-001</data>
<data>-9.54370000E-002</data>
<data> 5.95130000E-002</data>
<data> 9.70020000E-003</data>
</auxiliary>
</reaction>
<reaction formula="HCO+sSPC(752)(+M)=sSPC(3071)+CH3C[O]cHCH3(+M)">
<rate A=" 1.00000000E+000" B=" 0.00000000E+000" E=" 0.00000000E+000"/>
<auxiliary keyword="TCHEB">
<data> 3.00000000E+002</data>
<data> 2.10000000E+003</data>
</auxiliary>
<auxiliary keyword="PCHEB">
<data> 9.86923267E-003</data>
<data> 9.86923267E+001</data>
</auxiliary>
<auxiliary keyword="CHEB">
<data>     4</data>
<data>     4</data>
</auxiliary>
<auxiliary keyword="CHEB">
<data> 7.57180000E+000</data>
<data>-1.48930000E+000</data>
<data>-3.77390000E-002</data>
<data>-1.67430000E-003</data>
</auxiliary>
<auxiliary keyword="CHEB">
<data> 6.57660000E+000</data>
<data> 8.73590000E-001</data>
<data>-7.46380000E-002</data>
<data>-4.79820000E-003</data>
</auxiliary>
<auxiliary keyword="CHEB">
<data> 5.45850000E-001</data>
<data> 5.56520000E-001</data>
<data> 9.33240000E-003</data>
<data>-7.92330000E-003</data>
</auxiliary>
<auxiliary keyword="CHEB">
<data>-4.16370000E-001</data>
<data> 1.81900000E-001</data>
<data> 5.57070000E-002</data>
<data>-4.33380000E-003</data>
</auxiliary>
</reaction>
<reaction formula="HCO+CH3CH[OH]CH2CH2(+M)=CO+sBuOH(+M)">
<rate A=" 1.00000000E+000" B=" 0.00000000E+000" E=" 0.00000000E+000"/>
<auxiliary keyword="TCHEB">
<data> 3.00000000E+002</data>
<data> 2.10000000E+003</data>
</auxiliary>
<auxiliary keyword="PCHEB">
<data> 9.86923267E-003</data>
<data> 9.86923267E+001</data>
</auxiliary>
<auxiliary keyword="CHEB">
<data>     4</data>
<data>     4</data>
</auxiliary>
<auxiliary keyword="CHEB">
<data> 5.31760000E+000</data>
<data>-1.53370000E+000</data>
<data>-4.04710000E-002</data>
<data>-1.98490000E-003</data>
</auxiliary>
<auxiliary keyword="CHEB">
<data> 5.84010000E+000</data>
<data> 7.84170000E-001</data>
<data>-8.13270000E-002</data>
<data>-3.95570000E-003</data>
</auxiliary>
<auxiliary keyword="CHEB">
<data> 4.47990000E-001</data>
<data> 5.60070000E-001</data>
<data>-3.85310000E-003</data>
<data>-9.37690000E-003</data>
</auxiliary>
<auxiliary keyword="CHEB">
<data>-2.33500000E-001</data>
<data> 2.41990000E-001</data>
<data> 4.67460000E-002</data>
<data>-7.59330000E-003</data>
</auxiliary>
</reaction>
<reaction formula="HCO+sSPC(332)(+M)=sSPC(3071)+CH3CH[OH]CH2CH2(+M)">
<rate A=" 1.00000000E+000" B=" 0.00000000E+000" E=" 0.00000000E+000"/>
<auxiliary keyword="TCHEB">
<data> 3.00000000E+002</data>
<data> 2.10000000E+003</data>
</auxiliary>
<auxiliary keyword="PCHEB">
<data> 9.86923267E-003</data>
<data> 9.86923267E+001</data>
</auxiliary>
<auxiliary keyword="CHEB">
<data>     4</data>
<data>     4</data>
</auxiliary>
<auxiliary keyword="CHEB">
<data> 6.76910000E+000</data>
<data>-1.55700000E+000</data>
<data>-4.16680000E-002</data>
<data>-2.55250000E-003</data>
</auxiliary>
<auxiliary keyword="CHEB">
<data> 6.73220000E+000</data>
<data> 7.40780000E-001</data>
<data>-8.34780000E-002</data>
<data>-4.02490000E-003</data>
</auxiliary>
<auxiliary keyword="CHEB">
<data> 7.27000000E-001</data>
<data> 5.54640000E-001</data>
<data>-1.36320000E-002</data>
<data>-9.83670000E-003</data>
</auxiliary>
<auxiliary keyword="CHEB">
<data>-1.76430000E-001</data>
<data> 2.60340000E-001</data>
<data> 3.73480000E-002</data>
<data>-8.91920000E-003</data>
</auxiliary>
</reaction>
<reaction formula="HCO+sSPC(1356)(+M)=sSPC(3071)+CH2C[O]CH3(+M)">
<rate A=" 1.00000000E+000" B=" 0.00000000E+000" E=" 0.00000000E+000"/>
<auxiliary keyword="TCHEB">
<data> 3.00000000E+002</data>
<data> 2.10000000E+003</data>
</auxiliary>
<auxiliary keyword="PCHEB">
<data> 9.86923267E-003</data>
<data> 9.86923267E+001</data>
</auxiliary>
<auxiliary keyword="CHEB">
<data>     4</data>
<data>     4</data>
</auxiliary>
<auxiliary keyword="CHEB">
<data> 6.94750000E+000</data>
<data>-2.57130000E-002</data>
<data>-1.82550000E-002</data>
<data>-8.74760000E-003</data>
</auxiliary>
<auxiliary keyword="CHEB">
<data> 3.62050000E+000</data>
<data> 3.74550000E-002</data>
<data> 2.64720000E-002</data>
<data> 1.26140000E-002</data>
</auxiliary>
<auxiliary keyword="CHEB">
<data> 9.56720000E-001</data>
<data>-1.26880000E-002</data>
<data>-8.76170000E-003</data>
<data>-4.05200000E-003</data>
</auxiliary>
<auxiliary keyword="CHEB">
<data> 2.25100000E-001</data>
<data> 5.06180000E-005</data>
<data>-1.25540000E-004</data>
<data>-1.56130000E-004</data>
</auxiliary>
</reaction>
<reaction formula="HCO+sSPC(1356)(+M)=sSPC(1590)+sSPC(2810)(+M)">
<rate A=" 1.00000000E+000" B=" 0.00000000E+000" E=" 0.00000000E+000"/>
<auxiliary keyword="TCHEB">
<data> 3.00000000E+002</data>
<data> 2.10000000E+003</data>
</auxiliary>
<auxiliary keyword="PCHEB">
<data> 9.86923267E-003</data>
<data> 9.86923267E+001</data>
</auxiliary>
<auxiliary keyword="CHEB">
<data>     4</data>
<data>     4</data>
</auxiliary>
<auxiliary keyword="CHEB">
<data> 1.34560000E+001</data>
<data>-3.91240000E-002</data>
<data>-2.74220000E-002</data>
<data>-1.29300000E-002</data>
</auxiliary>
<auxiliary keyword="CHEB">
<data> 4.91920000E-001</data>
<data> 5.45460000E-002</data>
<data> 3.79670000E-002</data>
<data> 1.77430000E-002</data>
</auxiliary>
<auxiliary keyword="CHEB">
<data> 2.26860000E-001</data>
<data>-1.49580000E-002</data>
<data>-9.97660000E-003</data>
<data>-4.39960000E-003</data>
</auxiliary>
<auxiliary keyword="CHEB">
<data> 8.37330000E-002</data>
<data>-1.96240000E-003</data>
<data>-1.66730000E-003</data>
<data>-9.60930000E-004</data>
</auxiliary>
</reaction>
<reaction formula="sSPC(3071)+CH2C[O]CH3(+M)=sSPC(1590)+sSPC(2810)(+M)">
<rate A=" 1.00000000E+000" B=" 0.00000000E+000" E=" 0.00000000E+000"/>
<auxiliary keyword="TCHEB">
<data> 3.00000000E+002</data>
<data> 2.10000000E+003</data>
</auxiliary>
<auxiliary keyword="PCHEB">
<data> 9.86923267E-003</data>
<data> 9.86923267E+001</data>
</auxiliary>
<auxiliary keyword="CHEB">
<data>     4</data>
<data>     4</data>
</auxiliary>
<auxiliary keyword="CHEB">
<data> 1.32310000E+001</data>
<data>-6.31900000E-002</data>
<data>-4.28870000E-002</data>
<data>-1.93900000E-002</data>
</auxiliary>
<auxiliary keyword="CHEB">
<data> 6.51710000E-001</data>
<data> 8.76430000E-002</data>
<data> 5.87780000E-002</data>
<data> 2.61420000E-002</data>
</auxiliary>
<auxiliary keyword="CHEB">
<data> 2.35660000E-001</data>
<data>-2.29730000E-002</data>
<data>-1.42380000E-002</data>
<data>-5.60840000E-003</data>
</auxiliary>
<auxiliary keyword="CHEB">
<data> 9.57660000E-002</data>
<data>-3.99950000E-003</data>
<data>-3.47950000E-003</data>
<data>-2.03990000E-003</data>
</auxiliary>
</reaction>
<reaction formula="HCO+CH3(+M)=CH3CO+H(+M)">
<rate A=" 1.00000000E+000" B=" 0.00000000E+000" E=" 0.00000000E+000"/>
<auxiliary keyword="TCHEB">
<data> 3.00000000E+002</data>
<data> 2.10000000E+003</data>
</auxiliary>
<auxiliary keyword="PCHEB">
<data> 9.86923267E-003</data>
<data> 9.86923267E+001</data>
</auxiliary>
<auxiliary keyword="CHEB">
<data>     4</data>
<data>     4</data>
</auxiliary>
<auxiliary keyword="CHEB">
<data> 8.80540000E+000</data>
<data>-6.14380000E-001</data>
<data>-1.94920000E-001</data>
<data>-3.87630000E-003</data>
</auxiliary>
<auxiliary keyword="CHEB">
<data> 2.17740000E+000</data>
<data> 6.61230000E-001</data>
<data> 1.75770000E-001</data>
<data>-1.90700000E-002</data>
</auxiliary>
<auxiliary keyword="CHEB">
<data> 9.16420000E-002</data>
<data> 3.35870000E-002</data>
<data> 4.60600000E-002</data>
<data> 2.21470000E-002</data>
</auxiliary>
<auxiliary keyword="CHEB">
<data> 9.84500000E-003</data>
<data>-6.79870000E-002</data>
<data>-1.58960000E-002</data>
<data> 5.78130000E-003</data>
</auxiliary>
</reaction>
<reaction formula="HCO+sSPC(1697)(+M)=sSPC(3071)+CH3(+M)">
<rate A=" 1.00000000E+000" B=" 0.00000000E+000" E=" 0.00000000E+000"/>
<auxiliary keyword="TCHEB">
<data> 3.00000000E+002</data>
<data> 2.10000000E+003</data>
</auxiliary>
<auxiliary keyword="PCHEB">
<data> 9.86923267E-003</data>
<data> 9.86923267E+001</data>
</auxiliary>
<auxiliary keyword="CHEB">
<data>     4</data>
<data>     4</data>
</auxiliary>
<auxiliary keyword="CHEB">
<data> 8.71770000E+000</data>
<data>-2.88650000E-003</data>
<data>-2.10950000E-003</data>
<data>-1.04670000E-003</data>
</auxiliary>
<auxiliary keyword="CHEB">
<data> 2.93370000E+000</data>
<data> 3.97850000E-003</data>
<data> 2.90610000E-003</data>
<data> 1.44110000E-003</data>
</auxiliary>
<auxiliary keyword="CHEB">
<data> 8.05650000E-001</data>
<data>-1.09160000E-003</data>
<data>-7.95110000E-004</data>
<data>-3.93000000E-004</data>
</auxiliary>
<auxiliary keyword="CHEB">
<data> 2.23960000E-001</data>
<data>-6.39100000E-005</data>
<data>-4.81060000E-005</data>
<data>-2.46860000E-005</data>
</auxiliary>
</reaction>
<reaction formula="HCO+sSPC(1697)(+M)=sSPC(2810)+CH3O(+M)">
<rate A=" 1.00000000E+000" B=" 0.00000000E+000" E=" 0.00000000E+000"/>
<auxiliary keyword="TCHEB">
<data> 3.00000000E+002</data>
<data> 2.10000000E+003</data>
</auxiliary>
<auxiliary keyword="PCHEB">
<data> 9.86923267E-003</data>
<data> 9.86923267E+001</data>
</auxiliary>
<auxiliary keyword="CHEB">
<data>     4</data>
<data>     4</data>
</auxiliary>
<auxiliary keyword="CHEB">
<data> 1.34580000E+001</data>
<data>-3.90670000E-003</data>
<data>-2.85340000E-003</data>
<data>-1.41480000E-003</data>
</auxiliary>
<auxiliary keyword="CHEB">
<data> 4.77370000E-001</data>
<data> 5.13080000E-003</data>
<data> 3.74530000E-003</data>
<data> 1.85580000E-003</data>
</auxiliary>
<auxiliary keyword="CHEB">
<data> 2.37050000E-001</data>
<data>-1.03880000E-003</data>
<data>-7.55050000E-004</data>
<data>-3.72270000E-004</data>
</auxiliary>
<auxiliary keyword="CHEB">
<data> 8.71290000E-002</data>
<data>-2.99140000E-004</data>
<data>-2.20050000E-004</data>
<data>-1.10020000E-004</data>
</auxiliary>
</reaction>
<reaction formula="sSPC(3071)+CH3(+M)=sSPC(2810)+CH3O(+M)">
<rate A=" 1.00000000E+000" B=" 0.00000000E+000" E=" 0.00000000E+000"/>
<auxiliary keyword="TCHEB">
<data> 3.00000000E+002</data>
<data> 2.10000000E+003</data>
</auxiliary>
<auxiliary keyword="PCHEB">
<data> 9.86923267E-003</data>
<data> 9.86923267E+001</data>
</auxiliary>
<auxiliary keyword="CHEB">
<data>     4</data>
<data>     4</data>
</auxiliary>
<auxiliary keyword="CHEB">
<data> 1.34700000E+001</data>
<data>-5.64510000E-003</data>
<data>-4.11630000E-003</data>
<data>-2.03710000E-003</data>
</auxiliary>
<auxiliary keyword="CHEB">
<data> 4.67280000E-001</data>
<data> 7.46720000E-003</data>
<data> 5.44050000E-003</data>
<data> 2.68980000E-003</data>
</auxiliary>
<auxiliary keyword="CHEB">
<data> 1.90020000E-001</data>
<data>-1.56070000E-003</data>
<data>-1.13040000E-003</data>
<data>-5.54920000E-004</data>
</auxiliary>
<auxiliary keyword="CHEB">
<data> 9.10540000E-002</data>
<data>-4.28960000E-004</data>
<data>-3.16170000E-004</data>
<data>-1.58440000E-004</data>
</auxiliary>
</reaction>
<reaction formula="HCO+nSPC(879)(+M)=sSPC(3071)+nSPC(801)(+M)">
<rate A=" 1.00000000E+000" B=" 0.00000000E+000" E=" 0.00000000E+000"/>
<auxiliary keyword="TCHEB">
<data> 3.00000000E+002</data>
<data> 2.10000000E+003</data>
</auxiliary>
<auxiliary keyword="PCHEB">
<data> 9.86923267E-003</data>
<data> 9.86923267E+001</data>
</auxiliary>
<auxiliary keyword="CHEB">
<data>     4</data>
<data>     4</data>
</auxiliary>
<auxiliary keyword="CHEB">
<data> 9.34110000E+000</data>
<data>-1.36160000E+000</data>
<data>-4.35240000E-002</data>
<data> 1.17620000E-003</data>
</auxiliary>
<auxiliary keyword="CHEB">
<data> 5.12330000E+000</data>
<data> 1.07130000E+000</data>
<data>-5.55180000E-002</data>
<data>-6.99650000E-003</data>
</auxiliary>
<auxiliary keyword="CHEB">
<data> 1.54740000E-001</data>
<data> 4.50090000E-001</data>
<data> 4.87080000E-002</data>
<data>-6.93160000E-003</data>
</auxiliary>
<auxiliary keyword="CHEB">
<data>-4.24820000E-001</data>
<data>-1.14830000E-002</data>
<data> 6.33080000E-002</data>
<data> 3.59310000E-003</data>
</auxiliary>
</reaction>
<reaction formula="HCO+CH3O(+M)=sSPC(2810)+CH3(+M)">
<rate A=" 1.00000000E+000" B=" 0.00000000E+000" E=" 0.00000000E+000"/>
<auxiliary keyword="TCHEB">
<data> 3.00000000E+002</data>
<data> 2.10000000E+003</data>
</auxiliary>
<auxiliary keyword="PCHEB">
<data> 9.86923267E-003</data>
<data> 9.86923267E+001</data>
</auxiliary>
<auxiliary keyword="CHEB">
<data>     4</data>
<data>     4</data>
</auxiliary>
<auxiliary keyword="CHEB">
<data> 1.30190000E+001</data>
<data>-5.95370000E-001</data>
<data>-2.08920000E-001</data>
<data>-1.28710000E-002</data>
</auxiliary>
<auxiliary keyword="CHEB">
<data> 7.41160000E-001</data>
<data> 6.19690000E-001</data>
<data> 1.79150000E-001</data>
<data>-1.47400000E-002</data>
</auxiliary>
<auxiliary keyword="CHEB">
<data> 1.75410000E-001</data>
<data> 5.14370000E-002</data>
<data> 5.68570000E-002</data>
<data> 2.66570000E-002</data>
</auxiliary>
<auxiliary keyword="CHEB">
<data> 1.67820000E-002</data>
<data>-5.61720000E-002</data>
<data>-1.19190000E-002</data>
<data> 7.67850000E-003</data>
</auxiliary>
</reaction>
<reaction formula="HCO+sSPC(1909)(+M)=CH2CO+sSPC(2810)(+M)">
<rate A=" 1.00000000E+000" B=" 0.00000000E+000" E=" 0.00000000E+000"/>
<auxiliary keyword="TCHEB">
<data> 3.00000000E+002</data>
<data> 2.10000000E+003</data>
</auxiliary>
<auxiliary keyword="PCHEB">
<data> 9.86923267E-003</data>
<data> 9.86923267E+001</data>
</auxiliary>
<auxiliary keyword="CHEB">
<data>     4</data>
<data>     4</data>
</auxiliary>
<auxiliary keyword="CHEB">
<data> 1.33300000E+001</data>
<data>-8.41410000E-005</data>
<data>-6.16620000E-005</data>
<data>-3.06960000E-005</data>
</auxiliary>
<auxiliary keyword="CHEB">
<data> 4.28730000E-001</data>
<data> 1.07970000E-004</data>
<data> 7.91210000E-005</data>
<data> 3.93860000E-005</data>
</auxiliary>
<auxiliary keyword="CHEB">
<data> 1.79570000E-001</data>
<data>-1.99370000E-005</data>
<data>-1.46090000E-005</data>
<data>-7.27180000E-006</data>
</auxiliary>
<auxiliary keyword="CHEB">
<data> 6.87180000E-002</data>
<data>-8.44950000E-006</data>
<data>-6.19270000E-006</data>
<data>-3.08310000E-006</data>
</auxiliary>
</reaction>
<reaction formula="sSPC(2810)(+M)=HCO+O(+M)">
<rate A=" 1.00000000E+000" B=" 0.00000000E+000" E=" 0.00000000E+000"/>
<auxiliary keyword="TCHEB">
<data> 3.00000000E+002</data>
<data> 2.10000000E+003</data>
</auxiliary>
<auxiliary keyword="PCHEB">
<data> 9.86923267E-003</data>
<data> 9.86923267E+001</data>
</auxiliary>
<auxiliary keyword="CHEB">
<data>     4</data>
<data>     4</data>
</auxiliary>
<auxiliary keyword="CHEB">
<data>-3.23260000E+001</data>
<data> 1.99130000E+000</data>
<data>-6.36880000E-003</data>
<data>-3.15550000E-003</data>
</auxiliary>
<auxiliary keyword="CHEB">
<data> 3.33470000E+001</data>
<data> 2.16180000E-003</data>
<data> 1.57290000E-003</data>
<data> 7.76410000E-004</data>
</auxiliary>
<auxiliary keyword="CHEB">
<data>-7.49800000E-002</data>
<data> 9.33240000E-004</data>
<data> 6.80360000E-004</data>
<data> 3.36620000E-004</data>
</auxiliary>
<auxiliary keyword="CHEB">
<data>-5.32630000E-002</data>
<data> 6.01100000E-004</data>
<data> 4.38340000E-004</data>
<data> 2.16950000E-004</data>
</auxiliary>
</reaction>
<reaction formula="sSPC(2810)(+M)=CO2+H(+M)">
<rate A=" 1.00000000E+000" B=" 0.00000000E+000" E=" 0.00000000E+000"/>
<auxiliary keyword="TCHEB">
<data> 3.00000000E+002</data>
<data> 2.10000000E+003</data>
</auxiliary>
<auxiliary keyword="PCHEB">
<data> 9.86923267E-003</data>
<data> 9.86923267E+001</data>
</auxiliary>
<auxiliary keyword="CHEB">
<data>     4</data>
<data>     4</data>
</auxiliary>
<auxiliary keyword="CHEB">
<data> 9.02940000E+000</data>
<data> 1.98500000E+000</data>
<data>-1.09040000E-002</data>
<data>-5.37810000E-003</data>
</auxiliary>
<auxiliary keyword="CHEB">
<data> 1.19030000E-001</data>
<data> 4.53150000E-003</data>
<data> 3.27750000E-003</data>
<data> 1.60640000E-003</data>
</auxiliary>
<auxiliary keyword="CHEB">
<data>-5.95820000E-002</data>
<data> 1.63650000E-003</data>
<data> 1.18440000E-003</data>
<data> 5.80890000E-004</data>
</auxiliary>
<auxiliary keyword="CHEB">
<data>-3.23750000E-002</data>
<data> 7.73850000E-004</data>
<data> 5.60810000E-004</data>
<data> 2.75510000E-004</data>
</auxiliary>
</reaction>
<reaction formula="sSPC(2810)(+M)=CO+OH(+M)">
<rate A=" 1.00000000E+000" B=" 0.00000000E+000" E=" 0.00000000E+000"/>
<auxiliary keyword="TCHEB">
<data> 3.00000000E+002</data>
<data> 2.10000000E+003</data>
</auxiliary>
<auxiliary keyword="PCHEB">
<data> 9.86923267E-003</data>
<data> 9.86923267E+001</data>
</auxiliary>
<auxiliary keyword="CHEB">
<data>     4</data>
<data>     4</data>
</auxiliary>
<auxiliary keyword="CHEB">
<data>-9.87500000E+000</data>
<data> 1.98150000E+000</data>
<data>-1.35320000E-002</data>
<data>-6.70300000E-003</data>
</auxiliary>
<auxiliary keyword="CHEB">
<data> 1.13730000E+001</data>
<data> 4.36970000E-003</data>
<data> 3.17630000E-003</data>
<data> 1.56610000E-003</data>
</auxiliary>
<auxiliary keyword="CHEB">
<data> 1.68960000E-001</data>
<data> 4.52890000E-004</data>
<data> 3.31150000E-004</data>
<data> 1.64410000E-004</data>
</auxiliary>
<auxiliary keyword="CHEB">
<data> 5.03670000E-002</data>
<data> 6.53580000E-004</data>
<data> 4.75540000E-004</data>
<data> 2.34730000E-004</data>
</auxiliary>
</reaction>
<reaction formula="sSPC(3071)+OH(+M)=sSPC(3121)+O(+M)">
<rate A=" 1.00000000E+000" B=" 0.00000000E+000" E=" 0.00000000E+000"/>
<auxiliary keyword="TCHEB">
<data> 3.00000000E+002</data>
<data> 2.10000000E+003</data>
</auxiliary>
<auxiliary keyword="PCHEB">
<data> 9.86923267E-003</data>
<data> 9.86923267E+001</data>
</auxiliary>
<auxiliary keyword="CHEB">
<data>     4</data>
<data>     4</data>
</auxiliary>
<auxiliary keyword="CHEB">
<data>-6.46540000E+000</data>
<data>-8.34710000E-005</data>
<data>-6.11720000E-005</data>
<data>-3.04530000E-005</data>
</auxiliary>
<auxiliary keyword="CHEB">
<data> 1.38390000E+001</data>
<data> 4.38040000E-005</data>
<data> 3.21010000E-005</data>
<data> 1.59800000E-005</data>
</auxiliary>
<auxiliary keyword="CHEB">
<data> 1.27370000E-001</data>
<data> 3.41180000E-006</data>
<data> 2.50060000E-006</data>
<data> 1.24500000E-006</data>
</auxiliary>
<auxiliary keyword="CHEB">
<data> 5.17760000E-002</data>
<data> 7.28410000E-007</data>
<data> 5.33850000E-007</data>
<data> 2.65790000E-007</data>
</auxiliary>
</reaction>
<reaction formula="CH2CO+sSPC(3071)(+M)=sSPC(2810)+sSPC(1909)(+M)">
<rate A=" 1.00000000E+000" B=" 0.00000000E+000" E=" 0.00000000E+000"/>
<auxiliary keyword="TCHEB">
<data> 3.00000000E+002</data>
<data> 2.10000000E+003</data>
</auxiliary>
<auxiliary keyword="PCHEB">
<data> 9.86923267E-003</data>
<data> 9.86923267E+001</data>
</auxiliary>
<auxiliary keyword="CHEB">
<data>     4</data>
<data>     4</data>
</auxiliary>
<auxiliary keyword="CHEB">
<data> 1.02640000E+001</data>
<data>-8.29710000E-001</data>
<data>-1.19020000E-001</data>
<data> 4.83780000E-003</data>
</auxiliary>
<auxiliary keyword="CHEB">
<data> 2.70440000E+000</data>
<data> 1.01590000E+000</data>
<data> 9.16630000E-002</data>
<data>-2.54050000E-002</data>
</auxiliary>
<auxiliary keyword="CHEB">
<data> 5.21640000E-002</data>
<data>-6.67260000E-002</data>
<data> 6.18610000E-002</data>
<data> 2.19000000E-002</data>
</auxiliary>
<auxiliary keyword="CHEB">
<data>-6.02370000E-002</data>
<data>-1.46450000E-001</data>
<data>-2.29490000E-002</data>
<data> 5.36540000E-003</data>
</auxiliary>
</reaction>
<reaction formula="sSPC(3071)+HCO(+M)=2sSPC(2810)(+M)">
<rate A=" 1.00000000E+000" B=" 0.00000000E+000" E=" 0.00000000E+000"/>
<auxiliary keyword="TCHEB">
<data> 3.00000000E+002</data>
<data> 2.10000000E+003</data>
</auxiliary>
<auxiliary keyword="PCHEB">
<data> 9.86923267E-003</data>
<data> 9.86923267E+001</data>
</auxiliary>
<auxiliary keyword="CHEB">
<data>     4</data>
<data>     4</data>
</auxiliary>
<auxiliary keyword="CHEB">
<data> 1.32500000E+001</data>
<data>-2.21080000E-003</data>
<data>-1.61720000E-003</data>
<data>-8.03390000E-004</data>
</auxiliary>
<auxiliary keyword="CHEB">
<data> 5.67290000E-001</data>
<data> 2.86710000E-003</data>
<data> 2.09670000E-003</data>
<data> 1.04110000E-003</data>
</auxiliary>
<auxiliary keyword="CHEB">
<data> 1.77750000E-001</data>
<data>-5.60660000E-004</data>
<data>-4.09030000E-004</data>
<data>-2.02540000E-004</data>
</auxiliary>
<auxiliary keyword="CHEB">
<data> 2.79020000E-002</data>
<data>-1.85280000E-004</data>
<data>-1.36010000E-004</data>
<data>-6.78390000E-005</data>
</auxiliary>
</reaction>
<reaction formula="sSPC(3121)+CH2(+M)=nSPC(801)+H(+M)">
<rate A=" 1.00000000E+000" B=" 0.00000000E+000" E=" 0.00000000E+000"/>
<auxiliary keyword="TCHEB">
<data> 3.00000000E+002</data>
<data> 2.10000000E+003</data>
</auxiliary>
<auxiliary keyword="PCHEB">
<data> 9.86923267E-003</data>
<data> 9.86923267E+001</data>
</auxiliary>
<auxiliary keyword="CHEB">
<data>     4</data>
<data>     4</data>
</auxiliary>
<auxiliary keyword="CHEB">
<data> 6.36680000E+000</data>
<data>-4.28690000E-003</data>
<data>-3.12020000E-003</data>
<data>-1.54080000E-003</data>
</auxiliary>
<auxiliary keyword="CHEB">
<data> 2.24910000E+000</data>
<data> 6.48660000E-003</data>
<data> 4.71880000E-003</data>
<data> 2.32880000E-003</data>
</auxiliary>
<auxiliary keyword="CHEB">
<data> 1.67260000E-001</data>
<data>-2.70590000E-003</data>
<data>-1.96480000E-003</data>
<data>-9.67570000E-004</data>
</auxiliary>
<auxiliary keyword="CHEB">
<data> 7.28960000E-002</data>
<data> 4.17610000E-004</data>
<data> 3.00880000E-004</data>
<data> 1.46790000E-004</data>
</auxiliary>
</reaction>
<reaction formula="sSPC(3121)+O(+M)=sSPC(2810)+HO2(+M)">
<rate A=" 1.00000000E+000" B=" 0.00000000E+000" E=" 0.00000000E+000"/>
<auxiliary keyword="TCHEB">
<data> 3.00000000E+002</data>
<data> 2.10000000E+003</data>
</auxiliary>
<auxiliary keyword="PCHEB">
<data> 9.86923267E-003</data>
<data> 9.86923267E+001</data>
</auxiliary>
<auxiliary keyword="CHEB">
<data>     4</data>
<data>     4</data>
</auxiliary>
<auxiliary keyword="CHEB">
<data> 1.14050000E+001</data>
<data>-2.74450000E-005</data>
<data>-2.01140000E-005</data>
<data>-1.00130000E-005</data>
</auxiliary>
<auxiliary keyword="CHEB">
<data> 1.19690000E+000</data>
<data> 1.50120000E-005</data>
<data> 1.10020000E-005</data>
<data> 5.47710000E-006</data>
</auxiliary>
<auxiliary keyword="CHEB">
<data>-6.15400000E-003</data>
<data> 1.28830000E-006</data>
<data> 9.44210000E-007</data>
<data> 4.70080000E-007</data>
</auxiliary>
<auxiliary keyword="CHEB">
<data> 3.17600000E-002</data>
<data> 2.75730000E-007</data>
<data> 2.02080000E-007</data>
<data> 1.00600000E-007</data>
</auxiliary>
</reaction>
<reaction formula="CH2CO+sSPC(2810)(+M)=CO2+CH3CO(+M)">
<rate A=" 1.00000000E+000" B=" 0.00000000E+000" E=" 0.00000000E+000"/>
<auxiliary keyword="TCHEB">
<data> 3.00000000E+002</data>
<data> 2.10000000E+003</data>
</auxiliary>
<auxiliary keyword="PCHEB">
<data> 9.86923267E-003</data>
<data> 9.86923267E+001</data>
</auxiliary>
<auxiliary keyword="CHEB">
<data>     4</data>
<data>     4</data>
</auxiliary>
<auxiliary keyword="CHEB">
<data>-1.27300000E-001</data>
<data>-1.15850000E-001</data>
<data>-7.45910000E-002</data>
<data>-3.13030000E-002</data>
</auxiliary>
<auxiliary keyword="CHEB">
<data> 9.53340000E+000</data>
<data> 1.46380000E-001</data>
<data> 9.18400000E-002</data>
<data> 3.70120000E-002</data>
</auxiliary>
<auxiliary keyword="CHEB">
<data> 1.50830000E-001</data>
<data>-2.30130000E-002</data>
<data>-1.10990000E-002</data>
<data>-2.31010000E-003</data>
</auxiliary>
<auxiliary keyword="CHEB">
<data> 6.09650000E-002</data>
<data>-1.17230000E-002</data>
<data>-8.91260000E-003</data>
<data>-4.58740000E-003</data>
</auxiliary>
</reaction>
<reaction formula="sSPC(2810)+CH2(+M)=sSPC(1909)+H(+M)">
<rate A=" 1.00000000E+000" B=" 0.00000000E+000" E=" 0.00000000E+000"/>
<auxiliary keyword="TCHEB">
<data> 3.00000000E+002</data>
<data> 2.10000000E+003</data>
</auxiliary>
<auxiliary keyword="PCHEB">
<data> 9.86923267E-003</data>
<data> 9.86923267E+001</data>
</auxiliary>
<auxiliary keyword="CHEB">
<data>     4</data>
<data>     4</data>
</auxiliary>
<auxiliary keyword="CHEB">
<data> 6.29790000E+000</data>
<data>-8.84490000E-004</data>
<data>-6.47530000E-004</data>
<data>-3.21960000E-004</data>
</auxiliary>
<auxiliary keyword="CHEB">
<data> 2.35290000E+000</data>
<data> 1.20540000E-003</data>
<data> 8.82290000E-004</data>
<data> 4.38580000E-004</data>
</auxiliary>
<auxiliary keyword="CHEB">
<data> 1.93720000E-001</data>
<data>-4.00650000E-004</data>
<data>-2.93050000E-004</data>
<data>-1.45560000E-004</data>
</auxiliary>
<auxiliary keyword="CHEB">
<data> 8.58000000E-002</data>
<data> 4.11500000E-005</data>
<data> 2.99950000E-005</data>
<data> 1.48380000E-005</data>
</auxiliary>
</reaction>
<reaction formula="CO2+sSPC(2810)(+M)=CO+sSPC(3071)(+M)">
<rate A=" 1.00000000E+000" B=" 0.00000000E+000" E=" 0.00000000E+000"/>
<auxiliary keyword="TCHEB">
<data> 3.00000000E+002</data>
<data> 2.10000000E+003</data>
</auxiliary>
<auxiliary keyword="PCHEB">
<data> 9.86923267E-003</data>
<data> 9.86923267E+001</data>
</auxiliary>
<auxiliary keyword="CHEB">
<data>     4</data>
<data>     4</data>
</auxiliary>
<auxiliary keyword="CHEB">
<data>-2.46020000E+001</data>
<data>-3.10610000E-003</data>
<data>-2.27290000E-003</data>
<data>-1.12950000E-003</data>
</auxiliary>
<auxiliary keyword="CHEB">
<data> 2.67080000E+001</data>
<data> 1.61840000E-003</data>
<data> 1.18290000E-003</data>
<data> 5.87040000E-004</data>
</auxiliary>
<auxiliary keyword="CHEB">
<data> 2.77350000E-001</data>
<data> 1.29870000E-004</data>
<data> 9.53630000E-005</data>
<data> 4.75840000E-005</data>
</auxiliary>
<auxiliary keyword="CHEB">
<data> 7.59960000E-002</data>
<data> 2.75640000E-005</data>
<data> 2.02220000E-005</data>
<data> 1.00800000E-005</data>
</auxiliary>
</reaction>
<reaction formula="sSPC(2810)+CH2C[O]CH3(+M)=sSPC(1590)+HCO(+M)">
<rate A=" 1.00000000E+000" B=" 0.00000000E+000" E=" 0.00000000E+000"/>
<auxiliary keyword="TCHEB">
<data> 3.00000000E+002</data>
<data> 2.10000000E+003</data>
</auxiliary>
<auxiliary keyword="PCHEB">
<data> 9.86923267E-003</data>
<data> 9.86923267E+001</data>
</auxiliary>
<auxiliary keyword="CHEB">
<data>     4</data>
<data>     4</data>
</auxiliary>
<auxiliary keyword="CHEB">
<data> 4.19270000E+000</data>
<data>-1.38020000E+000</data>
<data>-6.18850000E-002</data>
<data> 4.12560000E-003</data>
</auxiliary>
<auxiliary keyword="CHEB">
<data> 8.28600000E+000</data>
<data> 1.01250000E+000</data>
<data>-7.52210000E-002</data>
<data>-1.12960000E-002</data>
</auxiliary>
<auxiliary keyword="CHEB">
<data> 4.54760000E-001</data>
<data> 4.57870000E-001</data>
<data> 5.75480000E-002</data>
<data>-1.44190000E-002</data>
</auxiliary>
<auxiliary keyword="CHEB">
<data>-9.49180000E-002</data>
<data> 3.97740000E-002</data>
<data> 7.91960000E-002</data>
<data> 2.64320000E-003</data>
</auxiliary>
</reaction>
<reaction formula="H+CH2C[O]CH3(+M)=CH3CO+CH3(+M)">
<rate A=" 1.00000000E+000" B=" 0.00000000E+000" E=" 0.00000000E+000"/>
<auxiliary keyword="TCHEB">
<data> 3.00000000E+002</data>
<data> 2.10000000E+003</data>
</auxiliary>
<auxiliary keyword="PCHEB">
<data> 9.86923267E-003</data>
<data> 9.86923267E+001</data>
</auxiliary>
<auxiliary keyword="CHEB">
<data>     4</data>
<data>     4</data>
</auxiliary>
<auxiliary keyword="CHEB">
<data> 1.37200000E+001</data>
<data>-4.95200000E-001</data>
<data>-1.86700000E-001</data>
<data>-1.71010000E-002</data>
</auxiliary>
<auxiliary keyword="CHEB">
<data> 2.74440000E-001</data>
<data> 5.71880000E-001</data>
<data> 1.95280000E-001</data>
<data> 3.44890000E-003</data>
</auxiliary>
<auxiliary keyword="CHEB">
<data>-1.59220000E-002</data>
<data> 3.33750000E-003</data>
<data> 2.67720000E-002</data>
<data> 1.95680000E-002</data>
</auxiliary>
<auxiliary keyword="CHEB">
<data>-3.43210000E-002</data>
<data>-8.04420000E-002</data>
<data>-2.94290000E-002</data>
<data>-6.43490000E-004</data>
</auxiliary>
</reaction>
<reaction formula="H+nSPC(801)(+M)=CH3CO+HO2(+M)">
<rate A=" 1.00000000E+000" B=" 0.00000000E+000" E=" 0.00000000E+000"/>
<auxiliary keyword="TCHEB">
<data> 3.00000000E+002</data>
<data> 2.10000000E+003</data>
</auxiliary>
<auxiliary keyword="PCHEB">
<data> 9.86923267E-003</data>
<data> 9.86923267E+001</data>
</auxiliary>
<auxiliary keyword="CHEB">
<data>     4</data>
<data>     4</data>
</auxiliary>
<auxiliary keyword="CHEB">
<data> 1.36300000E+001</data>
<data>-6.83020000E-001</data>
<data>-1.74520000E-001</data>
<data> 1.15540000E-002</data>
</auxiliary>
<auxiliary keyword="CHEB">
<data> 4.86810000E-001</data>
<data> 8.03550000E-001</data>
<data> 1.72890000E-001</data>
<data>-3.38470000E-002</data>
</auxiliary>
<auxiliary keyword="CHEB">
<data>-2.66780000E-002</data>
<data>-8.82950000E-003</data>
<data> 3.66520000E-002</data>
<data> 2.24470000E-002</data>
</auxiliary>
<auxiliary keyword="CHEB">
<data>-7.08550000E-002</data>
<data>-1.23920000E-001</data>
<data>-2.71790000E-002</data>
<data> 7.64320000E-003</data>
</auxiliary>
</reaction>
<reaction formula="CO2+sSPC(1590)(+M)=CO+sSPC(1356)(+M)">
<rate A=" 1.00000000E+000" B=" 0.00000000E+000" E=" 0.00000000E+000"/>
<auxiliary keyword="TCHEB">
<data> 3.00000000E+002</data>
<data> 2.10000000E+003</data>
</auxiliary>
<auxiliary keyword="PCHEB">
<data> 9.86923267E-003</data>
<data> 9.86923267E+001</data>
</auxiliary>
<auxiliary keyword="CHEB">
<data>     4</data>
<data>     4</data>
</auxiliary>
<auxiliary keyword="CHEB">
<data>-2.00380000E+001</data>
<data>-7.04060000E-004</data>
<data>-5.15820000E-004</data>
<data>-2.56690000E-004</data>
</auxiliary>
<auxiliary keyword="CHEB">
<data> 2.26880000E+001</data>
<data> 3.68940000E-004</data>
<data> 2.70230000E-004</data>
<data> 1.34440000E-004</data>
</auxiliary>
<auxiliary keyword="CHEB">
<data> 2.37240000E-001</data>
<data> 2.89170000E-005</data>
<data> 2.12030000E-005</data>
<data> 1.05620000E-005</data>
</auxiliary>
<auxiliary keyword="CHEB">
<data> 6.19000000E-002</data>
<data> 6.16530000E-006</data>
<data> 4.51950000E-006</data>
<data> 2.25060000E-006</data>
</auxiliary>
</reaction>
<reaction formula="CH2CO+CH3CO(+M)=CO+CH2C[O]CH3(+M)">
<rate A=" 1.00000000E+000" B=" 0.00000000E+000" E=" 0.00000000E+000"/>
<auxiliary keyword="TCHEB">
<data> 3.00000000E+002</data>
<data> 2.10000000E+003</data>
</auxiliary>
<auxiliary keyword="PCHEB">
<data> 9.86923267E-003</data>
<data> 9.86923267E+001</data>
</auxiliary>
<auxiliary keyword="CHEB">
<data>     4</data>
<data>     4</data>
</auxiliary>
<auxiliary keyword="CHEB">
<data> 9.46850000E+000</data>
<data>-3.36370000E-002</data>
<data>-2.36840000E-002</data>
<data>-1.12320000E-002</data>
</auxiliary>
<auxiliary keyword="CHEB">
<data> 2.36040000E+000</data>
<data> 4.61340000E-002</data>
<data> 3.22370000E-002</data>
<data> 1.51410000E-002</data>
</auxiliary>
<auxiliary keyword="CHEB">
<data> 1.06820000E-001</data>
<data>-1.41350000E-002</data>
<data>-9.54180000E-003</data>
<data>-4.27940000E-003</data>
</auxiliary>
<auxiliary keyword="CHEB">
<data> 3.23620000E-002</data>
<data> 1.95230000E-004</data>
<data>-8.36130000E-005</data>
<data>-1.71670000E-004</data>
</auxiliary>
</reaction>
<reaction formula="C4H8-1+HO2=C4H7-24+H2O2">
<rate A=" 3.17292680E+009" B=" 9.50000000E-001" E=" 5.64400000E+003"/>
</reaction>
<reaction formula="HO2+CH3CH[OH]CHCH3=O2+sBuOH">
<rate A=" 3.00000000E+011" B=" 0.00000000E+000" E=" 0.00000000E+000"/>
</reaction>
<reaction formula="CH3CH[OH]CHCH3+H2O2=sBuOH+HO2">
<rate A=" 2.97344350E+003" B=" 2.38600000E+000" E=" 9.69000000E+003"/>
</reaction>
<reaction formula="HO2+CH3CH[OH]CHCH3=H2O2+sC4H8O">
<rate A=" 7.23000000E+013" B=" 0.00000000E+000" E=" 0.00000000E+000"/>
</reaction>
<reaction formula="C4H7-24+CH3CH[OH]CHCH3=C4H8-1+sC4H8O">
<rate A=" 6.33000000E+014" B="-7.00000000E-001" E=" 0.00000000E+000"/>
</reaction>
<reaction formula="2CH3CH[OH]CHCH3=sBuOH+sC4H8O">
<rate A=" 6.33000000E+014" B="-7.00000000E-001" E=" 0.00000000E+000"/>
</reaction>
<reaction formula="sC4H8O+HO2=CH3C[OH]CHcH2+H2O2">
<rate A=" 8.06705360E+008" B=" 9.50000000E-001" E=" 5.44825000E+003"/>
</reaction>
<reaction formula="sC4H8O+C4H7-24=CH3C[OH]CHcH2+C4H8-1">
<rate A=" 1.62080660E+009" B=" 1.00444000E+000" E=" 1.11286111E+004"/>
</reaction>
<reaction formula="sC4H8O+CH3CH[OH]CHCH3=CH3C[OH]CHcH2+sBuOH">
<rate A=" 1.62080660E+009" B=" 1.00444000E+000" E=" 1.11286111E+004"/>
</reaction>
<reaction formula="C4H7-24+CH3C[OH]CHcH2=C4H6-13+sC4H8O">
<rate A=" 8.58000000E+015" B="-1.10000000E+000" E=" 0.00000000E+000"/>
</reaction>
<reaction formula="CH3CH[OH]CHCH3+CH3C[OH]CHcH2=2sC4H8O">
<rate A=" 8.58000000E+015" B="-1.10000000E+000" E=" 0.00000000E+000"/>
</reaction>
<reaction formula="HO2+CH3C[OH]CHcH2=H2O2+C4H6O(717)">
<rate A=" 1.21000000E+013" B=" 0.00000000E+000" E=" 0.00000000E+000"/>
</reaction>
<reaction formula="C4H7-24+CH3C[OH]CHcH2=C4H8-1+C4H6O(717)">
<rate A=" 2.35000000E+012" B=" 0.00000000E+000" E=" 0.00000000E+000"/>
</reaction>
<reaction formula="OH+CH3C[OH]CHcH2=H2O+C4H6O(717)">
<rate A=" 2.41000000E+013" B=" 0.00000000E+000" E=" 0.00000000E+000"/>
</reaction>
<reaction formula="CH3CH[OH]CHCH3+CH3C[OH]CHcH2=sBuOH+C4H6O(717)">
<rate A=" 2.35000000E+012" B=" 0.00000000E+000" E=" 0.00000000E+000"/>
</reaction>
<reaction formula="2CH3C[OH]CHcH2=sC4H8O+C4H6O(717)">
<rate A=" 3.47000000E+014" B="-7.50000000E-001" E=" 0.00000000E+000"/>
</reaction>
<reaction formula="O2+CH3C[OH]CHcH2=HO2+C4H6O(717)">
<rate A=" 2.28000000E+013" B=" 0.00000000E+000" E=" 0.00000000E+000"/>
</reaction>
<reaction formula="HO2+CH3CH[OH]CHCH3=H2O2+MEKenol">
<rate A=" 1.21000000E+013" B=" 0.00000000E+000" E=" 0.00000000E+000"/>
</reaction>
<reaction formula="C4H7-24+CH3CH[OH]CHCH3=C4H8-1+MEKenol">
<rate A=" 2.56000000E+013" B="-3.50000000E-001" E=" 0.00000000E+000"/>
</reaction>
<reaction formula="2CH3CH[OH]CHCH3=sBuOH+MEKenol">
<rate A=" 2.56000000E+013" B="-3.50000000E-001" E=" 0.00000000E+000"/>
</reaction>
<reaction formula="CH3CH[OH]CHCH3+MEKenol=sBuOH+CH3C[OH]CHcH2">
<rate A=" 8.61000000E+011" B=" 0.00000000E+000" E=" 1.23000000E+004"/>
</reaction>
<reaction formula="C4H8-1+CH3C[OH]CHcH2=C4H7-24+MEKenol">
<rate A=" 3.03978820E+006" B=" 1.88583000E+000" E=" 9.44833333E+003"/>
</reaction>
<reaction formula="H2O2+CH3C[OH]CHcH2=HO2+MEKenol">
<rate A=" 2.97344350E+003" B=" 2.38600000E+000" E=" 9.69000000E+003"/>
</reaction>
<reaction formula="CH3C[OH]CHcH2+CH3CH[OH]CHCH3=sC4H8O+MEKenol">
<rate A=" 1.08000000E+014" B="-7.50000000E-001" E=" 0.00000000E+000"/>
</reaction>
<reaction formula="2CH3C[OH]CHcH2=MEKenol+C4H6O(717)">
<rate A=" 1.81000000E+013" B=" 0.00000000E+000" E=" 0.00000000E+000"/>
</reaction>
<reaction formula="CH3C[OH]CHcH2+C4H7-24=MEKenol+C4H6-13">
<rate A=" 6.87000000E+013" B="-3.50000000E-001" E="-1.30000000E+002"/>
</reaction>
<reaction formula="CH3C[OH]CHcH2+CH3CH[OH]CHCH3=2MEKenol">
<rate A=" 7.83000000E+011" B=" 0.00000000E+000" E="-1.30000000E+002"/>
</reaction>
<reaction formula="CH3C[O]cHCH3+CH3CH[OH]CHCH3=C4H6O(717)+sBuOH">
<rate A=" 6.33000000E+014" B="-7.00000000E-001" E=" 0.00000000E+000"/>
</reaction>
<reaction formula="CH3C[O]cHCH3+C4H7-24=C4H6O(717)+C4H8-1">
<rate A=" 6.33000000E+014" B="-7.00000000E-001" E=" 0.00000000E+000"/>
</reaction>
<reaction formula="CH3C[O]cHCH3+HO2=C4H6O(717)+H2O2">
<rate A=" 7.23000000E+013" B=" 0.00000000E+000" E=" 0.00000000E+000"/>
</reaction>
<reaction formula="CH3C[O]cHCH3+CH3C[OH]CHcH2=C4H6O(717)+sC4H8O">
<rate A=" 8.58000000E+015" B="-1.10000000E+000" E=" 0.00000000E+000"/>
</reaction>
<reaction formula="CH3C[O]cHCH3+H2O2=MEKenol+HO2">
<rate A=" 3.46000000E+001" B=" 3.40000000E+000" E="-1.14000000E+003"/>
</reaction>
<reaction formula="CH3C[O]cHCH3+C4H8-1=MEKenol+C4H7-24">
<rate A=" 3.17292680E+009" B=" 9.50000000E-001" E=" 5.64400000E+003"/>
</reaction>
<reaction formula="MEKenol+CH3CH[OH]CHCH3=CH3C[O]cHCH3+sBuOH">
<rate A=" 1.48672170E+003" B=" 2.38600000E+000" E=" 9.69000000E+003"/>
</reaction>
<reaction formula="CH3C[O]cHCH3+sC4H8O=MEKenol+CH3C[OH]CHcH2">
<rate A=" 8.06705360E+008" B=" 9.50000000E-001" E=" 5.44825000E+003"/>
</reaction>
<reaction formula="MEKenol+CH3C[OH]CHcH2=CH3C[O]cHCH3+MEKenol">
<rate A=" 1.48672170E+003" B=" 2.38600000E+000" E=" 9.69000000E+003"/>
</reaction>
<reaction formula="CH3C[O]cHCH3+CH3C[OH]CHcH2=C4H6O(717)+MEKenol">
<rate A=" 2.29000000E+013" B="-3.50000000E-001" E="-1.30000000E+002"/>
</reaction>
<reaction formula="HO2+CH3CH[OH]CH2CH2=O2+sBuOH">
<rate A=" 3.00000000E+011" B=" 0.00000000E+000" E=" 0.00000000E+000"/>
</reaction>
<reaction formula="CH3CH[OH]CH2CH2+H2O2=sBuOH+HO2">
<rate A=" 2.97344350E+003" B=" 2.38600000E+000" E=" 9.69000000E+003"/>
</reaction>
<reaction formula="CH3CH[OH]CH2CH2+CH3CH[OH]CHCH3=sC4H8O+sBuOH">
<rate A=" 5.13000000E+013" B="-3.50000000E-001" E=" 0.00000000E+000"/>
<auxiliary keyword="DUP">
</auxiliary>
</reaction>
<reaction formula="CH3CH[OH]CH2CH2+CH3CH[OH]CHCH3=sC4H8O+sBuOH">
<rate A=" 2.30000000E+013" B="-3.50000000E-001" E=" 0.00000000E+000"/>
<auxiliary keyword="DUP">
</auxiliary>
</reaction>
<reaction formula="2CH3CH[OH]CH2CH2=sC4H8O+sBuOH">
<rate A=" 2.90000000E+012" B=" 0.00000000E+000" E=" 0.00000000E+000"/>
</reaction>
<reaction formula="CH3CH[OH]CH2CH2+C4H7-24=sC4H8O+C4H8-1">
<rate A=" 1.02600000E+014" B="-3.50000000E-001" E=" 0.00000000E+000"/>
</reaction>
<reaction formula="CH3CH[OH]CH2CH2+HO2=sC4H8O+H2O2">
<rate A=" 4.82000000E+013" B=" 0.00000000E+000" E=" 0.00000000E+000"/>
</reaction>
<reaction formula="CH3CH[OH]CH2CH2+CH3C[OH]CHcH2=2sC4H8O">
<rate A=" 4.32000000E+014" B="-7.50000000E-001" E=" 0.00000000E+000"/>
</reaction>
<reaction formula="CH3CH[OH]CH2CH2+sC4H8O=sBuOH+CH3C[OH]CHcH2">
<rate A=" 1.62080660E+009" B=" 1.00444000E+000" E=" 1.11286111E+004"/>
</reaction>
<reaction formula="CH3CH[OH]CH2CH2+MEKenol=sBuOH+CH3C[OH]CHcH2">
<rate A=" 1.68000000E+012" B=" 0.00000000E+000" E=" 1.24000000E+004"/>
</reaction>
<reaction formula="CH3C[O]cHCH3+CH3CH[OH]CH2CH2=C4H6O(717)+sBuOH">
<rate A=" 6.90000000E+013" B="-3.50000000E-001" E=" 0.00000000E+000"/>
</reaction>
<reaction formula="CH3C[OH]CHcH2+CH3CH[OH]CH2CH2=C4H6O(717)+sBuOH">
<rate A=" 2.41000000E+012" B=" 0.00000000E+000" E=" 0.00000000E+000"/>
</reaction>
<reaction formula="CH3CH[OH]CHCH3+CH3CH[OH]CH2CH2=MEKenol+sBuOH">
<rate A=" 8.43000000E+011" B=" 0.00000000E+000" E=" 0.00000000E+000"/>
</reaction>
<reaction formula="CH3CH[OH]CH2CH2+CH3C[OH]CHcH2=sC4H8O+MEKenol">
<rate A=" 2.90000000E+012" B=" 0.00000000E+000" E="-1.30000000E+002"/>
</reaction>
<reaction formula="CH3CH[OH]CH2CH2+MEKenol=sBuOH+CH3C[O]cHCH3">
<rate A=" 1.48672170E+003" B=" 2.38600000E+000" E=" 9.69000000E+003"/>
</reaction>
<reaction formula="HO2+sSPC(1013)=H2O2+sSPC(1072)">
<rate A=" 1.21000000E+013" B=" 0.00000000E+000" E=" 0.00000000E+000"/>
</reaction>
<reaction formula="C4H7-24+sSPC(1013)=C4H8-1+sSPC(1072)">
<rate A=" 2.35000000E+012" B=" 0.00000000E+000" E=" 0.00000000E+000"/>
</reaction>
<reaction formula="OH+sSPC(1013)=H2O+sSPC(1072)">
<rate A=" 2.41000000E+013" B=" 0.00000000E+000" E=" 0.00000000E+000"/>
</reaction>
<reaction formula="CH3CH[OH]CHCH3+sSPC(1013)=sBuOH+sSPC(1072)">
<rate A=" 2.35000000E+012" B=" 0.00000000E+000" E=" 0.00000000E+000"/>
</reaction>
<reaction formula="CH3C[OH]CHcH2+sSPC(1013)=sC4H8O+sSPC(1072)">
<rate A=" 3.47000000E+014" B="-7.50000000E-001" E=" 0.00000000E+000"/>
</reaction>
<reaction formula="CH3C[OH]CHcH2+sSPC(1013)=MEKenol+sSPC(1072)">
<rate A=" 1.81000000E+013" B=" 0.00000000E+000" E=" 0.00000000E+000"/>
</reaction>
<reaction formula="CH3C[O]cHCH3+sSPC(1013)=MEKenol+sSPC(1072)">
<rate A=" 1.70765920E+013" B=" 0.00000000E+000" E=" 0.00000000E+000"/>
</reaction>
<reaction formula="CH3CH[OH]CH2CH2+sSPC(1013)=sBuOH+sSPC(1072)">
<rate A=" 2.41000000E+012" B=" 0.00000000E+000" E=" 0.00000000E+000"/>
</reaction>
<reaction formula="O2+sSPC(1013)=HO2+sSPC(1072)">
<rate A=" 2.28000000E+013" B=" 0.00000000E+000" E=" 0.00000000E+000"/>
</reaction>
<reaction formula="CH3CH[OH]CHCH3+sSPC(1735)=sBuOH+sSPC(1697)">
<rate A=" 1.48672170E+003" B=" 2.38600000E+000" E=" 9.69000000E+003"/>
</reaction>
<reaction formula="CH3CH[OH]CH2CH2+sSPC(1735)=sBuOH+sSPC(1697)">
<rate A=" 1.48672170E+003" B=" 2.38600000E+000" E=" 9.69000000E+003"/>
</reaction>
<reaction formula="OH+sSPC(1735)=H2O+sSPC(1697)">
<rate A=" 1.73000000E+001" B=" 3.40000000E+000" E="-1.14000000E+003"/>
</reaction>
<reaction formula="C4H8-1+sSPC(1697)=C4H7-24+sSPC(1735)">
<rate A=" 3.17292680E+009" B=" 9.50000000E-001" E=" 5.64400000E+003"/>
</reaction>
<reaction formula="H2O2+sSPC(1697)=HO2+sSPC(1735)">
<rate A=" 3.46000000E+001" B=" 3.40000000E+000" E="-1.14000000E+003"/>
</reaction>
<reaction formula="sC4H8O+sSPC(1697)=CH3C[OH]CHcH2+sSPC(1735)">
<rate A=" 8.06705360E+008" B=" 9.50000000E-001" E=" 5.44825000E+003"/>
</reaction>
<reaction formula="CH3C[OH]CHcH2+sSPC(1735)=MEKenol+sSPC(1697)">
<rate A=" 1.48672170E+003" B=" 2.38600000E+000" E=" 9.69000000E+003"/>
</reaction>
<reaction formula="CH3C[O]cHCH3+sSPC(1735)=MEKenol+sSPC(1697)">
<rate A=" 1.73000000E+001" B=" 3.40000000E+000" E="-1.14000000E+003"/>
</reaction>
<reaction formula="sSPC(1697)+HO2=sSPC(1735)+O2">
<rate A=" 1.75000000E+010" B=" 0.00000000E+000" E="-3.27500000E+003"/>
</reaction>
<reaction formula="sSPC(1697)+C4H7-24=sSPC(1735)+C4H6-13">
<rate A=" 7.23000000E+013" B=" 0.00000000E+000" E=" 0.00000000E+000"/>
</reaction>
<reaction formula="sSPC(1697)+CH3CH[OH]CHCH3=sSPC(1735)+sC4H8O">
<rate A=" 7.23000000E+013" B=" 0.00000000E+000" E=" 0.00000000E+000"/>
</reaction>
<reaction formula="sSPC(1697)+CH3CH[OH]CHCH3=sSPC(1735)+MEKenol">
<rate A=" 1.21000000E+013" B=" 0.00000000E+000" E=" 0.00000000E+000"/>
</reaction>
<reaction formula="sSPC(1697)+CH3C[OH]CHcH2=sSPC(1735)+C4H6O(717)">
<rate A=" 1.21000000E+013" B=" 0.00000000E+000" E=" 0.00000000E+000"/>
</reaction>
<reaction formula="sSPC(1697)+CH3C[O]cHCH3=sSPC(1735)+C4H6O(717)">
<rate A=" 7.23000000E+013" B=" 0.00000000E+000" E=" 0.00000000E+000"/>
</reaction>
<reaction formula="sSPC(1697)+CH3CH[OH]CH2CH2=sSPC(1735)+sC4H8O">
<rate A=" 4.82000000E+013" B=" 0.00000000E+000" E=" 0.00000000E+000"/>
</reaction>
<reaction formula="sSPC(1697)+sSPC(1013)=sSPC(1735)+sSPC(1072)">
<rate A=" 1.21000000E+013" B=" 0.00000000E+000" E=" 0.00000000E+000"/>
</reaction>
<reaction formula="CH3O+CH3CH[OH]CHCH3=CH2O+sBuOH">
<rate A=" 7.06523420E+013" B="-2.29720000E-001" E="-1.80556000E+000"/>
</reaction>
<reaction formula="CH3O+CH3CH[OH]CH2CH2=CH2O+sBuOH">
<rate A=" 7.06523420E+013" B="-2.29720000E-001" E="-1.80556000E+000"/>
</reaction>
<reaction formula="CH3O+C4H7-24=CH2O+C4H8-1">
<rate A=" 7.06523420E+013" B="-2.29720000E-001" E="-1.80556000E+000"/>
</reaction>
<reaction formula="CH3O+HO2=CH2O+H2O2">
<rate A=" 7.06523420E+013" B="-2.29720000E-001" E="-1.80556000E+000"/>
</reaction>
<reaction formula="CH3O+CH3C[OH]CHcH2=CH2O+sC4H8O">
<rate A=" 7.06523420E+013" B="-2.29720000E-001" E="-1.80556000E+000"/>
</reaction>
<reaction formula="CH3O+CH3C[OH]CHcH2=CH2O+MEKenol">
<rate A=" 7.06523420E+013" B="-2.29720000E-001" E="-1.80556000E+000"/>
</reaction>
<reaction formula="CH3O+CH3C[O]cHCH3=CH2O+MEKenol">
<rate A=" 7.06523420E+013" B="-2.29720000E-001" E="-1.80556000E+000"/>
</reaction>
<reaction formula="CH3O+sSPC(1697)=CH2O+sSPC(1735)">
<rate A=" 7.06523420E+013" B="-2.29720000E-001" E="-1.80556000E+000"/>
</reaction>
<reaction formula="HO2+CH2=O2+CH3">
<rate A=" 1.04586810E+013" B=" 0.00000000E+000" E=" 0.00000000E+000"/>
</reaction>
<reaction formula="C4H7-24+CH2=C4H6-13+CH3">
<rate A=" 9.03000000E+013" B=" 0.00000000E+000" E=" 0.00000000E+000"/>
</reaction>
<reaction formula="CH3CH[OH]CH2CH2+CH2=sC4H8O+CH3">
<rate A=" 3.62000000E+012" B=" 0.00000000E+000" E=" 0.00000000E+000"/>
</reaction>
<reaction formula="CH3CH[OH]CHCH3+CH2=sC4H8O+CH3">
<rate A=" 9.03000000E+013" B=" 0.00000000E+000" E=" 0.00000000E+000"/>
</reaction>
<reaction formula="CH3C[O]cHCH3+CH2=C4H6O(717)+CH3">
<rate A=" 9.03000000E+013" B=" 0.00000000E+000" E=" 0.00000000E+000"/>
</reaction>
<reaction formula="CH3C[OH]CHcH2+CH2=C4H6O(717)+CH3">
<rate A=" 1.21000000E+012" B=" 0.00000000E+000" E=" 0.00000000E+000"/>
</reaction>
<reaction formula="CH3CH[OH]CHCH3+CH2=MEKenol+CH3">
<rate A=" 7.74601970E+012" B="-6.09100000E-002" E="-6.38198200E+001"/>
</reaction>
<reaction formula="sSPC(1013)+CH2=sSPC(1072)+CH3">
<rate A=" 1.21000000E+012" B=" 0.00000000E+000" E=" 0.00000000E+000"/>
</reaction>
<reaction formula="CH3O+CH2=CH2O+CH3">
<rate A=" 9.03000000E+013" B=" 0.00000000E+000" E=" 0.00000000E+000"/>
</reaction>
<reaction formula="sBuOH+CH2=CH3CH[OH]CHCH3+CH3">
<rate A=" 1.51000000E+000" B=" 3.46000000E+000" E=" 7.47000000E+003"/>
</reaction>
<reaction formula="sBuOH+CH2=CH3CH[OH]CH2CH2+CH3">
<rate A=" 3.64291200E+005" B=" 2.34400000E+000" E=" 3.74460000E+003"/>
</reaction>
<reaction formula="C4H8-1+CH2=C4H7-24+CH3">
<rate A=" 1.51000000E+000" B=" 3.46000000E+000" E=" 7.47000000E+003"/>
</reaction>
<reaction formula="H2O2+CH2=HO2+CH3">
<rate A=" 2.88000000E+001" B=" 3.10000000E+000" E=" 6.94000000E+003"/>
</reaction>
<reaction formula="sC4H8O+CH2=CH3C[OH]CHcH2+CH3">
<rate A=" 1.09000000E+012" B=" 0.00000000E+000" E=" 4.91000000E+003"/>
</reaction>
<reaction formula="MEKenol+CH2=CH3C[O]cHCH3+CH3">
<rate A=" 1.44000000E+001" B=" 3.10000000E+000" E=" 6.94000000E+003"/>
</reaction>
<reaction formula="sSPC(1735)+CH2=sSPC(1697)+CH3">
<rate A=" 1.44000000E+001" B=" 3.10000000E+000" E=" 6.94000000E+003"/>
</reaction>
<reaction formula="CH3CH[OH]CH2CH2+O=sC4H8O+OH">
<rate A=" 3.62000000E+012" B=" 0.00000000E+000" E=" 0.00000000E+000"/>
</reaction>
<reaction formula="CH3CH[OH]CHCH3+O=sC4H8O+OH">
<rate A=" 9.03000000E+013" B=" 0.00000000E+000" E=" 0.00000000E+000"/>
</reaction>
<reaction formula="CH3C[O]cHCH3+O=C4H6O(717)+OH">
<rate A=" 9.03000000E+013" B=" 0.00000000E+000" E=" 0.00000000E+000"/>
</reaction>
<reaction formula="CH3CH[OH]CHCH3+O=MEKenol+OH">
<rate A=" 7.74601970E+012" B="-6.09100000E-002" E="-6.38198200E+001"/>
</reaction>
<reaction formula="sBuOH+O=CH3CH[OH]CHCH3+OH">
<rate A=" 4.78000000E+004" B=" 2.71000000E+000" E=" 2.11000000E+003"/>
</reaction>
<reaction formula="sBuOH+O=CH3CH[OH]CH2CH2+OH">
<rate A=" 2.56500000E+004" B=" 3.05000000E+000" E=" 3.12300000E+003"/>
</reaction>
<reaction formula="C4H8-1+O=C4H7-24+OH">
<rate A=" 4.78000000E+004" B=" 2.71000000E+000" E=" 2.11000000E+003"/>
</reaction>
<reaction formula="sC4H8O+O=CH3C[OH]CHcH2+OH">
<rate A=" 1.57000000E+005" B=" 2.50000000E+000" E=" 1.11000000E+003"/>
</reaction>
<reaction formula="MEKenol+O=CH3C[OH]CHcH2+OH">
<rate A=" 2.56500000E+004" B=" 3.05000000E+000" E=" 3.12300000E+003"/>
</reaction>
<reaction formula="sSPC(1735)+O=sSPC(1697)+OH">
<rate A=" 1.00000000E+013" B=" 0.00000000E+000" E=" 4.69000000E+003"/>
</reaction>
<reaction formula="HCO+C4H8-1=CH2O+C4H7-24">
<rate A=" 7.56571210E+006" B=" 1.95000000E+000" E=" 1.66250000E+004"/>
</reaction>
<reaction formula="CH2O+CH3CH[OH]CHCH3=HCO+sBuOH">
<rate A=" 1.08000000E+011" B=" 0.00000000E+000" E=" 6.96000000E+003"/>
</reaction>
<reaction formula="HCO+sC4H8O=CH2O+CH3C[OH]CHcH2">
<rate A=" 3.43000000E+004" B=" 2.50000000E+000" E=" 1.35100000E+004"/>
</reaction>
<reaction formula="CH2O+CH3C[OH]CHcH2=HCO+MEKenol">
<rate A=" 5.50000000E+003" B=" 2.81000000E+000" E=" 5.86000000E+003"/>
</reaction>
<reaction formula="CH2O+CH3C[O]cHCH3=HCO+MEKenol">
<rate A=" 6.48259210E+007" B=" 1.25000000E+000" E=" 6.59500000E+003"/>
</reaction>
<reaction formula="CH2O+CH3CH[OH]CH2CH2=HCO+sBuOH">
<rate A=" 5.50000000E+003" B=" 2.81000000E+000" E=" 5.86000000E+003"/>
</reaction>
<reaction formula="C4H7-24+HCO=C4H6-13+CH2O">
<rate A=" 7.06523420E+013" B="-2.29720000E-001" E="-1.80556000E+000"/>
</reaction>
<reaction formula="CH3CH[OH]CH2CH2+HCO=sC4H8O+CH2O">
<rate A=" 1.14011720E+013" B="-7.10000000E-002" E="-2.16667000E+000"/>
</reaction>
<reaction formula="CH3CH[OH]CHCH3+HCO=sC4H8O+CH2O">
<rate A=" 7.06523420E+013" B="-2.29720000E-001" E="-1.80556000E+000"/>
</reaction>
<reaction formula="CH3C[O]cHCH3+HCO=C4H6O(717)+CH2O">
<rate A=" 7.06523420E+013" B="-2.29720000E-001" E="-1.80556000E+000"/>
</reaction>
<reaction formula="CH3C[OH]CHcH2+HCO=C4H6O(717)+CH2O">
<rate A=" 1.81000000E+014" B=" 0.00000000E+000" E=" 0.00000000E+000"/>
</reaction>
<reaction formula="CH3CH[OH]CHCH3+HCO=MEKenol+CH2O">
<rate A=" 3.52189320E+012" B="-7.10000000E-002" E="-2.16667000E+000"/>
</reaction>
<reaction formula="sSPC(1013)+HCO=sSPC(1072)+CH2O">
<rate A=" 1.81000000E+014" B=" 0.00000000E+000" E=" 0.00000000E+000"/>
</reaction>
<reaction formula="CH3O+HCO=2CH2O">
<rate A=" 7.06523420E+013" B="-2.29720000E-001" E="-1.80556000E+000"/>
</reaction>
<reaction formula="CH2O+sSPC(1697)=HCO+sSPC(1735)">
<rate A=" 4.12000000E+004" B=" 2.50000000E+000" E=" 1.02100000E+004"/>
</reaction>
<reaction formula="CH2O+CH2=HCO+CH3">
<rate A=" 6.04000000E+009" B=" 0.00000000E+000" E=" 0.00000000E+000"/>
</reaction>
<reaction formula="CH3CH[OH]CHCH3+sSPC(3121)=sBuOH+sSPC(3071)">
<rate A=" 1.48672170E+003" B=" 2.38600000E+000" E=" 9.69000000E+003"/>
</reaction>
<reaction formula="CH3CH[OH]CH2CH2+sSPC(3121)=sBuOH+sSPC(3071)">
<rate A=" 1.48672170E+003" B=" 2.38600000E+000" E=" 9.69000000E+003"/>
</reaction>
<reaction formula="OH+sSPC(3121)=H2O+sSPC(3071)">
<rate A=" 1.73000000E+001" B=" 3.40000000E+000" E="-1.14000000E+003"/>
</reaction>
<reaction formula="C4H8-1+sSPC(3071)=C4H7-24+sSPC(3121)">
<rate A=" 3.17292680E+009" B=" 9.50000000E-001" E=" 5.64400000E+003"/>
</reaction>
<reaction formula="H2O2+sSPC(3071)=HO2+sSPC(3121)">
<rate A=" 3.46000000E+001" B=" 3.40000000E+000" E="-1.14000000E+003"/>
</reaction>
<reaction formula="sC4H8O+sSPC(3071)=CH3C[OH]CHcH2+sSPC(3121)">
<rate A=" 8.06705360E+008" B=" 9.50000000E-001" E=" 5.44825000E+003"/>
</reaction>
<reaction formula="MEKenol+sSPC(3071)=CH3C[OH]CHcH2+sSPC(3121)">
<rate A=" 3.44820170E+007" B=" 1.75000000E+000" E=" 3.78937500E+003"/>
</reaction>
<reaction formula="MEKenol+sSPC(3071)=CH3C[O]cHCH3+sSPC(3121)">
<rate A=" 1.73000000E+001" B=" 3.40000000E+000" E="-1.14000000E+003"/>
</reaction>
<reaction formula="CH2O+sSPC(3071)=HCO+sSPC(3121)">
<rate A=" 4.12000000E+004" B=" 2.50000000E+000" E=" 1.02100000E+004"/>
</reaction>
<reaction formula="sSPC(1735)+sSPC(3071)=sSPC(1697)+sSPC(3121)">
<rate A=" 1.73000000E+001" B=" 3.40000000E+000" E="-1.14000000E+003"/>
</reaction>
<reaction formula="sSPC(3071)+HO2=sSPC(3121)+O2">
<rate A=" 1.75000000E+010" B=" 0.00000000E+000" E="-3.27500000E+003"/>
</reaction>
<reaction formula="sSPC(3071)+C4H7-24=sSPC(3121)+C4H6-13">
<rate A=" 7.23000000E+013" B=" 0.00000000E+000" E=" 0.00000000E+000"/>
</reaction>
<reaction formula="sSPC(3071)+CH3CH[OH]CHCH3=sSPC(3121)+sC4H8O">
<rate A=" 7.23000000E+013" B=" 0.00000000E+000" E=" 0.00000000E+000"/>
</reaction>
<reaction formula="sSPC(3071)+CH3CH[OH]CHCH3=sSPC(3121)+MEKenol">
<rate A=" 1.21000000E+013" B=" 0.00000000E+000" E=" 0.00000000E+000"/>
</reaction>
<reaction formula="sSPC(3071)+CH3C[OH]CHcH2=sSPC(3121)+C4H6O(717)">
<rate A=" 1.21000000E+013" B=" 0.00000000E+000" E=" 0.00000000E+000"/>
</reaction>
<reaction formula="sSPC(3071)+CH3C[O]cHCH3=sSPC(3121)+C4H6O(717)">
<rate A=" 7.23000000E+013" B=" 0.00000000E+000" E=" 0.00000000E+000"/>
</reaction>
<reaction formula="sSPC(3071)+CH3CH[OH]CH2CH2=sSPC(3121)+sC4H8O">
<rate A=" 4.82000000E+013" B=" 0.00000000E+000" E=" 0.00000000E+000"/>
</reaction>
<reaction formula="sSPC(3071)+sSPC(1013)=sSPC(3121)+sSPC(1072)">
<rate A=" 1.21000000E+013" B=" 0.00000000E+000" E=" 0.00000000E+000"/>
</reaction>
<reaction formula="sSPC(3071)+CH3O=sSPC(3121)+CH2O">
<rate A=" 7.06523420E+013" B="-2.29720000E-001" E="-1.80556000E+000"/>
</reaction>
<reaction formula="sSPC(3121)+CH2=sSPC(3071)+CH3">
<rate A=" 1.44000000E+001" B=" 3.10000000E+000" E=" 6.94000000E+003"/>
</reaction>
<reaction formula="sSPC(2810)+OH=CO2+H2O">
<rate A=" 7.74601970E+012" B="-6.09100000E-002" E="-6.38198200E+001"/>
</reaction>
<reaction formula="sSPC(2810)+HO2=CO2+H2O2">
<rate A=" 7.74601970E+012" B="-6.09100000E-002" E="-6.38198200E+001"/>
</reaction>
<reaction formula="sSPC(2810)+CH3C[O]cHCH3=CO2+MEKenol">
<rate A=" 7.74601970E+012" B="-6.09100000E-002" E="-6.38198200E+001"/>
</reaction>
<reaction formula="sSPC(2810)+HCO=CO2+CH2O">
<rate A=" 7.74601970E+012" B="-6.09100000E-002" E="-6.38198200E+001"/>
</reaction>
<reaction formula="sSPC(2810)+CH2=CO2+CH3">
<rate A=" 7.74601970E+012" B="-6.09100000E-002" E="-6.38198200E+001"/>
</reaction>
<reaction formula="sSPC(2810)+sSPC(1697)=CO2+sSPC(1735)">
<rate A=" 7.74601970E+012" B="-6.09100000E-002" E="-6.38198200E+001"/>
</reaction>
<reaction formula="O2+sSPC(2810)=HO2+CO2">
<rate A=" 6.55660840E+011" B=" 0.00000000E+000" E=" 2.71000000E+003"/>
</reaction>
<reaction formula="sSPC(2810)+sSPC(3071)=CO2+sSPC(3121)">
<rate A=" 7.74601970E+012" B="-6.09100000E-002" E="-6.38198200E+001"/>
</reaction>
<reaction formula="CH3CH[OH]CHCH3+sSPC(1474)=sBuOH+sSPC(1356)">
<rate A=" 1.48672170E+003" B=" 2.38600000E+000" E=" 9.69000000E+003"/>
</reaction>
<reaction formula="CH3CH[OH]CH2CH2+sSPC(1474)=sBuOH+sSPC(1356)">
<rate A=" 1.48672170E+003" B=" 2.38600000E+000" E=" 9.69000000E+003"/>
</reaction>
<reaction formula="OH+sSPC(1474)=H2O+sSPC(1356)">
<rate A=" 1.73000000E+001" B=" 3.40000000E+000" E="-1.14000000E+003"/>
</reaction>
<reaction formula="C4H8-1+sSPC(1356)=C4H7-24+sSPC(1474)">
<rate A=" 3.17292680E+009" B=" 9.50000000E-001" E=" 5.64400000E+003"/>
</reaction>
<reaction formula="H2O2+sSPC(1356)=HO2+sSPC(1474)">
<rate A=" 3.46000000E+001" B=" 3.40000000E+000" E="-1.14000000E+003"/>
</reaction>
<reaction formula="sC4H8O+sSPC(1356)=CH3C[OH]CHcH2+sSPC(1474)">
<rate A=" 8.06705360E+008" B=" 9.50000000E-001" E=" 5.44825000E+003"/>
</reaction>
<reaction formula="CH3C[OH]CHcH2+sSPC(1474)=MEKenol+sSPC(1356)">
<rate A=" 1.48672170E+003" B=" 2.38600000E+000" E=" 9.69000000E+003"/>
</reaction>
<reaction formula="CH3C[O]cHCH3+sSPC(1474)=MEKenol+sSPC(1356)">
<rate A=" 1.73000000E+001" B=" 3.40000000E+000" E="-1.14000000E+003"/>
</reaction>
<reaction formula="CH2O+sSPC(1356)=HCO+sSPC(1474)">
<rate A=" 4.12000000E+004" B=" 2.50000000E+000" E=" 1.02100000E+004"/>
</reaction>
<reaction formula="sSPC(1356)+HO2=sSPC(1474)+O2">
<rate A=" 1.75000000E+010" B=" 0.00000000E+000" E="-3.27500000E+003"/>
</reaction>
<reaction formula="sSPC(1356)+C4H7-24=sSPC(1474)+C4H6-13">
<rate A=" 7.23000000E+013" B=" 0.00000000E+000" E=" 0.00000000E+000"/>
</reaction>
<reaction formula="sSPC(1356)+CH3CH[OH]CHCH3=sSPC(1474)+sC4H8O">
<rate A=" 7.23000000E+013" B=" 0.00000000E+000" E=" 0.00000000E+000"/>
</reaction>
<reaction formula="sSPC(1356)+CH3CH[OH]CHCH3=sSPC(1474)+MEKenol">
<rate A=" 1.21000000E+013" B=" 0.00000000E+000" E=" 0.00000000E+000"/>
</reaction>
<reaction formula="sSPC(1356)+CH3C[OH]CHcH2=sSPC(1474)+C4H6O(717)">
<rate A=" 1.21000000E+013" B=" 0.00000000E+000" E=" 0.00000000E+000"/>
</reaction>
<reaction formula="sSPC(1356)+CH3C[O]cHCH3=sSPC(1474)+C4H6O(717)">
<rate A=" 7.23000000E+013" B=" 0.00000000E+000" E=" 0.00000000E+000"/>
</reaction>
<reaction formula="sSPC(1356)+CH3CH[OH]CH2CH2=sSPC(1474)+sC4H8O">
<rate A=" 4.82000000E+013" B=" 0.00000000E+000" E=" 0.00000000E+000"/>
</reaction>
<reaction formula="sSPC(1356)+sSPC(1013)=sSPC(1474)+sSPC(1072)">
<rate A=" 1.21000000E+013" B=" 0.00000000E+000" E=" 0.00000000E+000"/>
</reaction>
<reaction formula="sSPC(1735)+sSPC(1356)=sSPC(1697)+sSPC(1474)">
<rate A=" 1.73000000E+001" B=" 3.40000000E+000" E="-1.14000000E+003"/>
</reaction>
<reaction formula="sSPC(1356)+CH3O=sSPC(1474)+CH2O">
<rate A=" 7.06523420E+013" B="-2.29720000E-001" E="-1.80556000E+000"/>
</reaction>
<reaction formula="sSPC(3071)+sSPC(1474)=sSPC(3121)+sSPC(1356)">
<rate A=" 1.73000000E+001" B=" 3.40000000E+000" E="-1.14000000E+003"/>
</reaction>
<reaction formula="sSPC(1356)+sSPC(2810)=sSPC(1474)+CO2">
<rate A=" 7.74601970E+012" B="-6.09100000E-002" E="-6.38198200E+001"/>
</reaction>
<reaction formula="sSPC(1474)+CH2=sSPC(1356)+CH3">
<rate A=" 1.44000000E+001" B=" 3.10000000E+000" E=" 6.94000000E+003"/>
</reaction>
<reaction formula="sSPC(1474)+O=sSPC(1356)+OH">
<rate A=" 1.00000000E+013" B=" 0.00000000E+000" E=" 4.69000000E+003"/>
</reaction>
<reaction formula="CH3CO+HO2=CH2CO+H2O2">
<rate A=" 7.06523420E+013" B="-2.29720000E-001" E="-1.80556000E+000"/>
</reaction>
<reaction formula="CH3CO+O=CH2CO+OH">
<rate A=" 9.03000000E+013" B=" 0.00000000E+000" E=" 0.00000000E+000"/>
</reaction>
<reaction formula="CH3CO+CH3C[OH]CHcH2=CH2CO+sC4H8O">
<rate A=" 7.06523420E+013" B="-2.29720000E-001" E="-1.80556000E+000"/>
</reaction>
<reaction formula="CH3CO+CH3C[OH]CHcH2=CH2CO+MEKenol">
<rate A=" 7.06523420E+013" B="-2.29720000E-001" E="-1.80556000E+000"/>
</reaction>
<reaction formula="CH3CO+HCO=CH2CO+CH2O">
<rate A=" 7.06523420E+013" B="-2.29720000E-001" E="-1.80556000E+000"/>
</reaction>
<reaction formula="CH3CO+CH2=CH2CO+CH3">
<rate A=" 9.03000000E+013" B=" 0.00000000E+000" E=" 0.00000000E+000"/>
</reaction>
<reaction formula="CH3CO+sSPC(1697)=CH2CO+sSPC(1735)">
<rate A=" 7.06523420E+013" B="-2.29720000E-001" E="-1.80556000E+000"/>
</reaction>
<reaction formula="CH3CO+sSPC(3071)=CH2CO+sSPC(3121)">
<rate A=" 7.06523420E+013" B="-2.29720000E-001" E="-1.80556000E+000"/>
</reaction>
<reaction formula="CH3CO+sSPC(1356)=CH2CO+sSPC(1474)">
<rate A=" 7.06523420E+013" B="-2.29720000E-001" E="-1.80556000E+000"/>
</reaction>
<reaction formula="sBuOH+O=CH2CH[OH]C2H5+OH">
<rate A=" 2.56500000E+004" B=" 3.05000000E+000" E=" 3.12300000E+003"/>
</reaction>
<reaction formula="sBuOH+O=CH3C[OH]C2H5+OH">
<rate A=" 1.57000000E+005" B=" 2.50000000E+000" E=" 1.11000000E+003"/>
</reaction>
<reaction formula="sBuOH+O=CH3CH[O]C2H5+OH">
<rate A=" 1.00000000E+013" B=" 0.00000000E+000" E=" 4.69000000E+003"/>
</reaction>
<reaction formula="CH2CH[OH]C2H5+H2O2=sBuOH+HO2">
<rate A=" 2.97344000E+003" B=" 2.38600000E+000" E=" 9.69000000E+003"/>
</reaction>
<reaction formula="CH3C[OH]C2H5+H2O2=sBuOH+HO2">
<rate A=" 2.97344000E+003" B=" 2.38600000E+000" E=" 9.69000000E+003"/>
</reaction>
<reaction formula="CH3CH[O]C2H5+H2O2=sBuOH+HO2">
<rate A=" 3.46000000E+001" B=" 3.40000000E+000" E="-1.14000000E+003"/>
</reaction>
<reaction formula="HO2+CH2CH[OH]C2H5=O2+sBuOH">
<rate A=" 3.00000000E+011" B=" 0.00000000E+000" E=" 0.00000000E+000"/>
</reaction>
<reaction formula="HO2+CH3C[OH]C2H5=O2+sBuOH">
<rate A=" 3.00000000E+011" B=" 0.00000000E+000" E=" 0.00000000E+000"/>
</reaction>
<reaction formula="HO2+CH3CH[O]C2H5=O2+sBuOH">
<rate A=" 1.75000000E+010" B=" 0.00000000E+000" E="-3.27500000E+003"/>
</reaction>
<reaction formula="iC4H8(+M)=sC3H5+CH3(+M)">
<rate A=" 1.00000000E+000" B=" 0.00000000E+000" E=" 0.00000000E+000"/>
<auxiliary keyword="TCHEB">
<data> 3.00000000E+002</data>
<data> 2.10000000E+003</data>
</auxiliary>
<auxiliary keyword="PCHEB">
<data> 9.86923267E-003</data>
<data> 9.86923267E+001</data>
</auxiliary>
<auxiliary keyword="CHEB">
<data>     4</data>
<data>     4</data>
</auxiliary>
<auxiliary keyword="CHEB">
<data>-2.28600000E+001</data>
<data> 3.26050000E-001</data>
<data>-3.64540000E-002</data>
<data> 8.11120000E-004</data>
</auxiliary>
<auxiliary keyword="CHEB">
<data> 2.91690000E+001</data>
<data> 5.21430000E-001</data>
<data>-6.71530000E-002</data>
<data> 1.36390000E-003</data>
</auxiliary>
<auxiliary keyword="CHEB">
<data>-6.72140000E-001</data>
<data> 4.30990000E-001</data>
<data>-2.07570000E-002</data>
<data>-4.33310000E-003</data>
</auxiliary>
<auxiliary keyword="CHEB">
<data>-5.11110000E-001</data>
<data> 2.51690000E-001</data>
<data> 1.46320000E-002</data>
<data>-5.32330000E-003</data>
</auxiliary>
</reaction>
<reaction formula="sC3H5+CH3(+M)=iC4H7+H(+M)">
<rate A=" 1.00000000E+000" B=" 0.00000000E+000" E=" 0.00000000E+000"/>
<auxiliary keyword="TCHEB">
<data> 3.00000000E+002</data>
<data> 2.10000000E+003</data>
</auxiliary>
<auxiliary keyword="PCHEB">
<data> 9.86923267E-003</data>
<data> 9.86923267E+001</data>
</auxiliary>
<auxiliary keyword="CHEB">
<data>     4</data>
<data>     4</data>
</auxiliary>
<auxiliary keyword="CHEB">
<data> 1.00510000E+001</data>
<data>-1.48790000E+000</data>
<data>-4.45440000E-002</data>
<data> 5.98740000E-004</data>
</auxiliary>
<auxiliary keyword="CHEB">
<data> 2.48640000E+000</data>
<data> 8.58520000E-001</data>
<data>-7.89170000E-002</data>
<data>-3.29680000E-003</data>
</auxiliary>
<auxiliary keyword="CHEB">
<data> 5.28140000E-001</data>
<data> 5.22350000E-001</data>
<data> 1.58080000E-002</data>
<data>-9.39900000E-003</data>
</auxiliary>
<auxiliary keyword="CHEB">
<data>-2.00110000E-001</data>
<data> 1.68270000E-001</data>
<data> 5.86770000E-002</data>
<data>-4.83940000E-003</data>
</auxiliary>
</reaction>
<reaction formula="iC4H8+HO2(+M)=C4H8O2(62)+H(+M)">
<rate A=" 1.00000000E+000" B=" 0.00000000E+000" E=" 0.00000000E+000"/>
<auxiliary keyword="TCHEB">
<data> 3.00000000E+002</data>
<data> 2.10000000E+003</data>
</auxiliary>
<auxiliary keyword="PCHEB">
<data> 9.86923267E-003</data>
<data> 9.86923267E+001</data>
</auxiliary>
<auxiliary keyword="CHEB">
<data>     4</data>
<data>     4</data>
</auxiliary>
<auxiliary keyword="CHEB">
<data>-1.08410000E+000</data>
<data>-4.34700000E-001</data>
<data>-1.93060000E-001</data>
<data>-3.74570000E-002</data>
</auxiliary>
<auxiliary keyword="CHEB">
<data> 1.04590000E+001</data>
<data> 4.56110000E-001</data>
<data> 1.65360000E-001</data>
<data> 6.20150000E-003</data>
</auxiliary>
<auxiliary keyword="CHEB">
<data> 8.62540000E-002</data>
<data>-2.84020000E-002</data>
<data> 1.95680000E-002</data>
<data> 2.38220000E-002</data>
</auxiliary>
<auxiliary keyword="CHEB">
<data> 2.69800000E-002</data>
<data>-3.00910000E-002</data>
<data>-1.38520000E-002</data>
<data>-7.66390000E-004</data>
</auxiliary>
</reaction>
<reaction formula="tSPC(54)(+M)=tSPC(77)(+M)">
<rate A=" 1.00000000E+000" B=" 0.00000000E+000" E=" 0.00000000E+000"/>
<auxiliary keyword="TCHEB">
<data> 3.00000000E+002</data>
<data> 2.10000000E+003</data>
</auxiliary>
<auxiliary keyword="PCHEB">
<data> 9.86923267E-003</data>
<data> 9.86923267E+001</data>
</auxiliary>
<auxiliary keyword="CHEB">
<data>     4</data>
<data>     4</data>
</auxiliary>
<auxiliary keyword="CHEB">
<data>-9.45590000E-001</data>
<data> 1.84510000E+000</data>
<data>-1.74860000E-001</data>
<data>-2.00840000E-002</data>
</auxiliary>
<auxiliary keyword="CHEB">
<data> 4.95470000E+000</data>
<data> 6.70050000E-001</data>
<data> 1.22340000E-001</data>
<data> 4.02760000E-002</data>
</auxiliary>
<auxiliary keyword="CHEB">
<data>-7.35430000E-001</data>
<data> 1.78150000E-001</data>
<data>-2.89430000E-002</data>
<data> 9.91270000E-003</data>
</auxiliary>
<auxiliary keyword="CHEB">
<data>-2.58280000E-001</data>
<data> 8.63020000E-002</data>
<data>-1.79060000E-002</data>
<data>-7.64050000E-003</data>
</auxiliary>
</reaction>
<reaction formula="tSPC(54)(+M)=O2+iC4H7(+M)">
<rate A=" 1.00000000E+000" B=" 0.00000000E+000" E=" 0.00000000E+000"/>
<auxiliary keyword="TCHEB">
<data> 3.00000000E+002</data>
<data> 2.10000000E+003</data>
</auxiliary>
<auxiliary keyword="PCHEB">
<data> 9.86923267E-003</data>
<data> 9.86923267E+001</data>
</auxiliary>
<auxiliary keyword="CHEB">
<data>     4</data>
<data>     4</data>
</auxiliary>
<auxiliary keyword="CHEB">
<data> 5.50550000E+000</data>
<data> 1.30810000E+000</data>
<data>-1.47830000E-001</data>
<data> 9.82760000E-003</data>
</auxiliary>
<auxiliary keyword="CHEB">
<data> 3.68360000E+000</data>
<data> 7.74570000E-001</data>
<data> 1.35090000E-001</data>
<data>-2.58320000E-002</data>
</auxiliary>
<auxiliary keyword="CHEB">
<data>-7.39880000E-001</data>
<data>-5.36340000E-004</data>
<data> 3.34020000E-002</data>
<data> 1.40830000E-002</data>
</auxiliary>
<auxiliary keyword="CHEB">
<data>-3.35540000E-002</data>
<data>-7.55460000E-002</data>
<data>-1.50310000E-002</data>
<data> 3.57410000E-003</data>
</auxiliary>
</reaction>
<reaction formula="tSPC(54)(+M)=C4H7OJ(79)+O(+M)">
<rate A=" 1.00000000E+000" B=" 0.00000000E+000" E=" 0.00000000E+000"/>
<auxiliary keyword="TCHEB">
<data> 3.00000000E+002</data>
<data> 2.10000000E+003</data>
</auxiliary>
<auxiliary keyword="PCHEB">
<data> 9.86923267E-003</data>
<data> 9.86923267E+001</data>
</auxiliary>
<auxiliary keyword="CHEB">
<data>     4</data>
<data>     4</data>
</auxiliary>
<auxiliary keyword="CHEB">
<data>-1.34180000E+001</data>
<data> 1.99770000E+000</data>
<data>-1.71310000E-003</data>
<data>-8.50760000E-004</data>
</auxiliary>
<auxiliary keyword="CHEB">
<data> 1.75310000E+001</data>
<data> 2.78660000E-003</data>
<data> 2.03730000E-003</data>
<data> 1.01150000E-003</data>
</auxiliary>
<auxiliary keyword="CHEB">
<data>-4.36960000E-002</data>
<data>-7.15360000E-004</data>
<data>-5.21810000E-004</data>
<data>-2.58410000E-004</data>
</auxiliary>
<auxiliary keyword="CHEB">
<data> 2.61070000E-002</data>
<data>-6.96320000E-005</data>
<data>-5.13910000E-005</data>
<data>-2.58030000E-005</data>
</auxiliary>
</reaction>
<reaction formula="tSPC(54)(+M)=C4H6O(105)+OH(+M)">
<rate A=" 1.00000000E+000" B=" 0.00000000E+000" E=" 0.00000000E+000"/>
<auxiliary keyword="TCHEB">
<data> 3.00000000E+002</data>
<data> 2.10000000E+003</data>
</auxiliary>
<auxiliary keyword="PCHEB">
<data> 9.86923267E-003</data>
<data> 9.86923267E+001</data>
</auxiliary>
<auxiliary keyword="CHEB">
<data>     4</data>
<data>     4</data>
</auxiliary>
<auxiliary keyword="CHEB">
<data>-1.73820000E+001</data>
<data> 1.53970000E+000</data>
<data> 1.22570000E-001</data>
<data> 1.44160000E-002</data>
</auxiliary>
<auxiliary keyword="CHEB">
<data> 1.44810000E+001</data>
<data> 5.20710000E-001</data>
<data>-1.59580000E-001</data>
<data>-5.71450000E-003</data>
</auxiliary>
<auxiliary keyword="CHEB">
<data> 5.48660000E-001</data>
<data> 2.89270000E-002</data>
<data> 1.45550000E-002</data>
<data>-1.89160000E-002</data>
</auxiliary>
<auxiliary keyword="CHEB">
<data> 2.84750000E-001</data>
<data>-8.82670000E-002</data>
<data> 2.77590000E-002</data>
<data> 5.11310000E-003</data>
</auxiliary>
</reaction>
<reaction formula="tSPC(54)(+M)=tSPC(110)+OH(+M)">
<rate A=" 1.00000000E+000" B=" 0.00000000E+000" E=" 0.00000000E+000"/>
<auxiliary keyword="TCHEB">
<data> 3.00000000E+002</data>
<data> 2.10000000E+003</data>
</auxiliary>
<auxiliary keyword="PCHEB">
<data> 9.86923267E-003</data>
<data> 9.86923267E+001</data>
</auxiliary>
<auxiliary keyword="CHEB">
<data>     4</data>
<data>     4</data>
</auxiliary>
<auxiliary keyword="CHEB">
<data>-8.66610000E+000</data>
<data> 1.37970000E+000</data>
<data> 1.63030000E-001</data>
<data> 1.20660000E-002</data>
</auxiliary>
<auxiliary keyword="CHEB">
<data> 1.20110000E+001</data>
<data> 6.14980000E-001</data>
<data>-1.77030000E-001</data>
<data> 2.92620000E-003</data>
</auxiliary>
<auxiliary keyword="CHEB">
<data> 2.62260000E-001</data>
<data> 1.10830000E-001</data>
<data>-2.38070000E-002</data>
<data>-1.93660000E-002</data>
</auxiliary>
<auxiliary keyword="CHEB">
<data> 1.76420000E-001</data>
<data>-5.70390000E-002</data>
<data> 3.27250000E-002</data>
<data>-5.73390000E-003</data>
</auxiliary>
</reaction>
<reaction formula="tSPC(77)(+M)=O2+iC4H7(+M)">
<rate A=" 1.00000000E+000" B=" 0.00000000E+000" E=" 0.00000000E+000"/>
<auxiliary keyword="TCHEB">
<data> 3.00000000E+002</data>
<data> 2.10000000E+003</data>
</auxiliary>
<auxiliary keyword="PCHEB">
<data> 9.86923267E-003</data>
<data> 9.86923267E+001</data>
</auxiliary>
<auxiliary keyword="CHEB">
<data>     4</data>
<data>     4</data>
</auxiliary>
<auxiliary keyword="CHEB">
<data> 8.56060000E-001</data>
<data> 1.38680000E-001</data>
<data>-1.20510000E-001</data>
<data>-1.84960000E-002</data>
</auxiliary>
<auxiliary keyword="CHEB">
<data> 6.68750000E+000</data>
<data> 6.41990000E-001</data>
<data> 3.83900000E-002</data>
<data> 5.02350000E-002</data>
</auxiliary>
<auxiliary keyword="CHEB">
<data>-9.04920000E-001</data>
<data> 2.63540000E-001</data>
<data>-2.83000000E-002</data>
<data>-4.78200000E-003</data>
</auxiliary>
<auxiliary keyword="CHEB">
<data>-3.94910000E-001</data>
<data> 1.45340000E-001</data>
<data> 2.18390000E-002</data>
<data>-1.17570000E-002</data>
</auxiliary>
</reaction>
<reaction formula="tSPC(77)(+M)=C4H7OJ(79)+O(+M)">
<rate A=" 1.00000000E+000" B=" 0.00000000E+000" E=" 0.00000000E+000"/>
<auxiliary keyword="TCHEB">
<data> 3.00000000E+002</data>
<data> 2.10000000E+003</data>
</auxiliary>
<auxiliary keyword="PCHEB">
<data> 9.86923267E-003</data>
<data> 9.86923267E+001</data>
</auxiliary>
<auxiliary keyword="CHEB">
<data>     4</data>
<data>     4</data>
</auxiliary>
<auxiliary keyword="CHEB">
<data>-1.55290000E+001</data>
<data> 1.33560000E+000</data>
<data>-1.88380000E-001</data>
<data> 2.93810000E-003</data>
</auxiliary>
<auxiliary keyword="CHEB">
<data> 1.64370000E+001</data>
<data> 7.55110000E-001</data>
<data> 1.69870000E-001</data>
<data>-3.21000000E-002</data>
</auxiliary>
<auxiliary keyword="CHEB">
<data>-7.35070000E-001</data>
<data>-1.45620000E-002</data>
<data> 4.05820000E-002</data>
<data> 2.57420000E-002</data>
</auxiliary>
<auxiliary keyword="CHEB">
<data>-1.56840000E-001</data>
<data>-9.58490000E-002</data>
<data>-2.09710000E-002</data>
<data> 7.82200000E-003</data>
</auxiliary>
</reaction>
<reaction formula="tSPC(77)(+M)=C4H6O(105)+OH(+M)">
<rate A=" 1.00000000E+000" B=" 0.00000000E+000" E=" 0.00000000E+000"/>
<auxiliary keyword="TCHEB">
<data> 3.00000000E+002</data>
<data> 2.10000000E+003</data>
</auxiliary>
<auxiliary keyword="PCHEB">
<data> 9.86923267E-003</data>
<data> 9.86923267E+001</data>
</auxiliary>
<auxiliary keyword="CHEB">
<data>     4</data>
<data>     4</data>
</auxiliary>
<auxiliary keyword="CHEB">
<data>-1.39870000E+001</data>
<data> 7.97580000E-001</data>
<data>-9.79280000E-002</data>
<data> 1.82240000E-002</data>
</auxiliary>
<auxiliary keyword="CHEB">
<data> 1.27450000E+001</data>
<data> 1.05610000E+000</data>
<data>-7.23890000E-003</data>
<data>-2.32380000E-002</data>
</auxiliary>
<auxiliary keyword="CHEB">
<data>-5.93640000E-001</data>
<data> 2.62580000E-001</data>
<data> 8.48080000E-002</data>
<data>-1.21640000E-002</data>
</auxiliary>
<auxiliary keyword="CHEB">
<data>-2.12640000E-001</data>
<data>-6.98310000E-002</data>
<data> 3.36930000E-002</data>
<data> 1.05600000E-002</data>
</auxiliary>
</reaction>
<reaction formula="tSPC(77)(+M)=tSPC(110)+OH(+M)">
<rate A=" 1.00000000E+000" B=" 0.00000000E+000" E=" 0.00000000E+000"/>
<auxiliary keyword="TCHEB">
<data> 3.00000000E+002</data>
<data> 2.10000000E+003</data>
</auxiliary>
<auxiliary keyword="PCHEB">
<data> 9.86923267E-003</data>
<data> 9.86923267E+001</data>
</auxiliary>
<auxiliary keyword="CHEB">
<data>     4</data>
<data>     4</data>
</auxiliary>
<auxiliary keyword="CHEB">
<data>-4.89060000E+000</data>
<data> 5.91240000E-001</data>
<data>-7.16110000E-002</data>
<data> 1.41190000E-002</data>
</auxiliary>
<auxiliary keyword="CHEB">
<data> 1.04560000E+001</data>
<data> 8.93410000E-001</data>
<data>-5.97560000E-002</data>
<data>-2.18260000E-003</data>
</auxiliary>
<auxiliary keyword="CHEB">
<data>-7.27830000E-001</data>
<data> 3.85710000E-001</data>
<data> 5.46760000E-002</data>
<data>-1.76720000E-002</data>
</auxiliary>
<auxiliary keyword="CHEB">
<data>-3.83920000E-001</data>
<data> 6.52090000E-002</data>
<data> 5.33630000E-002</data>
<data>-4.70140000E-003</data>
</auxiliary>
</reaction>
<reaction formula="O2+iC4H7(+M)=C4H7OJ(79)+O(+M)">
<rate A=" 1.00000000E+000" B=" 0.00000000E+000" E=" 0.00000000E+000"/>
<auxiliary keyword="TCHEB">
<data> 3.00000000E+002</data>
<data> 2.10000000E+003</data>
</auxiliary>
<auxiliary keyword="PCHEB">
<data> 9.86923267E-003</data>
<data> 9.86923267E+001</data>
</auxiliary>
<auxiliary keyword="CHEB">
<data>     4</data>
<data>     4</data>
</auxiliary>
<auxiliary keyword="CHEB">
<data>-3.36850000E+000</data>
<data>-2.25600000E-003</data>
<data>-1.64970000E-003</data>
<data>-8.19240000E-004</data>
</auxiliary>
<auxiliary keyword="CHEB">
<data> 1.29360000E+001</data>
<data> 2.75140000E-003</data>
<data> 2.01160000E-003</data>
<data> 9.98830000E-004</data>
</auxiliary>
<auxiliary keyword="CHEB">
<data> 8.60020000E-002</data>
<data>-7.47200000E-004</data>
<data>-5.45140000E-004</data>
<data>-2.70030000E-004</data>
</auxiliary>
<auxiliary keyword="CHEB">
<data> 3.54850000E-002</data>
<data>-4.32360000E-005</data>
<data>-3.21640000E-005</data>
<data>-1.62900000E-005</data>
</auxiliary>
</reaction>
<reaction formula="O2+iC4H7(+M)=C4H6O(105)+OH(+M)">
<rate A=" 1.00000000E+000" B=" 0.00000000E+000" E=" 0.00000000E+000"/>
<auxiliary keyword="TCHEB">
<data> 3.00000000E+002</data>
<data> 2.10000000E+003</data>
</auxiliary>
<auxiliary keyword="PCHEB">
<data> 9.86923267E-003</data>
<data> 9.86923267E+001</data>
</auxiliary>
<auxiliary keyword="CHEB">
<data>     4</data>
<data>     4</data>
</auxiliary>
<auxiliary keyword="CHEB">
<data>-7.65580000E+000</data>
<data>-4.25720000E-001</data>
<data> 1.11690000E-001</data>
<data> 1.46200000E-002</data>
</auxiliary>
<auxiliary keyword="CHEB">
<data> 1.02100000E+001</data>
<data> 5.05400000E-001</data>
<data>-1.52000000E-001</data>
<data>-8.83900000E-003</data>
</auxiliary>
<auxiliary keyword="CHEB">
<data> 7.28500000E-001</data>
<data>-1.75170000E-003</data>
<data> 2.28430000E-002</data>
<data>-1.64480000E-002</data>
</auxiliary>
<auxiliary keyword="CHEB">
<data> 2.89080000E-001</data>
<data>-9.10830000E-002</data>
<data> 2.39740000E-002</data>
<data> 7.69000000E-003</data>
</auxiliary>
</reaction>
<reaction formula="O2+iC4H7(+M)=tSPC(110)+OH(+M)">
<rate A=" 1.00000000E+000" B=" 0.00000000E+000" E=" 0.00000000E+000"/>
<auxiliary keyword="TCHEB">
<data> 3.00000000E+002</data>
<data> 2.10000000E+003</data>
</auxiliary>
<auxiliary keyword="PCHEB">
<data> 9.86923267E-003</data>
<data> 9.86923267E+001</data>
</auxiliary>
<auxiliary keyword="CHEB">
<data>     4</data>
<data>     4</data>
</auxiliary>
<auxiliary keyword="CHEB">
<data> 7.80400000E-001</data>
<data>-5.65710000E-001</data>
<data> 1.51340000E-001</data>
<data> 1.07630000E-002</data>
</auxiliary>
<auxiliary keyword="CHEB">
<data> 7.86580000E+000</data>
<data> 5.99360000E-001</data>
<data>-1.77300000E-001</data>
<data> 1.99170000E-003</data>
</auxiliary>
<auxiliary keyword="CHEB">
<data> 4.69860000E-001</data>
<data> 7.48690000E-002</data>
<data>-9.23490000E-003</data>
<data>-2.00790000E-002</data>
</auxiliary>
<auxiliary keyword="CHEB">
<data> 2.11910000E-001</data>
<data>-8.29110000E-002</data>
<data> 3.59140000E-002</data>
<data>-1.06980000E-003</data>
</auxiliary>
</reaction>
<reaction formula="C4H7OJ(79)+O(+M)=C4H6O(105)+OH(+M)">
<rate A=" 1.00000000E+000" B=" 0.00000000E+000" E=" 0.00000000E+000"/>
<auxiliary keyword="TCHEB">
<data> 3.00000000E+002</data>
<data> 2.10000000E+003</data>
</auxiliary>
<auxiliary keyword="PCHEB">
<data> 9.86923267E-003</data>
<data> 9.86923267E+001</data>
</auxiliary>
<auxiliary keyword="CHEB">
<data>     4</data>
<data>     4</data>
</auxiliary>
<auxiliary keyword="CHEB">
<data>-7.99330000E-002</data>
<data>-5.77680000E-002</data>
<data>-7.47120000E-003</data>
<data> 7.00600000E-003</data>
</auxiliary>
<auxiliary keyword="CHEB">
<data> 3.51300000E+000</data>
<data> 8.40150000E-002</data>
<data> 5.96620000E-003</data>
<data>-1.33050000E-002</data>
</auxiliary>
<auxiliary keyword="CHEB">
<data> 9.45170000E-001</data>
<data>-3.69200000E-002</data>
<data>-1.20350000E-004</data>
<data> 6.43500000E-003</data>
</auxiliary>
<auxiliary keyword="CHEB">
<data> 3.20010000E-001</data>
<data> 4.42600000E-003</data>
<data>-2.45460000E-003</data>
<data>-1.57360000E-003</data>
</auxiliary>
</reaction>
<reaction formula="C4H7OJ(79)+O(+M)=tSPC(110)+OH(+M)">
<rate A=" 1.00000000E+000" B=" 0.00000000E+000" E=" 0.00000000E+000"/>
<auxiliary keyword="TCHEB">
<data> 3.00000000E+002</data>
<data> 2.10000000E+003</data>
</auxiliary>
<auxiliary keyword="PCHEB">
<data> 9.86923267E-003</data>
<data> 9.86923267E+001</data>
</auxiliary>
<auxiliary keyword="CHEB">
<data>     4</data>
<data>     4</data>
</auxiliary>
<auxiliary keyword="CHEB">
<data> 6.81840000E+000</data>
<data>-7.00330000E-002</data>
<data>-7.41450000E-003</data>
<data> 9.22790000E-003</data>
</auxiliary>
<auxiliary keyword="CHEB">
<data> 2.50390000E+000</data>
<data> 1.00160000E-001</data>
<data> 5.41070000E-003</data>
<data>-1.62320000E-002</data>
</auxiliary>
<auxiliary keyword="CHEB">
<data> 6.63460000E-001</data>
<data>-3.81270000E-002</data>
<data> 1.20400000E-003</data>
<data> 6.87200000E-003</data>
</auxiliary>
<auxiliary keyword="CHEB">
<data> 2.72670000E-001</data>
<data> 4.13020000E-004</data>
<data>-3.24280000E-003</data>
<data>-9.36740000E-004</data>
</auxiliary>
</reaction>
<reaction formula="C4H6O(105)+OH(+M)=tSPC(110)+OH(+M)">
<rate A=" 1.00000000E+000" B=" 0.00000000E+000" E=" 0.00000000E+000"/>
<auxiliary keyword="TCHEB">
<data> 3.00000000E+002</data>
<data> 2.10000000E+003</data>
</auxiliary>
<auxiliary keyword="PCHEB">
<data> 9.86923267E-003</data>
<data> 9.86923267E+001</data>
</auxiliary>
<auxiliary keyword="CHEB">
<data>     4</data>
<data>     4</data>
</auxiliary>
<auxiliary keyword="CHEB">
<data>-1.10650000E+001</data>
<data>-4.35900000E-005</data>
<data>-3.19150000E-005</data>
<data>-1.58810000E-005</data>
</auxiliary>
<auxiliary keyword="CHEB">
<data> 1.56980000E+001</data>
<data> 2.38620000E-005</data>
<data> 1.75240000E-005</data>
<data> 8.72730000E-006</data>
</auxiliary>
<auxiliary keyword="CHEB">
<data> 4.96560000E-001</data>
<data> 2.38200000E-006</data>
<data> 1.78880000E-006</data>
<data> 9.01010000E-007</data>
</auxiliary>
<auxiliary keyword="CHEB">
<data> 1.23100000E-001</data>
<data> 7.42430000E-007</data>
<data> 5.77210000E-007</data>
<data> 2.99950000E-007</data>
</auxiliary>
</reaction>
<reaction formula="iC4H8+iC4H7(+M)=C8H14+H(+M)">
<rate A=" 1.00000000E+000" B=" 0.00000000E+000" E=" 0.00000000E+000"/>
<auxiliary keyword="TCHEB">
<data> 3.00000000E+002</data>
<data> 2.10000000E+003</data>
</auxiliary>
<auxiliary keyword="PCHEB">
<data> 9.86923267E-003</data>
<data> 9.86923267E+001</data>
</auxiliary>
<auxiliary keyword="CHEB">
<data>     4</data>
<data>     4</data>
</auxiliary>
<auxiliary keyword="CHEB">
<data> 3.74850000E-001</data>
<data>-1.01310000E+000</data>
<data>-1.59340000E-001</data>
<data> 8.95640000E-003</data>
</auxiliary>
<auxiliary keyword="CHEB">
<data> 9.86550000E+000</data>
<data> 9.91470000E-001</data>
<data> 2.54410000E-002</data>
<data>-5.13610000E-002</data>
</auxiliary>
<auxiliary keyword="CHEB">
<data>-7.24370000E-002</data>
<data> 7.91340000E-002</data>
<data> 1.10180000E-001</data>
<data> 6.43940000E-003</data>
</auxiliary>
<auxiliary keyword="CHEB">
<data>-2.57830000E-002</data>
<data>-8.04720000E-002</data>
<data> 1.94800000E-002</data>
<data> 2.85740000E-002</data>
</auxiliary>
</reaction>
<reaction formula="iC4H7+HO2(+M)=tSPC(77)+H(+M)">
<rate A=" 1.00000000E+000" B=" 0.00000000E+000" E=" 0.00000000E+000"/>
<auxiliary keyword="TCHEB">
<data> 3.00000000E+002</data>
<data> 2.10000000E+003</data>
</auxiliary>
<auxiliary keyword="PCHEB">
<data> 9.86923267E-003</data>
<data> 9.86923267E+001</data>
</auxiliary>
<auxiliary keyword="CHEB">
<data>     4</data>
<data>     4</data>
</auxiliary>
<auxiliary keyword="CHEB">
<data>-1.77340000E+000</data>
<data>-1.83500000E-001</data>
<data>-1.20520000E-001</data>
<data>-5.20370000E-002</data>
</auxiliary>
<auxiliary keyword="CHEB">
<data> 9.95310000E+000</data>
<data> 3.60090000E-002</data>
<data> 2.15200000E-002</data>
<data> 7.95130000E-003</data>
</auxiliary>
<auxiliary keyword="CHEB">
<data> 8.93370000E-002</data>
<data> 2.51150000E-002</data>
<data> 1.53620000E-002</data>
<data> 5.91860000E-003</data>
</auxiliary>
<auxiliary keyword="CHEB">
<data> 5.29190000E-002</data>
<data> 2.33380000E-002</data>
<data> 1.41610000E-002</data>
<data> 5.38060000E-003</data>
</auxiliary>
</reaction>
<reaction formula="C4H8O2(62)(+M)=iC4H7+HO2(+M)">
<rate A=" 1.00000000E+000" B=" 0.00000000E+000" E=" 0.00000000E+000"/>
<auxiliary keyword="TCHEB">
<data> 3.00000000E+002</data>
<data> 2.10000000E+003</data>
</auxiliary>
<auxiliary keyword="PCHEB">
<data> 9.86923267E-003</data>
<data> 9.86923267E+001</data>
</auxiliary>
<auxiliary keyword="CHEB">
<data>     4</data>
<data>     4</data>
</auxiliary>
<auxiliary keyword="CHEB">
<data>-9.13110000E+000</data>
<data> 1.15550000E+000</data>
<data>-1.56340000E-001</data>
<data> 1.18310000E-002</data>
</auxiliary>
<auxiliary keyword="CHEB">
<data> 1.54720000E+001</data>
<data> 9.47230000E-001</data>
<data> 1.11170000E-001</data>
<data>-3.86290000E-002</data>
</auxiliary>
<auxiliary keyword="CHEB">
<data>-8.83890000E-001</data>
<data> 1.85740000E-002</data>
<data> 7.58060000E-002</data>
<data> 2.18680000E-002</data>
</auxiliary>
<auxiliary keyword="CHEB">
<data>-2.21550000E-001</data>
<data>-1.17960000E-001</data>
<data>-1.35590000E-002</data>
<data> 1.15120000E-002</data>
</auxiliary>
</reaction>
<reaction formula="C4H8O2(62)(+M)=H+tSPC(54)(+M)">
<rate A=" 1.00000000E+000" B=" 0.00000000E+000" E=" 0.00000000E+000"/>
<auxiliary keyword="TCHEB">
<data> 3.00000000E+002</data>
<data> 2.10000000E+003</data>
</auxiliary>
<auxiliary keyword="PCHEB">
<data> 9.86923267E-003</data>
<data> 9.86923267E+001</data>
</auxiliary>
<auxiliary keyword="CHEB">
<data>     4</data>
<data>     4</data>
</auxiliary>
<auxiliary keyword="CHEB">
<data>-2.52210000E+001</data>
<data> 1.95790000E+000</data>
<data>-2.93890000E-002</data>
<data>-1.37930000E-002</data>
</auxiliary>
<auxiliary keyword="CHEB">
<data> 2.54150000E+001</data>
<data> 5.80110000E-002</data>
<data> 4.02500000E-002</data>
<data> 1.87320000E-002</data>
</auxiliary>
<auxiliary keyword="CHEB">
<data>-5.06790000E-001</data>
<data>-1.46810000E-002</data>
<data>-9.77080000E-003</data>
<data>-4.29560000E-003</data>
</auxiliary>
<auxiliary keyword="CHEB">
<data>-5.32930000E-002</data>
<data>-2.78800000E-003</data>
<data>-2.18580000E-003</data>
<data>-1.16940000E-003</data>
</auxiliary>
</reaction>
<reaction formula="C4H8O2(62)(+M)=H+tSPC(77)(+M)">
<rate A=" 1.00000000E+000" B=" 0.00000000E+000" E=" 0.00000000E+000"/>
<auxiliary keyword="TCHEB">
<data> 3.00000000E+002</data>
<data> 2.10000000E+003</data>
</auxiliary>
<auxiliary keyword="PCHEB">
<data> 9.86923267E-003</data>
<data> 9.86923267E+001</data>
</auxiliary>
<auxiliary keyword="CHEB">
<data>     4</data>
<data>     4</data>
</auxiliary>
<auxiliary keyword="CHEB">
<data>-2.47330000E+001</data>
<data> 1.95790000E+000</data>
<data>-2.93890000E-002</data>
<data>-1.37930000E-002</data>
</auxiliary>
<auxiliary keyword="CHEB">
<data> 2.54150000E+001</data>
<data> 5.80110000E-002</data>
<data> 4.02500000E-002</data>
<data> 1.87320000E-002</data>
</auxiliary>
<auxiliary keyword="CHEB">
<data>-5.06790000E-001</data>
<data>-1.46810000E-002</data>
<data>-9.77080000E-003</data>
<data>-4.29560000E-003</data>
</auxiliary>
<auxiliary keyword="CHEB">
<data>-5.32930000E-002</data>
<data>-2.78800000E-003</data>
<data>-2.18580000E-003</data>
<data>-1.16940000E-003</data>
</auxiliary>
</reaction>
<reaction formula="C4H8O2(62)(+M)=C4H7OJ(79)+OH(+M)">
<rate A=" 1.00000000E+000" B=" 0.00000000E+000" E=" 0.00000000E+000"/>
<auxiliary keyword="TCHEB">
<data> 3.00000000E+002</data>
<data> 2.10000000E+003</data>
</auxiliary>
<auxiliary keyword="PCHEB">
<data> 9.86923267E-003</data>
<data> 9.86923267E+001</data>
</auxiliary>
<auxiliary keyword="CHEB">
<data>     4</data>
<data>     4</data>
</auxiliary>
<auxiliary keyword="CHEB">
<data>-2.58510000E+000</data>
<data> 6.35410000E-001</data>
<data>-4.81420000E-002</data>
<data> 1.65330000E-003</data>
</auxiliary>
<auxiliary keyword="CHEB">
<data> 1.18910000E+001</data>
<data> 9.99510000E-001</data>
<data>-4.32300000E-002</data>
<data>-7.70750000E-003</data>
</auxiliary>
<auxiliary keyword="CHEB">
<data>-1.08850000E+000</data>
<data> 3.93200000E-001</data>
<data> 4.24800000E-002</data>
<data>-5.64510000E-003</data>
</auxiliary>
<auxiliary keyword="CHEB">
<data>-4.69360000E-001</data>
<data> 1.20830000E-002</data>
<data> 3.91290000E-002</data>
<data> 4.13460000E-003</data>
</auxiliary>
</reaction>
<reaction formula="iC4H7+HO2(+M)=H+tSPC(54)(+M)">
<rate A=" 1.00000000E+000" B=" 0.00000000E+000" E=" 0.00000000E+000"/>
<auxiliary keyword="TCHEB">
<data> 3.00000000E+002</data>
<data> 2.10000000E+003</data>
</auxiliary>
<auxiliary keyword="PCHEB">
<data> 9.86923267E-003</data>
<data> 9.86923267E+001</data>
</auxiliary>
<auxiliary keyword="CHEB">
<data>     4</data>
<data>     4</data>
</auxiliary>
<auxiliary keyword="CHEB">
<data>-3.26890000E+000</data>
<data>-3.42980000E-002</data>
<data>-2.40330000E-002</data>
<data>-1.13280000E-002</data>
</auxiliary>
<auxiliary keyword="CHEB">
<data> 1.04180000E+001</data>
<data> 4.94740000E-002</data>
<data> 3.44520000E-002</data>
<data> 1.61100000E-002</data>
</auxiliary>
<auxiliary keyword="CHEB">
<data> 3.47030000E-001</data>
<data>-1.60730000E-002</data>
<data>-1.08290000E-002</data>
<data>-4.84330000E-003</data>
</auxiliary>
<auxiliary keyword="CHEB">
<data> 1.31040000E-001</data>
<data> 4.17270000E-005</data>
<data>-2.34930000E-004</data>
<data>-2.69240000E-004</data>
</auxiliary>
</reaction>
<reaction formula="iC4H7+HO2(+M)=C4H7OJ(79)+OH(+M)">
<rate A=" 1.00000000E+000" B=" 0.00000000E+000" E=" 0.00000000E+000"/>
<auxiliary keyword="TCHEB">
<data> 3.00000000E+002</data>
<data> 2.10000000E+003</data>
</auxiliary>
<auxiliary keyword="PCHEB">
<data> 9.86923267E-003</data>
<data> 9.86923267E+001</data>
</auxiliary>
<auxiliary keyword="CHEB">
<data>     4</data>
<data>     4</data>
</auxiliary>
<auxiliary keyword="CHEB">
<data> 1.30760000E+001</data>
<data>-6.36460000E-001</data>
<data>-1.57020000E-001</data>
<data>-1.85260000E-003</data>
</auxiliary>
<auxiliary keyword="CHEB">
<data> 8.81280000E-001</data>
<data> 8.06170000E-001</data>
<data> 1.55390000E-001</data>
<data>-1.63380000E-002</data>
</auxiliary>
<auxiliary keyword="CHEB">
<data> 2.56330000E-002</data>
<data>-9.80050000E-002</data>
<data> 4.65010000E-002</data>
<data> 2.53050000E-002</data>
</auxiliary>
<auxiliary keyword="CHEB">
<data> 2.16500000E-002</data>
<data>-8.46170000E-002</data>
<data>-4.24480000E-002</data>
<data>-1.32420000E-003</data>
</auxiliary>
</reaction>
<reaction formula="H+tSPC(54)(+M)=H+tSPC(77)(+M)">
<rate A=" 1.00000000E+000" B=" 0.00000000E+000" E=" 0.00000000E+000"/>
<auxiliary keyword="TCHEB">
<data> 3.00000000E+002</data>
<data> 2.10000000E+003</data>
</auxiliary>
<auxiliary keyword="PCHEB">
<data> 9.86923267E-003</data>
<data> 9.86923267E+001</data>
</auxiliary>
<auxiliary keyword="CHEB">
<data>     4</data>
<data>     4</data>
</auxiliary>
<auxiliary keyword="CHEB">
<data> 3.59150000E+000</data>
<data>-1.60270000E-002</data>
<data>-1.15040000E-002</data>
<data>-5.58730000E-003</data>
</auxiliary>
<auxiliary keyword="CHEB">
<data> 3.67890000E+000</data>
<data> 2.34600000E-002</data>
<data> 1.67910000E-002</data>
<data> 8.12650000E-003</data>
</auxiliary>
<auxiliary keyword="CHEB">
<data> 7.13170000E-001</data>
<data>-8.07870000E-003</data>
<data>-5.69800000E-003</data>
<data>-2.70780000E-003</data>
</auxiliary>
<auxiliary keyword="CHEB">
<data> 2.25190000E-001</data>
<data> 1.96740000E-004</data>
<data> 7.50830000E-005</data>
<data>-2.53100000E-006</data>
</auxiliary>
</reaction>
<reaction formula="H+tSPC(54)(+M)=C4H7OJ(79)+OH(+M)">
<rate A=" 1.00000000E+000" B=" 0.00000000E+000" E=" 0.00000000E+000"/>
<auxiliary keyword="TCHEB">
<data> 3.00000000E+002</data>
<data> 2.10000000E+003</data>
</auxiliary>
<auxiliary keyword="PCHEB">
<data> 9.86923267E-003</data>
<data> 9.86923267E+001</data>
</auxiliary>
<auxiliary keyword="CHEB">
<data>     4</data>
<data>     4</data>
</auxiliary>
<auxiliary keyword="CHEB">
<data> 1.34630000E+001</data>
<data>-3.72770000E-002</data>
<data>-2.60780000E-002</data>
<data>-1.22670000E-002</data>
</auxiliary>
<auxiliary keyword="CHEB">
<data>-7.59560000E-002</data>
<data> 5.30000000E-002</data>
<data> 3.68450000E-002</data>
<data> 1.71910000E-002</data>
</auxiliary>
<auxiliary keyword="CHEB">
<data> 4.84720000E-002</data>
<data>-1.59790000E-002</data>
<data>-1.07220000E-002</data>
<data>-4.76870000E-003</data>
</auxiliary>
<auxiliary keyword="CHEB">
<data> 3.22570000E-002</data>
<data>-8.19830000E-004</data>
<data>-8.34550000E-004</data>
<data>-5.49350000E-004</data>
</auxiliary>
</reaction>
<reaction formula="H+tSPC(77)(+M)=C4H7OJ(79)+OH(+M)">
<rate A=" 1.00000000E+000" B=" 0.00000000E+000" E=" 0.00000000E+000"/>
<auxiliary keyword="TCHEB">
<data> 3.00000000E+002</data>
<data> 2.10000000E+003</data>
</auxiliary>
<auxiliary keyword="PCHEB">
<data> 9.86923267E-003</data>
<data> 9.86923267E+001</data>
</auxiliary>
<auxiliary keyword="CHEB">
<data>     4</data>
<data>     4</data>
</auxiliary>
<auxiliary keyword="CHEB">
<data> 1.42180000E+001</data>
<data>-3.72770000E-002</data>
<data>-2.60780000E-002</data>
<data>-1.22670000E-002</data>
</auxiliary>
<auxiliary keyword="CHEB">
<data>-3.23170000E-001</data>
<data> 5.30000000E-002</data>
<data> 3.68450000E-002</data>
<data> 1.71910000E-002</data>
</auxiliary>
<auxiliary keyword="CHEB">
<data>-6.75090000E-002</data>
<data>-1.59790000E-002</data>
<data>-1.07220000E-002</data>
<data>-4.76870000E-003</data>
</auxiliary>
<auxiliary keyword="CHEB">
<data>-2.17500000E-003</data>
<data>-8.19830000E-004</data>
<data>-8.34550000E-004</data>
<data>-5.49350000E-004</data>
</auxiliary>
</reaction>
<reaction formula="C8H14(+M)=2iC4H7(+M)">
<rate A=" 1.00000000E+000" B=" 0.00000000E+000" E=" 0.00000000E+000"/>
<auxiliary keyword="TCHEB">
<data> 3.00000000E+002</data>
<data> 2.10000000E+003</data>
</auxiliary>
<auxiliary keyword="PCHEB">
<data> 9.86923267E-003</data>
<data> 9.86923267E+001</data>
</auxiliary>
<auxiliary keyword="CHEB">
<data>     4</data>
<data>     4</data>
</auxiliary>
<auxiliary keyword="CHEB">
<data>-9.04670000E+000</data>
<data> 3.65880000E-001</data>
<data>-4.08910000E-002</data>
<data>-2.17010000E-003</data>
</auxiliary>
<auxiliary keyword="CHEB">
<data> 1.80120000E+001</data>
<data> 5.91580000E-001</data>
<data>-7.75160000E-002</data>
<data>-2.80510000E-003</data>
</auxiliary>
<auxiliary keyword="CHEB">
<data>-6.36790000E-001</data>
<data> 4.92110000E-001</data>
<data>-2.81520000E-002</data>
<data>-7.81900000E-003</data>
</auxiliary>
<auxiliary keyword="CHEB">
<data>-4.54600000E-001</data>
<data> 2.81980000E-001</data>
<data> 1.42940000E-002</data>
<data>-7.93500000E-003</data>
</auxiliary>
</reaction>
<reaction formula="tSPC(54)+HO2(+M)=tSPC(122)+H(+M)">
<rate A=" 1.00000000E+000" B=" 0.00000000E+000" E=" 0.00000000E+000"/>
<auxiliary keyword="TCHEB">
<data> 3.00000000E+002</data>
<data> 2.10000000E+003</data>
</auxiliary>
<auxiliary keyword="PCHEB">
<data> 9.86923267E-003</data>
<data> 9.86923267E+001</data>
</auxiliary>
<auxiliary keyword="CHEB">
<data>     4</data>
<data>     4</data>
</auxiliary>
<auxiliary keyword="CHEB">
<data>-1.88420000E+000</data>
<data>-6.48670000E-001</data>
<data>-2.06360000E-001</data>
<data>-1.02280000E-002</data>
</auxiliary>
<auxiliary keyword="CHEB">
<data> 1.08980000E+001</data>
<data> 6.92050000E-001</data>
<data> 1.46820000E-001</data>
<data>-4.07260000E-002</data>
</auxiliary>
<auxiliary keyword="CHEB">
<data> 3.97550000E-002</data>
<data>-4.95570000E-002</data>
<data> 4.27420000E-002</data>
<data> 3.25740000E-002</data>
</auxiliary>
<auxiliary keyword="CHEB">
<data> 1.19330000E-003</data>
<data>-5.59060000E-002</data>
<data>-1.31050000E-002</data>
<data> 9.25800000E-003</data>
</auxiliary>
</reaction>
<reaction formula="tSPC(54)+iC4H7(+M)=2C4H7OJ(79)(+M)">
<rate A=" 1.00000000E+000" B=" 0.00000000E+000" E=" 0.00000000E+000"/>
<auxiliary keyword="TCHEB">
<data> 3.00000000E+002</data>
<data> 2.10000000E+003</data>
</auxiliary>
<auxiliary keyword="PCHEB">
<data> 9.86923267E-003</data>
<data> 9.86923267E+001</data>
</auxiliary>
<auxiliary keyword="CHEB">
<data>     4</data>
<data>     4</data>
</auxiliary>
<auxiliary keyword="CHEB">
<data> 1.24510000E+001</data>
<data>-9.12300000E-001</data>
<data>-1.16270000E-001</data>
<data> 7.74420000E-003</data>
</auxiliary>
<auxiliary keyword="CHEB">
<data> 1.70170000E+000</data>
<data> 1.09920000E+000</data>
<data> 6.75390000E-002</data>
<data>-2.89690000E-002</data>
</auxiliary>
<auxiliary keyword="CHEB">
<data>-4.69670000E-002</data>
<data>-4.59950000E-002</data>
<data> 8.79410000E-002</data>
<data> 1.44780000E-002</data>
</auxiliary>
<auxiliary keyword="CHEB">
<data>-2.81090000E-002</data>
<data>-1.75840000E-001</data>
<data>-2.38310000E-002</data>
<data> 1.70190000E-002</data>
</auxiliary>
</reaction>
<reaction formula="tSPC(54)+tBuOH(+M)=iC4H8+tSPC(97)(+M)">
<rate A=" 1.00000000E+000" B=" 0.00000000E+000" E=" 0.00000000E+000"/>
<auxiliary keyword="TCHEB">
<data> 3.00000000E+002</data>
<data> 2.10000000E+003</data>
</auxiliary>
<auxiliary keyword="PCHEB">
<data> 9.86923267E-003</data>
<data> 9.86923267E+001</data>
</auxiliary>
<auxiliary keyword="CHEB">
<data>     4</data>
<data>     4</data>
</auxiliary>
<auxiliary keyword="CHEB">
<data>-1.32760000E+001</data>
<data>-1.63110000E+000</data>
<data>-6.73500000E-002</data>
<data>-3.46310000E-003</data>
</auxiliary>
<auxiliary keyword="CHEB">
<data> 1.96490000E+001</data>
<data> 6.00000000E-001</data>
<data>-1.26000000E-001</data>
<data>-2.53070000E-003</data>
</auxiliary>
<auxiliary keyword="CHEB">
<data> 5.01300000E-001</data>
<data> 4.70380000E-001</data>
<data>-4.60280000E-002</data>
<data>-1.77620000E-002</data>
</auxiliary>
<auxiliary keyword="CHEB">
<data>-4.16630000E-001</data>
<data> 2.51620000E-001</data>
<data> 2.14350000E-002</data>
<data>-2.12510000E-002</data>
</auxiliary>
</reaction>
<reaction formula="tSPC(97)(+M)=tSPC(439)(+M)">
<rate A=" 1.00000000E+000" B=" 0.00000000E+000" E=" 0.00000000E+000"/>
<auxiliary keyword="TCHEB">
<data> 3.00000000E+002</data>
<data> 2.10000000E+003</data>
</auxiliary>
<auxiliary keyword="PCHEB">
<data> 9.86923267E-003</data>
<data> 9.86923267E+001</data>
</auxiliary>
<auxiliary keyword="CHEB">
<data>     4</data>
<data>     4</data>
</auxiliary>
<auxiliary keyword="CHEB">
<data> 1.99860000E+000</data>
<data> 1.36590000E+000</data>
<data>-1.99070000E-001</data>
<data> 6.26550000E-003</data>
</auxiliary>
<auxiliary keyword="CHEB">
<data> 5.07940000E+000</data>
<data> 1.47260000E+000</data>
<data> 1.46920000E-002</data>
<data>-7.23030000E-002</data>
</auxiliary>
<auxiliary keyword="CHEB">
<data>-1.15190000E+000</data>
<data> 5.78130000E-001</data>
<data> 7.97960000E-002</data>
<data> 3.16710000E-003</data>
</auxiliary>
<auxiliary keyword="CHEB">
<data>-6.51940000E-001</data>
<data> 1.84720000E-001</data>
<data> 4.29350000E-002</data>
<data> 1.74670000E-002</data>
</auxiliary>
</reaction>
<reaction formula="tSPC(97)(+M)=tSPC(54)+H2O(+M)">
<rate A=" 1.00000000E+000" B=" 0.00000000E+000" E=" 0.00000000E+000"/>
<auxiliary keyword="TCHEB">
<data> 3.00000000E+002</data>
<data> 2.10000000E+003</data>
</auxiliary>
<auxiliary keyword="PCHEB">
<data> 9.86923267E-003</data>
<data> 9.86923267E+001</data>
</auxiliary>
<auxiliary keyword="CHEB">
<data>     4</data>
<data>     4</data>
</auxiliary>
<auxiliary keyword="CHEB">
<data>-1.40940000E+001</data>
<data> 1.89570000E+000</data>
<data>-6.62660000E-002</data>
<data>-2.72770000E-002</data>
</auxiliary>
<auxiliary keyword="CHEB">
<data> 1.77740000E+001</data>
<data> 1.39400000E-001</data>
<data> 8.70230000E-002</data>
<data> 3.48070000E-002</data>
</auxiliary>
<auxiliary keyword="CHEB">
<data>-3.03920000E-001</data>
<data>-3.37130000E-002</data>
<data>-1.89040000E-002</data>
<data>-6.16570000E-003</data>
</auxiliary>
<auxiliary keyword="CHEB">
<data>-7.03350000E-002</data>
<data>-6.74590000E-003</data>
<data>-5.46530000E-003</data>
<data>-2.99410000E-003</data>
</auxiliary>
</reaction>
<reaction formula="tSPC(97)(+M)=O2+HOC[CH2][CH3]2(+M)">
<rate A=" 1.00000000E+000" B=" 0.00000000E+000" E=" 0.00000000E+000"/>
<auxiliary keyword="TCHEB">
<data> 3.00000000E+002</data>
<data> 2.10000000E+003</data>
</auxiliary>
<auxiliary keyword="PCHEB">
<data> 9.86923267E-003</data>
<data> 9.86923267E+001</data>
</auxiliary>
<auxiliary keyword="CHEB">
<data>     4</data>
<data>     4</data>
</auxiliary>
<auxiliary keyword="CHEB">
<data> 1.82820000E+000</data>
<data> 7.34960000E-001</data>
<data>-5.71950000E-002</data>
<data>-1.83760000E-004</data>
</auxiliary>
<auxiliary keyword="CHEB">
<data> 7.91410000E+000</data>
<data> 1.06950000E+000</data>
<data>-3.52090000E-002</data>
<data>-1.03740000E-002</data>
</auxiliary>
<auxiliary keyword="CHEB">
<data>-9.11220000E-001</data>
<data> 2.98100000E-001</data>
<data> 5.68130000E-002</data>
<data>-2.33840000E-003</data>
</auxiliary>
<auxiliary keyword="CHEB">
<data>-3.27870000E-001</data>
<data>-5.18090000E-002</data>
<data> 3.71790000E-002</data>
<data> 7.12210000E-003</data>
</auxiliary>
</reaction>
<reaction formula="tSPC(97)(+M)=C4H8O2(62)+OH(+M)">
<rate A=" 1.00000000E+000" B=" 0.00000000E+000" E=" 0.00000000E+000"/>
<auxiliary keyword="TCHEB">
<data> 3.00000000E+002</data>
<data> 2.10000000E+003</data>
</auxiliary>
<auxiliary keyword="PCHEB">
<data> 9.86923267E-003</data>
<data> 9.86923267E+001</data>
</auxiliary>
<auxiliary keyword="CHEB">
<data>     4</data>
<data>     4</data>
</auxiliary>
<auxiliary keyword="CHEB">
<data>-5.08030000E+000</data>
<data> 1.08340000E+000</data>
<data>-3.51960000E-001</data>
<data>-6.12150000E-002</data>
</auxiliary>
<auxiliary keyword="CHEB">
<data> 1.23290000E+001</data>
<data> 9.23750000E-001</data>
<data> 2.64010000E-001</data>
<data>-2.21770000E-003</data>
</auxiliary>
<auxiliary keyword="CHEB">
<data>-7.05910000E-001</data>
<data>-3.65320000E-002</data>
<data> 6.33510000E-002</data>
<data> 4.57430000E-002</data>
</auxiliary>
<auxiliary keyword="CHEB">
<data>-2.13810000E-001</data>
<data>-9.60240000E-003</data>
<data> 1.74140000E-003</data>
<data> 7.05530000E-003</data>
</auxiliary>
</reaction>
<reaction formula="tSPC(97)(+M)=sSPC(1474)+CH3(+M)">
<rate A=" 1.00000000E+000" B=" 0.00000000E+000" E=" 0.00000000E+000"/>
<auxiliary keyword="TCHEB">
<data> 3.00000000E+002</data>
<data> 2.10000000E+003</data>
</auxiliary>
<auxiliary keyword="PCHEB">
<data> 9.86923267E-003</data>
<data> 9.86923267E+001</data>
</auxiliary>
<auxiliary keyword="CHEB">
<data>     4</data>
<data>     4</data>
</auxiliary>
<auxiliary keyword="CHEB">
<data>-1.22750000E+001</data>
<data> 1.40100000E+000</data>
<data>-2.64030000E-001</data>
<data>-4.99130000E-002</data>
</auxiliary>
<auxiliary keyword="CHEB">
<data> 1.42860000E+001</data>
<data> 7.45040000E-001</data>
<data> 2.97650000E-001</data>
<data> 3.40110000E-002</data>
</auxiliary>
<auxiliary keyword="CHEB">
<data>-3.84560000E-001</data>
<data>-1.57130000E-001</data>
<data>-3.98540000E-002</data>
<data> 1.30270000E-002</data>
</auxiliary>
<auxiliary keyword="CHEB">
<data>-6.07770000E-002</data>
<data>-3.36160000E-002</data>
<data>-1.69430000E-002</data>
<data>-4.13580000E-003</data>
</auxiliary>
</reaction>
<reaction formula="tSPC(439)(+M)=tSPC(54)+H2O(+M)">
<rate A=" 1.00000000E+000" B=" 0.00000000E+000" E=" 0.00000000E+000"/>
<auxiliary keyword="TCHEB">
<data> 3.00000000E+002</data>
<data> 2.10000000E+003</data>
</auxiliary>
<auxiliary keyword="PCHEB">
<data> 9.86923267E-003</data>
<data> 9.86923267E+001</data>
</auxiliary>
<auxiliary keyword="CHEB">
<data>     4</data>
<data>     4</data>
</auxiliary>
<auxiliary keyword="CHEB">
<data>-9.99760000E+000</data>
<data> 1.68460000E+000</data>
<data>-1.94940000E-001</data>
<data>-7.67680000E-002</data>
</auxiliary>
<auxiliary keyword="CHEB">
<data> 1.40430000E+001</data>
<data> 2.94310000E-001</data>
<data> 1.73800000E-001</data>
<data> 6.31770000E-002</data>
</auxiliary>
<auxiliary keyword="CHEB">
<data>-4.62970000E-001</data>
<data>-6.88550000E-004</data>
<data> 6.04340000E-003</data>
<data> 6.51520000E-003</data>
</auxiliary>
<auxiliary keyword="CHEB">
<data>-3.47490000E-001</data>
<data> 1.84220000E-002</data>
<data> 1.09530000E-002</data>
<data> 4.05870000E-003</data>
</auxiliary>
</reaction>
<reaction formula="tSPC(439)(+M)=O2+HOC[CH2][CH3]2(+M)">
<rate A=" 1.00000000E+000" B=" 0.00000000E+000" E=" 0.00000000E+000"/>
<auxiliary keyword="TCHEB">
<data> 3.00000000E+002</data>
<data> 2.10000000E+003</data>
</auxiliary>
<auxiliary keyword="PCHEB">
<data> 9.86923267E-003</data>
<data> 9.86923267E+001</data>
</auxiliary>
<auxiliary keyword="CHEB">
<data>     4</data>
<data>     4</data>
</auxiliary>
<auxiliary keyword="CHEB">
<data> 4.87830000E+000</data>
<data> 3.21860000E-001</data>
<data>-2.85160000E-001</data>
<data>-3.76740000E-002</data>
</auxiliary>
<auxiliary keyword="CHEB">
<data> 5.08620000E+000</data>
<data> 1.54430000E+000</data>
<data> 1.11240000E-001</data>
<data>-2.35750000E-002</data>
</auxiliary>
<auxiliary keyword="CHEB">
<data>-8.47940000E-001</data>
<data> 2.04750000E-001</data>
<data> 1.11880000E-001</data>
<data> 2.67230000E-002</data>
</auxiliary>
<auxiliary keyword="CHEB">
<data>-4.19670000E-001</data>
<data>-6.85670000E-002</data>
<data> 4.14740000E-002</data>
<data> 1.39510000E-002</data>
</auxiliary>
</reaction>
<reaction formula="tSPC(439)(+M)=C4H8O2(62)+OH(+M)">
<rate A=" 1.00000000E+000" B=" 0.00000000E+000" E=" 0.00000000E+000"/>
<auxiliary keyword="TCHEB">
<data> 3.00000000E+002</data>
<data> 2.10000000E+003</data>
</auxiliary>
<auxiliary keyword="PCHEB">
<data> 9.86923267E-003</data>
<data> 9.86923267E+001</data>
</auxiliary>
<auxiliary keyword="CHEB">
<data>     4</data>
<data>     4</data>
</auxiliary>
<auxiliary keyword="CHEB">
<data> 4.50490000E-001</data>
<data> 1.64980000E+000</data>
<data>-1.79930000E-001</data>
<data>-5.38100000E-002</data>
</auxiliary>
<auxiliary keyword="CHEB">
<data> 8.86120000E+000</data>
<data> 2.69200000E-001</data>
<data> 1.12370000E-001</data>
<data> 1.94180000E-002</data>
</auxiliary>
<auxiliary keyword="CHEB">
<data>-4.43470000E-001</data>
<data> 4.64780000E-002</data>
<data> 4.15800000E-002</data>
<data> 2.03960000E-002</data>
</auxiliary>
<auxiliary keyword="CHEB">
<data>-3.19140000E-001</data>
<data> 3.12970000E-002</data>
<data> 1.99170000E-002</data>
<data> 8.79890000E-003</data>
</auxiliary>
</reaction>
<reaction formula="tSPC(439)(+M)=sSPC(1474)+CH3(+M)">
<rate A=" 1.00000000E+000" B=" 0.00000000E+000" E=" 0.00000000E+000"/>
<auxiliary keyword="TCHEB">
<data> 3.00000000E+002</data>
<data> 2.10000000E+003</data>
</auxiliary>
<auxiliary keyword="PCHEB">
<data> 9.86923267E-003</data>
<data> 9.86923267E+001</data>
</auxiliary>
<auxiliary keyword="CHEB">
<data>     4</data>
<data>     4</data>
</auxiliary>
<auxiliary keyword="CHEB">
<data>-7.63380000E+000</data>
<data> 1.26940000E+000</data>
<data>-3.37550000E-001</data>
<data>-7.36430000E-002</data>
</auxiliary>
<auxiliary keyword="CHEB">
<data> 1.19190000E+001</data>
<data> 9.05160000E-001</data>
<data> 3.80080000E-001</data>
<data> 5.60360000E-002</data>
</auxiliary>
<auxiliary keyword="CHEB">
<data>-9.29160000E-002</data>
<data>-2.04240000E-001</data>
<data>-5.73940000E-002</data>
<data> 1.26200000E-002</data>
</auxiliary>
<auxiliary keyword="CHEB">
<data>-3.17630000E-001</data>
<data> 6.19830000E-003</data>
<data> 4.53400000E-003</data>
<data> 2.91940000E-003</data>
</auxiliary>
</reaction>
<reaction formula="tSPC(54)+H2O(+M)=O2+HOC[CH2][CH3]2(+M)">
<rate A=" 1.00000000E+000" B=" 0.00000000E+000" E=" 0.00000000E+000"/>
<auxiliary keyword="TCHEB">
<data> 3.00000000E+002</data>
<data> 2.10000000E+003</data>
</auxiliary>
<auxiliary keyword="PCHEB">
<data> 9.86923267E-003</data>
<data> 9.86923267E+001</data>
</auxiliary>
<auxiliary keyword="CHEB">
<data>     4</data>
<data>     4</data>
</auxiliary>
<auxiliary keyword="CHEB">
<data>-8.46620000E+000</data>
<data>-7.02880000E-002</data>
<data>-4.66330000E-002</data>
<data>-2.04460000E-002</data>
</auxiliary>
<auxiliary keyword="CHEB">
<data> 1.52860000E+001</data>
<data> 9.67850000E-002</data>
<data> 6.34140000E-002</data>
<data> 2.73040000E-002</data>
</auxiliary>
<auxiliary keyword="CHEB">
<data> 1.19080000E-003</data>
<data>-2.72770000E-002</data>
<data>-1.66380000E-002</data>
<data>-6.38640000E-003</data>
</auxiliary>
<auxiliary keyword="CHEB">
<data> 9.51600000E-002</data>
<data>-1.69310000E-003</data>
<data>-1.98140000E-003</data>
<data>-1.39960000E-003</data>
</auxiliary>
</reaction>
<reaction formula="tSPC(54)+H2O(+M)=C4H8O2(62)+OH(+M)">
<rate A=" 1.00000000E+000" B=" 0.00000000E+000" E=" 0.00000000E+000"/>
<auxiliary keyword="TCHEB">
<data> 3.00000000E+002</data>
<data> 2.10000000E+003</data>
</auxiliary>
<auxiliary keyword="PCHEB">
<data> 9.86923267E-003</data>
<data> 9.86923267E+001</data>
</auxiliary>
<auxiliary keyword="CHEB">
<data>     4</data>
<data>     4</data>
</auxiliary>
<auxiliary keyword="CHEB">
<data>-1.15140000E+001</data>
<data>-2.45810000E-001</data>
<data>-1.55780000E-001</data>
<data>-6.38310000E-002</data>
</auxiliary>
<auxiliary keyword="CHEB">
<data> 1.59910000E+001</data>
<data> 2.41760000E-001</data>
<data> 1.48070000E-001</data>
<data> 5.73990000E-002</data>
</auxiliary>
<auxiliary keyword="CHEB">
<data>-6.00240000E-003</data>
<data>-1.44430000E-003</data>
<data> 3.95400000E-003</data>
<data> 4.67900000E-003</data>
</auxiliary>
<auxiliary keyword="CHEB">
<data> 1.55340000E-003</data>
<data> 1.28450000E-002</data>
<data> 7.53560000E-003</data>
<data> 2.72700000E-003</data>
</auxiliary>
</reaction>
<reaction formula="tSPC(54)+H2O(+M)=sSPC(1474)+CH3(+M)">
<rate A=" 1.00000000E+000" B=" 0.00000000E+000" E=" 0.00000000E+000"/>
<auxiliary keyword="TCHEB">
<data> 3.00000000E+002</data>
<data> 2.10000000E+003</data>
</auxiliary>
<auxiliary keyword="PCHEB">
<data> 9.86923267E-003</data>
<data> 9.86923267E+001</data>
</auxiliary>
<auxiliary keyword="CHEB">
<data>     4</data>
<data>     4</data>
</auxiliary>
<auxiliary keyword="CHEB">
<data>-1.71270000E+001</data>
<data>-1.06430000E-001</data>
<data>-7.03840000E-002</data>
<data>-3.07280000E-002</data>
</auxiliary>
<auxiliary keyword="CHEB">
<data> 1.71280000E+001</data>
<data> 1.15770000E-001</data>
<data> 7.62000000E-002</data>
<data> 3.30510000E-002</data>
</auxiliary>
<auxiliary keyword="CHEB">
<data> 3.64810000E-001</data>
<data>-1.93550000E-002</data>
<data>-1.28460000E-002</data>
<data>-5.64770000E-003</data>
</auxiliary>
<auxiliary keyword="CHEB">
<data> 1.13710000E-001</data>
<data> 1.34830000E-002</data>
<data> 8.63190000E-003</data>
<data> 3.58560000E-003</data>
</auxiliary>
</reaction>
<reaction formula="O2+HOC[CH2][CH3]2(+M)=C4H8O2(62)+OH(+M)">
<rate A=" 1.00000000E+000" B=" 0.00000000E+000" E=" 0.00000000E+000"/>
<auxiliary keyword="TCHEB">
<data> 3.00000000E+002</data>
<data> 2.10000000E+003</data>
</auxiliary>
<auxiliary keyword="PCHEB">
<data> 9.86923267E-003</data>
<data> 9.86923267E+001</data>
</auxiliary>
<auxiliary keyword="CHEB">
<data>     4</data>
<data>     4</data>
</auxiliary>
<auxiliary keyword="CHEB">
<data> 7.25040000E+000</data>
<data>-7.08030000E-001</data>
<data>-3.09860000E-001</data>
<data>-7.13200000E-002</data>
</auxiliary>
<auxiliary keyword="CHEB">
<data> 4.70300000E+000</data>
<data> 7.72690000E-001</data>
<data> 2.75390000E-001</data>
<data> 3.07530000E-002</data>
</auxiliary>
<auxiliary keyword="CHEB">
<data>-2.64040000E-001</data>
<data>-8.47950000E-002</data>
<data> 3.30510000E-002</data>
<data> 3.88170000E-002</data>
</auxiliary>
<auxiliary keyword="CHEB">
<data>-9.68040000E-002</data>
<data> 7.61660000E-003</data>
<data>-8.48560000E-003</data>
<data>-2.65280000E-003</data>
</auxiliary>
</reaction>
<reaction formula="O2+HOC[CH2][CH3]2(+M)=sSPC(1474)+CH3(+M)">
<rate A=" 1.00000000E+000" B=" 0.00000000E+000" E=" 0.00000000E+000"/>
<auxiliary keyword="TCHEB">
<data> 3.00000000E+002</data>
<data> 2.10000000E+003</data>
</auxiliary>
<auxiliary keyword="PCHEB">
<data> 9.86923267E-003</data>
<data> 9.86923267E+001</data>
</auxiliary>
<auxiliary keyword="CHEB">
<data>     4</data>
<data>     4</data>
</auxiliary>
<auxiliary keyword="CHEB">
<data> 5.58110000E-001</data>
<data>-4.48030000E-001</data>
<data>-2.07740000E-001</data>
<data>-4.78130000E-002</data>
</auxiliary>
<auxiliary keyword="CHEB">
<data> 6.54190000E+000</data>
<data> 5.95730000E-001</data>
<data> 2.50710000E-001</data>
<data> 4.04740000E-002</data>
</auxiliary>
<auxiliary keyword="CHEB">
<data> 6.99620000E-002</data>
<data>-1.87510000E-001</data>
<data>-5.33130000E-002</data>
<data> 9.93420000E-003</data>
</auxiliary>
<auxiliary keyword="CHEB">
<data> 2.19770000E-002</data>
<data> 2.18020000E-002</data>
<data>-2.25540000E-003</data>
<data>-8.37130000E-003</data>
</auxiliary>
</reaction>
<reaction formula="C4H8O2(62)+OH(+M)=sSPC(1474)+CH3(+M)">
<rate A=" 1.00000000E+000" B=" 0.00000000E+000" E=" 0.00000000E+000"/>
<auxiliary keyword="TCHEB">
<data> 3.00000000E+002</data>
<data> 2.10000000E+003</data>
</auxiliary>
<auxiliary keyword="PCHEB">
<data> 9.86923267E-003</data>
<data> 9.86923267E+001</data>
</auxiliary>
<auxiliary keyword="CHEB">
<data>     4</data>
<data>     4</data>
</auxiliary>
<auxiliary keyword="CHEB">
<data> 3.62020000E+000</data>
<data>-3.78000000E-001</data>
<data>-2.03410000E-001</data>
<data>-6.42010000E-002</data>
</auxiliary>
<auxiliary keyword="CHEB">
<data> 4.62820000E+000</data>
<data> 4.63720000E-001</data>
<data> 2.26880000E-001</data>
<data> 5.73380000E-002</data>
</auxiliary>
<auxiliary keyword="CHEB">
<data> 2.71470000E-001</data>
<data>-1.28200000E-001</data>
<data>-3.85910000E-002</data>
<data> 6.30520000E-003</data>
</auxiliary>
<auxiliary keyword="CHEB">
<data>-1.03300000E-001</data>
<data> 5.65730000E-002</data>
<data> 2.09650000E-002</data>
<data> 1.42250000E-003</data>
</auxiliary>
</reaction>
<reaction formula="tSPC(122)(+M)=tSPC(157)(+M)">
<rate A=" 1.00000000E+000" B=" 0.00000000E+000" E=" 0.00000000E+000"/>
<auxiliary keyword="TCHEB">
<data> 3.00000000E+002</data>
<data> 2.10000000E+003</data>
</auxiliary>
<auxiliary keyword="PCHEB">
<data> 9.86923267E-003</data>
<data> 9.86923267E+001</data>
</auxiliary>
<auxiliary keyword="CHEB">
<data>     4</data>
<data>     4</data>
</auxiliary>
<auxiliary keyword="CHEB">
<data>-2.22320000E+000</data>
<data> 2.81310000E+000</data>
<data>-6.40120000E-002</data>
<data> 2.81650000E-003</data>
</auxiliary>
<auxiliary keyword="CHEB">
<data> 3.45780000E+000</data>
<data> 1.07370000E+000</data>
<data>-3.29640000E-003</data>
<data>-1.58320000E-002</data>
</auxiliary>
<auxiliary keyword="CHEB">
<data>-7.65710000E-001</data>
<data> 2.45470000E-001</data>
<data> 5.53610000E-002</data>
<data> 2.76810000E-004</data>
</auxiliary>
<auxiliary keyword="CHEB">
<data>-1.42850000E-001</data>
<data>-6.49930000E-002</data>
<data> 1.68100000E-002</data>
<data> 1.03700000E-002</data>
</auxiliary>
</reaction>
<reaction formula="tSPC(122)(+M)=O2+tSPC(77)(+M)">
<rate A=" 1.00000000E+000" B=" 0.00000000E+000" E=" 0.00000000E+000"/>
<auxiliary keyword="TCHEB">
<data> 3.00000000E+002</data>
<data> 2.10000000E+003</data>
</auxiliary>
<auxiliary keyword="PCHEB">
<data> 9.86923267E-003</data>
<data> 9.86923267E+001</data>
</auxiliary>
<auxiliary keyword="CHEB">
<data>     4</data>
<data>     4</data>
</auxiliary>
<auxiliary keyword="CHEB">
<data> 5.68530000E+000</data>
<data> 9.60780000E-001</data>
<data>-7.84300000E-002</data>
<data> 6.32340000E-005</data>
</auxiliary>
<auxiliary keyword="CHEB">
<data> 3.86740000E+000</data>
<data> 1.08800000E+000</data>
<data> 1.86630000E-002</data>
<data>-1.87320000E-002</data>
</auxiliary>
<auxiliary keyword="CHEB">
<data>-6.45800000E-001</data>
<data> 9.49940000E-002</data>
<data> 5.83460000E-002</data>
<data> 1.07730000E-002</data>
</auxiliary>
<auxiliary keyword="CHEB">
<data>-1.19200000E-001</data>
<data>-1.26970000E-001</data>
<data> 1.18680000E-002</data>
<data> 9.31410000E-003</data>
</auxiliary>
</reaction>
<reaction formula="tSPC(122)(+M)=tSPC(213)+OH(+M)">
<rate A=" 1.00000000E+000" B=" 0.00000000E+000" E=" 0.00000000E+000"/>
<auxiliary keyword="TCHEB">
<data> 3.00000000E+002</data>
<data> 2.10000000E+003</data>
</auxiliary>
<auxiliary keyword="PCHEB">
<data> 9.86923267E-003</data>
<data> 9.86923267E+001</data>
</auxiliary>
<auxiliary keyword="CHEB">
<data>     4</data>
<data>     4</data>
</auxiliary>
<auxiliary keyword="CHEB">
<data> 3.38960000E+000</data>
<data> 8.13060000E-001</data>
<data>-6.40120000E-002</data>
<data> 2.81650000E-003</data>
</auxiliary>
<auxiliary keyword="CHEB">
<data> 3.70910000E+000</data>
<data> 1.07370000E+000</data>
<data>-3.29640000E-003</data>
<data>-1.58320000E-002</data>
</auxiliary>
<auxiliary keyword="CHEB">
<data>-7.06640000E-001</data>
<data> 2.45470000E-001</data>
<data> 5.53610000E-002</data>
<data> 2.76810000E-004</data>
</auxiliary>
<auxiliary keyword="CHEB">
<data>-1.23550000E-001</data>
<data>-6.49930000E-002</data>
<data> 1.68100000E-002</data>
<data> 1.03700000E-002</data>
</auxiliary>
</reaction>
<reaction formula="tSPC(157)(+M)=O2+tSPC(77)(+M)">
<rate A=" 1.00000000E+000" B=" 0.00000000E+000" E=" 0.00000000E+000"/>
<auxiliary keyword="TCHEB">
<data> 3.00000000E+002</data>
<data> 2.10000000E+003</data>
</auxiliary>
<auxiliary keyword="PCHEB">
<data> 9.86923267E-003</data>
<data> 9.86923267E+001</data>
</auxiliary>
<auxiliary keyword="CHEB">
<data>     4</data>
<data>     4</data>
</auxiliary>
<auxiliary keyword="CHEB">
<data>-2.13220000E+000</data>
<data> 1.27390000E+000</data>
<data>-1.11530000E-001</data>
<data>-7.33590000E-003</data>
</auxiliary>
<auxiliary keyword="CHEB">
<data> 5.90920000E+000</data>
<data> 9.03160000E-001</data>
<data> 8.39930000E-002</data>
<data>-8.82420000E-003</data>
</auxiliary>
<auxiliary keyword="CHEB">
<data>-4.75110000E-001</data>
<data>-1.17880000E-001</data>
<data> 5.40180000E-002</data>
<data> 1.66280000E-002</data>
</auxiliary>
<auxiliary keyword="CHEB">
<data> 2.58800000E-002</data>
<data>-7.37160000E-002</data>
<data>-2.23850000E-002</data>
<data> 2.22200000E-003</data>
</auxiliary>
</reaction>
<reaction formula="tSPC(157)(+M)=tSPC(213)+OH(+M)">
<rate A=" 1.00000000E+000" B=" 0.00000000E+000" E=" 0.00000000E+000"/>
<auxiliary keyword="TCHEB">
<data> 3.00000000E+002</data>
<data> 2.10000000E+003</data>
</auxiliary>
<auxiliary keyword="PCHEB">
<data> 9.86923267E-003</data>
<data> 9.86923267E+001</data>
</auxiliary>
<auxiliary keyword="CHEB">
<data>     4</data>
<data>     4</data>
</auxiliary>
<auxiliary keyword="CHEB">
<data> 9.38440000E+000</data>
<data> 2.00000000E+000</data>
<data>-3.08550000E-005</data>
<data>-1.53540000E-005</data>
</auxiliary>
<auxiliary keyword="CHEB">
<data>-2.54680000E-001</data>
<data> 2.22370000E-005</data>
<data> 1.63290000E-005</data>
<data> 8.13710000E-006</data>
</auxiliary>
<auxiliary keyword="CHEB">
<data>-6.36730000E-002</data>
<data> 1.84120000E-006</data>
<data> 1.39020000E-006</data>
<data> 7.03820000E-007</data>
</auxiliary>
<auxiliary keyword="CHEB">
<data>-2.37370000E-002</data>
<data> 4.75670000E-007</data>
<data> 3.85730000E-007</data>
<data> 2.03390000E-007</data>
</auxiliary>
</reaction>
<reaction formula="O2+tSPC(77)(+M)=tSPC(213)+OH(+M)">
<rate A=" 1.00000000E+000" B=" 0.00000000E+000" E=" 0.00000000E+000"/>
<auxiliary keyword="TCHEB">
<data> 3.00000000E+002</data>
<data> 2.10000000E+003</data>
</auxiliary>
<auxiliary keyword="PCHEB">
<data> 9.86923267E-003</data>
<data> 9.86923267E+001</data>
</auxiliary>
<auxiliary keyword="CHEB">
<data>     4</data>
<data>     4</data>
</auxiliary>
<auxiliary keyword="CHEB">
<data> 9.66720000E+000</data>
<data>-7.26060000E-001</data>
<data>-1.11530000E-001</data>
<data>-7.33590000E-003</data>
</auxiliary>
<auxiliary keyword="CHEB">
<data> 1.21200000E+000</data>
<data> 9.03160000E-001</data>
<data> 8.39930000E-002</data>
<data>-8.82420000E-003</data>
</auxiliary>
<auxiliary keyword="CHEB">
<data>-1.50850000E-001</data>
<data>-1.17880000E-001</data>
<data> 5.40180000E-002</data>
<data> 1.66280000E-002</data>
</auxiliary>
<auxiliary keyword="CHEB">
<data> 1.01050000E-001</data>
<data>-7.37160000E-002</data>
<data>-2.23850000E-002</data>
<data> 2.22200000E-003</data>
</auxiliary>
</reaction>
<reaction formula="tSPC(77)+HO2(+M)=tSPC(157)+H(+M)">
<rate A=" 1.00000000E+000" B=" 0.00000000E+000" E=" 0.00000000E+000"/>
<auxiliary keyword="TCHEB">
<data> 3.00000000E+002</data>
<data> 2.10000000E+003</data>
</auxiliary>
<auxiliary keyword="PCHEB">
<data> 9.86923267E-003</data>
<data> 9.86923267E+001</data>
</auxiliary>
<auxiliary keyword="CHEB">
<data>     4</data>
<data>     4</data>
</auxiliary>
<auxiliary keyword="CHEB">
<data>-2.75820000E+000</data>
<data>-2.27470000E-001</data>
<data>-1.42510000E-001</data>
<data>-5.73230000E-002</data>
</auxiliary>
<auxiliary keyword="CHEB">
<data> 1.04460000E+001</data>
<data> 8.42340000E-002</data>
<data> 4.71580000E-002</data>
<data> 1.53320000E-002</data>
</auxiliary>
<auxiliary keyword="CHEB">
<data> 8.59750000E-002</data>
<data> 4.64760000E-002</data>
<data> 2.76960000E-002</data>
<data> 1.02030000E-002</data>
</auxiliary>
<auxiliary keyword="CHEB">
<data> 4.22100000E-002</data>
<data> 2.90580000E-002</data>
<data> 1.75860000E-002</data>
<data> 6.66530000E-003</data>
</auxiliary>
</reaction>
<reaction formula="tSPC(77)+HO2(+M)=H+tSPC(122)(+M)">
<rate A=" 1.00000000E+000" B=" 0.00000000E+000" E=" 0.00000000E+000"/>
<auxiliary keyword="TCHEB">
<data> 3.00000000E+002</data>
<data> 2.10000000E+003</data>
</auxiliary>
<auxiliary keyword="PCHEB">
<data> 9.86923267E-003</data>
<data> 9.86923267E+001</data>
</auxiliary>
<auxiliary keyword="CHEB">
<data>     4</data>
<data>     4</data>
</auxiliary>
<auxiliary keyword="CHEB">
<data>-1.92430000E+000</data>
<data>-1.01870000E+000</data>
<data>-1.18670000E-001</data>
<data> 1.58350000E-002</data>
</auxiliary>
<auxiliary keyword="CHEB">
<data> 1.10880000E+001</data>
<data> 1.12290000E+000</data>
<data> 5.34550000E-002</data>
<data>-3.42850000E-002</data>
</auxiliary>
<auxiliary keyword="CHEB">
<data> 1.01200000E-001</data>
<data> 9.00170000E-002</data>
<data> 9.85090000E-002</data>
<data> 5.97380000E-003</data>
</auxiliary>
<auxiliary keyword="CHEB">
<data>-1.01740000E-001</data>
<data>-1.83410000E-001</data>
<data>-3.27030000E-003</data>
<data> 2.08560000E-002</data>
</auxiliary>
</reaction>
<reaction formula="H+tSPC(122)(+M)=H+tSPC(157)(+M)">
<rate A=" 1.00000000E+000" B=" 0.00000000E+000" E=" 0.00000000E+000"/>
<auxiliary keyword="TCHEB">
<data> 3.00000000E+002</data>
<data> 2.10000000E+003</data>
</auxiliary>
<auxiliary keyword="PCHEB">
<data> 9.86923267E-003</data>
<data> 9.86923267E+001</data>
</auxiliary>
<auxiliary keyword="CHEB">
<data>     4</data>
<data>     4</data>
</auxiliary>
<auxiliary keyword="CHEB">
<data> 3.99000000E+000</data>
<data>-7.76730000E-001</data>
<data>-1.51030000E-001</data>
<data> 8.70470000E-003</data>
</auxiliary>
<auxiliary keyword="CHEB">
<data> 4.78120000E+000</data>
<data> 9.68200000E-001</data>
<data> 1.28870000E-001</data>
<data>-3.19370000E-002</data>
</auxiliary>
<auxiliary keyword="CHEB">
<data> 5.01960000E-001</data>
<data>-8.50220000E-002</data>
<data> 7.51600000E-002</data>
<data> 2.51930000E-002</data>
</auxiliary>
<auxiliary keyword="CHEB">
<data>-4.35300000E-002</data>
<data>-1.27970000E-001</data>
<data>-4.47070000E-002</data>
<data> 8.81360000E-003</data>
</auxiliary>
</reaction>
<reaction formula="tSPC(77)+tSPC(54)(+M)=tSPC(122)+iC4H7(+M)">
<rate A=" 1.00000000E+000" B=" 0.00000000E+000" E=" 0.00000000E+000"/>
<auxiliary keyword="TCHEB">
<data> 3.00000000E+002</data>
<data> 2.10000000E+003</data>
</auxiliary>
<auxiliary keyword="PCHEB">
<data> 9.86923267E-003</data>
<data> 9.86923267E+001</data>
</auxiliary>
<auxiliary keyword="CHEB">
<data>     4</data>
<data>     4</data>
</auxiliary>
<auxiliary keyword="CHEB">
<data> 7.34230000E+000</data>
<data>-1.45530000E+000</data>
<data>-4.56550000E-002</data>
<data>-3.13340000E-003</data>
</auxiliary>
<auxiliary keyword="CHEB">
<data> 6.82620000E+000</data>
<data> 9.35570000E-001</data>
<data>-8.66720000E-002</data>
<data>-9.42350000E-003</data>
</auxiliary>
<auxiliary keyword="CHEB">
<data> 2.05980000E-001</data>
<data> 5.17420000E-001</data>
<data> 1.81340000E-002</data>
<data>-9.11340000E-003</data>
</auxiliary>
<auxiliary keyword="CHEB">
<data>-6.18900000E-001</data>
<data> 1.07030000E-001</data>
<data> 6.96100000E-002</data>
<data>-1.41980000E-003</data>
</auxiliary>
</reaction>
<reaction formula="tSPC(122)+H2O(+M)=O2+tSPC(439)(+M)">
<rate A=" 1.00000000E+000" B=" 0.00000000E+000" E=" 0.00000000E+000"/>
<auxiliary keyword="TCHEB">
<data> 3.00000000E+002</data>
<data> 2.10000000E+003</data>
</auxiliary>
<auxiliary keyword="PCHEB">
<data> 9.86923267E-003</data>
<data> 9.86923267E+001</data>
</auxiliary>
<auxiliary keyword="CHEB">
<data>     4</data>
<data>     4</data>
</auxiliary>
<auxiliary keyword="CHEB">
<data>-8.71800000E+000</data>
<data>-3.58270000E-001</data>
<data>-1.48630000E-001</data>
<data>-2.27610000E-002</data>
</auxiliary>
<auxiliary keyword="CHEB">
<data> 1.54560000E+001</data>
<data> 4.90750000E-001</data>
<data> 1.89650000E-001</data>
<data> 1.94850000E-002</data>
</auxiliary>
<auxiliary keyword="CHEB">
<data> 4.75850000E-002</data>
<data>-1.06410000E-001</data>
<data>-1.90830000E-002</data>
<data> 1.35350000E-002</data>
</auxiliary>
<auxiliary keyword="CHEB">
<data> 1.09920000E-002</data>
<data>-5.22010000E-002</data>
<data>-3.37520000E-002</data>
<data>-1.21960000E-002</data>
</auxiliary>
</reaction>
<reaction formula="OH+iC4H7(+M)=C4H7OJ(79)+H(+M)">
<rate A=" 1.00000000E+000" B=" 0.00000000E+000" E=" 0.00000000E+000"/>
<auxiliary keyword="TCHEB">
<data> 3.00000000E+002</data>
<data> 2.10000000E+003</data>
</auxiliary>
<auxiliary keyword="PCHEB">
<data> 9.86923267E-003</data>
<data> 9.86923267E+001</data>
</auxiliary>
<auxiliary keyword="CHEB">
<data>     4</data>
<data>     4</data>
</auxiliary>
<auxiliary keyword="CHEB">
<data>-4.47230000E-001</data>
<data>-1.39920000E+000</data>
<data>-7.32480000E-002</data>
<data> 5.67850000E-003</data>
</auxiliary>
<auxiliary keyword="CHEB">
<data> 9.71120000E+000</data>
<data> 9.61440000E-001</data>
<data>-8.91580000E-002</data>
<data>-1.33170000E-002</data>
</auxiliary>
<auxiliary keyword="CHEB">
<data> 3.02090000E-001</data>
<data> 4.60550000E-001</data>
<data> 5.74150000E-002</data>
<data>-1.98130000E-002</data>
</auxiliary>
<auxiliary keyword="CHEB">
<data>-8.40060000E-002</data>
<data> 7.83370000E-002</data>
<data> 8.53850000E-002</data>
<data> 7.47560000E-007</data>
</auxiliary>
</reaction>
<reaction formula="tSPC(213)+HO2(+M)=tSPC(157)+O(+M)">
<rate A=" 1.00000000E+000" B=" 0.00000000E+000" E=" 0.00000000E+000"/>
<auxiliary keyword="TCHEB">
<data> 3.00000000E+002</data>
<data> 2.10000000E+003</data>
</auxiliary>
<auxiliary keyword="PCHEB">
<data> 9.86923267E-003</data>
<data> 9.86923267E+001</data>
</auxiliary>
<auxiliary keyword="CHEB">
<data>     4</data>
<data>     4</data>
</auxiliary>
<auxiliary keyword="CHEB">
<data>-2.76740000E+001</data>
<data>-4.60020000E-005</data>
<data>-3.37130000E-005</data>
<data>-1.67840000E-005</data>
</auxiliary>
<auxiliary keyword="CHEB">
<data> 3.07430000E+001</data>
<data> 2.41430000E-005</data>
<data> 1.76930000E-005</data>
<data> 8.80820000E-006</data>
</auxiliary>
<auxiliary keyword="CHEB">
<data> 2.23010000E-001</data>
<data> 1.87980000E-006</data>
<data> 1.37770000E-006</data>
<data> 6.85900000E-007</data>
</auxiliary>
<auxiliary keyword="CHEB">
<data> 8.19250000E-002</data>
<data> 4.01350000E-007</data>
<data> 2.94150000E-007</data>
<data> 1.46440000E-007</data>
</auxiliary>
</reaction>
<reaction formula="tSPC(213)(+M)=tSPC(343)+OH(+M)">
<rate A=" 1.00000000E+000" B=" 0.00000000E+000" E=" 0.00000000E+000"/>
<auxiliary keyword="TCHEB">
<data> 3.00000000E+002</data>
<data> 2.10000000E+003</data>
</auxiliary>
<auxiliary keyword="PCHEB">
<data> 9.86923267E-003</data>
<data> 9.86923267E+001</data>
</auxiliary>
<auxiliary keyword="CHEB">
<data>     4</data>
<data>     4</data>
</auxiliary>
<auxiliary keyword="CHEB">
<data>-2.72040000E+000</data>
<data> 6.24130000E-001</data>
<data>-4.57570000E-002</data>
<data> 1.09810000E-003</data>
</auxiliary>
<auxiliary keyword="CHEB">
<data> 1.20220000E+001</data>
<data> 9.88410000E-001</data>
<data>-4.39500000E-002</data>
<data>-7.12570000E-003</data>
</auxiliary>
<auxiliary keyword="CHEB">
<data>-1.07590000E+000</data>
<data> 3.96320000E-001</data>
<data> 3.83200000E-002</data>
<data>-5.21150000E-003</data>
</auxiliary>
<auxiliary keyword="CHEB">
<data>-4.59700000E-001</data>
<data> 1.61660000E-002</data>
<data> 3.76920000E-002</data>
<data> 3.56450000E-003</data>
</auxiliary>
</reaction>
<reaction formula="HOC[CH2][CH3]2+HO2(+M)=H+tSPC(97)(+M)">
<rate A=" 1.00000000E+000" B=" 0.00000000E+000" E=" 0.00000000E+000"/>
<auxiliary keyword="TCHEB">
<data> 3.00000000E+002</data>
<data> 2.10000000E+003</data>
</auxiliary>
<auxiliary keyword="PCHEB">
<data> 9.86923267E-003</data>
<data> 9.86923267E+001</data>
</auxiliary>
<auxiliary keyword="CHEB">
<data>     4</data>
<data>     4</data>
</auxiliary>
<auxiliary keyword="CHEB">
<data> 1.20140000E+000</data>
<data>-1.29020000E+000</data>
<data>-5.92420000E-002</data>
<data> 4.48080000E-003</data>
</auxiliary>
<auxiliary keyword="CHEB">
<data> 8.51060000E+000</data>
<data> 1.13640000E+000</data>
<data>-4.58380000E-002</data>
<data>-1.21170000E-002</data>
</auxiliary>
<auxiliary keyword="CHEB">
<data> 9.56740000E-002</data>
<data> 3.63940000E-001</data>
<data> 7.39090000E-002</data>
<data>-9.51010000E-003</data>
</auxiliary>
<auxiliary keyword="CHEB">
<data>-1.67960000E-001</data>
<data>-9.54360000E-002</data>
<data> 6.02470000E-002</data>
<data> 9.44730000E-003</data>
</auxiliary>
</reaction>
<reaction formula="HOC[CH2][CH3]2+HO2(+M)=H+tSPC(439)(+M)">
<rate A=" 1.00000000E+000" B=" 0.00000000E+000" E=" 0.00000000E+000"/>
<auxiliary keyword="TCHEB">
<data> 3.00000000E+002</data>
<data> 2.10000000E+003</data>
</auxiliary>
<auxiliary keyword="PCHEB">
<data> 9.86923267E-003</data>
<data> 9.86923267E+001</data>
</auxiliary>
<auxiliary keyword="CHEB">
<data>     4</data>
<data>     4</data>
</auxiliary>
<auxiliary keyword="CHEB">
<data>-9.23600000E-001</data>
<data>-1.15370000E+000</data>
<data>-9.41860000E-002</data>
<data> 1.19450000E-002</data>
</auxiliary>
<auxiliary keyword="CHEB">
<data> 1.12090000E+001</data>
<data> 1.15470000E+000</data>
<data>-3.00080000E-003</data>
<data>-2.35180000E-002</data>
</auxiliary>
<auxiliary keyword="CHEB">
<data> 1.08370000E-001</data>
<data> 2.09210000E-001</data>
<data> 1.07240000E-001</data>
<data>-7.47130000E-003</data>
</auxiliary>
<auxiliary keyword="CHEB">
<data>-9.66070000E-002</data>
<data>-1.49330000E-001</data>
<data> 2.84100000E-002</data>
<data> 2.04960000E-002</data>
</auxiliary>
</reaction>
<reaction formula="HOC[CH2][CH3]2+HO2(+M)=C4H8O2(62)+H2O(+M)">
<rate A=" 1.00000000E+000" B=" 0.00000000E+000" E=" 0.00000000E+000"/>
<auxiliary keyword="TCHEB">
<data> 3.00000000E+002</data>
<data> 2.10000000E+003</data>
</auxiliary>
<auxiliary keyword="PCHEB">
<data> 9.86923267E-003</data>
<data> 9.86923267E+001</data>
</auxiliary>
<auxiliary keyword="CHEB">
<data>     4</data>
<data>     4</data>
</auxiliary>
<auxiliary keyword="CHEB">
<data> 8.39720000E+000</data>
<data>-1.44090000E+000</data>
<data>-3.85600000E-002</data>
<data>-9.69170000E-004</data>
</auxiliary>
<auxiliary keyword="CHEB">
<data> 4.20040000E+000</data>
<data> 9.59100000E-001</data>
<data>-6.73560000E-002</data>
<data>-6.18750000E-003</data>
</auxiliary>
<auxiliary keyword="CHEB">
<data> 6.16390000E-002</data>
<data> 5.17320000E-001</data>
<data> 2.26620000E-002</data>
<data>-7.20990000E-003</data>
</auxiliary>
<auxiliary keyword="CHEB">
<data>-3.28680000E-001</data>
<data> 9.57190000E-002</data>
<data> 5.85400000E-002</data>
<data>-6.35950000E-004</data>
</auxiliary>
</reaction>
<reaction formula="H+tSPC(97)(+M)=H+tSPC(439)(+M)">
<rate A=" 1.00000000E+000" B=" 0.00000000E+000" E=" 0.00000000E+000"/>
<auxiliary keyword="TCHEB">
<data> 3.00000000E+002</data>
<data> 2.10000000E+003</data>
</auxiliary>
<auxiliary keyword="PCHEB">
<data> 9.86923267E-003</data>
<data> 9.86923267E+001</data>
</auxiliary>
<auxiliary keyword="CHEB">
<data>     4</data>
<data>     4</data>
</auxiliary>
<auxiliary keyword="CHEB">
<data> 2.32310000E+000</data>
<data>-1.06310000E+000</data>
<data>-1.12950000E-001</data>
<data> 1.50800000E-002</data>
</auxiliary>
<auxiliary keyword="CHEB">
<data> 7.25890000E+000</data>
<data> 1.13760000E+000</data>
<data> 3.38910000E-002</data>
<data>-3.01140000E-002</data>
</auxiliary>
<auxiliary keyword="CHEB">
<data> 1.78270000E-001</data>
<data> 1.24520000E-001</data>
<data> 1.10230000E-001</data>
<data>-6.43590000E-004</data>
</auxiliary>
<auxiliary keyword="CHEB">
<data>-4.48810000E-003</data>
<data>-1.66680000E-001</data>
<data> 3.82440000E-003</data>
<data> 2.28900000E-002</data>
</auxiliary>
</reaction>
<reaction formula="H+tSPC(97)(+M)=C4H8O2(62)+H2O(+M)">
<rate A=" 1.00000000E+000" B=" 0.00000000E+000" E=" 0.00000000E+000"/>
<auxiliary keyword="TCHEB">
<data> 3.00000000E+002</data>
<data> 2.10000000E+003</data>
</auxiliary>
<auxiliary keyword="PCHEB">
<data> 9.86923267E-003</data>
<data> 9.86923267E+001</data>
</auxiliary>
<auxiliary keyword="CHEB">
<data>     4</data>
<data>     4</data>
</auxiliary>
<auxiliary keyword="CHEB">
<data> 9.52410000E+000</data>
<data>-1.32210000E+000</data>
<data>-5.54720000E-002</data>
<data> 3.42110000E-003</data>
</auxiliary>
<auxiliary keyword="CHEB">
<data> 2.25630000E+000</data>
<data> 1.10790000E+000</data>
<data>-5.42620000E-002</data>
<data>-1.07780000E-002</data>
</auxiliary>
<auxiliary keyword="CHEB">
<data>-1.31630000E-001</data>
<data> 4.00420000E-001</data>
<data> 6.53120000E-002</data>
<data>-1.00860000E-002</data>
</auxiliary>
<auxiliary keyword="CHEB">
<data>-2.69810000E-001</data>
<data>-6.08100000E-002</data>
<data> 6.51830000E-002</data>
<data> 6.88280000E-003</data>
</auxiliary>
</reaction>
<reaction formula="H+tSPC(439)(+M)=C4H8O2(62)+H2O(+M)">
<rate A=" 1.00000000E+000" B=" 0.00000000E+000" E=" 0.00000000E+000"/>
<auxiliary keyword="TCHEB">
<data> 3.00000000E+002</data>
<data> 2.10000000E+003</data>
</auxiliary>
<auxiliary keyword="PCHEB">
<data> 9.86923267E-003</data>
<data> 9.86923267E+001</data>
</auxiliary>
<auxiliary keyword="CHEB">
<data>     4</data>
<data>     4</data>
</auxiliary>
<auxiliary keyword="CHEB">
<data> 1.17320000E+001</data>
<data>-1.18300000E+000</data>
<data>-8.94940000E-002</data>
<data> 1.09610000E-002</data>
</auxiliary>
<auxiliary keyword="CHEB">
<data> 9.76640000E-001</data>
<data> 1.14970000E+000</data>
<data>-1.42490000E-002</data>
<data>-2.20010000E-002</data>
</auxiliary>
<auxiliary keyword="CHEB">
<data>-2.06260000E-001</data>
<data> 2.41030000E-001</data>
<data> 1.03750000E-001</data>
<data>-9.00150000E-003</data>
</auxiliary>
<auxiliary keyword="CHEB">
<data>-2.00440000E-001</data>
<data>-1.37020000E-001</data>
<data> 3.78020000E-002</data>
<data> 1.88100000E-002</data>
</auxiliary>
</reaction>
<reaction formula="HOC[CH2][CH3]2+iC4H7(+M)=C8H14+H2O(+M)">
<rate A=" 1.00000000E+000" B=" 0.00000000E+000" E=" 0.00000000E+000"/>
<auxiliary keyword="TCHEB">
<data> 3.00000000E+002</data>
<data> 2.10000000E+003</data>
</auxiliary>
<auxiliary keyword="PCHEB">
<data> 9.86923267E-003</data>
<data> 9.86923267E+001</data>
</auxiliary>
<auxiliary keyword="CHEB">
<data>     4</data>
<data>     4</data>
</auxiliary>
<auxiliary keyword="CHEB">
<data> 7.98220000E+000</data>
<data>-1.54340000E+000</data>
<data>-4.44680000E-002</data>
<data>-2.95710000E-003</data>
</auxiliary>
<auxiliary keyword="CHEB">
<data> 4.77530000E+000</data>
<data> 7.67540000E-001</data>
<data>-8.93510000E-002</data>
<data>-4.97360000E-003</data>
</auxiliary>
<auxiliary keyword="CHEB">
<data> 6.43890000E-001</data>
<data> 5.41480000E-001</data>
<data>-9.58460000E-003</data>
<data>-9.84960000E-003</data>
</auxiliary>
<auxiliary keyword="CHEB">
<data>-5.59060000E-001</data>
<data> 2.30380000E-001</data>
<data> 4.55090000E-002</data>
<data>-8.22370000E-003</data>
</auxiliary>
</reaction>
<reaction formula="HOC[CH2][CH3]2+tSPC(54)(+M)=tSPC(97)+iC4H7(+M)">
<rate A=" 1.00000000E+000" B=" 0.00000000E+000" E=" 0.00000000E+000"/>
<auxiliary keyword="TCHEB">
<data> 3.00000000E+002</data>
<data> 2.10000000E+003</data>
</auxiliary>
<auxiliary keyword="PCHEB">
<data> 9.86923267E-003</data>
<data> 9.86923267E+001</data>
</auxiliary>
<auxiliary keyword="CHEB">
<data>     4</data>
<data>     4</data>
</auxiliary>
<auxiliary keyword="CHEB">
<data> 9.54000000E+000</data>
<data>-1.40960000E+000</data>
<data>-4.74310000E-002</data>
<data>-2.74550000E-003</data>
</auxiliary>
<auxiliary keyword="CHEB">
<data> 4.73480000E+000</data>
<data> 1.01680000E+000</data>
<data>-8.29460000E-002</data>
<data>-1.15360000E-002</data>
</auxiliary>
<auxiliary keyword="CHEB">
<data> 5.03960000E-001</data>
<data> 4.84500000E-001</data>
<data> 3.28750000E-002</data>
<data>-8.49920000E-003</data>
</auxiliary>
<auxiliary keyword="CHEB">
<data>-5.60070000E-001</data>
<data> 2.93030000E-002</data>
<data> 7.73510000E-002</data>
<data> 2.79180000E-003</data>
</auxiliary>
</reaction>
<reaction formula="HOC[CH2][CH3]2+tSPC(122)(+M)=tSPC(97)+tSPC(77)(+M)">
<rate A=" 1.00000000E+000" B=" 0.00000000E+000" E=" 0.00000000E+000"/>
<auxiliary keyword="TCHEB">
<data> 3.00000000E+002</data>
<data> 2.10000000E+003</data>
</auxiliary>
<auxiliary keyword="PCHEB">
<data> 9.86923267E-003</data>
<data> 9.86923267E+001</data>
</auxiliary>
<auxiliary keyword="CHEB">
<data>     4</data>
<data>     4</data>
</auxiliary>
<auxiliary keyword="CHEB">
<data> 9.17800000E+000</data>
<data>-1.44660000E+000</data>
<data>-4.81000000E-002</data>
<data>-3.89230000E-003</data>
</auxiliary>
<auxiliary keyword="CHEB">
<data> 4.95280000E+000</data>
<data> 9.53630000E-001</data>
<data>-9.26750000E-002</data>
<data>-1.08110000E-002</data>
</auxiliary>
<auxiliary keyword="CHEB">
<data> 7.43860000E-001</data>
<data> 5.08200000E-001</data>
<data> 2.07070000E-002</data>
<data>-8.88340000E-003</data>
</auxiliary>
<auxiliary keyword="CHEB">
<data>-5.80230000E-001</data>
<data> 8.56130000E-002</data>
<data> 7.69140000E-002</data>
<data>-3.88660000E-004</data>
</auxiliary>
</reaction>
<reaction formula="iC4H8+tSPC(439)(+M)=C4H8O2(62)+HOC[CH2][CH3]2(+M)">
<rate A=" 1.00000000E+000" B=" 0.00000000E+000" E=" 0.00000000E+000"/>
<auxiliary keyword="TCHEB">
<data> 3.00000000E+002</data>
<data> 2.10000000E+003</data>
</auxiliary>
<auxiliary keyword="PCHEB">
<data> 9.86923267E-003</data>
<data> 9.86923267E+001</data>
</auxiliary>
<auxiliary keyword="CHEB">
<data>     4</data>
<data>     4</data>
</auxiliary>
<auxiliary keyword="CHEB">
<data>-8.31350000E+000</data>
<data>-5.24250000E-001</data>
<data>-1.66940000E-001</data>
<data>-6.22710000E-003</data>
</auxiliary>
<auxiliary keyword="CHEB">
<data> 1.52590000E+001</data>
<data> 6.92530000E-001</data>
<data> 1.86370000E-001</data>
<data>-1.49720000E-002</data>
</auxiliary>
<auxiliary keyword="CHEB">
<data> 1.15810000E-001</data>
<data>-1.34690000E-001</data>
<data> 8.61570000E-003</data>
<data> 2.92670000E-002</data>
</auxiliary>
<auxiliary keyword="CHEB">
<data> 4.45900000E-002</data>
<data>-6.82890000E-002</data>
<data>-3.94930000E-002</data>
<data>-6.48870000E-003</data>
</auxiliary>
</reaction>
<reaction formula="tSPC(213)+CH3(+M)=C4H8O2(62)+HCO(+M)">
<rate A=" 1.00000000E+000" B=" 0.00000000E+000" E=" 0.00000000E+000"/>
<auxiliary keyword="TCHEB">
<data> 3.00000000E+002</data>
<data> 2.10000000E+003</data>
</auxiliary>
<auxiliary keyword="PCHEB">
<data> 9.86923267E-003</data>
<data> 9.86923267E+001</data>
</auxiliary>
<auxiliary keyword="CHEB">
<data>     4</data>
<data>     4</data>
</auxiliary>
<auxiliary keyword="CHEB">
<data> 7.00940000E+000</data>
<data>-4.93280000E-001</data>
<data>-1.45290000E-001</data>
<data>-9.81200000E-003</data>
</auxiliary>
<auxiliary keyword="CHEB">
<data> 4.29130000E+000</data>
<data> 6.63560000E-001</data>
<data> 1.64670000E-001</data>
<data>-3.64040000E-003</data>
</auxiliary>
<auxiliary keyword="CHEB">
<data>-5.97400000E-002</data>
<data>-1.43660000E-001</data>
<data> 9.70660000E-003</data>
<data> 2.23010000E-002</data>
</auxiliary>
<auxiliary keyword="CHEB">
<data> 3.13380000E-002</data>
<data>-4.72660000E-002</data>
<data>-3.55050000E-002</data>
<data>-7.25530000E-003</data>
</auxiliary>
</reaction>
<reaction formula="CH3+tSPC(54)(+M)=sSPC(1697)+iC4H7(+M)">
<rate A=" 1.00000000E+000" B=" 0.00000000E+000" E=" 0.00000000E+000"/>
<auxiliary keyword="TCHEB">
<data> 3.00000000E+002</data>
<data> 2.10000000E+003</data>
</auxiliary>
<auxiliary keyword="PCHEB">
<data> 9.86923267E-003</data>
<data> 9.86923267E+001</data>
</auxiliary>
<auxiliary keyword="CHEB">
<data>     4</data>
<data>     4</data>
</auxiliary>
<auxiliary keyword="CHEB">
<data> 1.00880000E+001</data>
<data>-2.72140000E-001</data>
<data>-1.26850000E-001</data>
<data>-2.89720000E-002</data>
</auxiliary>
<auxiliary keyword="CHEB">
<data> 2.24700000E+000</data>
<data> 3.85030000E-001</data>
<data> 1.67190000E-001</data>
<data> 3.01240000E-002</data>
</auxiliary>
<auxiliary keyword="CHEB">
<data> 4.68870000E-001</data>
<data>-1.09360000E-001</data>
<data>-2.67820000E-002</data>
<data> 9.38700000E-003</data>
</auxiliary>
<auxiliary keyword="CHEB">
<data> 1.53710000E-001</data>
<data>-1.47020000E-002</data>
<data>-2.07660000E-002</data>
<data>-1.31480000E-002</data>
</auxiliary>
</reaction>
<reaction formula="CH3+tSPC(54)(+M)=C4H7OJ(79)+CH3O(+M)">
<rate A=" 1.00000000E+000" B=" 0.00000000E+000" E=" 0.00000000E+000"/>
<auxiliary keyword="TCHEB">
<data> 3.00000000E+002</data>
<data> 2.10000000E+003</data>
</auxiliary>
<auxiliary keyword="PCHEB">
<data> 9.86923267E-003</data>
<data> 9.86923267E+001</data>
</auxiliary>
<auxiliary keyword="CHEB">
<data>     4</data>
<data>     4</data>
</auxiliary>
<auxiliary keyword="CHEB">
<data> 1.37990000E+001</data>
<data>-3.53060000E-001</data>
<data>-1.51250000E-001</data>
<data>-2.58480000E-002</data>
</auxiliary>
<auxiliary keyword="CHEB">
<data> 3.52840000E-001</data>
<data> 4.73680000E-001</data>
<data> 1.88120000E-001</data>
<data> 2.16670000E-002</data>
</auxiliary>
<auxiliary keyword="CHEB">
<data> 1.22620000E-001</data>
<data>-9.15980000E-002</data>
<data>-1.38500000E-002</data>
<data> 1.51070000E-002</data>
</auxiliary>
<auxiliary keyword="CHEB">
<data> 6.03710000E-002</data>
<data>-4.77650000E-002</data>
<data>-3.01900000E-002</data>
<data>-1.11300000E-002</data>
</auxiliary>
</reaction>
<reaction formula="sSPC(1697)+iC4H7(+M)=C4H7OJ(79)+CH3O(+M)">
<rate A=" 1.00000000E+000" B=" 0.00000000E+000" E=" 0.00000000E+000"/>
<auxiliary keyword="TCHEB">
<data> 3.00000000E+002</data>
<data> 2.10000000E+003</data>
</auxiliary>
<auxiliary keyword="PCHEB">
<data> 9.86923267E-003</data>
<data> 9.86923267E+001</data>
</auxiliary>
<auxiliary keyword="CHEB">
<data>     4</data>
<data>     4</data>
</auxiliary>
<auxiliary keyword="CHEB">
<data> 1.30390000E+001</data>
<data>-6.91420000E-001</data>
<data>-1.54570000E-001</data>
<data> 5.57120000E-003</data>
</auxiliary>
<auxiliary keyword="CHEB">
<data> 1.02770000E+000</data>
<data> 8.82380000E-001</data>
<data> 1.50440000E-001</data>
<data>-2.87620000E-002</data>
</auxiliary>
<auxiliary keyword="CHEB">
<data> 5.72330000E-002</data>
<data>-1.09120000E-001</data>
<data> 4.85930000E-002</data>
<data> 2.97850000E-002</data>
</auxiliary>
<auxiliary keyword="CHEB">
<data> 1.04140000E-002</data>
<data>-1.08230000E-001</data>
<data>-4.24710000E-002</data>
<data> 4.44060000E-004</data>
</auxiliary>
</reaction>
<reaction formula="CH3+tSPC(122)(+M)=sSPC(1697)+tSPC(77)(+M)">
<rate A=" 1.00000000E+000" B=" 0.00000000E+000" E=" 0.00000000E+000"/>
<auxiliary keyword="TCHEB">
<data> 3.00000000E+002</data>
<data> 2.10000000E+003</data>
</auxiliary>
<auxiliary keyword="PCHEB">
<data> 9.86923267E-003</data>
<data> 9.86923267E+001</data>
</auxiliary>
<auxiliary keyword="CHEB">
<data>     4</data>
<data>     4</data>
</auxiliary>
<auxiliary keyword="CHEB">
<data> 1.07430000E+001</data>
<data>-1.34400000E+000</data>
<data>-4.89690000E-002</data>
<data> 2.99380000E-004</data>
</auxiliary>
<auxiliary keyword="CHEB">
<data> 3.76020000E+000</data>
<data> 1.10350000E+000</data>
<data>-6.16550000E-002</data>
<data>-1.06610000E-002</data>
</auxiliary>
<auxiliary keyword="CHEB">
<data> 9.79660000E-002</data>
<data> 4.22190000E-001</data>
<data> 5.33820000E-002</data>
<data>-8.43430000E-003</data>
</auxiliary>
<auxiliary keyword="CHEB">
<data>-3.47790000E-001</data>
<data>-5.85350000E-002</data>
<data> 6.82470000E-002</data>
<data> 5.74680000E-003</data>
</auxiliary>
</reaction>
<reaction formula="CH3+tSPC(97)(+M)=sSPC(1697)+HOC[CH2][CH3]2(+M)">
<rate A=" 1.00000000E+000" B=" 0.00000000E+000" E=" 0.00000000E+000"/>
<auxiliary keyword="TCHEB">
<data> 3.00000000E+002</data>
<data> 2.10000000E+003</data>
</auxiliary>
<auxiliary keyword="PCHEB">
<data> 9.86923267E-003</data>
<data> 9.86923267E+001</data>
</auxiliary>
<auxiliary keyword="CHEB">
<data>     4</data>
<data>     4</data>
</auxiliary>
<auxiliary keyword="CHEB">
<data> 8.55500000E+000</data>
<data>-1.41820000E+000</data>
<data>-3.64540000E-002</data>
<data>-8.67290000E-004</data>
</auxiliary>
<auxiliary keyword="CHEB">
<data> 5.77570000E+000</data>
<data> 1.00720000E+000</data>
<data>-6.35430000E-002</data>
<data>-6.45900000E-003</data>
</auxiliary>
<auxiliary keyword="CHEB">
<data> 2.59440000E-001</data>
<data> 5.15550000E-001</data>
<data> 2.84960000E-002</data>
<data>-6.30930000E-003</data>
</auxiliary>
<auxiliary keyword="CHEB">
<data>-3.41340000E-001</data>
<data> 6.16880000E-002</data>
<data> 6.26430000E-002</data>
<data> 9.19700000E-004</data>
</auxiliary>
</reaction>
<reaction formula="H2CCCH3[OH]+HO2(+M)=sSPC(1474)+H(+M)">
<rate A=" 1.00000000E+000" B=" 0.00000000E+000" E=" 0.00000000E+000"/>
<auxiliary keyword="TCHEB">
<data> 3.00000000E+002</data>
<data> 2.10000000E+003</data>
</auxiliary>
<auxiliary keyword="PCHEB">
<data> 9.86923267E-003</data>
<data> 9.86923267E+001</data>
</auxiliary>
<auxiliary keyword="CHEB">
<data>     4</data>
<data>     4</data>
</auxiliary>
<auxiliary keyword="CHEB">
<data> 1.26820000E+000</data>
<data>-3.37870000E-001</data>
<data>-1.49480000E-001</data>
<data>-3.02850000E-002</data>
</auxiliary>
<auxiliary keyword="CHEB">
<data> 7.85380000E+000</data>
<data> 4.32030000E-001</data>
<data> 1.70710000E-001</data>
<data> 2.12940000E-002</data>
</auxiliary>
<auxiliary keyword="CHEB">
<data> 1.75580000E-001</data>
<data>-8.23440000E-002</data>
<data>-6.99100000E-003</data>
<data> 1.64690000E-002</data>
</auxiliary>
<auxiliary keyword="CHEB">
<data> 5.77690000E-002</data>
<data>-2.53410000E-002</data>
<data>-2.10720000E-002</data>
<data>-8.90460000E-003</data>
</auxiliary>
</reaction>
<reaction formula="H2CCCH3[OH](+M)=OH+sC3H5(+M)">
<rate A=" 1.00000000E+000" B=" 0.00000000E+000" E=" 0.00000000E+000"/>
<auxiliary keyword="TCHEB">
<data> 3.00000000E+002</data>
<data> 2.10000000E+003</data>
</auxiliary>
<auxiliary keyword="PCHEB">
<data> 9.86923267E-003</data>
<data> 9.86923267E+001</data>
</auxiliary>
<auxiliary keyword="CHEB">
<data>     4</data>
<data>     4</data>
</auxiliary>
<auxiliary keyword="CHEB">
<data>-2.97180000E+001</data>
<data> 5.51890000E-001</data>
<data>-1.11450000E-001</data>
<data> 1.54480000E-002</data>
</auxiliary>
<auxiliary keyword="CHEB">
<data> 3.33420000E+001</data>
<data> 7.77950000E-001</data>
<data>-1.00640000E-001</data>
<data>-1.79060000E-002</data>
</auxiliary>
<auxiliary keyword="CHEB">
<data>-6.48620000E-001</data>
<data> 4.04530000E-001</data>
<data> 3.35950000E-002</data>
<data>-2.64040000E-002</data>
</auxiliary>
<auxiliary keyword="CHEB">
<data>-3.98080000E-001</data>
<data> 1.28140000E-001</data>
<data> 6.56660000E-002</data>
<data>-9.03280000E-003</data>
</auxiliary>
</reaction>
<reaction formula="OH+sC3H5(+M)=CH2C[O]CH3+H(+M)">
<rate A=" 1.00000000E+000" B=" 0.00000000E+000" E=" 0.00000000E+000"/>
<auxiliary keyword="TCHEB">
<data> 3.00000000E+002</data>
<data> 2.10000000E+003</data>
</auxiliary>
<auxiliary keyword="PCHEB">
<data> 9.86923267E-003</data>
<data> 9.86923267E+001</data>
</auxiliary>
<auxiliary keyword="CHEB">
<data>     4</data>
<data>     4</data>
</auxiliary>
<auxiliary keyword="CHEB">
<data> 1.05320000E+001</data>
<data>-1.31680000E+000</data>
<data>-1.07630000E-001</data>
<data> 1.60240000E-002</data>
</auxiliary>
<auxiliary keyword="CHEB">
<data> 1.50990000E+000</data>
<data> 9.55880000E-001</data>
<data>-6.04620000E-002</data>
<data>-2.64080000E-002</data>
</auxiliary>
<auxiliary keyword="CHEB">
<data> 1.93690000E-001</data>
<data> 3.77470000E-001</data>
<data> 7.95020000E-002</data>
<data>-2.01500000E-002</data>
</auxiliary>
<auxiliary keyword="CHEB">
<data>-1.00180000E-001</data>
<data> 3.82030000E-002</data>
<data> 7.49330000E-002</data>
<data> 6.89590000E-003</data>
</auxiliary>
</reaction>
<reaction formula="iC4H8+H2CCCH3[OH](+M)=sC3H5+HOC[CH2][CH3]2(+M)">
<rate A=" 1.00000000E+000" B=" 0.00000000E+000" E=" 0.00000000E+000"/>
<auxiliary keyword="TCHEB">
<data> 3.00000000E+002</data>
<data> 2.10000000E+003</data>
</auxiliary>
<auxiliary keyword="PCHEB">
<data> 9.86923267E-003</data>
<data> 9.86923267E+001</data>
</auxiliary>
<auxiliary keyword="CHEB">
<data>     4</data>
<data>     4</data>
</auxiliary>
<auxiliary keyword="CHEB">
<data>-2.11660000E+001</data>
<data>-1.61830000E+000</data>
<data>-5.80610000E-002</data>
<data> 7.64020000E-004</data>
</auxiliary>
<auxiliary keyword="CHEB">
<data> 2.76560000E+001</data>
<data> 6.27360000E-001</data>
<data>-1.11390000E-001</data>
<data> 3.26070000E-003</data>
</auxiliary>
<auxiliary keyword="CHEB">
<data> 6.37540000E-001</data>
<data> 4.83220000E-001</data>
<data>-3.11490000E-002</data>
<data>-1.15300000E-002</data>
</auxiliary>
<auxiliary keyword="CHEB">
<data>-2.28290000E-001</data>
<data> 2.46540000E-001</data>
<data> 3.18080000E-002</data>
<data>-1.58700000E-002</data>
</auxiliary>
</reaction>
<reaction formula="tSPC(343)+HO2(+M)=tSPC(213)+O(+M)">
<rate A=" 1.00000000E+000" B=" 0.00000000E+000" E=" 0.00000000E+000"/>
<auxiliary keyword="TCHEB">
<data> 3.00000000E+002</data>
<data> 2.10000000E+003</data>
</auxiliary>
<auxiliary keyword="PCHEB">
<data> 9.86923267E-003</data>
<data> 9.86923267E+001</data>
</auxiliary>
<auxiliary keyword="CHEB">
<data>     4</data>
<data>     4</data>
</auxiliary>
<auxiliary keyword="CHEB">
<data> 1.20260000E+000</data>
<data>-1.93900000E-001</data>
<data>-1.02280000E-001</data>
<data>-3.07980000E-002</data>
</auxiliary>
<auxiliary keyword="CHEB">
<data> 8.05100000E+000</data>
<data> 2.63870000E-001</data>
<data> 1.29660000E-001</data>
<data> 3.27230000E-002</data>
</auxiliary>
<auxiliary keyword="CHEB">
<data> 1.32680000E-001</data>
<data>-8.01260000E-002</data>
<data>-2.71610000E-002</data>
<data> 1.60630000E-003</data>
</auxiliary>
<auxiliary keyword="CHEB">
<data> 7.98360000E-002</data>
<data> 5.55600000E-003</data>
<data>-4.01990000E-003</data>
<data>-5.49190000E-003</data>
</auxiliary>
</reaction>
<reaction formula="tSPC(343)+CH3(+M)=C4H7OJ(79)+HCO(+M)">
<rate A=" 1.00000000E+000" B=" 0.00000000E+000" E=" 0.00000000E+000"/>
<auxiliary keyword="TCHEB">
<data> 3.00000000E+002</data>
<data> 2.10000000E+003</data>
</auxiliary>
<auxiliary keyword="PCHEB">
<data> 9.86923267E-003</data>
<data> 9.86923267E+001</data>
</auxiliary>
<auxiliary keyword="CHEB">
<data>     4</data>
<data>     4</data>
</auxiliary>
<auxiliary keyword="CHEB">
<data> 3.09710000E+000</data>
<data>-1.06990000E-004</data>
<data>-7.84060000E-005</data>
<data>-3.90320000E-005</data>
</auxiliary>
<auxiliary keyword="CHEB">
<data> 6.20320000E+000</data>
<data> 5.70010000E-005</data>
<data> 4.17710000E-005</data>
<data> 2.07930000E-005</data>
</auxiliary>
<auxiliary keyword="CHEB">
<data> 5.56870000E-001</data>
<data> 5.03940000E-006</data>
<data> 3.69350000E-006</data>
<data> 1.83890000E-006</data>
</auxiliary>
<auxiliary keyword="CHEB">
<data> 4.63580000E-002</data>
<data> 1.43620000E-006</data>
<data> 1.05260000E-006</data>
<data> 5.24020000E-007</data>
</auxiliary>
</reaction>
<reaction formula="tSPC(343)+CH3(+M)=CH2O+tSPC(110)(+M)">
<rate A=" 1.00000000E+000" B=" 0.00000000E+000" E=" 0.00000000E+000"/>
<auxiliary keyword="TCHEB">
<data> 3.00000000E+002</data>
<data> 2.10000000E+003</data>
</auxiliary>
<auxiliary keyword="PCHEB">
<data> 9.86923267E-003</data>
<data> 9.86923267E+001</data>
</auxiliary>
<auxiliary keyword="CHEB">
<data>     4</data>
<data>     4</data>
</auxiliary>
<auxiliary keyword="CHEB">
<data> 7.40490000E+000</data>
<data>-1.07150000E-004</data>
<data>-7.85250000E-005</data>
<data>-3.90910000E-005</data>
</auxiliary>
<auxiliary keyword="CHEB">
<data> 3.87760000E+000</data>
<data> 5.67500000E-005</data>
<data> 4.15870000E-005</data>
<data> 2.07020000E-005</data>
</auxiliary>
<auxiliary keyword="CHEB">
<data>-7.66280000E-003</data>
<data> 4.82500000E-006</data>
<data> 3.53640000E-006</data>
<data> 1.76070000E-006</data>
</auxiliary>
<auxiliary keyword="CHEB">
<data> 4.83730000E-002</data>
<data> 1.29950000E-006</data>
<data> 9.52410000E-007</data>
<data> 4.74160000E-007</data>
</auxiliary>
</reaction>
<reaction formula="C4H7OJ(79)+HCO(+M)=CH2O+tSPC(110)(+M)">
<rate A=" 1.00000000E+000" B=" 0.00000000E+000" E=" 0.00000000E+000"/>
<auxiliary keyword="TCHEB">
<data> 3.00000000E+002</data>
<data> 2.10000000E+003</data>
</auxiliary>
<auxiliary keyword="PCHEB">
<data> 9.86923267E-003</data>
<data> 9.86923267E+001</data>
</auxiliary>
<auxiliary keyword="CHEB">
<data>     4</data>
<data>     4</data>
</auxiliary>
<auxiliary keyword="CHEB">
<data> 9.34040000E+000</data>
<data>-1.07200000E-004</data>
<data>-7.85600000E-005</data>
<data>-3.91080000E-005</data>
</auxiliary>
<auxiliary keyword="CHEB">
<data> 2.73210000E+000</data>
<data> 5.66750000E-005</data>
<data> 4.15330000E-005</data>
<data> 2.06750000E-005</data>
</auxiliary>
<auxiliary keyword="CHEB">
<data> 6.82090000E-002</data>
<data> 4.75870000E-006</data>
<data> 3.48780000E-006</data>
<data> 1.73650000E-006</data>
</auxiliary>
<auxiliary keyword="CHEB">
<data> 5.12530000E-002</data>
<data> 1.25590000E-006</data>
<data> 9.20420000E-007</data>
<data> 4.58240000E-007</data>
</auxiliary>
</reaction>
<reaction formula="tSPC(343)(+M)=CH2O+tSPC(346)(+M)">
<rate A=" 1.00000000E+000" B=" 0.00000000E+000" E=" 0.00000000E+000"/>
<auxiliary keyword="TCHEB">
<data> 3.00000000E+002</data>
<data> 2.10000000E+003</data>
</auxiliary>
<auxiliary keyword="PCHEB">
<data> 9.86923267E-003</data>
<data> 9.86923267E+001</data>
</auxiliary>
<auxiliary keyword="CHEB">
<data>     4</data>
<data>     4</data>
</auxiliary>
<auxiliary keyword="CHEB">
<data> 5.29220000E+000</data>
<data> 1.27930000E+000</data>
<data>-1.68380000E-001</data>
<data> 1.44930000E-002</data>
</auxiliary>
<auxiliary keyword="CHEB">
<data> 3.79910000E+000</data>
<data> 7.70510000E-001</data>
<data> 1.48320000E-001</data>
<data>-3.01040000E-002</data>
</auxiliary>
<auxiliary keyword="CHEB">
<data>-6.48840000E-001</data>
<data> 3.26990000E-002</data>
<data> 4.17270000E-002</data>
<data> 1.23470000E-002</data>
</auxiliary>
<auxiliary keyword="CHEB">
<data>-7.48050000E-002</data>
<data>-7.32110000E-002</data>
<data>-1.57350000E-002</data>
<data> 4.23300000E-003</data>
</auxiliary>
</reaction>
<reaction formula="tSPC(157)+CH2O(+M)=tSPC(77)+sSPC(3121)(+M)">
<rate A=" 1.00000000E+000" B=" 0.00000000E+000" E=" 0.00000000E+000"/>
<auxiliary keyword="TCHEB">
<data> 3.00000000E+002</data>
<data> 2.10000000E+003</data>
</auxiliary>
<auxiliary keyword="PCHEB">
<data> 9.86923267E-003</data>
<data> 9.86923267E+001</data>
</auxiliary>
<auxiliary keyword="CHEB">
<data>     4</data>
<data>     4</data>
</auxiliary>
<auxiliary keyword="CHEB">
<data>-6.96370000E+000</data>
<data>-3.25190000E-001</data>
<data>-1.38880000E-001</data>
<data>-2.45600000E-002</data>
</auxiliary>
<auxiliary keyword="CHEB">
<data> 1.42290000E+001</data>
<data> 4.48810000E-001</data>
<data> 1.77780000E-001</data>
<data> 2.21930000E-002</data>
</auxiliary>
<auxiliary keyword="CHEB">
<data> 6.55500000E-002</data>
<data>-1.08300000E-001</data>
<data>-2.07900000E-002</data>
<data> 1.26900000E-002</data>
</auxiliary>
<auxiliary keyword="CHEB">
<data> 8.29850000E-002</data>
<data>-3.10720000E-002</data>
<data>-2.54780000E-002</data>
<data>-1.15380000E-002</data>
</auxiliary>
</reaction>
<reaction formula="H2CCCH3[OH]+CH2O(+M)=C4H6O(105)+H2O(+M)">
<rate A=" 1.00000000E+000" B=" 0.00000000E+000" E=" 0.00000000E+000"/>
<auxiliary keyword="TCHEB">
<data> 3.00000000E+002</data>
<data> 2.10000000E+003</data>
</auxiliary>
<auxiliary keyword="PCHEB">
<data> 9.86923267E-003</data>
<data> 9.86923267E+001</data>
</auxiliary>
<auxiliary keyword="CHEB">
<data>     4</data>
<data>     4</data>
</auxiliary>
<auxiliary keyword="CHEB">
<data>-1.63860000E+001</data>
<data>-1.31060000E+000</data>
<data>-5.41980000E-002</data>
<data> 2.90320000E-003</data>
</auxiliary>
<auxiliary keyword="CHEB">
<data> 2.01620000E+001</data>
<data> 1.10890000E+000</data>
<data>-4.70710000E-002</data>
<data>-1.04900000E-002</data>
</auxiliary>
<auxiliary keyword="CHEB">
<data> 1.88370000E-001</data>
<data> 3.87630000E-001</data>
<data> 6.45830000E-002</data>
<data>-7.32350000E-003</data>
</auxiliary>
<auxiliary keyword="CHEB">
<data>-1.94960000E-001</data>
<data>-6.20400000E-002</data>
<data> 5.87950000E-002</data>
<data> 7.68950000E-003</data>
</auxiliary>
</reaction>
<reaction formula="tSPC(878)(+M)=O2+tSPC(346)(+M)">
<rate A=" 1.00000000E+000" B=" 0.00000000E+000" E=" 0.00000000E+000"/>
<auxiliary keyword="TCHEB">
<data> 3.00000000E+002</data>
<data> 2.10000000E+003</data>
</auxiliary>
<auxiliary keyword="PCHEB">
<data> 9.86923267E-003</data>
<data> 9.86923267E+001</data>
</auxiliary>
<auxiliary keyword="CHEB">
<data>     4</data>
<data>     4</data>
</auxiliary>
<auxiliary keyword="CHEB">
<data> 3.16420000E+000</data>
<data> 1.21080000E+000</data>
<data>-1.47120000E-001</data>
<data> 1.15240000E-002</data>
</auxiliary>
<auxiliary keyword="CHEB">
<data> 5.74230000E+000</data>
<data> 7.97370000E-001</data>
<data> 1.11820000E-001</data>
<data>-2.32680000E-002</data>
</auxiliary>
<auxiliary keyword="CHEB">
<data>-8.63780000E-001</data>
<data> 5.65430000E-002</data>
<data> 4.45080000E-002</data>
<data> 8.26510000E-003</data>
</auxiliary>
<auxiliary keyword="CHEB">
<data>-1.61420000E-001</data>
<data>-6.03650000E-002</data>
<data>-6.66650000E-003</data>
<data> 2.93610000E-003</data>
</auxiliary>
</reaction>
<reaction formula="tSPC(878)(+M)=HO2+H2CCCO(+M)">
<rate A=" 1.00000000E+000" B=" 0.00000000E+000" E=" 0.00000000E+000"/>
<auxiliary keyword="TCHEB">
<data> 3.00000000E+002</data>
<data> 2.10000000E+003</data>
</auxiliary>
<auxiliary keyword="PCHEB">
<data> 9.86923267E-003</data>
<data> 9.86923267E+001</data>
</auxiliary>
<auxiliary keyword="CHEB">
<data>     4</data>
<data>     4</data>
</auxiliary>
<auxiliary keyword="CHEB">
<data>-1.96690000E+000</data>
<data> 1.60790000E+000</data>
<data>-1.49320000E-001</data>
<data>-1.66720000E-002</data>
</auxiliary>
<auxiliary keyword="CHEB">
<data> 7.16910000E+000</data>
<data> 4.81650000E-001</data>
<data> 1.68310000E-001</data>
<data> 8.56960000E-003</data>
</auxiliary>
<auxiliary keyword="CHEB">
<data>-5.57280000E-001</data>
<data>-5.03620000E-002</data>
<data> 4.74330000E-004</data>
<data> 1.27280000E-002</data>
</auxiliary>
<auxiliary keyword="CHEB">
<data>-5.07550000E-002</data>
<data>-4.70260000E-002</data>
<data>-2.03040000E-002</data>
<data>-3.17480000E-003</data>
</auxiliary>
</reaction>
<reaction formula="O2+tSPC(346)(+M)=HO2+H2CCCO(+M)">
<rate A=" 1.00000000E+000" B=" 0.00000000E+000" E=" 0.00000000E+000"/>
<auxiliary keyword="TCHEB">
<data> 3.00000000E+002</data>
<data> 2.10000000E+003</data>
</auxiliary>
<auxiliary keyword="PCHEB">
<data> 9.86923267E-003</data>
<data> 9.86923267E+001</data>
</auxiliary>
<auxiliary keyword="CHEB">
<data>     4</data>
<data>     4</data>
</auxiliary>
<auxiliary keyword="CHEB">
<data> 8.49810000E+000</data>
<data>-2.14430000E-001</data>
<data>-9.57980000E-002</data>
<data>-2.13790000E-002</data>
</auxiliary>
<auxiliary keyword="CHEB">
<data> 1.90330000E+000</data>
<data> 3.03260000E-001</data>
<data> 1.27450000E-001</data>
<data> 2.35980000E-002</data>
</auxiliary>
<auxiliary keyword="CHEB">
<data> 7.43260000E-002</data>
<data>-8.79300000E-002</data>
<data>-2.41530000E-002</data>
<data> 3.49150000E-003</data>
</auxiliary>
<auxiliary keyword="CHEB">
<data> 3.87660000E-002</data>
<data>-7.88540000E-003</data>
<data>-1.13700000E-002</data>
<data>-6.82410000E-003</data>
</auxiliary>
</reaction>
<reaction formula="tSPC(110)(+M)=C4H6O(105)(+M)">
<rate A=" 1.00000000E+000" B=" 0.00000000E+000" E=" 0.00000000E+000"/>
<auxiliary keyword="TCHEB">
<data> 3.00000000E+002</data>
<data> 2.10000000E+003</data>
</auxiliary>
<auxiliary keyword="PCHEB">
<data> 9.86923267E-003</data>
<data> 9.86923267E+001</data>
</auxiliary>
<auxiliary keyword="CHEB">
<data>     4</data>
<data>     4</data>
</auxiliary>
<auxiliary keyword="CHEB">
<data> 8.85610000E+000</data>
<data> 1.95100000E+000</data>
<data>-6.98780000E-002</data>
<data>-3.04910000E-002</data>
</auxiliary>
<auxiliary keyword="CHEB">
<data> 2.34980000E-001</data>
<data> 9.68950000E-002</data>
<data> 1.67300000E-002</data>
<data> 1.05130000E-002</data>
</auxiliary>
<auxiliary keyword="CHEB">
<data>-2.24730000E-001</data>
<data> 9.27380000E-002</data>
<data> 1.84170000E-003</data>
<data> 3.64040000E-003</data>
</auxiliary>
<auxiliary keyword="CHEB">
<data>-1.63000000E-001</data>
<data> 7.66280000E-002</data>
<data>-2.31790000E-003</data>
<data> 5.95490000E-004</data>
</auxiliary>
</reaction>
<reaction formula="tSPC(110)(+M)=tSPC(346)+CH3(+M)">
<rate A=" 1.00000000E+000" B=" 0.00000000E+000" E=" 0.00000000E+000"/>
<auxiliary keyword="TCHEB">
<data> 3.00000000E+002</data>
<data> 2.10000000E+003</data>
</auxiliary>
<auxiliary keyword="PCHEB">
<data> 9.86923267E-003</data>
<data> 9.86923267E+001</data>
</auxiliary>
<auxiliary keyword="CHEB">
<data>     4</data>
<data>     4</data>
</auxiliary>
<auxiliary keyword="CHEB">
<data>-3.26230000E+000</data>
<data> 1.07010000E+000</data>
<data> 1.59270000E-001</data>
<data> 4.87590000E-003</data>
</auxiliary>
<auxiliary keyword="CHEB">
<data> 1.32270000E+001</data>
<data> 1.69600000E-001</data>
<data>-2.32060000E-001</data>
<data> 2.88230000E-002</data>
</auxiliary>
<auxiliary keyword="CHEB">
<data>-5.30310000E-001</data>
<data> 3.76270000E-001</data>
<data>-5.29120000E-002</data>
<data>-2.96260000E-002</data>
</auxiliary>
<auxiliary keyword="CHEB">
<data>-4.67030000E-001</data>
<data> 2.04130000E-001</data>
<data> 4.89140000E-002</data>
<data>-1.61690000E-002</data>
</auxiliary>
</reaction>
<reaction formula="tSPC(110)(+M)=C3H3O-enone+CH3(+M)">
<rate A=" 1.00000000E+000" B=" 0.00000000E+000" E=" 0.00000000E+000"/>
<auxiliary keyword="TCHEB">
<data> 3.00000000E+002</data>
<data> 2.10000000E+003</data>
</auxiliary>
<auxiliary keyword="PCHEB">
<data> 9.86923267E-003</data>
<data> 9.86923267E+001</data>
</auxiliary>
<auxiliary keyword="CHEB">
<data>     4</data>
<data>     4</data>
</auxiliary>
<auxiliary keyword="CHEB">
<data>-6.84790000E+000</data>
<data> 9.04560000E-001</data>
<data> 6.02800000E-002</data>
<data>-3.19220000E-002</data>
</auxiliary>
<auxiliary keyword="CHEB">
<data> 1.33570000E+001</data>
<data> 3.79280000E-001</data>
<data>-1.10900000E-001</data>
<data> 7.10820000E-002</data>
</auxiliary>
<auxiliary keyword="CHEB">
<data>-5.49640000E-001</data>
<data> 3.45990000E-001</data>
<data>-6.47880000E-002</data>
<data>-3.00190000E-002</data>
</auxiliary>
<auxiliary keyword="CHEB">
<data>-4.81400000E-001</data>
<data> 1.80460000E-001</data>
<data> 3.28720000E-002</data>
<data>-2.32860000E-002</data>
</auxiliary>
</reaction>
<reaction formula="C4H6O(105)(+M)=tSPC(346)+CH3(+M)">
<rate A=" 1.00000000E+000" B=" 0.00000000E+000" E=" 0.00000000E+000"/>
<auxiliary keyword="TCHEB">
<data> 3.00000000E+002</data>
<data> 2.10000000E+003</data>
</auxiliary>
<auxiliary keyword="PCHEB">
<data> 9.86923267E-003</data>
<data> 9.86923267E+001</data>
</auxiliary>
<auxiliary keyword="CHEB">
<data>     4</data>
<data>     4</data>
</auxiliary>
<auxiliary keyword="CHEB">
<data>-1.31540000E+001</data>
<data> 3.36370000E-001</data>
<data>-8.21280000E-002</data>
<data>-1.54500000E-002</data>
</auxiliary>
<auxiliary keyword="CHEB">
<data> 2.10990000E+001</data>
<data> 6.24400000E-001</data>
<data>-8.49530000E-002</data>
<data>-3.04030000E-003</data>
</auxiliary>
<auxiliary keyword="CHEB">
<data>-5.51140000E-001</data>
<data> 3.98140000E-001</data>
<data>-1.14300000E-002</data>
<data>-7.30740000E-003</data>
</auxiliary>
<auxiliary keyword="CHEB">
<data>-3.24010000E-001</data>
<data> 1.52720000E-001</data>
<data> 2.68020000E-002</data>
<data>-4.93410000E-003</data>
</auxiliary>
</reaction>
<reaction formula="C4H6O(105)(+M)=C3H3O-enone+CH3(+M)">
<rate A=" 1.00000000E+000" B=" 0.00000000E+000" E=" 0.00000000E+000"/>
<auxiliary keyword="TCHEB">
<data> 3.00000000E+002</data>
<data> 2.10000000E+003</data>
</auxiliary>
<auxiliary keyword="PCHEB">
<data> 9.86923267E-003</data>
<data> 9.86923267E+001</data>
</auxiliary>
<auxiliary keyword="CHEB">
<data>     4</data>
<data>     4</data>
</auxiliary>
<auxiliary keyword="CHEB">
<data>-1.67400000E+001</data>
<data> 1.70940000E-001</data>
<data>-1.80650000E-001</data>
<data>-5.19380000E-002</data>
</auxiliary>
<auxiliary keyword="CHEB">
<data> 2.12290000E+001</data>
<data> 8.33210000E-001</data>
<data> 3.55430000E-002</data>
<data> 3.89820000E-002</data>
</auxiliary>
<auxiliary keyword="CHEB">
<data>-5.70480000E-001</data>
<data> 3.67730000E-001</data>
<data>-2.37330000E-002</data>
<data>-8.04980000E-003</data>
</auxiliary>
<auxiliary keyword="CHEB">
<data>-3.38170000E-001</data>
<data> 1.29450000E-001</data>
<data> 1.10440000E-002</data>
<data>-1.19640000E-002</data>
</auxiliary>
</reaction>
<reaction formula="tSPC(346)+CH3(+M)=C3H3O-enone+CH3(+M)">
<rate A=" 1.00000000E+000" B=" 0.00000000E+000" E=" 0.00000000E+000"/>
<auxiliary keyword="TCHEB">
<data> 3.00000000E+002</data>
<data> 2.10000000E+003</data>
</auxiliary>
<auxiliary keyword="PCHEB">
<data> 9.86923267E-003</data>
<data> 9.86923267E+001</data>
</auxiliary>
<auxiliary keyword="CHEB">
<data>     4</data>
<data>     4</data>
</auxiliary>
<auxiliary keyword="CHEB">
<data> 4.24600000E+000</data>
<data>-8.90740000E-001</data>
<data> 6.05220000E-002</data>
<data>-6.04440000E-003</data>
</auxiliary>
<auxiliary keyword="CHEB">
<data> 4.99520000E+000</data>
<data> 6.58320000E-001</data>
<data>-1.47860000E-001</data>
<data> 2.81780000E-002</data>
</auxiliary>
<auxiliary keyword="CHEB">
<data> 1.13490000E-001</data>
<data> 2.92410000E-001</data>
<data> 5.55260000E-003</data>
<data>-4.49950000E-002</data>
</auxiliary>
<auxiliary keyword="CHEB">
<data>-1.84790000E-001</data>
<data>-2.82600000E-003</data>
<data> 7.61800000E-002</data>
<data> 3.88590000E-003</data>
</auxiliary>
</reaction>
<reaction formula="tSPC(346)(+M)=C3H3O-enone(+M)">
<rate A=" 1.00000000E+000" B=" 0.00000000E+000" E=" 0.00000000E+000"/>
<auxiliary keyword="TCHEB">
<data> 3.00000000E+002</data>
<data> 2.10000000E+003</data>
</auxiliary>
<auxiliary keyword="PCHEB">
<data> 9.86923267E-003</data>
<data> 9.86923267E+001</data>
</auxiliary>
<auxiliary keyword="CHEB">
<data>     4</data>
<data>     4</data>
</auxiliary>
<auxiliary keyword="CHEB">
<data>-5.48710000E+000</data>
<data> 2.02820000E+000</data>
<data>-1.65200000E-001</data>
<data>-3.85280000E-002</data>
</auxiliary>
<auxiliary keyword="CHEB">
<data> 9.34340000E+000</data>
<data> 5.81980000E-001</data>
<data> 3.96670000E-002</data>
<data> 4.54150000E-002</data>
</auxiliary>
<auxiliary keyword="CHEB">
<data>-8.10650000E-001</data>
<data> 2.65610000E-001</data>
<data>-3.40830000E-002</data>
<data>-1.42640000E-003</data>
</auxiliary>
<auxiliary keyword="CHEB">
<data>-3.57570000E-001</data>
<data> 1.25410000E-001</data>
<data>-1.18070000E-002</data>
<data>-1.47810000E-002</data>
</auxiliary>
</reaction>
<reaction formula="tSPC(346)(+M)=H2CCCO+H(+M)">
<rate A=" 1.00000000E+000" B=" 0.00000000E+000" E=" 0.00000000E+000"/>
<auxiliary keyword="TCHEB">
<data> 3.00000000E+002</data>
<data> 2.10000000E+003</data>
</auxiliary>
<auxiliary keyword="PCHEB">
<data> 9.86923267E-003</data>
<data> 9.86923267E+001</data>
</auxiliary>
<auxiliary keyword="CHEB">
<data>     4</data>
<data>     4</data>
</auxiliary>
<auxiliary keyword="CHEB">
<data>-2.43450000E+001</data>
<data> 1.57810000E+000</data>
<data>-1.92600000E-001</data>
<data>-3.91810000E-002</data>
</auxiliary>
<auxiliary keyword="CHEB">
<data> 2.06190000E+001</data>
<data> 4.33200000E-001</data>
<data> 1.72290000E-001</data>
<data> 1.70040000E-002</data>
</auxiliary>
<auxiliary keyword="CHEB">
<data>-5.47510000E-001</data>
<data> 2.94200000E-002</data>
<data> 3.73790000E-002</data>
<data> 2.34070000E-002</data>
</auxiliary>
<auxiliary keyword="CHEB">
<data>-1.84290000E-001</data>
<data>-3.67060000E-002</data>
<data>-1.24170000E-002</data>
<data> 1.68520000E-003</data>
</auxiliary>
</reaction>
<reaction formula="tSPC(346)(+M)=CO+C2H3(+M)">
<rate A=" 1.00000000E+000" B=" 0.00000000E+000" E=" 0.00000000E+000"/>
<auxiliary keyword="TCHEB">
<data> 3.00000000E+002</data>
<data> 2.10000000E+003</data>
</auxiliary>
<auxiliary keyword="PCHEB">
<data> 9.86923267E-003</data>
<data> 9.86923267E+001</data>
</auxiliary>
<auxiliary keyword="CHEB">
<data>     4</data>
<data>     4</data>
</auxiliary>
<auxiliary keyword="CHEB">
<data>-3.30820000E+000</data>
<data> 2.01270000E-001</data>
<data>-1.62220000E-001</data>
<data>-3.52740000E-002</data>
</auxiliary>
<auxiliary keyword="CHEB">
<data> 1.07360000E+001</data>
<data> 8.05450000E-001</data>
<data> 1.20210000E-002</data>
<data> 3.84230000E-002</data>
</auxiliary>
<auxiliary keyword="CHEB">
<data>-3.93540000E-001</data>
<data> 3.75180000E-001</data>
<data>-3.06760000E-002</data>
<data>-1.28710000E-002</data>
</auxiliary>
<auxiliary keyword="CHEB">
<data>-2.71740000E-001</data>
<data> 1.55310000E-001</data>
<data> 1.36730000E-002</data>
<data>-1.73750000E-002</data>
</auxiliary>
</reaction>
<reaction formula="C3H3O-enone(+M)=H2CCCO+H(+M)">
<rate A=" 1.00000000E+000" B=" 0.00000000E+000" E=" 0.00000000E+000"/>
<auxiliary keyword="TCHEB">
<data> 3.00000000E+002</data>
<data> 2.10000000E+003</data>
</auxiliary>
<auxiliary keyword="PCHEB">
<data> 9.86923267E-003</data>
<data> 9.86923267E+001</data>
</auxiliary>
<auxiliary keyword="CHEB">
<data>     4</data>
<data>     4</data>
</auxiliary>
<auxiliary keyword="CHEB">
<data>-3.29740000E+001</data>
<data> 1.99070000E+000</data>
<data>-3.58140000E-003</data>
<data>-4.96070000E-004</data>
</auxiliary>
<auxiliary keyword="CHEB">
<data> 2.57900000E+001</data>
<data> 7.98700000E-003</data>
<data> 2.36620000E-003</data>
<data>-4.78140000E-005</data>
</auxiliary>
<auxiliary keyword="CHEB">
<data>-4.05380000E-001</data>
<data> 1.65270000E-003</data>
<data> 8.81560000E-004</data>
<data> 9.55570000E-005</data>
</auxiliary>
<auxiliary keyword="CHEB">
<data>-1.25100000E-001</data>
<data>-2.07110000E-004</data>
<data> 3.39800000E-004</data>
<data> 3.81800000E-004</data>
</auxiliary>
</reaction>
<reaction formula="C3H3O-enone(+M)=CO+C2H3(+M)">
<rate A=" 1.00000000E+000" B=" 0.00000000E+000" E=" 0.00000000E+000"/>
<auxiliary keyword="TCHEB">
<data> 3.00000000E+002</data>
<data> 2.10000000E+003</data>
</auxiliary>
<auxiliary keyword="PCHEB">
<data> 9.86923267E-003</data>
<data> 9.86923267E+001</data>
</auxiliary>
<auxiliary keyword="CHEB">
<data>     4</data>
<data>     4</data>
</auxiliary>
<auxiliary keyword="CHEB">
<data>-2.65800000E+000</data>
<data> 8.69490000E-001</data>
<data>-1.31330000E-001</data>
<data> 1.68960000E-002</data>
</auxiliary>
<auxiliary keyword="CHEB">
<data> 1.07470000E+001</data>
<data> 8.63680000E-001</data>
<data> 2.54640000E-002</data>
<data>-2.63930000E-002</data>
</auxiliary>
<auxiliary keyword="CHEB">
<data>-8.21570000E-001</data>
<data> 2.09400000E-001</data>
<data> 5.93300000E-002</data>
<data> 2.35600000E-004</data>
</auxiliary>
<auxiliary keyword="CHEB">
<data>-3.46250000E-001</data>
<data>-8.90020000E-003</data>
<data> 1.87770000E-002</data>
<data> 5.68750000E-003</data>
</auxiliary>
</reaction>
<reaction formula="H2CCCO+H(+M)=CO+C2H3(+M)">
<rate A=" 1.00000000E+000" B=" 0.00000000E+000" E=" 0.00000000E+000"/>
<auxiliary keyword="TCHEB">
<data> 3.00000000E+002</data>
<data> 2.10000000E+003</data>
</auxiliary>
<auxiliary keyword="PCHEB">
<data> 9.86923267E-003</data>
<data> 9.86923267E+001</data>
</auxiliary>
<auxiliary keyword="CHEB">
<data>     4</data>
<data>     4</data>
</auxiliary>
<auxiliary keyword="CHEB">
<data> 1.18490000E+001</data>
<data>-1.18550000E-002</data>
<data>-4.62840000E-003</data>
<data>-6.17590000E-004</data>
</auxiliary>
<auxiliary keyword="CHEB">
<data> 2.24530000E+000</data>
<data> 7.08400000E-003</data>
<data> 1.62060000E-003</data>
<data>-4.59580000E-004</data>
</auxiliary>
<auxiliary keyword="CHEB">
<data> 3.91840000E-001</data>
<data> 5.09620000E-003</data>
<data> 2.13790000E-003</data>
<data> 1.36650000E-004</data>
</auxiliary>
<auxiliary keyword="CHEB">
<data> 1.48730000E-001</data>
<data> 4.25520000E-004</data>
<data> 1.14100000E-003</data>
<data> 8.80310000E-004</data>
</auxiliary>
</reaction>
<reaction formula="tSPC(346)+HO2(+M)=H+tSPC(878)(+M)">
<rate A=" 1.00000000E+000" B=" 0.00000000E+000" E=" 0.00000000E+000"/>
<auxiliary keyword="TCHEB">
<data> 3.00000000E+002</data>
<data> 2.10000000E+003</data>
</auxiliary>
<auxiliary keyword="PCHEB">
<data> 9.86923267E-003</data>
<data> 9.86923267E+001</data>
</auxiliary>
<auxiliary keyword="CHEB">
<data>     4</data>
<data>     4</data>
</auxiliary>
<auxiliary keyword="CHEB">
<data> 8.18010000E-001</data>
<data>-3.72090000E-001</data>
<data>-1.61120000E-001</data>
<data>-2.94310000E-002</data>
</auxiliary>
<auxiliary keyword="CHEB">
<data> 8.14100000E+000</data>
<data> 4.63120000E-001</data>
<data> 1.82090000E-001</data>
<data> 2.10910000E-002</data>
</auxiliary>
<auxiliary keyword="CHEB">
<data> 1.17440000E-001</data>
<data>-5.05360000E-002</data>
<data> 6.65500000E-003</data>
<data> 1.91940000E-002</data>
</auxiliary>
<auxiliary keyword="CHEB">
<data> 2.58400000E-002</data>
<data>-4.42010000E-002</data>
<data>-2.63930000E-002</data>
<data>-8.15990000E-003</data>
</auxiliary>
</reaction>
<reaction formula="tSPC(346)+tSPC(54)(+M)=tSPC(878)+iC4H7(+M)">
<rate A=" 1.00000000E+000" B=" 0.00000000E+000" E=" 0.00000000E+000"/>
<auxiliary keyword="TCHEB">
<data> 3.00000000E+002</data>
<data> 2.10000000E+003</data>
</auxiliary>
<auxiliary keyword="PCHEB">
<data> 9.86923267E-003</data>
<data> 9.86923267E+001</data>
</auxiliary>
<auxiliary keyword="CHEB">
<data>     4</data>
<data>     4</data>
</auxiliary>
<auxiliary keyword="CHEB">
<data> 1.01770000E+001</data>
<data>-1.36910000E+000</data>
<data>-4.47890000E-002</data>
<data>-1.04100000E-004</data>
</auxiliary>
<auxiliary keyword="CHEB">
<data> 3.92740000E+000</data>
<data> 1.07340000E+000</data>
<data>-6.34510000E-002</data>
<data>-9.27520000E-003</data>
</auxiliary>
<auxiliary keyword="CHEB">
<data> 1.56150000E-001</data>
<data> 4.52400000E-001</data>
<data> 4.41690000E-002</data>
<data>-7.90360000E-003</data>
</auxiliary>
<auxiliary keyword="CHEB">
<data>-3.66910000E-001</data>
<data>-2.26210000E-002</data>
<data> 6.69810000E-002</data>
<data> 3.97280000E-003</data>
</auxiliary>
</reaction>
<reaction formula="tSPC(346)+tSPC(122)(+M)=tSPC(878)+tSPC(77)(+M)">
<rate A=" 1.00000000E+000" B=" 0.00000000E+000" E=" 0.00000000E+000"/>
<auxiliary keyword="TCHEB">
<data> 3.00000000E+002</data>
<data> 2.10000000E+003</data>
</auxiliary>
<auxiliary keyword="PCHEB">
<data> 9.86923267E-003</data>
<data> 9.86923267E+001</data>
</auxiliary>
<auxiliary keyword="CHEB">
<data>     4</data>
<data>     4</data>
</auxiliary>
<auxiliary keyword="CHEB">
<data> 9.10030000E+000</data>
<data>-1.40610000E+000</data>
<data>-4.53440000E-002</data>
<data>-1.59960000E-003</data>
</auxiliary>
<auxiliary keyword="CHEB">
<data> 5.05540000E+000</data>
<data> 1.01880000E+000</data>
<data>-7.53690000E-002</data>
<data>-9.74040000E-003</data>
</auxiliary>
<auxiliary keyword="CHEB">
<data> 2.10370000E-002</data>
<data> 4.81420000E-001</data>
<data> 3.30900000E-002</data>
<data>-8.49240000E-003</data>
</auxiliary>
<auxiliary keyword="CHEB">
<data>-3.49870000E-001</data>
<data> 2.82870000E-002</data>
<data> 7.03920000E-002</data>
<data> 1.96170000E-003</data>
</auxiliary>
</reaction>
<reaction formula="tSPC(346)+OH(+M)=CO+C2H4O(+M)">
<rate A=" 1.00000000E+000" B=" 0.00000000E+000" E=" 0.00000000E+000"/>
<auxiliary keyword="TCHEB">
<data> 3.00000000E+002</data>
<data> 2.10000000E+003</data>
</auxiliary>
<auxiliary keyword="PCHEB">
<data> 9.86923267E-003</data>
<data> 9.86923267E+001</data>
</auxiliary>
<auxiliary keyword="CHEB">
<data>     4</data>
<data>     4</data>
</auxiliary>
<auxiliary keyword="CHEB">
<data> 1.19300000E+001</data>
<data>-1.17260000E+000</data>
<data>-1.11050000E-001</data>
<data> 1.46310000E-002</data>
</auxiliary>
<auxiliary keyword="CHEB">
<data> 1.42400000E+000</data>
<data> 1.05410000E+000</data>
<data>-5.94980000E-003</data>
<data>-3.03100000E-002</data>
</auxiliary>
<auxiliary keyword="CHEB">
<data> 9.69910000E-002</data>
<data> 2.54380000E-001</data>
<data> 9.73530000E-002</data>
<data>-6.66840000E-003</data>
</auxiliary>
<auxiliary keyword="CHEB">
<data>-8.39450000E-002</data>
<data>-6.72390000E-002</data>
<data> 4.20270000E-002</data>
<data> 1.75410000E-002</data>
</auxiliary>
</reaction>
<reaction formula="tSPC(346)+tSPC(97)(+M)=tSPC(878)+HOC[CH2][CH3]2(+M)">
<rate A=" 1.00000000E+000" B=" 0.00000000E+000" E=" 0.00000000E+000"/>
<auxiliary keyword="TCHEB">
<data> 3.00000000E+002</data>
<data> 2.10000000E+003</data>
</auxiliary>
<auxiliary keyword="PCHEB">
<data> 9.86923267E-003</data>
<data> 9.86923267E+001</data>
</auxiliary>
<auxiliary keyword="CHEB">
<data>     4</data>
<data>     4</data>
</auxiliary>
<auxiliary keyword="CHEB">
<data> 5.94530000E+000</data>
<data>-1.39830000E+000</data>
<data>-4.01600000E-002</data>
<data>-1.39520000E-003</data>
</auxiliary>
<auxiliary keyword="CHEB">
<data> 8.00710000E+000</data>
<data> 1.04120000E+000</data>
<data>-6.76400000E-002</data>
<data>-8.67100000E-003</data>
</auxiliary>
<auxiliary keyword="CHEB">
<data> 2.69550000E-001</data>
<data> 4.89190000E-001</data>
<data> 3.36330000E-002</data>
<data>-6.68750000E-003</data>
</auxiliary>
<auxiliary keyword="CHEB">
<data>-6.49840000E-001</data>
<data> 1.75230000E-002</data>
<data> 6.80480000E-002</data>
<data> 2.79790000E-003</data>
</auxiliary>
</reaction>
<reaction formula="tSPC(346)+CH3(+M)=sC3H5+HCO(+M)">
<rate A=" 1.00000000E+000" B=" 0.00000000E+000" E=" 0.00000000E+000"/>
<auxiliary keyword="TCHEB">
<data> 3.00000000E+002</data>
<data> 2.10000000E+003</data>
</auxiliary>
<auxiliary keyword="PCHEB">
<data> 9.86923267E-003</data>
<data> 9.86923267E+001</data>
</auxiliary>
<auxiliary keyword="CHEB">
<data>     4</data>
<data>     4</data>
</auxiliary>
<auxiliary keyword="CHEB">
<data> 8.45490000E+000</data>
<data>-1.31460000E+000</data>
<data>-6.62360000E-002</data>
<data> 6.17620000E-003</data>
</auxiliary>
<auxiliary keyword="CHEB">
<data> 4.94110000E+000</data>
<data> 1.06260000E+000</data>
<data>-5.09960000E-002</data>
<data>-1.24550000E-002</data>
</auxiliary>
<auxiliary keyword="CHEB">
<data> 1.58990000E-001</data>
<data> 3.83160000E-001</data>
<data> 6.99270000E-002</data>
<data>-1.07700000E-002</data>
</auxiliary>
<auxiliary keyword="CHEB">
<data>-1.67220000E-001</data>
<data>-2.35360000E-002</data>
<data> 6.18020000E-002</data>
<data> 7.19660000E-003</data>
</auxiliary>
</reaction>
<reaction formula="tSPC(346)+sSPC(1697)(+M)=tSPC(878)+CH3(+M)">
<rate A=" 1.00000000E+000" B=" 0.00000000E+000" E=" 0.00000000E+000"/>
<auxiliary keyword="TCHEB">
<data> 3.00000000E+002</data>
<data> 2.10000000E+003</data>
</auxiliary>
<auxiliary keyword="PCHEB">
<data> 9.86923267E-003</data>
<data> 9.86923267E+001</data>
</auxiliary>
<auxiliary keyword="CHEB">
<data>     4</data>
<data>     4</data>
</auxiliary>
<auxiliary keyword="CHEB">
<data> 8.46070000E+000</data>
<data>-1.24930000E+000</data>
<data>-5.58950000E-002</data>
<data> 2.35530000E-003</data>
</auxiliary>
<auxiliary keyword="CHEB">
<data> 5.01620000E+000</data>
<data> 1.16240000E+000</data>
<data>-3.34090000E-002</data>
<data>-9.85980000E-003</data>
</auxiliary>
<auxiliary keyword="CHEB">
<data> 1.75790000E-001</data>
<data> 3.07960000E-001</data>
<data> 7.37650000E-002</data>
<data>-4.24410000E-003</data>
</auxiliary>
<auxiliary keyword="CHEB">
<data>-3.48280000E-001</data>
<data>-1.29750000E-001</data>
<data> 4.79760000E-002</data>
<data> 9.32940000E-003</data>
</auxiliary>
</reaction>
<reaction formula="tSPC(878)+CH3(+M)=O2+tSPC(110)(+M)">
<rate A=" 1.00000000E+000" B=" 0.00000000E+000" E=" 0.00000000E+000"/>
<auxiliary keyword="TCHEB">
<data> 3.00000000E+002</data>
<data> 2.10000000E+003</data>
</auxiliary>
<auxiliary keyword="PCHEB">
<data> 9.86923267E-003</data>
<data> 9.86923267E+001</data>
</auxiliary>
<auxiliary keyword="CHEB">
<data>     4</data>
<data>     4</data>
</auxiliary>
<auxiliary keyword="CHEB">
<data> 7.54910000E+000</data>
<data>-1.02880000E-001</data>
<data>-6.47270000E-002</data>
<data>-2.62670000E-002</data>
</auxiliary>
<auxiliary keyword="CHEB">
<data> 3.88960000E+000</data>
<data> 1.42440000E-001</data>
<data> 8.70370000E-002</data>
<data> 3.36750000E-002</data>
</auxiliary>
<auxiliary keyword="CHEB">
<data> 1.35300000E-001</data>
<data>-4.36500000E-002</data>
<data>-2.30070000E-002</data>
<data>-6.50970000E-003</data>
</auxiliary>
<auxiliary keyword="CHEB">
<data> 7.70490000E-002</data>
<data> 1.41330000E-004</data>
<data>-2.34600000E-003</data>
<data>-2.48200000E-003</data>
</auxiliary>
</reaction>
<reaction formula="H2CCCO+CH3(+M)=CO+sC3H5(+M)">
<rate A=" 1.00000000E+000" B=" 0.00000000E+000" E=" 0.00000000E+000"/>
<auxiliary keyword="TCHEB">
<data> 3.00000000E+002</data>
<data> 2.10000000E+003</data>
</auxiliary>
<auxiliary keyword="PCHEB">
<data> 9.86923267E-003</data>
<data> 9.86923267E+001</data>
</auxiliary>
<auxiliary keyword="CHEB">
<data>     4</data>
<data>     4</data>
</auxiliary>
<auxiliary keyword="CHEB">
<data> 1.00680000E+001</data>
<data>-1.38480000E-002</data>
<data>-1.00100000E-002</data>
<data>-4.90300000E-003</data>
</auxiliary>
<auxiliary keyword="CHEB">
<data> 2.73190000E+000</data>
<data> 1.88360000E-002</data>
<data> 1.35860000E-002</data>
<data> 6.63740000E-003</data>
</auxiliary>
<auxiliary keyword="CHEB">
<data> 5.21480000E-001</data>
<data>-4.64360000E-003</data>
<data>-3.30410000E-003</data>
<data>-1.58740000E-003</data>
</auxiliary>
<auxiliary keyword="CHEB">
<data> 1.97480000E-001</data>
<data>-7.42650000E-004</data>
<data>-5.62790000E-004</data>
<data>-2.90890000E-004</data>
</auxiliary>
</reaction>
<reaction formula="tSPC(1286)(+M)=O2+C3H3O-enone(+M)">
<rate A=" 1.00000000E+000" B=" 0.00000000E+000" E=" 0.00000000E+000"/>
<auxiliary keyword="TCHEB">
<data> 3.00000000E+002</data>
<data> 2.10000000E+003</data>
</auxiliary>
<auxiliary keyword="PCHEB">
<data> 9.86923267E-003</data>
<data> 9.86923267E+001</data>
</auxiliary>
<auxiliary keyword="CHEB">
<data>     4</data>
<data>     4</data>
</auxiliary>
<auxiliary keyword="CHEB">
<data> 2.92210000E+000</data>
<data> 9.04180000E-001</data>
<data>-9.52820000E-002</data>
<data> 3.65300000E-003</data>
</auxiliary>
<auxiliary keyword="CHEB">
<data> 5.92940000E+000</data>
<data> 9.92360000E-001</data>
<data> 2.18150000E-002</data>
<data>-1.89680000E-002</data>
</auxiliary>
<auxiliary keyword="CHEB">
<data>-7.53360000E-001</data>
<data> 1.72010000E-001</data>
<data> 5.89320000E-002</data>
<data> 4.99720000E-003</data>
</auxiliary>
<auxiliary keyword="CHEB">
<data>-1.89880000E-001</data>
<data>-6.27140000E-002</data>
<data> 1.04340000E-002</data>
<data> 7.16590000E-003</data>
</auxiliary>
</reaction>
<reaction formula="tSPC(1286)(+M)=H2CCCO+HO2(+M)">
<rate A=" 1.00000000E+000" B=" 0.00000000E+000" E=" 0.00000000E+000"/>
<auxiliary keyword="TCHEB">
<data> 3.00000000E+002</data>
<data> 2.10000000E+003</data>
</auxiliary>
<auxiliary keyword="PCHEB">
<data> 9.86923267E-003</data>
<data> 9.86923267E+001</data>
</auxiliary>
<auxiliary keyword="CHEB">
<data>     4</data>
<data>     4</data>
</auxiliary>
<auxiliary keyword="CHEB">
<data>-2.25780000E+001</data>
<data> 1.05700000E+000</data>
<data>-2.10420000E-001</data>
<data> 1.56020000E-002</data>
</auxiliary>
<auxiliary keyword="CHEB">
<data> 1.84140000E+001</data>
<data> 9.11610000E-001</data>
<data> 1.03260000E-001</data>
<data>-6.32370000E-002</data>
</auxiliary>
<auxiliary keyword="CHEB">
<data>-1.27530000E-003</data>
<data> 1.16890000E-001</data>
<data> 9.55350000E-002</data>
<data> 1.32520000E-002</data>
</auxiliary>
<auxiliary keyword="CHEB">
<data> 2.66290000E-002</data>
<data>-9.26300000E-002</data>
<data> 1.09510000E-002</data>
<data> 2.83420000E-002</data>
</auxiliary>
</reaction>
<reaction formula="tSPC(1286)(+M)=tSPC(1553)+O(+M)">
<rate A=" 1.00000000E+000" B=" 0.00000000E+000" E=" 0.00000000E+000"/>
<auxiliary keyword="TCHEB">
<data> 3.00000000E+002</data>
<data> 2.10000000E+003</data>
</auxiliary>
<auxiliary keyword="PCHEB">
<data> 9.86923267E-003</data>
<data> 9.86923267E+001</data>
</auxiliary>
<auxiliary keyword="CHEB">
<data>     4</data>
<data>     4</data>
</auxiliary>
<auxiliary keyword="CHEB">
<data>-8.04900000E+000</data>
<data> 1.95150000E+000</data>
<data>-3.37470000E-002</data>
<data>-1.57700000E-002</data>
</auxiliary>
<auxiliary keyword="CHEB">
<data> 1.32510000E+001</data>
<data> 6.32700000E-002</data>
<data> 4.36420000E-002</data>
<data> 2.01580000E-002</data>
</auxiliary>
<auxiliary keyword="CHEB">
<data>-3.02090000E-001</data>
<data>-1.29970000E-002</data>
<data>-8.41330000E-003</data>
<data>-3.54880000E-003</data>
</auxiliary>
<auxiliary keyword="CHEB">
<data> 5.62450000E-003</data>
<data>-3.92590000E-003</data>
<data>-3.00790000E-003</data>
<data>-1.57120000E-003</data>
</auxiliary>
</reaction>
<reaction formula="O2+C3H3O-enone(+M)=H2CCCO+HO2(+M)">
<rate A=" 1.00000000E+000" B=" 0.00000000E+000" E=" 0.00000000E+000"/>
<auxiliary keyword="TCHEB">
<data> 3.00000000E+002</data>
<data> 2.10000000E+003</data>
</auxiliary>
<auxiliary keyword="PCHEB">
<data> 9.86923267E-003</data>
<data> 9.86923267E+001</data>
</auxiliary>
<auxiliary keyword="CHEB">
<data>     4</data>
<data>     4</data>
</auxiliary>
<auxiliary keyword="CHEB">
<data>-1.00130000E+001</data>
<data>-9.17180000E-001</data>
<data>-2.06940000E-001</data>
<data> 1.45190000E-002</data>
</auxiliary>
<auxiliary keyword="CHEB">
<data> 1.20460000E+001</data>
<data> 9.19080000E-001</data>
<data> 1.13060000E-001</data>
<data>-6.00770000E-002</data>
</auxiliary>
<auxiliary keyword="CHEB">
<data> 3.35580000E-001</data>
<data> 9.50940000E-002</data>
<data> 9.52020000E-002</data>
<data> 1.71800000E-002</data>
</auxiliary>
<auxiliary keyword="CHEB">
<data> 2.70750000E-002</data>
<data>-9.99450000E-002</data>
<data> 4.85460000E-003</data>
<data> 2.74040000E-002</data>
</auxiliary>
</reaction>
<reaction formula="O2+C3H3O-enone(+M)=tSPC(1553)+O(+M)">
<rate A=" 1.00000000E+000" B=" 0.00000000E+000" E=" 0.00000000E+000"/>
<auxiliary keyword="TCHEB">
<data> 3.00000000E+002</data>
<data> 2.10000000E+003</data>
</auxiliary>
<auxiliary keyword="PCHEB">
<data> 9.86923267E-003</data>
<data> 9.86923267E+001</data>
</auxiliary>
<auxiliary keyword="CHEB">
<data>     4</data>
<data>     4</data>
</auxiliary>
<auxiliary keyword="CHEB">
<data> 3.91950000E+000</data>
<data>-4.38240000E-002</data>
<data>-3.05570000E-002</data>
<data>-1.43160000E-002</data>
</auxiliary>
<auxiliary keyword="CHEB">
<data> 7.06430000E+000</data>
<data> 5.89910000E-002</data>
<data> 4.08090000E-002</data>
<data> 1.89220000E-002</data>
</auxiliary>
<auxiliary keyword="CHEB">
<data> 1.15310000E-001</data>
<data>-1.41260000E-002</data>
<data>-9.28220000E-003</data>
<data>-4.00500000E-003</data>
</auxiliary>
<auxiliary keyword="CHEB">
<data> 5.32920000E-002</data>
<data>-2.83270000E-003</data>
<data>-2.25860000E-003</data>
<data>-1.22850000E-003</data>
</auxiliary>
</reaction>
<reaction formula="HO2+H2CCCO(+M)=tSPC(1553)+O(+M)">
<rate A=" 1.00000000E+000" B=" 0.00000000E+000" E=" 0.00000000E+000"/>
<auxiliary keyword="TCHEB">
<data> 3.00000000E+002</data>
<data> 2.10000000E+003</data>
</auxiliary>
<auxiliary keyword="PCHEB">
<data> 9.86923267E-003</data>
<data> 9.86923267E+001</data>
</auxiliary>
<auxiliary keyword="CHEB">
<data>     4</data>
<data>     4</data>
</auxiliary>
<auxiliary keyword="CHEB">
<data> 2.15320000E+001</data>
<data>-4.18470000E-002</data>
<data>-2.92110000E-002</data>
<data>-1.37050000E-002</data>
</auxiliary>
<auxiliary keyword="CHEB">
<data>-1.83340000E+000</data>
<data> 5.68980000E-002</data>
<data> 3.94170000E-002</data>
<data> 1.83110000E-002</data>
</auxiliary>
<auxiliary keyword="CHEB">
<data> 6.64890000E-001</data>
<data>-1.43740000E-002</data>
<data>-9.49530000E-003</data>
<data>-4.12860000E-003</data>
</auxiliary>
<auxiliary keyword="CHEB">
<data> 2.39360000E-001</data>
<data>-2.35580000E-003</data>
<data>-1.92580000E-003</data>
<data>-1.07250000E-003</data>
</auxiliary>
</reaction>
<reaction formula="C3H3O-enone+OH(+M)=C2H4O+CO(+M)">
<rate A=" 1.00000000E+000" B=" 0.00000000E+000" E=" 0.00000000E+000"/>
<auxiliary keyword="TCHEB">
<data> 3.00000000E+002</data>
<data> 2.10000000E+003</data>
</auxiliary>
<auxiliary keyword="PCHEB">
<data> 9.86923267E-003</data>
<data> 9.86923267E+001</data>
</auxiliary>
<auxiliary keyword="CHEB">
<data>     4</data>
<data>     4</data>
</auxiliary>
<auxiliary keyword="CHEB">
<data> 1.29610000E+001</data>
<data>-9.32620000E-005</data>
<data>-6.83480000E-005</data>
<data>-3.40250000E-005</data>
</auxiliary>
<auxiliary keyword="CHEB">
<data>-4.42690000E-002</data>
<data> 4.89700000E-005</data>
<data> 3.58870000E-005</data>
<data> 1.78640000E-005</data>
</auxiliary>
<auxiliary keyword="CHEB">
<data> 4.50630000E-002</data>
<data> 3.83180000E-006</data>
<data> 2.80850000E-006</data>
<data> 1.39830000E-006</data>
</auxiliary>
<auxiliary keyword="CHEB">
<data> 3.20520000E-002</data>
<data> 8.27090000E-007</data>
<data> 6.06190000E-007</data>
<data> 3.01800000E-007</data>
</auxiliary>
</reaction>
<reaction formula="C3H3O-enone+HO2(+M)=tSPC(1553)+OH(+M)">
<rate A=" 1.00000000E+000" B=" 0.00000000E+000" E=" 0.00000000E+000"/>
<auxiliary keyword="TCHEB">
<data> 3.00000000E+002</data>
<data> 2.10000000E+003</data>
</auxiliary>
<auxiliary keyword="PCHEB">
<data> 9.86923267E-003</data>
<data> 9.86923267E+001</data>
</auxiliary>
<auxiliary keyword="CHEB">
<data>     4</data>
<data>     4</data>
</auxiliary>
<auxiliary keyword="CHEB">
<data> 1.11130000E+001</data>
<data>-1.52570000E-003</data>
<data>-1.11730000E-003</data>
<data>-5.55720000E-004</data>
</auxiliary>
<auxiliary keyword="CHEB">
<data> 1.48460000E+000</data>
<data> 8.51220000E-004</data>
<data> 6.23030000E-004</data>
<data> 3.09700000E-004</data>
</auxiliary>
<auxiliary keyword="CHEB">
<data> 1.24050000E-001</data>
<data> 9.33410000E-005</data>
<data> 6.84460000E-005</data>
<data> 3.40970000E-005</data>
</auxiliary>
<auxiliary keyword="CHEB">
<data> 4.34780000E-002</data>
<data> 2.97660000E-005</data>
<data> 2.18170000E-005</data>
<data> 1.08630000E-005</data>
</auxiliary>
</reaction>
<reaction formula="C3H3O-enone+tSPC(54)(+M)=tSPC(1553)+C4H7OJ(79)(+M)">
<rate A=" 1.00000000E+000" B=" 0.00000000E+000" E=" 0.00000000E+000"/>
<auxiliary keyword="TCHEB">
<data> 3.00000000E+002</data>
<data> 2.10000000E+003</data>
</auxiliary>
<auxiliary keyword="PCHEB">
<data> 9.86923267E-003</data>
<data> 9.86923267E+001</data>
</auxiliary>
<auxiliary keyword="CHEB">
<data>     4</data>
<data>     4</data>
</auxiliary>
<auxiliary keyword="CHEB">
<data> 1.10370000E+001</data>
<data>-3.23630000E-004</data>
<data>-2.37140000E-004</data>
<data>-1.18040000E-004</data>
</auxiliary>
<auxiliary keyword="CHEB">
<data> 1.66010000E+000</data>
<data> 1.72850000E-004</data>
<data> 1.26650000E-004</data>
<data> 6.30300000E-005</data>
</auxiliary>
<auxiliary keyword="CHEB">
<data> 1.77830000E-001</data>
<data> 1.54630000E-005</data>
<data> 1.13350000E-005</data>
<data> 5.64400000E-006</data>
</auxiliary>
<auxiliary keyword="CHEB">
<data> 6.95820000E-002</data>
<data> 4.32830000E-006</data>
<data> 3.17230000E-006</data>
<data> 1.57940000E-006</data>
</auxiliary>
</reaction>
<reaction formula="C3H3O-enone+OH(+M)=tSPC(1553)+H(+M)">
<rate A=" 1.00000000E+000" B=" 0.00000000E+000" E=" 0.00000000E+000"/>
<auxiliary keyword="TCHEB">
<data> 3.00000000E+002</data>
<data> 2.10000000E+003</data>
</auxiliary>
<auxiliary keyword="PCHEB">
<data> 9.86923267E-003</data>
<data> 9.86923267E+001</data>
</auxiliary>
<auxiliary keyword="CHEB">
<data>     4</data>
<data>     4</data>
</auxiliary>
<auxiliary keyword="CHEB">
<data> 6.58590000E+000</data>
<data>-8.82100000E-001</data>
<data>-1.53260000E-001</data>
<data> 8.75400000E-003</data>
</auxiliary>
<auxiliary keyword="CHEB">
<data> 3.48850000E+000</data>
<data> 9.59990000E-001</data>
<data> 9.20910000E-002</data>
<data>-3.34980000E-002</data>
</auxiliary>
<auxiliary keyword="CHEB">
<data>-7.90540000E-002</data>
<data> 4.26570000E-002</data>
<data> 9.01760000E-002</data>
<data> 1.49790000E-002</data>
</auxiliary>
<auxiliary keyword="CHEB">
<data>-5.03690000E-002</data>
<data>-1.04550000E-001</data>
<data>-1.06490000E-002</data>
<data> 1.55820000E-002</data>
</auxiliary>
</reaction>
<reaction formula="C3H3O-enone+sSPC(1697)(+M)=tSPC(1553)+CH3O(+M)">
<rate A=" 1.00000000E+000" B=" 0.00000000E+000" E=" 0.00000000E+000"/>
<auxiliary keyword="TCHEB">
<data> 3.00000000E+002</data>
<data> 2.10000000E+003</data>
</auxiliary>
<auxiliary keyword="PCHEB">
<data> 9.86923267E-003</data>
<data> 9.86923267E+001</data>
</auxiliary>
<auxiliary keyword="CHEB">
<data>     4</data>
<data>     4</data>
</auxiliary>
<auxiliary keyword="CHEB">
<data> 1.10690000E+001</data>
<data>-6.24660000E-004</data>
<data>-4.57660000E-004</data>
<data>-2.27760000E-004</data>
</auxiliary>
<auxiliary keyword="CHEB">
<data> 1.62480000E+000</data>
<data> 3.40020000E-004</data>
<data> 2.49060000E-004</data>
<data> 1.23920000E-004</data>
</auxiliary>
<auxiliary keyword="CHEB">
<data> 1.70920000E-001</data>
<data> 3.38760000E-005</data>
<data> 2.48340000E-005</data>
<data> 1.23670000E-005</data>
</auxiliary>
<auxiliary keyword="CHEB">
<data> 6.47390000E-002</data>
<data> 1.05390000E-005</data>
<data> 7.72440000E-006</data>
<data> 3.84570000E-006</data>
</auxiliary>
</reaction>
<reaction formula="tSPC(1416)(+M)=C3H3O-enone+HO2(+M)">
<rate A=" 1.00000000E+000" B=" 0.00000000E+000" E=" 0.00000000E+000"/>
<auxiliary keyword="TCHEB">
<data> 3.00000000E+002</data>
<data> 2.10000000E+003</data>
</auxiliary>
<auxiliary keyword="PCHEB">
<data> 9.86923267E-003</data>
<data> 9.86923267E+001</data>
</auxiliary>
<auxiliary keyword="CHEB">
<data>     4</data>
<data>     4</data>
</auxiliary>
<auxiliary keyword="CHEB">
<data>-1.82310000E+001</data>
<data> 1.95780000E+000</data>
<data>-2.96650000E-002</data>
<data>-1.40460000E-002</data>
</auxiliary>
<auxiliary keyword="CHEB">
<data> 2.14800000E+001</data>
<data> 5.48790000E-002</data>
<data> 3.83810000E-002</data>
<data> 1.80460000E-002</data>
</auxiliary>
<auxiliary keyword="CHEB">
<data>-5.62160000E-001</data>
<data>-8.67720000E-003</data>
<data>-5.74450000E-003</data>
<data>-2.50560000E-003</data>
</auxiliary>
<auxiliary keyword="CHEB">
<data>-6.76930000E-002</data>
<data>-5.72560000E-003</data>
<data>-4.16570000E-003</data>
<data>-2.05560000E-003</data>
</auxiliary>
</reaction>
<reaction formula="tSPC(1416)(+M)=tSPC(1553)+OH(+M)">
<rate A=" 1.00000000E+000" B=" 0.00000000E+000" E=" 0.00000000E+000"/>
<auxiliary keyword="TCHEB">
<data> 3.00000000E+002</data>
<data> 2.10000000E+003</data>
</auxiliary>
<auxiliary keyword="PCHEB">
<data> 9.86923267E-003</data>
<data> 9.86923267E+001</data>
</auxiliary>
<auxiliary keyword="CHEB">
<data>     4</data>
<data>     4</data>
</auxiliary>
<auxiliary keyword="CHEB">
<data>-2.28470000E+000</data>
<data> 6.45220000E-001</data>
<data>-4.90670000E-002</data>
<data> 9.77390000E-004</data>
</auxiliary>
<auxiliary keyword="CHEB">
<data> 1.11890000E+001</data>
<data> 9.80670000E-001</data>
<data>-3.50960000E-002</data>
<data>-9.46830000E-003</data>
</auxiliary>
<auxiliary keyword="CHEB">
<data>-1.03440000E+000</data>
<data> 3.59090000E-001</data>
<data> 3.76010000E-002</data>
<data>-2.20730000E-003</data>
</auxiliary>
<auxiliary keyword="CHEB">
<data>-4.21610000E-001</data>
<data> 7.04770000E-004</data>
<data> 3.09290000E-002</data>
<data> 5.19380000E-003</data>
</auxiliary>
</reaction>
<reaction formula="tSPC(1416)(+M)=tSPC(1286)+H(+M)">
<rate A=" 1.00000000E+000" B=" 0.00000000E+000" E=" 0.00000000E+000"/>
<auxiliary keyword="TCHEB">
<data> 3.00000000E+002</data>
<data> 2.10000000E+003</data>
</auxiliary>
<auxiliary keyword="PCHEB">
<data> 9.86923267E-003</data>
<data> 9.86923267E+001</data>
</auxiliary>
<auxiliary keyword="CHEB">
<data>     4</data>
<data>     4</data>
</auxiliary>
<auxiliary keyword="CHEB">
<data>-3.05520000E+001</data>
<data> 1.99700000E+000</data>
<data>-2.21310000E-003</data>
<data>-1.09840000E-003</data>
</auxiliary>
<auxiliary keyword="CHEB">
<data> 2.91130000E+001</data>
<data> 3.93030000E-003</data>
<data> 2.87190000E-003</data>
<data> 1.42480000E-003</data>
</auxiliary>
<auxiliary keyword="CHEB">
<data>-4.21020000E-001</data>
<data>-6.87410000E-004</data>
<data>-5.00590000E-004</data>
<data>-2.47360000E-004</data>
</auxiliary>
<auxiliary keyword="CHEB">
<data>-3.56760000E-002</data>
<data>-3.23920000E-004</data>
<data>-2.37540000E-004</data>
<data>-1.18340000E-004</data>
</auxiliary>
</reaction>
<reaction formula="C3H3O-enone+HO2(+M)=tSPC(1286)+H(+M)">
<rate A=" 1.00000000E+000" B=" 0.00000000E+000" E=" 0.00000000E+000"/>
<auxiliary keyword="TCHEB">
<data> 3.00000000E+002</data>
<data> 2.10000000E+003</data>
</auxiliary>
<auxiliary keyword="PCHEB">
<data> 9.86923267E-003</data>
<data> 9.86923267E+001</data>
</auxiliary>
<auxiliary keyword="CHEB">
<data>     4</data>
<data>     4</data>
</auxiliary>
<auxiliary keyword="CHEB">
<data>-1.92880000E+000</data>
<data>-2.62990000E-003</data>
<data>-1.92250000E-003</data>
<data>-9.54310000E-004</data>
</auxiliary>
<auxiliary keyword="CHEB">
<data> 9.00000000E+000</data>
<data> 3.61160000E-003</data>
<data> 2.63930000E-003</data>
<data> 1.30950000E-003</data>
</auxiliary>
<auxiliary keyword="CHEB">
<data> 6.03560000E-001</data>
<data>-9.16990000E-004</data>
<data>-6.68630000E-004</data>
<data>-3.30880000E-004</data>
</auxiliary>
<auxiliary keyword="CHEB">
<data> 1.73420000E-001</data>
<data>-1.54510000E-004</data>
<data>-1.13830000E-004</data>
<data>-5.70090000E-005</data>
</auxiliary>
</reaction>
<reaction formula="tSPC(1553)+OH(+M)=tSPC(1286)+H(+M)">
<rate A=" 1.00000000E+000" B=" 0.00000000E+000" E=" 0.00000000E+000"/>
<auxiliary keyword="TCHEB">
<data> 3.00000000E+002</data>
<data> 2.10000000E+003</data>
</auxiliary>
<auxiliary keyword="PCHEB">
<data> 9.86923267E-003</data>
<data> 9.86923267E+001</data>
</auxiliary>
<auxiliary keyword="CHEB">
<data>     4</data>
<data>     4</data>
</auxiliary>
<auxiliary keyword="CHEB">
<data>-1.08830000E+001</data>
<data>-2.91900000E-003</data>
<data>-2.13380000E-003</data>
<data>-1.05910000E-003</data>
</auxiliary>
<auxiliary keyword="CHEB">
<data> 1.78350000E+001</data>
<data> 3.86330000E-003</data>
<data> 2.82300000E-003</data>
<data> 1.40060000E-003</data>
</auxiliary>
<auxiliary keyword="CHEB">
<data> 1.94190000E-001</data>
<data>-7.65350000E-004</data>
<data>-5.57630000E-004</data>
<data>-2.75700000E-004</data>
</auxiliary>
<auxiliary keyword="CHEB">
<data> 8.19100000E-002</data>
<data>-2.89300000E-004</data>
<data>-2.12270000E-004</data>
<data>-1.05820000E-004</data>
</auxiliary>
</reaction>
<reaction formula="C3H3O-enone+tSPC(54)(+M)=tSPC(1286)+iC4H7(+M)">
<rate A=" 1.00000000E+000" B=" 0.00000000E+000" E=" 0.00000000E+000"/>
<auxiliary keyword="TCHEB">
<data> 3.00000000E+002</data>
<data> 2.10000000E+003</data>
</auxiliary>
<auxiliary keyword="PCHEB">
<data> 9.86923267E-003</data>
<data> 9.86923267E+001</data>
</auxiliary>
<auxiliary keyword="CHEB">
<data>     4</data>
<data>     4</data>
</auxiliary>
<auxiliary keyword="CHEB">
<data> 7.03560000E+000</data>
<data>-3.15130000E-001</data>
<data>-1.41240000E-001</data>
<data>-2.90000000E-002</data>
</auxiliary>
<auxiliary keyword="CHEB">
<data> 4.21810000E+000</data>
<data> 4.34150000E-001</data>
<data> 1.78960000E-001</data>
<data> 2.65500000E-002</data>
</auxiliary>
<auxiliary keyword="CHEB">
<data> 6.91840000E-001</data>
<data>-1.07930000E-001</data>
<data>-1.99380000E-002</data>
<data> 1.36610000E-002</data>
</auxiliary>
<auxiliary keyword="CHEB">
<data> 2.36910000E-001</data>
<data>-2.74100000E-002</data>
<data>-2.69670000E-002</data>
<data>-1.37200000E-002</data>
</auxiliary>
</reaction>
<reaction formula="tSPC(1286)+iC4H7(+M)=C4H7OJ(79)+tSPC(1553)(+M)">
<rate A=" 1.00000000E+000" B=" 0.00000000E+000" E=" 0.00000000E+000"/>
<auxiliary keyword="TCHEB">
<data> 3.00000000E+002</data>
<data> 2.10000000E+003</data>
</auxiliary>
<auxiliary keyword="PCHEB">
<data> 9.86923267E-003</data>
<data> 9.86923267E+001</data>
</auxiliary>
<auxiliary keyword="CHEB">
<data>     4</data>
<data>     4</data>
</auxiliary>
<auxiliary keyword="CHEB">
<data> 1.28750000E+001</data>
<data>-6.31330000E-001</data>
<data>-1.70570000E-001</data>
<data>-9.52000000E-004</data>
</auxiliary>
<auxiliary keyword="CHEB">
<data> 1.10670000E+000</data>
<data> 7.99860000E-001</data>
<data> 1.66290000E-001</data>
<data>-2.57070000E-002</data>
</auxiliary>
<auxiliary keyword="CHEB">
<data> 6.88570000E-002</data>
<data>-1.11150000E-001</data>
<data> 4.43180000E-002</data>
<data> 3.31420000E-002</data>
</auxiliary>
<auxiliary keyword="CHEB">
<data> 4.12790000E-002</data>
<data>-8.01270000E-002</data>
<data>-4.20690000E-002</data>
<data>-5.58050000E-004</data>
</auxiliary>
</reaction>
<reaction formula="C3H3O-enone+tSPC(122)(+M)=tSPC(1286)+tSPC(77)(+M)">
<rate A=" 1.00000000E+000" B=" 0.00000000E+000" E=" 0.00000000E+000"/>
<auxiliary keyword="TCHEB">
<data> 3.00000000E+002</data>
<data> 2.10000000E+003</data>
</auxiliary>
<auxiliary keyword="PCHEB">
<data> 9.86923267E-003</data>
<data> 9.86923267E+001</data>
</auxiliary>
<auxiliary keyword="CHEB">
<data>     4</data>
<data>     4</data>
</auxiliary>
<auxiliary keyword="CHEB">
<data> 8.18090000E+000</data>
<data>-1.48770000E+000</data>
<data>-4.55250000E-002</data>
<data>-3.33210000E-003</data>
</auxiliary>
<auxiliary keyword="CHEB">
<data> 6.12090000E+000</data>
<data> 8.79040000E-001</data>
<data>-8.97310000E-002</data>
<data>-7.77690000E-003</data>
</auxiliary>
<auxiliary keyword="CHEB">
<data> 3.96340000E-001</data>
<data> 5.34590000E-001</data>
<data> 6.72100000E-003</data>
<data>-1.01560000E-002</data>
</auxiliary>
<auxiliary keyword="CHEB">
<data>-4.08500000E-001</data>
<data> 1.53450000E-001</data>
<data> 6.18140000E-002</data>
<data>-5.15180000E-003</data>
</auxiliary>
</reaction>
<reaction formula="C3H3O-enone+tSPC(97)(+M)=tSPC(1286)+HOC[CH2][CH3]2(+M)">
<rate A=" 1.00000000E+000" B=" 0.00000000E+000" E=" 0.00000000E+000"/>
<auxiliary keyword="TCHEB">
<data> 3.00000000E+002</data>
<data> 2.10000000E+003</data>
</auxiliary>
<auxiliary keyword="PCHEB">
<data> 9.86923267E-003</data>
<data> 9.86923267E+001</data>
</auxiliary>
<auxiliary keyword="CHEB">
<data>     4</data>
<data>     4</data>
</auxiliary>
<auxiliary keyword="CHEB">
<data> 4.87860000E+000</data>
<data>-1.53260000E+000</data>
<data>-4.18350000E-002</data>
<data>-2.77640000E-003</data>
</auxiliary>
<auxiliary keyword="CHEB">
<data> 9.18100000E+000</data>
<data> 7.90810000E-001</data>
<data>-8.45060000E-002</data>
<data>-4.92350000E-003</data>
</auxiliary>
<auxiliary keyword="CHEB">
<data> 7.75580000E-001</data>
<data> 5.51940000E-001</data>
<data>-6.77510000E-003</data>
<data>-9.39400000E-003</data>
</auxiliary>
<auxiliary keyword="CHEB">
<data>-6.64490000E-001</data>
<data> 2.25530000E-001</data>
<data> 4.58710000E-002</data>
<data>-7.49620000E-003</data>
</auxiliary>
</reaction>
<reaction formula="C3H3O-enone+CH3(+M)=CH3CO+C2H3(+M)">
<rate A=" 1.00000000E+000" B=" 0.00000000E+000" E=" 0.00000000E+000"/>
<auxiliary keyword="TCHEB">
<data> 3.00000000E+002</data>
<data> 2.10000000E+003</data>
</auxiliary>
<auxiliary keyword="PCHEB">
<data> 9.86923267E-003</data>
<data> 9.86923267E+001</data>
</auxiliary>
<auxiliary keyword="CHEB">
<data>     4</data>
<data>     4</data>
</auxiliary>
<auxiliary keyword="CHEB">
<data> 3.90340000E+000</data>
<data>-9.79710000E-001</data>
<data>-1.76960000E-001</data>
<data> 2.55720000E-002</data>
</auxiliary>
<auxiliary keyword="CHEB">
<data> 8.46810000E+000</data>
<data> 9.42920000E-001</data>
<data> 8.64990000E-002</data>
<data>-5.44470000E-002</data>
</auxiliary>
<auxiliary keyword="CHEB">
<data> 1.11500000E-001</data>
<data> 1.72390000E-001</data>
<data> 1.02740000E-001</data>
<data> 8.68880000E-003</data>
</auxiliary>
<auxiliary keyword="CHEB">
<data>-3.55210000E-002</data>
<data>-7.88930000E-002</data>
<data> 1.80060000E-002</data>
<data> 2.40520000E-002</data>
</auxiliary>
</reaction>
<reaction formula="C3H3O-enone+sSPC(1697)(+M)=tSPC(1286)+CH3(+M)">
<rate A=" 1.00000000E+000" B=" 0.00000000E+000" E=" 0.00000000E+000"/>
<auxiliary keyword="TCHEB">
<data> 3.00000000E+002</data>
<data> 2.10000000E+003</data>
</auxiliary>
<auxiliary keyword="PCHEB">
<data> 9.86923267E-003</data>
<data> 9.86923267E+001</data>
</auxiliary>
<auxiliary keyword="CHEB">
<data>     4</data>
<data>     4</data>
</auxiliary>
<auxiliary keyword="CHEB">
<data> 5.76840000E+000</data>
<data>-5.52140000E-002</data>
<data>-3.73360000E-002</data>
<data>-1.67980000E-002</data>
</auxiliary>
<auxiliary keyword="CHEB">
<data> 5.42690000E+000</data>
<data> 8.14560000E-002</data>
<data> 5.44360000E-002</data>
<data> 2.40960000E-002</data>
</auxiliary>
<auxiliary keyword="CHEB">
<data> 8.18380000E-001</data>
<data>-2.96540000E-002</data>
<data>-1.87170000E-002</data>
<data>-7.60120000E-003</data>
</auxiliary>
<auxiliary keyword="CHEB">
<data> 1.65190000E-001</data>
<data> 2.10470000E-003</data>
<data> 5.42810000E-004</data>
<data>-2.95760000E-004</data>
</auxiliary>
</reaction>
<reaction formula="tSPC(1286)+CH3(+M)=CH3O+tSPC(1553)(+M)">
<rate A=" 1.00000000E+000" B=" 0.00000000E+000" E=" 0.00000000E+000"/>
<auxiliary keyword="TCHEB">
<data> 3.00000000E+002</data>
<data> 2.10000000E+003</data>
</auxiliary>
<auxiliary keyword="PCHEB">
<data> 9.86923267E-003</data>
<data> 9.86923267E+001</data>
</auxiliary>
<auxiliary keyword="CHEB">
<data>     4</data>
<data>     4</data>
</auxiliary>
<auxiliary keyword="CHEB">
<data> 1.36900000E+001</data>
<data>-8.64890000E-002</data>
<data>-5.75290000E-002</data>
<data>-2.52930000E-002</data>
</auxiliary>
<auxiliary keyword="CHEB">
<data> 3.32030000E-001</data>
<data> 1.15610000E-001</data>
<data> 7.59680000E-002</data>
<data> 3.28180000E-002</data>
</auxiliary>
<auxiliary keyword="CHEB">
<data> 1.78420000E-001</data>
<data>-2.15300000E-002</data>
<data>-1.26730000E-002</data>
<data>-4.54710000E-003</data>
</auxiliary>
<auxiliary keyword="CHEB">
<data> 8.40220000E-002</data>
<data>-1.31260000E-002</data>
<data>-9.48340000E-003</data>
<data>-4.63410000E-003</data>
</auxiliary>
</reaction>
<reaction formula="C3H3O-enone+tSPC(878)(+M)=tSPC(1286)+tSPC(346)(+M)">
<rate A=" 1.00000000E+000" B=" 0.00000000E+000" E=" 0.00000000E+000"/>
<auxiliary keyword="TCHEB">
<data> 3.00000000E+002</data>
<data> 2.10000000E+003</data>
</auxiliary>
<auxiliary keyword="PCHEB">
<data> 9.86923267E-003</data>
<data> 9.86923267E+001</data>
</auxiliary>
<auxiliary keyword="CHEB">
<data>     4</data>
<data>     4</data>
</auxiliary>
<auxiliary keyword="CHEB">
<data> 8.16390000E+000</data>
<data>-1.43180000E+000</data>
<data>-3.76210000E-002</data>
<data>-8.21730000E-004</data>
</auxiliary>
<auxiliary keyword="CHEB">
<data> 6.14940000E+000</data>
<data> 9.78420000E-001</data>
<data>-6.60630000E-002</data>
<data>-6.11280000E-003</data>
</auxiliary>
<auxiliary keyword="CHEB">
<data> 4.34250000E-001</data>
<data> 5.21500000E-001</data>
<data> 2.60490000E-002</data>
<data>-6.89060000E-003</data>
</auxiliary>
<auxiliary keyword="CHEB">
<data>-5.17030000E-001</data>
<data> 8.72950000E-002</data>
<data> 6.17610000E-002</data>
<data>-1.15680000E-004</data>
</auxiliary>
</reaction>
<reaction formula="C3H3O-enone+H2O(+M)=C2H4O+HCO(+M)">
<rate A=" 1.00000000E+000" B=" 0.00000000E+000" E=" 0.00000000E+000"/>
<auxiliary keyword="TCHEB">
<data> 3.00000000E+002</data>
<data> 2.10000000E+003</data>
</auxiliary>
<auxiliary keyword="PCHEB">
<data> 9.86923267E-003</data>
<data> 9.86923267E+001</data>
</auxiliary>
<auxiliary keyword="CHEB">
<data>     4</data>
<data>     4</data>
</auxiliary>
<auxiliary keyword="CHEB">
<data>-8.49370000E+000</data>
<data>-1.05500000E-002</data>
<data>-7.60710000E-003</data>
<data>-3.71490000E-003</data>
</auxiliary>
<auxiliary keyword="CHEB">
<data> 1.41240000E+001</data>
<data> 1.56370000E-002</data>
<data> 1.12540000E-002</data>
<data> 5.48260000E-003</data>
</auxiliary>
<auxiliary keyword="CHEB">
<data> 8.30290000E-002</data>
<data>-5.85940000E-003</data>
<data>-4.18040000E-003</data>
<data>-2.01520000E-003</data>
</auxiliary>
<auxiliary keyword="CHEB">
<data> 5.20410000E-002</data>
<data> 5.38410000E-004</data>
<data> 3.59760000E-004</data>
<data> 1.58930000E-004</data>
</auxiliary>
</reaction>
<reaction formula="CH2O+C3H3O-enone(+M)=CH2CHO+CH2CO(+M)">
<rate A=" 1.00000000E+000" B=" 0.00000000E+000" E=" 0.00000000E+000"/>
<auxiliary keyword="TCHEB">
<data> 3.00000000E+002</data>
<data> 2.10000000E+003</data>
</auxiliary>
<auxiliary keyword="PCHEB">
<data> 9.86923267E-003</data>
<data> 9.86923267E+001</data>
</auxiliary>
<auxiliary keyword="CHEB">
<data>     4</data>
<data>     4</data>
</auxiliary>
<auxiliary keyword="CHEB">
<data>-1.09110000E+001</data>
<data>-7.41320000E-001</data>
<data>-1.83740000E-001</data>
<data> 6.29680000E-003</data>
</auxiliary>
<auxiliary keyword="CHEB">
<data> 1.74560000E+001</data>
<data> 8.22040000E-001</data>
<data> 1.49790000E-001</data>
<data>-3.48040000E-002</data>
</auxiliary>
<auxiliary keyword="CHEB">
<data> 6.48080000E-002</data>
<data> 2.45140000E-002</data>
<data> 6.56240000E-002</data>
<data> 2.38040000E-002</data>
</auxiliary>
<auxiliary keyword="CHEB">
<data>-1.38870000E-002</data>
<data>-1.02130000E-001</data>
<data>-1.98650000E-002</data>
<data> 1.09220000E-002</data>
</auxiliary>
</reaction>
<reaction formula="tSPC(1286)+OH(+M)=tSPC(1416)+O(+M)">
<rate A=" 1.00000000E+000" B=" 0.00000000E+000" E=" 0.00000000E+000"/>
<auxiliary keyword="TCHEB">
<data> 3.00000000E+002</data>
<data> 2.10000000E+003</data>
</auxiliary>
<auxiliary keyword="PCHEB">
<data> 9.86923267E-003</data>
<data> 9.86923267E+001</data>
</auxiliary>
<auxiliary keyword="CHEB">
<data>     4</data>
<data>     4</data>
</auxiliary>
<auxiliary keyword="CHEB">
<data>-7.86800000E+000</data>
<data>-9.24580000E-005</data>
<data>-6.77580000E-005</data>
<data>-3.37310000E-005</data>
</auxiliary>
<auxiliary keyword="CHEB">
<data> 1.50130000E+001</data>
<data> 4.85190000E-005</data>
<data> 3.55570000E-005</data>
<data> 1.77000000E-005</data>
</auxiliary>
<auxiliary keyword="CHEB">
<data> 1.68810000E-001</data>
<data> 3.77940000E-006</data>
<data> 2.77010000E-006</data>
<data> 1.37920000E-006</data>
</auxiliary>
<auxiliary keyword="CHEB">
<data> 6.70780000E-002</data>
<data> 8.06870000E-007</data>
<data> 5.91360000E-007</data>
<data> 2.94420000E-007</data>
</auxiliary>
</reaction>
<reaction formula="C3H3O-enone+tSPC(1286)(+M)=2tSPC(1553)(+M)">
<rate A=" 1.00000000E+000" B=" 0.00000000E+000" E=" 0.00000000E+000"/>
<auxiliary keyword="TCHEB">
<data> 3.00000000E+002</data>
<data> 2.10000000E+003</data>
</auxiliary>
<auxiliary keyword="PCHEB">
<data> 9.86923267E-003</data>
<data> 9.86923267E+001</data>
</auxiliary>
<auxiliary keyword="CHEB">
<data>     4</data>
<data>     4</data>
</auxiliary>
<auxiliary keyword="CHEB">
<data> 1.13410000E+001</data>
<data>-1.38330000E-003</data>
<data>-1.01310000E-003</data>
<data>-5.03960000E-004</data>
</auxiliary>
<auxiliary keyword="CHEB">
<data> 1.63910000E+000</data>
<data> 7.31330000E-004</data>
<data> 5.35350000E-004</data>
<data> 2.66150000E-004</data>
</auxiliary>
<auxiliary keyword="CHEB">
<data>-2.66710000E-002</data>
<data> 6.37990000E-005</data>
<data> 4.67930000E-005</data>
<data> 2.33160000E-005</data>
</auxiliary>
<auxiliary keyword="CHEB">
<data> 1.34870000E-001</data>
<data> 1.77590000E-005</data>
<data> 1.30180000E-005</data>
<data> 6.48200000E-006</data>
</auxiliary>
</reaction>
<reaction formula="tSPC(1553)+HO2(+M)=tSPC(1416)+O(+M)">
<rate A=" 1.00000000E+000" B=" 0.00000000E+000" E=" 0.00000000E+000"/>
<auxiliary keyword="TCHEB">
<data> 3.00000000E+002</data>
<data> 2.10000000E+003</data>
</auxiliary>
<auxiliary keyword="PCHEB">
<data> 9.86923267E-003</data>
<data> 9.86923267E+001</data>
</auxiliary>
<auxiliary keyword="CHEB">
<data>     4</data>
<data>     4</data>
</auxiliary>
<auxiliary keyword="CHEB">
<data> 5.23690000E-001</data>
<data>-2.39120000E-005</data>
<data>-1.75250000E-005</data>
<data>-8.72450000E-006</data>
</auxiliary>
<auxiliary keyword="CHEB">
<data> 9.15610000E+000</data>
<data> 1.25510000E-005</data>
<data> 9.19800000E-006</data>
<data> 4.57910000E-006</data>
</auxiliary>
<auxiliary keyword="CHEB">
<data> 2.58630000E-001</data>
<data> 9.76960000E-007</data>
<data> 7.16010000E-007</data>
<data> 3.56470000E-007</data>
</auxiliary>
<auxiliary keyword="CHEB">
<data> 9.31850000E-002</data>
<data> 2.08600000E-007</data>
<data> 1.52880000E-007</data>
<data> 7.61130000E-008</data>
</auxiliary>
</reaction>
<reaction formula="tSPC(1553)+iC4H7(+M)=C3H3O-enone+C4H7OJ(79)(+M)">
<rate A=" 1.00000000E+000" B=" 0.00000000E+000" E=" 0.00000000E+000"/>
<auxiliary keyword="TCHEB">
<data> 3.00000000E+002</data>
<data> 2.10000000E+003</data>
</auxiliary>
<auxiliary keyword="PCHEB">
<data> 9.86923267E-003</data>
<data> 9.86923267E+001</data>
</auxiliary>
<auxiliary keyword="CHEB">
<data>     4</data>
<data>     4</data>
</auxiliary>
<auxiliary keyword="CHEB">
<data> 3.62710000E+000</data>
<data>-6.52990000E-003</data>
<data>-4.76570000E-003</data>
<data>-2.36100000E-003</data>
</auxiliary>
<auxiliary keyword="CHEB">
<data> 7.55050000E+000</data>
<data> 5.24550000E-003</data>
<data> 3.82340000E-003</data>
<data> 1.89130000E-003</data>
</auxiliary>
<auxiliary keyword="CHEB">
<data> 1.02000000E-001</data>
<data> 1.55560000E-003</data>
<data> 1.13500000E-003</data>
<data> 5.62060000E-004</data>
</auxiliary>
<auxiliary keyword="CHEB">
<data> 3.62260000E-002</data>
<data>-1.23110000E-003</data>
<data>-8.93960000E-004</data>
<data>-4.40220000E-004</data>
</auxiliary>
</reaction>
<reaction formula="tSPC(1553)+CH3(+M)=C3H3O-enone+CH3O(+M)">
<rate A=" 1.00000000E+000" B=" 0.00000000E+000" E=" 0.00000000E+000"/>
<auxiliary keyword="TCHEB">
<data> 3.00000000E+002</data>
<data> 2.10000000E+003</data>
</auxiliary>
<auxiliary keyword="PCHEB">
<data> 9.86923267E-003</data>
<data> 9.86923267E+001</data>
</auxiliary>
<auxiliary keyword="CHEB">
<data>     4</data>
<data>     4</data>
</auxiliary>
<auxiliary keyword="CHEB">
<data> 7.99400000E+000</data>
<data>-2.18030000E-001</data>
<data>-1.11480000E-001</data>
<data>-3.19040000E-002</data>
</auxiliary>
<auxiliary keyword="CHEB">
<data> 3.74710000E+000</data>
<data> 2.92940000E-001</data>
<data> 1.39740000E-001</data>
<data> 3.35990000E-002</data>
</auxiliary>
<auxiliary keyword="CHEB">
<data> 3.32380000E-002</data>
<data>-7.28780000E-002</data>
<data>-2.06530000E-002</data>
<data> 4.31110000E-003</data>
</auxiliary>
<auxiliary keyword="CHEB">
<data> 4.20110000E-002</data>
<data>-9.54260000E-003</data>
<data>-1.25090000E-002</data>
<data>-7.89830000E-003</data>
</auxiliary>
</reaction>
<reaction formula="tSPC(1553)(+M)=CO2+C2H3(+M)">
<rate A=" 1.00000000E+000" B=" 0.00000000E+000" E=" 0.00000000E+000"/>
<auxiliary keyword="TCHEB">
<data> 3.00000000E+002</data>
<data> 2.10000000E+003</data>
</auxiliary>
<auxiliary keyword="PCHEB">
<data> 9.86923267E-003</data>
<data> 9.86923267E+001</data>
</auxiliary>
<auxiliary keyword="CHEB">
<data>     4</data>
<data>     4</data>
</auxiliary>
<auxiliary keyword="CHEB">
<data> 6.42560000E+000</data>
<data> 1.79480000E+000</data>
<data>-1.17360000E-001</data>
<data>-4.03100000E-002</data>
</auxiliary>
<auxiliary keyword="CHEB">
<data> 2.30160000E+000</data>
<data> 2.28890000E-001</data>
<data> 1.25210000E-001</data>
<data> 3.91620000E-002</data>
</auxiliary>
<auxiliary keyword="CHEB">
<data>-4.14050000E-001</data>
<data>-1.06160000E-002</data>
<data> 9.71580000E-004</data>
<data> 4.99370000E-003</data>
</auxiliary>
<auxiliary keyword="CHEB">
<data>-3.00670000E-002</data>
<data>-1.52820000E-002</data>
<data>-9.65180000E-003</data>
<data>-3.84330000E-003</data>
</auxiliary>
</reaction>
<reaction formula="tSPC(1553)(+M)=H2CCCO+OH(+M)">
<rate A=" 1.00000000E+000" B=" 0.00000000E+000" E=" 0.00000000E+000"/>
<auxiliary keyword="TCHEB">
<data> 3.00000000E+002</data>
<data> 2.10000000E+003</data>
</auxiliary>
<auxiliary keyword="PCHEB">
<data> 9.86923267E-003</data>
<data> 9.86923267E+001</data>
</auxiliary>
<auxiliary keyword="CHEB">
<data>     4</data>
<data>     4</data>
</auxiliary>
<auxiliary keyword="CHEB">
<data>-3.10950000E+001</data>
<data> 7.13480000E-001</data>
<data>-1.90450000E-001</data>
<data> 2.21320000E-002</data>
</auxiliary>
<auxiliary keyword="CHEB">
<data> 2.62780000E+001</data>
<data> 8.01370000E-001</data>
<data>-7.55770000E-002</data>
<data>-6.40460000E-002</data>
</auxiliary>
<auxiliary keyword="CHEB">
<data> 2.57370000E-001</data>
<data> 2.82010000E-001</data>
<data> 6.71980000E-002</data>
<data>-3.90910000E-002</data>
</auxiliary>
<auxiliary keyword="CHEB">
<data> 5.45480000E-002</data>
<data> 3.77890000E-002</data>
<data> 5.78460000E-002</data>
<data> 5.27470000E-003</data>
</auxiliary>
</reaction>
<reaction formula="tSPC(1553)(+M)=O+C3H3O-enone(+M)">
<rate A=" 1.00000000E+000" B=" 0.00000000E+000" E=" 0.00000000E+000"/>
<auxiliary keyword="TCHEB">
<data> 3.00000000E+002</data>
<data> 2.10000000E+003</data>
</auxiliary>
<auxiliary keyword="PCHEB">
<data> 9.86923267E-003</data>
<data> 9.86923267E+001</data>
</auxiliary>
<auxiliary keyword="CHEB">
<data>     4</data>
<data>     4</data>
</auxiliary>
<auxiliary keyword="CHEB">
<data>-3.01100000E+001</data>
<data> 1.99960000E+000</data>
<data>-2.26200000E-004</data>
<data>-1.02500000E-004</data>
</auxiliary>
<auxiliary keyword="CHEB">
<data> 2.99410000E+001</data>
<data> 1.77430000E-004</data>
<data> 1.25780000E-004</data>
<data> 6.63060000E-005</data>
</auxiliary>
<auxiliary keyword="CHEB">
<data> 4.50290000E-002</data>
<data>-7.28100000E-005</data>
<data>-6.35110000E-005</data>
<data>-3.44770000E-005</data>
</auxiliary>
<auxiliary keyword="CHEB">
<data> 5.99620000E-002</data>
<data>-1.63840000E-005</data>
<data>-1.52200000E-005</data>
<data>-9.33140000E-006</data>
</auxiliary>
</reaction>
<reaction formula="CO2+C2H3(+M)=H2CCCO+OH(+M)">
<rate A=" 1.00000000E+000" B=" 0.00000000E+000" E=" 0.00000000E+000"/>
<auxiliary keyword="TCHEB">
<data> 3.00000000E+002</data>
<data> 2.10000000E+003</data>
</auxiliary>
<auxiliary keyword="PCHEB">
<data> 9.86923267E-003</data>
<data> 9.86923267E+001</data>
</auxiliary>
<auxiliary keyword="CHEB">
<data>     4</data>
<data>     4</data>
</auxiliary>
<auxiliary keyword="CHEB">
<data>-2.65350000E+001</data>
<data>-1.28200000E+000</data>
<data>-1.89780000E-001</data>
<data> 2.21200000E-002</data>
</auxiliary>
<auxiliary keyword="CHEB">
<data> 2.55280000E+001</data>
<data> 8.07160000E-001</data>
<data>-7.34480000E-002</data>
<data>-6.43360000E-002</data>
</auxiliary>
<auxiliary keyword="CHEB">
<data> 3.57500000E-001</data>
<data> 2.82720000E-001</data>
<data> 6.90070000E-002</data>
<data>-3.84810000E-002</data>
</auxiliary>
<auxiliary keyword="CHEB">
<data> 4.61050000E-002</data>
<data> 3.65550000E-002</data>
<data> 5.84420000E-002</data>
<data> 6.14100000E-003</data>
</auxiliary>
</reaction>
<reaction formula="CO2+C2H3(+M)=O+C3H3O-enone(+M)">
<rate A=" 1.00000000E+000" B=" 0.00000000E+000" E=" 0.00000000E+000"/>
<auxiliary keyword="TCHEB">
<data> 3.00000000E+002</data>
<data> 2.10000000E+003</data>
</auxiliary>
<auxiliary keyword="PCHEB">
<data> 9.86923267E-003</data>
<data> 9.86923267E+001</data>
</auxiliary>
<auxiliary keyword="CHEB">
<data>     4</data>
<data>     4</data>
</auxiliary>
<auxiliary keyword="CHEB">
<data>-2.54640000E+001</data>
<data>-3.52370000E-004</data>
<data>-2.26110000E-004</data>
<data>-1.02460000E-004</data>
</auxiliary>
<auxiliary keyword="CHEB">
<data> 2.91590000E+001</data>
<data> 1.77310000E-004</data>
<data> 1.25610000E-004</data>
<data> 6.61930000E-005</data>
</auxiliary>
<auxiliary keyword="CHEB">
<data> 1.35520000E-001</data>
<data>-7.25550000E-005</data>
<data>-6.35030000E-005</data>
<data>-3.45660000E-005</data>
</auxiliary>
<auxiliary keyword="CHEB">
<data> 4.77560000E-002</data>
<data>-1.60240000E-005</data>
<data>-1.50790000E-005</data>
<data>-9.34210000E-006</data>
</auxiliary>
</reaction>
<reaction formula="H2CCCO+OH(+M)=O+C3H3O-enone(+M)">
<rate A=" 1.00000000E+000" B=" 0.00000000E+000" E=" 0.00000000E+000"/>
<auxiliary keyword="TCHEB">
<data> 3.00000000E+002</data>
<data> 2.10000000E+003</data>
</auxiliary>
<auxiliary keyword="PCHEB">
<data> 9.86923267E-003</data>
<data> 9.86923267E+001</data>
</auxiliary>
<auxiliary keyword="CHEB">
<data>     4</data>
<data>     4</data>
</auxiliary>
<auxiliary keyword="CHEB">
<data>-5.26640000E-001</data>
<data>-1.11220000E+000</data>
<data>-2.16140000E-001</data>
<data> 2.32740000E-002</data>
</auxiliary>
<auxiliary keyword="CHEB">
<data> 9.20110000E+000</data>
<data> 8.24440000E-001</data>
<data> 4.14460000E-003</data>
<data>-8.00880000E-002</data>
</auxiliary>
<auxiliary keyword="CHEB">
<data> 1.10750000E+000</data>
<data> 2.21970000E-001</data>
<data> 9.31050000E-002</data>
<data>-1.59440000E-002</data>
</auxiliary>
<auxiliary keyword="CHEB">
<data> 3.41030000E-001</data>
<data>-3.32910000E-003</data>
<data> 4.72320000E-002</data>
<data> 2.30550000E-002</data>
</auxiliary>
</reaction>
<reaction formula="tSPC(1553)+C2H3(+M)=C3H3O-enone+CH2CHO(+M)">
<rate A=" 1.00000000E+000" B=" 0.00000000E+000" E=" 0.00000000E+000"/>
<auxiliary keyword="TCHEB">
<data> 3.00000000E+002</data>
<data> 2.10000000E+003</data>
</auxiliary>
<auxiliary keyword="PCHEB">
<data> 9.86923267E-003</data>
<data> 9.86923267E+001</data>
</auxiliary>
<auxiliary keyword="CHEB">
<data>     4</data>
<data>     4</data>
</auxiliary>
<auxiliary keyword="CHEB">
<data> 1.18290000E+001</data>
<data>-8.22950000E-006</data>
<data>-6.03130000E-006</data>
<data>-3.00260000E-006</data>
</auxiliary>
<auxiliary keyword="CHEB">
<data> 1.31860000E+000</data>
<data> 4.38960000E-006</data>
<data> 3.21710000E-006</data>
<data> 1.60160000E-006</data>
</auxiliary>
<auxiliary keyword="CHEB">
<data> 2.01520000E-001</data>
<data> 3.86810000E-007</data>
<data> 2.83490000E-007</data>
<data> 1.41130000E-007</data>
</auxiliary>
<auxiliary keyword="CHEB">
<data> 7.74790000E-002</data>
<data> 1.07250000E-007</data>
<data> 7.86050000E-008</data>
<data> 3.91330000E-008</data>
</auxiliary>
</reaction>
<reaction formula="C2H3+HO2(+M)=CH2CHO+OH(+M)">
<rate A=" 1.00000000E+000" B=" 0.00000000E+000" E=" 0.00000000E+000"/>
<auxiliary keyword="TCHEB">
<data> 3.00000000E+002</data>
<data> 2.10000000E+003</data>
</auxiliary>
<auxiliary keyword="PCHEB">
<data> 9.86923267E-003</data>
<data> 9.86923267E+001</data>
</auxiliary>
<auxiliary keyword="CHEB">
<data>     4</data>
<data>     4</data>
</auxiliary>
<auxiliary keyword="CHEB">
<data> 1.31790000E+001</data>
<data>-2.42090000E-006</data>
<data>-1.77430000E-006</data>
<data>-8.83310000E-007</data>
</auxiliary>
<auxiliary keyword="CHEB">
<data> 6.31260000E-001</data>
<data> 2.93430000E-006</data>
<data> 2.15050000E-006</data>
<data> 1.07060000E-006</data>
</auxiliary>
<auxiliary keyword="CHEB">
<data> 2.05250000E-001</data>
<data>-5.66520000E-007</data>
<data>-4.15200000E-007</data>
<data>-2.06700000E-007</data>
</auxiliary>
<auxiliary keyword="CHEB">
<data> 7.55850000E-002</data>
<data>-1.74400000E-007</data>
<data>-1.27820000E-007</data>
<data>-6.36330000E-008</data>
</auxiliary>
</reaction>
<reaction formula="C2H3+tSPC(54)(+M)=C4H7OJ(79)+CH2CHO(+M)">
<rate A=" 1.00000000E+000" B=" 0.00000000E+000" E=" 0.00000000E+000"/>
<auxiliary keyword="TCHEB">
<data> 3.00000000E+002</data>
<data> 2.10000000E+003</data>
</auxiliary>
<auxiliary keyword="PCHEB">
<data> 9.86923267E-003</data>
<data> 9.86923267E+001</data>
</auxiliary>
<auxiliary keyword="CHEB">
<data>     4</data>
<data>     4</data>
</auxiliary>
<auxiliary keyword="CHEB">
<data> 1.34620000E+001</data>
<data>-1.91500000E-005</data>
<data>-1.40350000E-005</data>
<data>-6.98690000E-006</data>
</auxiliary>
<auxiliary keyword="CHEB">
<data> 5.11660000E-001</data>
<data> 1.51750000E-005</data>
<data> 1.11210000E-005</data>
<data> 5.53650000E-006</data>
</auxiliary>
<auxiliary keyword="CHEB">
<data> 2.43870000E-001</data>
<data>-5.13330000E-006</data>
<data>-3.76200000E-006</data>
<data>-1.87280000E-006</data>
</auxiliary>
<auxiliary keyword="CHEB">
<data> 9.18360000E-002</data>
<data> 3.57580000E-006</data>
<data> 2.62060000E-006</data>
<data> 1.30460000E-006</data>
</auxiliary>
</reaction>
<reaction formula="C2H3+HOC[CH2][CH3]2(+M)=iC4H8+C2H4O(+M)">
<rate A=" 1.00000000E+000" B=" 0.00000000E+000" E=" 0.00000000E+000"/>
<auxiliary keyword="TCHEB">
<data> 3.00000000E+002</data>
<data> 2.10000000E+003</data>
</auxiliary>
<auxiliary keyword="PCHEB">
<data> 9.86923267E-003</data>
<data> 9.86923267E+001</data>
</auxiliary>
<auxiliary keyword="CHEB">
<data>     4</data>
<data>     4</data>
</auxiliary>
<auxiliary keyword="CHEB">
<data> 1.07150000E+001</data>
<data>-1.44650000E+000</data>
<data>-6.71290000E-002</data>
<data>-1.05500000E-003</data>
</auxiliary>
<auxiliary keyword="CHEB">
<data> 2.76910000E+000</data>
<data> 9.31060000E-001</data>
<data>-1.07520000E-001</data>
<data>-1.33510000E-002</data>
</auxiliary>
<auxiliary keyword="CHEB">
<data> 3.91330000E-001</data>
<data> 4.80540000E-001</data>
<data> 2.81470000E-002</data>
<data>-2.03240000E-002</data>
</auxiliary>
<auxiliary keyword="CHEB">
<data>-1.07650000E-001</data>
<data> 8.23730000E-002</data>
<data> 7.88070000E-002</data>
<data>-6.21120000E-003</data>
</auxiliary>
</reaction>
<reaction formula="C2H3+tSPC(439)(+M)=C4H8O2(62)+C2H4O(+M)">
<rate A=" 1.00000000E+000" B=" 0.00000000E+000" E=" 0.00000000E+000"/>
<auxiliary keyword="TCHEB">
<data> 3.00000000E+002</data>
<data> 2.10000000E+003</data>
</auxiliary>
<auxiliary keyword="PCHEB">
<data> 9.86923267E-003</data>
<data> 9.86923267E+001</data>
</auxiliary>
<auxiliary keyword="CHEB">
<data>     4</data>
<data>     4</data>
</auxiliary>
<auxiliary keyword="CHEB">
<data> 1.06010000E+001</data>
<data>-1.46360000E+000</data>
<data>-6.22220000E-002</data>
<data>-3.04590000E-003</data>
</auxiliary>
<auxiliary keyword="CHEB">
<data> 3.06540000E+000</data>
<data> 9.14150000E-001</data>
<data>-1.09360000E-001</data>
<data>-1.22690000E-002</data>
</auxiliary>
<auxiliary keyword="CHEB">
<data> 3.61040000E-001</data>
<data> 4.92950000E-001</data>
<data> 1.79580000E-002</data>
<data>-1.78620000E-002</data>
</auxiliary>
<auxiliary keyword="CHEB">
<data>-1.39010000E-001</data>
<data> 9.59610000E-002</data>
<data> 7.58340000E-002</data>
<data>-7.06480000E-003</data>
</auxiliary>
</reaction>
<reaction formula="C2H3+CH3(+M)=sC3H5+H(+M)">
<rate A=" 1.00000000E+000" B=" 0.00000000E+000" E=" 0.00000000E+000"/>
<auxiliary keyword="TCHEB">
<data> 3.00000000E+002</data>
<data> 2.10000000E+003</data>
</auxiliary>
<auxiliary keyword="PCHEB">
<data> 9.86923267E-003</data>
<data> 9.86923267E+001</data>
</auxiliary>
<auxiliary keyword="CHEB">
<data>     4</data>
<data>     4</data>
</auxiliary>
<auxiliary keyword="CHEB">
<data> 7.08410000E+000</data>
<data>-1.06140000E+000</data>
<data>-1.35810000E-001</data>
<data> 1.99110000E-002</data>
</auxiliary>
<auxiliary keyword="CHEB">
<data> 3.48620000E+000</data>
<data> 1.01420000E+000</data>
<data> 4.58140000E-002</data>
<data>-3.98620000E-002</data>
</auxiliary>
<auxiliary keyword="CHEB">
<data> 1.63590000E-001</data>
<data> 1.88350000E-001</data>
<data> 9.15660000E-002</data>
<data> 2.72610000E-003</data>
</auxiliary>
<auxiliary keyword="CHEB">
<data>-4.03600000E-002</data>
<data>-8.88120000E-002</data>
<data> 2.19710000E-002</data>
<data> 1.77220000E-002</data>
</auxiliary>
</reaction>
<reaction formula="C2H3+sSPC(1697)(+M)=CH3O+CH2CHO(+M)">
<rate A=" 1.00000000E+000" B=" 0.00000000E+000" E=" 0.00000000E+000"/>
<auxiliary keyword="TCHEB">
<data> 3.00000000E+002</data>
<data> 2.10000000E+003</data>
</auxiliary>
<auxiliary keyword="PCHEB">
<data> 9.86923267E-003</data>
<data> 9.86923267E+001</data>
</auxiliary>
<auxiliary keyword="CHEB">
<data>     4</data>
<data>     4</data>
</auxiliary>
<auxiliary keyword="CHEB">
<data> 1.32420000E+001</data>
<data>-1.02020000E-005</data>
<data>-7.47700000E-006</data>
<data>-3.72240000E-006</data>
</auxiliary>
<auxiliary keyword="CHEB">
<data> 6.76100000E-001</data>
<data> 1.00530000E-005</data>
<data> 7.36750000E-006</data>
<data> 3.66780000E-006</data>
</auxiliary>
<auxiliary keyword="CHEB">
<data> 2.43830000E-001</data>
<data>-2.88670000E-006</data>
<data>-2.11560000E-006</data>
<data>-1.05320000E-006</data>
</auxiliary>
<auxiliary keyword="CHEB">
<data> 9.17960000E-002</data>
<data>-1.51420000E-007</data>
<data>-1.10980000E-007</data>
<data>-5.52550000E-008</data>
</auxiliary>
</reaction>
<reaction formula="C2H3+tSPC(1286)(+M)=CH2CHO+tSPC(1553)(+M)">
<rate A=" 1.00000000E+000" B=" 0.00000000E+000" E=" 0.00000000E+000"/>
<auxiliary keyword="TCHEB">
<data> 3.00000000E+002</data>
<data> 2.10000000E+003</data>
</auxiliary>
<auxiliary keyword="PCHEB">
<data> 9.86923267E-003</data>
<data> 9.86923267E+001</data>
</auxiliary>
<auxiliary keyword="CHEB">
<data>     4</data>
<data>     4</data>
</auxiliary>
<auxiliary keyword="CHEB">
<data> 1.36390000E+001</data>
<data>-1.36580000E-005</data>
<data>-1.00100000E-005</data>
<data>-4.98310000E-006</data>
</auxiliary>
<auxiliary keyword="CHEB">
<data> 3.78690000E-001</data>
<data> 8.43820000E-006</data>
<data> 6.18410000E-006</data>
<data> 3.07870000E-006</data>
</auxiliary>
<auxiliary keyword="CHEB">
<data> 2.43870000E-001</data>
<data>-4.21740000E-006</data>
<data>-3.09080000E-006</data>
<data>-1.53870000E-006</data>
</auxiliary>
<auxiliary keyword="CHEB">
<data> 9.18360000E-002</data>
<data> 1.64120000E-006</data>
<data> 1.20280000E-006</data>
<data> 5.98800000E-007</data>
</auxiliary>
</reaction>
<reaction formula="CO2+iC4H7(+M)=CO+C4H7OJ(79)(+M)">
<rate A=" 1.00000000E+000" B=" 0.00000000E+000" E=" 0.00000000E+000"/>
<auxiliary keyword="TCHEB">
<data> 3.00000000E+002</data>
<data> 2.10000000E+003</data>
</auxiliary>
<auxiliary keyword="PCHEB">
<data> 9.86923267E-003</data>
<data> 9.86923267E+001</data>
</auxiliary>
<auxiliary keyword="CHEB">
<data>     4</data>
<data>     4</data>
</auxiliary>
<auxiliary keyword="CHEB">
<data>-1.17260000E+001</data>
<data>-1.54050000E-003</data>
<data>-1.12820000E-003</data>
<data>-5.61140000E-004</data>
</auxiliary>
<auxiliary keyword="CHEB">
<data> 1.64400000E+001</data>
<data> 8.05640000E-004</data>
<data> 5.89660000E-004</data>
<data> 2.93100000E-004</data>
</auxiliary>
<auxiliary keyword="CHEB">
<data> 1.24300000E-001</data>
<data> 6.36690000E-005</data>
<data> 4.67090000E-005</data>
<data> 2.32810000E-005</data>
</auxiliary>
<auxiliary keyword="CHEB">
<data> 2.39010000E-002</data>
<data> 1.35520000E-005</data>
<data> 9.93730000E-006</data>
<data> 4.95020000E-006</data>
</auxiliary>
</reaction>
<reaction formula="CO2+tSPC(346)(+M)=CO+tSPC(1553)(+M)">
<rate A=" 1.00000000E+000" B=" 0.00000000E+000" E=" 0.00000000E+000"/>
<auxiliary keyword="TCHEB">
<data> 3.00000000E+002</data>
<data> 2.10000000E+003</data>
</auxiliary>
<auxiliary keyword="PCHEB">
<data> 9.86923267E-003</data>
<data> 9.86923267E+001</data>
</auxiliary>
<auxiliary keyword="CHEB">
<data>     4</data>
<data>     4</data>
</auxiliary>
<auxiliary keyword="CHEB">
<data>-2.67770000E+001</data>
<data>-5.65490000E-004</data>
<data>-4.14320000E-004</data>
<data>-2.06200000E-004</data>
</auxiliary>
<auxiliary keyword="CHEB">
<data> 2.98890000E+001</data>
<data> 2.96420000E-004</data>
<data> 2.17140000E-004</data>
<data> 1.08040000E-004</data>
</auxiliary>
<auxiliary keyword="CHEB">
<data> 7.84350000E-002</data>
<data> 2.32010000E-005</data>
<data> 1.70100000E-005</data>
<data> 8.47190000E-006</data>
</auxiliary>
<auxiliary keyword="CHEB">
<data> 1.44470000E-002</data>
<data> 4.94850000E-006</data>
<data> 3.62740000E-006</data>
<data> 1.80630000E-006</data>
</auxiliary>
</reaction>
<reaction formula="CO2+C3H3O-enone(+M)=CO+tSPC(1553)(+M)">
<rate A=" 1.00000000E+000" B=" 0.00000000E+000" E=" 0.00000000E+000"/>
<auxiliary keyword="TCHEB">
<data> 3.00000000E+002</data>
<data> 2.10000000E+003</data>
</auxiliary>
<auxiliary keyword="PCHEB">
<data> 9.86923267E-003</data>
<data> 9.86923267E+001</data>
</auxiliary>
<auxiliary keyword="CHEB">
<data>     4</data>
<data>     4</data>
</auxiliary>
<auxiliary keyword="CHEB">
<data>-4.35810000E+000</data>
<data>-6.54060000E-005</data>
<data>-4.79340000E-005</data>
<data>-2.38630000E-005</data>
</auxiliary>
<auxiliary keyword="CHEB">
<data> 1.04190000E+001</data>
<data> 3.43140000E-005</data>
<data> 2.51470000E-005</data>
<data> 1.25180000E-005</data>
</auxiliary>
<auxiliary keyword="CHEB">
<data> 1.36570000E-001</data>
<data> 2.68180000E-006</data>
<data> 1.96550000E-006</data>
<data> 9.78590000E-007</data>
</auxiliary>
<auxiliary keyword="CHEB">
<data> 3.61110000E-002</data>
<data> 5.69770000E-007</data>
<data> 4.17580000E-007</data>
<data> 2.07900000E-007</data>
</auxiliary>
</reaction>
<reaction formula="CO2+tSPC(1553)(+M)=CO+tSPC(1286)(+M)">
<rate A=" 1.00000000E+000" B=" 0.00000000E+000" E=" 0.00000000E+000"/>
<auxiliary keyword="TCHEB">
<data> 3.00000000E+002</data>
<data> 2.10000000E+003</data>
</auxiliary>
<auxiliary keyword="PCHEB">
<data> 9.86923267E-003</data>
<data> 9.86923267E+001</data>
</auxiliary>
<auxiliary keyword="CHEB">
<data>     4</data>
<data>     4</data>
</auxiliary>
<auxiliary keyword="CHEB">
<data>-2.45790000E+001</data>
<data>-2.99830000E-003</data>
<data>-2.19410000E-003</data>
<data>-1.09040000E-003</data>
</auxiliary>
<auxiliary keyword="CHEB">
<data> 2.66900000E+001</data>
<data> 1.56260000E-003</data>
<data> 1.14220000E-003</data>
<data> 5.66920000E-004</data>
</auxiliary>
<auxiliary keyword="CHEB">
<data> 2.77350000E-001</data>
<data> 1.25260000E-004</data>
<data> 9.19740000E-005</data>
<data> 4.58890000E-005</data>
</auxiliary>
<auxiliary keyword="CHEB">
<data> 7.59990000E-002</data>
<data> 2.65910000E-005</data>
<data> 1.95080000E-005</data>
<data> 9.72310000E-006</data>
</auxiliary>
</reaction>
<reaction formula="CO2+C2H3(+M)=CO+CH2CHO(+M)">
<rate A=" 1.00000000E+000" B=" 0.00000000E+000" E=" 0.00000000E+000"/>
<auxiliary keyword="TCHEB">
<data> 3.00000000E+002</data>
<data> 2.10000000E+003</data>
</auxiliary>
<auxiliary keyword="PCHEB">
<data> 9.86923267E-003</data>
<data> 9.86923267E+001</data>
</auxiliary>
<auxiliary keyword="CHEB">
<data>     4</data>
<data>     4</data>
</auxiliary>
<auxiliary keyword="CHEB">
<data>-1.86250000E+000</data>
<data>-2.52390000E-004</data>
<data>-1.84950000E-004</data>
<data>-9.20630000E-005</data>
</auxiliary>
<auxiliary keyword="CHEB">
<data> 8.63640000E+000</data>
<data> 1.32400000E-004</data>
<data> 9.70110000E-005</data>
<data> 4.82840000E-005</data>
</auxiliary>
<auxiliary keyword="CHEB">
<data> 1.47140000E-001</data>
<data> 1.03300000E-005</data>
<data> 7.57180000E-006</data>
<data> 3.77030000E-006</data>
</auxiliary>
<auxiliary keyword="CHEB">
<data> 3.12980000E-002</data>
<data> 2.20450000E-006</data>
<data> 1.61580000E-006</data>
<data> 8.04500000E-007</data>
</auxiliary>
</reaction>
<reaction formula="CO2+tBuOH(+M)=sSPC(2810)+HOC[CH2][CH3]2(+M)">
<rate A=" 1.00000000E+000" B=" 0.00000000E+000" E=" 0.00000000E+000"/>
<auxiliary keyword="TCHEB">
<data> 3.00000000E+002</data>
<data> 2.10000000E+003</data>
</auxiliary>
<auxiliary keyword="PCHEB">
<data> 9.86923267E-003</data>
<data> 9.86923267E+001</data>
</auxiliary>
<auxiliary keyword="CHEB">
<data>     4</data>
<data>     4</data>
</auxiliary>
<auxiliary keyword="CHEB">
<data>-2.99180000E+001</data>
<data>-1.52190000E+000</data>
<data>-7.34570000E-002</data>
<data>-3.09970000E-004</data>
</auxiliary>
<auxiliary keyword="CHEB">
<data> 3.57310000E+001</data>
<data> 8.02060000E-001</data>
<data>-1.29690000E-001</data>
<data>-5.73040000E-003</data>
</auxiliary>
<auxiliary keyword="CHEB">
<data> 2.79360000E-001</data>
<data> 4.61670000E-001</data>
<data> 7.44310000E-004</data>
<data>-1.96990000E-002</data>
</auxiliary>
<auxiliary keyword="CHEB">
<data>-3.19770000E-001</data>
<data> 1.28300000E-001</data>
<data> 6.81510000E-002</data>
<data>-1.39770000E-002</data>
</auxiliary>
</reaction>
<reaction formula="CO2+iC4H8(+M)=sSPC(2810)+iC4H7(+M)">
<rate A=" 1.00000000E+000" B=" 0.00000000E+000" E=" 0.00000000E+000"/>
<auxiliary keyword="TCHEB">
<data> 3.00000000E+002</data>
<data> 2.10000000E+003</data>
</auxiliary>
<auxiliary keyword="PCHEB">
<data> 9.86923267E-003</data>
<data> 9.86923267E+001</data>
</auxiliary>
<auxiliary keyword="CHEB">
<data>     4</data>
<data>     4</data>
</auxiliary>
<auxiliary keyword="CHEB">
<data>-2.56660000E+001</data>
<data>-1.47830000E+000</data>
<data>-6.26090000E-002</data>
<data>-1.95270000E-004</data>
</auxiliary>
<auxiliary keyword="CHEB">
<data> 3.14240000E+001</data>
<data> 8.76940000E-001</data>
<data>-1.05610000E-001</data>
<data>-7.88810000E-003</data>
</auxiliary>
<auxiliary keyword="CHEB">
<data> 3.13020000E-001</data>
<data> 4.86890000E-001</data>
<data> 1.67380000E-002</data>
<data>-1.72170000E-002</data>
</auxiliary>
<auxiliary keyword="CHEB">
<data>-2.18480000E-001</data>
<data> 1.17570000E-001</data>
<data> 6.95460000E-002</data>
<data>-8.51580000E-003</data>
</auxiliary>
</reaction>
<reaction formula="CO2+iC4H8(+M)=C4H7OJ(79)+HCO(+M)">
<rate A=" 1.00000000E+000" B=" 0.00000000E+000" E=" 0.00000000E+000"/>
<auxiliary keyword="TCHEB">
<data> 3.00000000E+002</data>
<data> 2.10000000E+003</data>
</auxiliary>
<auxiliary keyword="PCHEB">
<data> 9.86923267E-003</data>
<data> 9.86923267E+001</data>
</auxiliary>
<auxiliary keyword="CHEB">
<data>     4</data>
<data>     4</data>
</auxiliary>
<auxiliary keyword="CHEB">
<data>-3.56490000E+001</data>
<data>-1.15740000E+000</data>
<data>-1.42360000E-001</data>
<data> 2.36930000E-002</data>
</auxiliary>
<auxiliary keyword="CHEB">
<data> 3.91070000E+001</data>
<data> 1.01950000E+000</data>
<data> 4.51710000E-003</data>
<data>-4.82880000E-002</data>
</auxiliary>
<auxiliary keyword="CHEB">
<data> 7.77590000E-002</data>
<data> 2.61780000E-001</data>
<data> 1.07090000E-001</data>
<data>-1.16210000E-002</data>
</auxiliary>
<auxiliary keyword="CHEB">
<data>-1.31290000E-001</data>
<data>-6.67280000E-002</data>
<data> 4.60260000E-002</data>
<data> 2.42150000E-002</data>
</auxiliary>
</reaction>
<reaction formula="sSPC(2810)+iC4H7(+M)=C4H7OJ(79)+HCO(+M)">
<rate A=" 1.00000000E+000" B=" 0.00000000E+000" E=" 0.00000000E+000"/>
<auxiliary keyword="TCHEB">
<data> 3.00000000E+002</data>
<data> 2.10000000E+003</data>
</auxiliary>
<auxiliary keyword="PCHEB">
<data> 9.86923267E-003</data>
<data> 9.86923267E+001</data>
</auxiliary>
<auxiliary keyword="CHEB">
<data>     4</data>
<data>     4</data>
</auxiliary>
<auxiliary keyword="CHEB">
<data> 4.15260000E-001</data>
<data>-1.11720000E+000</data>
<data>-1.44370000E-001</data>
<data> 2.40860000E-002</data>
</auxiliary>
<auxiliary keyword="CHEB">
<data> 1.11650000E+001</data>
<data> 1.03700000E+000</data>
<data> 2.30570000E-002</data>
<data>-4.88980000E-002</data>
</auxiliary>
<auxiliary keyword="CHEB">
<data> 2.89130000E-001</data>
<data> 2.29200000E-001</data>
<data> 1.10790000E-001</data>
<data>-6.85050000E-003</data>
</auxiliary>
<auxiliary keyword="CHEB">
<data>-4.71670000E-002</data>
<data>-9.05640000E-002</data>
<data> 3.54920000E-002</data>
<data> 2.64330000E-002</data>
</auxiliary>
</reaction>
<reaction formula="CO2+iC4H8(+M)=CH2CO+H2CCCH3[OH](+M)">
<rate A=" 1.00000000E+000" B=" 0.00000000E+000" E=" 0.00000000E+000"/>
<auxiliary keyword="TCHEB">
<data> 3.00000000E+002</data>
<data> 2.10000000E+003</data>
</auxiliary>
<auxiliary keyword="PCHEB">
<data> 9.86923267E-003</data>
<data> 9.86923267E+001</data>
</auxiliary>
<auxiliary keyword="CHEB">
<data>     4</data>
<data>     4</data>
</auxiliary>
<auxiliary keyword="CHEB">
<data>-2.95380000E+001</data>
<data>-1.46250000E+000</data>
<data>-5.26510000E-002</data>
<data>-1.32760000E-003</data>
</auxiliary>
<auxiliary keyword="CHEB">
<data> 3.24680000E+001</data>
<data> 9.13660000E-001</data>
<data>-9.34570000E-002</data>
<data>-8.32930000E-003</data>
</auxiliary>
<auxiliary keyword="CHEB">
<data> 5.54730000E-001</data>
<data> 5.18630000E-001</data>
<data> 2.19230000E-002</data>
<data>-1.40890000E-002</data>
</auxiliary>
<auxiliary keyword="CHEB">
<data>-2.57200000E-001</data>
<data> 1.26540000E-001</data>
<data> 7.25630000E-002</data>
<data>-5.64250000E-003</data>
</auxiliary>
</reaction>
<reaction formula="CO2+iC4H8(+M)=CH3CO+CH2C[O]CH3(+M)">
<rate A=" 1.00000000E+000" B=" 0.00000000E+000" E=" 0.00000000E+000"/>
<auxiliary keyword="TCHEB">
<data> 3.00000000E+002</data>
<data> 2.10000000E+003</data>
</auxiliary>
<auxiliary keyword="PCHEB">
<data> 9.86923267E-003</data>
<data> 9.86923267E+001</data>
</auxiliary>
<auxiliary keyword="CHEB">
<data>     4</data>
<data>     4</data>
</auxiliary>
<auxiliary keyword="CHEB">
<data>-2.35780000E+001</data>
<data>-1.16300000E+000</data>
<data>-9.29730000E-002</data>
<data> 1.27030000E-002</data>
</auxiliary>
<auxiliary keyword="CHEB">
<data> 3.00890000E+001</data>
<data> 1.13930000E+000</data>
<data>-1.96090000E-003</data>
<data>-2.55680000E-002</data>
</auxiliary>
<auxiliary keyword="CHEB">
<data>-2.17680000E-001</data>
<data> 2.27070000E-001</data>
<data> 9.24680000E-002</data>
<data>-4.28270000E-003</data>
</auxiliary>
<auxiliary keyword="CHEB">
<data>-3.95120000E-001</data>
<data>-1.52370000E-001</data>
<data> 3.56010000E-002</data>
<data> 1.61800000E-002</data>
</auxiliary>
</reaction>
<reaction formula="CO2+iC4H7(+M)=tSPC(110)+HCO(+M)">
<rate A=" 1.00000000E+000" B=" 0.00000000E+000" E=" 0.00000000E+000"/>
<auxiliary keyword="TCHEB">
<data> 3.00000000E+002</data>
<data> 2.10000000E+003</data>
</auxiliary>
<auxiliary keyword="PCHEB">
<data> 9.86923267E-003</data>
<data> 9.86923267E+001</data>
</auxiliary>
<auxiliary keyword="CHEB">
<data>     4</data>
<data>     4</data>
</auxiliary>
<auxiliary keyword="CHEB">
<data>-2.77870000E+001</data>
<data>-1.42110000E+000</data>
<data>-8.80760000E-002</data>
<data> 2.46060000E-003</data>
</auxiliary>
<auxiliary keyword="CHEB">
<data> 3.31110000E+001</data>
<data> 9.27940000E-001</data>
<data>-1.15280000E-001</data>
<data>-1.70470000E-002</data>
</auxiliary>
<auxiliary keyword="CHEB">
<data> 1.56560000E-001</data>
<data> 4.00570000E-001</data>
<data> 4.20010000E-002</data>
<data>-2.40320000E-002</data>
</auxiliary>
<auxiliary keyword="CHEB">
<data>-2.61950000E-001</data>
<data> 3.17040000E-002</data>
<data> 7.82320000E-002</data>
<data>-2.73610000E-003</data>
</auxiliary>
</reaction>
<reaction formula="CO2+tSPC(77)(+M)=tSPC(213)+HCO(+M)">
<rate A=" 1.00000000E+000" B=" 0.00000000E+000" E=" 0.00000000E+000"/>
<auxiliary keyword="TCHEB">
<data> 3.00000000E+002</data>
<data> 2.10000000E+003</data>
</auxiliary>
<auxiliary keyword="PCHEB">
<data> 9.86923267E-003</data>
<data> 9.86923267E+001</data>
</auxiliary>
<auxiliary keyword="CHEB">
<data>     4</data>
<data>     4</data>
</auxiliary>
<auxiliary keyword="CHEB">
<data>-1.88490000E+001</data>
<data>-3.82980000E-003</data>
<data>-2.79780000E-003</data>
<data>-1.38760000E-003</data>
</auxiliary>
<auxiliary keyword="CHEB">
<data> 2.41060000E+001</data>
<data> 3.98390000E-003</data>
<data> 2.90640000E-003</data>
<data> 1.43920000E-003</data>
</auxiliary>
<auxiliary keyword="CHEB">
<data> 1.46490000E-001</data>
<data>-9.29740000E-004</data>
<data>-6.74980000E-004</data>
<data>-3.32310000E-004</data>
</auxiliary>
<auxiliary keyword="CHEB">
<data> 5.21390000E-002</data>
<data> 5.10440000E-004</data>
<data> 3.71520000E-004</data>
<data> 1.83460000E-004</data>
</auxiliary>
</reaction>
<reaction formula="CO2+CH4(+M)=HCO+CH3O(+M)">
<rate A=" 1.00000000E+000" B=" 0.00000000E+000" E=" 0.00000000E+000"/>
<auxiliary keyword="TCHEB">
<data> 3.00000000E+002</data>
<data> 2.10000000E+003</data>
</auxiliary>
<auxiliary keyword="PCHEB">
<data> 9.86923267E-003</data>
<data> 9.86923267E+001</data>
</auxiliary>
<auxiliary keyword="CHEB">
<data>     4</data>
<data>     4</data>
</auxiliary>
<auxiliary keyword="CHEB">
<data>-3.64670000E+001</data>
<data>-2.51190000E-001</data>
<data>-1.42480000E-001</data>
<data>-4.82250000E-002</data>
</auxiliary>
<auxiliary keyword="CHEB">
<data> 3.94550000E+001</data>
<data> 2.63770000E-001</data>
<data> 1.39790000E-001</data>
<data> 4.06350000E-002</data>
</auxiliary>
<auxiliary keyword="CHEB">
<data>-9.47130000E-003</data>
<data> 1.56800000E-002</data>
<data> 1.96280000E-002</data>
<data> 1.37870000E-002</data>
</auxiliary>
<auxiliary keyword="CHEB">
<data>-6.36770000E-002</data>
<data>-2.19770000E-002</data>
<data>-1.15600000E-002</data>
<data>-3.11690000E-003</data>
</auxiliary>
</reaction>
<reaction formula="CO2+CH4(+M)=sSPC(2810)+CH3(+M)">
<rate A=" 1.00000000E+000" B=" 0.00000000E+000" E=" 0.00000000E+000"/>
<auxiliary keyword="TCHEB">
<data> 3.00000000E+002</data>
<data> 2.10000000E+003</data>
</auxiliary>
<auxiliary keyword="PCHEB">
<data> 9.86923267E-003</data>
<data> 9.86923267E+001</data>
</auxiliary>
<auxiliary keyword="CHEB">
<data>     4</data>
<data>     4</data>
</auxiliary>
<auxiliary keyword="CHEB">
<data>-2.98720000E+001</data>
<data>-5.20300000E-001</data>
<data>-2.17310000E-001</data>
<data>-3.21340000E-002</data>
</auxiliary>
<auxiliary keyword="CHEB">
<data> 3.44860000E+001</data>
<data> 4.93610000E-001</data>
<data> 1.70140000E-001</data>
<data>-4.97990000E-004</data>
</auxiliary>
<auxiliary keyword="CHEB">
<data> 8.61180000E-002</data>
<data> 7.26110000E-002</data>
<data> 5.91460000E-002</data>
<data> 2.70320000E-002</data>
</auxiliary>
<auxiliary keyword="CHEB">
<data>-4.95270000E-002</data>
<data>-2.94020000E-002</data>
<data>-1.26820000E-003</data>
<data> 9.52020000E-003</data>
</auxiliary>
</reaction>
<reaction formula="CO2+CH4(+M)=CH2CO+H2O(+M)">
<rate A=" 1.00000000E+000" B=" 0.00000000E+000" E=" 0.00000000E+000"/>
<auxiliary keyword="TCHEB">
<data> 3.00000000E+002</data>
<data> 2.10000000E+003</data>
</auxiliary>
<auxiliary keyword="PCHEB">
<data> 9.86923267E-003</data>
<data> 9.86923267E+001</data>
</auxiliary>
<auxiliary keyword="CHEB">
<data>     4</data>
<data>     4</data>
</auxiliary>
<auxiliary keyword="CHEB">
<data>-2.36750000E+001</data>
<data>-1.34900000E+000</data>
<data>-8.70140000E-002</data>
<data> 7.17290000E-003</data>
</auxiliary>
<auxiliary keyword="CHEB">
<data> 2.73650000E+001</data>
<data> 9.61630000E-001</data>
<data>-6.97070000E-002</data>
<data>-1.92300000E-002</data>
</auxiliary>
<auxiliary keyword="CHEB">
<data> 3.07170000E-001</data>
<data> 3.83330000E-001</data>
<data> 6.37130000E-002</data>
<data>-1.58820000E-002</data>
</auxiliary>
<auxiliary keyword="CHEB">
<data>-6.87930000E-002</data>
<data> 3.90150000E-002</data>
<data> 6.54140000E-002</data>
<data> 5.63010000E-003</data>
</auxiliary>
</reaction>
<reaction formula="CO2+CH4(+M)=CH3CO+OH(+M)">
<rate A=" 1.00000000E+000" B=" 0.00000000E+000" E=" 0.00000000E+000"/>
<auxiliary keyword="TCHEB">
<data> 3.00000000E+002</data>
<data> 2.10000000E+003</data>
</auxiliary>
<auxiliary keyword="PCHEB">
<data> 9.86923267E-003</data>
<data> 9.86923267E+001</data>
</auxiliary>
<auxiliary keyword="CHEB">
<data>     4</data>
<data>     4</data>
</auxiliary>
<auxiliary keyword="CHEB">
<data>-3.36050000E+001</data>
<data>-2.63740000E-001</data>
<data>-1.47400000E-001</data>
<data>-4.84830000E-002</data>
</auxiliary>
<auxiliary keyword="CHEB">
<data> 3.71870000E+001</data>
<data> 2.73010000E-001</data>
<data> 1.41860000E-001</data>
<data> 3.93310000E-002</data>
</auxiliary>
<auxiliary keyword="CHEB">
<data>-1.62420000E-002</data>
<data> 1.88750000E-002</data>
<data> 2.17900000E-002</data>
<data> 1.46720000E-002</data>
</auxiliary>
<auxiliary keyword="CHEB">
<data>-8.46920000E-002</data>
<data>-2.12970000E-002</data>
<data>-1.05560000E-002</data>
<data>-2.34800000E-003</data>
</auxiliary>
</reaction>
<reaction formula="CO2+tSPC(346)(+M)=H2CCCO+sSPC(2810)(+M)">
<rate A=" 1.00000000E+000" B=" 0.00000000E+000" E=" 0.00000000E+000"/>
<auxiliary keyword="TCHEB">
<data> 3.00000000E+002</data>
<data> 2.10000000E+003</data>
</auxiliary>
<auxiliary keyword="PCHEB">
<data> 9.86923267E-003</data>
<data> 9.86923267E+001</data>
</auxiliary>
<auxiliary keyword="CHEB">
<data>     4</data>
<data>     4</data>
</auxiliary>
<auxiliary keyword="CHEB">
<data>-2.73270000E+001</data>
<data>-1.48700000E+000</data>
<data>-5.43160000E-002</data>
<data>-1.13840000E-003</data>
</auxiliary>
<auxiliary keyword="CHEB">
<data> 2.70700000E+001</data>
<data> 8.57690000E-001</data>
<data>-9.27490000E-002</data>
<data>-7.74670000E-003</data>
</auxiliary>
<auxiliary keyword="CHEB">
<data> 3.50880000E-001</data>
<data> 5.00510000E-001</data>
<data> 1.40170000E-002</data>
<data>-1.33270000E-002</data>
</auxiliary>
<auxiliary keyword="CHEB">
<data>-1.34770000E-001</data>
<data> 1.46900000E-001</data>
<data> 6.08540000E-002</data>
<data>-5.61100000E-003</data>
</auxiliary>
</reaction>
<reaction formula="CO2+C3H3O-enone(+M)=H2CCCO+sSPC(2810)(+M)">
<rate A=" 1.00000000E+000" B=" 0.00000000E+000" E=" 0.00000000E+000"/>
<auxiliary keyword="TCHEB">
<data> 3.00000000E+002</data>
<data> 2.10000000E+003</data>
</auxiliary>
<auxiliary keyword="PCHEB">
<data> 9.86923267E-003</data>
<data> 9.86923267E+001</data>
</auxiliary>
<auxiliary keyword="CHEB">
<data>     4</data>
<data>     4</data>
</auxiliary>
<auxiliary keyword="CHEB">
<data>-3.07940000E+001</data>
<data>-9.76610000E-001</data>
<data>-1.59420000E-001</data>
<data> 1.00350000E-002</data>
</auxiliary>
<auxiliary keyword="CHEB">
<data> 2.93350000E+001</data>
<data> 9.96320000E-001</data>
<data> 5.21220000E-002</data>
<data>-4.55880000E-002</data>
</auxiliary>
<auxiliary keyword="CHEB">
<data> 6.05650000E-002</data>
<data> 7.37720000E-002</data>
<data> 1.08160000E-001</data>
<data> 8.43800000E-003</data>
</auxiliary>
<auxiliary keyword="CHEB">
<data>-3.61250000E-002</data>
<data>-9.81880000E-002</data>
<data> 3.04170000E-003</data>
<data> 2.31130000E-002</data>
</auxiliary>
</reaction>
<reaction formula="iC4H8+O(+M)=C4H7OJ(79)+H(+M)">
<rate A=" 1.00000000E+000" B=" 0.00000000E+000" E=" 0.00000000E+000"/>
<auxiliary keyword="TCHEB">
<data> 3.00000000E+002</data>
<data> 2.10000000E+003</data>
</auxiliary>
<auxiliary keyword="PCHEB">
<data> 9.86923267E-003</data>
<data> 9.86923267E+001</data>
</auxiliary>
<auxiliary keyword="CHEB">
<data>     4</data>
<data>     4</data>
</auxiliary>
<auxiliary keyword="CHEB">
<data> 7.77400000E+000</data>
<data>-1.20320000E+000</data>
<data>-1.08520000E-001</data>
<data> 8.57560000E-003</data>
</auxiliary>
<auxiliary keyword="CHEB">
<data> 4.85890000E+000</data>
<data> 1.07540000E+000</data>
<data>-3.59130000E-002</data>
<data>-3.05540000E-002</data>
</auxiliary>
<auxiliary keyword="CHEB">
<data>-1.61030000E-001</data>
<data> 2.37570000E-001</data>
<data> 9.90000000E-002</data>
<data>-1.26220000E-002</data>
</auxiliary>
<auxiliary keyword="CHEB">
<data>-2.17640000E-001</data>
<data>-9.08020000E-002</data>
<data> 4.61830000E-002</data>
<data> 1.87580000E-002</data>
</auxiliary>
</reaction>
<reaction formula="iC4H8+O(+M)=CH2C[O]CH3+CH3(+M)">
<rate A=" 1.00000000E+000" B=" 0.00000000E+000" E=" 0.00000000E+000"/>
<auxiliary keyword="TCHEB">
<data> 3.00000000E+002</data>
<data> 2.10000000E+003</data>
</auxiliary>
<auxiliary keyword="PCHEB">
<data> 9.86923267E-003</data>
<data> 9.86923267E+001</data>
</auxiliary>
<auxiliary keyword="CHEB">
<data>     4</data>
<data>     4</data>
</auxiliary>
<auxiliary keyword="CHEB">
<data> 1.18370000E+001</data>
<data>-2.62760000E-003</data>
<data>-1.92070000E-003</data>
<data>-9.53240000E-004</data>
</auxiliary>
<auxiliary keyword="CHEB">
<data> 1.00670000E+000</data>
<data> 3.70120000E-003</data>
<data> 2.70450000E-003</data>
<data> 1.34170000E-003</data>
</auxiliary>
<auxiliary keyword="CHEB">
<data> 1.13330000E-001</data>
<data>-1.12370000E-003</data>
<data>-8.19600000E-004</data>
<data>-4.05730000E-004</data>
</auxiliary>
<auxiliary keyword="CHEB">
<data> 4.21270000E-002</data>
<data>-9.48390000E-005</data>
<data>-7.03990000E-005</data>
<data>-3.55670000E-005</data>
</auxiliary>
</reaction>
<reaction formula="iC4H7+O(+M)=tSPC(110)+H(+M)">
<rate A=" 1.00000000E+000" B=" 0.00000000E+000" E=" 0.00000000E+000"/>
<auxiliary keyword="TCHEB">
<data> 3.00000000E+002</data>
<data> 2.10000000E+003</data>
</auxiliary>
<auxiliary keyword="PCHEB">
<data> 9.86923267E-003</data>
<data> 9.86923267E+001</data>
</auxiliary>
<auxiliary keyword="CHEB">
<data>     4</data>
<data>     4</data>
</auxiliary>
<auxiliary keyword="CHEB">
<data> 1.11120000E+001</data>
<data>-1.62980000E-001</data>
<data>-1.08570000E-001</data>
<data>-4.78280000E-002</data>
</auxiliary>
<auxiliary keyword="CHEB">
<data> 9.93130000E-001</data>
<data> 3.31950000E-002</data>
<data> 2.00860000E-002</data>
<data> 7.59070000E-003</data>
</auxiliary>
<auxiliary keyword="CHEB">
<data>-5.15290000E-002</data>
<data> 1.21790000E-002</data>
<data> 7.88020000E-003</data>
<data> 3.32280000E-003</data>
</auxiliary>
<auxiliary keyword="CHEB">
<data>-6.95050000E-003</data>
<data> 1.94390000E-002</data>
<data> 1.19980000E-002</data>
<data> 4.69410000E-003</data>
</auxiliary>
</reaction>
<reaction formula="tSPC(213)+O(+M)=tSPC(3683)+HCO(+M)">
<rate A=" 1.00000000E+000" B=" 0.00000000E+000" E=" 0.00000000E+000"/>
<auxiliary keyword="TCHEB">
<data> 3.00000000E+002</data>
<data> 2.10000000E+003</data>
</auxiliary>
<auxiliary keyword="PCHEB">
<data> 9.86923267E-003</data>
<data> 9.86923267E+001</data>
</auxiliary>
<auxiliary keyword="CHEB">
<data>     4</data>
<data>     4</data>
</auxiliary>
<auxiliary keyword="CHEB">
<data> 1.14190000E+001</data>
<data>-2.90660000E-005</data>
<data>-2.13020000E-005</data>
<data>-1.06050000E-005</data>
</auxiliary>
<auxiliary keyword="CHEB">
<data> 1.08590000E+000</data>
<data> 1.73710000E-005</data>
<data> 1.27300000E-005</data>
<data> 6.33750000E-006</data>
</auxiliary>
<auxiliary keyword="CHEB">
<data> 4.35720000E-002</data>
<data>-5.16950000E-006</data>
<data>-3.78850000E-006</data>
<data>-1.88600000E-006</data>
</auxiliary>
<auxiliary keyword="CHEB">
<data> 1.62420000E-002</data>
<data> 3.46400000E-006</data>
<data> 2.53860000E-006</data>
<data> 1.26380000E-006</data>
</auxiliary>
</reaction>
<reaction formula="H2CCCH3[OH]+O(+M)=CH2C[O]CH3+OH(+M)">
<rate A=" 1.00000000E+000" B=" 0.00000000E+000" E=" 0.00000000E+000"/>
<auxiliary keyword="TCHEB">
<data> 3.00000000E+002</data>
<data> 2.10000000E+003</data>
</auxiliary>
<auxiliary keyword="PCHEB">
<data> 9.86923267E-003</data>
<data> 9.86923267E+001</data>
</auxiliary>
<auxiliary keyword="CHEB">
<data>     4</data>
<data>     4</data>
</auxiliary>
<auxiliary keyword="CHEB">
<data> 1.15790000E+001</data>
<data>-5.23390000E-004</data>
<data>-3.83410000E-004</data>
<data>-1.90780000E-004</data>
</auxiliary>
<auxiliary keyword="CHEB">
<data> 1.19920000E+000</data>
<data> 6.43950000E-004</data>
<data> 4.71670000E-004</data>
<data> 2.34660000E-004</data>
</auxiliary>
<auxiliary keyword="CHEB">
<data> 1.15270000E-001</data>
<data>-1.97360000E-004</data>
<data>-1.44500000E-004</data>
<data>-7.18600000E-005</data>
</auxiliary>
<auxiliary keyword="CHEB">
<data> 4.35790000E-002</data>
<data> 1.95470000E-005</data>
<data> 1.42880000E-005</data>
<data> 7.09070000E-006</data>
</auxiliary>
</reaction>
<reaction formula="H2CCCH3[OH]+O(+M)=sSPC(1590)+H(+M)">
<rate A=" 1.00000000E+000" B=" 0.00000000E+000" E=" 0.00000000E+000"/>
<auxiliary keyword="TCHEB">
<data> 3.00000000E+002</data>
<data> 2.10000000E+003</data>
</auxiliary>
<auxiliary keyword="PCHEB">
<data> 9.86923267E-003</data>
<data> 9.86923267E+001</data>
</auxiliary>
<auxiliary keyword="CHEB">
<data>     4</data>
<data>     4</data>
</auxiliary>
<auxiliary keyword="CHEB">
<data> 9.44460000E+000</data>
<data>-1.16170000E+000</data>
<data>-1.02420000E-001</data>
<data> 5.32320000E-003</data>
</auxiliary>
<auxiliary keyword="CHEB">
<data> 3.10850000E+000</data>
<data> 1.09330000E+000</data>
<data>-1.93530000E-002</data>
<data>-2.74300000E-002</data>
</auxiliary>
<auxiliary keyword="CHEB">
<data>-1.11230000E-001</data>
<data> 1.99640000E-001</data>
<data> 9.49690000E-002</data>
<data>-5.48520000E-003</data>
</auxiliary>
<auxiliary keyword="CHEB">
<data>-1.47090000E-001</data>
<data>-1.09640000E-001</data>
<data> 3.32750000E-002</data>
<data> 1.82340000E-002</data>
</auxiliary>
</reaction>
<reaction formula="H2CCCO+O(+M)=CH2CO+CO(+M)">
<rate A=" 1.00000000E+000" B=" 0.00000000E+000" E=" 0.00000000E+000"/>
<auxiliary keyword="TCHEB">
<data> 3.00000000E+002</data>
<data> 2.10000000E+003</data>
</auxiliary>
<auxiliary keyword="PCHEB">
<data> 9.86923267E-003</data>
<data> 9.86923267E+001</data>
</auxiliary>
<auxiliary keyword="CHEB">
<data>     4</data>
<data>     4</data>
</auxiliary>
<auxiliary keyword="CHEB">
<data> 1.24160000E+001</data>
<data>-2.66490000E-005</data>
<data>-1.95310000E-005</data>
<data>-9.72310000E-006</data>
</auxiliary>
<auxiliary keyword="CHEB">
<data> 1.86400000E+000</data>
<data> 1.39870000E-005</data>
<data> 1.02510000E-005</data>
<data> 5.10310000E-006</data>
</auxiliary>
<auxiliary keyword="CHEB">
<data> 4.12870000E-001</data>
<data> 1.08880000E-006</data>
<data> 7.97980000E-007</data>
<data> 3.97280000E-007</data>
</auxiliary>
<auxiliary keyword="CHEB">
<data> 1.60840000E-001</data>
<data> 2.32480000E-007</data>
<data> 1.70380000E-007</data>
<data> 8.48250000E-008</data>
</auxiliary>
</reaction>
<reaction formula="C3H3O-enone+O(+M)=CH2CHO+CO(+M)">
<rate A=" 1.00000000E+000" B=" 0.00000000E+000" E=" 0.00000000E+000"/>
<auxiliary keyword="TCHEB">
<data> 3.00000000E+002</data>
<data> 2.10000000E+003</data>
</auxiliary>
<auxiliary keyword="PCHEB">
<data> 9.86923267E-003</data>
<data> 9.86923267E+001</data>
</auxiliary>
<auxiliary keyword="CHEB">
<data>     4</data>
<data>     4</data>
</auxiliary>
<auxiliary keyword="CHEB">
<data> 1.15270000E+001</data>
<data>-6.46040000E-004</data>
<data>-4.73320000E-004</data>
<data>-2.35550000E-004</data>
</auxiliary>
<auxiliary keyword="CHEB">
<data> 1.02970000E+000</data>
<data> 3.38690000E-004</data>
<data> 2.48080000E-004</data>
<data> 1.23430000E-004</data>
</auxiliary>
<auxiliary keyword="CHEB">
<data>-2.04410000E-003</data>
<data> 2.65970000E-005</data>
<data> 1.95010000E-005</data>
<data> 9.71330000E-006</data>
</auxiliary>
<auxiliary keyword="CHEB">
<data> 2.87760000E-002</data>
<data> 5.70810000E-006</data>
<data> 4.18430000E-006</data>
<data> 2.08360000E-006</data>
</auxiliary>
</reaction>
<reaction formula="C4H7OJ(79)(+M)=iC4H7+O(+M)">
<rate A=" 1.00000000E+000" B=" 0.00000000E+000" E=" 0.00000000E+000"/>
<auxiliary keyword="TCHEB">
<data> 3.00000000E+002</data>
<data> 2.10000000E+003</data>
</auxiliary>
<auxiliary keyword="PCHEB">
<data> 9.86923267E-003</data>
<data> 9.86923267E+001</data>
</auxiliary>
<auxiliary keyword="CHEB">
<data>     4</data>
<data>     4</data>
</auxiliary>
<auxiliary keyword="CHEB">
<data>-2.15450000E+001</data>
<data> 1.99330000E+000</data>
<data>-4.69700000E-003</data>
<data>-2.32300000E-003</data>
</auxiliary>
<auxiliary keyword="CHEB">
<data> 2.33040000E+001</data>
<data> 8.00680000E-003</data>
<data> 5.81100000E-003</data>
<data> 2.93070000E-003</data>
</auxiliary>
<auxiliary keyword="CHEB">
<data>-1.69710000E-001</data>
<data>-1.70460000E-003</data>
<data>-1.29610000E-003</data>
<data>-6.30360000E-004</data>
</auxiliary>
<auxiliary keyword="CHEB">
<data> 3.90150000E-002</data>
<data>-4.32320000E-004</data>
<data>-3.65720000E-004</data>
<data>-2.00330000E-004</data>
</auxiliary>
</reaction>
<reaction formula="C4H7OJ(79)(+M)=CH2O+sC3H5(+M)">
<rate A=" 1.00000000E+000" B=" 0.00000000E+000" E=" 0.00000000E+000"/>
<auxiliary keyword="TCHEB">
<data> 3.00000000E+002</data>
<data> 2.10000000E+003</data>
</auxiliary>
<auxiliary keyword="PCHEB">
<data> 9.86923267E-003</data>
<data> 9.86923267E+001</data>
</auxiliary>
<auxiliary keyword="CHEB">
<data>     4</data>
<data>     4</data>
</auxiliary>
<auxiliary keyword="CHEB">
<data> 1.94220000E+000</data>
<data> 8.32840000E-001</data>
<data>-9.30500000E-002</data>
<data> 7.93960000E-003</data>
</auxiliary>
<auxiliary keyword="CHEB">
<data> 7.25080000E+000</data>
<data> 1.01300000E+000</data>
<data> 3.95870000E-003</data>
<data>-2.14640000E-002</data>
</auxiliary>
<auxiliary keyword="CHEB">
<data>-7.97930000E-001</data>
<data> 2.27230000E-001</data>
<data> 6.53530000E-002</data>
<data>-6.29860000E-004</data>
</auxiliary>
<auxiliary keyword="CHEB">
<data>-2.39430000E-001</data>
<data>-5.44520000E-002</data>
<data> 2.08230000E-002</data>
<data> 9.08060000E-003</data>
</auxiliary>
</reaction>
<reaction formula="C4H7OJ(79)(+M)=tSPC(110)+H(+M)">
<rate A=" 1.00000000E+000" B=" 0.00000000E+000" E=" 0.00000000E+000"/>
<auxiliary keyword="TCHEB">
<data> 3.00000000E+002</data>
<data> 2.10000000E+003</data>
</auxiliary>
<auxiliary keyword="PCHEB">
<data> 9.86923267E-003</data>
<data> 9.86923267E+001</data>
</auxiliary>
<auxiliary keyword="CHEB">
<data>     4</data>
<data>     4</data>
</auxiliary>
<auxiliary keyword="CHEB">
<data>-1.63420000E+001</data>
<data> 1.97720000E+000</data>
<data>-1.61860000E-002</data>
<data>-7.86450000E-003</data>
</auxiliary>
<auxiliary keyword="CHEB">
<data> 1.86780000E+001</data>
<data> 2.89200000E-002</data>
<data> 2.07330000E-002</data>
<data> 1.00740000E-002</data>
</auxiliary>
<auxiliary keyword="CHEB">
<data>-2.41920000E-001</data>
<data>-6.08760000E-003</data>
<data>-4.28000000E-003</data>
<data>-1.97210000E-003</data>
</auxiliary>
<auxiliary keyword="CHEB">
<data> 1.61830000E-002</data>
<data>-1.76750000E-003</data>
<data>-1.36980000E-003</data>
<data>-6.96830000E-004</data>
</auxiliary>
</reaction>
<reaction formula="iC4H7+O(+M)=CH2O+sC3H5(+M)">
<rate A=" 1.00000000E+000" B=" 0.00000000E+000" E=" 0.00000000E+000"/>
<auxiliary keyword="TCHEB">
<data> 3.00000000E+002</data>
<data> 2.10000000E+003</data>
</auxiliary>
<auxiliary keyword="PCHEB">
<data> 9.86923267E-003</data>
<data> 9.86923267E+001</data>
</auxiliary>
<auxiliary keyword="CHEB">
<data>     4</data>
<data>     4</data>
</auxiliary>
<auxiliary keyword="CHEB">
<data> 1.32690000E+001</data>
<data>-6.12460000E-003</data>
<data>-4.28100000E-003</data>
<data>-2.11900000E-003</data>
</auxiliary>
<auxiliary keyword="CHEB">
<data> 1.92750000E-001</data>
<data> 7.34410000E-003</data>
<data> 5.31620000E-003</data>
<data> 2.68350000E-003</data>
</auxiliary>
<auxiliary keyword="CHEB">
<data>-2.66650000E-002</data>
<data>-1.49630000E-003</data>
<data>-1.15420000E-003</data>
<data>-5.67460000E-004</data>
</auxiliary>
<auxiliary keyword="CHEB">
<data> 2.64190000E-002</data>
<data>-4.24520000E-004</data>
<data>-3.60240000E-004</data>
<data>-2.01120000E-004</data>
</auxiliary>
</reaction>
<reaction formula="CH2O+sC3H5(+M)=tSPC(110)+H(+M)">
<rate A=" 1.00000000E+000" B=" 0.00000000E+000" E=" 0.00000000E+000"/>
<auxiliary keyword="TCHEB">
<data> 3.00000000E+002</data>
<data> 2.10000000E+003</data>
</auxiliary>
<auxiliary keyword="PCHEB">
<data> 9.86923267E-003</data>
<data> 9.86923267E+001</data>
</auxiliary>
<auxiliary keyword="CHEB">
<data>     4</data>
<data>     4</data>
</auxiliary>
<auxiliary keyword="CHEB">
<data>-7.21700000E+000</data>
<data>-2.14680000E-002</data>
<data>-1.52570000E-002</data>
<data>-7.41780000E-003</data>
</auxiliary>
<auxiliary keyword="CHEB">
<data> 1.36080000E+001</data>
<data> 2.79950000E-002</data>
<data> 2.00670000E-002</data>
<data> 9.76000000E-003</data>
</auxiliary>
<auxiliary keyword="CHEB">
<data> 2.05200000E-001</data>
<data>-6.47620000E-003</data>
<data>-4.58730000E-003</data>
<data>-2.13560000E-003</data>
</auxiliary>
<auxiliary keyword="CHEB">
<data> 7.59860000E-002</data>
<data>-1.50220000E-003</data>
<data>-1.19030000E-003</data>
<data>-6.21090000E-004</data>
</auxiliary>
</reaction>
<reaction formula="tSPC(77)+O(+M)=tSPC(213)+H(+M)">
<rate A=" 1.00000000E+000" B=" 0.00000000E+000" E=" 0.00000000E+000"/>
<auxiliary keyword="TCHEB">
<data> 3.00000000E+002</data>
<data> 2.10000000E+003</data>
</auxiliary>
<auxiliary keyword="PCHEB">
<data> 9.86923267E-003</data>
<data> 9.86923267E+001</data>
</auxiliary>
<auxiliary keyword="CHEB">
<data>     4</data>
<data>     4</data>
</auxiliary>
<auxiliary keyword="CHEB">
<data> 1.32380000E+001</data>
<data>-7.56240000E-001</data>
<data>-2.75980000E-001</data>
<data>-2.54860000E-002</data>
</auxiliary>
<auxiliary keyword="CHEB">
<data> 1.38110000E-001</data>
<data> 4.89960000E-001</data>
<data> 7.61180000E-002</data>
<data>-5.85870000E-002</data>
</auxiliary>
<auxiliary keyword="CHEB">
<data> 1.14510000E-004</data>
<data> 5.99470000E-003</data>
<data> 3.31780000E-002</data>
<data> 1.39650000E-002</data>
</auxiliary>
<auxiliary keyword="CHEB">
<data>-6.99410000E-003</data>
<data>-2.42940000E-002</data>
<data> 1.12380000E-003</data>
<data> 9.61480000E-003</data>
</auxiliary>
</reaction>
<reaction formula="HOC[CH2][CH3]2+O(+M)=C4H7OJ(79)+H2O(+M)">
<rate A=" 1.00000000E+000" B=" 0.00000000E+000" E=" 0.00000000E+000"/>
<auxiliary keyword="TCHEB">
<data> 3.00000000E+002</data>
<data> 2.10000000E+003</data>
</auxiliary>
<auxiliary keyword="PCHEB">
<data> 9.86923267E-003</data>
<data> 9.86923267E+001</data>
</auxiliary>
<auxiliary keyword="CHEB">
<data>     4</data>
<data>     4</data>
</auxiliary>
<auxiliary keyword="CHEB">
<data> 1.16070000E+001</data>
<data>-1.42330000E+000</data>
<data>-7.00550000E-002</data>
<data> 6.51800000E-004</data>
</auxiliary>
<auxiliary keyword="CHEB">
<data> 1.96620000E+000</data>
<data> 9.54390000E-001</data>
<data>-1.02240000E-001</data>
<data>-1.41990000E-002</data>
</auxiliary>
<auxiliary keyword="CHEB">
<data> 3.72160000E-001</data>
<data> 4.66290000E-001</data>
<data> 4.08860000E-002</data>
<data>-2.04180000E-002</data>
</auxiliary>
<auxiliary keyword="CHEB">
<data>-1.74060000E-001</data>
<data> 6.75120000E-002</data>
<data> 8.29340000E-002</data>
<data>-3.60700000E-003</data>
</auxiliary>
</reaction>
<reaction formula="tSPC(346)+O(+M)=CO+CH2CHO(+M)">
<rate A=" 1.00000000E+000" B=" 0.00000000E+000" E=" 0.00000000E+000"/>
<auxiliary keyword="TCHEB">
<data> 3.00000000E+002</data>
<data> 2.10000000E+003</data>
</auxiliary>
<auxiliary keyword="PCHEB">
<data> 9.86923267E-003</data>
<data> 9.86923267E+001</data>
</auxiliary>
<auxiliary keyword="CHEB">
<data>     4</data>
<data>     4</data>
</auxiliary>
<auxiliary keyword="CHEB">
<data> 8.64120000E+000</data>
<data>-3.90440000E-005</data>
<data>-2.86140000E-005</data>
<data>-1.42450000E-005</data>
</auxiliary>
<auxiliary keyword="CHEB">
<data> 8.88980000E-001</data>
<data> 4.73130000E-005</data>
<data> 3.46740000E-005</data>
<data> 1.72620000E-005</data>
</auxiliary>
<auxiliary keyword="CHEB">
<data> 4.55040000E-001</data>
<data>-7.65260000E-006</data>
<data>-5.60800000E-006</data>
<data>-2.79160000E-006</data>
</auxiliary>
<auxiliary keyword="CHEB">
<data> 1.74610000E-001</data>
<data>-2.98860000E-006</data>
<data>-2.19040000E-006</data>
<data>-1.09050000E-006</data>
</auxiliary>
</reaction>
<reaction formula="tSPC(346)+O(+M)=CH2CO+HCO(+M)">
<rate A=" 1.00000000E+000" B=" 0.00000000E+000" E=" 0.00000000E+000"/>
<auxiliary keyword="TCHEB">
<data> 3.00000000E+002</data>
<data> 2.10000000E+003</data>
</auxiliary>
<auxiliary keyword="PCHEB">
<data> 9.86923267E-003</data>
<data> 9.86923267E+001</data>
</auxiliary>
<auxiliary keyword="CHEB">
<data>     4</data>
<data>     4</data>
</auxiliary>
<auxiliary keyword="CHEB">
<data> 1.36930000E+001</data>
<data>-4.05860000E-005</data>
<data>-2.97440000E-005</data>
<data>-1.48070000E-005</data>
</auxiliary>
<auxiliary keyword="CHEB">
<data>-1.78160000E-001</data>
<data> 4.81940000E-005</data>
<data> 3.53190000E-005</data>
<data> 1.75830000E-005</data>
</auxiliary>
<auxiliary keyword="CHEB">
<data> 1.73050000E-002</data>
<data>-7.31990000E-006</data>
<data>-5.36420000E-006</data>
<data>-2.67020000E-006</data>
</auxiliary>
<auxiliary keyword="CHEB">
<data> 1.23800000E-002</data>
<data>-3.12200000E-006</data>
<data>-2.28810000E-006</data>
<data>-1.13920000E-006</data>
</auxiliary>
</reaction>
<reaction formula="CO+CH2CHO(+M)=CH2CO+HCO(+M)">
<rate A=" 1.00000000E+000" B=" 0.00000000E+000" E=" 0.00000000E+000"/>
<auxiliary keyword="TCHEB">
<data> 3.00000000E+002</data>
<data> 2.10000000E+003</data>
</auxiliary>
<auxiliary keyword="PCHEB">
<data> 9.86923267E-003</data>
<data> 9.86923267E+001</data>
</auxiliary>
<auxiliary keyword="CHEB">
<data>     4</data>
<data>     4</data>
</auxiliary>
<auxiliary keyword="CHEB">
<data>-2.19100000E+001</data>
<data>-1.03460000E-004</data>
<data>-7.58210000E-005</data>
<data>-3.77430000E-005</data>
</auxiliary>
<auxiliary keyword="CHEB">
<data> 2.61540000E+001</data>
<data> 1.27160000E-004</data>
<data> 9.31840000E-005</data>
<data> 4.63860000E-005</data>
</auxiliary>
<auxiliary keyword="CHEB">
<data> 1.83910000E-001</data>
<data>-2.15200000E-005</data>
<data>-1.57680000E-005</data>
<data>-7.84810000E-006</data>
</auxiliary>
<auxiliary keyword="CHEB">
<data> 6.85310000E-002</data>
<data>-7.45250000E-006</data>
<data>-5.46230000E-006</data>
<data>-2.71960000E-006</data>
</auxiliary>
</reaction>
<reaction formula="CH2CHO(+M)=C2H3+O(+M)">
<rate A=" 1.00000000E+000" B=" 0.00000000E+000" E=" 0.00000000E+000"/>
<auxiliary keyword="TCHEB">
<data> 3.00000000E+002</data>
<data> 2.10000000E+003</data>
</auxiliary>
<auxiliary keyword="PCHEB">
<data> 9.86923267E-003</data>
<data> 9.86923267E+001</data>
</auxiliary>
<auxiliary keyword="CHEB">
<data>     4</data>
<data>     4</data>
</auxiliary>
<auxiliary keyword="CHEB">
<data>-4.00760000E+001</data>
<data> 1.98270000E+000</data>
<data>-1.22660000E-002</data>
<data>-5.85410000E-003</data>
</auxiliary>
<auxiliary keyword="CHEB">
<data> 3.80080000E+001</data>
<data> 1.76160000E-002</data>
<data> 1.23090000E-002</data>
<data> 5.78600000E-003</data>
</auxiliary>
<auxiliary keyword="CHEB">
<data>-3.67670000E-001</data>
<data>-6.85710000E-004</data>
<data>-3.41520000E-004</data>
<data>-7.98970000E-005</data>
</auxiliary>
<auxiliary keyword="CHEB">
<data>-1.36340000E-001</data>
<data>-1.20540000E-003</data>
<data>-8.66770000E-004</data>
<data>-4.21010000E-004</data>
</auxiliary>
</reaction>
<reaction formula="CH3CO(+M)=C2H3+O(+M)">
<rate A=" 1.00000000E+000" B=" 0.00000000E+000" E=" 0.00000000E+000"/>
<auxiliary keyword="TCHEB">
<data> 3.00000000E+002</data>
<data> 2.10000000E+003</data>
</auxiliary>
<auxiliary keyword="PCHEB">
<data> 9.86923267E-003</data>
<data> 9.86923267E+001</data>
</auxiliary>
<auxiliary keyword="CHEB">
<data>     4</data>
<data>     4</data>
</auxiliary>
<auxiliary keyword="CHEB">
<data>-4.58980000E+001</data>
<data> 1.98230000E+000</data>
<data>-1.25020000E-002</data>
<data>-5.97210000E-003</data>
</auxiliary>
<auxiliary keyword="CHEB">
<data> 4.14880000E+001</data>
<data> 1.80150000E-002</data>
<data> 1.26020000E-002</data>
<data> 5.93180000E-003</data>
</auxiliary>
<auxiliary keyword="CHEB">
<data>-7.39020000E-002</data>
<data>-7.31010000E-004</data>
<data>-3.74530000E-004</data>
<data>-9.62180000E-005</data>
</auxiliary>
<auxiliary keyword="CHEB">
<data>-1.73320000E-002</data>
<data>-1.22870000E-003</data>
<data>-8.83930000E-004</data>
<data>-4.29610000E-004</data>
</auxiliary>
</reaction>
<reaction formula="C2H3+O(+M)=CO+CH3(+M)">
<rate A=" 1.00000000E+000" B=" 0.00000000E+000" E=" 0.00000000E+000"/>
<auxiliary keyword="TCHEB">
<data> 3.00000000E+002</data>
<data> 2.10000000E+003</data>
</auxiliary>
<auxiliary keyword="PCHEB">
<data> 9.86923267E-003</data>
<data> 9.86923267E+001</data>
</auxiliary>
<auxiliary keyword="CHEB">
<data>     4</data>
<data>     4</data>
</auxiliary>
<auxiliary keyword="CHEB">
<data> 1.18980000E+001</data>
<data>-1.76370000E-002</data>
<data>-1.24850000E-002</data>
<data>-5.96380000E-003</data>
</auxiliary>
<auxiliary keyword="CHEB">
<data> 4.22790000E-001</data>
<data> 1.80270000E-002</data>
<data> 1.26110000E-002</data>
<data> 5.93650000E-003</data>
</auxiliary>
<auxiliary keyword="CHEB">
<data> 6.68360000E-002</data>
<data>-7.31630000E-004</data>
<data>-3.74880000E-004</data>
<data>-9.63290000E-005</data>
</auxiliary>
<auxiliary keyword="CHEB">
<data> 1.11510000E-002</data>
<data>-1.22650000E-003</data>
<data>-8.82390000E-004</data>
<data>-4.28890000E-004</data>
</auxiliary>
</reaction>
<reaction formula="CH2CHO+OH(+M)=C2H4O+O(+M)">
<rate A=" 1.00000000E+000" B=" 0.00000000E+000" E=" 0.00000000E+000"/>
<auxiliary keyword="TCHEB">
<data> 3.00000000E+002</data>
<data> 2.10000000E+003</data>
</auxiliary>
<auxiliary keyword="PCHEB">
<data> 9.86923267E-003</data>
<data> 9.86923267E+001</data>
</auxiliary>
<auxiliary keyword="CHEB">
<data>     4</data>
<data>     4</data>
</auxiliary>
<auxiliary keyword="CHEB">
<data> 5.22460000E+000</data>
<data>-7.27550000E-004</data>
<data>-5.32860000E-004</data>
<data>-2.65080000E-004</data>
</auxiliary>
<auxiliary keyword="CHEB">
<data> 5.93720000E+000</data>
<data> 9.54340000E-004</data>
<data> 6.98860000E-004</data>
<data> 3.47600000E-004</data>
</auxiliary>
<auxiliary keyword="CHEB">
<data> 1.28920000E-001</data>
<data>-2.50540000E-004</data>
<data>-1.83350000E-004</data>
<data>-9.11230000E-005</data>
</auxiliary>
<auxiliary keyword="CHEB">
<data> 5.47730000E-002</data>
<data>-1.73280000E-005</data>
<data>-1.27610000E-005</data>
<data>-6.38880000E-006</data>
</auxiliary>
</reaction>
<reaction formula="CH2CHO+CH3(+M)=CH2C[O]CH3+H(+M)">
<rate A=" 1.00000000E+000" B=" 0.00000000E+000" E=" 0.00000000E+000"/>
<auxiliary keyword="TCHEB">
<data> 3.00000000E+002</data>
<data> 2.10000000E+003</data>
</auxiliary>
<auxiliary keyword="PCHEB">
<data> 9.86923267E-003</data>
<data> 9.86923267E+001</data>
</auxiliary>
<auxiliary keyword="CHEB">
<data>     4</data>
<data>     4</data>
</auxiliary>
<auxiliary keyword="CHEB">
<data> 6.13410000E+000</data>
<data>-1.18580000E-001</data>
<data>-6.83240000E-002</data>
<data>-2.36950000E-002</data>
</auxiliary>
<auxiliary keyword="CHEB">
<data> 4.07670000E+000</data>
<data> 1.67300000E-001</data>
<data> 9.51150000E-002</data>
<data> 3.21260000E-002</data>
</auxiliary>
<auxiliary keyword="CHEB">
<data> 1.33190000E-001</data>
<data>-4.48000000E-002</data>
<data>-2.34440000E-002</data>
<data>-6.55230000E-003</data>
</auxiliary>
<auxiliary keyword="CHEB">
<data> 6.97800000E-002</data>
<data>-1.05030000E-002</data>
<data>-7.21340000E-003</data>
<data>-3.25580000E-003</data>
</auxiliary>
</reaction>
<reaction formula="nSPC(543)(+M)=sSPC(1697)+CO(+M)">
<rate A=" 1.00000000E+000" B=" 0.00000000E+000" E=" 0.00000000E+000"/>
<auxiliary keyword="TCHEB">
<data> 3.00000000E+002</data>
<data> 2.10000000E+003</data>
</auxiliary>
<auxiliary keyword="PCHEB">
<data> 9.86923267E-003</data>
<data> 9.86923267E+001</data>
</auxiliary>
<auxiliary keyword="CHEB">
<data>     4</data>
<data>     4</data>
</auxiliary>
<auxiliary keyword="CHEB">
<data>-2.62680000E+001</data>
<data> 1.99960000E+000</data>
<data>-2.42760000E-004</data>
<data>-1.10850000E-004</data>
</auxiliary>
<auxiliary keyword="CHEB">
<data> 2.50620000E+001</data>
<data> 3.43980000E-004</data>
<data> 2.31500000E-004</data>
<data> 1.09520000E-004</data>
</auxiliary>
<auxiliary keyword="CHEB">
<data>-2.20680000E-001</data>
<data>-3.70450000E-005</data>
<data>-3.69620000E-005</data>
<data>-2.47800000E-005</data>
</auxiliary>
<auxiliary keyword="CHEB">
<data> 1.15780000E-002</data>
<data>-1.53070000E-005</data>
<data>-8.14350000E-006</data>
<data>-3.19780000E-006</data>
</auxiliary>
</reaction>
<reaction formula="O2+CH2CHO(+M)=sSPC(1697)+CO(+M)">
<rate A=" 1.00000000E+000" B=" 0.00000000E+000" E=" 0.00000000E+000"/>
<auxiliary keyword="TCHEB">
<data> 3.00000000E+002</data>
<data> 2.10000000E+003</data>
</auxiliary>
<auxiliary keyword="PCHEB">
<data> 9.86923267E-003</data>
<data> 9.86923267E+001</data>
</auxiliary>
<auxiliary keyword="CHEB">
<data>     4</data>
<data>     4</data>
</auxiliary>
<auxiliary keyword="CHEB">
<data>-1.25280000E+001</data>
<data>-3.63010000E-004</data>
<data>-2.40480000E-004</data>
<data>-1.09710000E-004</data>
</auxiliary>
<auxiliary keyword="CHEB">
<data> 1.82660000E+001</data>
<data> 3.43470000E-004</data>
<data> 2.30890000E-004</data>
<data> 1.09070000E-004</data>
</auxiliary>
<auxiliary keyword="CHEB">
<data> 1.21390000E-001</data>
<data>-3.68920000E-005</data>
<data>-3.68230000E-005</data>
<data>-2.47210000E-005</data>
</auxiliary>
<auxiliary keyword="CHEB">
<data> 5.05620000E-002</data>
<data>-1.43810000E-005</data>
<data>-7.30780000E-006</data>
<data>-2.68460000E-006</data>
</auxiliary>
</reaction>
<reaction formula="sSPC(1697)+CO(+M)=HO2+CH2CO(+M)">
<rate A=" 1.00000000E+000" B=" 0.00000000E+000" E=" 0.00000000E+000"/>
<auxiliary keyword="TCHEB">
<data> 3.00000000E+002</data>
<data> 2.10000000E+003</data>
</auxiliary>
<auxiliary keyword="PCHEB">
<data> 9.86923267E-003</data>
<data> 9.86923267E+001</data>
</auxiliary>
<auxiliary keyword="CHEB">
<data>     4</data>
<data>     4</data>
</auxiliary>
<auxiliary keyword="CHEB">
<data>-2.68640000E+001</data>
<data>-3.62420000E-004</data>
<data>-2.40040000E-004</data>
<data>-1.09490000E-004</data>
</auxiliary>
<auxiliary keyword="CHEB">
<data> 2.73790000E+001</data>
<data> 3.43330000E-004</data>
<data> 2.30740000E-004</data>
<data> 1.08970000E-004</data>
</auxiliary>
<auxiliary keyword="CHEB">
<data> 2.24990000E-001</data>
<data>-3.68880000E-005</data>
<data>-3.68130000E-005</data>
<data>-2.47180000E-005</data>
</auxiliary>
<auxiliary keyword="CHEB">
<data> 8.46980000E-002</data>
<data>-1.42220000E-005</data>
<data>-7.16090000E-006</data>
<data>-2.59260000E-006</data>
</auxiliary>
</reaction>
<reaction formula="H2CCCH3[OH]+CH2CHO(+M)=CO+HOC[CH2][CH3]2(+M)">
<rate A=" 1.00000000E+000" B=" 0.00000000E+000" E=" 0.00000000E+000"/>
<auxiliary keyword="TCHEB">
<data> 3.00000000E+002</data>
<data> 2.10000000E+003</data>
</auxiliary>
<auxiliary keyword="PCHEB">
<data> 9.86923267E-003</data>
<data> 9.86923267E+001</data>
</auxiliary>
<auxiliary keyword="CHEB">
<data>     4</data>
<data>     4</data>
</auxiliary>
<auxiliary keyword="CHEB">
<data>-1.59320000E+001</data>
<data>-4.18760000E-002</data>
<data>-2.94210000E-002</data>
<data>-1.39140000E-002</data>
</auxiliary>
<auxiliary keyword="CHEB">
<data> 2.10230000E+001</data>
<data> 5.66030000E-002</data>
<data> 3.95130000E-002</data>
<data> 1.85340000E-002</data>
</auxiliary>
<auxiliary keyword="CHEB">
<data> 2.02330000E-001</data>
<data>-1.32390000E-002</data>
<data>-8.86540000E-003</data>
<data>-3.93120000E-003</data>
</auxiliary>
<auxiliary keyword="CHEB">
<data> 6.32700000E-002</data>
<data>-4.50220000E-003</data>
<data>-3.39330000E-003</data>
<data>-1.74250000E-003</data>
</auxiliary>
</reaction>
<reaction formula="tSPC(346)+CH2CHO(+M)=CO+tSPC(110)(+M)">
<rate A=" 1.00000000E+000" B=" 0.00000000E+000" E=" 0.00000000E+000"/>
<auxiliary keyword="TCHEB">
<data> 3.00000000E+002</data>
<data> 2.10000000E+003</data>
</auxiliary>
<auxiliary keyword="PCHEB">
<data> 9.86923267E-003</data>
<data> 9.86923267E+001</data>
</auxiliary>
<auxiliary keyword="CHEB">
<data>     4</data>
<data>     4</data>
</auxiliary>
<auxiliary keyword="CHEB">
<data>-1.12620000E+001</data>
<data>-1.14600000E-002</data>
<data>-8.29010000E-003</data>
<data>-4.06400000E-003</data>
</auxiliary>
<auxiliary keyword="CHEB">
<data> 1.66620000E+001</data>
<data> 1.65740000E-002</data>
<data> 1.19710000E-002</data>
<data> 5.85760000E-003</data>
</auxiliary>
<auxiliary keyword="CHEB">
<data> 1.89220000E-001</data>
<data>-5.33330000E-003</data>
<data>-3.82100000E-003</data>
<data>-1.85140000E-003</data>
</auxiliary>
<auxiliary keyword="CHEB">
<data> 6.88850000E-002</data>
<data>-2.11140000E-004</data>
<data>-1.75420000E-004</data>
<data>-9.93120000E-005</data>
</auxiliary>
</reaction>
<reaction formula="CH2CHO+iC4H7(+M)=C4H7OJ(79)+C2H3(+M)">
<rate A=" 1.00000000E+000" B=" 0.00000000E+000" E=" 0.00000000E+000"/>
<auxiliary keyword="TCHEB">
<data> 3.00000000E+002</data>
<data> 2.10000000E+003</data>
</auxiliary>
<auxiliary keyword="PCHEB">
<data> 9.86923267E-003</data>
<data> 9.86923267E+001</data>
</auxiliary>
<auxiliary keyword="CHEB">
<data>     4</data>
<data>     4</data>
</auxiliary>
<auxiliary keyword="CHEB">
<data>-5.95340000E+000</data>
<data>-3.49430000E-001</data>
<data>-1.60970000E-001</data>
<data>-3.40850000E-002</data>
</auxiliary>
<auxiliary keyword="CHEB">
<data> 1.56080000E+001</data>
<data> 4.38400000E-001</data>
<data> 1.86220000E-001</data>
<data> 2.86980000E-002</data>
</auxiliary>
<auxiliary keyword="CHEB">
<data> 1.90470000E-001</data>
<data>-4.53700000E-002</data>
<data> 4.36100000E-003</data>
<data> 1.75050000E-002</data>
</auxiliary>
<auxiliary keyword="CHEB">
<data> 5.42770000E-002</data>
<data>-5.17040000E-002</data>
<data>-3.08910000E-002</data>
<data>-1.02110000E-002</data>
</auxiliary>
</reaction>
<reaction formula="CH2CHO+CH3(+M)=CH3O+C2H3(+M)">
<rate A=" 1.00000000E+000" B=" 0.00000000E+000" E=" 0.00000000E+000"/>
<auxiliary keyword="TCHEB">
<data> 3.00000000E+002</data>
<data> 2.10000000E+003</data>
</auxiliary>
<auxiliary keyword="PCHEB">
<data> 9.86923267E-003</data>
<data> 9.86923267E+001</data>
</auxiliary>
<auxiliary keyword="CHEB">
<data>     4</data>
<data>     4</data>
</auxiliary>
<auxiliary keyword="CHEB">
<data>-8.81600000E-001</data>
<data>-1.41000000E-001</data>
<data>-8.83350000E-002</data>
<data>-3.55220000E-002</data>
</auxiliary>
<auxiliary keyword="CHEB">
<data> 1.11400000E+001</data>
<data> 1.74360000E-001</data>
<data> 1.06920000E-001</data>
<data> 4.15010000E-002</data>
</auxiliary>
<auxiliary keyword="CHEB">
<data> 2.07410000E-001</data>
<data>-1.39270000E-002</data>
<data>-5.14100000E-003</data>
<data> 2.39080000E-004</data>
</auxiliary>
<auxiliary keyword="CHEB">
<data> 8.53550000E-002</data>
<data>-2.32140000E-002</data>
<data>-1.54230000E-002</data>
<data>-6.74940000E-003</data>
</auxiliary>
</reaction>
<reaction formula="CH2CHO+HO2(+M)=CO+sSPC(1735)(+M)">
<rate A=" 1.00000000E+000" B=" 0.00000000E+000" E=" 0.00000000E+000"/>
<auxiliary keyword="TCHEB">
<data> 3.00000000E+002</data>
<data> 2.10000000E+003</data>
</auxiliary>
<auxiliary keyword="PCHEB">
<data> 9.86923267E-003</data>
<data> 9.86923267E+001</data>
</auxiliary>
<auxiliary keyword="CHEB">
<data>     4</data>
<data>     4</data>
</auxiliary>
<auxiliary keyword="CHEB">
<data> 2.95750000E+000</data>
<data>-4.08660000E-001</data>
<data>-1.73800000E-001</data>
<data>-2.89950000E-002</data>
</auxiliary>
<auxiliary keyword="CHEB">
<data> 6.37840000E+000</data>
<data> 4.82030000E-001</data>
<data> 1.85190000E-001</data>
<data> 1.74230000E-002</data>
</auxiliary>
<auxiliary keyword="CHEB">
<data> 1.79490000E-001</data>
<data>-1.99940000E-002</data>
<data> 1.86010000E-002</data>
<data> 2.05900000E-002</data>
</auxiliary>
<auxiliary keyword="CHEB">
<data> 4.67220000E-002</data>
<data>-5.21050000E-002</data>
<data>-2.50210000E-002</data>
<data>-4.71210000E-003</data>
</auxiliary>
</reaction>
<reaction formula="CH2CHO+HO2(+M)=H+nSPC(543)(+M)">
<rate A=" 1.00000000E+000" B=" 0.00000000E+000" E=" 0.00000000E+000"/>
<auxiliary keyword="TCHEB">
<data> 3.00000000E+002</data>
<data> 2.10000000E+003</data>
</auxiliary>
<auxiliary keyword="PCHEB">
<data> 9.86923267E-003</data>
<data> 9.86923267E+001</data>
</auxiliary>
<auxiliary keyword="CHEB">
<data>     4</data>
<data>     4</data>
</auxiliary>
<auxiliary keyword="CHEB">
<data> 1.59820000E+000</data>
<data>-2.60280000E-001</data>
<data>-1.36670000E-001</data>
<data>-3.97710000E-002</data>
</auxiliary>
<auxiliary keyword="CHEB">
<data> 7.71490000E+000</data>
<data> 3.15620000E-001</data>
<data> 1.56270000E-001</data>
<data> 3.90130000E-002</data>
</auxiliary>
<auxiliary keyword="CHEB">
<data> 1.82210000E-001</data>
<data>-2.42840000E-002</data>
<data> 1.18470000E-003</data>
<data> 9.66680000E-003</data>
</auxiliary>
<auxiliary keyword="CHEB">
<data> 5.93220000E-002</data>
<data>-3.22570000E-002</data>
<data>-1.97080000E-002</data>
<data>-7.31010000E-003</data>
</auxiliary>
</reaction>
<reaction formula="CO+sSPC(1735)(+M)=H+nSPC(543)(+M)">
<rate A=" 1.00000000E+000" B=" 0.00000000E+000" E=" 0.00000000E+000"/>
<auxiliary keyword="TCHEB">
<data> 3.00000000E+002</data>
<data> 2.10000000E+003</data>
</auxiliary>
<auxiliary keyword="PCHEB">
<data> 9.86923267E-003</data>
<data> 9.86923267E+001</data>
</auxiliary>
<auxiliary keyword="CHEB">
<data>     4</data>
<data>     4</data>
</auxiliary>
<auxiliary keyword="CHEB">
<data>-3.06230000E+001</data>
<data>-2.07250000E-001</data>
<data>-1.13830000E-001</data>
<data>-3.64900000E-002</data>
</auxiliary>
<auxiliary keyword="CHEB">
<data> 2.98450000E+001</data>
<data> 2.68280000E-001</data>
<data> 1.40700000E-001</data>
<data> 4.06430000E-002</data>
</auxiliary>
<auxiliary keyword="CHEB">
<data> 4.53850000E-001</data>
<data>-4.29490000E-002</data>
<data>-1.24110000E-002</data>
<data> 3.39730000E-003</data>
</auxiliary>
<auxiliary keyword="CHEB">
<data> 1.16490000E-001</data>
<data>-2.28330000E-002</data>
<data>-1.65710000E-002</data>
<data>-7.81730000E-003</data>
</auxiliary>
</reaction>
<reaction formula="CH2CHO+tSPC(54)(+M)=nSPC(543)+iC4H7(+M)">
<rate A=" 1.00000000E+000" B=" 0.00000000E+000" E=" 0.00000000E+000"/>
<auxiliary keyword="TCHEB">
<data> 3.00000000E+002</data>
<data> 2.10000000E+003</data>
</auxiliary>
<auxiliary keyword="PCHEB">
<data> 9.86923267E-003</data>
<data> 9.86923267E+001</data>
</auxiliary>
<auxiliary keyword="CHEB">
<data>     4</data>
<data>     4</data>
</auxiliary>
<auxiliary keyword="CHEB">
<data> 1.02610000E+001</data>
<data>-1.34200000E+000</data>
<data>-4.75770000E-002</data>
<data> 8.14730000E-004</data>
</auxiliary>
<auxiliary keyword="CHEB">
<data> 4.12730000E+000</data>
<data> 1.10550000E+000</data>
<data>-5.80000000E-002</data>
<data>-9.88040000E-003</data>
</auxiliary>
<auxiliary keyword="CHEB">
<data> 9.34150000E-003</data>
<data> 4.23600000E-001</data>
<data> 5.34490000E-002</data>
<data>-8.02670000E-003</data>
</auxiliary>
<auxiliary keyword="CHEB">
<data>-2.92330000E-001</data>
<data>-5.73780000E-002</data>
<data> 6.58400000E-002</data>
<data> 5.68070000E-003</data>
</auxiliary>
</reaction>
<reaction formula="CH2CHO+tSPC(122)(+M)=nSPC(543)+tSPC(77)(+M)">
<rate A=" 1.00000000E+000" B=" 0.00000000E+000" E=" 0.00000000E+000"/>
<auxiliary keyword="TCHEB">
<data> 3.00000000E+002</data>
<data> 2.10000000E+003</data>
</auxiliary>
<auxiliary keyword="PCHEB">
<data> 9.86923267E-003</data>
<data> 9.86923267E+001</data>
</auxiliary>
<auxiliary keyword="CHEB">
<data>     4</data>
<data>     4</data>
</auxiliary>
<auxiliary keyword="CHEB">
<data> 9.24290000E+000</data>
<data>-1.39410000E+000</data>
<data>-4.47520000E-002</data>
<data>-1.45430000E-003</data>
</auxiliary>
<auxiliary keyword="CHEB">
<data> 5.09660000E+000</data>
<data> 1.03970000E+000</data>
<data>-7.19060000E-002</data>
<data>-9.87620000E-003</data>
</auxiliary>
<auxiliary keyword="CHEB">
<data> 2.52830000E-001</data>
<data> 4.73070000E-001</data>
<data> 3.61030000E-002</data>
<data>-8.14730000E-003</data>
</auxiliary>
<auxiliary keyword="CHEB">
<data>-5.67940000E-001</data>
<data> 8.81670000E-003</data>
<data> 6.96150000E-002</data>
<data> 2.76470000E-003</data>
</auxiliary>
</reaction>
<reaction formula="CH2CHO+tSPC(97)(+M)=nSPC(543)+HOC[CH2][CH3]2(+M)">
<rate A=" 1.00000000E+000" B=" 0.00000000E+000" E=" 0.00000000E+000"/>
<auxiliary keyword="TCHEB">
<data> 3.00000000E+002</data>
<data> 2.10000000E+003</data>
</auxiliary>
<auxiliary keyword="PCHEB">
<data> 9.86923267E-003</data>
<data> 9.86923267E+001</data>
</auxiliary>
<auxiliary keyword="CHEB">
<data>     4</data>
<data>     4</data>
</auxiliary>
<auxiliary keyword="CHEB">
<data> 6.95940000E+000</data>
<data>-1.42140000E+000</data>
<data>-3.96310000E-002</data>
<data>-1.48650000E-003</data>
</auxiliary>
<auxiliary keyword="CHEB">
<data> 7.06370000E+000</data>
<data> 1.00150000E+000</data>
<data>-7.03460000E-002</data>
<data>-7.69010000E-003</data>
</auxiliary>
<auxiliary keyword="CHEB">
<data> 3.05000000E-001</data>
<data> 5.09970000E-001</data>
<data> 2.75220000E-002</data>
<data>-7.19290000E-003</data>
</auxiliary>
<auxiliary keyword="CHEB">
<data>-3.69840000E-001</data>
<data> 5.89500000E-002</data>
<data> 6.61540000E-002</data>
<data> 7.40930000E-004</data>
</auxiliary>
</reaction>
<reaction formula="CH2CHO+sSPC(1697)(+M)=nSPC(543)+CH3(+M)">
<rate A=" 1.00000000E+000" B=" 0.00000000E+000" E=" 0.00000000E+000"/>
<auxiliary keyword="TCHEB">
<data> 3.00000000E+002</data>
<data> 2.10000000E+003</data>
</auxiliary>
<auxiliary keyword="PCHEB">
<data> 9.86923267E-003</data>
<data> 9.86923267E+001</data>
</auxiliary>
<auxiliary keyword="CHEB">
<data>     4</data>
<data>     4</data>
</auxiliary>
<auxiliary keyword="CHEB">
<data> 9.31330000E+000</data>
<data>-1.24680000E+000</data>
<data>-6.23630000E-002</data>
<data> 4.50320000E-003</data>
</auxiliary>
<auxiliary keyword="CHEB">
<data> 4.56480000E+000</data>
<data> 1.14020000E+000</data>
<data>-3.05600000E-002</data>
<data>-1.19200000E-002</data>
</auxiliary>
<auxiliary keyword="CHEB">
<data> 5.34860000E-002</data>
<data> 3.08560000E-001</data>
<data> 7.68370000E-002</data>
<data>-5.89500000E-003</data>
</auxiliary>
<auxiliary keyword="CHEB">
<data>-2.25410000E-001</data>
<data>-1.07040000E-001</data>
<data> 4.51470000E-002</data>
<data> 1.06000000E-002</data>
</auxiliary>
</reaction>
<reaction formula="CH2CHO+tSPC(878)(+M)=nSPC(543)+tSPC(346)(+M)">
<rate A=" 1.00000000E+000" B=" 0.00000000E+000" E=" 0.00000000E+000"/>
<auxiliary keyword="TCHEB">
<data> 3.00000000E+002</data>
<data> 2.10000000E+003</data>
</auxiliary>
<auxiliary keyword="PCHEB">
<data> 9.86923267E-003</data>
<data> 9.86923267E+001</data>
</auxiliary>
<auxiliary keyword="CHEB">
<data>     4</data>
<data>     4</data>
</auxiliary>
<auxiliary keyword="CHEB">
<data> 9.32650000E+000</data>
<data>-1.33100000E+000</data>
<data>-4.33150000E-002</data>
<data> 1.20330000E-003</data>
</auxiliary>
<auxiliary keyword="CHEB">
<data> 5.05340000E+000</data>
<data> 1.11290000E+000</data>
<data>-4.71280000E-002</data>
<data>-7.42430000E-003</data>
</auxiliary>
<auxiliary keyword="CHEB">
<data>-3.57700000E-002</data>
<data> 4.15040000E-001</data>
<data> 5.26980000E-002</data>
<data>-5.85480000E-003</data>
</auxiliary>
<auxiliary keyword="CHEB">
<data>-3.35000000E-001</data>
<data>-6.05730000E-002</data>
<data> 5.69070000E-002</data>
<data> 5.03770000E-003</data>
</auxiliary>
</reaction>
<reaction formula="CH2CHO+tSPC(1286)(+M)=nSPC(543)+C3H3O-enone(+M)">
<rate A=" 1.00000000E+000" B=" 0.00000000E+000" E=" 0.00000000E+000"/>
<auxiliary keyword="TCHEB">
<data> 3.00000000E+002</data>
<data> 2.10000000E+003</data>
</auxiliary>
<auxiliary keyword="PCHEB">
<data> 9.86923267E-003</data>
<data> 9.86923267E+001</data>
</auxiliary>
<auxiliary keyword="CHEB">
<data>     4</data>
<data>     4</data>
</auxiliary>
<auxiliary keyword="CHEB">
<data> 7.86170000E+000</data>
<data>-1.44080000E+000</data>
<data>-3.83140000E-002</data>
<data>-7.77200000E-004</data>
</auxiliary>
<auxiliary keyword="CHEB">
<data> 5.95130000E+000</data>
<data> 9.60410000E-001</data>
<data>-6.80810000E-002</data>
<data>-5.89110000E-003</data>
</auxiliary>
<auxiliary keyword="CHEB">
<data> 2.67590000E-001</data>
<data> 5.26550000E-001</data>
<data> 2.44790000E-002</data>
<data>-7.28320000E-003</data>
</auxiliary>
<auxiliary keyword="CHEB">
<data>-3.49590000E-001</data>
<data> 1.03860000E-001</data>
<data> 6.18710000E-002</data>
<data>-7.84860000E-004</data>
</auxiliary>
</reaction>
<reaction formula="CO2+CH2CHO(+M)=CH2CO+sSPC(2810)(+M)">
<rate A=" 1.00000000E+000" B=" 0.00000000E+000" E=" 0.00000000E+000"/>
<auxiliary keyword="TCHEB">
<data> 3.00000000E+002</data>
<data> 2.10000000E+003</data>
</auxiliary>
<auxiliary keyword="PCHEB">
<data> 9.86923267E-003</data>
<data> 9.86923267E+001</data>
</auxiliary>
<auxiliary keyword="CHEB">
<data>     4</data>
<data>     4</data>
</auxiliary>
<auxiliary keyword="CHEB">
<data>-1.97940000E+001</data>
<data>-3.74150000E-004</data>
<data>-2.74120000E-004</data>
<data>-1.36420000E-004</data>
</auxiliary>
<auxiliary keyword="CHEB">
<data> 2.46200000E+001</data>
<data> 4.93660000E-004</data>
<data> 3.61660000E-004</data>
<data> 1.79970000E-004</data>
</auxiliary>
<auxiliary keyword="CHEB">
<data> 2.30450000E-002</data>
<data>-1.01220000E-004</data>
<data>-7.41270000E-005</data>
<data>-3.68710000E-005</data>
</auxiliary>
<auxiliary keyword="CHEB">
<data> 3.67950000E-002</data>
<data>-3.18770000E-005</data>
<data>-2.33700000E-005</data>
<data>-1.16390000E-005</data>
</auxiliary>
</reaction>
<reaction formula="CH2CHO+O(+M)=CO+CH3O(+M)">
<rate A=" 1.00000000E+000" B=" 0.00000000E+000" E=" 0.00000000E+000"/>
<auxiliary keyword="TCHEB">
<data> 3.00000000E+002</data>
<data> 2.10000000E+003</data>
</auxiliary>
<auxiliary keyword="PCHEB">
<data> 9.86923267E-003</data>
<data> 9.86923267E+001</data>
</auxiliary>
<auxiliary keyword="CHEB">
<data>     4</data>
<data>     4</data>
</auxiliary>
<auxiliary keyword="CHEB">
<data> 6.58450000E+000</data>
<data>-4.66040000E-005</data>
<data>-3.41540000E-005</data>
<data>-1.70030000E-005</data>
</auxiliary>
<auxiliary keyword="CHEB">
<data> 1.89230000E+000</data>
<data> 4.46480000E-005</data>
<data> 3.27200000E-005</data>
<data> 1.62890000E-005</data>
</auxiliary>
<auxiliary keyword="CHEB">
<data> 6.75910000E-001</data>
<data>-1.05950000E-005</data>
<data>-7.76420000E-006</data>
<data>-3.86500000E-006</data>
</auxiliary>
<auxiliary keyword="CHEB">
<data> 2.01990000E-001</data>
<data>-2.34910000E-006</data>
<data>-1.72170000E-006</data>
<data>-8.57180000E-007</data>
</auxiliary>
</reaction>
<reaction formula="CH2CHO+O(+M)=CH2O+HCO(+M)">
<rate A=" 1.00000000E+000" B=" 0.00000000E+000" E=" 0.00000000E+000"/>
<auxiliary keyword="TCHEB">
<data> 3.00000000E+002</data>
<data> 2.10000000E+003</data>
</auxiliary>
<auxiliary keyword="PCHEB">
<data> 9.86923267E-003</data>
<data> 9.86923267E+001</data>
</auxiliary>
<auxiliary keyword="CHEB">
<data>     4</data>
<data>     4</data>
</auxiliary>
<auxiliary keyword="CHEB">
<data> 1.32440000E+001</data>
<data>-4.81650000E-005</data>
<data>-3.52990000E-005</data>
<data>-1.75730000E-005</data>
</auxiliary>
<auxiliary keyword="CHEB">
<data> 1.81930000E-001</data>
<data> 4.43830000E-005</data>
<data> 3.25260000E-005</data>
<data> 1.61920000E-005</data>
</auxiliary>
<auxiliary keyword="CHEB">
<data> 5.65740000E-002</data>
<data>-1.05240000E-005</data>
<data>-7.71220000E-006</data>
<data>-3.83910000E-006</data>
</auxiliary>
<auxiliary keyword="CHEB">
<data> 3.29060000E-002</data>
<data>-2.54850000E-006</data>
<data>-1.86780000E-006</data>
<data>-9.29930000E-007</data>
</auxiliary>
</reaction>
<reaction formula="nSPC(543)+CH3(+M)=sSPC(1356)+H(+M)">
<rate A=" 1.00000000E+000" B=" 0.00000000E+000" E=" 0.00000000E+000"/>
<auxiliary keyword="TCHEB">
<data> 3.00000000E+002</data>
<data> 2.10000000E+003</data>
</auxiliary>
<auxiliary keyword="PCHEB">
<data> 9.86923267E-003</data>
<data> 9.86923267E+001</data>
</auxiliary>
<auxiliary keyword="CHEB">
<data>     4</data>
<data>     4</data>
</auxiliary>
<auxiliary keyword="CHEB">
<data> 1.67380000E+000</data>
<data>-6.72030000E-001</data>
<data>-1.46300000E-001</data>
<data> 2.72190000E-003</data>
</auxiliary>
<auxiliary keyword="CHEB">
<data> 6.35090000E+000</data>
<data> 8.52850000E-001</data>
<data> 1.39770000E-001</data>
<data>-2.67720000E-002</data>
</auxiliary>
<auxiliary keyword="CHEB">
<data> 2.86170000E-002</data>
<data>-1.13800000E-001</data>
<data> 3.88860000E-002</data>
<data> 2.89070000E-002</data>
</auxiliary>
<auxiliary keyword="CHEB">
<data> 4.57730000E-003</data>
<data>-9.49770000E-002</data>
<data>-3.15000000E-002</data>
<data>-8.34610000E-005</data>
</auxiliary>
</reaction>
<reaction formula="C2H4O+CH3(+M)=H2CCCH3[OH]+H(+M)">
<rate A=" 1.00000000E+000" B=" 0.00000000E+000" E=" 0.00000000E+000"/>
<auxiliary keyword="TCHEB">
<data> 3.00000000E+002</data>
<data> 2.10000000E+003</data>
</auxiliary>
<auxiliary keyword="PCHEB">
<data> 9.86923267E-003</data>
<data> 9.86923267E+001</data>
</auxiliary>
<auxiliary keyword="CHEB">
<data>     4</data>
<data>     4</data>
</auxiliary>
<auxiliary keyword="CHEB">
<data> 4.64900000E+000</data>
<data>-2.48190000E-001</data>
<data>-1.01330000E-001</data>
<data>-2.01830000E-002</data>
</auxiliary>
<auxiliary keyword="CHEB">
<data> 4.44640000E+000</data>
<data> 3.49620000E-001</data>
<data> 1.32530000E-001</data>
<data> 2.10640000E-002</data>
</auxiliary>
<auxiliary keyword="CHEB">
<data> 8.99250000E-003</data>
<data>-9.79570000E-002</data>
<data>-2.04720000E-002</data>
<data> 5.68520000E-003</data>
</auxiliary>
<auxiliary keyword="CHEB">
<data> 2.66640000E-002</data>
<data>-1.17440000E-002</data>
<data>-1.50440000E-002</data>
<data>-7.53790000E-003</data>
</auxiliary>
</reaction>
<reaction formula="C8H14+HO2(+M)=C4H8O2(62)+iC4H7(+M)">
<rate A=" 1.00000000E+000" B=" 0.00000000E+000" E=" 0.00000000E+000"/>
<auxiliary keyword="TCHEB">
<data> 3.00000000E+002</data>
<data> 2.10000000E+003</data>
</auxiliary>
<auxiliary keyword="PCHEB">
<data> 9.86923267E-003</data>
<data> 9.86923267E+001</data>
</auxiliary>
<auxiliary keyword="CHEB">
<data>     4</data>
<data>     4</data>
</auxiliary>
<auxiliary keyword="CHEB">
<data> 3.16640000E+000</data>
<data>-8.59510000E-001</data>
<data>-1.99900000E-001</data>
<data> 5.50180000E-003</data>
</auxiliary>
<auxiliary keyword="CHEB">
<data> 7.15100000E+000</data>
<data> 8.53390000E-001</data>
<data> 9.32090000E-002</data>
<data>-5.36040000E-002</data>
</auxiliary>
<auxiliary keyword="CHEB">
<data> 4.01280000E-002</data>
<data> 4.40540000E-002</data>
<data> 1.00850000E-001</data>
<data> 2.21160000E-002</data>
</auxiliary>
<auxiliary keyword="CHEB">
<data> 1.01720000E-002</data>
<data>-4.54090000E-002</data>
<data> 2.47520000E-003</data>
<data> 2.11960000E-002</data>
</auxiliary>
</reaction>
<reaction formula="C8H14+O(+M)=C4H7OJ(79)+iC4H7(+M)">
<rate A=" 1.00000000E+000" B=" 0.00000000E+000" E=" 0.00000000E+000"/>
<auxiliary keyword="TCHEB">
<data> 3.00000000E+002</data>
<data> 2.10000000E+003</data>
</auxiliary>
<auxiliary keyword="PCHEB">
<data> 9.86923267E-003</data>
<data> 9.86923267E+001</data>
</auxiliary>
<auxiliary keyword="CHEB">
<data>     4</data>
<data>     4</data>
</auxiliary>
<auxiliary keyword="CHEB">
<data> 1.05270000E+001</data>
<data>-1.23180000E+000</data>
<data>-9.47040000E-002</data>
<data> 4.65680000E-003</data>
</auxiliary>
<auxiliary keyword="CHEB">
<data> 2.48150000E+000</data>
<data> 1.10640000E+000</data>
<data>-5.04590000E-002</data>
<data>-2.93190000E-002</data>
</auxiliary>
<auxiliary keyword="CHEB">
<data>-9.67720000E-002</data>
<data> 2.60850000E-001</data>
<data> 9.09070000E-002</data>
<data>-1.25340000E-002</data>
</auxiliary>
<auxiliary keyword="CHEB">
<data>-1.72630000E-001</data>
<data>-1.13320000E-001</data>
<data> 5.69520000E-002</data>
<data> 1.85620000E-002</data>
</auxiliary>
</reaction>
<reaction formula="CH2C[O]CH3+HO2(+M)=tSPC(3683)+H(+M)">
<rate A=" 1.00000000E+000" B=" 0.00000000E+000" E=" 0.00000000E+000"/>
<auxiliary keyword="TCHEB">
<data> 3.00000000E+002</data>
<data> 2.10000000E+003</data>
</auxiliary>
<auxiliary keyword="PCHEB">
<data> 9.86923267E-003</data>
<data> 9.86923267E+001</data>
</auxiliary>
<auxiliary keyword="CHEB">
<data>     4</data>
<data>     4</data>
</auxiliary>
<auxiliary keyword="CHEB">
<data>-1.69740000E+000</data>
<data>-1.31460000E-003</data>
<data>-9.62800000E-004</data>
<data>-4.78950000E-004</data>
</auxiliary>
<auxiliary keyword="CHEB">
<data> 1.07070000E+001</data>
<data> 2.59610000E-004</data>
<data> 1.90100000E-004</data>
<data> 9.45400000E-005</data>
</auxiliary>
<auxiliary keyword="CHEB">
<data> 2.67010000E-001</data>
<data> 5.01130000E-004</data>
<data> 3.66850000E-004</data>
<data> 1.82380000E-004</data>
</auxiliary>
<auxiliary keyword="CHEB">
<data> 7.70430000E-002</data>
<data> 1.54840000E-004</data>
<data> 1.13380000E-004</data>
<data> 5.63900000E-005</data>
</auxiliary>
</reaction>
<reaction formula="C3H3O-enone+CH2C[O]CH3(+M)=tSPC(1553)+sC3H5(+M)">
<rate A=" 1.00000000E+000" B=" 0.00000000E+000" E=" 0.00000000E+000"/>
<auxiliary keyword="TCHEB">
<data> 3.00000000E+002</data>
<data> 2.10000000E+003</data>
</auxiliary>
<auxiliary keyword="PCHEB">
<data> 9.86923267E-003</data>
<data> 9.86923267E+001</data>
</auxiliary>
<auxiliary keyword="CHEB">
<data>     4</data>
<data>     4</data>
</auxiliary>
<auxiliary keyword="CHEB">
<data> 1.49350000E+000</data>
<data>-2.41550000E-005</data>
<data>-1.77030000E-005</data>
<data>-8.81320000E-006</data>
</auxiliary>
<auxiliary keyword="CHEB">
<data> 9.22970000E+000</data>
<data> 1.33770000E-005</data>
<data> 9.80400000E-006</data>
<data> 4.88080000E-006</data>
</auxiliary>
<auxiliary keyword="CHEB">
<data> 1.41250000E-001</data>
<data> 1.46600000E-006</data>
<data> 1.07440000E-006</data>
<data> 5.34890000E-007</data>
</auxiliary>
<auxiliary keyword="CHEB">
<data> 5.35330000E-002</data>
<data> 5.24780000E-007</data>
<data> 3.84610000E-007</data>
<data> 1.91480000E-007</data>
</auxiliary>
</reaction>
<reaction formula="sSPC(1356)(+M)=tSPC(3683)(+M)">
<rate A=" 1.00000000E+000" B=" 0.00000000E+000" E=" 0.00000000E+000"/>
<auxiliary keyword="TCHEB">
<data> 3.00000000E+002</data>
<data> 2.10000000E+003</data>
</auxiliary>
<auxiliary keyword="PCHEB">
<data> 9.86923267E-003</data>
<data> 9.86923267E+001</data>
</auxiliary>
<auxiliary keyword="CHEB">
<data>     4</data>
<data>     4</data>
</auxiliary>
<auxiliary keyword="CHEB">
<data> 2.76400000E-001</data>
<data> 9.10830000E-001</data>
<data>-1.49120000E-001</data>
<data> 1.33120000E-002</data>
</auxiliary>
<auxiliary keyword="CHEB">
<data> 5.69240000E+000</data>
<data> 1.01740000E+000</data>
<data>-6.45340000E-003</data>
<data>-4.53300000E-002</data>
</auxiliary>
<auxiliary keyword="CHEB">
<data>-9.29810000E-001</data>
<data> 3.85430000E-001</data>
<data> 6.20350000E-002</data>
<data>-1.89860000E-002</data>
</auxiliary>
<auxiliary keyword="CHEB">
<data>-4.40610000E-001</data>
<data> 1.26430000E-001</data>
<data> 1.73970000E-002</data>
<data>-5.32340000E-004</data>
</auxiliary>
</reaction>
<reaction formula="tSPC(3683)(+M)=O2+CH2C[O]CH3(+M)">
<rate A=" 1.00000000E+000" B=" 0.00000000E+000" E=" 0.00000000E+000"/>
<auxiliary keyword="TCHEB">
<data> 3.00000000E+002</data>
<data> 2.10000000E+003</data>
</auxiliary>
<auxiliary keyword="PCHEB">
<data> 9.86923267E-003</data>
<data> 9.86923267E+001</data>
</auxiliary>
<auxiliary keyword="CHEB">
<data>     4</data>
<data>     4</data>
</auxiliary>
<auxiliary keyword="CHEB">
<data> 4.25610000E+000</data>
<data> 3.52930000E-002</data>
<data>-3.78860000E-001</data>
<data> 1.22140000E-002</data>
</auxiliary>
<auxiliary keyword="CHEB">
<data> 4.67710000E+000</data>
<data> 1.43420000E+000</data>
<data> 7.43050000E-002</data>
<data>-7.19100000E-002</data>
</auxiliary>
<auxiliary keyword="CHEB">
<data>-7.01040000E-001</data>
<data> 1.35470000E-001</data>
<data> 8.38580000E-002</data>
<data> 8.86910000E-003</data>
</auxiliary>
<auxiliary keyword="CHEB">
<data>-2.68150000E-001</data>
<data>-7.95420000E-002</data>
<data> 6.04100000E-003</data>
<data> 9.03300000E-003</data>
</auxiliary>
</reaction>
<reaction formula="tSPC(3683)(+M)=sSPC(1590)+O(+M)">
<rate A=" 1.00000000E+000" B=" 0.00000000E+000" E=" 0.00000000E+000"/>
<auxiliary keyword="TCHEB">
<data> 3.00000000E+002</data>
<data> 2.10000000E+003</data>
</auxiliary>
<auxiliary keyword="PCHEB">
<data> 9.86923267E-003</data>
<data> 9.86923267E+001</data>
</auxiliary>
<auxiliary keyword="CHEB">
<data>     4</data>
<data>     4</data>
</auxiliary>
<auxiliary keyword="CHEB">
<data>-9.31730000E+000</data>
<data> 1.57440000E+000</data>
<data>-2.20970000E-001</data>
<data>-6.24580000E-002</data>
</auxiliary>
<auxiliary keyword="CHEB">
<data> 1.35380000E+001</data>
<data> 2.92660000E-001</data>
<data> 1.33390000E-001</data>
<data> 2.53060000E-002</data>
</auxiliary>
<auxiliary keyword="CHEB">
<data>-7.27960000E-001</data>
<data> 2.80880000E-002</data>
<data> 2.82790000E-002</data>
<data> 1.65940000E-002</data>
</auxiliary>
<auxiliary keyword="CHEB">
<data>-3.20050000E-001</data>
<data> 1.86700000E-002</data>
<data> 1.10990000E-002</data>
<data> 4.42120000E-003</data>
</auxiliary>
</reaction>
<reaction formula="tSPC(1553)+CH2C[O]CH3(+M)=C3H3O-enone+sSPC(1590)(+M)">
<rate A=" 1.00000000E+000" B=" 0.00000000E+000" E=" 0.00000000E+000"/>
<auxiliary keyword="TCHEB">
<data> 3.00000000E+002</data>
<data> 2.10000000E+003</data>
</auxiliary>
<auxiliary keyword="PCHEB">
<data> 9.86923267E-003</data>
<data> 9.86923267E+001</data>
</auxiliary>
<auxiliary keyword="CHEB">
<data>     4</data>
<data>     4</data>
</auxiliary>
<auxiliary keyword="CHEB">
<data> 7.71720000E+000</data>
<data>-2.42400000E-001</data>
<data>-1.14590000E-001</data>
<data>-2.83560000E-002</data>
</auxiliary>
<auxiliary keyword="CHEB">
<data> 4.39210000E+000</data>
<data> 3.33600000E-001</data>
<data> 1.43120000E-001</data>
<data> 2.61110000E-002</data>
</auxiliary>
<auxiliary keyword="CHEB">
<data> 6.84630000E-002</data>
<data>-1.03830000E-001</data>
<data>-2.49680000E-002</data>
<data> 8.66470000E-003</data>
</auxiliary>
<auxiliary keyword="CHEB">
<data> 6.10840000E-002</data>
<data> 9.40610000E-003</data>
<data>-6.99340000E-003</data>
<data>-8.22710000E-003</data>
</auxiliary>
</reaction>
<reaction formula="CH2C[O]CH3(+M)=O+sC3H5(+M)">
<rate A=" 1.00000000E+000" B=" 0.00000000E+000" E=" 0.00000000E+000"/>
<auxiliary keyword="TCHEB">
<data> 3.00000000E+002</data>
<data> 2.10000000E+003</data>
</auxiliary>
<auxiliary keyword="PCHEB">
<data> 9.86923267E-003</data>
<data> 9.86923267E+001</data>
</auxiliary>
<auxiliary keyword="CHEB">
<data>     4</data>
<data>     4</data>
</auxiliary>
<auxiliary keyword="CHEB">
<data>-3.98200000E+001</data>
<data> 1.99550000E+000</data>
<data>-3.29740000E-003</data>
<data>-1.62050000E-003</data>
</auxiliary>
<auxiliary keyword="CHEB">
<data> 3.73820000E+001</data>
<data> 5.47800000E-003</data>
<data> 3.95990000E-003</data>
<data> 1.93960000E-003</data>
</auxiliary>
<auxiliary keyword="CHEB">
<data>-4.32640000E-001</data>
<data>-6.05280000E-004</data>
<data>-4.21930000E-004</data>
<data>-1.97540000E-004</data>
</auxiliary>
<auxiliary keyword="CHEB">
<data>-1.12540000E-001</data>
<data>-4.29840000E-004</data>
<data>-3.17430000E-004</data>
<data>-1.59400000E-004</data>
</auxiliary>
</reaction>
<reaction formula="CH2CO+CH3(+M)=O+sC3H5(+M)">
<rate A=" 1.00000000E+000" B=" 0.00000000E+000" E=" 0.00000000E+000"/>
<auxiliary keyword="TCHEB">
<data> 3.00000000E+002</data>
<data> 2.10000000E+003</data>
</auxiliary>
<auxiliary keyword="PCHEB">
<data> 9.86923267E-003</data>
<data> 9.86923267E+001</data>
</auxiliary>
<auxiliary keyword="CHEB">
<data>     4</data>
<data>     4</data>
</auxiliary>
<auxiliary keyword="CHEB">
<data>-2.73810000E+001</data>
<data>-4.50320000E-003</data>
<data>-3.26430000E-003</data>
<data>-1.60430000E-003</data>
</auxiliary>
<auxiliary keyword="CHEB">
<data> 3.02610000E+001</data>
<data> 5.46460000E-003</data>
<data> 3.95050000E-003</data>
<data> 1.93520000E-003</data>
</auxiliary>
<auxiliary keyword="CHEB">
<data>-9.33630000E-002</data>
<data>-6.28310000E-004</data>
<data>-4.38770000E-004</data>
<data>-2.05900000E-004</data>
</auxiliary>
<auxiliary keyword="CHEB">
<data>-4.39190000E-002</data>
<data>-4.27530000E-004</data>
<data>-3.15850000E-004</data>
<data>-1.58680000E-004</data>
</auxiliary>
</reaction>
<reaction formula="CH2C[O]CH3+iC4H7(+M)=sC3H5+C4H7OJ(79)(+M)">
<rate A=" 1.00000000E+000" B=" 0.00000000E+000" E=" 0.00000000E+000"/>
<auxiliary keyword="TCHEB">
<data> 3.00000000E+002</data>
<data> 2.10000000E+003</data>
</auxiliary>
<auxiliary keyword="PCHEB">
<data> 9.86923267E-003</data>
<data> 9.86923267E+001</data>
</auxiliary>
<auxiliary keyword="CHEB">
<data>     4</data>
<data>     4</data>
</auxiliary>
<auxiliary keyword="CHEB">
<data>-5.17190000E+000</data>
<data>-8.50330000E-001</data>
<data>-1.80660000E-001</data>
<data> 1.82480000E-002</data>
</auxiliary>
<auxiliary keyword="CHEB">
<data> 1.54950000E+001</data>
<data> 9.38870000E-001</data>
<data> 1.31810000E-001</data>
<data>-4.81920000E-002</data>
</auxiliary>
<auxiliary keyword="CHEB">
<data> 1.61840000E-001</data>
<data> 5.13980000E-002</data>
<data> 9.02650000E-002</data>
<data> 2.07210000E-002</data>
</auxiliary>
<auxiliary keyword="CHEB">
<data>-1.59900000E-002</data>
<data>-1.28380000E-001</data>
<data>-2.09500000E-002</data>
<data> 1.89740000E-002</data>
</auxiliary>
</reaction>
<reaction formula="CH2C[O]CH3+OH(+M)=sC3H5+HO2(+M)">
<rate A=" 1.00000000E+000" B=" 0.00000000E+000" E=" 0.00000000E+000"/>
<auxiliary keyword="TCHEB">
<data> 3.00000000E+002</data>
<data> 2.10000000E+003</data>
</auxiliary>
<auxiliary keyword="PCHEB">
<data> 9.86923267E-003</data>
<data> 9.86923267E+001</data>
</auxiliary>
<auxiliary keyword="CHEB">
<data>     4</data>
<data>     4</data>
</auxiliary>
<auxiliary keyword="CHEB">
<data>-1.00990000E+001</data>
<data>-2.76200000E-005</data>
<data>-2.02420000E-005</data>
<data>-1.00770000E-005</data>
</auxiliary>
<auxiliary keyword="CHEB">
<data> 1.87050000E+001</data>
<data> 3.40140000E-005</data>
<data> 2.49280000E-005</data>
<data> 1.24100000E-005</data>
</auxiliary>
<auxiliary keyword="CHEB">
<data> 1.52840000E-001</data>
<data>-8.41660000E-006</data>
<data>-6.16810000E-006</data>
<data>-3.07060000E-006</data>
</auxiliary>
<auxiliary keyword="CHEB">
<data> 6.20240000E-002</data>
<data>-1.14780000E-006</data>
<data>-8.41270000E-007</data>
<data>-4.18860000E-007</data>
</auxiliary>
</reaction>
<reaction formula="CH2C[O]CH3+CH3(+M)=sC3H5+CH3O(+M)">
<rate A=" 1.00000000E+000" B=" 0.00000000E+000" E=" 0.00000000E+000"/>
<auxiliary keyword="TCHEB">
<data> 3.00000000E+002</data>
<data> 2.10000000E+003</data>
</auxiliary>
<auxiliary keyword="PCHEB">
<data> 9.86923267E-003</data>
<data> 9.86923267E+001</data>
</auxiliary>
<auxiliary keyword="CHEB">
<data>     4</data>
<data>     4</data>
</auxiliary>
<auxiliary keyword="CHEB">
<data>-6.98890000E-001</data>
<data>-7.56300000E-001</data>
<data>-1.94490000E-001</data>
<data> 1.03030000E-002</data>
</auxiliary>
<auxiliary keyword="CHEB">
<data> 1.14890000E+001</data>
<data> 8.33800000E-001</data>
<data> 1.58510000E-001</data>
<data>-4.15560000E-002</data>
</auxiliary>
<auxiliary keyword="CHEB">
<data> 1.74650000E-001</data>
<data> 3.96130000E-002</data>
<data> 7.55350000E-002</data>
<data> 2.89140000E-002</data>
</auxiliary>
<auxiliary keyword="CHEB">
<data> 1.44010000E-002</data>
<data>-9.92520000E-002</data>
<data>-1.74140000E-002</data>
<data> 1.30710000E-002</data>
</auxiliary>
</reaction>
<reaction formula="CH2C[O]CH3+tSPC(1553)(+M)=sC3H5+tSPC(1286)(+M)">
<rate A=" 1.00000000E+000" B=" 0.00000000E+000" E=" 0.00000000E+000"/>
<auxiliary keyword="TCHEB">
<data> 3.00000000E+002</data>
<data> 2.10000000E+003</data>
</auxiliary>
<auxiliary keyword="PCHEB">
<data> 9.86923267E-003</data>
<data> 9.86923267E+001</data>
</auxiliary>
<auxiliary keyword="CHEB">
<data>     4</data>
<data>     4</data>
</auxiliary>
<auxiliary keyword="CHEB">
<data>-1.69900000E+001</data>
<data>-1.22740000E-004</data>
<data>-8.99520000E-005</data>
<data>-4.47790000E-005</data>
</auxiliary>
<auxiliary keyword="CHEB">
<data> 2.44930000E+001</data>
<data> 2.89510000E-005</data>
<data> 2.12150000E-005</data>
<data> 1.05600000E-005</data>
</auxiliary>
<auxiliary keyword="CHEB">
<data> 2.78340000E-001</data>
<data>-1.03360000E-005</data>
<data>-7.57390000E-006</data>
<data>-3.76980000E-006</data>
</auxiliary>
<auxiliary keyword="CHEB">
<data> 9.79190000E-002</data>
<data> 3.05960000E-005</data>
<data> 2.24210000E-005</data>
<data> 1.11610000E-005</data>
</auxiliary>
</reaction>
<reaction formula="CH2C[O]CH3+C2H3(+M)=sC3H5+CH2CHO(+M)">
<rate A=" 1.00000000E+000" B=" 0.00000000E+000" E=" 0.00000000E+000"/>
<auxiliary keyword="TCHEB">
<data> 3.00000000E+002</data>
<data> 2.10000000E+003</data>
</auxiliary>
<auxiliary keyword="PCHEB">
<data> 9.86923267E-003</data>
<data> 9.86923267E+001</data>
</auxiliary>
<auxiliary keyword="CHEB">
<data>     4</data>
<data>     4</data>
</auxiliary>
<auxiliary keyword="CHEB">
<data> 9.92170000E+000</data>
<data>-1.36630000E+000</data>
<data>-4.43270000E-002</data>
<data> 1.71050000E-003</data>
</auxiliary>
<auxiliary keyword="CHEB">
<data> 4.14740000E+000</data>
<data> 1.05770000E+000</data>
<data>-5.52340000E-002</data>
<data>-6.90380000E-003</data>
</auxiliary>
<auxiliary keyword="CHEB">
<data> 3.47680000E-001</data>
<data> 4.54530000E-001</data>
<data> 4.87770000E-002</data>
<data>-7.21480000E-003</data>
</auxiliary>
<auxiliary keyword="CHEB">
<data>-2.35430000E-001</data>
<data> 3.63660000E-003</data>
<data> 6.27670000E-002</data>
<data> 3.53530000E-003</data>
</auxiliary>
</reaction>
<reaction formula="2CH2C[O]CH3(+M)=sC3H5+sSPC(1590)(+M)">
<rate A=" 1.00000000E+000" B=" 0.00000000E+000" E=" 0.00000000E+000"/>
<auxiliary keyword="TCHEB">
<data> 3.00000000E+002</data>
<data> 2.10000000E+003</data>
</auxiliary>
<auxiliary keyword="PCHEB">
<data> 9.86923267E-003</data>
<data> 9.86923267E+001</data>
</auxiliary>
<auxiliary keyword="CHEB">
<data>     4</data>
<data>     4</data>
</auxiliary>
<auxiliary keyword="CHEB">
<data>-1.46870000E+000</data>
<data>-1.14100000E+000</data>
<data>-1.13240000E-001</data>
<data> 1.89030000E-002</data>
</auxiliary>
<auxiliary keyword="CHEB">
<data> 1.26880000E+001</data>
<data> 1.11330000E+000</data>
<data> 1.27700000E-002</data>
<data>-3.46140000E-002</data>
</auxiliary>
<auxiliary keyword="CHEB">
<data> 2.78240000E-001</data>
<data> 2.29050000E-001</data>
<data> 1.06880000E-001</data>
<data>-6.58960000E-003</data>
</auxiliary>
<auxiliary keyword="CHEB">
<data>-5.05130000E-002</data>
<data>-1.32220000E-001</data>
<data> 3.15940000E-002</data>
<data> 2.29040000E-002</data>
</auxiliary>
</reaction>
<reaction formula="sSPC(1474)(+M)=tSPC(3683)+H(+M)">
<rate A=" 1.00000000E+000" B=" 0.00000000E+000" E=" 0.00000000E+000"/>
<auxiliary keyword="TCHEB">
<data> 3.00000000E+002</data>
<data> 2.10000000E+003</data>
</auxiliary>
<auxiliary keyword="PCHEB">
<data> 9.86923267E-003</data>
<data> 9.86923267E+001</data>
</auxiliary>
<auxiliary keyword="CHEB">
<data>     4</data>
<data>     4</data>
</auxiliary>
<auxiliary keyword="CHEB">
<data>-2.99700000E+001</data>
<data> 1.99590000E+000</data>
<data>-2.97980000E-003</data>
<data>-1.47690000E-003</data>
</auxiliary>
<auxiliary keyword="CHEB">
<data> 2.92080000E+001</data>
<data> 5.44460000E-003</data>
<data> 3.97270000E-003</data>
<data> 1.96750000E-003</data>
</auxiliary>
<auxiliary keyword="CHEB">
<data>-4.66510000E-001</data>
<data>-1.20170000E-003</data>
<data>-8.73020000E-004</data>
<data>-4.30140000E-004</data>
</auxiliary>
<auxiliary keyword="CHEB">
<data>-6.25680000E-002</data>
<data>-2.59670000E-004</data>
<data>-1.91630000E-004</data>
<data>-9.61670000E-005</data>
</auxiliary>
</reaction>
<reaction formula="tSPC(3683)+H(+M)=sSPC(1590)+OH(+M)">
<rate A=" 1.00000000E+000" B=" 0.00000000E+000" E=" 0.00000000E+000"/>
<auxiliary keyword="TCHEB">
<data> 3.00000000E+002</data>
<data> 2.10000000E+003</data>
</auxiliary>
<auxiliary keyword="PCHEB">
<data> 9.86923267E-003</data>
<data> 9.86923267E+001</data>
</auxiliary>
<auxiliary keyword="CHEB">
<data>     4</data>
<data>     4</data>
</auxiliary>
<auxiliary keyword="CHEB">
<data> 1.42300000E+001</data>
<data>-3.84330000E-003</data>
<data>-2.80630000E-003</data>
<data>-1.39110000E-003</data>
</auxiliary>
<auxiliary keyword="CHEB">
<data>-2.82180000E-001</data>
<data> 5.21260000E-003</data>
<data> 3.80390000E-003</data>
<data> 1.88430000E-003</data>
</auxiliary>
<auxiliary keyword="CHEB">
<data>-7.80380000E-003</data>
<data>-1.24610000E-003</data>
<data>-9.05830000E-004</data>
<data>-4.46640000E-004</data>
</auxiliary>
<auxiliary keyword="CHEB">
<data> 1.97690000E-002</data>
<data>-2.19350000E-004</data>
<data>-1.62200000E-004</data>
<data>-8.15870000E-005</data>
</auxiliary>
</reaction>
<reaction formula="tSPC(3683)+H(+M)=sSPC(1356)+H(+M)">
<rate A=" 1.00000000E+000" B=" 0.00000000E+000" E=" 0.00000000E+000"/>
<auxiliary keyword="TCHEB">
<data> 3.00000000E+002</data>
<data> 2.10000000E+003</data>
</auxiliary>
<auxiliary keyword="PCHEB">
<data> 9.86923267E-003</data>
<data> 9.86923267E+001</data>
</auxiliary>
<auxiliary keyword="CHEB">
<data>     4</data>
<data>     4</data>
</auxiliary>
<auxiliary keyword="CHEB">
<data> 5.59440000E+000</data>
<data>-2.90820000E-003</data>
<data>-2.12480000E-003</data>
<data>-1.05400000E-003</data>
</auxiliary>
<auxiliary keyword="CHEB">
<data> 2.02250000E+000</data>
<data> 4.10860000E-003</data>
<data> 3.00050000E-003</data>
<data> 1.48760000E-003</data>
</auxiliary>
<auxiliary keyword="CHEB">
<data> 6.73140000E-001</data>
<data>-1.21060000E-003</data>
<data>-8.81790000E-004</data>
<data>-4.35840000E-004</data>
</auxiliary>
<auxiliary keyword="CHEB">
<data> 1.94250000E-001</data>
<data>-7.13130000E-005</data>
<data>-5.36700000E-005</data>
<data>-2.75360000E-005</data>
</auxiliary>
</reaction>
<reaction formula="CH2C[O]CH3+tSPC(54)(+M)=sSPC(1356)+iC4H7(+M)">
<rate A=" 1.00000000E+000" B=" 0.00000000E+000" E=" 0.00000000E+000"/>
<auxiliary keyword="TCHEB">
<data> 3.00000000E+002</data>
<data> 2.10000000E+003</data>
</auxiliary>
<auxiliary keyword="PCHEB">
<data> 9.86923267E-003</data>
<data> 9.86923267E+001</data>
</auxiliary>
<auxiliary keyword="CHEB">
<data>     4</data>
<data>     4</data>
</auxiliary>
<auxiliary keyword="CHEB">
<data> 8.81150000E+000</data>
<data>-4.31700000E-001</data>
<data>-1.59530000E-001</data>
<data>-1.68530000E-002</data>
</auxiliary>
<auxiliary keyword="CHEB">
<data> 2.94360000E+000</data>
<data> 5.84120000E-001</data>
<data> 1.93120000E-001</data>
<data> 6.08020000E-003</data>
</auxiliary>
<auxiliary keyword="CHEB">
<data> 6.38080000E-001</data>
<data>-1.20540000E-001</data>
<data>-3.95910000E-003</data>
<data> 2.34640000E-002</data>
</auxiliary>
<auxiliary keyword="CHEB">
<data> 1.43750000E-001</data>
<data>-5.57090000E-002</data>
<data>-3.87910000E-002</data>
<data>-1.24300000E-002</data>
</auxiliary>
</reaction>
<reaction formula="CH2C[O]CH3+tSPC(54)(+M)=C4H7OJ(79)+sSPC(1590)(+M)">
<rate A=" 1.00000000E+000" B=" 0.00000000E+000" E=" 0.00000000E+000"/>
<auxiliary keyword="TCHEB">
<data> 3.00000000E+002</data>
<data> 2.10000000E+003</data>
</auxiliary>
<auxiliary keyword="PCHEB">
<data> 9.86923267E-003</data>
<data> 9.86923267E+001</data>
</auxiliary>
<auxiliary keyword="CHEB">
<data>     4</data>
<data>     4</data>
</auxiliary>
<auxiliary keyword="CHEB">
<data> 1.31550000E+001</data>
<data>-5.27830000E-001</data>
<data>-1.74540000E-001</data>
<data>-8.79150000E-003</data>
</auxiliary>
<auxiliary keyword="CHEB">
<data> 8.91920000E-001</data>
<data> 6.77660000E-001</data>
<data> 1.93510000E-001</data>
<data>-9.48970000E-003</data>
</auxiliary>
<auxiliary keyword="CHEB">
<data> 1.67150000E-001</data>
<data>-9.00230000E-002</data>
<data> 1.84570000E-002</data>
<data> 2.84210000E-002</data>
</auxiliary>
<auxiliary keyword="CHEB">
<data> 5.11160000E-002</data>
<data>-8.37580000E-002</data>
<data>-4.14570000E-002</data>
<data>-5.86500000E-003</data>
</auxiliary>
</reaction>
<reaction formula="sSPC(1356)+iC4H7(+M)=C4H7OJ(79)+sSPC(1590)(+M)">
<rate A=" 1.00000000E+000" B=" 0.00000000E+000" E=" 0.00000000E+000"/>
<auxiliary keyword="TCHEB">
<data> 3.00000000E+002</data>
<data> 2.10000000E+003</data>
</auxiliary>
<auxiliary keyword="PCHEB">
<data> 9.86923267E-003</data>
<data> 9.86923267E+001</data>
</auxiliary>
<auxiliary keyword="CHEB">
<data>     4</data>
<data>     4</data>
</auxiliary>
<auxiliary keyword="CHEB">
<data> 1.26370000E+001</data>
<data>-8.18850000E-001</data>
<data>-1.48060000E-001</data>
<data> 1.29350000E-002</data>
</auxiliary>
<auxiliary keyword="CHEB">
<data> 1.39390000E+000</data>
<data> 9.92610000E-001</data>
<data> 1.19500000E-001</data>
<data>-3.67360000E-002</data>
</auxiliary>
<auxiliary keyword="CHEB">
<data> 6.14730000E-002</data>
<data>-5.01510000E-002</data>
<data> 7.42030000E-002</data>
<data> 2.09370000E-002</data>
</auxiliary>
<auxiliary keyword="CHEB">
<data>-1.53990000E-002</data>
<data>-1.48610000E-001</data>
<data>-3.56510000E-002</data>
<data> 1.30880000E-002</data>
</auxiliary>
</reaction>
<reaction formula="CH2C[O]CH3+tSPC(122)(+M)=sSPC(1356)+tSPC(77)(+M)">
<rate A=" 1.00000000E+000" B=" 0.00000000E+000" E=" 0.00000000E+000"/>
<auxiliary keyword="TCHEB">
<data> 3.00000000E+002</data>
<data> 2.10000000E+003</data>
</auxiliary>
<auxiliary keyword="PCHEB">
<data> 9.86923267E-003</data>
<data> 9.86923267E+001</data>
</auxiliary>
<auxiliary keyword="CHEB">
<data>     4</data>
<data>     4</data>
</auxiliary>
<auxiliary keyword="CHEB">
<data> 9.82620000E+000</data>
<data>-1.41770000E+000</data>
<data>-4.77390000E-002</data>
<data>-2.40610000E-003</data>
</auxiliary>
<auxiliary keyword="CHEB">
<data> 4.46020000E+000</data>
<data> 1.00090000E+000</data>
<data>-8.28320000E-002</data>
<data>-1.08920000E-002</data>
</auxiliary>
<auxiliary keyword="CHEB">
<data> 3.45680000E-001</data>
<data> 4.88930000E-001</data>
<data> 3.03850000E-002</data>
<data>-9.46760000E-003</data>
</auxiliary>
<auxiliary keyword="CHEB">
<data>-3.36820000E-001</data>
<data> 4.33430000E-002</data>
<data> 7.41480000E-002</data>
<data> 1.31130000E-003</data>
</auxiliary>
</reaction>
<reaction formula="CH2C[O]CH3+tSPC(97)(+M)=sSPC(1356)+HOC[CH2][CH3]2(+M)">
<rate A=" 1.00000000E+000" B=" 0.00000000E+000" E=" 0.00000000E+000"/>
<auxiliary keyword="TCHEB">
<data> 3.00000000E+002</data>
<data> 2.10000000E+003</data>
</auxiliary>
<auxiliary keyword="PCHEB">
<data> 9.86923267E-003</data>
<data> 9.86923267E+001</data>
</auxiliary>
<auxiliary keyword="CHEB">
<data>     4</data>
<data>     4</data>
</auxiliary>
<auxiliary keyword="CHEB">
<data> 6.78400000E+000</data>
<data>-1.46870000E+000</data>
<data>-3.84080000E-002</data>
<data>-2.63970000E-003</data>
</auxiliary>
<auxiliary keyword="CHEB">
<data> 7.64220000E+000</data>
<data> 9.17010000E-001</data>
<data>-7.67890000E-002</data>
<data>-6.75210000E-003</data>
</auxiliary>
<auxiliary keyword="CHEB">
<data> 5.95740000E-001</data>
<data> 5.43290000E-001</data>
<data> 1.28950000E-002</data>
<data>-7.05610000E-003</data>
</auxiliary>
<auxiliary keyword="CHEB">
<data>-7.32970000E-001</data>
<data> 1.39380000E-001</data>
<data> 6.14470000E-002</data>
<data>-2.15270000E-003</data>
</auxiliary>
</reaction>
<reaction formula="CH2C[O]CH3+tSPC(878)(+M)=sSPC(1356)+tSPC(346)(+M)">
<rate A=" 1.00000000E+000" B=" 0.00000000E+000" E=" 0.00000000E+000"/>
<auxiliary keyword="TCHEB">
<data> 3.00000000E+002</data>
<data> 2.10000000E+003</data>
</auxiliary>
<auxiliary keyword="PCHEB">
<data> 9.86923267E-003</data>
<data> 9.86923267E+001</data>
</auxiliary>
<auxiliary keyword="CHEB">
<data>     4</data>
<data>     4</data>
</auxiliary>
<auxiliary keyword="CHEB">
<data> 9.68560000E+000</data>
<data>-1.35990000E+000</data>
<data>-4.09770000E-002</data>
<data> 5.28290000E-004</data>
</auxiliary>
<auxiliary keyword="CHEB">
<data> 4.87880000E+000</data>
<data> 1.09010000E+000</data>
<data>-5.49050000E-002</data>
<data>-7.65840000E-003</data>
</auxiliary>
<auxiliary keyword="CHEB">
<data> 7.50070000E-003</data>
<data> 4.52700000E-001</data>
<data> 4.56820000E-002</data>
<data>-6.60620000E-003</data>
</auxiliary>
<auxiliary keyword="CHEB">
<data>-2.75460000E-001</data>
<data>-3.14250000E-002</data>
<data> 6.25690000E-002</data>
<data> 4.07810000E-003</data>
</auxiliary>
</reaction>
<reaction formula="CH2C[O]CH3+tSPC(1286)(+M)=sSPC(1356)+C3H3O-enone(+M)">
<rate A=" 1.00000000E+000" B=" 0.00000000E+000" E=" 0.00000000E+000"/>
<auxiliary keyword="TCHEB">
<data> 3.00000000E+002</data>
<data> 2.10000000E+003</data>
</auxiliary>
<auxiliary keyword="PCHEB">
<data> 9.86923267E-003</data>
<data> 9.86923267E+001</data>
</auxiliary>
<auxiliary keyword="CHEB">
<data>     4</data>
<data>     4</data>
</auxiliary>
<auxiliary keyword="CHEB">
<data> 5.69730000E+000</data>
<data>-2.16190000E-001</data>
<data>-1.08880000E-001</data>
<data>-2.94900000E-002</data>
</auxiliary>
<auxiliary keyword="CHEB">
<data> 4.92820000E+000</data>
<data> 3.17820000E-001</data>
<data> 1.51820000E-001</data>
<data> 3.56390000E-002</data>
</auxiliary>
<auxiliary keyword="CHEB">
<data> 9.14200000E-001</data>
<data>-1.08910000E-001</data>
<data>-3.76220000E-002</data>
<data> 1.11920000E-003</data>
</auxiliary>
<auxiliary keyword="CHEB">
<data> 8.38480000E-002</data>
<data>-2.61180000E-003</data>
<data>-1.28920000E-002</data>
<data>-1.09030000E-002</data>
</auxiliary>
</reaction>
<reaction formula="CH2C[O]CH3+tSPC(1286)(+M)=sSPC(1590)+tSPC(1553)(+M)">
<rate A=" 1.00000000E+000" B=" 0.00000000E+000" E=" 0.00000000E+000"/>
<auxiliary keyword="TCHEB">
<data> 3.00000000E+002</data>
<data> 2.10000000E+003</data>
</auxiliary>
<auxiliary keyword="PCHEB">
<data> 9.86923267E-003</data>
<data> 9.86923267E+001</data>
</auxiliary>
<auxiliary keyword="CHEB">
<data>     4</data>
<data>     4</data>
</auxiliary>
<auxiliary keyword="CHEB">
<data> 1.33610000E+001</data>
<data>-3.41850000E-001</data>
<data>-1.53840000E-001</data>
<data>-2.96350000E-002</data>
</auxiliary>
<auxiliary keyword="CHEB">
<data> 6.58000000E-001</data>
<data> 4.50590000E-001</data>
<data> 1.90640000E-001</data>
<data> 2.80000000E-002</data>
</auxiliary>
<auxiliary keyword="CHEB">
<data> 2.02650000E-001</data>
<data>-6.96170000E-002</data>
<data>-1.16070000E-002</data>
<data> 1.14660000E-002</data>
</auxiliary>
<auxiliary keyword="CHEB">
<data> 6.04680000E-002</data>
<data>-6.39830000E-002</data>
<data>-3.52830000E-002</data>
<data>-1.06190000E-002</data>
</auxiliary>
</reaction>
<reaction formula="sSPC(1356)+C3H3O-enone(+M)=sSPC(1590)+tSPC(1553)(+M)">
<rate A=" 1.00000000E+000" B=" 0.00000000E+000" E=" 0.00000000E+000"/>
<auxiliary keyword="TCHEB">
<data> 3.00000000E+002</data>
<data> 2.10000000E+003</data>
</auxiliary>
<auxiliary keyword="PCHEB">
<data> 9.86923267E-003</data>
<data> 9.86923267E+001</data>
</auxiliary>
<auxiliary keyword="CHEB">
<data>     4</data>
<data>     4</data>
</auxiliary>
<auxiliary keyword="CHEB">
<data> 1.33250000E+001</data>
<data>-4.29310000E-001</data>
<data>-1.68050000E-001</data>
<data>-1.92870000E-002</data>
</auxiliary>
<auxiliary keyword="CHEB">
<data> 7.12580000E-001</data>
<data> 5.59630000E-001</data>
<data> 2.01350000E-001</data>
<data> 1.04330000E-002</data>
</auxiliary>
<auxiliary keyword="CHEB">
<data> 1.81380000E-001</data>
<data>-7.71760000E-002</data>
<data>-2.44250000E-003</data>
<data> 1.85860000E-002</data>
</auxiliary>
<auxiliary keyword="CHEB">
<data> 4.67400000E-002</data>
<data>-8.31040000E-002</data>
<data>-4.00920000E-002</data>
<data>-8.27320000E-003</data>
</auxiliary>
</reaction>
<reaction formula="CH2C[O]CH3+CH2CHO(+M)=sSPC(1590)+C2H3(+M)">
<rate A=" 1.00000000E+000" B=" 0.00000000E+000" E=" 0.00000000E+000"/>
<auxiliary keyword="TCHEB">
<data> 3.00000000E+002</data>
<data> 2.10000000E+003</data>
</auxiliary>
<auxiliary keyword="PCHEB">
<data> 9.86923267E-003</data>
<data> 9.86923267E+001</data>
</auxiliary>
<auxiliary keyword="CHEB">
<data>     4</data>
<data>     4</data>
</auxiliary>
<auxiliary keyword="CHEB">
<data>-1.89680000E+000</data>
<data>-7.15810000E-001</data>
<data>-1.90320000E-001</data>
<data> 7.26140000E-003</data>
</auxiliary>
<auxiliary keyword="CHEB">
<data> 1.25150000E+001</data>
<data> 8.21940000E-001</data>
<data> 1.68950000E-001</data>
<data>-3.47180000E-002</data>
</auxiliary>
<auxiliary keyword="CHEB">
<data> 2.39300000E-001</data>
<data> 6.64310000E-003</data>
<data> 6.75420000E-002</data>
<data> 2.92940000E-002</data>
</auxiliary>
<auxiliary keyword="CHEB">
<data> 4.04670000E-002</data>
<data>-1.04230000E-001</data>
<data>-2.95650000E-002</data>
<data> 8.39400000E-003</data>
</auxiliary>
</reaction>
<reaction formula="CH2C[O]CH3+nSPC(543)(+M)=sSPC(1356)+CH2CHO(+M)">
<rate A=" 1.00000000E+000" B=" 0.00000000E+000" E=" 0.00000000E+000"/>
<auxiliary keyword="TCHEB">
<data> 3.00000000E+002</data>
<data> 2.10000000E+003</data>
</auxiliary>
<auxiliary keyword="PCHEB">
<data> 9.86923267E-003</data>
<data> 9.86923267E+001</data>
</auxiliary>
<auxiliary keyword="CHEB">
<data>     4</data>
<data>     4</data>
</auxiliary>
<auxiliary keyword="CHEB">
<data> 9.97810000E+000</data>
<data>-1.38150000E+000</data>
<data>-4.08520000E-002</data>
<data> 3.27400000E-004</data>
</auxiliary>
<auxiliary keyword="CHEB">
<data> 4.24270000E+000</data>
<data> 1.05630000E+000</data>
<data>-5.93520000E-002</data>
<data>-7.31270000E-003</data>
</auxiliary>
<auxiliary keyword="CHEB">
<data> 3.48390000E-001</data>
<data> 4.75320000E-001</data>
<data> 4.12040000E-002</data>
<data>-7.11550000E-003</data>
</auxiliary>
<auxiliary keyword="CHEB">
<data>-2.98440000E-001</data>
<data> 6.44750000E-003</data>
<data> 6.40940000E-002</data>
<data> 2.80370000E-003</data>
</auxiliary>
</reaction>
<reaction formula="tSPC(77)+CH2C[O]CH3(+M)=iC4H7+tSPC(3683)(+M)">
<rate A=" 1.00000000E+000" B=" 0.00000000E+000" E=" 0.00000000E+000"/>
<auxiliary keyword="TCHEB">
<data> 3.00000000E+002</data>
<data> 2.10000000E+003</data>
</auxiliary>
<auxiliary keyword="PCHEB">
<data> 9.86923267E-003</data>
<data> 9.86923267E+001</data>
</auxiliary>
<auxiliary keyword="CHEB">
<data>     4</data>
<data>     4</data>
</auxiliary>
<auxiliary keyword="CHEB">
<data>-8.31190000E+000</data>
<data>-1.02960000E+000</data>
<data>-9.75320000E-002</data>
<data> 1.51710000E-002</data>
</auxiliary>
<auxiliary keyword="CHEB">
<data> 1.61860000E+001</data>
<data> 1.15070000E+000</data>
<data> 4.67790000E-002</data>
<data>-3.08430000E-002</data>
</auxiliary>
<auxiliary keyword="CHEB">
<data>-3.10930000E-001</data>
<data> 8.30790000E-002</data>
<data> 7.71280000E-002</data>
<data> 4.30820000E-003</data>
</auxiliary>
<auxiliary keyword="CHEB">
<data> 3.63940000E-002</data>
<data>-2.10560000E-001</data>
<data>-4.28530000E-003</data>
<data> 2.00270000E-002</data>
</auxiliary>
</reaction>
<reaction formula="CH2CHO+CH2C[O]CH3(+M)=iC4H7+sSPC(2810)(+M)">
<rate A=" 1.00000000E+000" B=" 0.00000000E+000" E=" 0.00000000E+000"/>
<auxiliary keyword="TCHEB">
<data> 3.00000000E+002</data>
<data> 2.10000000E+003</data>
</auxiliary>
<auxiliary keyword="PCHEB">
<data> 9.86923267E-003</data>
<data> 9.86923267E+001</data>
</auxiliary>
<auxiliary keyword="CHEB">
<data>     4</data>
<data>     4</data>
</auxiliary>
<auxiliary keyword="CHEB">
<data>-6.30570000E+000</data>
<data>-8.58790000E-002</data>
<data>-5.32110000E-002</data>
<data>-2.10480000E-002</data>
</auxiliary>
<auxiliary keyword="CHEB">
<data> 1.39430000E+001</data>
<data> 1.26080000E-001</data>
<data> 7.69680000E-002</data>
<data> 2.97010000E-002</data>
</auxiliary>
<auxiliary keyword="CHEB">
<data> 1.47550000E-001</data>
<data>-4.23110000E-002</data>
<data>-2.38730000E-002</data>
<data>-7.93080000E-003</data>
</auxiliary>
<auxiliary keyword="CHEB">
<data> 7.03100000E-002</data>
<data>-2.14350000E-003</data>
<data>-2.81280000E-003</data>
<data>-2.06440000E-003</data>
</auxiliary>
</reaction>
<reaction formula="CH2C[O]CH3+O(+M)=O2+sC3H5(+M)">
<rate A=" 1.00000000E+000" B=" 0.00000000E+000" E=" 0.00000000E+000"/>
<auxiliary keyword="TCHEB">
<data> 3.00000000E+002</data>
<data> 2.10000000E+003</data>
</auxiliary>
<auxiliary keyword="PCHEB">
<data> 9.86923267E-003</data>
<data> 9.86923267E+001</data>
</auxiliary>
<auxiliary keyword="CHEB">
<data>     4</data>
<data>     4</data>
</auxiliary>
<auxiliary keyword="CHEB">
<data> 1.15890000E+001</data>
<data>-7.26530000E-001</data>
<data>-1.64840000E-001</data>
<data> 5.15260000E-003</data>
</auxiliary>
<auxiliary keyword="CHEB">
<data> 2.10800000E+000</data>
<data> 8.42280000E-001</data>
<data> 1.42080000E-001</data>
<data>-2.67910000E-002</data>
</auxiliary>
<auxiliary keyword="CHEB">
<data>-1.04590000E-001</data>
<data>-1.54160000E-002</data>
<data> 6.03320000E-002</data>
<data> 2.15570000E-002</data>
</auxiliary>
<auxiliary keyword="CHEB">
<data>-7.21290000E-002</data>
<data>-9.70590000E-002</data>
<data>-2.60260000E-002</data>
<data> 6.52060000E-003</data>
</auxiliary>
</reaction>
<reaction formula="sSPC(1356)+C2H3(+M)=sSPC(1590)+CH2CHO(+M)">
<rate A=" 1.00000000E+000" B=" 0.00000000E+000" E=" 0.00000000E+000"/>
<auxiliary keyword="TCHEB">
<data> 3.00000000E+002</data>
<data> 2.10000000E+003</data>
</auxiliary>
<auxiliary keyword="PCHEB">
<data> 9.86923267E-003</data>
<data> 9.86923267E+001</data>
</auxiliary>
<auxiliary keyword="CHEB">
<data>     4</data>
<data>     4</data>
</auxiliary>
<auxiliary keyword="CHEB">
<data> 1.35650000E+001</data>
<data>-1.56400000E-005</data>
<data>-1.14620000E-005</data>
<data>-5.70640000E-006</data>
</auxiliary>
<auxiliary keyword="CHEB">
<data> 4.33800000E-001</data>
<data> 1.48940000E-005</data>
<data> 1.09160000E-005</data>
<data> 5.43410000E-006</data>
</auxiliary>
<auxiliary keyword="CHEB">
<data> 2.43860000E-001</data>
<data>-5.34160000E-006</data>
<data>-3.91470000E-006</data>
<data>-1.94890000E-006</data>
</auxiliary>
<auxiliary keyword="CHEB">
<data> 9.18270000E-002</data>
<data> 1.31210000E-006</data>
<data> 9.61580000E-007</data>
<data> 4.78700000E-007</data>
</auxiliary>
</reaction>
<reaction formula="tSPC(77)+sSPC(1356)(+M)=tSPC(54)+tSPC(3683)(+M)">
<rate A=" 1.00000000E+000" B=" 0.00000000E+000" E=" 0.00000000E+000"/>
<auxiliary keyword="TCHEB">
<data> 3.00000000E+002</data>
<data> 2.10000000E+003</data>
</auxiliary>
<auxiliary keyword="PCHEB">
<data> 9.86923267E-003</data>
<data> 9.86923267E+001</data>
</auxiliary>
<auxiliary keyword="CHEB">
<data>     4</data>
<data>     4</data>
</auxiliary>
<auxiliary keyword="CHEB">
<data>-1.16850000E+001</data>
<data>-8.43580000E-001</data>
<data>-1.16520000E-001</data>
<data> 5.40950000E-003</data>
</auxiliary>
<auxiliary keyword="CHEB">
<data> 1.88080000E+001</data>
<data> 1.06310000E+000</data>
<data> 8.49060000E-002</data>
<data>-2.04950000E-002</data>
</auxiliary>
<auxiliary keyword="CHEB">
<data>-1.29690000E-001</data>
<data>-1.06280000E-001</data>
<data> 8.26580000E-002</data>
<data> 1.32950000E-002</data>
</auxiliary>
<auxiliary keyword="CHEB">
<data> 2.21420000E-002</data>
<data>-1.45260000E-001</data>
<data>-4.52500000E-002</data>
<data> 1.02000000E-002</data>
</auxiliary>
</reaction>
<reaction formula="CH2CHO+sSPC(1356)(+M)=tSPC(54)+sSPC(2810)(+M)">
<rate A=" 1.00000000E+000" B=" 0.00000000E+000" E=" 0.00000000E+000"/>
<auxiliary keyword="TCHEB">
<data> 3.00000000E+002</data>
<data> 2.10000000E+003</data>
</auxiliary>
<auxiliary keyword="PCHEB">
<data> 9.86923267E-003</data>
<data> 9.86923267E+001</data>
</auxiliary>
<auxiliary keyword="CHEB">
<data>     4</data>
<data>     4</data>
</auxiliary>
<auxiliary keyword="CHEB">
<data>-8.48370000E+000</data>
<data>-5.46750000E-001</data>
<data>-1.15550000E-001</data>
<data>-3.25230000E-003</data>
</auxiliary>
<auxiliary keyword="CHEB">
<data> 1.54470000E+001</data>
<data> 7.53010000E-001</data>
<data> 1.34340000E-001</data>
<data>-4.67120000E-003</data>
</auxiliary>
<auxiliary keyword="CHEB">
<data> 6.71310000E-002</data>
<data>-1.70400000E-001</data>
<data> 1.01900000E-002</data>
<data> 1.43350000E-002</data>
</auxiliary>
<auxiliary keyword="CHEB">
<data> 1.00340000E-001</data>
<data>-6.61020000E-002</data>
<data>-3.58450000E-002</data>
<data>-5.18000000E-003</data>
</auxiliary>
</reaction>
<reaction formula="tSPC(3683)+CH3(+M)=C4H8O2(62)+O(+M)">
<rate A=" 1.00000000E+000" B=" 0.00000000E+000" E=" 0.00000000E+000"/>
<auxiliary keyword="TCHEB">
<data> 3.00000000E+002</data>
<data> 2.10000000E+003</data>
</auxiliary>
<auxiliary keyword="PCHEB">
<data> 9.86923267E-003</data>
<data> 9.86923267E+001</data>
</auxiliary>
<auxiliary keyword="CHEB">
<data>     4</data>
<data>     4</data>
</auxiliary>
<auxiliary keyword="CHEB">
<data>-2.22270000E-001</data>
<data>-3.68340000E-001</data>
<data>-1.48660000E-001</data>
<data>-2.24140000E-002</data>
</auxiliary>
<auxiliary keyword="CHEB">
<data> 9.04770000E+000</data>
<data> 4.87450000E-001</data>
<data> 1.73170000E-001</data>
<data> 9.58000000E-003</data>
</auxiliary>
<auxiliary keyword="CHEB">
<data> 9.40260000E-002</data>
<data>-1.20320000E-001</data>
<data>-1.58810000E-002</data>
<data> 1.94080000E-002</data>
</auxiliary>
<auxiliary keyword="CHEB">
<data> 5.96090000E-002</data>
<data>-1.58200000E-002</data>
<data>-1.67040000E-002</data>
<data>-8.24840000E-003</data>
</auxiliary>
</reaction>
<reaction formula="CH2CHO+tSPC(3683)(+M)=tSPC(77)+sSPC(2810)(+M)">
<rate A=" 1.00000000E+000" B=" 0.00000000E+000" E=" 0.00000000E+000"/>
<auxiliary keyword="TCHEB">
<data> 3.00000000E+002</data>
<data> 2.10000000E+003</data>
</auxiliary>
<auxiliary keyword="PCHEB">
<data> 9.86923267E-003</data>
<data> 9.86923267E+001</data>
</auxiliary>
<auxiliary keyword="CHEB">
<data>     4</data>
<data>     4</data>
</auxiliary>
<auxiliary keyword="CHEB">
<data>-6.30210000E+000</data>
<data>-2.03790000E-001</data>
<data>-1.00080000E-001</data>
<data>-2.59710000E-002</data>
</auxiliary>
<auxiliary keyword="CHEB">
<data> 1.39420000E+001</data>
<data> 2.95190000E-001</data>
<data> 1.38030000E-001</data>
<data> 3.13020000E-002</data>
</auxiliary>
<auxiliary keyword="CHEB">
<data> 7.98880000E-002</data>
<data>-9.53100000E-002</data>
<data>-3.30460000E-002</data>
<data> 2.19720000E-004</data>
</auxiliary>
<auxiliary keyword="CHEB">
<data> 5.51400000E-002</data>
<data>-4.20220000E-003</data>
<data>-1.02770000E-002</data>
<data>-7.70330000E-003</data>
</auxiliary>
</reaction>
<reaction formula="CH2CO+CH2CHO(+M)=CO+CH2C[O]CH3(+M)">
<rate A=" 1.00000000E+000" B=" 0.00000000E+000" E=" 0.00000000E+000"/>
<auxiliary keyword="TCHEB">
<data> 3.00000000E+002</data>
<data> 2.10000000E+003</data>
</auxiliary>
<auxiliary keyword="PCHEB">
<data> 9.86923267E-003</data>
<data> 9.86923267E+001</data>
</auxiliary>
<auxiliary keyword="CHEB">
<data>     4</data>
<data>     4</data>
</auxiliary>
<auxiliary keyword="CHEB">
<data>-1.41540000E+001</data>
<data>-1.40140000E-002</data>
<data>-1.01400000E-002</data>
<data>-4.97260000E-003</data>
</auxiliary>
<auxiliary keyword="CHEB">
<data> 1.95110000E+001</data>
<data> 1.85110000E-002</data>
<data> 1.33640000E-002</data>
<data> 6.53550000E-003</data>
</auxiliary>
<auxiliary keyword="CHEB">
<data> 1.18400000E-001</data>
<data>-3.98370000E-003</data>
<data>-2.83070000E-003</data>
<data>-1.35770000E-003</data>
</auxiliary>
<auxiliary keyword="CHEB">
<data> 4.34570000E-002</data>
<data>-9.92230000E-004</data>
<data>-7.42110000E-004</data>
<data>-3.78090000E-004</data>
</auxiliary>
</reaction>
<reaction formula="CH3O+iC4H7(+M)=C4H7OJ(79)+CH3(+M)">
<rate A=" 1.00000000E+000" B=" 0.00000000E+000" E=" 0.00000000E+000"/>
<auxiliary keyword="TCHEB">
<data> 3.00000000E+002</data>
<data> 2.10000000E+003</data>
</auxiliary>
<auxiliary keyword="PCHEB">
<data> 9.86923267E-003</data>
<data> 9.86923267E+001</data>
</auxiliary>
<auxiliary keyword="CHEB">
<data>     4</data>
<data>     4</data>
</auxiliary>
<auxiliary keyword="CHEB">
<data> 5.77440000E+000</data>
<data>-1.43150000E+000</data>
<data>-4.78350000E-002</data>
<data>-4.91840000E-005</data>
</auxiliary>
<auxiliary keyword="CHEB">
<data> 7.49210000E+000</data>
<data> 9.68260000E-001</data>
<data>-7.98650000E-002</data>
<data>-7.53690000E-003</data>
</auxiliary>
<auxiliary keyword="CHEB">
<data> 3.43340000E-001</data>
<data> 5.09560000E-001</data>
<data> 3.25210000E-002</data>
<data>-1.12020000E-002</data>
</auxiliary>
<auxiliary keyword="CHEB">
<data>-2.71750000E-001</data>
<data> 8.84470000E-002</data>
<data> 7.26570000E-002</data>
<data>-1.78820000E-003</data>
</auxiliary>
</reaction>
<reaction formula="CH3O+CH2C[O]CH3(+M)=sC3H5+sSPC(1697)(+M)">
<rate A=" 1.00000000E+000" B=" 0.00000000E+000" E=" 0.00000000E+000"/>
<auxiliary keyword="TCHEB">
<data> 3.00000000E+002</data>
<data> 2.10000000E+003</data>
</auxiliary>
<auxiliary keyword="PCHEB">
<data> 9.86923267E-003</data>
<data> 9.86923267E+001</data>
</auxiliary>
<auxiliary keyword="CHEB">
<data>     4</data>
<data>     4</data>
</auxiliary>
<auxiliary keyword="CHEB">
<data>-1.25730000E+001</data>
<data>-5.44530000E-005</data>
<data>-3.99070000E-005</data>
<data>-1.98660000E-005</data>
</auxiliary>
<auxiliary keyword="CHEB">
<data> 2.08140000E+001</data>
<data> 5.36870000E-005</data>
<data> 3.93440000E-005</data>
<data> 1.95860000E-005</data>
</auxiliary>
<auxiliary keyword="CHEB">
<data> 2.41950000E-001</data>
<data>-1.76160000E-005</data>
<data>-1.29100000E-005</data>
<data>-6.42640000E-006</data>
</auxiliary>
<auxiliary keyword="CHEB">
<data> 8.27540000E-002</data>
<data> 1.53640000E-006</data>
<data> 1.12570000E-006</data>
<data> 5.60250000E-007</data>
</auxiliary>
</reaction>
<reaction formula="CO2+sSPC(1474)(+M)=sSPC(2810)+tSPC(3683)(+M)">
<rate A=" 1.00000000E+000" B=" 0.00000000E+000" E=" 0.00000000E+000"/>
<auxiliary keyword="TCHEB">
<data> 3.00000000E+002</data>
<data> 2.10000000E+003</data>
</auxiliary>
<auxiliary keyword="PCHEB">
<data> 9.86923267E-003</data>
<data> 9.86923267E+001</data>
</auxiliary>
<auxiliary keyword="CHEB">
<data>     4</data>
<data>     4</data>
</auxiliary>
<auxiliary keyword="CHEB">
<data>-2.97030000E+001</data>
<data>-1.44050000E+000</data>
<data>-8.21960000E-002</data>
<data> 7.38420000E-005</data>
</auxiliary>
<auxiliary keyword="CHEB">
<data> 3.44780000E+001</data>
<data> 9.17520000E-001</data>
<data>-1.17830000E-001</data>
<data>-1.72470000E-002</data>
</auxiliary>
<auxiliary keyword="CHEB">
<data> 3.67330000E-001</data>
<data> 4.33480000E-001</data>
<data> 3.06420000E-002</data>
<data>-2.44060000E-002</data>
</auxiliary>
<auxiliary keyword="CHEB">
<data>-1.49260000E-001</data>
<data> 5.33710000E-002</data>
<data> 7.71980000E-002</data>
<data>-5.87750000E-003</data>
</auxiliary>
</reaction>
<reaction formula="iC4H7+sSPC(1474)(+M)=C4H8O2(62)+CH2C[O]CH3(+M)">
<rate A=" 1.00000000E+000" B=" 0.00000000E+000" E=" 0.00000000E+000"/>
<auxiliary keyword="TCHEB">
<data> 3.00000000E+002</data>
<data> 2.10000000E+003</data>
</auxiliary>
<auxiliary keyword="PCHEB">
<data> 9.86923267E-003</data>
<data> 9.86923267E+001</data>
</auxiliary>
<auxiliary keyword="CHEB">
<data>     4</data>
<data>     4</data>
</auxiliary>
<auxiliary keyword="CHEB">
<data>-1.13040000E+001</data>
<data>-7.46980000E-001</data>
<data>-1.27370000E-001</data>
<data> 4.48740000E-003</data>
</auxiliary>
<auxiliary keyword="CHEB">
<data> 1.84120000E+001</data>
<data> 9.71810000E-001</data>
<data> 1.15670000E-001</data>
<data>-2.27330000E-002</data>
</auxiliary>
<auxiliary keyword="CHEB">
<data>-2.19260000E-002</data>
<data>-1.40780000E-001</data>
<data> 5.73570000E-002</data>
<data> 2.31180000E-002</data>
</auxiliary>
<auxiliary keyword="CHEB">
<data> 2.49990000E-002</data>
<data>-1.18830000E-001</data>
<data>-4.41170000E-002</data>
<data> 1.66460000E-003</data>
</auxiliary>
</reaction>
<reaction formula="tSPC(54)+sSPC(1474)(+M)=C4H8O2(62)+sSPC(1356)(+M)">
<rate A=" 1.00000000E+000" B=" 0.00000000E+000" E=" 0.00000000E+000"/>
<auxiliary keyword="TCHEB">
<data> 3.00000000E+002</data>
<data> 2.10000000E+003</data>
</auxiliary>
<auxiliary keyword="PCHEB">
<data> 9.86923267E-003</data>
<data> 9.86923267E+001</data>
</auxiliary>
<auxiliary keyword="CHEB">
<data>     4</data>
<data>     4</data>
</auxiliary>
<auxiliary keyword="CHEB">
<data>-9.42830000E+000</data>
<data>-1.19920000E+000</data>
<data>-4.95630000E-002</data>
<data> 2.15550000E-003</data>
</auxiliary>
<auxiliary keyword="CHEB">
<data> 1.77140000E+001</data>
<data> 1.22390000E+000</data>
<data>-1.76670000E-002</data>
<data>-8.05360000E-003</data>
</auxiliary>
<auxiliary keyword="CHEB">
<data>-2.66610000E-001</data>
<data> 2.37870000E-001</data>
<data> 7.00630000E-002</data>
<data>-2.36120000E-003</data>
</auxiliary>
<auxiliary keyword="CHEB">
<data>-2.02120000E-001</data>
<data>-2.11310000E-001</data>
<data> 3.14360000E-002</data>
<data> 8.62240000E-003</data>
</auxiliary>
</reaction>
<reaction formula="tSPC(77)+sSPC(1474)(+M)=C4H8O2(62)+tSPC(3683)(+M)">
<rate A=" 1.00000000E+000" B=" 0.00000000E+000" E=" 0.00000000E+000"/>
<auxiliary keyword="TCHEB">
<data> 3.00000000E+002</data>
<data> 2.10000000E+003</data>
</auxiliary>
<auxiliary keyword="PCHEB">
<data> 9.86923267E-003</data>
<data> 9.86923267E+001</data>
</auxiliary>
<auxiliary keyword="CHEB">
<data>     4</data>
<data>     4</data>
</auxiliary>
<auxiliary keyword="CHEB">
<data>-1.16130000E+001</data>
<data>-9.34040000E-001</data>
<data>-1.04200000E-001</data>
<data> 7.88780000E-003</data>
</auxiliary>
<auxiliary keyword="CHEB">
<data> 1.88720000E+001</data>
<data> 1.12920000E+000</data>
<data> 5.85820000E-002</data>
<data>-2.21690000E-002</data>
</auxiliary>
<auxiliary keyword="CHEB">
<data>-1.84970000E-001</data>
<data>-4.19850000E-002</data>
<data> 9.00700000E-002</data>
<data> 7.31420000E-003</data>
</auxiliary>
<auxiliary keyword="CHEB">
<data>-5.54890000E-003</data>
<data>-1.82670000E-001</data>
<data>-2.99270000E-002</data>
<data> 1.65010000E-002</data>
</auxiliary>
</reaction>
<reaction formula="CH2CHO+sSPC(1474)(+M)=C4H8O2(62)+sSPC(2810)(+M)">
<rate A=" 1.00000000E+000" B=" 0.00000000E+000" E=" 0.00000000E+000"/>
<auxiliary keyword="TCHEB">
<data> 3.00000000E+002</data>
<data> 2.10000000E+003</data>
</auxiliary>
<auxiliary keyword="PCHEB">
<data> 9.86923267E-003</data>
<data> 9.86923267E+001</data>
</auxiliary>
<auxiliary keyword="CHEB">
<data>     4</data>
<data>     4</data>
</auxiliary>
<auxiliary keyword="CHEB">
<data>-8.60600000E+000</data>
<data>-5.83130000E-001</data>
<data>-1.14710000E-001</data>
<data>-2.37700000E-003</data>
</auxiliary>
<auxiliary keyword="CHEB">
<data> 1.55840000E+001</data>
<data> 7.98720000E-001</data>
<data> 1.29470000E-001</data>
<data>-6.27550000E-003</data>
</auxiliary>
<auxiliary keyword="CHEB">
<data> 3.47790000E-002</data>
<data>-1.73140000E-001</data>
<data> 1.69810000E-002</data>
<data> 1.48790000E-002</data>
</auxiliary>
<auxiliary keyword="CHEB">
<data> 1.01280000E-001</data>
<data>-7.54090000E-002</data>
<data>-3.83630000E-002</data>
<data>-4.55680000E-003</data>
</auxiliary>
</reaction>
<reaction formula="sSPC(1590)+iC4H7(+M)=C4H7OJ(79)+CH2C[O]CH3(+M)">
<rate A=" 1.00000000E+000" B=" 0.00000000E+000" E=" 0.00000000E+000"/>
<auxiliary keyword="TCHEB">
<data> 3.00000000E+002</data>
<data> 2.10000000E+003</data>
</auxiliary>
<auxiliary keyword="PCHEB">
<data> 9.86923267E-003</data>
<data> 9.86923267E+001</data>
</auxiliary>
<auxiliary keyword="CHEB">
<data>     4</data>
<data>     4</data>
</auxiliary>
<auxiliary keyword="CHEB">
<data> 4.22020000E+000</data>
<data>-1.48850000E+000</data>
<data>-4.58800000E-002</data>
<data>-2.94450000E-003</data>
</auxiliary>
<auxiliary keyword="CHEB">
<data> 8.69130000E+000</data>
<data> 8.77670000E-001</data>
<data>-8.94920000E-002</data>
<data>-7.35810000E-003</data>
</auxiliary>
<auxiliary keyword="CHEB">
<data> 3.94470000E-001</data>
<data> 5.38770000E-001</data>
<data> 7.16690000E-003</data>
<data>-1.10740000E-002</data>
</auxiliary>
<auxiliary keyword="CHEB">
<data>-3.64500000E-001</data>
<data> 1.58310000E-001</data>
<data> 6.14040000E-002</data>
<data>-6.11710000E-003</data>
</auxiliary>
</reaction>
<reaction formula="sSPC(1590)+CH2C[O]CH3(+M)=sC3H5+sSPC(1356)(+M)">
<rate A=" 1.00000000E+000" B=" 0.00000000E+000" E=" 0.00000000E+000"/>
<auxiliary keyword="TCHEB">
<data> 3.00000000E+002</data>
<data> 2.10000000E+003</data>
</auxiliary>
<auxiliary keyword="PCHEB">
<data> 9.86923267E-003</data>
<data> 9.86923267E+001</data>
</auxiliary>
<auxiliary keyword="CHEB">
<data>     4</data>
<data>     4</data>
</auxiliary>
<auxiliary keyword="CHEB">
<data>-1.25200000E+001</data>
<data>-8.21700000E-005</data>
<data>-6.02180000E-005</data>
<data>-2.99770000E-005</data>
</auxiliary>
<auxiliary keyword="CHEB">
<data> 2.05430000E+001</data>
<data> 9.43550000E-005</data>
<data> 6.91460000E-005</data>
<data> 3.44210000E-005</data>
</auxiliary>
<auxiliary keyword="CHEB">
<data> 2.38270000E-001</data>
<data>-2.54970000E-005</data>
<data>-1.86840000E-005</data>
<data>-9.30010000E-006</data>
</auxiliary>
<auxiliary keyword="CHEB">
<data> 8.38040000E-002</data>
<data> 7.76440000E-007</data>
<data> 5.68390000E-007</data>
<data> 2.82580000E-007</data>
</auxiliary>
</reaction>
<reaction formula="tSPC(54)+sSPC(1590)(+M)=C4H7OJ(79)+sSPC(1356)(+M)">
<rate A=" 1.00000000E+000" B=" 0.00000000E+000" E=" 0.00000000E+000"/>
<auxiliary keyword="TCHEB">
<data> 3.00000000E+002</data>
<data> 2.10000000E+003</data>
</auxiliary>
<auxiliary keyword="PCHEB">
<data> 9.86923267E-003</data>
<data> 9.86923267E+001</data>
</auxiliary>
<auxiliary keyword="CHEB">
<data>     4</data>
<data>     4</data>
</auxiliary>
<auxiliary keyword="CHEB">
<data>-9.31040000E+000</data>
<data>-1.18880000E+000</data>
<data>-4.92240000E-002</data>
<data> 2.38970000E-003</data>
</auxiliary>
<auxiliary keyword="CHEB">
<data> 1.74550000E+001</data>
<data> 1.22710000E+000</data>
<data>-1.26410000E-002</data>
<data>-8.37270000E-003</data>
</auxiliary>
<auxiliary keyword="CHEB">
<data>-1.06180000E-001</data>
<data> 2.25730000E-001</data>
<data> 6.81290000E-002</data>
<data>-1.59480000E-003</data>
</auxiliary>
<auxiliary keyword="CHEB">
<data>-2.52990000E-001</data>
<data>-2.17130000E-001</data>
<data> 2.56140000E-002</data>
<data> 9.11600000E-003</data>
</auxiliary>
</reaction>
<reaction formula="tSPC(77)+sSPC(1590)(+M)=C4H7OJ(79)+tSPC(3683)(+M)">
<rate A=" 1.00000000E+000" B=" 0.00000000E+000" E=" 0.00000000E+000"/>
<auxiliary keyword="TCHEB">
<data> 3.00000000E+002</data>
<data> 2.10000000E+003</data>
</auxiliary>
<auxiliary keyword="PCHEB">
<data> 9.86923267E-003</data>
<data> 9.86923267E+001</data>
</auxiliary>
<auxiliary keyword="CHEB">
<data>     4</data>
<data>     4</data>
</auxiliary>
<auxiliary keyword="CHEB">
<data>-1.16110000E+001</data>
<data>-8.56760000E-001</data>
<data>-1.20780000E-001</data>
<data> 1.11930000E-002</data>
</auxiliary>
<auxiliary keyword="CHEB">
<data> 1.86710000E+001</data>
<data> 1.06280000E+000</data>
<data> 9.41170000E-002</data>
<data>-2.80970000E-002</data>
</auxiliary>
<auxiliary keyword="CHEB">
<data>-2.02600000E-002</data>
<data>-7.06650000E-002</data>
<data> 7.29280000E-002</data>
<data> 1.42790000E-002</data>
</auxiliary>
<auxiliary keyword="CHEB">
<data>-3.52640000E-002</data>
<data>-1.72430000E-001</data>
<data>-3.76110000E-002</data>
<data> 1.17930000E-002</data>
</auxiliary>
</reaction>
<reaction formula="CH2CHO+sSPC(1590)(+M)=C4H7OJ(79)+sSPC(2810)(+M)">
<rate A=" 1.00000000E+000" B=" 0.00000000E+000" E=" 0.00000000E+000"/>
<auxiliary keyword="TCHEB">
<data> 3.00000000E+002</data>
<data> 2.10000000E+003</data>
</auxiliary>
<auxiliary keyword="PCHEB">
<data> 9.86923267E-003</data>
<data> 9.86923267E+001</data>
</auxiliary>
<auxiliary keyword="CHEB">
<data>     4</data>
<data>     4</data>
</auxiliary>
<auxiliary keyword="CHEB">
<data>-8.19210000E+000</data>
<data>-3.83540000E-001</data>
<data>-1.14590000E-001</data>
<data>-1.86660000E-002</data>
</auxiliary>
<auxiliary keyword="CHEB">
<data> 1.51350000E+001</data>
<data> 5.32480000E-001</data>
<data> 1.37950000E-001</data>
<data> 1.56220000E-002</data>
</auxiliary>
<auxiliary keyword="CHEB">
<data> 1.03090000E-001</data>
<data>-1.33550000E-001</data>
<data> 7.75890000E-004</data>
<data> 1.21900000E-002</data>
</auxiliary>
<auxiliary keyword="CHEB">
<data> 1.35510000E-001</data>
<data>-3.00120000E-002</data>
<data>-3.00950000E-002</data>
<data>-9.54570000E-003</data>
</auxiliary>
</reaction>
<reaction formula="H2CCCH3[OH]+CH3CO(+M)=CO+HOC[CH2][CH3]2(+M)">
<rate A=" 1.00000000E+000" B=" 0.00000000E+000" E=" 0.00000000E+000"/>
<auxiliary keyword="TCHEB">
<data> 3.00000000E+002</data>
<data> 2.10000000E+003</data>
</auxiliary>
<auxiliary keyword="PCHEB">
<data> 9.86923267E-003</data>
<data> 9.86923267E+001</data>
</auxiliary>
<auxiliary keyword="CHEB">
<data>     4</data>
<data>     4</data>
</auxiliary>
<auxiliary keyword="CHEB">
<data>-2.74310000E+001</data>
<data>-5.78850000E-005</data>
<data>-4.24220000E-005</data>
<data>-2.11180000E-005</data>
</auxiliary>
<auxiliary keyword="CHEB">
<data> 2.95420000E+001</data>
<data> 6.26680000E-005</data>
<data> 4.59260000E-005</data>
<data> 2.28620000E-005</data>
</auxiliary>
<auxiliary keyword="CHEB">
<data> 2.26140000E-001</data>
<data>-2.09830000E-005</data>
<data>-1.53770000E-005</data>
<data>-7.65440000E-006</data>
</auxiliary>
<auxiliary keyword="CHEB">
<data> 7.75430000E-002</data>
<data> 2.38130000E-006</data>
<data> 1.74480000E-006</data>
<data> 8.68370000E-007</data>
</auxiliary>
</reaction>
<reaction formula="tSPC(346)+CH3CO(+M)=CO+tSPC(110)(+M)">
<rate A=" 1.00000000E+000" B=" 0.00000000E+000" E=" 0.00000000E+000"/>
<auxiliary keyword="TCHEB">
<data> 3.00000000E+002</data>
<data> 2.10000000E+003</data>
</auxiliary>
<auxiliary keyword="PCHEB">
<data> 9.86923267E-003</data>
<data> 9.86923267E+001</data>
</auxiliary>
<auxiliary keyword="CHEB">
<data>     4</data>
<data>     4</data>
</auxiliary>
<auxiliary keyword="CHEB">
<data>-2.26220000E+001</data>
<data>-2.54630000E-004</data>
<data>-1.86570000E-004</data>
<data>-9.28610000E-005</data>
</auxiliary>
<auxiliary keyword="CHEB">
<data> 2.51550000E+001</data>
<data> 3.43250000E-004</data>
<data> 2.51500000E-004</data>
<data> 1.25170000E-004</data>
</auxiliary>
<auxiliary keyword="CHEB">
<data> 1.91500000E-001</data>
<data>-7.66800000E-005</data>
<data>-5.61700000E-005</data>
<data>-2.79480000E-005</data>
</auxiliary>
<auxiliary keyword="CHEB">
<data> 5.90830000E-002</data>
<data>-2.36700000E-005</data>
<data>-1.73510000E-005</data>
<data>-8.64030000E-006</data>
</auxiliary>
</reaction>
<reaction formula="CH3CO+iC4H7(+M)=sC3H5+CH2C[O]CH3(+M)">
<rate A=" 1.00000000E+000" B=" 0.00000000E+000" E=" 0.00000000E+000"/>
<auxiliary keyword="TCHEB">
<data> 3.00000000E+002</data>
<data> 2.10000000E+003</data>
</auxiliary>
<auxiliary keyword="PCHEB">
<data> 9.86923267E-003</data>
<data> 9.86923267E+001</data>
</auxiliary>
<auxiliary keyword="CHEB">
<data>     4</data>
<data>     4</data>
</auxiliary>
<auxiliary keyword="CHEB">
<data> 1.16790000E+000</data>
<data>-1.09920000E+000</data>
<data>-1.01690000E-001</data>
<data> 1.25910000E-002</data>
</auxiliary>
<auxiliary keyword="CHEB">
<data> 1.04980000E+001</data>
<data> 1.15130000E+000</data>
<data> 1.82080000E-002</data>
<data>-2.57610000E-002</data>
</auxiliary>
<auxiliary keyword="CHEB">
<data> 9.66940000E-002</data>
<data> 1.56400000E-001</data>
<data> 1.06500000E-001</data>
<data>-1.65640000E-003</data>
</auxiliary>
<auxiliary keyword="CHEB">
<data>-1.20070000E-001</data>
<data>-1.66570000E-001</data>
<data> 1.55180000E-002</data>
<data> 2.01050000E-002</data>
</auxiliary>
</reaction>
<reaction formula="CH3CO+CH2CHO(+M)=HCO+CH2C[O]CH3(+M)">
<rate A=" 1.00000000E+000" B=" 0.00000000E+000" E=" 0.00000000E+000"/>
<auxiliary keyword="TCHEB">
<data> 3.00000000E+002</data>
<data> 2.10000000E+003</data>
</auxiliary>
<auxiliary keyword="PCHEB">
<data> 9.86923267E-003</data>
<data> 9.86923267E+001</data>
</auxiliary>
<auxiliary keyword="CHEB">
<data>     4</data>
<data>     4</data>
</auxiliary>
<auxiliary keyword="CHEB">
<data> 9.28680000E+000</data>
<data>-1.22750000E+000</data>
<data>-6.81740000E-002</data>
<data> 6.25660000E-003</data>
</auxiliary>
<auxiliary keyword="CHEB">
<data> 3.64160000E+000</data>
<data> 1.13340000E+000</data>
<data>-2.29200000E-002</data>
<data>-1.38630000E-002</data>
</auxiliary>
<auxiliary keyword="CHEB">
<data> 1.52460000E-001</data>
<data> 2.91110000E-001</data>
<data> 7.94870000E-002</data>
<data>-5.39760000E-003</data>
</auxiliary>
<auxiliary keyword="CHEB">
<data>-1.39140000E-001</data>
<data>-1.06670000E-001</data>
<data> 4.11030000E-002</data>
<data> 1.13810000E-002</data>
</auxiliary>
</reaction>
<reaction formula="CH3CO+tSPC(3683)(+M)=CO2+C4H8O2(62)(+M)">
<rate A=" 1.00000000E+000" B=" 0.00000000E+000" E=" 0.00000000E+000"/>
<auxiliary keyword="TCHEB">
<data> 3.00000000E+002</data>
<data> 2.10000000E+003</data>
</auxiliary>
<auxiliary keyword="PCHEB">
<data> 9.86923267E-003</data>
<data> 9.86923267E+001</data>
</auxiliary>
<auxiliary keyword="CHEB">
<data>     4</data>
<data>     4</data>
</auxiliary>
<auxiliary keyword="CHEB">
<data> 1.13250000E+001</data>
<data>-1.20850000E+000</data>
<data>-8.69050000E-002</data>
<data> 1.04150000E-002</data>
</auxiliary>
<auxiliary keyword="CHEB">
<data> 1.85310000E+000</data>
<data> 1.13170000E+000</data>
<data>-2.46190000E-002</data>
<data>-2.15840000E-002</data>
</auxiliary>
<auxiliary keyword="CHEB">
<data>-2.30490000E-001</data>
<data> 2.60530000E-001</data>
<data> 9.38200000E-002</data>
<data>-9.98820000E-003</data>
</auxiliary>
<auxiliary keyword="CHEB">
<data>-3.34320000E-001</data>
<data>-1.26330000E-001</data>
<data> 4.48480000E-002</data>
<data> 1.57700000E-002</data>
</auxiliary>
</reaction>
<reaction formula="CO+tBuOH(+M)=HCO+HOC[CH2][CH3]2(+M)">
<rate A=" 1.00000000E+000" B=" 0.00000000E+000" E=" 0.00000000E+000"/>
<auxiliary keyword="TCHEB">
<data> 3.00000000E+002</data>
<data> 2.10000000E+003</data>
</auxiliary>
<auxiliary keyword="PCHEB">
<data> 9.86923267E-003</data>
<data> 9.86923267E+001</data>
</auxiliary>
<auxiliary keyword="CHEB">
<data>     4</data>
<data>     4</data>
</auxiliary>
<auxiliary keyword="CHEB">
<data>-2.75470000E+001</data>
<data>-1.43570000E+000</data>
<data>-3.63690000E-002</data>
<data>-2.88080000E-004</data>
</auxiliary>
<auxiliary keyword="CHEB">
<data> 3.19310000E+001</data>
<data> 9.69750000E-001</data>
<data>-6.43210000E-002</data>
<data>-5.15560000E-003</data>
</auxiliary>
<auxiliary keyword="CHEB">
<data> 3.62510000E-001</data>
<data> 5.30480000E-001</data>
<data> 2.67410000E-002</data>
<data>-6.59530000E-003</data>
</auxiliary>
<auxiliary keyword="CHEB">
<data>-3.11650000E-001</data>
<data> 1.02830000E-001</data>
<data> 6.21160000E-002</data>
<data>-3.17020000E-004</data>
</auxiliary>
</reaction>
<reaction formula="CO+iC4H8(+M)=HCO+iC4H7(+M)">
<rate A=" 1.00000000E+000" B=" 0.00000000E+000" E=" 0.00000000E+000"/>
<auxiliary keyword="TCHEB">
<data> 3.00000000E+002</data>
<data> 2.10000000E+003</data>
</auxiliary>
<auxiliary keyword="PCHEB">
<data> 9.86923267E-003</data>
<data> 9.86923267E+001</data>
</auxiliary>
<auxiliary keyword="CHEB">
<data>     4</data>
<data>     4</data>
</auxiliary>
<auxiliary keyword="CHEB">
<data>-2.47550000E+001</data>
<data>-1.22670000E+000</data>
<data>-7.63790000E-002</data>
<data> 8.67570000E-003</data>
</auxiliary>
<auxiliary keyword="CHEB">
<data> 2.91170000E+001</data>
<data> 1.13750000E+000</data>
<data>-2.47540000E-002</data>
<data>-1.77610000E-002</data>
</auxiliary>
<auxiliary keyword="CHEB">
<data> 5.42100000E-002</data>
<data> 2.96190000E-001</data>
<data> 8.89530000E-002</data>
<data>-7.76370000E-003</data>
</auxiliary>
<auxiliary keyword="CHEB">
<data>-1.21130000E-001</data>
<data>-1.13070000E-001</data>
<data> 4.76020000E-002</data>
<data> 1.41520000E-002</data>
</auxiliary>
</reaction>
<reaction formula="CO+iC4H8(+M)=sC3H5+CH2CHO(+M)">
<rate A=" 1.00000000E+000" B=" 0.00000000E+000" E=" 0.00000000E+000"/>
<auxiliary keyword="TCHEB">
<data> 3.00000000E+002</data>
<data> 2.10000000E+003</data>
</auxiliary>
<auxiliary keyword="PCHEB">
<data> 9.86923267E-003</data>
<data> 9.86923267E+001</data>
</auxiliary>
<auxiliary keyword="CHEB">
<data>     4</data>
<data>     4</data>
</auxiliary>
<auxiliary keyword="CHEB">
<data>-3.02990000E+001</data>
<data>-8.93890000E-001</data>
<data>-1.54020000E-001</data>
<data> 1.53680000E-002</data>
</auxiliary>
<auxiliary keyword="CHEB">
<data> 3.31020000E+001</data>
<data> 1.00830000E+000</data>
<data> 1.01090000E-001</data>
<data>-3.91240000E-002</data>
</auxiliary>
<auxiliary keyword="CHEB">
<data> 3.25180000E-001</data>
<data> 3.04360000E-002</data>
<data> 9.79330000E-002</data>
<data> 1.63280000E-002</data>
</auxiliary>
<auxiliary keyword="CHEB">
<data> 5.72590000E-003</data>
<data>-1.29830000E-001</data>
<data>-2.04500000E-002</data>
<data> 1.82180000E-002</data>
</auxiliary>
</reaction>
<reaction formula="HCO+iC4H7(+M)=sC3H5+CH2CHO(+M)">
<rate A=" 1.00000000E+000" B=" 0.00000000E+000" E=" 0.00000000E+000"/>
<auxiliary keyword="TCHEB">
<data> 3.00000000E+002</data>
<data> 2.10000000E+003</data>
</auxiliary>
<auxiliary keyword="PCHEB">
<data> 9.86923267E-003</data>
<data> 9.86923267E+001</data>
</auxiliary>
<auxiliary keyword="CHEB">
<data>     4</data>
<data>     4</data>
</auxiliary>
<auxiliary keyword="CHEB">
<data> 3.10770000E+000</data>
<data>-9.75210000E-001</data>
<data>-1.43950000E-001</data>
<data> 1.80580000E-002</data>
</auxiliary>
<auxiliary keyword="CHEB">
<data> 9.26680000E+000</data>
<data> 1.04680000E+000</data>
<data> 7.41170000E-002</data>
<data>-4.07120000E-002</data>
</auxiliary>
<auxiliary keyword="CHEB">
<data> 6.43410000E-002</data>
<data> 9.36300000E-002</data>
<data> 1.03340000E-001</data>
<data> 1.05880000E-002</data>
</auxiliary>
<auxiliary keyword="CHEB">
<data>-8.37610000E-002</data>
<data>-1.34750000E-001</data>
<data>-1.68340000E-003</data>
<data> 2.07110000E-002</data>
</auxiliary>
</reaction>
<reaction formula="CO+iC4H8(+M)=sC3H5+CH3CO(+M)">
<rate A=" 1.00000000E+000" B=" 0.00000000E+000" E=" 0.00000000E+000"/>
<auxiliary keyword="TCHEB">
<data> 3.00000000E+002</data>
<data> 2.10000000E+003</data>
</auxiliary>
<auxiliary keyword="PCHEB">
<data> 9.86923267E-003</data>
<data> 9.86923267E+001</data>
</auxiliary>
<auxiliary keyword="CHEB">
<data>     4</data>
<data>     4</data>
</auxiliary>
<auxiliary keyword="CHEB">
<data>-3.30190000E+001</data>
<data>-1.32320000E+000</data>
<data>-5.55470000E-002</data>
<data> 4.27450000E-003</data>
</auxiliary>
<auxiliary keyword="CHEB">
<data> 3.53020000E+001</data>
<data> 1.09400000E+000</data>
<data>-5.19210000E-002</data>
<data>-9.60390000E-003</data>
</auxiliary>
<auxiliary keyword="CHEB">
<data> 2.52760000E-001</data>
<data> 4.05160000E-001</data>
<data> 6.69630000E-002</data>
<data>-9.32870000E-003</data>
</auxiliary>
<auxiliary keyword="CHEB">
<data>-1.90720000E-001</data>
<data>-4.05220000E-002</data>
<data> 6.53350000E-002</data>
<data> 6.68190000E-003</data>
</auxiliary>
</reaction>
<reaction formula="CO+CH4(+M)=H+CH3CO(+M)">
<rate A=" 1.00000000E+000" B=" 0.00000000E+000" E=" 0.00000000E+000"/>
<auxiliary keyword="TCHEB">
<data> 3.00000000E+002</data>
<data> 2.10000000E+003</data>
</auxiliary>
<auxiliary keyword="PCHEB">
<data> 9.86923267E-003</data>
<data> 9.86923267E+001</data>
</auxiliary>
<auxiliary keyword="CHEB">
<data>     4</data>
<data>     4</data>
</auxiliary>
<auxiliary keyword="CHEB">
<data>-2.92910000E+001</data>
<data>-5.91790000E-001</data>
<data>-1.99940000E-001</data>
<data>-8.57520000E-003</data>
</auxiliary>
<auxiliary keyword="CHEB">
<data> 3.00940000E+001</data>
<data> 6.21080000E-001</data>
<data> 1.78360000E-001</data>
<data>-1.34880000E-002</data>
</auxiliary>
<auxiliary keyword="CHEB">
<data> 8.47730000E-002</data>
<data> 4.68190000E-002</data>
<data> 4.74170000E-002</data>
<data> 2.12250000E-002</data>
</auxiliary>
<auxiliary keyword="CHEB">
<data>-4.12870000E-003</data>
<data>-5.99790000E-002</data>
<data>-1.43470000E-002</data>
<data> 5.35300000E-003</data>
</auxiliary>
</reaction>
<reaction formula="H+CH2CHO(+M)=H+CH3CO(+M)">
<rate A=" 1.00000000E+000" B=" 0.00000000E+000" E=" 0.00000000E+000"/>
<auxiliary keyword="TCHEB">
<data> 3.00000000E+002</data>
<data> 2.10000000E+003</data>
</auxiliary>
<auxiliary keyword="PCHEB">
<data> 9.86923267E-003</data>
<data> 9.86923267E+001</data>
</auxiliary>
<auxiliary keyword="CHEB">
<data>     4</data>
<data>     4</data>
</auxiliary>
<auxiliary keyword="CHEB">
<data> 1.07290000E+001</data>
<data>-2.09710000E-001</data>
<data>-1.19630000E-001</data>
<data>-4.09610000E-002</data>
</auxiliary>
<auxiliary keyword="CHEB">
<data> 3.15360000E-001</data>
<data> 2.45730000E-001</data>
<data> 1.34380000E-001</data>
<data> 4.20970000E-002</data>
</auxiliary>
<auxiliary keyword="CHEB">
<data> 8.44860000E-002</data>
<data>-9.83130000E-003</data>
<data> 2.21800000E-003</data>
<data> 5.97650000E-003</data>
</auxiliary>
<auxiliary keyword="CHEB">
<data> 3.26520000E-002</data>
<data>-2.58120000E-002</data>
<data>-1.56350000E-002</data>
<data>-5.87100000E-003</data>
</auxiliary>
</reaction>
<reaction formula="CO+tSPC(346)(+M)=H2CCCO+HCO(+M)">
<rate A=" 1.00000000E+000" B=" 0.00000000E+000" E=" 0.00000000E+000"/>
<auxiliary keyword="TCHEB">
<data> 3.00000000E+002</data>
<data> 2.10000000E+003</data>
</auxiliary>
<auxiliary keyword="PCHEB">
<data> 9.86923267E-003</data>
<data> 9.86923267E+001</data>
</auxiliary>
<auxiliary keyword="CHEB">
<data>     4</data>
<data>     4</data>
</auxiliary>
<auxiliary keyword="CHEB">
<data>-2.74310000E+001</data>
<data>-1.67070000E+000</data>
<data>-4.65990000E-002</data>
<data>-8.98850000E-004</data>
</auxiliary>
<auxiliary keyword="CHEB">
<data> 2.76550000E+001</data>
<data> 5.30440000E-001</data>
<data>-8.50610000E-002</data>
<data>-8.34680000E-004</data>
</auxiliary>
<auxiliary keyword="CHEB">
<data> 3.69820000E-001</data>
<data> 4.34710000E-001</data>
<data>-3.26900000E-002</data>
<data>-8.47210000E-003</data>
</auxiliary>
<auxiliary keyword="CHEB">
<data>-7.85180000E-002</data>
<data> 2.47770000E-001</data>
<data> 1.09000000E-002</data>
<data>-9.44230000E-003</data>
</auxiliary>
</reaction>
<reaction formula="CO+C3H3O-enone(+M)=CO+tSPC(346)(+M)">
<rate A=" 1.00000000E+000" B=" 0.00000000E+000" E=" 0.00000000E+000"/>
<auxiliary keyword="TCHEB">
<data> 3.00000000E+002</data>
<data> 2.10000000E+003</data>
</auxiliary>
<auxiliary keyword="PCHEB">
<data> 9.86923267E-003</data>
<data> 9.86923267E+001</data>
</auxiliary>
<auxiliary keyword="CHEB">
<data>     4</data>
<data>     4</data>
</auxiliary>
<auxiliary keyword="CHEB">
<data>-2.22240000E+001</data>
<data>-8.69470000E-004</data>
<data>-6.36780000E-004</data>
<data>-3.16760000E-004</data>
</auxiliary>
<auxiliary keyword="CHEB">
<data> 2.63220000E+001</data>
<data> 1.05530000E-003</data>
<data> 7.72760000E-004</data>
<data> 3.84320000E-004</data>
</auxiliary>
<auxiliary keyword="CHEB">
<data> 1.52030000E-001</data>
<data>-2.51850000E-004</data>
<data>-1.84280000E-004</data>
<data>-9.15640000E-005</data>
</auxiliary>
<auxiliary keyword="CHEB">
<data> 5.37990000E-002</data>
<data>-4.07030000E-005</data>
<data>-2.98880000E-005</data>
<data>-1.49120000E-005</data>
</auxiliary>
</reaction>
<reaction formula="CO+C3H3O-enone(+M)=H2CCCO+HCO(+M)">
<rate A=" 1.00000000E+000" B=" 0.00000000E+000" E=" 0.00000000E+000"/>
<auxiliary keyword="TCHEB">
<data> 3.00000000E+002</data>
<data> 2.10000000E+003</data>
</auxiliary>
<auxiliary keyword="PCHEB">
<data> 9.86923267E-003</data>
<data> 9.86923267E+001</data>
</auxiliary>
<auxiliary keyword="CHEB">
<data>     4</data>
<data>     4</data>
</auxiliary>
<auxiliary keyword="CHEB">
<data>-3.39400000E+001</data>
<data>-7.69190000E-004</data>
<data>-5.63370000E-004</data>
<data>-2.80260000E-004</data>
</auxiliary>
<auxiliary keyword="CHEB">
<data> 2.83220000E+001</data>
<data> 9.63730000E-004</data>
<data> 7.05740000E-004</data>
<data> 3.51020000E-004</data>
</auxiliary>
<auxiliary keyword="CHEB">
<data> 6.99560000E-001</data>
<data>-2.47790000E-004</data>
<data>-1.81330000E-004</data>
<data>-9.01200000E-005</data>
</auxiliary>
<auxiliary keyword="CHEB">
<data> 2.21960000E-001</data>
<data>-2.80100000E-005</data>
<data>-2.05870000E-005</data>
<data>-1.02830000E-005</data>
</auxiliary>
</reaction>
<reaction formula="CO+sSPC(1474)(+M)=HCO+tSPC(3683)(+M)">
<rate A=" 1.00000000E+000" B=" 0.00000000E+000" E=" 0.00000000E+000"/>
<auxiliary keyword="TCHEB">
<data> 3.00000000E+002</data>
<data> 2.10000000E+003</data>
</auxiliary>
<auxiliary keyword="PCHEB">
<data> 9.86923267E-003</data>
<data> 9.86923267E+001</data>
</auxiliary>
<auxiliary keyword="CHEB">
<data>     4</data>
<data>     4</data>
</auxiliary>
<auxiliary keyword="CHEB">
<data>-2.72380000E+001</data>
<data>-1.43280000E+000</data>
<data>-3.96250000E-002</data>
<data> 2.26220000E-005</data>
</auxiliary>
<auxiliary keyword="CHEB">
<data> 3.12640000E+001</data>
<data> 9.67330000E-001</data>
<data>-6.70230000E-002</data>
<data>-5.56850000E-003</data>
</auxiliary>
<auxiliary keyword="CHEB">
<data> 4.12470000E-001</data>
<data> 5.18650000E-001</data>
<data> 2.93540000E-002</data>
<data>-7.50000000E-003</data>
</auxiliary>
<auxiliary keyword="CHEB">
<data>-2.72320000E-001</data>
<data> 9.80730000E-002</data>
<data> 6.38180000E-002</data>
<data>-3.19670000E-004</data>
</auxiliary>
</reaction>
<reaction formula="CO+CH3CO(+M)=CO+CH2CHO(+M)">
<rate A=" 1.00000000E+000" B=" 0.00000000E+000" E=" 0.00000000E+000"/>
<auxiliary keyword="TCHEB">
<data> 3.00000000E+002</data>
<data> 2.10000000E+003</data>
</auxiliary>
<auxiliary keyword="PCHEB">
<data> 9.86923267E-003</data>
<data> 9.86923267E+001</data>
</auxiliary>
<auxiliary keyword="CHEB">
<data>     4</data>
<data>     4</data>
</auxiliary>
<auxiliary keyword="CHEB">
<data>-2.16760000E+001</data>
<data>-2.17380000E-004</data>
<data>-1.59290000E-004</data>
<data>-7.92880000E-005</data>
</auxiliary>
<auxiliary keyword="CHEB">
<data> 2.62070000E+001</data>
<data> 2.27920000E-004</data>
<data> 1.67000000E-004</data>
<data> 8.31200000E-005</data>
</auxiliary>
<auxiliary keyword="CHEB">
<data> 1.34370000E-001</data>
<data>-6.01710000E-005</data>
<data>-4.40830000E-005</data>
<data>-2.19370000E-005</data>
</auxiliary>
<auxiliary keyword="CHEB">
<data> 2.83800000E-002</data>
<data>-6.02830000E-006</data>
<data>-4.42130000E-006</data>
<data>-2.20300000E-006</data>
</auxiliary>
</reaction>
<reaction formula="CO+iC4H7(+M)=CH2CO+sC3H5(+M)">
<rate A=" 1.00000000E+000" B=" 0.00000000E+000" E=" 0.00000000E+000"/>
<auxiliary keyword="TCHEB">
<data> 3.00000000E+002</data>
<data> 2.10000000E+003</data>
</auxiliary>
<auxiliary keyword="PCHEB">
<data> 9.86923267E-003</data>
<data> 9.86923267E+001</data>
</auxiliary>
<auxiliary keyword="CHEB">
<data>     4</data>
<data>     4</data>
</auxiliary>
<auxiliary keyword="CHEB">
<data>-8.09010000E+000</data>
<data>-9.96320000E-004</data>
<data>-7.29820000E-004</data>
<data>-3.63130000E-004</data>
</auxiliary>
<auxiliary keyword="CHEB">
<data> 1.62060000E+001</data>
<data> 5.22280000E-004</data>
<data> 3.82440000E-004</data>
<data> 1.90200000E-004</data>
</auxiliary>
<auxiliary keyword="CHEB">
<data> 1.12450000E-001</data>
<data> 4.15940000E-005</data>
<data> 3.05040000E-005</data>
<data> 1.51970000E-005</data>
</auxiliary>
<auxiliary keyword="CHEB">
<data> 3.97020000E-002</data>
<data> 9.30830000E-006</data>
<data> 6.82400000E-006</data>
<data> 3.39840000E-006</data>
</auxiliary>
</reaction>
<reaction formula="CO+tSPC(54)(+M)=CO2+C4H7OJ(79)(+M)">
<rate A=" 1.00000000E+000" B=" 0.00000000E+000" E=" 0.00000000E+000"/>
<auxiliary keyword="TCHEB">
<data> 3.00000000E+002</data>
<data> 2.10000000E+003</data>
</auxiliary>
<auxiliary keyword="PCHEB">
<data> 9.86923267E-003</data>
<data> 9.86923267E+001</data>
</auxiliary>
<auxiliary keyword="CHEB">
<data>     4</data>
<data>     4</data>
</auxiliary>
<auxiliary keyword="CHEB">
<data> 6.75110000E+000</data>
<data>-7.05590000E-004</data>
<data>-5.16930000E-004</data>
<data>-2.57250000E-004</data>
</auxiliary>
<auxiliary keyword="CHEB">
<data> 1.85280000E+000</data>
<data> 3.69740000E-004</data>
<data> 2.70810000E-004</data>
<data> 1.34730000E-004</data>
</auxiliary>
<auxiliary keyword="CHEB">
<data> 5.53620000E-002</data>
<data> 2.89800000E-005</data>
<data> 2.12490000E-005</data>
<data> 1.05850000E-005</data>
</auxiliary>
<auxiliary keyword="CHEB">
<data> 1.31440000E-001</data>
<data> 6.17880000E-006</data>
<data> 4.52940000E-006</data>
<data> 2.25560000E-006</data>
</auxiliary>
</reaction>
<reaction formula="CO+CH2C[O]CH3(+M)=CO2+sC3H5(+M)">
<rate A=" 1.00000000E+000" B=" 0.00000000E+000" E=" 0.00000000E+000"/>
<auxiliary keyword="TCHEB">
<data> 3.00000000E+002</data>
<data> 2.10000000E+003</data>
</auxiliary>
<auxiliary keyword="PCHEB">
<data> 9.86923267E-003</data>
<data> 9.86923267E+001</data>
</auxiliary>
<auxiliary keyword="CHEB">
<data>     4</data>
<data>     4</data>
</auxiliary>
<auxiliary keyword="CHEB">
<data>-1.85920000E+000</data>
<data>-2.51240000E-004</data>
<data>-1.84110000E-004</data>
<data>-9.16440000E-005</data>
</auxiliary>
<auxiliary keyword="CHEB">
<data> 7.89670000E+000</data>
<data> 1.31790000E-004</data>
<data> 9.65700000E-005</data>
<data> 4.80650000E-005</data>
</auxiliary>
<auxiliary keyword="CHEB">
<data> 1.42420000E-001</data>
<data> 1.02830000E-005</data>
<data> 7.53730000E-006</data>
<data> 3.75310000E-006</data>
</auxiliary>
<auxiliary keyword="CHEB">
<data> 3.27430000E-002</data>
<data> 2.19450000E-006</data>
<data> 1.60840000E-006</data>
<data> 8.00830000E-007</data>
</auxiliary>
</reaction>
<reaction formula="iC4H8+HCO(+M)=tSPC(110)+CH3(+M)">
<rate A=" 1.00000000E+000" B=" 0.00000000E+000" E=" 0.00000000E+000"/>
<auxiliary keyword="TCHEB">
<data> 3.00000000E+002</data>
<data> 2.10000000E+003</data>
</auxiliary>
<auxiliary keyword="PCHEB">
<data> 9.86923267E-003</data>
<data> 9.86923267E+001</data>
</auxiliary>
<auxiliary keyword="CHEB">
<data>     4</data>
<data>     4</data>
</auxiliary>
<auxiliary keyword="CHEB">
<data>-9.45680000E+000</data>
<data>-3.38240000E-003</data>
<data>-2.47120000E-003</data>
<data>-1.22580000E-003</data>
</auxiliary>
<auxiliary keyword="CHEB">
<data> 1.73670000E+001</data>
<data> 4.39740000E-003</data>
<data> 3.21040000E-003</data>
<data> 1.59110000E-003</data>
</auxiliary>
<auxiliary keyword="CHEB">
<data> 1.83930000E-001</data>
<data>-1.29370000E-003</data>
<data>-9.41850000E-004</data>
<data>-4.65220000E-004</data>
</auxiliary>
<auxiliary keyword="CHEB">
<data> 6.39740000E-002</data>
<data> 1.59890000E-005</data>
<data> 1.00020000E-005</data>
<data> 3.98230000E-006</data>
</auxiliary>
</reaction>
<reaction formula="H2CCCH3[OH]+HCO(+M)=tSPC(110)+OH(+M)">
<rate A=" 1.00000000E+000" B=" 0.00000000E+000" E=" 0.00000000E+000"/>
<auxiliary keyword="TCHEB">
<data> 3.00000000E+002</data>
<data> 2.10000000E+003</data>
</auxiliary>
<auxiliary keyword="PCHEB">
<data> 9.86923267E-003</data>
<data> 9.86923267E+001</data>
</auxiliary>
<auxiliary keyword="CHEB">
<data>     4</data>
<data>     4</data>
</auxiliary>
<auxiliary keyword="CHEB">
<data>-1.42650000E+001</data>
<data>-2.24310000E-004</data>
<data>-1.64370000E-004</data>
<data>-8.18120000E-005</data>
</auxiliary>
<auxiliary keyword="CHEB">
<data> 2.01690000E+001</data>
<data> 2.67070000E-004</data>
<data> 1.95680000E-004</data>
<data> 9.73930000E-005</data>
</auxiliary>
<auxiliary keyword="CHEB">
<data> 1.96200000E-001</data>
<data>-7.18390000E-005</data>
<data>-5.26280000E-005</data>
<data>-2.61880000E-005</data>
</auxiliary>
<auxiliary keyword="CHEB">
<data> 6.99440000E-002</data>
<data>-3.41030000E-006</data>
<data>-2.50430000E-006</data>
<data>-1.24960000E-006</data>
</auxiliary>
</reaction>
<reaction formula="tSPC(1553)+HCO(+M)=C3H3O-enone+sSPC(2810)(+M)">
<rate A=" 1.00000000E+000" B=" 0.00000000E+000" E=" 0.00000000E+000"/>
<auxiliary keyword="TCHEB">
<data> 3.00000000E+002</data>
<data> 2.10000000E+003</data>
</auxiliary>
<auxiliary keyword="PCHEB">
<data> 9.86923267E-003</data>
<data> 9.86923267E+001</data>
</auxiliary>
<auxiliary keyword="CHEB">
<data>     4</data>
<data>     4</data>
</auxiliary>
<auxiliary keyword="CHEB">
<data> 1.15560000E+001</data>
<data>-2.42150000E-003</data>
<data>-1.76990000E-003</data>
<data>-8.78310000E-004</data>
</auxiliary>
<auxiliary keyword="CHEB">
<data> 1.22070000E+000</data>
<data> 3.34580000E-003</data>
<data> 2.44420000E-003</data>
<data> 1.21230000E-003</data>
</auxiliary>
<auxiliary keyword="CHEB">
<data> 8.61160000E-002</data>
<data>-1.21950000E-003</data>
<data>-8.89710000E-004</data>
<data>-4.40580000E-004</data>
</auxiliary>
<auxiliary keyword="CHEB">
<data> 2.17080000E-002</data>
<data> 2.02160000E-004</data>
<data> 1.46950000E-004</data>
<data> 7.24600000E-005</data>
</auxiliary>
</reaction>
<reaction formula="CH2C[O]CH3+HCO(+M)=tSPC(110)+O(+M)">
<rate A=" 1.00000000E+000" B=" 0.00000000E+000" E=" 0.00000000E+000"/>
<auxiliary keyword="TCHEB">
<data> 3.00000000E+002</data>
<data> 2.10000000E+003</data>
</auxiliary>
<auxiliary keyword="PCHEB">
<data> 9.86923267E-003</data>
<data> 9.86923267E+001</data>
</auxiliary>
<auxiliary keyword="CHEB">
<data>     4</data>
<data>     4</data>
</auxiliary>
<auxiliary keyword="CHEB">
<data>-2.12740000E+001</data>
<data>-4.74750000E-006</data>
<data>-3.47940000E-006</data>
<data>-1.73220000E-006</data>
</auxiliary>
<auxiliary keyword="CHEB">
<data> 2.49890000E+001</data>
<data> 4.71190000E-007</data>
<data> 3.45330000E-007</data>
<data> 1.71920000E-007</data>
</auxiliary>
<auxiliary keyword="CHEB">
<data> 2.26300000E-001</data>
<data>-6.75460000E-007</data>
<data>-4.95040000E-007</data>
<data>-2.46450000E-007</data>
</auxiliary>
<auxiliary keyword="CHEB">
<data> 7.66910000E-002</data>
<data> 4.47180000E-007</data>
<data> 3.27730000E-007</data>
<data> 1.63160000E-007</data>
</auxiliary>
</reaction>
<reaction formula="HCO+tSPC(54)(+M)=sSPC(3071)+iC4H7(+M)">
<rate A=" 1.00000000E+000" B=" 0.00000000E+000" E=" 0.00000000E+000"/>
<auxiliary keyword="TCHEB">
<data> 3.00000000E+002</data>
<data> 2.10000000E+003</data>
</auxiliary>
<auxiliary keyword="PCHEB">
<data> 9.86923267E-003</data>
<data> 9.86923267E+001</data>
</auxiliary>
<auxiliary keyword="CHEB">
<data>     4</data>
<data>     4</data>
</auxiliary>
<auxiliary keyword="CHEB">
<data> 8.72610000E+000</data>
<data>-6.29990000E-002</data>
<data>-4.19900000E-002</data>
<data>-1.85280000E-002</data>
</auxiliary>
<auxiliary keyword="CHEB">
<data> 2.70370000E+000</data>
<data> 9.26860000E-002</data>
<data> 6.08770000E-002</data>
<data> 2.63040000E-002</data>
</auxiliary>
<auxiliary keyword="CHEB">
<data> 7.20500000E-001</data>
<data>-3.31280000E-002</data>
<data>-2.01980000E-002</data>
<data>-7.74900000E-003</data>
</auxiliary>
<auxiliary keyword="CHEB">
<data> 2.54070000E-001</data>
<data> 1.53940000E-003</data>
<data>-2.48640000E-004</data>
<data>-8.95310000E-004</data>
</auxiliary>
</reaction>
<reaction formula="HCO+tSPC(54)(+M)=C4H7OJ(79)+sSPC(2810)(+M)">
<rate A=" 1.00000000E+000" B=" 0.00000000E+000" E=" 0.00000000E+000"/>
<auxiliary keyword="TCHEB">
<data> 3.00000000E+002</data>
<data> 2.10000000E+003</data>
</auxiliary>
<auxiliary keyword="PCHEB">
<data> 9.86923267E-003</data>
<data> 9.86923267E+001</data>
</auxiliary>
<auxiliary keyword="CHEB">
<data>     4</data>
<data>     4</data>
</auxiliary>
<auxiliary keyword="CHEB">
<data> 1.35910000E+001</data>
<data>-8.60580000E-002</data>
<data>-5.61490000E-002</data>
<data>-2.40250000E-002</data>
</auxiliary>
<auxiliary keyword="CHEB">
<data> 4.13330000E-001</data>
<data> 1.22220000E-001</data>
<data> 7.84440000E-002</data>
<data> 3.27430000E-002</data>
</auxiliary>
<auxiliary keyword="CHEB">
<data> 2.16910000E-001</data>
<data>-3.67750000E-002</data>
<data>-2.14930000E-002</data>
<data>-7.62090000E-003</data>
</auxiliary>
<auxiliary keyword="CHEB">
<data> 8.74640000E-002</data>
<data>-2.97260000E-003</data>
<data>-3.39830000E-003</data>
<data>-2.36840000E-003</data>
</auxiliary>
</reaction>
<reaction formula="sSPC(3071)+iC4H7(+M)=C4H7OJ(79)+sSPC(2810)(+M)">
<rate A=" 1.00000000E+000" B=" 0.00000000E+000" E=" 0.00000000E+000"/>
<auxiliary keyword="TCHEB">
<data> 3.00000000E+002</data>
<data> 2.10000000E+003</data>
</auxiliary>
<auxiliary keyword="PCHEB">
<data> 9.86923267E-003</data>
<data> 9.86923267E+001</data>
</auxiliary>
<auxiliary keyword="CHEB">
<data>     4</data>
<data>     4</data>
</auxiliary>
<auxiliary keyword="CHEB">
<data> 1.32650000E+001</data>
<data>-2.96840000E-001</data>
<data>-1.37150000E-001</data>
<data>-2.99520000E-002</data>
</auxiliary>
<auxiliary keyword="CHEB">
<data> 6.62220000E-001</data>
<data> 4.06460000E-001</data>
<data> 1.74220000E-001</data>
<data> 2.86950000E-002</data>
</auxiliary>
<auxiliary keyword="CHEB">
<data> 1.33560000E-001</data>
<data>-9.78330000E-002</data>
<data>-2.07930000E-002</data>
<data> 1.18810000E-002</data>
</auxiliary>
<auxiliary keyword="CHEB">
<data> 6.59600000E-002</data>
<data>-2.36300000E-002</data>
<data>-2.24510000E-002</data>
<data>-1.21410000E-002</data>
</auxiliary>
</reaction>
<reaction formula="HCO+tSPC(77)(+M)=CO+C4H8O2(62)(+M)">
<rate A=" 1.00000000E+000" B=" 0.00000000E+000" E=" 0.00000000E+000"/>
<auxiliary keyword="TCHEB">
<data> 3.00000000E+002</data>
<data> 2.10000000E+003</data>
</auxiliary>
<auxiliary keyword="PCHEB">
<data> 9.86923267E-003</data>
<data> 9.86923267E+001</data>
</auxiliary>
<auxiliary keyword="CHEB">
<data>     4</data>
<data>     4</data>
</auxiliary>
<auxiliary keyword="CHEB">
<data> 3.57780000E+000</data>
<data>-1.32790000E+000</data>
<data>-5.11890000E-002</data>
<data> 2.77880000E-003</data>
</auxiliary>
<auxiliary keyword="CHEB">
<data> 6.84720000E+000</data>
<data> 1.10940000E+000</data>
<data>-5.29320000E-002</data>
<data>-9.62670000E-003</data>
</auxiliary>
<auxiliary keyword="CHEB">
<data> 1.65960000E-001</data>
<data> 4.13000000E-001</data>
<data> 6.20430000E-002</data>
<data>-8.61530000E-003</data>
</auxiliary>
<auxiliary keyword="CHEB">
<data>-2.38940000E-001</data>
<data>-5.66940000E-002</data>
<data> 6.52450000E-002</data>
<data> 6.40160000E-003</data>
</auxiliary>
</reaction>
<reaction formula="HCO+tSPC(122)(+M)=sSPC(3071)+tSPC(77)(+M)">
<rate A=" 1.00000000E+000" B=" 0.00000000E+000" E=" 0.00000000E+000"/>
<auxiliary keyword="TCHEB">
<data> 3.00000000E+002</data>
<data> 2.10000000E+003</data>
</auxiliary>
<auxiliary keyword="PCHEB">
<data> 9.86923267E-003</data>
<data> 9.86923267E+001</data>
</auxiliary>
<auxiliary keyword="CHEB">
<data>     4</data>
<data>     4</data>
</auxiliary>
<auxiliary keyword="CHEB">
<data> 9.82110000E+000</data>
<data>-1.38930000E+000</data>
<data>-4.52150000E-002</data>
<data>-1.08770000E-003</data>
</auxiliary>
<auxiliary keyword="CHEB">
<data> 4.34750000E+000</data>
<data> 1.05000000E+000</data>
<data>-7.13400000E-002</data>
<data>-9.86350000E-003</data>
</auxiliary>
<auxiliary keyword="CHEB">
<data> 4.73090000E-001</data>
<data> 4.77130000E-001</data>
<data> 4.00870000E-002</data>
<data>-8.56520000E-003</data>
</auxiliary>
<auxiliary keyword="CHEB">
<data>-3.70790000E-001</data>
<data> 5.64380000E-003</data>
<data> 7.23720000E-002</data>
<data> 2.83400000E-003</data>
</auxiliary>
</reaction>
<reaction formula="HCO+OH(+M)=CO2+H2(+M)">
<rate A=" 1.00000000E+000" B=" 0.00000000E+000" E=" 0.00000000E+000"/>
<auxiliary keyword="TCHEB">
<data> 3.00000000E+002</data>
<data> 2.10000000E+003</data>
</auxiliary>
<auxiliary keyword="PCHEB">
<data> 9.86923267E-003</data>
<data> 9.86923267E+001</data>
</auxiliary>
<auxiliary keyword="CHEB">
<data>     4</data>
<data>     4</data>
</auxiliary>
<auxiliary keyword="CHEB">
<data> 1.27860000E+001</data>
<data>-9.20250000E-002</data>
<data>-6.24830000E-002</data>
<data>-2.82600000E-002</data>
</auxiliary>
<auxiliary keyword="CHEB">
<data> 3.80180000E-002</data>
<data> 9.57240000E-002</data>
<data> 6.36090000E-002</data>
<data> 2.79170000E-002</data>
</auxiliary>
<auxiliary keyword="CHEB">
<data>-9.75070000E-002</data>
<data> 2.17460000E-003</data>
<data> 2.94720000E-003</data>
<data> 2.23390000E-003</data>
</auxiliary>
<auxiliary keyword="CHEB">
<data>-5.64340000E-002</data>
<data>-5.91290000E-003</data>
<data>-4.02370000E-003</data>
<data>-1.82140000E-003</data>
</auxiliary>
</reaction>
<reaction formula="H+sSPC(2810)(+M)=CO2+H2(+M)">
<rate A=" 1.00000000E+000" B=" 0.00000000E+000" E=" 0.00000000E+000"/>
<auxiliary keyword="TCHEB">
<data> 3.00000000E+002</data>
<data> 2.10000000E+003</data>
</auxiliary>
<auxiliary keyword="PCHEB">
<data> 9.86923267E-003</data>
<data> 9.86923267E+001</data>
</auxiliary>
<auxiliary keyword="CHEB">
<data>     4</data>
<data>     4</data>
</auxiliary>
<auxiliary keyword="CHEB">
<data> 1.29500000E+001</data>
<data>-1.31600000E-001</data>
<data>-8.61870000E-002</data>
<data>-3.70660000E-002</data>
</auxiliary>
<auxiliary keyword="CHEB">
<data>-4.25230000E-002</data>
<data> 1.31360000E-001</data>
<data> 8.30520000E-002</data>
<data> 3.38400000E-002</data>
</auxiliary>
<auxiliary keyword="CHEB">
<data>-1.05610000E-001</data>
<data> 7.29590000E-003</data>
<data> 7.66190000E-003</data>
<data> 5.09880000E-003</data>
</auxiliary>
<auxiliary keyword="CHEB">
<data>-6.66570000E-002</data>
<data>-7.38340000E-003</data>
<data>-4.63140000E-003</data>
<data>-1.84980000E-003</data>
</auxiliary>
</reaction>
<reaction formula="HCO+tSPC(97)(+M)=sSPC(3071)+HOC[CH2][CH3]2(+M)">
<rate A=" 1.00000000E+000" B=" 0.00000000E+000" E=" 0.00000000E+000"/>
<auxiliary keyword="TCHEB">
<data> 3.00000000E+002</data>
<data> 2.10000000E+003</data>
</auxiliary>
<auxiliary keyword="PCHEB">
<data> 9.86923267E-003</data>
<data> 9.86923267E+001</data>
</auxiliary>
<auxiliary keyword="CHEB">
<data>     4</data>
<data>     4</data>
</auxiliary>
<auxiliary keyword="CHEB">
<data> 8.11890000E+000</data>
<data>-1.47160000E+000</data>
<data>-3.61400000E-002</data>
<data>-1.56030000E-003</data>
</auxiliary>
<auxiliary keyword="CHEB">
<data> 6.31610000E+000</data>
<data> 9.09850000E-001</data>
<data>-7.10640000E-002</data>
<data>-5.06240000E-003</data>
</auxiliary>
<auxiliary keyword="CHEB">
<data> 3.00270000E-001</data>
<data> 5.54560000E-001</data>
<data> 1.41100000E-002</data>
<data>-7.16080000E-003</data>
</auxiliary>
<auxiliary keyword="CHEB">
<data>-2.65190000E-001</data>
<data> 1.56540000E-001</data>
<data> 5.82880000E-002</data>
<data>-2.95510000E-003</data>
</auxiliary>
</reaction>
<reaction formula="HCO+tSPC(878)(+M)=sSPC(3071)+tSPC(346)(+M)">
<rate A=" 1.00000000E+000" B=" 0.00000000E+000" E=" 0.00000000E+000"/>
<auxiliary keyword="TCHEB">
<data> 3.00000000E+002</data>
<data> 2.10000000E+003</data>
</auxiliary>
<auxiliary keyword="PCHEB">
<data> 9.86923267E-003</data>
<data> 9.86923267E+001</data>
</auxiliary>
<auxiliary keyword="CHEB">
<data>     4</data>
<data>     4</data>
</auxiliary>
<auxiliary keyword="CHEB">
<data> 1.11970000E+001</data>
<data>-1.25310000E+000</data>
<data>-6.64120000E-002</data>
<data> 5.73860000E-003</data>
</auxiliary>
<auxiliary keyword="CHEB">
<data> 3.08530000E+000</data>
<data> 1.13570000E+000</data>
<data>-3.42410000E-002</data>
<data>-1.35660000E-002</data>
</auxiliary>
<auxiliary keyword="CHEB">
<data> 7.99750000E-002</data>
<data> 3.19030000E-001</data>
<data> 8.13320000E-002</data>
<data>-7.57210000E-003</data>
</auxiliary>
<auxiliary keyword="CHEB">
<data>-1.04740000E-001</data>
<data>-1.01390000E-001</data>
<data> 5.10610000E-002</data>
<data> 1.15770000E-002</data>
</auxiliary>
</reaction>
<reaction formula="HCO+tSPC(1286)(+M)=sSPC(3071)+C3H3O-enone(+M)">
<rate A=" 1.00000000E+000" B=" 0.00000000E+000" E=" 0.00000000E+000"/>
<auxiliary keyword="TCHEB">
<data> 3.00000000E+002</data>
<data> 2.10000000E+003</data>
</auxiliary>
<auxiliary keyword="PCHEB">
<data> 9.86923267E-003</data>
<data> 9.86923267E+001</data>
</auxiliary>
<auxiliary keyword="CHEB">
<data>     4</data>
<data>     4</data>
</auxiliary>
<auxiliary keyword="CHEB">
<data> 7.31240000E+000</data>
<data>-1.44360000E-002</data>
<data>-1.04150000E-002</data>
<data>-5.08950000E-003</data>
</auxiliary>
<auxiliary keyword="CHEB">
<data> 3.28640000E+000</data>
<data> 2.05280000E-002</data>
<data> 1.47740000E-002</data>
<data> 7.19780000E-003</data>
</auxiliary>
<auxiliary keyword="CHEB">
<data> 8.95610000E-001</data>
<data>-6.51870000E-003</data>
<data>-4.63260000E-003</data>
<data>-2.22240000E-003</data>
</auxiliary>
<auxiliary keyword="CHEB">
<data> 1.88800000E-001</data>
<data>-1.62880000E-004</data>
<data>-1.61110000E-004</data>
<data>-1.04360000E-004</data>
</auxiliary>
</reaction>
<reaction formula="HCO+tSPC(1286)(+M)=sSPC(2810)+tSPC(1553)(+M)">
<rate A=" 1.00000000E+000" B=" 0.00000000E+000" E=" 0.00000000E+000"/>
<auxiliary keyword="TCHEB">
<data> 3.00000000E+002</data>
<data> 2.10000000E+003</data>
</auxiliary>
<auxiliary keyword="PCHEB">
<data> 9.86923267E-003</data>
<data> 9.86923267E+001</data>
</auxiliary>
<auxiliary keyword="CHEB">
<data>     4</data>
<data>     4</data>
</auxiliary>
<auxiliary keyword="CHEB">
<data> 1.34940000E+001</data>
<data>-1.95320000E-002</data>
<data>-1.40330000E-002</data>
<data>-6.82270000E-003</data>
</auxiliary>
<auxiliary keyword="CHEB">
<data> 4.44890000E-001</data>
<data> 2.68420000E-002</data>
<data> 1.92190000E-002</data>
<data> 9.30530000E-003</data>
</auxiliary>
<auxiliary keyword="CHEB">
<data> 2.21230000E-001</data>
<data>-7.34240000E-003</data>
<data>-5.15690000E-003</data>
<data>-2.43750000E-003</data>
</auxiliary>
<auxiliary keyword="CHEB">
<data> 7.32750000E-002</data>
<data>-7.90470000E-004</data>
<data>-6.33430000E-004</data>
<data>-3.46590000E-004</data>
</auxiliary>
</reaction>
<reaction formula="sSPC(3071)+C3H3O-enone(+M)=sSPC(2810)+tSPC(1553)(+M)">
<rate A=" 1.00000000E+000" B=" 0.00000000E+000" E=" 0.00000000E+000"/>
<auxiliary keyword="TCHEB">
<data> 3.00000000E+002</data>
<data> 2.10000000E+003</data>
</auxiliary>
<auxiliary keyword="PCHEB">
<data> 9.86923267E-003</data>
<data> 9.86923267E+001</data>
</auxiliary>
<auxiliary keyword="CHEB">
<data>     4</data>
<data>     4</data>
</auxiliary>
<auxiliary keyword="CHEB">
<data> 1.35070000E+001</data>
<data>-4.14790000E-002</data>
<data>-2.90270000E-002</data>
<data>-1.36600000E-002</data>
</auxiliary>
<auxiliary keyword="CHEB">
<data> 4.24900000E-001</data>
<data> 5.71770000E-002</data>
<data> 3.97060000E-002</data>
<data> 1.85000000E-002</data>
</auxiliary>
<auxiliary keyword="CHEB">
<data> 2.24730000E-001</data>
<data>-1.53110000E-002</data>
<data>-1.01480000E-002</data>
<data>-4.43510000E-003</data>
</auxiliary>
<auxiliary keyword="CHEB">
<data> 9.08710000E-002</data>
<data>-2.05720000E-003</data>
<data>-1.75510000E-003</data>
<data>-1.01510000E-003</data>
</auxiliary>
</reaction>
<reaction formula="HCO+C2H3(+M)=H+tSPC(346)(+M)">
<rate A=" 1.00000000E+000" B=" 0.00000000E+000" E=" 0.00000000E+000"/>
<auxiliary keyword="TCHEB">
<data> 3.00000000E+002</data>
<data> 2.10000000E+003</data>
</auxiliary>
<auxiliary keyword="PCHEB">
<data> 9.86923267E-003</data>
<data> 9.86923267E+001</data>
</auxiliary>
<auxiliary keyword="CHEB">
<data>     4</data>
<data>     4</data>
</auxiliary>
<auxiliary keyword="CHEB">
<data> 9.26340000E+000</data>
<data>-1.06880000E+000</data>
<data>-1.24570000E-001</data>
<data> 1.82340000E-002</data>
</auxiliary>
<auxiliary keyword="CHEB">
<data> 1.75770000E+000</data>
<data> 1.02870000E+000</data>
<data> 3.90720000E-002</data>
<data>-3.33530000E-002</data>
</auxiliary>
<auxiliary keyword="CHEB">
<data> 1.04110000E-001</data>
<data> 1.76090000E-001</data>
<data> 8.88160000E-002</data>
<data> 9.39890000E-005</data>
</auxiliary>
<auxiliary keyword="CHEB">
<data>-6.92330000E-002</data>
<data>-8.81760000E-002</data>
<data> 1.65400000E-002</data>
<data> 1.49000000E-002</data>
</auxiliary>
</reaction>
<reaction formula="HCO+C2H3(+M)=H+C3H3O-enone(+M)">
<rate A=" 1.00000000E+000" B=" 0.00000000E+000" E=" 0.00000000E+000"/>
<auxiliary keyword="TCHEB">
<data> 3.00000000E+002</data>
<data> 2.10000000E+003</data>
</auxiliary>
<auxiliary keyword="PCHEB">
<data> 9.86923267E-003</data>
<data> 9.86923267E+001</data>
</auxiliary>
<auxiliary keyword="CHEB">
<data>     4</data>
<data>     4</data>
</auxiliary>
<auxiliary keyword="CHEB">
<data> 1.20800000E+001</data>
<data>-1.25170000E+000</data>
<data>-1.03340000E-001</data>
<data> 1.82860000E-002</data>
</auxiliary>
<auxiliary keyword="CHEB">
<data> 6.13790000E-001</data>
<data> 9.74420000E-001</data>
<data>-1.86380000E-002</data>
<data>-2.27230000E-002</data>
</auxiliary>
<auxiliary keyword="CHEB">
<data>-9.52680000E-002</data>
<data> 3.11370000E-001</data>
<data> 7.39890000E-002</data>
<data>-1.16760000E-002</data>
</auxiliary>
<auxiliary keyword="CHEB">
<data>-1.76550000E-001</data>
<data>-2.86640000E-003</data>
<data> 4.12730000E-002</data>
<data> 6.98030000E-003</data>
</auxiliary>
</reaction>
<reaction formula="H+tSPC(346)(+M)=H+C3H3O-enone(+M)">
<rate A=" 1.00000000E+000" B=" 0.00000000E+000" E=" 0.00000000E+000"/>
<auxiliary keyword="TCHEB">
<data> 3.00000000E+002</data>
<data> 2.10000000E+003</data>
</auxiliary>
<auxiliary keyword="PCHEB">
<data> 9.86923267E-003</data>
<data> 9.86923267E+001</data>
</auxiliary>
<auxiliary keyword="CHEB">
<data>     4</data>
<data>     4</data>
</auxiliary>
<auxiliary keyword="CHEB">
<data> 1.07690000E+001</data>
<data>-1.28860000E+000</data>
<data>-9.44340000E-002</data>
<data> 1.67070000E-002</data>
</auxiliary>
<auxiliary keyword="CHEB">
<data> 6.35470000E-001</data>
<data> 9.64790000E-001</data>
<data>-2.94340000E-002</data>
<data>-1.83970000E-002</data>
</auxiliary>
<auxiliary keyword="CHEB">
<data>-2.79870000E-001</data>
<data> 3.34160000E-001</data>
<data> 6.77810000E-002</data>
<data>-1.26830000E-002</data>
</auxiliary>
<auxiliary keyword="CHEB">
<data>-2.45060000E-001</data>
<data> 1.16710000E-002</data>
<data> 4.34350000E-002</data>
<data> 4.92090000E-003</data>
</auxiliary>
</reaction>
<reaction formula="HCO+CH2CHO(+M)=sSPC(2810)+C2H3(+M)">
<rate A=" 1.00000000E+000" B=" 0.00000000E+000" E=" 0.00000000E+000"/>
<auxiliary keyword="TCHEB">
<data> 3.00000000E+002</data>
<data> 2.10000000E+003</data>
</auxiliary>
<auxiliary keyword="PCHEB">
<data> 9.86923267E-003</data>
<data> 9.86923267E+001</data>
</auxiliary>
<auxiliary keyword="CHEB">
<data>     4</data>
<data>     4</data>
</auxiliary>
<auxiliary keyword="CHEB">
<data> 5.63520000E+000</data>
<data>-2.27950000E-001</data>
<data>-1.20140000E-001</data>
<data>-3.51970000E-002</data>
</auxiliary>
<auxiliary keyword="CHEB">
<data> 6.00130000E+000</data>
<data> 2.94720000E-001</data>
<data> 1.48370000E-001</data>
<data> 3.86390000E-002</data>
</auxiliary>
<auxiliary keyword="CHEB">
<data> 1.44080000E-001</data>
<data>-4.57560000E-002</data>
<data>-1.29630000E-002</data>
<data> 3.83200000E-003</data>
</auxiliary>
<auxiliary keyword="CHEB">
<data> 4.83170000E-002</data>
<data>-2.71700000E-002</data>
<data>-1.75660000E-002</data>
<data>-7.22280000E-003</data>
</auxiliary>
</reaction>
<reaction formula="HCO+nSPC(543)(+M)=sSPC(3071)+CH2CHO(+M)">
<rate A=" 1.00000000E+000" B=" 0.00000000E+000" E=" 0.00000000E+000"/>
<auxiliary keyword="TCHEB">
<data> 3.00000000E+002</data>
<data> 2.10000000E+003</data>
</auxiliary>
<auxiliary keyword="PCHEB">
<data> 9.86923267E-003</data>
<data> 9.86923267E+001</data>
</auxiliary>
<auxiliary keyword="CHEB">
<data>     4</data>
<data>     4</data>
</auxiliary>
<auxiliary keyword="CHEB">
<data> 1.11910000E+001</data>
<data>-1.25650000E+000</data>
<data>-6.90290000E-002</data>
<data> 5.64400000E-003</data>
</auxiliary>
<auxiliary keyword="CHEB">
<data> 3.02290000E+000</data>
<data> 1.12320000E+000</data>
<data>-3.76440000E-002</data>
<data>-1.40800000E-002</data>
</auxiliary>
<auxiliary keyword="CHEB">
<data> 1.50240000E-001</data>
<data> 3.19470000E-001</data>
<data> 8.28260000E-002</data>
<data>-8.25480000E-003</data>
</auxiliary>
<auxiliary keyword="CHEB">
<data>-1.73800000E-001</data>
<data>-8.86960000E-002</data>
<data> 5.29830000E-002</data>
<data> 1.18000000E-002</data>
</auxiliary>
</reaction>
<reaction formula="HCO+CH2C[O]CH3(+M)=sC3H5+sSPC(2810)(+M)">
<rate A=" 1.00000000E+000" B=" 0.00000000E+000" E=" 0.00000000E+000"/>
<auxiliary keyword="TCHEB">
<data> 3.00000000E+002</data>
<data> 2.10000000E+003</data>
</auxiliary>
<auxiliary keyword="PCHEB">
<data> 9.86923267E-003</data>
<data> 9.86923267E+001</data>
</auxiliary>
<auxiliary keyword="CHEB">
<data>     4</data>
<data>     4</data>
</auxiliary>
<auxiliary keyword="CHEB">
<data> 6.05040000E+000</data>
<data>-8.96640000E-001</data>
<data>-1.59970000E-001</data>
<data> 1.71150000E-002</data>
</auxiliary>
<auxiliary keyword="CHEB">
<data> 6.23470000E+000</data>
<data> 9.77660000E-001</data>
<data> 1.04890000E-001</data>
<data>-4.14180000E-002</data>
</auxiliary>
<auxiliary keyword="CHEB">
<data> 9.91460000E-002</data>
<data> 6.35630000E-002</data>
<data> 9.24000000E-002</data>
<data> 1.54220000E-002</data>
</auxiliary>
<auxiliary keyword="CHEB">
<data>-4.05750000E-002</data>
<data>-1.20510000E-001</data>
<data>-1.22450000E-002</data>
<data> 1.77560000E-002</data>
</auxiliary>
</reaction>
<reaction formula="sSPC(3071)+C2H3(+M)=tSPC(1286)+H(+M)">
<rate A=" 1.00000000E+000" B=" 0.00000000E+000" E=" 0.00000000E+000"/>
<auxiliary keyword="TCHEB">
<data> 3.00000000E+002</data>
<data> 2.10000000E+003</data>
</auxiliary>
<auxiliary keyword="PCHEB">
<data> 9.86923267E-003</data>
<data> 9.86923267E+001</data>
</auxiliary>
<auxiliary keyword="CHEB">
<data>     4</data>
<data>     4</data>
</auxiliary>
<auxiliary keyword="CHEB">
<data> 6.33310000E+000</data>
<data>-6.48000000E-001</data>
<data>-1.16320000E-001</data>
<data>-4.29240000E-003</data>
</auxiliary>
<auxiliary keyword="CHEB">
<data> 2.56470000E+000</data>
<data> 8.08260000E-001</data>
<data> 1.13710000E-001</data>
<data>-5.49180000E-003</data>
</auxiliary>
<auxiliary keyword="CHEB">
<data>-1.26150000E-001</data>
<data>-8.76610000E-002</data>
<data> 2.96430000E-002</data>
<data> 1.29050000E-002</data>
</auxiliary>
<auxiliary keyword="CHEB">
<data> 2.12400000E-002</data>
<data>-8.60110000E-002</data>
<data>-2.47600000E-002</data>
<data>-9.54520000E-004</data>
</auxiliary>
</reaction>
<reaction formula="sSPC(3071)+C2H3(+M)=sSPC(2810)+CH2CHO(+M)">
<rate A=" 1.00000000E+000" B=" 0.00000000E+000" E=" 0.00000000E+000"/>
<auxiliary keyword="TCHEB">
<data> 3.00000000E+002</data>
<data> 2.10000000E+003</data>
</auxiliary>
<auxiliary keyword="PCHEB">
<data> 9.86923267E-003</data>
<data> 9.86923267E+001</data>
</auxiliary>
<auxiliary keyword="CHEB">
<data>     4</data>
<data>     4</data>
</auxiliary>
<auxiliary keyword="CHEB">
<data> 1.34010000E+001</data>
<data>-1.08370000E-005</data>
<data>-7.94210000E-006</data>
<data>-3.95390000E-006</data>
</auxiliary>
<auxiliary keyword="CHEB">
<data> 5.56790000E-001</data>
<data> 7.44340000E-006</data>
<data> 5.45520000E-006</data>
<data> 2.71580000E-006</data>
</auxiliary>
<auxiliary keyword="CHEB">
<data> 2.43820000E-001</data>
<data>-3.31920000E-006</data>
<data>-2.43260000E-006</data>
<data>-1.21100000E-006</data>
</auxiliary>
<auxiliary keyword="CHEB">
<data> 9.17810000E-002</data>
<data> 2.33840000E-007</data>
<data> 1.71370000E-007</data>
<data> 8.53130000E-008</data>
</auxiliary>
</reaction>
<reaction formula="sSPC(3121)+C2H3(+M)=tSPC(1416)+H(+M)">
<rate A=" 1.00000000E+000" B=" 0.00000000E+000" E=" 0.00000000E+000"/>
<auxiliary keyword="TCHEB">
<data> 3.00000000E+002</data>
<data> 2.10000000E+003</data>
</auxiliary>
<auxiliary keyword="PCHEB">
<data> 9.86923267E-003</data>
<data> 9.86923267E+001</data>
</auxiliary>
<auxiliary keyword="CHEB">
<data>     4</data>
<data>     4</data>
</auxiliary>
<auxiliary keyword="CHEB">
<data> 6.68450000E+000</data>
<data>-2.15120000E-001</data>
<data>-1.02990000E-001</data>
<data>-2.68540000E-002</data>
</auxiliary>
<auxiliary keyword="CHEB">
<data> 2.18360000E+000</data>
<data> 2.87880000E-001</data>
<data> 1.33690000E-001</data>
<data> 3.22350000E-002</data>
</auxiliary>
<auxiliary keyword="CHEB">
<data>-1.35820000E-001</data>
<data>-6.07330000E-002</data>
<data>-2.24720000E-002</data>
<data>-1.65740000E-003</data>
</auxiliary>
<auxiliary keyword="CHEB">
<data> 7.92320000E-002</data>
<data>-1.87000000E-002</data>
<data>-1.12220000E-002</data>
<data>-4.40810000E-003</data>
</auxiliary>
</reaction>
<reaction formula="sSPC(2810)+C2H3(+M)=tSPC(1553)+H(+M)">
<rate A=" 1.00000000E+000" B=" 0.00000000E+000" E=" 0.00000000E+000"/>
<auxiliary keyword="TCHEB">
<data> 3.00000000E+002</data>
<data> 2.10000000E+003</data>
</auxiliary>
<auxiliary keyword="PCHEB">
<data> 9.86923267E-003</data>
<data> 9.86923267E+001</data>
</auxiliary>
<auxiliary keyword="CHEB">
<data>     4</data>
<data>     4</data>
</auxiliary>
<auxiliary keyword="CHEB">
<data> 6.77560000E+000</data>
<data>-1.19850000E-001</data>
<data>-6.61100000E-002</data>
<data>-2.13870000E-002</data>
</auxiliary>
<auxiliary keyword="CHEB">
<data> 2.11130000E+000</data>
<data> 1.61910000E-001</data>
<data> 8.67900000E-002</data>
<data> 2.64240000E-002</data>
</auxiliary>
<auxiliary keyword="CHEB">
<data>-2.37700000E-003</data>
<data>-3.96390000E-002</data>
<data>-1.76280000E-002</data>
<data>-2.96450000E-003</data>
</auxiliary>
<auxiliary keyword="CHEB">
<data> 9.41360000E-002</data>
<data>-4.50520000E-003</data>
<data>-4.29140000E-003</data>
<data>-2.50990000E-003</data>
</auxiliary>
</reaction>
<reaction formula="sSPC(2810)+tSPC(77)(+M)=CO2+C4H8O2(62)(+M)">
<rate A=" 1.00000000E+000" B=" 0.00000000E+000" E=" 0.00000000E+000"/>
<auxiliary keyword="TCHEB">
<data> 3.00000000E+002</data>
<data> 2.10000000E+003</data>
</auxiliary>
<auxiliary keyword="PCHEB">
<data> 9.86923267E-003</data>
<data> 9.86923267E+001</data>
</auxiliary>
<auxiliary keyword="CHEB">
<data>     4</data>
<data>     4</data>
</auxiliary>
<auxiliary keyword="CHEB">
<data> 9.99950000E+000</data>
<data>-1.52480000E+000</data>
<data>-6.37040000E-002</data>
<data>-1.88080000E-003</data>
</auxiliary>
<auxiliary keyword="CHEB">
<data> 3.28590000E+000</data>
<data> 8.01850000E-001</data>
<data>-1.16420000E-001</data>
<data>-6.22180000E-003</data>
</auxiliary>
<auxiliary keyword="CHEB">
<data> 3.33220000E-001</data>
<data> 4.85710000E-001</data>
<data>-3.37740000E-003</data>
<data>-1.66640000E-002</data>
</auxiliary>
<auxiliary keyword="CHEB">
<data>-2.43980000E-001</data>
<data> 1.50590000E-001</data>
<data> 6.00300000E-002</data>
<data>-1.23080000E-002</data>
</auxiliary>
</reaction>
<reaction formula="sSPC(2810)+CH2C[O]CH3(+M)=sC3H5+sSPC(3071)(+M)">
<rate A=" 1.00000000E+000" B=" 0.00000000E+000" E=" 0.00000000E+000"/>
<auxiliary keyword="TCHEB">
<data> 3.00000000E+002</data>
<data> 2.10000000E+003</data>
</auxiliary>
<auxiliary keyword="PCHEB">
<data> 9.86923267E-003</data>
<data> 9.86923267E+001</data>
</auxiliary>
<auxiliary keyword="CHEB">
<data>     4</data>
<data>     4</data>
</auxiliary>
<auxiliary keyword="CHEB">
<data>-1.74010000E+001</data>
<data>-4.05610000E-005</data>
<data>-2.97260000E-005</data>
<data>-1.47990000E-005</data>
</auxiliary>
<auxiliary keyword="CHEB">
<data> 2.48010000E+001</data>
<data> 2.88630000E-005</data>
<data> 2.11520000E-005</data>
<data> 1.05300000E-005</data>
</auxiliary>
<auxiliary keyword="CHEB">
<data> 2.78320000E-001</data>
<data>-1.29760000E-005</data>
<data>-9.50980000E-006</data>
<data>-4.73410000E-006</data>
</auxiliary>
<auxiliary keyword="CHEB">
<data> 9.78840000E-002</data>
<data> 2.70220000E-006</data>
<data> 1.98030000E-006</data>
<data> 9.85770000E-007</data>
</auxiliary>
</reaction>
<reaction formula="tSPC(213)+H(+M)=tSPC(110)+HO2(+M)">
<rate A=" 1.00000000E+000" B=" 0.00000000E+000" E=" 0.00000000E+000"/>
<auxiliary keyword="TCHEB">
<data> 3.00000000E+002</data>
<data> 2.10000000E+003</data>
</auxiliary>
<auxiliary keyword="PCHEB">
<data> 9.86923267E-003</data>
<data> 9.86923267E+001</data>
</auxiliary>
<auxiliary keyword="CHEB">
<data>     4</data>
<data>     4</data>
</auxiliary>
<auxiliary keyword="CHEB">
<data> 5.47010000E+000</data>
<data>-7.94260000E-001</data>
<data>-1.86520000E-001</data>
<data> 9.70890000E-003</data>
</auxiliary>
<auxiliary keyword="CHEB">
<data> 7.60440000E+000</data>
<data> 8.80880000E-001</data>
<data> 1.35320000E-001</data>
<data>-4.45560000E-002</data>
</auxiliary>
<auxiliary keyword="CHEB">
<data>-1.37890000E-001</data>
<data> 1.18710000E-002</data>
<data> 8.19460000E-002</data>
<data> 2.49720000E-002</data>
</auxiliary>
<auxiliary keyword="CHEB">
<data>-9.08450000E-002</data>
<data>-1.03870000E-001</data>
<data>-2.23410000E-002</data>
<data> 1.58850000E-002</data>
</auxiliary>
</reaction>
<reaction formula="tSPC(343)+H(+M)=tSPC(110)+O(+M)">
<rate A=" 1.00000000E+000" B=" 0.00000000E+000" E=" 0.00000000E+000"/>
<auxiliary keyword="TCHEB">
<data> 3.00000000E+002</data>
<data> 2.10000000E+003</data>
</auxiliary>
<auxiliary keyword="PCHEB">
<data> 9.86923267E-003</data>
<data> 9.86923267E+001</data>
</auxiliary>
<auxiliary keyword="CHEB">
<data>     4</data>
<data>     4</data>
</auxiliary>
<auxiliary keyword="CHEB">
<data>-4.17190000E+000</data>
<data>-1.64600000E-001</data>
<data>-9.98180000E-002</data>
<data>-3.81140000E-002</data>
</auxiliary>
<auxiliary keyword="CHEB">
<data> 1.36170000E+001</data>
<data> 2.05700000E-001</data>
<data> 1.20210000E-001</data>
<data> 4.29240000E-002</data>
</auxiliary>
<auxiliary keyword="CHEB">
<data>-4.65240000E-002</data>
<data>-2.63970000E-002</data>
<data>-9.10830000E-003</data>
<data> 1.01620000E-003</data>
</auxiliary>
<auxiliary keyword="CHEB">
<data> 2.50020000E-003</data>
<data>-1.99780000E-002</data>
<data>-1.42710000E-002</data>
<data>-6.80490000E-003</data>
</auxiliary>
</reaction>
<reaction formula="C4H8O2(62)+O(+M)=C4H7OJ(79)+HO2(+M)">
<rate A=" 1.00000000E+000" B=" 0.00000000E+000" E=" 0.00000000E+000"/>
<auxiliary keyword="TCHEB">
<data> 3.00000000E+002</data>
<data> 2.10000000E+003</data>
</auxiliary>
<auxiliary keyword="PCHEB">
<data> 9.86923267E-003</data>
<data> 9.86923267E+001</data>
</auxiliary>
<auxiliary keyword="CHEB">
<data>     4</data>
<data>     4</data>
</auxiliary>
<auxiliary keyword="CHEB">
<data> 1.05690000E+001</data>
<data>-8.77850000E-001</data>
<data>-1.79760000E-001</data>
<data>-7.88250000E-004</data>
</auxiliary>
<auxiliary keyword="CHEB">
<data> 1.71820000E+000</data>
<data> 9.00830000E-001</data>
<data> 6.28890000E-002</data>
<data>-5.11860000E-002</data>
</auxiliary>
<auxiliary keyword="CHEB">
<data>-1.65530000E-001</data>
<data>-2.15530000E-002</data>
<data> 9.17250000E-002</data>
<data> 1.94870000E-002</data>
</auxiliary>
<auxiliary keyword="CHEB">
<data>-4.41600000E-002</data>
<data>-6.46400000E-002</data>
<data>-4.29280000E-003</data>
<data> 1.96980000E-002</data>
</auxiliary>
</reaction>
<reaction formula="C4H8O2(62)+H2CCCH3[OH](+M)=sC3H5+tSPC(439)(+M)">
<rate A=" 1.00000000E+000" B=" 0.00000000E+000" E=" 0.00000000E+000"/>
<auxiliary keyword="TCHEB">
<data> 3.00000000E+002</data>
<data> 2.10000000E+003</data>
</auxiliary>
<auxiliary keyword="PCHEB">
<data> 9.86923267E-003</data>
<data> 9.86923267E+001</data>
</auxiliary>
<auxiliary keyword="CHEB">
<data>     4</data>
<data>     4</data>
</auxiliary>
<auxiliary keyword="CHEB">
<data>-2.18340000E+001</data>
<data>-1.62660000E+000</data>
<data>-6.16250000E-002</data>
<data> 2.83990000E-004</data>
</auxiliary>
<auxiliary keyword="CHEB">
<data> 2.83050000E+001</data>
<data> 6.11580000E-001</data>
<data>-1.17940000E-001</data>
<data> 3.00320000E-003</data>
</auxiliary>
<auxiliary keyword="CHEB">
<data> 7.27650000E-001</data>
<data> 4.73690000E-001</data>
<data>-3.58470000E-002</data>
<data>-1.24260000E-002</data>
</auxiliary>
<auxiliary keyword="CHEB">
<data>-3.94990000E-001</data>
<data> 2.45660000E-001</data>
<data> 3.02690000E-002</data>
<data>-1.72410000E-002</data>
</auxiliary>
</reaction>
<reaction formula="C4H8O2(62)+sSPC(1590)(+M)=C4H7OJ(79)+sSPC(1474)(+M)">
<rate A=" 1.00000000E+000" B=" 0.00000000E+000" E=" 0.00000000E+000"/>
<auxiliary keyword="TCHEB">
<data> 3.00000000E+002</data>
<data> 2.10000000E+003</data>
</auxiliary>
<auxiliary keyword="PCHEB">
<data> 9.86923267E-003</data>
<data> 9.86923267E+001</data>
</auxiliary>
<auxiliary keyword="CHEB">
<data>     4</data>
<data>     4</data>
</auxiliary>
<auxiliary keyword="CHEB">
<data>-8.64100000E+000</data>
<data>-1.16280000E+000</data>
<data>-5.32990000E-002</data>
<data> 2.62630000E-003</data>
</auxiliary>
<auxiliary keyword="CHEB">
<data> 1.70150000E+001</data>
<data> 1.22900000E+000</data>
<data>-7.52760000E-003</data>
<data>-9.11400000E-003</data>
</auxiliary>
<auxiliary keyword="CHEB">
<data>-2.27990000E-001</data>
<data> 1.90540000E-001</data>
<data> 7.23000000E-002</data>
<data>-8.67000000E-004</data>
</auxiliary>
<auxiliary keyword="CHEB">
<data>-2.11660000E-001</data>
<data>-2.24590000E-001</data>
<data> 2.05420000E-002</data>
<data> 1.01280000E-002</data>
</auxiliary>
</reaction>
<reaction formula="C4H7OJ(79)+CH2C[O]CH3(+M)=sC3H5+tSPC(54)(+M)">
<rate A=" 1.00000000E+000" B=" 0.00000000E+000" E=" 0.00000000E+000"/>
<auxiliary keyword="TCHEB">
<data> 3.00000000E+002</data>
<data> 2.10000000E+003</data>
</auxiliary>
<auxiliary keyword="PCHEB">
<data> 9.86923267E-003</data>
<data> 9.86923267E+001</data>
</auxiliary>
<auxiliary keyword="CHEB">
<data>     4</data>
<data>     4</data>
</auxiliary>
<auxiliary keyword="CHEB">
<data>-1.30180000E+001</data>
<data>-7.89880000E-005</data>
<data>-5.78870000E-005</data>
<data>-2.88170000E-005</data>
</auxiliary>
<auxiliary keyword="CHEB">
<data> 2.09160000E+001</data>
<data> 5.73840000E-005</data>
<data> 4.20520000E-005</data>
<data> 2.09330000E-005</data>
</auxiliary>
<auxiliary keyword="CHEB">
<data> 2.38280000E-001</data>
<data>-1.59360000E-005</data>
<data>-1.16770000E-005</data>
<data>-5.81240000E-006</data>
</auxiliary>
<auxiliary keyword="CHEB">
<data> 8.38270000E-002</data>
<data> 1.94790000E-005</data>
<data> 1.42750000E-005</data>
<data> 7.10580000E-006</data>
</auxiliary>
</reaction>
<reaction formula="CO+C4H7OJ(79)(+M)=tSPC(110)+HCO(+M)">
<rate A=" 1.00000000E+000" B=" 0.00000000E+000" E=" 0.00000000E+000"/>
<auxiliary keyword="TCHEB">
<data> 3.00000000E+002</data>
<data> 2.10000000E+003</data>
</auxiliary>
<auxiliary keyword="PCHEB">
<data> 9.86923267E-003</data>
<data> 9.86923267E+001</data>
</auxiliary>
<auxiliary keyword="CHEB">
<data>     4</data>
<data>     4</data>
</auxiliary>
<auxiliary keyword="CHEB">
<data>-2.17340000E+001</data>
<data>-4.76690000E-001</data>
<data>-1.79870000E-001</data>
<data>-1.94080000E-002</data>
</auxiliary>
<auxiliary keyword="CHEB">
<data> 2.63980000E+001</data>
<data> 5.89460000E-001</data>
<data> 1.95290000E-001</data>
<data> 3.34790000E-003</data>
</auxiliary>
<auxiliary keyword="CHEB">
<data> 1.24880000E-001</data>
<data>-5.34590000E-002</data>
<data> 2.13640000E-002</data>
<data> 2.76570000E-002</data>
</auxiliary>
<auxiliary keyword="CHEB">
<data> 1.92180000E-002</data>
<data>-6.60840000E-002</data>
<data>-3.42980000E-002</data>
<data>-6.81290000E-003</data>
</auxiliary>
</reaction>
<reaction formula="CO2+C4H7OJ(79)(+M)=tSPC(110)+sSPC(2810)(+M)">
<rate A=" 1.00000000E+000" B=" 0.00000000E+000" E=" 0.00000000E+000"/>
<auxiliary keyword="TCHEB">
<data> 3.00000000E+002</data>
<data> 2.10000000E+003</data>
</auxiliary>
<auxiliary keyword="PCHEB">
<data> 9.86923267E-003</data>
<data> 9.86923267E+001</data>
</auxiliary>
<auxiliary keyword="CHEB">
<data>     4</data>
<data>     4</data>
</auxiliary>
<auxiliary keyword="CHEB">
<data>-2.19500000E+001</data>
<data>-1.33510000E+000</data>
<data>-5.13760000E-002</data>
<data> 1.24610000E-003</data>
</auxiliary>
<auxiliary keyword="CHEB">
<data> 2.76250000E+001</data>
<data> 1.10180000E+000</data>
<data>-5.79360000E-002</data>
<data>-1.04880000E-002</data>
</auxiliary>
<auxiliary keyword="CHEB">
<data> 1.98220000E-001</data>
<data> 4.13220000E-001</data>
<data> 5.82940000E-002</data>
<data>-8.49050000E-003</data>
</auxiliary>
<auxiliary keyword="CHEB">
<data>-2.94000000E-001</data>
<data>-5.44760000E-002</data>
<data> 6.62570000E-002</data>
<data> 6.15200000E-003</data>
</auxiliary>
</reaction>
<reaction formula="sSPC(3071)+sC3H5(+M)=O2+tSPC(110)(+M)">
<rate A=" 1.00000000E+000" B=" 0.00000000E+000" E=" 0.00000000E+000"/>
<auxiliary keyword="TCHEB">
<data> 3.00000000E+002</data>
<data> 2.10000000E+003</data>
</auxiliary>
<auxiliary keyword="PCHEB">
<data> 9.86923267E-003</data>
<data> 9.86923267E+001</data>
</auxiliary>
<auxiliary keyword="CHEB">
<data>     4</data>
<data>     4</data>
</auxiliary>
<auxiliary keyword="CHEB">
<data> 8.92950000E+000</data>
<data>-3.06950000E-003</data>
<data>-2.24160000E-003</data>
<data>-1.11130000E-003</data>
</auxiliary>
<auxiliary keyword="CHEB">
<data> 2.69970000E+000</data>
<data> 3.92090000E-003</data>
<data> 2.86060000E-003</data>
<data> 1.41660000E-003</data>
</auxiliary>
<auxiliary keyword="CHEB">
<data> 1.61860000E-001</data>
<data>-1.38330000E-003</data>
<data>-1.00650000E-003</data>
<data>-4.96840000E-004</data>
</auxiliary>
<auxiliary keyword="CHEB">
<data> 2.95530000E-002</data>
<data> 4.84980000E-004</data>
<data> 3.52740000E-004</data>
<data> 1.74050000E-004</data>
</auxiliary>
</reaction>
<reaction formula="sSPC(3121)+sC3H5(+M)=tSPC(110)+HO2(+M)">
<rate A=" 1.00000000E+000" B=" 0.00000000E+000" E=" 0.00000000E+000"/>
<auxiliary keyword="TCHEB">
<data> 3.00000000E+002</data>
<data> 2.10000000E+003</data>
</auxiliary>
<auxiliary keyword="PCHEB">
<data> 9.86923267E-003</data>
<data> 9.86923267E+001</data>
</auxiliary>
<auxiliary keyword="CHEB">
<data>     4</data>
<data>     4</data>
</auxiliary>
<auxiliary keyword="CHEB">
<data>-4.07450000E+000</data>
<data>-8.99300000E-005</data>
<data>-6.59030000E-005</data>
<data>-3.28060000E-005</data>
</auxiliary>
<auxiliary keyword="CHEB">
<data> 1.26560000E+001</data>
<data> 1.07220000E-004</data>
<data> 7.85750000E-005</data>
<data> 3.91130000E-005</data>
</auxiliary>
<auxiliary keyword="CHEB">
<data> 2.37050000E-001</data>
<data>-3.78840000E-005</data>
<data>-2.77600000E-005</data>
<data>-1.38170000E-005</data>
</auxiliary>
<auxiliary keyword="CHEB">
<data> 8.26750000E-002</data>
<data> 1.33220000E-005</data>
<data> 9.76160000E-006</data>
<data> 4.85860000E-006</data>
</auxiliary>
</reaction>
<reaction formula="sSPC(2810)+sC3H5(+M)=tSPC(110)+O(+M)">
<rate A=" 1.00000000E+000" B=" 0.00000000E+000" E=" 0.00000000E+000"/>
<auxiliary keyword="TCHEB">
<data> 3.00000000E+002</data>
<data> 2.10000000E+003</data>
</auxiliary>
<auxiliary keyword="PCHEB">
<data> 9.86923267E-003</data>
<data> 9.86923267E+001</data>
</auxiliary>
<auxiliary keyword="CHEB">
<data>     4</data>
<data>     4</data>
</auxiliary>
<auxiliary keyword="CHEB">
<data>-1.47070000E+001</data>
<data>-3.76240000E-005</data>
<data>-2.75740000E-005</data>
<data>-1.37270000E-005</data>
</auxiliary>
<auxiliary keyword="CHEB">
<data> 2.01640000E+001</data>
<data> 2.51420000E-005</data>
<data> 1.84260000E-005</data>
<data> 9.17280000E-006</data>
</auxiliary>
<auxiliary keyword="CHEB">
<data> 2.77350000E-001</data>
<data>-8.53820000E-006</data>
<data>-6.25720000E-006</data>
<data>-3.11490000E-006</data>
</auxiliary>
<auxiliary keyword="CHEB">
<data> 9.69820000E-002</data>
<data> 3.50050000E-006</data>
<data> 2.56530000E-006</data>
<data> 1.27700000E-006</data>
</auxiliary>
</reaction>
<reaction formula="HO2+iC4H7=O2+iC4H8">
<rate A=" 3.00000000E+011" B=" 0.00000000E+000" E=" 0.00000000E+000"/>
</reaction>
<reaction formula="HO2+HOC[CH2][CH3]2=O2+tBuOH">
<rate A=" 3.00000000E+011" B=" 0.00000000E+000" E=" 0.00000000E+000"/>
</reaction>
<reaction formula="iC4H7+tSPC(346)=iC4H8+H2CCCO">
<rate A=" 7.74601970E+012" B="-6.09100000E-002" E="-6.38198200E+001"/>
</reaction>
<reaction formula="OH+tSPC(346)=H2O+H2CCCO">
<rate A=" 7.74601970E+012" B="-6.09100000E-002" E="-6.38198200E+001"/>
</reaction>
<reaction formula="HOC[CH2][CH3]2+tSPC(346)=tBuOH+H2CCCO">
<rate A=" 7.74601970E+012" B="-6.09100000E-002" E="-6.38198200E+001"/>
</reaction>
<reaction formula="CH3+tSPC(346)=CH4+H2CCCO">
<rate A=" 7.74601970E+012" B="-6.09100000E-002" E="-6.38198200E+001"/>
</reaction>
<reaction formula="C3H3O-enone+HOC[CH2][CH3]2=H2CCCO+tBuOH">
<rate A=" 9.64000000E+011" B=" 0.00000000E+000" E="-1.30000000E+002"/>
</reaction>
<reaction formula="C3H3O-enone+iC4H7=H2CCCO+iC4H8">
<rate A=" 8.43000000E+010" B=" 0.00000000E+000" E="-2.60000000E+002"/>
</reaction>
<reaction formula="C3H3O-enone+OH=H2CCCO+H2O">
<rate A=" 6.03000000E+012" B=" 0.00000000E+000" E=" 0.00000000E+000"/>
</reaction>
<reaction formula="C3H3O-enone+CH3=H2CCCO+CH4">
<rate A=" 3.01000000E+012" B="-3.20000000E-001" E="-1.30000000E+002"/>
</reaction>
<reaction formula="HOC[CH2][CH3]2+tSPC(1416)=tBuOH+tSPC(1286)">
<rate A=" 1.48672170E+003" B=" 2.38600000E+000" E=" 9.69000000E+003"/>
</reaction>
<reaction formula="iC4H8+tSPC(1286)=iC4H7+tSPC(1416)">
<rate A=" 6.89640340E+007" B=" 1.75000000E+000" E=" 3.78937500E+003"/>
</reaction>
<reaction formula="OH+tSPC(1416)=H2O+tSPC(1286)">
<rate A=" 1.73000000E+001" B=" 3.40000000E+000" E="-1.14000000E+003"/>
</reaction>
<reaction formula="CH3+tSPC(1416)=CH4+tSPC(1286)">
<rate A=" 1.48672170E+003" B=" 2.38600000E+000" E=" 9.69000000E+003"/>
</reaction>
<reaction formula="tSPC(1286)+HO2=tSPC(1416)+O2">
<rate A=" 1.75000000E+010" B=" 0.00000000E+000" E="-3.27500000E+003"/>
</reaction>
<reaction formula="tSPC(1286)+tSPC(346)=tSPC(1416)+H2CCCO">
<rate A=" 7.74601970E+012" B="-6.09100000E-002" E="-6.38198200E+001"/>
</reaction>
<reaction formula="tSPC(1286)+C3H3O-enone=tSPC(1416)+H2CCCO">
<rate A=" 5.41325350E+012" B="-8.87500000E-002" E="-3.65625000E+001"/>
</reaction>
<reaction formula="tSPC(346)+O=H2CCCO+OH">
<rate A=" 7.74601970E+012" B="-6.09100000E-002" E="-6.38198200E+001"/>
</reaction>
<reaction formula="tBuOH+O=HOC[CH2][CH3]2+OH">
<rate A=" 3.50000000E+004" B=" 3.05000000E+000" E=" 3.12300000E+003"/>
</reaction>
<reaction formula="iC4H8+O=iC4H7+OH">
<rate A=" 2.57000000E+004" B=" 3.05000000E+000" E=" 3.12300000E+003"/>
</reaction>
<reaction formula="HOC[CH2][CH3]2+C2H4O=tBuOH+CH2CHO">
<rate A=" 1.48672170E+003" B=" 2.38600000E+000" E=" 9.69000000E+003"/>
</reaction>
<reaction formula="iC4H8+CH2CHO=iC4H7+C2H4O">
<rate A=" 6.89640340E+007" B=" 1.75000000E+000" E=" 3.78937500E+003"/>
</reaction>
<reaction formula="tSPC(1286)+C2H4O=tSPC(1416)+CH2CHO">
<rate A=" 1.73000000E+001" B=" 3.40000000E+000" E="-1.14000000E+003"/>
</reaction>
<reaction formula="CH2CHO+HO2=C2H4O+O2">
<rate A=" 1.75000000E+010" B=" 0.00000000E+000" E="-3.27500000E+003"/>
</reaction>
<reaction formula="CH2CHO+tSPC(346)=C2H4O+H2CCCO">
<rate A=" 7.74601970E+012" B="-6.09100000E-002" E="-6.38198200E+001"/>
</reaction>
<reaction formula="CH2CHO+C3H3O-enone=C2H4O+H2CCCO">
<rate A=" 5.41325350E+012" B="-8.87500000E-002" E="-3.65625000E+001"/>
</reaction>
<reaction formula="HO2+CH2C[O]CH3=O2+H2CCCH3[OH]">
<rate A=" 1.75000000E+010" B=" 0.00000000E+000" E="-3.27500000E+003"/>
</reaction>
<reaction formula="C3H3O-enone+CH2C[O]CH3=H2CCCO+H2CCCH3[OH]">
<rate A=" 6.03000000E+012" B=" 0.00000000E+000" E=" 0.00000000E+000"/>
</reaction>
<reaction formula="tSPC(346)+CH2C[O]CH3=H2CCCO+H2CCCH3[OH]">
<rate A=" 7.74601970E+012" B="-6.09100000E-002" E="-6.38198200E+001"/>
</reaction>
<reaction formula="H2CCCH3[OH]+tSPC(1286)=CH2C[O]CH3+tSPC(1416)">
<rate A=" 1.73000000E+001" B=" 3.40000000E+000" E="-1.14000000E+003"/>
</reaction>
<reaction formula="iC4H7+CH2CHO=iC4H8+CH2CO">
<rate A=" 5.41325350E+012" B="-8.87500000E-002" E="-3.65625000E+001"/>
</reaction>
<reaction formula="HOC[CH2][CH3]2+CH2CHO=tBuOH+CH2CO">
<rate A=" 5.41325350E+012" B="-8.87500000E-002" E="-3.65625000E+001"/>
</reaction>
<reaction formula="tSPC(1286)+CH2CHO=tSPC(1416)+CH2CO">
<rate A=" 5.41325350E+012" B="-8.87500000E-002" E="-3.65625000E+001"/>
</reaction>
<reaction formula="HOC[CH2][CH3]2+sSPC(1735)=tBuOH+sSPC(1697)">
<rate A=" 1.48672170E+003" B=" 2.38600000E+000" E=" 9.69000000E+003"/>
</reaction>
<reaction formula="iC4H7+sSPC(1735)=iC4H8+sSPC(1697)">
<rate A=" 1.48672170E+003" B=" 2.38600000E+000" E=" 9.69000000E+003"/>
</reaction>
<reaction formula="CH2C[O]CH3+sSPC(1735)=H2CCCH3[OH]+sSPC(1697)">
<rate A=" 1.73000000E+001" B=" 3.40000000E+000" E="-1.14000000E+003"/>
</reaction>
<reaction formula="CH3+sSPC(1735)=CH4+sSPC(1697)">
<rate A=" 1.48672170E+003" B=" 2.38600000E+000" E=" 9.69000000E+003"/>
</reaction>
<reaction formula="sSPC(1697)+tSPC(346)=sSPC(1735)+H2CCCO">
<rate A=" 7.74601970E+012" B="-6.09100000E-002" E="-6.38198200E+001"/>
</reaction>
<reaction formula="sSPC(1697)+C3H3O-enone=sSPC(1735)+H2CCCO">
<rate A=" 5.41325350E+012" B="-8.87500000E-002" E="-3.65625000E+001"/>
</reaction>
<reaction formula="tSPC(1286)+sSPC(1735)=tSPC(1416)+sSPC(1697)">
<rate A=" 1.73000000E+001" B=" 3.40000000E+000" E="-1.14000000E+003"/>
</reaction>
<reaction formula="sSPC(1697)+CH2CHO=sSPC(1735)+CH2CO">
<rate A=" 5.41325350E+012" B="-8.87500000E-002" E="-3.65625000E+001"/>
</reaction>
<reaction formula="CH2CHO+sSPC(1735)=C2H4O+sSPC(1697)">
<rate A=" 1.73000000E+001" B=" 3.40000000E+000" E="-1.14000000E+003"/>
</reaction>
<reaction formula="CH3O+HOC[CH2][CH3]2=CH2O+tBuOH">
<rate A=" 7.06523420E+013" B="-2.29720000E-001" E="-1.80556000E+000"/>
</reaction>
<reaction formula="CH3O+iC4H7=CH2O+iC4H8">
<rate A=" 7.06523420E+013" B="-2.29720000E-001" E="-1.80556000E+000"/>
</reaction>
<reaction formula="CH3O+CH2C[O]CH3=CH2O+H2CCCH3[OH]">
<rate A=" 7.06523420E+013" B="-2.29720000E-001" E="-1.80556000E+000"/>
</reaction>
<reaction formula="CH3O+CH3=CH2O+CH4">
<rate A=" 7.06523420E+013" B="-2.29720000E-001" E="-1.80556000E+000"/>
</reaction>
<reaction formula="CH3O+tSPC(1286)=CH2O+tSPC(1416)">
<rate A=" 7.06523420E+013" B="-2.29720000E-001" E="-1.80556000E+000"/>
</reaction>
<reaction formula="CH3O+CH2CHO=CH2O+C2H4O">
<rate A=" 7.06523420E+013" B="-2.29720000E-001" E="-1.80556000E+000"/>
</reaction>
<reaction formula="HOC[CH2][CH3]2+H2O2=tBuOH+HO2">
<rate A=" 2.97344350E+003" B=" 2.38600000E+000" E=" 9.69000000E+003"/>
</reaction>
<reaction formula="iC4H7+H2O2=iC4H8+HO2">
<rate A=" 2.97344350E+003" B=" 2.38600000E+000" E=" 9.69000000E+003"/>
</reaction>
<reaction formula="CH2C[O]CH3+H2O2=H2CCCH3[OH]+HO2">
<rate A=" 3.46000000E+001" B=" 3.40000000E+000" E="-1.14000000E+003"/>
</reaction>
<reaction formula="HO2+tSPC(346)=H2O2+H2CCCO">
<rate A=" 7.74601970E+012" B="-6.09100000E-002" E="-6.38198200E+001"/>
</reaction>
<reaction formula="HO2+C3H3O-enone=H2O2+H2CCCO">
<rate A=" 5.41325350E+012" B="-8.87500000E-002" E="-3.65625000E+001"/>
</reaction>
<reaction formula="tSPC(1286)+H2O2=tSPC(1416)+HO2">
<rate A=" 3.46000000E+001" B=" 3.40000000E+000" E="-1.14000000E+003"/>
</reaction>
<reaction formula="CH2CHO+H2O2=C2H4O+HO2">
<rate A=" 3.46000000E+001" B=" 3.40000000E+000" E="-1.14000000E+003"/>
</reaction>
<reaction formula="HOC[CH2][CH3]2+sSPC(1474)=tBuOH+sSPC(1356)">
<rate A=" 1.48672170E+003" B=" 2.38600000E+000" E=" 9.69000000E+003"/>
</reaction>
<reaction formula="iC4H7+sSPC(1474)=iC4H8+sSPC(1356)">
<rate A=" 1.48672170E+003" B=" 2.38600000E+000" E=" 9.69000000E+003"/>
</reaction>
<reaction formula="CH2C[O]CH3+sSPC(1474)=H2CCCH3[OH]+sSPC(1356)">
<rate A=" 1.73000000E+001" B=" 3.40000000E+000" E="-1.14000000E+003"/>
</reaction>
<reaction formula="CH3+sSPC(1474)=CH4+sSPC(1356)">
<rate A=" 1.48672170E+003" B=" 2.38600000E+000" E=" 9.69000000E+003"/>
</reaction>
<reaction formula="tSPC(1286)+sSPC(1474)=tSPC(1416)+sSPC(1356)">
<rate A=" 1.73000000E+001" B=" 3.40000000E+000" E="-1.14000000E+003"/>
</reaction>
<reaction formula="CH2CHO+sSPC(1474)=C2H4O+sSPC(1356)">
<rate A=" 1.73000000E+001" B=" 3.40000000E+000" E="-1.14000000E+003"/>
</reaction>
<reaction formula="sSPC(1356)+tSPC(346)=sSPC(1474)+H2CCCO">
<rate A=" 7.74601970E+012" B="-6.09100000E-002" E="-6.38198200E+001"/>
</reaction>
<reaction formula="sSPC(1356)+C3H3O-enone=sSPC(1474)+H2CCCO">
<rate A=" 5.41325350E+012" B="-8.87500000E-002" E="-3.65625000E+001"/>
</reaction>
<reaction formula="sSPC(1356)+CH2CHO=sSPC(1474)+CH2CO">
<rate A=" 5.41325350E+012" B="-8.87500000E-002" E="-3.65625000E+001"/>
</reaction>
<reaction formula="HOC[CH2][CH3]2+sSPC(1474)=tBuOH+tSPC(3683)">
<rate A=" 9.40745320E+006" B=" 1.75273000E+000" E=" 1.25321212E+004"/>
</reaction>
<reaction formula="iC4H8+tSPC(3683)=iC4H7+sSPC(1474)">
<rate A=" 1.74346380E+013" B=" 0.00000000E+000" E=" 1.73333333E+004"/>
</reaction>
<reaction formula="OH+sSPC(1474)=H2O+tSPC(3683)">
<rate A=" 1.55100000E+006" B=" 2.20000000E+000" E=" 1.00000000E+003"/>
</reaction>
<reaction formula="H2CCCH3[OH]+tSPC(3683)=CH2C[O]CH3+sSPC(1474)">
<rate A=" 1.48672170E+003" B=" 2.38600000E+000" E=" 9.69000000E+003"/>
</reaction>
<reaction formula="CH3+sSPC(1474)=CH4+tSPC(3683)">
<rate A=" 9.40745320E+006" B=" 1.75273000E+000" E=" 1.25321212E+004"/>
</reaction>
<reaction formula="tSPC(1416)+tSPC(3683)=tSPC(1286)+sSPC(1474)">
<rate A=" 1.48672170E+003" B=" 2.38600000E+000" E=" 9.69000000E+003"/>
</reaction>
<reaction formula="C2H4O+tSPC(3683)=CH2CHO+sSPC(1474)">
<rate A=" 1.48672170E+003" B=" 2.38600000E+000" E=" 9.69000000E+003"/>
</reaction>
<reaction formula="tSPC(3683)+HO2=sSPC(1474)+O2">
<rate A=" 3.00000000E+011" B=" 0.00000000E+000" E=" 0.00000000E+000"/>
</reaction>
<reaction formula="tSPC(3683)+tSPC(346)=sSPC(1474)+H2CCCO">
<rate A=" 7.74601970E+012" B="-6.09100000E-002" E="-6.38198200E+001"/>
</reaction>
<reaction formula="tSPC(3683)+C3H3O-enone=sSPC(1474)+H2CCCO">
<rate A=" 5.41325350E+012" B="-8.87500000E-002" E="-3.65625000E+001"/>
</reaction>
<reaction formula="tSPC(3683)+CH2CHO=sSPC(1474)+CH2CO">
<rate A=" 5.41325350E+012" B="-8.87500000E-002" E="-3.65625000E+001"/>
</reaction>
<reaction formula="sSPC(1735)+tSPC(3683)=sSPC(1697)+sSPC(1474)">
<rate A=" 1.48672170E+003" B=" 2.38600000E+000" E=" 9.69000000E+003"/>
</reaction>
<reaction formula="tSPC(3683)+CH3O=sSPC(1474)+CH2O">
<rate A=" 7.06523420E+013" B="-2.29720000E-001" E="-1.80556000E+000"/>
</reaction>
<reaction formula="H2O2+tSPC(3683)=HO2+sSPC(1474)">
<rate A=" 2.97344350E+003" B=" 2.38600000E+000" E=" 9.69000000E+003"/>
</reaction>
<reaction formula="sSPC(1474)+O=tSPC(3683)+OH">
<rate A=" 2.56500000E+004" B=" 3.05000000E+000" E=" 3.12300000E+003"/>
</reaction>
<reaction formula="tSPC(3683)+sSPC(1474)=sSPC(1474)+sSPC(1356)">
<rate A=" 1.48672170E+003" B=" 2.38600000E+000" E=" 9.69000000E+003"/>
</reaction>
<reaction formula="CH3CO+HOC[CH2][CH3]2=CH2CO+tBuOH">
<rate A=" 7.06523420E+013" B="-2.29720000E-001" E="-1.80556000E+000"/>
</reaction>
<reaction formula="CH3CO+iC4H7=CH2CO+iC4H8">
<rate A=" 7.06523420E+013" B="-2.29720000E-001" E="-1.80556000E+000"/>
</reaction>
<reaction formula="CH3CO+tSPC(1286)=CH2CO+tSPC(1416)">
<rate A=" 7.06523420E+013" B="-2.29720000E-001" E="-1.80556000E+000"/>
</reaction>
<reaction formula="CH3CO+tSPC(3683)=CH2CO+sSPC(1474)">
<rate A=" 7.06523420E+013" B="-2.29720000E-001" E="-1.80556000E+000"/>
</reaction>
<reaction formula="CH2O+iC4H7=HCO+iC4H8">
<rate A=" 5.50000000E+003" B=" 2.81000000E+000" E=" 5.86000000E+003"/>
</reaction>
<reaction formula="CH2O+HOC[CH2][CH3]2=HCO+tBuOH">
<rate A=" 5.50000000E+003" B=" 2.81000000E+000" E=" 5.86000000E+003"/>
</reaction>
<reaction formula="C3H3O-enone+HCO=H2CCCO+CH2O">
<rate A=" 5.41325350E+012" B="-8.87500000E-002" E="-3.65625000E+001"/>
</reaction>
<reaction formula="tSPC(346)+HCO=H2CCCO+CH2O">
<rate A=" 7.74601970E+012" B="-6.09100000E-002" E="-6.38198200E+001"/>
</reaction>
<reaction formula="CH2O+tSPC(1286)=HCO+tSPC(1416)">
<rate A=" 4.12000000E+004" B=" 2.50000000E+000" E=" 1.02100000E+004"/>
</reaction>
<reaction formula="CH2O+CH2CHO=HCO+C2H4O">
<rate A=" 6.48259210E+007" B=" 1.25000000E+000" E=" 6.59500000E+003"/>
</reaction>
<reaction formula="CH2O+CH2C[O]CH3=HCO+H2CCCH3[OH]">
<rate A=" 6.48259210E+007" B=" 1.25000000E+000" E=" 6.59500000E+003"/>
</reaction>
<reaction formula="CH2O+tSPC(3683)=HCO+sSPC(1474)">
<rate A=" 5.50000000E+003" B=" 2.81000000E+000" E=" 5.86000000E+003"/>
</reaction>
<reaction formula="CH2CHO+HCO=CH2CO+CH2O">
<rate A=" 7.74601970E+012" B="-6.09100000E-002" E="-6.38198200E+001"/>
</reaction>
<reaction formula="HOC[CH2][CH3]2+sSPC(3121)=tBuOH+sSPC(3071)">
<rate A=" 1.48672170E+003" B=" 2.38600000E+000" E=" 9.69000000E+003"/>
</reaction>
<reaction formula="iC4H8+sSPC(3071)=iC4H7+sSPC(3121)">
<rate A=" 6.89640340E+007" B=" 1.75000000E+000" E=" 3.78937500E+003"/>
</reaction>
<reaction formula="H2CCCH3[OH]+sSPC(3071)=CH2C[O]CH3+sSPC(3121)">
<rate A=" 1.73000000E+001" B=" 3.40000000E+000" E="-1.14000000E+003"/>
</reaction>
<reaction formula="CH3+sSPC(3121)=CH4+sSPC(3071)">
<rate A=" 1.48672170E+003" B=" 2.38600000E+000" E=" 9.69000000E+003"/>
</reaction>
<reaction formula="tSPC(1416)+sSPC(3071)=tSPC(1286)+sSPC(3121)">
<rate A=" 1.73000000E+001" B=" 3.40000000E+000" E="-1.14000000E+003"/>
</reaction>
<reaction formula="C2H4O+sSPC(3071)=CH2CHO+sSPC(3121)">
<rate A=" 1.73000000E+001" B=" 3.40000000E+000" E="-1.14000000E+003"/>
</reaction>
<reaction formula="tSPC(3683)+sSPC(3121)=sSPC(1474)+sSPC(3071)">
<rate A=" 1.48672170E+003" B=" 2.38600000E+000" E=" 9.69000000E+003"/>
</reaction>
<reaction formula="sSPC(3071)+tSPC(346)=sSPC(3121)+H2CCCO">
<rate A=" 7.74601970E+012" B="-6.09100000E-002" E="-6.38198200E+001"/>
</reaction>
<reaction formula="sSPC(3071)+C3H3O-enone=sSPC(3121)+H2CCCO">
<rate A=" 5.41325350E+012" B="-8.87500000E-002" E="-3.65625000E+001"/>
</reaction>
<reaction formula="sSPC(3071)+CH2CHO=sSPC(3121)+CH2CO">
<rate A=" 5.41325350E+012" B="-8.87500000E-002" E="-3.65625000E+001"/>
</reaction>
<reaction formula="sSPC(2810)+CH2C[O]CH3=CO2+H2CCCH3[OH]">
<rate A=" 7.74601970E+012" B="-6.09100000E-002" E="-6.38198200E+001"/>
</reaction>
<reaction formula="sSPC(2810)+tSPC(1286)=CO2+tSPC(1416)">
<rate A=" 7.74601970E+012" B="-6.09100000E-002" E="-6.38198200E+001"/>
</reaction>
<reaction formula="sSPC(2810)+CH2CHO=CO2+C2H4O">
<rate A=" 7.74601970E+012" B="-6.09100000E-002" E="-6.38198200E+001"/>
</reaction>
<reaction formula="tSPC(1416)+H=tSPC(1286)+H2">
<rate A=" 1.06348480E+010" B=" 1.10500000E+000" E=" 8.91000000E+003"/>
</reaction>
<reaction formula="sSPC(1735)+H=sSPC(1697)+H2">
<rate A=" 1.06348480E+010" B=" 1.10500000E+000" E=" 8.91000000E+003"/>
</reaction>
<reaction formula="sSPC(1474)+H=tSPC(3683)+H2">
<rate A=" 2.27571680E+006" B=" 2.31000000E+000" E=" 4.94750000E+003"/>
</reaction>
<reaction formula="sSPC(1474)+H=sSPC(1356)+H2">
<rate A=" 1.06348480E+010" B=" 1.10500000E+000" E=" 8.91000000E+003"/>
</reaction>
<reaction formula="sSPC(3121)+H=sSPC(3071)+H2">
<rate A=" 1.06348480E+010" B=" 1.10500000E+000" E=" 8.91000000E+003"/>
</reaction>
<reaction formula="H+tSPC(346)=H2+H2CCCO">
<rate A=" 7.74601970E+012" B="-6.09100000E-002" E="-6.38198200E+001"/>
</reaction>
<reaction formula="H+C3H3O-enone=H2+H2CCCO">
<rate A=" 5.41325350E+012" B="-8.87500000E-002" E="-3.65625000E+001"/>
</reaction>
<reaction formula="HOC[CH2][CH3]2+C4H8O2(62)=tBuOH+tSPC(54)">
<rate A=" 1.48672170E+003" B=" 2.38600000E+000" E=" 9.69000000E+003"/>
</reaction>
<reaction formula="iC4H7+C4H8O2(62)=iC4H8+tSPC(54)">
<rate A=" 1.48672170E+003" B=" 2.38600000E+000" E=" 9.69000000E+003"/>
</reaction>
<reaction formula="tSPC(54)+HO2=C4H8O2(62)+O2">
<rate A=" 1.75000000E+010" B=" 0.00000000E+000" E="-3.27500000E+003"/>
</reaction>
<reaction formula="HOC[CH2][CH3]2+C4H8O2(62)=tBuOH+tSPC(77)">
<rate A=" 1.68000000E+012" B=" 0.00000000E+000" E=" 1.24000000E+004"/>
</reaction>
<reaction formula="iC4H8+tSPC(77)=iC4H7+C4H8O2(62)">
<rate A=" 3.46800000E+013" B=" 0.00000000E+000" E=" 2.14000000E+004"/>
</reaction>
<reaction formula="OH+C4H8O2(62)=H2O+tSPC(77)">
<rate A=" 3.44820170E+007" B=" 1.75000000E+000" E=" 3.78937500E+003"/>
</reaction>
<reaction formula="tSPC(77)+HO2=C4H8O2(62)+O2">
<rate A=" 3.00000000E+011" B=" 0.00000000E+000" E=" 0.00000000E+000"/>
</reaction>
<reaction formula="CH2C[O]CH3+C4H8O2(62)=H2CCCH3[OH]+tSPC(54)">
<rate A=" 1.73000000E+001" B=" 3.40000000E+000" E="-1.14000000E+003"/>
</reaction>
<reaction formula="H2CCCH3[OH]+tSPC(77)=CH2C[O]CH3+C4H8O2(62)">
<rate A=" 1.48672170E+003" B=" 2.38600000E+000" E=" 9.69000000E+003"/>
</reaction>
<reaction formula="CH3+C4H8O2(62)=CH4+tSPC(54)">
<rate A=" 1.48672170E+003" B=" 2.38600000E+000" E=" 9.69000000E+003"/>
</reaction>
<reaction formula="CH3+C4H8O2(62)=CH4+tSPC(77)">
<rate A=" 2.41200000E+002" B=" 2.92000000E+000" E=" 7.16000000E+003"/>
</reaction>
<reaction formula="CH2O+tSPC(54)=HCO+C4H8O2(62)">
<rate A=" 4.12000000E+004" B=" 2.50000000E+000" E=" 1.02100000E+004"/>
</reaction>
<reaction formula="CH2O+tSPC(77)=HCO+C4H8O2(62)">
<rate A=" 5.50000000E+003" B=" 2.81000000E+000" E=" 5.86000000E+003"/>
</reaction>
<reaction formula="tSPC(54)+tSPC(346)=C4H8O2(62)+H2CCCO">
<rate A=" 7.74601970E+012" B="-6.09100000E-002" E="-6.38198200E+001"/>
</reaction>
<reaction formula="tSPC(77)+tSPC(346)=C4H8O2(62)+H2CCCO">
<rate A=" 7.74601970E+012" B="-6.09100000E-002" E="-6.38198200E+001"/>
</reaction>
<reaction formula="tSPC(54)+C3H3O-enone=C4H8O2(62)+H2CCCO">
<rate A=" 5.41325350E+012" B="-8.87500000E-002" E="-3.65625000E+001"/>
</reaction>
<reaction formula="tSPC(77)+C3H3O-enone=C4H8O2(62)+H2CCCO">
<rate A=" 5.41325350E+012" B="-8.87500000E-002" E="-3.65625000E+001"/>
</reaction>
<reaction formula="tSPC(1286)+C4H8O2(62)=tSPC(1416)+tSPC(54)">
<rate A=" 1.73000000E+001" B=" 3.40000000E+000" E="-1.14000000E+003"/>
</reaction>
<reaction formula="tSPC(1286)+C4H8O2(62)=tSPC(1416)+tSPC(77)">
<rate A=" 3.44820170E+007" B=" 1.75000000E+000" E=" 3.78937500E+003"/>
</reaction>
<reaction formula="tSPC(54)+CH2CHO=C4H8O2(62)+CH2CO">
<rate A=" 5.41325350E+012" B="-8.87500000E-002" E="-3.65625000E+001"/>
</reaction>
<reaction formula="tSPC(77)+CH2CHO=C4H8O2(62)+CH2CO">
<rate A=" 5.41325350E+012" B="-8.87500000E-002" E="-3.65625000E+001"/>
</reaction>
<reaction formula="CH2CHO+C4H8O2(62)=C2H4O+tSPC(54)">
<rate A=" 1.73000000E+001" B=" 3.40000000E+000" E="-1.14000000E+003"/>
</reaction>
<reaction formula="CH2CHO+C4H8O2(62)=C2H4O+tSPC(77)">
<rate A=" 3.44820170E+007" B=" 1.75000000E+000" E=" 3.78937500E+003"/>
</reaction>
<reaction formula="sSPC(1735)+tSPC(54)=sSPC(1697)+C4H8O2(62)">
<rate A=" 1.73000000E+001" B=" 3.40000000E+000" E="-1.14000000E+003"/>
</reaction>
<reaction formula="sSPC(1735)+tSPC(77)=sSPC(1697)+C4H8O2(62)">
<rate A=" 1.48672170E+003" B=" 2.38600000E+000" E=" 9.69000000E+003"/>
</reaction>
<reaction formula="tSPC(54)+CH3O=C4H8O2(62)+CH2O">
<rate A=" 7.06523420E+013" B="-2.29720000E-001" E="-1.80556000E+000"/>
</reaction>
<reaction formula="tSPC(77)+CH3O=C4H8O2(62)+CH2O">
<rate A=" 7.06523420E+013" B="-2.29720000E-001" E="-1.80556000E+000"/>
</reaction>
<reaction formula="H2O2+tSPC(54)=HO2+C4H8O2(62)">
<rate A=" 3.46000000E+001" B=" 3.40000000E+000" E="-1.14000000E+003"/>
</reaction>
<reaction formula="H2O2+tSPC(77)=HO2+C4H8O2(62)">
<rate A=" 2.97344350E+003" B=" 2.38600000E+000" E=" 9.69000000E+003"/>
</reaction>
<reaction formula="tSPC(3683)+C4H8O2(62)=sSPC(1474)+tSPC(54)">
<rate A=" 1.48672170E+003" B=" 2.38600000E+000" E=" 9.69000000E+003"/>
</reaction>
<reaction formula="sSPC(1474)+tSPC(77)=sSPC(1356)+C4H8O2(62)">
<rate A=" 1.48672170E+003" B=" 2.38600000E+000" E=" 9.69000000E+003"/>
</reaction>
<reaction formula="tSPC(54)+CH3CO=C4H8O2(62)+CH2CO">
<rate A=" 7.06523420E+013" B="-2.29720000E-001" E="-1.80556000E+000"/>
</reaction>
<reaction formula="tSPC(77)+CH3CO=C4H8O2(62)+CH2CO">
<rate A=" 7.06523420E+013" B="-2.29720000E-001" E="-1.80556000E+000"/>
</reaction>
<reaction formula="sSPC(3071)+C4H8O2(62)=sSPC(3121)+tSPC(54)">
<rate A=" 1.73000000E+001" B=" 3.40000000E+000" E="-1.14000000E+003"/>
</reaction>
<reaction formula="sSPC(3071)+C4H8O2(62)=sSPC(3121)+tSPC(77)">
<rate A=" 3.44820170E+007" B=" 1.75000000E+000" E=" 3.78937500E+003"/>
</reaction>
<reaction formula="tSPC(54)+sSPC(2810)=C4H8O2(62)+CO2">
<rate A=" 7.74601970E+012" B="-6.09100000E-002" E="-6.38198200E+001"/>
</reaction>
<reaction formula="H+C4H8O2(62)=H2+tSPC(54)">
<rate A=" 1.06348480E+010" B=" 1.10500000E+000" E=" 8.91000000E+003"/>
</reaction>
<reaction formula="H+C4H8O2(62)=H2+tSPC(77)">
<rate A=" 1.29900000E+006" B=" 2.38000000E+000" E=" 2.80000000E+003"/>
</reaction>
<reaction formula="tSPC(77)+C4H8O2(62)=C4H8O2(62)+tSPC(54)">
<rate A=" 1.48672170E+003" B=" 2.38600000E+000" E=" 9.69000000E+003"/>
</reaction>
<reaction formula="C4H8O2(62)+O=tSPC(77)+OH">
<rate A=" 2.56500000E+004" B=" 3.05000000E+000" E=" 3.12300000E+003"/>
</reaction>
<reaction formula="C4H8O2(62)+O=tSPC(54)+OH">
<rate A=" 1.00000000E+013" B=" 0.00000000E+000" E=" 4.69000000E+003"/>
</reaction>
<reaction formula="C4H7OJ(79)+HO2=tSPC(110)+H2O2">
<rate A=" 2.80000000E+004" B=" 2.69000000E+000" E=" 1.13000000E+004"/>
</reaction>
<reaction formula="C4H7OJ(79)+iC4H7=tSPC(110)+iC4H8">
<rate A=" 9.45338850E+008" B=" 1.22646000E+000" E=" 1.38083540E+004"/>
</reaction>
<reaction formula="C4H7OJ(79)+tSPC(54)=tSPC(110)+C4H8O2(62)">
<rate A=" 2.80000000E+004" B=" 2.69000000E+000" E=" 1.13000000E+004"/>
</reaction>
<reaction formula="C4H7OJ(79)+tSPC(77)=tSPC(110)+C4H8O2(62)">
<rate A=" 9.45338850E+008" B=" 1.22646000E+000" E=" 1.38083540E+004"/>
</reaction>
<reaction formula="C4H7OJ(79)+OH=tSPC(110)+H2O">
<rate A=" 2.40000000E+006" B=" 2.00000000E+000" E=" 1.01000000E+004"/>
</reaction>
<reaction formula="C4H7OJ(79)+HOC[CH2][CH3]2=tSPC(110)+tBuOH">
<rate A=" 9.45338850E+008" B=" 1.22646000E+000" E=" 1.38083540E+004"/>
</reaction>
<reaction formula="C4H7OJ(79)+CH3=tSPC(110)+CH4">
<rate A=" 1.62000000E+006" B=" 1.87000000E+000" E=" 1.30000000E+004"/>
</reaction>
<reaction formula="C4H7OJ(79)+sSPC(1697)=tSPC(110)+sSPC(1735)">
<rate A=" 2.80000000E+004" B=" 2.69000000E+000" E=" 1.13000000E+004"/>
</reaction>
<reaction formula="C4H7OJ(79)+tSPC(1286)=tSPC(110)+tSPC(1416)">
<rate A=" 2.80000000E+004" B=" 2.69000000E+000" E=" 1.13000000E+004"/>
</reaction>
<reaction formula="C4H7OJ(79)+CH2CHO=tSPC(110)+C2H4O">
<rate A=" 2.80000000E+004" B=" 2.69000000E+000" E=" 1.13000000E+004"/>
</reaction>
<reaction formula="C4H7OJ(79)+CH2C[O]CH3=tSPC(110)+H2CCCH3[OH]">
<rate A=" 2.80000000E+004" B=" 2.69000000E+000" E=" 1.13000000E+004"/>
</reaction>
<reaction formula="C4H7OJ(79)+sSPC(1356)=tSPC(110)+sSPC(1474)">
<rate A=" 2.80000000E+004" B=" 2.69000000E+000" E=" 1.13000000E+004"/>
</reaction>
<reaction formula="C4H7OJ(79)+tSPC(3683)=tSPC(110)+sSPC(1474)">
<rate A=" 9.45338850E+008" B=" 1.22646000E+000" E=" 1.38083540E+004"/>
</reaction>
<reaction formula="C4H7OJ(79)+sSPC(3071)=tSPC(110)+sSPC(3121)">
<rate A=" 2.80000000E+004" B=" 2.69000000E+000" E=" 1.13000000E+004"/>
</reaction>
<reaction formula="C4H7OJ(79)+H=tSPC(110)+H2">
<rate A=" 4.80000000E+008" B=" 1.50000000E+000" E=" 9.40000000E+003"/>
</reaction>
<reaction formula="HO2+tSPC(110)=O2+C4H7OJ(79)">
<rate A=" 3.00000000E+011" B=" 0.00000000E+000" E=" 0.00000000E+000"/>
</reaction>
<reaction formula="CH3O+tSPC(110)=CH2O+C4H7OJ(79)">
<rate A=" 7.06523420E+013" B="-2.29720000E-001" E="-1.80556000E+000"/>
</reaction>
<reaction formula="C3H3O-enone+tSPC(110)=H2CCCO+C4H7OJ(79)">
<rate A=" 5.41325350E+012" B="-8.87500000E-002" E="-3.65625000E+001"/>
</reaction>
<reaction formula="tSPC(346)+tSPC(110)=H2CCCO+C4H7OJ(79)">
<rate A=" 7.74601970E+012" B="-6.09100000E-002" E="-6.38198200E+001"/>
</reaction>
<reaction formula="CH3CO+tSPC(110)=CH2CO+C4H7OJ(79)">
<rate A=" 7.06523420E+013" B="-2.29720000E-001" E="-1.80556000E+000"/>
</reaction>
<reaction formula="CH2CHO+tSPC(110)=CH2CO+C4H7OJ(79)">
<rate A=" 7.74601970E+012" B="-6.09100000E-002" E="-6.38198200E+001"/>
</reaction>
<reaction formula="tBuOH+O=OC[CH3]3+OH">
<rate A=" 1.00000000E+013" B=" 0.00000000E+000" E=" 4.69000000E+003"/>
</reaction>
<reaction formula="OC[CH3]3+H2O2=tBuOH+HO2">
<rate A=" 3.46000000E+001" B=" 3.40000000E+000" E="-1.14000000E+003"/>
</reaction>
<reaction formula="HO2+OC[CH3]3=O2+tBuOH">
<rate A=" 1.75000000E+010" B=" 0.00000000E+000" E="-3.27500000E+003"/>
</reaction>
<reaction formula="C5H10_iso(+M)=iC4H7+CH3(+M)">
<rate A=" 1.00000000E+000" B=" 0.00000000E+000" E=" 0.00000000E+000"/>
<auxiliary keyword="TCHEB">
<data> 3.00000000E+002</data>
<data> 2.10000000E+003</data>
</auxiliary>
<auxiliary keyword="PCHEB">
<data> 9.86923267E-003</data>
<data> 9.86923267E+001</data>
</auxiliary>
<auxiliary keyword="CHEB">
<data>     4</data>
<data>     4</data>
</auxiliary>
<auxiliary keyword="CHEB">
<data>-1.56550000E+001</data>
<data> 3.50980000E-001</data>
<data>-2.91430000E-002</data>
<data>-1.00260000E-003</data>
</auxiliary>
<auxiliary keyword="CHEB">
<data> 2.29370000E+001</data>
<data> 5.51370000E-001</data>
<data>-5.81650000E-002</data>
<data>-1.21720000E-003</data>
</auxiliary>
<auxiliary keyword="CHEB">
<data>-8.09490000E-001</data>
<data> 5.03790000E-001</data>
<data>-1.62010000E-002</data>
<data>-5.27710000E-003</data>
</auxiliary>
<auxiliary keyword="CHEB">
<data>-6.63310000E-001</data>
<data> 3.28610000E-001</data>
<data> 1.87680000E-002</data>
<data>-5.55100000E-003</data>
</auxiliary>
</reaction>
<reaction formula="C5H10_iso(+M)=sC3H5+C2H5(+M)">
<rate A=" 1.00000000E+000" B=" 0.00000000E+000" E=" 0.00000000E+000"/>
<auxiliary keyword="TCHEB">
<data> 3.00000000E+002</data>
<data> 2.10000000E+003</data>
</auxiliary>
<auxiliary keyword="PCHEB">
<data> 9.86923267E-003</data>
<data> 9.86923267E+001</data>
</auxiliary>
<auxiliary keyword="CHEB">
<data>     4</data>
<data>     4</data>
</auxiliary>
<auxiliary keyword="CHEB">
<data>-2.28900000E+001</data>
<data> 6.83510000E-001</data>
<data>-8.54730000E-002</data>
<data> 5.94510000E-003</data>
</auxiliary>
<auxiliary keyword="CHEB">
<data> 2.80280000E+001</data>
<data> 1.10780000E+000</data>
<data>-1.44900000E-001</data>
<data> 3.57240000E-003</data>
</auxiliary>
<auxiliary keyword="CHEB">
<data>-1.27740000E+000</data>
<data> 7.64530000E-001</data>
<data>-1.41710000E-002</data>
<data>-1.14090000E-002</data>
</auxiliary>
<auxiliary keyword="CHEB">
<data>-8.90180000E-001</data>
<data> 3.51380000E-001</data>
<data> 5.61280000E-002</data>
<data>-9.04250000E-003</data>
</auxiliary>
</reaction>
<reaction formula="C5H10_iso(+M)=C4H7-12+CH3(+M)">
<rate A=" 1.00000000E+000" B=" 0.00000000E+000" E=" 0.00000000E+000"/>
<auxiliary keyword="TCHEB">
<data> 3.00000000E+002</data>
<data> 2.10000000E+003</data>
</auxiliary>
<auxiliary keyword="PCHEB">
<data> 9.86923267E-003</data>
<data> 9.86923267E+001</data>
</auxiliary>
<auxiliary keyword="CHEB">
<data>     4</data>
<data>     4</data>
</auxiliary>
<auxiliary keyword="CHEB">
<data>-2.56390000E+001</data>
<data> 8.82530000E-001</data>
<data>-1.32920000E-001</data>
<data> 1.57090000E-002</data>
</auxiliary>
<auxiliary keyword="CHEB">
<data> 2.96070000E+001</data>
<data> 1.40200000E+000</data>
<data>-1.94580000E-001</data>
<data> 6.60140000E-003</data>
</auxiliary>
<auxiliary keyword="CHEB">
<data>-1.46380000E+000</data>
<data> 8.52470000E-001</data>
<data>-4.10910000E-003</data>
<data>-1.59250000E-002</data>
</auxiliary>
<auxiliary keyword="CHEB">
<data>-9.54780000E-001</data>
<data> 3.29530000E-001</data>
<data> 7.50170000E-002</data>
<data>-9.19570000E-003</data>
</auxiliary>
</reaction>
<reaction formula="C5H10_iso(+M)=H+C5H9J(5)(+M)">
<rate A=" 1.00000000E+000" B=" 0.00000000E+000" E=" 0.00000000E+000"/>
<auxiliary keyword="TCHEB">
<data> 3.00000000E+002</data>
<data> 2.10000000E+003</data>
</auxiliary>
<auxiliary keyword="PCHEB">
<data> 9.86923267E-003</data>
<data> 9.86923267E+001</data>
</auxiliary>
<auxiliary keyword="CHEB">
<data>     4</data>
<data>     4</data>
</auxiliary>
<auxiliary keyword="CHEB">
<data>-3.19380000E+001</data>
<data> 1.47790000E+000</data>
<data>-3.15830000E-001</data>
<data> 6.14270000E-002</data>
</auxiliary>
<auxiliary keyword="CHEB">
<data> 3.21900000E+001</data>
<data> 2.01990000E+000</data>
<data>-2.52870000E-001</data>
<data>-2.01720000E-002</data>
</auxiliary>
<auxiliary keyword="CHEB">
<data>-1.80440000E+000</data>
<data> 9.73170000E-001</data>
<data> 3.41500000E-002</data>
<data>-2.58500000E-002</data>
</auxiliary>
<auxiliary keyword="CHEB">
<data>-1.05140000E+000</data>
<data> 2.67500000E-001</data>
<data> 9.48810000E-002</data>
<data> 2.52840000E-003</data>
</auxiliary>
</reaction>
<reaction formula="C5H10_iso(+M)=H+C5H9J(7)(+M)">
<rate A=" 1.00000000E+000" B=" 0.00000000E+000" E=" 0.00000000E+000"/>
<auxiliary keyword="TCHEB">
<data> 3.00000000E+002</data>
<data> 2.10000000E+003</data>
</auxiliary>
<auxiliary keyword="PCHEB">
<data> 9.86923267E-003</data>
<data> 9.86923267E+001</data>
</auxiliary>
<auxiliary keyword="CHEB">
<data>     4</data>
<data>     4</data>
</auxiliary>
<auxiliary keyword="CHEB">
<data>-2.24800000E+001</data>
<data> 5.40780000E-001</data>
<data>-5.77730000E-002</data>
<data> 1.61460000E-003</data>
</auxiliary>
<auxiliary keyword="CHEB">
<data> 2.63820000E+001</data>
<data> 8.75400000E-001</data>
<data>-1.06700000E-001</data>
<data> 1.04710000E-003</data>
</auxiliary>
<auxiliary keyword="CHEB">
<data>-1.10470000E+000</data>
<data> 6.73440000E-001</data>
<data>-1.80730000E-002</data>
<data>-8.20990000E-003</data>
</auxiliary>
<auxiliary keyword="CHEB">
<data>-8.17930000E-001</data>
<data> 3.56590000E-001</data>
<data> 3.99320000E-002</data>
<data>-7.84750000E-003</data>
</auxiliary>
</reaction>
<reaction formula="C5H10_iso(+M)=H+C5H9J(8)(+M)">
<rate A=" 1.00000000E+000" B=" 0.00000000E+000" E=" 0.00000000E+000"/>
<auxiliary keyword="TCHEB">
<data> 3.00000000E+002</data>
<data> 2.10000000E+003</data>
</auxiliary>
<auxiliary keyword="PCHEB">
<data> 9.86923267E-003</data>
<data> 9.86923267E+001</data>
</auxiliary>
<auxiliary keyword="CHEB">
<data>     4</data>
<data>     4</data>
</auxiliary>
<auxiliary keyword="CHEB">
<data>-2.13060000E+001</data>
<data> 4.80150000E-001</data>
<data>-4.76550000E-002</data>
<data> 4.36230000E-004</data>
</auxiliary>
<auxiliary keyword="CHEB">
<data> 2.54810000E+001</data>
<data> 7.72930000E-001</data>
<data>-9.06740000E-002</data>
<data> 1.65410000E-004</data>
</auxiliary>
<auxiliary keyword="CHEB">
<data>-1.01910000E+000</data>
<data> 6.25700000E-001</data>
<data>-1.83600000E-002</data>
<data>-7.10650000E-003</data>
</auxiliary>
<auxiliary keyword="CHEB">
<data>-7.77280000E-001</data>
<data> 3.53310000E-001</data>
<data> 3.29180000E-002</data>
<data>-7.19330000E-003</data>
</auxiliary>
</reaction>
<reaction formula="C5H10_iso(+M)=H+C5H9J(9)(+M)">
<rate A=" 1.00000000E+000" B=" 0.00000000E+000" E=" 0.00000000E+000"/>
<auxiliary keyword="TCHEB">
<data> 3.00000000E+002</data>
<data> 2.10000000E+003</data>
</auxiliary>
<auxiliary keyword="PCHEB">
<data> 9.86923267E-003</data>
<data> 9.86923267E+001</data>
</auxiliary>
<auxiliary keyword="CHEB">
<data>     4</data>
<data>     4</data>
</auxiliary>
<auxiliary keyword="CHEB">
<data>-2.67430000E+001</data>
<data> 8.98560000E-001</data>
<data>-1.37130000E-001</data>
<data> 1.66600000E-002</data>
</auxiliary>
<auxiliary keyword="CHEB">
<data> 2.97100000E+001</data>
<data> 1.42380000E+000</data>
<data>-1.98160000E-001</data>
<data> 6.71170000E-003</data>
</auxiliary>
<auxiliary keyword="CHEB">
<data>-1.47660000E+000</data>
<data> 8.58080000E-001</data>
<data>-3.20570000E-003</data>
<data>-1.62380000E-002</data>
</auxiliary>
<auxiliary keyword="CHEB">
<data>-9.58790000E-001</data>
<data> 3.27520000E-001</data>
<data> 7.62570000E-002</data>
<data>-9.10190000E-003</data>
</auxiliary>
</reaction>
<reaction formula="C5H9J(5)+H2=C5H10_iso+H">
<rate A=" 8.98000000E+012" B=" 0.00000000E+000" E=" 1.03000000E+004"/>
</reaction>
<reaction formula="C5H10_iso+H=C5H9J(7)+H2">
<rate A=" 1.29900000E+006" B=" 2.38000000E+000" E=" 2.80000000E+003"/>
</reaction>
<reaction formula="C5H10_iso+H=C5H9J(8)+H2">
<rate A=" 1.39800000E+006" B=" 2.36000000E+000" E=" 1.11000000E+003"/>
</reaction>
<reaction formula="C5H9J(9)+H2=C5H10_iso+H">
<rate A=" 9.14000000E+011" B=" 0.00000000E+000" E=" 1.48000000E+004"/>
</reaction>
<reaction formula="C5H9J(5)+CH4=C5H10_iso+CH3">
<rate A=" 6.36000000E+014" B=" 0.00000000E+000" E=" 1.37000000E+004"/>
</reaction>
<reaction formula="C5H10_iso+CH3=C5H9J(7)+CH4">
<rate A=" 2.41200000E+002" B=" 2.92000000E+000" E=" 7.16000000E+003"/>
</reaction>
<reaction formula="C5H10_iso+CH3=C5H9J(8)+CH4">
<rate A=" 5.46000000E+013" B=" 0.00000000E+000" E=" 1.04000000E+004"/>
</reaction>
<reaction formula="C5H10_iso+CH3=C5H9J(9)+CH4">
<rate A=" 8.34000000E+005" B=" 1.90000000E+000" E=" 1.10500000E+004"/>
</reaction>
<reaction formula="C5H10_iso+OH=C5H9J(5)+H2O">
<rate A=" 1.02600000E+013" B=" 0.00000000E+000" E=" 5.94000000E+003"/>
</reaction>
<reaction formula="C5H10_iso+OH=C5H9J(7)+H2O">
<rate A=" 3.44800000E+007" B=" 1.75000000E+000" E=" 3.78900000E+003"/>
</reaction>
<reaction formula="C5H10_iso+OH=C5H9J(8)+H2O">
<rate A=" 3.17300000E+009" B=" 9.50000000E-001" E=" 5.64400000E+003"/>
</reaction>
<reaction formula="C5H10_iso+OH=C5H9J(9)+H2O">
<rate A=" 3.60000000E+006" B=" 2.00000000E+000" E=" 8.60000000E+002"/>
</reaction>
<reaction formula="C5H9J(5)+iC4H8=C5H10_iso+iC4H7">
<rate A=" 4.63800000E+013" B=" 0.00000000E+000" E=" 7.50000000E+003"/>
</reaction>
<reaction formula="C5H9J(7)+iC4H8=C5H10_iso+iC4H7">
<rate A=" 3.46800000E+013" B=" 0.00000000E+000" E=" 2.14000000E+004"/>
</reaction>
<reaction formula="C5H10_iso+iC4H7=C5H9J(8)+iC4H8">
<rate A=" 3.04000000E+006" B=" 1.88600000E+000" E=" 9.44800000E+003"/>
</reaction>
<reaction formula="C5H9J(9)+iC4H8=C5H10_iso+iC4H7">
<rate A=" 3.36000000E+012" B=" 0.00000000E+000" E=" 1.24000000E+004"/>
</reaction>
<reaction formula="C4H6-1+CH3=C5H9J(5)">
<rate A=" 1.99000000E+013" B=" 0.00000000E+000" E=" 1.21000000E+004"/>
</reaction>
<reaction formula="pC3H4+C2H5=C5H9J(5)">
<rate A=" 1.99900000E+010" B=" 0.00000000E+000" E=" 6.97500000E+003"/>
</reaction>
<reaction formula="aC3H4+C2H5=C5H9J(7)">
<rate A=" 3.85300000E+011" B=" 4.10000000E-002" E=" 9.29000000E+003"/>
</reaction>
<reaction formula="C4H6-12+CH3=C5H9J(8)">
<rate A=" 1.58000000E+011" B=" 0.00000000E+000" E=" 4.97000000E+003"/>
</reaction>
<reaction formula="sC3H5+C2H4=C5H9J(9)">
<rate A=" 1.44800000E+013" B=" 0.00000000E+000" E=" 4.50000000E+003"/>
</reaction>
<reaction formula="C5H9J(5)=C5H9J(7)">
<rate A=" 1.53000000E+010" B=" 9.70000000E-001" E=" 3.77000000E+004"/>
</reaction>
<reaction formula="C5H9J(5)=C5H9J(8)">
<rate A=" 1.84600000E+010" B=" 7.40000000E-001" E=" 3.47000000E+004"/>
</reaction>
<reaction formula="C5H9J(5)=C5H9J(9)">
<rate A=" 6.14300000E+008" B=" 1.13800000E+000" E=" 3.47900000E+004"/>
</reaction>
<reaction formula="C5H9J(7)=C5H9J(8)">
<rate A=" 8.40000000E+010" B=" 8.20000000E-001" E=" 4.92000000E+004"/>
</reaction>
<reaction formula="C5H9J(9)=C5H9J(7)">
<rate A=" 7.62000000E+009" B=" 3.50000000E-001" E=" 1.97600000E+004"/>
</reaction>
<reaction formula="C5H9J(9)=C5H9J(8)">
<rate A=" 2.82000000E+008" B=" 1.28000000E+000" E=" 2.79000000E+004"/>
</reaction>
<reaction formula="iC4H8+CH3=C5H11J(10)">
<rate A=" 3.99000000E+012" B=" 0.00000000E+000" E=" 8.00000000E+003"/>
</reaction>
<reaction formula="C5H10_iso+H=C5H11J(10)">
<rate A=" 4.94000000E+013" B=" 0.00000000E+000" E=" 1.50000000E+003"/>
</reaction>
<reaction formula="C5H10_iso+H=C5H11J(11)">
<rate A=" 1.17000000E+013" B=" 0.00000000E+000" E=" 4.70000000E+003"/>
</reaction>
<reaction formula="C4H8-1+CH3=C5H11J(11)">
<rate A=" 1.36000000E+012" B=" 0.00000000E+000" E=" 1.01000000E+004"/>
</reaction>
<reaction formula="C3H6+C2H5=C5H11J(11)">
<rate A=" 2.48300000E+010" B=" 2.44000000E-001" E=" 1.04875000E+004"/>
</reaction>
<reaction formula="C5H8(95)+H=C5H9J(8)">
<rate A=" 3.71000000E+013" B=" 0.00000000E+000" E=" 1.00000000E+003"/>
</reaction>
<reaction formula="CH3+C5H9J(8)=CH4+C5H8(95)">
<rate A=" 6.57000000E+014" B="-6.80000000E-001" E=" 0.00000000E+000"/>
</reaction>
<reaction formula="2C5H9J(8)=C5H10_iso+C5H8(95)">
<rate A=" 6.33000000E+014" B="-7.00000000E-001" E=" 0.00000000E+000"/>
</reaction>
<reaction formula="H+C5H9J(8)=H2+C5H8(95)">
<rate A=" 1.08300000E+013" B=" 0.00000000E+000" E=" 0.00000000E+000"/>
</reaction>
<reaction formula="C5H11J(10)+C5H9J(8)=2C5H10_iso">
<rate A=" 1.26600000E+015" B="-7.00000000E-001" E=" 0.00000000E+000"/>
</reaction>
<reaction formula="C5H11J(10)+CH3=C5H10_iso+CH4">
<rate A=" 1.31400000E+015" B="-6.80000000E-001" E=" 0.00000000E+000"/>
</reaction>
<reaction formula="C5H11J(10)+H=C5H10_iso+H2">
<rate A=" 2.16600000E+013" B=" 0.00000000E+000" E=" 0.00000000E+000"/>
</reaction>
<reaction formula="iC4H7+C5H9J(8)=iC4H8+C5H8(95)">
<rate A=" 6.87000000E+013" B="-3.50000000E-001" E="-1.30000000E+002"/>
</reaction>
<reaction formula="iC4H7+C5H11J(10)=iC4H8+C5H10_iso">
<rate A=" 1.37400000E+014" B="-3.50000000E-001" E="-1.30000000E+002"/>
</reaction>
<reaction formula="C5H11J(10)+C5H9J(9)=2C5H10_iso">
<rate A=" 1.38000000E+014" B="-3.50000000E-001" E=" 0.00000000E+000"/>
</reaction>
<reaction formula="C5H9J(9)+C5H10_iso=C5H10_iso+C5H9J(8)">
<rate A=" 3.03978820E+006" B=" 1.88583000E+000" E=" 9.44833333E+003"/>
</reaction>
<reaction formula="C5H8(95)+H=C5H9J(9)">
<rate A=" 2.85000000E+013" B=" 0.00000000E+000" E=" 4.30000000E+003"/>
</reaction>
<reaction formula="C5H9J(9)+C5H9J(8)=C5H8(95)+C5H10_iso">
<rate A=" 5.70058590E+012" B="-7.10000000E-002" E="-2.16667000E+000"/>
<auxiliary keyword="DUP">
</auxiliary>
</reaction>
<reaction formula="C5H9J(9)+C5H9J(8)=C5H8(95)+C5H10_iso">
<rate A=" 2.30000000E+013" B="-3.50000000E-001" E=" 0.00000000E+000"/>
<auxiliary keyword="DUP">
</auxiliary>
</reaction>
<reaction formula="2C5H9J(9)=C5H8(95)+C5H10_iso">
<rate A=" 1.14011720E+013" B="-7.10000000E-002" E="-2.16667000E+000"/>
</reaction>
<reaction formula="C5H9J(9)+CH3=C5H8(95)+CH4">
<rate A=" 1.14011720E+013" B="-7.10000000E-002" E="-2.16667000E+000"/>
</reaction>
<reaction formula="C5H9J(9)+H=C5H8(95)+H2">
<rate A=" 1.14011720E+013" B="-7.10000000E-002" E="-2.16667000E+000"/>
</reaction>
<reaction formula="C5H9J(9)+iC4H7=C5H8(95)+iC4H8">
<rate A=" 1.14011720E+013" B="-7.10000000E-002" E="-2.16667000E+000"/>
</reaction>
<reaction formula="sC3H5+C5H9J(9)=C8H14">
<rate A=" 1.41571540E+013" B="-1.50000000E-001" E=" 2.91666670E+002"/>
</reaction>
<reaction formula="C2H5+C5H9J(8)=C2H4+C5H10_iso">
<rate A=" 6.33000000E+014" B="-7.00000000E-001" E=" 0.00000000E+000"/>
</reaction>
<reaction formula="C2H5+C5H9J(9)=C2H4+C5H10_iso">
<rate A=" 6.90000000E+013" B="-3.50000000E-001" E=" 0.00000000E+000"/>
</reaction>
<reaction formula="C2H5+iC4H7=C2H4+iC4H8">
<rate A=" 6.87000000E+013" B="-3.50000000E-001" E="-1.30000000E+002"/>
</reaction>
<reaction formula="CH3+sC3H5=CH4+aC3H4">
<rate A=" 7.06523420E+013" B="-2.29720000E-001" E="-1.80556000E+000"/>
</reaction>
<reaction formula="iC4H7+sC3H5=iC4H8+aC3H4">
<rate A=" 7.06523420E+013" B="-2.29720000E-001" E="-1.80556000E+000"/>
</reaction>
<reaction formula="C5H9J(8)+sC3H5=C5H10_iso+aC3H4">
<rate A=" 7.06523420E+013" B="-2.29720000E-001" E="-1.80556000E+000"/>
</reaction>
<reaction formula="H+sC3H5=H2+aC3H4">
<rate A=" 7.06523420E+013" B="-2.29720000E-001" E="-1.80556000E+000"/>
</reaction>
<reaction formula="C5H9J(9)+sC3H5=C5H10_iso+aC3H4">
<rate A=" 7.06523420E+013" B="-2.29720000E-001" E="-1.80556000E+000"/>
</reaction>
<reaction formula="pC3H3+iC4H8=pC3H4+iC4H7">
<rate A=" 1.54800000E+013" B=" 0.00000000E+000" E=" 1.82000000E+004"/>
</reaction>
<reaction formula="pC3H3+C5H10_iso=pC3H4+C5H9J(8)">
<rate A=" 3.03978820E+006" B=" 1.88583000E+000" E=" 9.44833333E+003"/>
</reaction>
<reaction formula="pC3H4+C5H9J(9)=pC3H3+C5H10_iso">
<rate A=" 9.40745320E+006" B=" 1.75273000E+000" E=" 1.25321212E+004"/>
</reaction>
<reaction formula="pC3H3+H=pC3H4">
<rate A=" 5.00000000E+013" B=" 0.00000000E+000" E=" 0.00000000E+000"/>
</reaction>
<reaction formula="C5H11J(10)+pC3H3=C5H10_iso+pC3H4">
<rate A=" 6.90194730E+013" B="-2.33330000E-001" E="-4.33333300E+001"/>
</reaction>
<reaction formula="C5H9J(9)+pC3H3=C5H8(95)+pC3H4">
<rate A=" 1.14011720E+013" B="-7.10000000E-002" E="-2.16667000E+000"/>
</reaction>
<reaction formula="C5H9J(8)+pC3H3=C5H8(95)+pC3H4">
<rate A=" 3.45097360E+013" B="-2.33330000E-001" E="-4.33333300E+001"/>
</reaction>
<reaction formula="C2H5+pC3H3=C2H4+pC3H4">
<rate A=" 3.45097360E+013" B="-2.33330000E-001" E="-4.33333300E+001"/>
</reaction>
<reaction formula="aC3H4+iC4H7=pC3H3+iC4H8">
<rate A=" 2.14400000E+014" B=" 0.00000000E+000" E=" 3.07000000E+004"/>
</reaction>
<reaction formula="pC3H3+C5H10_iso=aC3H4+C5H9J(8)">
<rate A=" 1.02000000E+003" B=" 3.10000000E+000" E=" 8.82000000E+003"/>
</reaction>
<reaction formula="aC3H4+C5H9J(9)=pC3H3+C5H10_iso">
<rate A=" 3.12800000E+013" B=" 0.00000000E+000" E=" 1.97000000E+004"/>
</reaction>
<reaction formula="C5H11J(10)+pC3H3=C5H10_iso+aC3H4">
<rate A=" 9.12000000E+014" B="-7.00000000E-001" E=" 0.00000000E+000"/>
</reaction>
<reaction formula="C5H9J(9)+pC3H3=C5H8(95)+aC3H4">
<rate A=" 1.14011720E+013" B="-7.10000000E-002" E="-2.16667000E+000"/>
</reaction>
<reaction formula="C5H9J(8)+pC3H3=C5H8(95)+aC3H4">
<rate A=" 4.56000000E+014" B="-7.00000000E-001" E=" 0.00000000E+000"/>
</reaction>
<reaction formula="C2H5+pC3H3=C2H4+aC3H4">
<rate A=" 4.56000000E+014" B="-7.00000000E-001" E=" 0.00000000E+000"/>
</reaction>
<reaction formula="sC3H5+pC3H3=aC3H4+pC3H4">
<rate A=" 7.06523420E+013" B="-2.29720000E-001" E="-1.80556000E+000"/>
</reaction>
<reaction formula="sC3H5+pC3H3=2aC3H4">
<rate A=" 7.06523420E+013" B="-2.29720000E-001" E="-1.80556000E+000"/>
</reaction>
<reaction formula="aC3H4+pC3H3=pC3H3+pC3H4">
<rate A=" 1.02000000E+014" B=" 0.00000000E+000" E=" 2.68000000E+004"/>
</reaction>
<reaction formula="C5H10_iso+pC3H3=SPC(482)">
<rate A=" 7.29907140E+011" B=" 1.79750000E-001" E=" 2.98507963E+003"/>
</reaction>
<reaction formula="C5H10_iso+pC3H3=SPC(483)">
<rate A=" 7.29907140E+011" B=" 1.79750000E-001" E=" 2.98507963E+003"/>
</reaction>
<reaction formula="C2H4+pC3H3=C5H7J(504)">
<rate A=" 1.45981430E+012" B=" 1.79750000E-001" E=" 2.98507963E+003"/>
</reaction>
<reaction formula="C5H8(95)+pC3H3=SPC(493)">
<rate A=" 7.29907140E+011" B=" 1.79750000E-001" E=" 2.98507963E+003"/>
</reaction>
<reaction formula="C5H8(95)+pC3H3=SPC(494)">
<rate A=" 7.29907140E+011" B=" 1.79750000E-001" E=" 2.98507963E+003"/>
</reaction>
<reaction formula="C5H8(95)+pC3H3=SPC(495)">
<rate A=" 7.29907140E+011" B=" 1.79750000E-001" E=" 2.98507963E+003"/>
</reaction>
<reaction formula="C5H8(95)+pC3H3=SPC(496)">
<rate A=" 7.29907140E+011" B=" 1.79750000E-001" E=" 2.98507963E+003"/>
</reaction>
<reaction formula="iC4H8+pC3H3=SPC(498)">
<rate A=" 7.29907140E+011" B=" 1.79750000E-001" E=" 2.98507963E+003"/>
</reaction>
<reaction formula="iC4H8+pC3H3=SPC(499)">
<rate A=" 7.29907140E+011" B=" 1.79750000E-001" E=" 2.98507963E+003"/>
</reaction>
<reaction formula="aC3H4+pC3H3=C6H7J(511)">
<rate A=" 1.45981430E+012" B=" 1.79750000E-001" E=" 2.98507963E+003"/>
</reaction>
<reaction formula="aC3H4+pC3H3=C6H7J(512)">
<rate A=" 1.45981430E+012" B=" 1.79750000E-001" E=" 2.98507963E+003"/>
</reaction>
<reaction formula="pC3H4+pC3H3=C6H7J(505)">
<rate A=" 7.29907140E+011" B=" 1.79750000E-001" E=" 2.98507963E+003"/>
</reaction>
<reaction formula="C6H7J(505)=C6H7J(511)">
<rate A=" 1.53000000E+010" B=" 9.70000000E-001" E=" 3.77000000E+004"/>
</reaction>
<reaction formula="pC3H4+pC3H3=C6H7J(506)">
<rate A=" 7.29907140E+011" B=" 1.79750000E-001" E=" 2.98507963E+003"/>
</reaction>
<reaction formula="C*C*CC*C*C+H=C6H7J(512)">
<rate A=" 3.76665190E+013" B=" 0.00000000E+000" E=" 2.90000000E+003"/>
</reaction>
<reaction formula="CH3+C6H7J(512)=CH4+C*C*CC*C*C">
<rate A=" 1.14011720E+013" B="-7.10000000E-002" E="-2.16667000E+000"/>
</reaction>
<reaction formula="iC4H7+C6H7J(512)=iC4H8+C*C*CC*C*C">
<rate A=" 1.14011720E+013" B="-7.10000000E-002" E="-2.16667000E+000"/>
</reaction>
<reaction formula="C5H9J(8)+C6H7J(512)=C5H10_iso+C*C*CC*C*C">
<rate A=" 1.14011720E+013" B="-7.10000000E-002" E="-2.16667000E+000"/>
</reaction>
<reaction formula="H+C6H7J(512)=H2+C*C*CC*C*C">
<rate A=" 1.14011720E+013" B="-7.10000000E-002" E="-2.16667000E+000"/>
</reaction>
<reaction formula="C5H9J(9)+C6H7J(512)=C5H10_iso+C*C*CC*C*C">
<rate A=" 1.14011720E+013" B="-7.10000000E-002" E="-2.16667000E+000"/>
</reaction>
<reaction formula="pC3H3+C6H7J(512)=pC3H4+C*C*CC*C*C">
<rate A=" 1.14011720E+013" B="-7.10000000E-002" E="-2.16667000E+000"/>
</reaction>
<reaction formula="pC3H3+C6H7J(512)=aC3H4+C*C*CC*C*C">
<rate A=" 1.14011720E+013" B="-7.10000000E-002" E="-2.16667000E+000"/>
</reaction>
<reaction formula="C*C*CC*C*C+H=C6H7J(506)">
<rate A=" 1.33600000E+014" B=" 0.00000000E+000" E=" 2.90000000E+003"/>
</reaction>
<reaction formula="CH3+C6H7J(506)=CH4+C*C*CC*C*C">
<rate A=" 7.06523420E+013" B="-2.29720000E-001" E="-1.80556000E+000"/>
</reaction>
<reaction formula="iC4H7+C6H7J(506)=iC4H8+C*C*CC*C*C">
<rate A=" 7.06523420E+013" B="-2.29720000E-001" E="-1.80556000E+000"/>
</reaction>
<reaction formula="C5H9J(8)+C6H7J(506)=C5H10_iso+C*C*CC*C*C">
<rate A=" 7.06523420E+013" B="-2.29720000E-001" E="-1.80556000E+000"/>
</reaction>
<reaction formula="H+C6H7J(506)=H2+C*C*CC*C*C">
<rate A=" 7.06523420E+013" B="-2.29720000E-001" E="-1.80556000E+000"/>
</reaction>
<reaction formula="C5H9J(9)+C6H7J(506)=C5H10_iso+C*C*CC*C*C">
<rate A=" 7.06523420E+013" B="-2.29720000E-001" E="-1.80556000E+000"/>
</reaction>
<reaction formula="pC3H3+C6H7J(506)=pC3H4+C*C*CC*C*C">
<rate A=" 7.06523420E+013" B="-2.29720000E-001" E="-1.80556000E+000"/>
</reaction>
<reaction formula="pC3H3+C6H7J(506)=aC3H4+C*C*CC*C*C">
<rate A=" 7.06523420E+013" B="-2.29720000E-001" E="-1.80556000E+000"/>
</reaction>
<reaction formula="C8H14+iC4H7=C8H13J(41)+iC4H8">
<rate A=" 6.07957640E+006" B=" 1.88583000E+000" E=" 9.44833333E+003"/>
</reaction>
<reaction formula="C5H8(95)+sC3H5=C8H13J(41)">
<rate A=" 7.24000000E+012" B=" 0.00000000E+000" E=" 4.50000000E+003"/>
</reaction>
<reaction formula="C8H13J(41)+H=C8H14">
<rate A=" 5.00000000E+013" B=" 0.00000000E+000" E=" 0.00000000E+000"/>
</reaction>
<reaction formula="C8H15J(44)+C8H13J(41)=2C8H14">
<rate A=" 1.26600000E+015" B="-7.00000000E-001" E=" 0.00000000E+000"/>
</reaction>
<reaction formula="iC4H8+iC4H7=C8H15J(44)">
<rate A=" 5.03810480E+011" B=" 0.00000000E+000" E=" 1.56450000E+004"/>
</reaction>
<reaction formula="C8H15J(44)+iC4H7=C8H14+iC4H8">
<rate A=" 1.37400000E+014" B="-3.50000000E-001" E="-1.30000000E+002"/>
</reaction>
<reaction formula="C8H14+H=C8H15J(44)">
<rate A=" 9.88000000E+013" B=" 0.00000000E+000" E=" 1.50000000E+003"/>
</reaction>
<reaction formula="C8H14+H=C8H13J(41)+H2">
<rate A=" 2.79600000E+006" B=" 2.36000000E+000" E=" 1.11000000E+003"/>
</reaction>
<reaction formula="H+C8H15J(44)=H2+C8H14">
<rate A=" 2.16600000E+013" B=" 0.00000000E+000" E=" 0.00000000E+000"/>
</reaction>
<reaction formula="C8H13J(41)+sC3H5=C8H14+aC3H4">
<rate A=" 7.06523420E+013" B="-2.29720000E-001" E="-1.80556000E+000"/>
</reaction>
<reaction formula="C8H14+CH3=C8H13J(41)+CH4">
<rate A=" 1.09200000E+014" B=" 0.00000000E+000" E=" 1.04000000E+004"/>
</reaction>
<reaction formula="CH3+C8H15J(44)=CH4+C8H14">
<rate A=" 1.31400000E+015" B="-6.80000000E-001" E=" 0.00000000E+000"/>
</reaction>
<reaction formula="pC3H3+C8H14=pC3H4+C8H13J(41)">
<rate A=" 6.07957640E+006" B=" 1.88583000E+000" E=" 9.44833333E+003"/>
</reaction>
<reaction formula="C8H15J(44)+pC3H3=C8H14+pC3H4">
<rate A=" 6.90194730E+013" B="-2.33330000E-001" E="-4.33333300E+001"/>
</reaction>
<reaction formula="pC3H3+C8H14=aC3H4+C8H13J(41)">
<rate A=" 2.04000000E+003" B=" 3.10000000E+000" E=" 8.82000000E+003"/>
</reaction>
<reaction formula="C8H15J(44)+pC3H3=C8H14+aC3H4">
<rate A=" 9.12000000E+014" B="-7.00000000E-001" E=" 0.00000000E+000"/>
</reaction>
<reaction formula="C8H14+pC3H3=SPC(425)">
<rate A=" 1.45981430E+012" B=" 1.79750000E-001" E=" 2.98507963E+003"/>
</reaction>
<reaction formula="C8H14+pC3H3=SPC(426)">
<rate A=" 1.45981430E+012" B=" 1.79750000E-001" E=" 2.98507963E+003"/>
</reaction>
<reaction formula="C8H13J(41)+C6H7J(512)=C8H14+C*C*CC*C*C">
<rate A=" 1.14011720E+013" B="-7.10000000E-002" E="-2.16667000E+000"/>
</reaction>
<reaction formula="pC3H3+iC4H7=C7H10(454)">
<rate A=" 1.15000000E+013" B=" 0.00000000E+000" E=" 0.00000000E+000"/>
</reaction>
<reaction formula="C6H7J(506)+C8H13J(41)=C*C*CC*C*C+C8H14">
<rate A=" 7.06523420E+013" B="-2.29720000E-001" E="-1.80556000E+000"/>
</reaction>
</reactions>
</gasphase>
</chemistryset>
